Trian Data: 532   Validation Data: 177  Test Data: 178
[1, 1, 1, 1]
[1, 1, 1, 1]
[1, 1, 1, 1]
[1, 1, 1, 1]
model SENet(
  (conv1): Conv2d(61, 64, kernel_size=(3, 3), stride=(1, 1), padding=(1, 1), bias=False)
  (bn1): BatchNorm2d(64, eps=1e-05, momentum=0.1, affine=True, track_running_stats=True)
  (layer1): Sequential(
    (0): BasicBlock(
      (conv1): Conv2d(64, 64, kernel_size=(3, 3), stride=(1, 1), padding=(1, 1), bias=False)
      (bn1): BatchNorm2d(64, eps=1e-05, momentum=0.1, affine=True, track_running_stats=True)
      (conv2): Conv2d(64, 64, kernel_size=(3, 3), stride=(1, 1), padding=(1, 1), bias=False)
      (bn2): BatchNorm2d(64, eps=1e-05, momentum=0.1, affine=True, track_running_stats=True)
      (shortcut): Sequential()
      (fc1): Conv2d(64, 4, kernel_size=(1, 1), stride=(1, 1))
      (fc2): Conv2d(4, 64, kernel_size=(1, 1), stride=(1, 1))
    )
    (1): BasicBlock(
      (conv1): Conv2d(64, 64, kernel_size=(3, 3), stride=(1, 1), padding=(1, 1), bias=False)
      (bn1): BatchNorm2d(64, eps=1e-05, momentum=0.1, affine=True, track_running_stats=True)
      (conv2): Conv2d(64, 64, kernel_size=(3, 3), stride=(1, 1), padding=(1, 1), bias=False)
      (bn2): BatchNorm2d(64, eps=1e-05, momentum=0.1, affine=True, track_running_stats=True)
      (shortcut): Sequential()
      (fc1): Conv2d(64, 4, kernel_size=(1, 1), stride=(1, 1))
      (fc2): Conv2d(4, 64, kernel_size=(1, 1), stride=(1, 1))
    )
    (2): BasicBlock(
      (conv1): Conv2d(64, 64, kernel_size=(3, 3), stride=(1, 1), padding=(1, 1), bias=False)
      (bn1): BatchNorm2d(64, eps=1e-05, momentum=0.1, affine=True, track_running_stats=True)
      (conv2): Conv2d(64, 64, kernel_size=(3, 3), stride=(1, 1), padding=(1, 1), bias=False)
      (bn2): BatchNorm2d(64, eps=1e-05, momentum=0.1, affine=True, track_running_stats=True)
      (shortcut): Sequential()
      (fc1): Conv2d(64, 4, kernel_size=(1, 1), stride=(1, 1))
      (fc2): Conv2d(4, 64, kernel_size=(1, 1), stride=(1, 1))
    )
    (3): BasicBlock(
      (conv1): Conv2d(64, 64, kernel_size=(3, 3), stride=(1, 1), padding=(1, 1), bias=False)
      (bn1): BatchNorm2d(64, eps=1e-05, momentum=0.1, affine=True, track_running_stats=True)
      (conv2): Conv2d(64, 64, kernel_size=(3, 3), stride=(1, 1), padding=(1, 1), bias=False)
      (bn2): BatchNorm2d(64, eps=1e-05, momentum=0.1, affine=True, track_running_stats=True)
      (shortcut): Sequential()
      (fc1): Conv2d(64, 4, kernel_size=(1, 1), stride=(1, 1))
      (fc2): Conv2d(4, 64, kernel_size=(1, 1), stride=(1, 1))
    )
  )
  (layer2): Sequential(
    (0): BasicBlock(
      (conv1): Conv2d(64, 64, kernel_size=(3, 3), stride=(1, 1), padding=(1, 1), bias=False)
      (bn1): BatchNorm2d(64, eps=1e-05, momentum=0.1, affine=True, track_running_stats=True)
      (conv2): Conv2d(64, 64, kernel_size=(3, 3), stride=(1, 1), padding=(1, 1), bias=False)
      (bn2): BatchNorm2d(64, eps=1e-05, momentum=0.1, affine=True, track_running_stats=True)
      (shortcut): Sequential()
      (fc1): Conv2d(64, 4, kernel_size=(1, 1), stride=(1, 1))
      (fc2): Conv2d(4, 64, kernel_size=(1, 1), stride=(1, 1))
    )
    (1): BasicBlock(
      (conv1): Conv2d(64, 64, kernel_size=(3, 3), stride=(1, 1), padding=(1, 1), bias=False)
      (bn1): BatchNorm2d(64, eps=1e-05, momentum=0.1, affine=True, track_running_stats=True)
      (conv2): Conv2d(64, 64, kernel_size=(3, 3), stride=(1, 1), padding=(1, 1), bias=False)
      (bn2): BatchNorm2d(64, eps=1e-05, momentum=0.1, affine=True, track_running_stats=True)
      (shortcut): Sequential()
      (fc1): Conv2d(64, 4, kernel_size=(1, 1), stride=(1, 1))
      (fc2): Conv2d(4, 64, kernel_size=(1, 1), stride=(1, 1))
    )
    (2): BasicBlock(
      (conv1): Conv2d(64, 64, kernel_size=(3, 3), stride=(1, 1), padding=(1, 1), bias=False)
      (bn1): BatchNorm2d(64, eps=1e-05, momentum=0.1, affine=True, track_running_stats=True)
      (conv2): Conv2d(64, 64, kernel_size=(3, 3), stride=(1, 1), padding=(1, 1), bias=False)
      (bn2): BatchNorm2d(64, eps=1e-05, momentum=0.1, affine=True, track_running_stats=True)
      (shortcut): Sequential()
      (fc1): Conv2d(64, 4, kernel_size=(1, 1), stride=(1, 1))
      (fc2): Conv2d(4, 64, kernel_size=(1, 1), stride=(1, 1))
    )
    (3): BasicBlock(
      (conv1): Conv2d(64, 64, kernel_size=(3, 3), stride=(1, 1), padding=(1, 1), bias=False)
      (bn1): BatchNorm2d(64, eps=1e-05, momentum=0.1, affine=True, track_running_stats=True)
      (conv2): Conv2d(64, 64, kernel_size=(3, 3), stride=(1, 1), padding=(1, 1), bias=False)
      (bn2): BatchNorm2d(64, eps=1e-05, momentum=0.1, affine=True, track_running_stats=True)
      (shortcut): Sequential()
      (fc1): Conv2d(64, 4, kernel_size=(1, 1), stride=(1, 1))
      (fc2): Conv2d(4, 64, kernel_size=(1, 1), stride=(1, 1))
    )
  )
  (layer3): Sequential(
    (0): BasicBlock(
      (conv1): Conv2d(64, 64, kernel_size=(3, 3), stride=(1, 1), padding=(1, 1), bias=False)
      (bn1): BatchNorm2d(64, eps=1e-05, momentum=0.1, affine=True, track_running_stats=True)
      (conv2): Conv2d(64, 64, kernel_size=(3, 3), stride=(1, 1), padding=(1, 1), bias=False)
      (bn2): BatchNorm2d(64, eps=1e-05, momentum=0.1, affine=True, track_running_stats=True)
      (shortcut): Sequential()
      (fc1): Conv2d(64, 4, kernel_size=(1, 1), stride=(1, 1))
      (fc2): Conv2d(4, 64, kernel_size=(1, 1), stride=(1, 1))
    )
    (1): BasicBlock(
      (conv1): Conv2d(64, 64, kernel_size=(3, 3), stride=(1, 1), padding=(1, 1), bias=False)
      (bn1): BatchNorm2d(64, eps=1e-05, momentum=0.1, affine=True, track_running_stats=True)
      (conv2): Conv2d(64, 64, kernel_size=(3, 3), stride=(1, 1), padding=(1, 1), bias=False)
      (bn2): BatchNorm2d(64, eps=1e-05, momentum=0.1, affine=True, track_running_stats=True)
      (shortcut): Sequential()
      (fc1): Conv2d(64, 4, kernel_size=(1, 1), stride=(1, 1))
      (fc2): Conv2d(4, 64, kernel_size=(1, 1), stride=(1, 1))
    )
    (2): BasicBlock(
      (conv1): Conv2d(64, 64, kernel_size=(3, 3), stride=(1, 1), padding=(1, 1), bias=False)
      (bn1): BatchNorm2d(64, eps=1e-05, momentum=0.1, affine=True, track_running_stats=True)
      (conv2): Conv2d(64, 64, kernel_size=(3, 3), stride=(1, 1), padding=(1, 1), bias=False)
      (bn2): BatchNorm2d(64, eps=1e-05, momentum=0.1, affine=True, track_running_stats=True)
      (shortcut): Sequential()
      (fc1): Conv2d(64, 4, kernel_size=(1, 1), stride=(1, 1))
      (fc2): Conv2d(4, 64, kernel_size=(1, 1), stride=(1, 1))
    )
    (3): BasicBlock(
      (conv1): Conv2d(64, 64, kernel_size=(3, 3), stride=(1, 1), padding=(1, 1), bias=False)
      (bn1): BatchNorm2d(64, eps=1e-05, momentum=0.1, affine=True, track_running_stats=True)
      (conv2): Conv2d(64, 64, kernel_size=(3, 3), stride=(1, 1), padding=(1, 1), bias=False)
      (bn2): BatchNorm2d(64, eps=1e-05, momentum=0.1, affine=True, track_running_stats=True)
      (shortcut): Sequential()
      (fc1): Conv2d(64, 4, kernel_size=(1, 1), stride=(1, 1))
      (fc2): Conv2d(4, 64, kernel_size=(1, 1), stride=(1, 1))
    )
  )
  (layer4): Sequential(
    (0): BasicBlock(
      (conv1): Conv2d(64, 64, kernel_size=(3, 3), stride=(1, 1), padding=(1, 1), bias=False)
      (bn1): BatchNorm2d(64, eps=1e-05, momentum=0.1, affine=True, track_running_stats=True)
      (conv2): Conv2d(64, 64, kernel_size=(3, 3), stride=(1, 1), padding=(1, 1), bias=False)
      (bn2): BatchNorm2d(64, eps=1e-05, momentum=0.1, affine=True, track_running_stats=True)
      (shortcut): Sequential()
      (fc1): Conv2d(64, 4, kernel_size=(1, 1), stride=(1, 1))
      (fc2): Conv2d(4, 64, kernel_size=(1, 1), stride=(1, 1))
    )
    (1): BasicBlock(
      (conv1): Conv2d(64, 64, kernel_size=(3, 3), stride=(1, 1), padding=(1, 1), bias=False)
      (bn1): BatchNorm2d(64, eps=1e-05, momentum=0.1, affine=True, track_running_stats=True)
      (conv2): Conv2d(64, 64, kernel_size=(3, 3), stride=(1, 1), padding=(1, 1), bias=False)
      (bn2): BatchNorm2d(64, eps=1e-05, momentum=0.1, affine=True, track_running_stats=True)
      (shortcut): Sequential()
      (fc1): Conv2d(64, 4, kernel_size=(1, 1), stride=(1, 1))
      (fc2): Conv2d(4, 64, kernel_size=(1, 1), stride=(1, 1))
    )
    (2): BasicBlock(
      (conv1): Conv2d(64, 64, kernel_size=(3, 3), stride=(1, 1), padding=(1, 1), bias=False)
      (bn1): BatchNorm2d(64, eps=1e-05, momentum=0.1, affine=True, track_running_stats=True)
      (conv2): Conv2d(64, 64, kernel_size=(3, 3), stride=(1, 1), padding=(1, 1), bias=False)
      (bn2): BatchNorm2d(64, eps=1e-05, momentum=0.1, affine=True, track_running_stats=True)
      (shortcut): Sequential()
      (fc1): Conv2d(64, 4, kernel_size=(1, 1), stride=(1, 1))
      (fc2): Conv2d(4, 64, kernel_size=(1, 1), stride=(1, 1))
    )
    (3): BasicBlock(
      (conv1): Conv2d(64, 64, kernel_size=(3, 3), stride=(1, 1), padding=(1, 1), bias=False)
      (bn1): BatchNorm2d(64, eps=1e-05, momentum=0.1, affine=True, track_running_stats=True)
      (conv2): Conv2d(64, 64, kernel_size=(3, 3), stride=(1, 1), padding=(1, 1), bias=False)
      (bn2): BatchNorm2d(64, eps=1e-05, momentum=0.1, affine=True, track_running_stats=True)
      (shortcut): Sequential()
      (fc1): Conv2d(64, 4, kernel_size=(1, 1), stride=(1, 1))
      (fc2): Conv2d(4, 64, kernel_size=(1, 1), stride=(1, 1))
    )
  )
  (cnn): CNNnet(
    (conv1): Sequential(
      (0): Conv2d(64, 32, kernel_size=(3, 3), stride=(1, 1), padding=(1, 1))
      (1): BatchNorm2d(32, eps=1e-05, momentum=0.1, affine=True, track_running_stats=True)
      (2): ReLU()
    )
    (conv2): Sequential(
      (0): Conv2d(32, 16, kernel_size=(3, 3), stride=(1, 1), padding=(1, 1))
      (1): BatchNorm2d(16, eps=1e-05, momentum=0.1, affine=True, track_running_stats=True)
      (2): ReLU()
    )
    (conv3): Sequential(
      (0): Conv2d(16, 1, kernel_size=(3, 3), stride=(1, 1), padding=(1, 1))
      (1): BatchNorm2d(1, eps=1e-05, momentum=0.1, affine=True, track_running_stats=True)
      (2): ReLU()
    )
  )
)
Epoch  0, trian_loss: 0.0070, trian_mae: 0.0893, trian_mse:0.0142, trian_r2: -62.0466, trian_cc: 0.1434
Epoch  0, val_loss: 0.0062, val_mae: 0.0899, val_mse: 0.0124, val_r2: -34.6176, val_cc: 0.1568
Epoch  1, trian_loss: 0.0060, trian_mae: 0.0880, trian_mse:0.0120, trian_r2: -173.1360, trian_cc: 0.1177
Epoch  1, val_loss: 0.0060, val_mae: 0.0866, val_mse: 0.0119, val_r2: -115.3480, val_cc: 0.1537
Epoch  2, trian_loss: 0.0059, trian_mae: 0.0875, trian_mse:0.0119, trian_r2: -119.4578, trian_cc: 0.1541
Epoch  2, val_loss: 0.0059, val_mae: 0.0867, val_mse: 0.0118, val_r2: -163.0195, val_cc: 0.1771
Epoch  3, trian_loss: 0.0059, trian_mae: 0.0874, trian_mse:0.0118, trian_r2: -141.7315, trian_cc: 0.1793
Epoch  3, val_loss: 0.0059, val_mae: 0.0867, val_mse: 0.0118, val_r2: -148.1820, val_cc: 0.1875
Epoch  4, trian_loss: 0.0059, trian_mae: 0.0873, trian_mse:0.0118, trian_r2: -133.8159, trian_cc: 0.1812
Epoch  4, val_loss: 0.0059, val_mae: 0.0866, val_mse: 0.0118, val_r2: -137.3958, val_cc: 0.1838
Epoch  5, trian_loss: 0.0059, trian_mae: 0.0873, trian_mse:0.0118, trian_r2: -130.4956, trian_cc: 0.1774
Epoch  5, val_loss: 0.0059, val_mae: 0.0864, val_mse: 0.0118, val_r2: -135.6337, val_cc: 0.1878
Epoch  6, trian_loss: 0.0059, trian_mae: 0.0870, trian_mse:0.0118, trian_r2: -95.5519, trian_cc: 0.1901
Epoch  6, val_loss: 0.0059, val_mae: 0.0864, val_mse: 0.0117, val_r2: -102.1426, val_cc: 0.2029
Epoch  7, trian_loss: 0.0059, trian_mae: 0.0869, trian_mse:0.0118, trian_r2: -98.1125, trian_cc: 0.1961
Epoch  7, val_loss: 0.0059, val_mae: 0.0861, val_mse: 0.0117, val_r2: -86.3536, val_cc: 0.2054
Epoch  8, trian_loss: 0.0059, trian_mae: 0.0866, trian_mse:0.0117, trian_r2: -68.9093, trian_cc: 0.2048
Epoch  8, val_loss: 0.0059, val_mae: 0.0860, val_mse: 0.0117, val_r2: -83.4559, val_cc: 0.2100
Epoch  9, trian_loss: 0.0058, trian_mae: 0.0864, trian_mse:0.0117, trian_r2: -63.8117, trian_cc: 0.2087
Epoch  9, val_loss: 0.0058, val_mae: 0.0854, val_mse: 0.0116, val_r2: -56.8853, val_cc: 0.2187
Epoch 10, trian_loss: 0.0059, trian_mae: 0.0866, trian_mse:0.0118, trian_r2: -71.2050, trian_cc: 0.1988
Epoch 10, val_loss: 0.0058, val_mae: 0.0855, val_mse: 0.0116, val_r2: -54.1356, val_cc: 0.2183
Epoch 11, trian_loss: 0.0058, trian_mae: 0.0862, trian_mse:0.0116, trian_r2: -53.3514, trian_cc: 0.2146
Epoch 11, val_loss: 0.0058, val_mae: 0.0854, val_mse: 0.0116, val_r2: -44.2400, val_cc: 0.2232
Epoch 12, trian_loss: 0.0058, trian_mae: 0.0861, trian_mse:0.0116, trian_r2: -57.2405, trian_cc: 0.2172
Epoch 12, val_loss: 0.0058, val_mae: 0.0854, val_mse: 0.0115, val_r2: -53.1844, val_cc: 0.2224
Epoch 13, trian_loss: 0.0058, trian_mae: 0.0859, trian_mse:0.0116, trian_r2: -52.4213, trian_cc: 0.2223
Epoch 13, val_loss: 0.0057, val_mae: 0.0852, val_mse: 0.0115, val_r2: -70.5421, val_cc: 0.2333
Epoch 14, trian_loss: 0.0058, trian_mae: 0.0856, trian_mse:0.0116, trian_r2: -53.5912, trian_cc: 0.2255
Epoch 14, val_loss: 0.0057, val_mae: 0.0851, val_mse: 0.0115, val_r2: -43.8286, val_cc: 0.2335
Epoch 15, trian_loss: 0.0058, trian_mae: 0.0853, trian_mse:0.0115, trian_r2: -49.0178, trian_cc: 0.2326
Epoch 15, val_loss: 0.0057, val_mae: 0.0851, val_mse: 0.0115, val_r2: -43.4152, val_cc: 0.2305
Epoch 16, trian_loss: 0.0057, trian_mae: 0.0852, trian_mse:0.0115, trian_r2: -48.0460, trian_cc: 0.2360
Epoch 16, val_loss: 0.0057, val_mae: 0.0845, val_mse: 0.0115, val_r2: -45.6887, val_cc: 0.2386
Epoch 17, trian_loss: 0.0057, trian_mae: 0.0851, trian_mse:0.0115, trian_r2: -45.5793, trian_cc: 0.2376
Epoch 17, val_loss: 0.0057, val_mae: 0.0845, val_mse: 0.0115, val_r2: -39.0071, val_cc: 0.2402
Epoch 18, trian_loss: 0.0057, trian_mae: 0.0851, trian_mse:0.0114, trian_r2: -44.5672, trian_cc: 0.2391
Epoch 18, val_loss: 0.0057, val_mae: 0.0842, val_mse: 0.0115, val_r2: -40.8644, val_cc: 0.2376
Epoch 19, trian_loss: 0.0057, trian_mae: 0.0849, trian_mse:0.0114, trian_r2: -44.7263, trian_cc: 0.2394
Epoch 19, val_loss: 0.0057, val_mae: 0.0844, val_mse: 0.0114, val_r2: -40.4530, val_cc: 0.2434
Epoch 20, trian_loss: 0.0057, trian_mae: 0.0848, trian_mse:0.0114, trian_r2: -40.5541, trian_cc: 0.2442
Epoch 20, val_loss: 0.0057, val_mae: 0.0842, val_mse: 0.0115, val_r2: -38.8310, val_cc: 0.2440
Epoch 21, trian_loss: 0.0057, trian_mae: 0.0848, trian_mse:0.0114, trian_r2: -40.7911, trian_cc: 0.2458
Epoch 21, val_loss: 0.0057, val_mae: 0.0844, val_mse: 0.0114, val_r2: -38.8598, val_cc: 0.2441
Epoch 22, trian_loss: 0.0057, trian_mae: 0.0848, trian_mse:0.0114, trian_r2: -40.0380, trian_cc: 0.2455
Epoch 22, val_loss: 0.0057, val_mae: 0.0843, val_mse: 0.0115, val_r2: -45.7984, val_cc: 0.2421
Epoch 23, trian_loss: 0.0057, trian_mae: 0.0846, trian_mse:0.0114, trian_r2: -40.6914, trian_cc: 0.2465
Epoch 23, val_loss: 0.0057, val_mae: 0.0841, val_mse: 0.0114, val_r2: -34.6541, val_cc: 0.2499
Epoch 24, trian_loss: 0.0057, trian_mae: 0.0847, trian_mse:0.0113, trian_r2: -38.7094, trian_cc: 0.2483
Epoch 24, val_loss: 0.0057, val_mae: 0.0840, val_mse: 0.0114, val_r2: -37.0759, val_cc: 0.2502
Epoch 25, trian_loss: 0.0057, trian_mae: 0.0845, trian_mse:0.0113, trian_r2: -35.1791, trian_cc: 0.2493
Epoch 25, val_loss: 0.0057, val_mae: 0.0840, val_mse: 0.0115, val_r2: -34.6803, val_cc: 0.2476
Epoch 26, trian_loss: 0.0057, trian_mae: 0.0847, trian_mse:0.0114, trian_r2: -38.4555, trian_cc: 0.2469
Epoch 26, val_loss: 0.0057, val_mae: 0.0840, val_mse: 0.0114, val_r2: -33.2423, val_cc: 0.2486
Epoch 27, trian_loss: 0.0057, trian_mae: 0.0847, trian_mse:0.0113, trian_r2: -38.3480, trian_cc: 0.2495
Epoch 27, val_loss: 0.0057, val_mae: 0.0847, val_mse: 0.0113, val_r2: -45.1608, val_cc: 0.2446
Epoch 28, trian_loss: 0.0057, trian_mae: 0.0846, trian_mse:0.0114, trian_r2: -42.5308, trian_cc: 0.2485
Epoch 28, val_loss: 0.0057, val_mae: 0.0839, val_mse: 0.0114, val_r2: -34.5944, val_cc: 0.2517
Epoch 29, trian_loss: 0.0057, trian_mae: 0.0846, trian_mse:0.0113, trian_r2: -37.8313, trian_cc: 0.2512
Epoch 29, val_loss: 0.0057, val_mae: 0.0839, val_mse: 0.0114, val_r2: -30.8464, val_cc: 0.2524
Epoch 30, trian_loss: 0.0057, trian_mae: 0.0844, trian_mse:0.0113, trian_r2: -34.7511, trian_cc: 0.2516
Epoch 30, val_loss: 0.0057, val_mae: 0.0841, val_mse: 0.0114, val_r2: -35.5060, val_cc: 0.2496
Epoch 31, trian_loss: 0.0057, trian_mae: 0.0845, trian_mse:0.0113, trian_r2: -34.0077, trian_cc: 0.2510
Epoch 31, val_loss: 0.0057, val_mae: 0.0839, val_mse: 0.0114, val_r2: -29.9618, val_cc: 0.2541
Epoch 32, trian_loss: 0.0056, trian_mae: 0.0844, trian_mse:0.0113, trian_r2: -34.7400, trian_cc: 0.2537
Epoch 32, val_loss: 0.0057, val_mae: 0.0838, val_mse: 0.0114, val_r2: -30.2496, val_cc: 0.2532
Epoch 33, trian_loss: 0.0056, trian_mae: 0.0845, trian_mse:0.0113, trian_r2: -34.9672, trian_cc: 0.2529
Epoch 33, val_loss: 0.0057, val_mae: 0.0838, val_mse: 0.0114, val_r2: -28.4417, val_cc: 0.2530
Epoch 34, trian_loss: 0.0057, trian_mae: 0.0845, trian_mse:0.0113, trian_r2: -39.8311, trian_cc: 0.2521
Epoch 34, val_loss: 0.0057, val_mae: 0.0839, val_mse: 0.0114, val_r2: -41.6396, val_cc: 0.2516
Epoch 35, trian_loss: 0.0057, trian_mae: 0.0847, trian_mse:0.0114, trian_r2: -39.7960, trian_cc: 0.2484
Epoch 35, val_loss: 0.0057, val_mae: 0.0839, val_mse: 0.0114, val_r2: -34.5044, val_cc: 0.2561
Epoch 36, trian_loss: 0.0057, trian_mae: 0.0845, trian_mse:0.0113, trian_r2: -39.5868, trian_cc: 0.2541
Epoch 36, val_loss: 0.0056, val_mae: 0.0844, val_mse: 0.0113, val_r2: -37.1799, val_cc: 0.2545
Epoch 37, trian_loss: 0.0056, trian_mae: 0.0841, trian_mse:0.0112, trian_r2: -32.4570, trian_cc: 0.2568
Epoch 37, val_loss: 0.0056, val_mae: 0.0840, val_mse: 0.0113, val_r2: -31.4624, val_cc: 0.2567
Epoch 38, trian_loss: 0.0056, trian_mae: 0.0841, trian_mse:0.0112, trian_r2: -31.9285, trian_cc: 0.2591
Epoch 38, val_loss: 0.0057, val_mae: 0.0837, val_mse: 0.0114, val_r2: -27.6902, val_cc: 0.2575
Epoch 39, trian_loss: 0.0056, trian_mae: 0.0841, trian_mse:0.0112, trian_r2: -32.2802, trian_cc: 0.2594
Epoch 39, val_loss: 0.0057, val_mae: 0.0836, val_mse: 0.0113, val_r2: -27.6726, val_cc: 0.2596
Epoch 40, trian_loss: 0.0056, trian_mae: 0.0839, trian_mse:0.0112, trian_r2: -31.7662, trian_cc: 0.2624
Epoch 40, val_loss: 0.0057, val_mae: 0.0834, val_mse: 0.0113, val_r2: -26.0384, val_cc: 0.2621
Epoch 41, trian_loss: 0.0056, trian_mae: 0.0841, trian_mse:0.0112, trian_r2: -34.7788, trian_cc: 0.2607
Epoch 41, val_loss: 0.0056, val_mae: 0.0836, val_mse: 0.0113, val_r2: -29.1333, val_cc: 0.2631
Epoch 42, trian_loss: 0.0056, trian_mae: 0.0840, trian_mse:0.0112, trian_r2: -33.6517, trian_cc: 0.2601
Epoch 42, val_loss: 0.0056, val_mae: 0.0839, val_mse: 0.0113, val_r2: -28.3056, val_cc: 0.2602
Epoch 43, trian_loss: 0.0056, trian_mae: 0.0839, trian_mse:0.0112, trian_r2: -31.0129, trian_cc: 0.2656
Epoch 43, val_loss: 0.0056, val_mae: 0.0837, val_mse: 0.0112, val_r2: -31.8332, val_cc: 0.2653
Epoch 44, trian_loss: 0.0056, trian_mae: 0.0837, trian_mse:0.0112, trian_r2: -31.1457, trian_cc: 0.2711
Epoch 44, val_loss: 0.0056, val_mae: 0.0834, val_mse: 0.0112, val_r2: -28.2450, val_cc: 0.2707
Epoch 45, trian_loss: 0.0056, trian_mae: 0.0835, trian_mse:0.0112, trian_r2: -31.7864, trian_cc: 0.2759
Epoch 45, val_loss: 0.0056, val_mae: 0.0837, val_mse: 0.0113, val_r2: -33.7809, val_cc: 0.2716
Epoch 46, trian_loss: 0.0055, trian_mae: 0.0832, trian_mse:0.0111, trian_r2: -23.8963, trian_cc: 0.2903
Epoch 46, val_loss: 0.0055, val_mae: 0.0834, val_mse: 0.0111, val_r2: -30.1624, val_cc: 0.2928
Epoch 47, trian_loss: 0.0055, trian_mae: 0.0828, trian_mse:0.0110, trian_r2: -21.2159, trian_cc: 0.3035
Epoch 47, val_loss: 0.0054, val_mae: 0.0822, val_mse: 0.0109, val_r2: -13.9827, val_cc: 0.3239
Epoch 48, trian_loss: 0.0055, trian_mae: 0.0827, trian_mse:0.0110, trian_r2: -18.8838, trian_cc: 0.3121
Epoch 48, val_loss: 0.0054, val_mae: 0.0822, val_mse: 0.0108, val_r2: -13.9678, val_cc: 0.3270
Epoch 49, trian_loss: 0.0054, trian_mae: 0.0822, trian_mse:0.0109, trian_r2: -15.0303, trian_cc: 0.3224
Epoch 49, val_loss: 0.0054, val_mae: 0.0820, val_mse: 0.0108, val_r2: -10.8211, val_cc: 0.3308
Epoch 50, trian_loss: 0.0054, trian_mae: 0.0823, trian_mse:0.0109, trian_r2: -15.1472, trian_cc: 0.3227
Epoch 50, val_loss: 0.0054, val_mae: 0.0819, val_mse: 0.0108, val_r2: -12.3081, val_cc: 0.3326
Epoch 51, trian_loss: 0.0054, trian_mae: 0.0821, trian_mse:0.0108, trian_r2: -13.2448, trian_cc: 0.3296
Epoch 51, val_loss: 0.0054, val_mae: 0.0822, val_mse: 0.0108, val_r2: -13.1828, val_cc: 0.3345
Epoch 52, trian_loss: 0.0054, trian_mae: 0.0821, trian_mse:0.0108, trian_r2: -12.7417, trian_cc: 0.3346
Epoch 52, val_loss: 0.0054, val_mae: 0.0822, val_mse: 0.0108, val_r2: -17.4155, val_cc: 0.3369
Epoch 53, trian_loss: 0.0054, trian_mae: 0.0819, trian_mse:0.0107, trian_r2: -12.2059, trian_cc: 0.3366
Epoch 53, val_loss: 0.0054, val_mae: 0.0819, val_mse: 0.0108, val_r2: -14.4809, val_cc: 0.3345
Epoch 54, trian_loss: 0.0054, trian_mae: 0.0819, trian_mse:0.0107, trian_r2: -12.0654, trian_cc: 0.3380
Epoch 54, val_loss: 0.0054, val_mae: 0.0820, val_mse: 0.0107, val_r2: -15.1322, val_cc: 0.3401
Epoch 55, trian_loss: 0.0053, trian_mae: 0.0817, trian_mse:0.0107, trian_r2: -11.2707, trian_cc: 0.3413
Epoch 55, val_loss: 0.0054, val_mae: 0.0819, val_mse: 0.0107, val_r2: -14.0471, val_cc: 0.3378
Epoch 56, trian_loss: 0.0053, trian_mae: 0.0817, trian_mse:0.0107, trian_r2: -10.8288, trian_cc: 0.3419
Epoch 56, val_loss: 0.0053, val_mae: 0.0814, val_mse: 0.0106, val_r2: -10.9115, val_cc: 0.3508
Epoch 57, trian_loss: 0.0053, trian_mae: 0.0815, trian_mse:0.0106, trian_r2: -10.4660, trian_cc: 0.3465
Epoch 57, val_loss: 0.0053, val_mae: 0.0823, val_mse: 0.0106, val_r2: -15.7196, val_cc: 0.3426
Epoch 58, trian_loss: 0.0053, trian_mae: 0.0814, trian_mse:0.0106, trian_r2: -10.4205, trian_cc: 0.3474
Epoch 58, val_loss: 0.0053, val_mae: 0.0813, val_mse: 0.0107, val_r2: -12.2778, val_cc: 0.3511
Epoch 59, trian_loss: 0.0053, trian_mae: 0.0814, trian_mse:0.0106, trian_r2: -10.2274, trian_cc: 0.3506
Epoch 59, val_loss: 0.0053, val_mae: 0.0814, val_mse: 0.0106, val_r2: -11.4854, val_cc: 0.3479
Epoch 60, trian_loss: 0.0053, trian_mae: 0.0811, trian_mse:0.0105, trian_r2: -9.6295, trian_cc: 0.3535
Epoch 60, val_loss: 0.0053, val_mae: 0.0811, val_mse: 0.0106, val_r2: -11.0188, val_cc: 0.3556
Epoch 61, trian_loss: 0.0052, trian_mae: 0.0809, trian_mse:0.0105, trian_r2: -9.1558, trian_cc: 0.3571
Epoch 61, val_loss: 0.0053, val_mae: 0.0809, val_mse: 0.0106, val_r2: -11.1025, val_cc: 0.3549
Epoch 62, trian_loss: 0.0053, trian_mae: 0.0811, trian_mse:0.0105, trian_r2: -9.8468, trian_cc: 0.3529
Epoch 62, val_loss: 0.0053, val_mae: 0.0814, val_mse: 0.0106, val_r2: -12.5480, val_cc: 0.3483
Epoch 63, trian_loss: 0.0052, trian_mae: 0.0810, trian_mse:0.0105, trian_r2: -9.3264, trian_cc: 0.3568
Epoch 63, val_loss: 0.0053, val_mae: 0.0820, val_mse: 0.0106, val_r2: -16.0161, val_cc: 0.3492
Epoch 64, trian_loss: 0.0052, trian_mae: 0.0808, trian_mse:0.0104, trian_r2: -9.3061, trian_cc: 0.3572
Epoch 64, val_loss: 0.0053, val_mae: 0.0819, val_mse: 0.0106, val_r2: -15.7413, val_cc: 0.3535
Epoch 65, trian_loss: 0.0052, trian_mae: 0.0810, trian_mse:0.0105, trian_r2: -8.5738, trian_cc: 0.3548
Epoch 65, val_loss: 0.0053, val_mae: 0.0813, val_mse: 0.0105, val_r2: -12.3540, val_cc: 0.3558
Epoch 66, trian_loss: 0.0052, trian_mae: 0.0810, trian_mse:0.0104, trian_r2: -9.8408, trian_cc: 0.3558
Epoch 66, val_loss: 0.0053, val_mae: 0.0813, val_mse: 0.0106, val_r2: -13.5575, val_cc: 0.3543
Epoch 67, trian_loss: 0.0052, trian_mae: 0.0807, trian_mse:0.0104, trian_r2: -8.9175, trian_cc: 0.3604
Epoch 67, val_loss: 0.0053, val_mae: 0.0807, val_mse: 0.0106, val_r2: -9.1766, val_cc: 0.3575
Epoch 68, trian_loss: 0.0052, trian_mae: 0.0807, trian_mse:0.0103, trian_r2: -8.8557, trian_cc: 0.3593
Epoch 68, val_loss: 0.0053, val_mae: 0.0811, val_mse: 0.0105, val_r2: -9.2642, val_cc: 0.3548
Epoch 69, trian_loss: 0.0052, trian_mae: 0.0806, trian_mse:0.0103, trian_r2: -9.0391, trian_cc: 0.3596
Epoch 69, val_loss: 0.0053, val_mae: 0.0807, val_mse: 0.0105, val_r2: -9.2547, val_cc: 0.3576
Epoch 70, trian_loss: 0.0051, trian_mae: 0.0804, trian_mse:0.0103, trian_r2: -9.3930, trian_cc: 0.3617
Epoch 70, val_loss: 0.0052, val_mae: 0.0809, val_mse: 0.0104, val_r2: -9.6793, val_cc: 0.3609
Epoch 71, trian_loss: 0.0051, trian_mae: 0.0803, trian_mse:0.0102, trian_r2: -8.5787, trian_cc: 0.3645
Epoch 71, val_loss: 0.0053, val_mae: 0.0814, val_mse: 0.0106, val_r2: -14.7649, val_cc: 0.3584
Epoch 72, trian_loss: 0.0051, trian_mae: 0.0804, trian_mse:0.0103, trian_r2: -9.2384, trian_cc: 0.3642
Epoch 72, val_loss: 0.0052, val_mae: 0.0807, val_mse: 0.0105, val_r2: -9.7808, val_cc: 0.3618
Epoch 73, trian_loss: 0.0051, trian_mae: 0.0802, trian_mse:0.0103, trian_r2: -8.8896, trian_cc: 0.3669
Epoch 73, val_loss: 0.0053, val_mae: 0.0814, val_mse: 0.0105, val_r2: -13.6168, val_cc: 0.3606
Epoch 74, trian_loss: 0.0051, trian_mae: 0.0802, trian_mse:0.0102, trian_r2: -8.5892, trian_cc: 0.3678
Epoch 74, val_loss: 0.0052, val_mae: 0.0806, val_mse: 0.0104, val_r2: -10.4171, val_cc: 0.3644
Epoch 75, trian_loss: 0.0051, trian_mae: 0.0802, trian_mse:0.0102, trian_r2: -8.8419, trian_cc: 0.3685
Epoch 75, val_loss: 0.0052, val_mae: 0.0806, val_mse: 0.0104, val_r2: -10.3888, val_cc: 0.3673
Epoch 76, trian_loss: 0.0051, trian_mae: 0.0801, trian_mse:0.0102, trian_r2: -8.4365, trian_cc: 0.3694
Epoch 76, val_loss: 0.0052, val_mae: 0.0809, val_mse: 0.0104, val_r2: -10.2069, val_cc: 0.3603
Epoch 77, trian_loss: 0.0051, trian_mae: 0.0800, trian_mse:0.0102, trian_r2: -8.3892, trian_cc: 0.3693
Epoch 77, val_loss: 0.0053, val_mae: 0.0806, val_mse: 0.0105, val_r2: -11.1021, val_cc: 0.3658
Epoch 78, trian_loss: 0.0051, trian_mae: 0.0799, trian_mse:0.0101, trian_r2: -8.2832, trian_cc: 0.3714
Epoch 78, val_loss: 0.0053, val_mae: 0.0808, val_mse: 0.0105, val_r2: -12.5987, val_cc: 0.3596
Epoch 79, trian_loss: 0.0051, trian_mae: 0.0802, trian_mse:0.0102, trian_r2: -8.6369, trian_cc: 0.3682
Epoch 79, val_loss: 0.0052, val_mae: 0.0806, val_mse: 0.0105, val_r2: -10.1020, val_cc: 0.3653
Epoch 80, trian_loss: 0.0051, trian_mae: 0.0798, trian_mse:0.0101, trian_r2: -8.2325, trian_cc: 0.3713
Epoch 80, val_loss: 0.0052, val_mae: 0.0806, val_mse: 0.0105, val_r2: -9.5893, val_cc: 0.3641
Epoch 81, trian_loss: 0.0051, trian_mae: 0.0800, trian_mse:0.0101, trian_r2: -7.9211, trian_cc: 0.3713
Epoch 81, val_loss: 0.0053, val_mae: 0.0806, val_mse: 0.0107, val_r2: -11.4321, val_cc: 0.3652
Epoch 82, trian_loss: 0.0051, trian_mae: 0.0799, trian_mse:0.0102, trian_r2: -8.5191, trian_cc: 0.3726
Epoch 82, val_loss: 0.0052, val_mae: 0.0805, val_mse: 0.0104, val_r2: -10.6631, val_cc: 0.3701
Epoch 83, trian_loss: 0.0050, trian_mae: 0.0797, trian_mse:0.0101, trian_r2: -8.0141, trian_cc: 0.3755
Epoch 83, val_loss: 0.0052, val_mae: 0.0805, val_mse: 0.0105, val_r2: -10.2261, val_cc: 0.3633
Epoch 84, trian_loss: 0.0051, trian_mae: 0.0798, trian_mse:0.0101, trian_r2: -8.2198, trian_cc: 0.3736
Epoch 84, val_loss: 0.0052, val_mae: 0.0806, val_mse: 0.0104, val_r2: -8.7886, val_cc: 0.3697
Epoch 85, trian_loss: 0.0050, trian_mae: 0.0796, trian_mse:0.0100, trian_r2: -7.7546, trian_cc: 0.3765
Epoch 85, val_loss: 0.0052, val_mae: 0.0806, val_mse: 0.0105, val_r2: -10.7805, val_cc: 0.3611
Epoch 86, trian_loss: 0.0050, trian_mae: 0.0795, trian_mse:0.0101, trian_r2: -7.9267, trian_cc: 0.3768
Epoch 86, val_loss: 0.0053, val_mae: 0.0803, val_mse: 0.0105, val_r2: -10.3079, val_cc: 0.3660
Epoch 87, trian_loss: 0.0050, trian_mae: 0.0794, trian_mse:0.0100, trian_r2: -7.8014, trian_cc: 0.3789
Epoch 87, val_loss: 0.0052, val_mae: 0.0806, val_mse: 0.0104, val_r2: -9.4257, val_cc: 0.3693
Epoch 88, trian_loss: 0.0050, trian_mae: 0.0794, trian_mse:0.0100, trian_r2: -7.9711, trian_cc: 0.3795
Epoch 88, val_loss: 0.0052, val_mae: 0.0804, val_mse: 0.0104, val_r2: -9.8181, val_cc: 0.3663
Epoch 89, trian_loss: 0.0050, trian_mae: 0.0795, trian_mse:0.0100, trian_r2: -7.8068, trian_cc: 0.3777
Epoch 89, val_loss: 0.0052, val_mae: 0.0806, val_mse: 0.0105, val_r2: -9.2161, val_cc: 0.3654
Epoch 90, trian_loss: 0.0050, trian_mae: 0.0793, trian_mse:0.0100, trian_r2: -7.3925, trian_cc: 0.3795
Epoch 90, val_loss: 0.0052, val_mae: 0.0811, val_mse: 0.0104, val_r2: -9.0836, val_cc: 0.3617
Epoch 91, trian_loss: 0.0050, trian_mae: 0.0793, trian_mse:0.0100, trian_r2: -7.7346, trian_cc: 0.3797
Epoch 91, val_loss: 0.0052, val_mae: 0.0801, val_mse: 0.0104, val_r2: -9.3301, val_cc: 0.3701
Epoch 92, trian_loss: 0.0050, trian_mae: 0.0791, trian_mse:0.0099, trian_r2: -7.3947, trian_cc: 0.3825
Epoch 92, val_loss: 0.0052, val_mae: 0.0807, val_mse: 0.0104, val_r2: -9.5099, val_cc: 0.3646
Epoch 93, trian_loss: 0.0050, trian_mae: 0.0792, trian_mse:0.0100, trian_r2: -7.5654, trian_cc: 0.3830
Epoch 93, val_loss: 0.0052, val_mae: 0.0805, val_mse: 0.0104, val_r2: -9.3449, val_cc: 0.3680
Epoch 94, trian_loss: 0.0050, trian_mae: 0.0792, trian_mse:0.0100, trian_r2: -7.4515, trian_cc: 0.3820
Epoch 94, val_loss: 0.0052, val_mae: 0.0805, val_mse: 0.0104, val_r2: -9.4238, val_cc: 0.3701
Epoch 95, trian_loss: 0.0049, trian_mae: 0.0790, trian_mse:0.0099, trian_r2: -7.4320, trian_cc: 0.3825
Epoch 95, val_loss: 0.0052, val_mae: 0.0804, val_mse: 0.0105, val_r2: -9.3876, val_cc: 0.3673
Epoch 96, trian_loss: 0.0050, trian_mae: 0.0791, trian_mse:0.0100, trian_r2: -7.3938, trian_cc: 0.3812
Epoch 96, val_loss: 0.0052, val_mae: 0.0806, val_mse: 0.0104, val_r2: -7.6511, val_cc: 0.3633
Epoch 97, trian_loss: 0.0049, trian_mae: 0.0789, trian_mse:0.0099, trian_r2: -7.3903, trian_cc: 0.3849
Epoch 97, val_loss: 0.0052, val_mae: 0.0807, val_mse: 0.0105, val_r2: -7.2301, val_cc: 0.3689
Epoch 98, trian_loss: 0.0050, trian_mae: 0.0790, trian_mse:0.0099, trian_r2: -7.3694, trian_cc: 0.3849
Epoch 98, val_loss: 0.0052, val_mae: 0.0805, val_mse: 0.0104, val_r2: -7.9375, val_cc: 0.3660
Epoch 99, trian_loss: 0.0049, trian_mae: 0.0789, trian_mse:0.0099, trian_r2: -7.3698, trian_cc: 0.3849
Epoch 99, val_loss: 0.0052, val_mae: 0.0810, val_mse: 0.0105, val_r2: -7.2318, val_cc: 0.3625
