Trian Data: 532   Validation Data: 177  Test Data: 178
[1, 1, 1, 1]
[1, 1, 1, 1]
[1, 1, 1, 1]
[1, 1, 1, 1]
model SENet(
  (conv1): Conv2d(61, 64, kernel_size=(3, 3), stride=(1, 1), padding=(1, 1), bias=False)
  (bn1): BatchNorm2d(64, eps=1e-05, momentum=0.1, affine=True, track_running_stats=True)
  (layer1): Sequential(
    (0): BasicBlock(
      (conv1): Conv2d(64, 64, kernel_size=(3, 3), stride=(1, 1), padding=(1, 1), bias=False)
      (bn1): BatchNorm2d(64, eps=1e-05, momentum=0.1, affine=True, track_running_stats=True)
      (conv2): Conv2d(64, 64, kernel_size=(3, 3), stride=(1, 1), padding=(1, 1), bias=False)
      (bn2): BatchNorm2d(64, eps=1e-05, momentum=0.1, affine=True, track_running_stats=True)
      (shortcut): Sequential()
      (fc1): Conv2d(64, 4, kernel_size=(1, 1), stride=(1, 1))
      (fc2): Conv2d(4, 64, kernel_size=(1, 1), stride=(1, 1))
    )
    (1): BasicBlock(
      (conv1): Conv2d(64, 64, kernel_size=(3, 3), stride=(1, 1), padding=(1, 1), bias=False)
      (bn1): BatchNorm2d(64, eps=1e-05, momentum=0.1, affine=True, track_running_stats=True)
      (conv2): Conv2d(64, 64, kernel_size=(3, 3), stride=(1, 1), padding=(1, 1), bias=False)
      (bn2): BatchNorm2d(64, eps=1e-05, momentum=0.1, affine=True, track_running_stats=True)
      (shortcut): Sequential()
      (fc1): Conv2d(64, 4, kernel_size=(1, 1), stride=(1, 1))
      (fc2): Conv2d(4, 64, kernel_size=(1, 1), stride=(1, 1))
    )
    (2): BasicBlock(
      (conv1): Conv2d(64, 64, kernel_size=(3, 3), stride=(1, 1), padding=(1, 1), bias=False)
      (bn1): BatchNorm2d(64, eps=1e-05, momentum=0.1, affine=True, track_running_stats=True)
      (conv2): Conv2d(64, 64, kernel_size=(3, 3), stride=(1, 1), padding=(1, 1), bias=False)
      (bn2): BatchNorm2d(64, eps=1e-05, momentum=0.1, affine=True, track_running_stats=True)
      (shortcut): Sequential()
      (fc1): Conv2d(64, 4, kernel_size=(1, 1), stride=(1, 1))
      (fc2): Conv2d(4, 64, kernel_size=(1, 1), stride=(1, 1))
    )
    (3): BasicBlock(
      (conv1): Conv2d(64, 64, kernel_size=(3, 3), stride=(1, 1), padding=(1, 1), bias=False)
      (bn1): BatchNorm2d(64, eps=1e-05, momentum=0.1, affine=True, track_running_stats=True)
      (conv2): Conv2d(64, 64, kernel_size=(3, 3), stride=(1, 1), padding=(1, 1), bias=False)
      (bn2): BatchNorm2d(64, eps=1e-05, momentum=0.1, affine=True, track_running_stats=True)
      (shortcut): Sequential()
      (fc1): Conv2d(64, 4, kernel_size=(1, 1), stride=(1, 1))
      (fc2): Conv2d(4, 64, kernel_size=(1, 1), stride=(1, 1))
    )
  )
  (layer2): Sequential(
    (0): BasicBlock(
      (conv1): Conv2d(64, 64, kernel_size=(3, 3), stride=(1, 1), padding=(1, 1), bias=False)
      (bn1): BatchNorm2d(64, eps=1e-05, momentum=0.1, affine=True, track_running_stats=True)
      (conv2): Conv2d(64, 64, kernel_size=(3, 3), stride=(1, 1), padding=(1, 1), bias=False)
      (bn2): BatchNorm2d(64, eps=1e-05, momentum=0.1, affine=True, track_running_stats=True)
      (shortcut): Sequential()
      (fc1): Conv2d(64, 4, kernel_size=(1, 1), stride=(1, 1))
      (fc2): Conv2d(4, 64, kernel_size=(1, 1), stride=(1, 1))
    )
    (1): BasicBlock(
      (conv1): Conv2d(64, 64, kernel_size=(3, 3), stride=(1, 1), padding=(1, 1), bias=False)
      (bn1): BatchNorm2d(64, eps=1e-05, momentum=0.1, affine=True, track_running_stats=True)
      (conv2): Conv2d(64, 64, kernel_size=(3, 3), stride=(1, 1), padding=(1, 1), bias=False)
      (bn2): BatchNorm2d(64, eps=1e-05, momentum=0.1, affine=True, track_running_stats=True)
      (shortcut): Sequential()
      (fc1): Conv2d(64, 4, kernel_size=(1, 1), stride=(1, 1))
      (fc2): Conv2d(4, 64, kernel_size=(1, 1), stride=(1, 1))
    )
    (2): BasicBlock(
      (conv1): Conv2d(64, 64, kernel_size=(3, 3), stride=(1, 1), padding=(1, 1), bias=False)
      (bn1): BatchNorm2d(64, eps=1e-05, momentum=0.1, affine=True, track_running_stats=True)
      (conv2): Conv2d(64, 64, kernel_size=(3, 3), stride=(1, 1), padding=(1, 1), bias=False)
      (bn2): BatchNorm2d(64, eps=1e-05, momentum=0.1, affine=True, track_running_stats=True)
      (shortcut): Sequential()
      (fc1): Conv2d(64, 4, kernel_size=(1, 1), stride=(1, 1))
      (fc2): Conv2d(4, 64, kernel_size=(1, 1), stride=(1, 1))
    )
    (3): BasicBlock(
      (conv1): Conv2d(64, 64, kernel_size=(3, 3), stride=(1, 1), padding=(1, 1), bias=False)
      (bn1): BatchNorm2d(64, eps=1e-05, momentum=0.1, affine=True, track_running_stats=True)
      (conv2): Conv2d(64, 64, kernel_size=(3, 3), stride=(1, 1), padding=(1, 1), bias=False)
      (bn2): BatchNorm2d(64, eps=1e-05, momentum=0.1, affine=True, track_running_stats=True)
      (shortcut): Sequential()
      (fc1): Conv2d(64, 4, kernel_size=(1, 1), stride=(1, 1))
      (fc2): Conv2d(4, 64, kernel_size=(1, 1), stride=(1, 1))
    )
  )
  (layer3): Sequential(
    (0): BasicBlock(
      (conv1): Conv2d(64, 64, kernel_size=(3, 3), stride=(1, 1), padding=(1, 1), bias=False)
      (bn1): BatchNorm2d(64, eps=1e-05, momentum=0.1, affine=True, track_running_stats=True)
      (conv2): Conv2d(64, 64, kernel_size=(3, 3), stride=(1, 1), padding=(1, 1), bias=False)
      (bn2): BatchNorm2d(64, eps=1e-05, momentum=0.1, affine=True, track_running_stats=True)
      (shortcut): Sequential()
      (fc1): Conv2d(64, 4, kernel_size=(1, 1), stride=(1, 1))
      (fc2): Conv2d(4, 64, kernel_size=(1, 1), stride=(1, 1))
    )
    (1): BasicBlock(
      (conv1): Conv2d(64, 64, kernel_size=(3, 3), stride=(1, 1), padding=(1, 1), bias=False)
      (bn1): BatchNorm2d(64, eps=1e-05, momentum=0.1, affine=True, track_running_stats=True)
      (conv2): Conv2d(64, 64, kernel_size=(3, 3), stride=(1, 1), padding=(1, 1), bias=False)
      (bn2): BatchNorm2d(64, eps=1e-05, momentum=0.1, affine=True, track_running_stats=True)
      (shortcut): Sequential()
      (fc1): Conv2d(64, 4, kernel_size=(1, 1), stride=(1, 1))
      (fc2): Conv2d(4, 64, kernel_size=(1, 1), stride=(1, 1))
    )
    (2): BasicBlock(
      (conv1): Conv2d(64, 64, kernel_size=(3, 3), stride=(1, 1), padding=(1, 1), bias=False)
      (bn1): BatchNorm2d(64, eps=1e-05, momentum=0.1, affine=True, track_running_stats=True)
      (conv2): Conv2d(64, 64, kernel_size=(3, 3), stride=(1, 1), padding=(1, 1), bias=False)
      (bn2): BatchNorm2d(64, eps=1e-05, momentum=0.1, affine=True, track_running_stats=True)
      (shortcut): Sequential()
      (fc1): Conv2d(64, 4, kernel_size=(1, 1), stride=(1, 1))
      (fc2): Conv2d(4, 64, kernel_size=(1, 1), stride=(1, 1))
    )
    (3): BasicBlock(
      (conv1): Conv2d(64, 64, kernel_size=(3, 3), stride=(1, 1), padding=(1, 1), bias=False)
      (bn1): BatchNorm2d(64, eps=1e-05, momentum=0.1, affine=True, track_running_stats=True)
      (conv2): Conv2d(64, 64, kernel_size=(3, 3), stride=(1, 1), padding=(1, 1), bias=False)
      (bn2): BatchNorm2d(64, eps=1e-05, momentum=0.1, affine=True, track_running_stats=True)
      (shortcut): Sequential()
      (fc1): Conv2d(64, 4, kernel_size=(1, 1), stride=(1, 1))
      (fc2): Conv2d(4, 64, kernel_size=(1, 1), stride=(1, 1))
    )
  )
  (layer4): Sequential(
    (0): BasicBlock(
      (conv1): Conv2d(64, 64, kernel_size=(3, 3), stride=(1, 1), padding=(1, 1), bias=False)
      (bn1): BatchNorm2d(64, eps=1e-05, momentum=0.1, affine=True, track_running_stats=True)
      (conv2): Conv2d(64, 64, kernel_size=(3, 3), stride=(1, 1), padding=(1, 1), bias=False)
      (bn2): BatchNorm2d(64, eps=1e-05, momentum=0.1, affine=True, track_running_stats=True)
      (shortcut): Sequential()
      (fc1): Conv2d(64, 4, kernel_size=(1, 1), stride=(1, 1))
      (fc2): Conv2d(4, 64, kernel_size=(1, 1), stride=(1, 1))
    )
    (1): BasicBlock(
      (conv1): Conv2d(64, 64, kernel_size=(3, 3), stride=(1, 1), padding=(1, 1), bias=False)
      (bn1): BatchNorm2d(64, eps=1e-05, momentum=0.1, affine=True, track_running_stats=True)
      (conv2): Conv2d(64, 64, kernel_size=(3, 3), stride=(1, 1), padding=(1, 1), bias=False)
      (bn2): BatchNorm2d(64, eps=1e-05, momentum=0.1, affine=True, track_running_stats=True)
      (shortcut): Sequential()
      (fc1): Conv2d(64, 4, kernel_size=(1, 1), stride=(1, 1))
      (fc2): Conv2d(4, 64, kernel_size=(1, 1), stride=(1, 1))
    )
    (2): BasicBlock(
      (conv1): Conv2d(64, 64, kernel_size=(3, 3), stride=(1, 1), padding=(1, 1), bias=False)
      (bn1): BatchNorm2d(64, eps=1e-05, momentum=0.1, affine=True, track_running_stats=True)
      (conv2): Conv2d(64, 64, kernel_size=(3, 3), stride=(1, 1), padding=(1, 1), bias=False)
      (bn2): BatchNorm2d(64, eps=1e-05, momentum=0.1, affine=True, track_running_stats=True)
      (shortcut): Sequential()
      (fc1): Conv2d(64, 4, kernel_size=(1, 1), stride=(1, 1))
      (fc2): Conv2d(4, 64, kernel_size=(1, 1), stride=(1, 1))
    )
    (3): BasicBlock(
      (conv1): Conv2d(64, 64, kernel_size=(3, 3), stride=(1, 1), padding=(1, 1), bias=False)
      (bn1): BatchNorm2d(64, eps=1e-05, momentum=0.1, affine=True, track_running_stats=True)
      (conv2): Conv2d(64, 64, kernel_size=(3, 3), stride=(1, 1), padding=(1, 1), bias=False)
      (bn2): BatchNorm2d(64, eps=1e-05, momentum=0.1, affine=True, track_running_stats=True)
      (shortcut): Sequential()
      (fc1): Conv2d(64, 4, kernel_size=(1, 1), stride=(1, 1))
      (fc2): Conv2d(4, 64, kernel_size=(1, 1), stride=(1, 1))
    )
  )
  (cnn): CNNnet(
    (conv1): Sequential(
      (0): Conv2d(64, 32, kernel_size=(3, 3), stride=(1, 1), padding=(1, 1))
      (1): BatchNorm2d(32, eps=1e-05, momentum=0.1, affine=True, track_running_stats=True)
      (2): ReLU()
    )
    (conv2): Sequential(
      (0): Conv2d(32, 16, kernel_size=(3, 3), stride=(1, 1), padding=(1, 1))
      (1): BatchNorm2d(16, eps=1e-05, momentum=0.1, affine=True, track_running_stats=True)
      (2): ReLU()
    )
    (conv3): Sequential(
      (0): Conv2d(16, 1, kernel_size=(3, 3), stride=(1, 1), padding=(1, 1))
      (1): BatchNorm2d(1, eps=1e-05, momentum=0.1, affine=True, track_running_stats=True)
      (2): ReLU()
    )
  )
)
Epoch  0, trian_loss: 0.0069, trian_mae: 0.0828, trian_mse:0.0138, trian_r2: -8.9781, trian_cc: 0.1791
Epoch  0, val_loss: 0.0058, val_mae: 0.0838, val_mse: 0.0117, val_r2: -18.4115, val_cc: 0.2818
Epoch  1, trian_loss: 0.0052, trian_mae: 0.0762, trian_mse:0.0104, trian_r2: -855.4272, trian_cc: 0.0444
Epoch  1, val_loss: 0.0049, val_mae: 0.0741, val_mse: 0.0098, val_r2: -1118.0422, val_cc: 0.0745
Epoch  2, trian_loss: 0.0050, trian_mae: 0.0745, trian_mse:0.0100, trian_r2: -1917.4990, trian_cc: 0.0758
Epoch  2, val_loss: 0.0049, val_mae: 0.0743, val_mse: 0.0098, val_r2: -1688.7942, val_cc: 0.0702
Epoch  3, trian_loss: 0.0049, trian_mae: 0.0742, trian_mse:0.0099, trian_r2: -1819.0922, trian_cc: 0.0916
Epoch  3, val_loss: 0.0049, val_mae: 0.0742, val_mse: 0.0098, val_r2: -1295.5420, val_cc: 0.0946
Epoch  4, trian_loss: 0.0049, trian_mae: 0.0743, trian_mse:0.0099, trian_r2: -1753.2885, trian_cc: 0.0925
Epoch  4, val_loss: 0.0049, val_mae: 0.0743, val_mse: 0.0098, val_r2: -1410.9443, val_cc: 0.0724
Epoch  5, trian_loss: 0.0049, trian_mae: 0.0741, trian_mse:0.0099, trian_r2: -1900.4465, trian_cc: 0.0981
Epoch  5, val_loss: 0.0049, val_mae: 0.0742, val_mse: 0.0098, val_r2: -779.2648, val_cc: 0.1097
Epoch  6, trian_loss: 0.0050, trian_mae: 0.0743, trian_mse:0.0099, trian_r2: -8703.4677, trian_cc: 0.0880
Epoch  6, val_loss: 0.0049, val_mae: 0.0743, val_mse: 0.0098, val_r2: -7517.3762, val_cc: 0.0458
Epoch  7, trian_loss: 0.0049, trian_mae: 0.0742, trian_mse:0.0099, trian_r2: -5161.2399, trian_cc: 0.0645
Epoch  7, val_loss: 0.0049, val_mae: 0.0743, val_mse: 0.0098, val_r2: -945.0734, val_cc: 0.0836
Epoch  8, trian_loss: 0.0049, trian_mae: 0.0741, trian_mse:0.0099, trian_r2: -2536.3661, trian_cc: 0.1014
Epoch  8, val_loss: 0.0049, val_mae: 0.0743, val_mse: 0.0098, val_r2: -378.7351, val_cc: 0.1226
Epoch  9, trian_loss: 0.0049, trian_mae: 0.0740, trian_mse:0.0098, trian_r2: -968.4142, trian_cc: 0.1242
Epoch  9, val_loss: 0.0048, val_mae: 0.0738, val_mse: 0.0097, val_r2: -470.1244, val_cc: 0.1566
Epoch 10, trian_loss: 0.0049, trian_mae: 0.0734, trian_mse:0.0097, trian_r2: -397.1770, trian_cc: 0.1585
Epoch 10, val_loss: 0.0047, val_mae: 0.0729, val_mse: 0.0095, val_r2: -119.6124, val_cc: 0.1895
Epoch 11, trian_loss: 0.0047, trian_mae: 0.0718, trian_mse:0.0093, trian_r2: -76.1555, trian_cc: 0.2276
Epoch 11, val_loss: 0.0045, val_mae: 0.0703, val_mse: 0.0089, val_r2: -48.4144, val_cc: 0.2544
Epoch 12, trian_loss: 0.0045, trian_mae: 0.0697, trian_mse:0.0090, trian_r2: -56.1420, trian_cc: 0.2606
Epoch 12, val_loss: 0.0044, val_mae: 0.0678, val_mse: 0.0089, val_r2: -42.3309, val_cc: 0.2911
Epoch 13, trian_loss: 0.0043, trian_mae: 0.0683, trian_mse:0.0086, trian_r2: -47.6122, trian_cc: 0.2984
Epoch 13, val_loss: 0.0043, val_mae: 0.0673, val_mse: 0.0086, val_r2: -42.9109, val_cc: 0.3038
Epoch 14, trian_loss: 0.0043, trian_mae: 0.0684, trian_mse:0.0087, trian_r2: -49.0935, trian_cc: 0.3005
Epoch 14, val_loss: 0.0041, val_mae: 0.0666, val_mse: 0.0083, val_r2: -40.7777, val_cc: 0.3424
Epoch 15, trian_loss: 0.0043, trian_mae: 0.0681, trian_mse:0.0086, trian_r2: -54.2903, trian_cc: 0.2946
Epoch 15, val_loss: 0.0041, val_mae: 0.0663, val_mse: 0.0082, val_r2: -42.4117, val_cc: 0.3430
Epoch 16, trian_loss: 0.0042, trian_mae: 0.0674, trian_mse:0.0085, trian_r2: -42.7089, trian_cc: 0.3151
Epoch 16, val_loss: 0.0042, val_mae: 0.0664, val_mse: 0.0084, val_r2: -29.5397, val_cc: 0.3348
Epoch 17, trian_loss: 0.0042, trian_mae: 0.0667, trian_mse:0.0083, trian_r2: -33.1273, trian_cc: 0.3358
Epoch 17, val_loss: 0.0041, val_mae: 0.0678, val_mse: 0.0082, val_r2: -33.9317, val_cc: 0.3209
Epoch 18, trian_loss: 0.0042, trian_mae: 0.0670, trian_mse:0.0084, trian_r2: -32.1996, trian_cc: 0.3457
Epoch 18, val_loss: 0.0043, val_mae: 0.0690, val_mse: 0.0085, val_r2: -18.6605, val_cc: 0.2838
Epoch 19, trian_loss: 0.0042, trian_mae: 0.0664, trian_mse:0.0083, trian_r2: -29.6882, trian_cc: 0.3432
Epoch 19, val_loss: 0.0041, val_mae: 0.0643, val_mse: 0.0082, val_r2: -22.8027, val_cc: 0.3725
Epoch 20, trian_loss: 0.0041, trian_mae: 0.0658, trian_mse:0.0082, trian_r2: -27.5916, trian_cc: 0.3592
Epoch 20, val_loss: 0.0041, val_mae: 0.0651, val_mse: 0.0081, val_r2: -21.2220, val_cc: 0.3594
Epoch 21, trian_loss: 0.0040, trian_mae: 0.0648, trian_mse:0.0080, trian_r2: -23.0623, trian_cc: 0.3970
Epoch 21, val_loss: 0.0042, val_mae: 0.0657, val_mse: 0.0085, val_r2: -23.9450, val_cc: 0.3539
Epoch 22, trian_loss: 0.0037, trian_mae: 0.0616, trian_mse:0.0075, trian_r2: -13.5844, trian_cc: 0.5057
Epoch 22, val_loss: 0.0035, val_mae: 0.0600, val_mse: 0.0071, val_r2: -9.5225, val_cc: 0.5374
Epoch 23, trian_loss: 0.0036, trian_mae: 0.0597, trian_mse:0.0071, trian_r2: -7.8727, trian_cc: 0.5573
Epoch 23, val_loss: 0.0034, val_mae: 0.0577, val_mse: 0.0067, val_r2: -4.1900, val_cc: 0.5792
Epoch 24, trian_loss: 0.0035, trian_mae: 0.0588, trian_mse:0.0069, trian_r2: -4.1327, trian_cc: 0.5833
Epoch 24, val_loss: 0.0035, val_mae: 0.0616, val_mse: 0.0070, val_r2: -6.0569, val_cc: 0.5676
Epoch 25, trian_loss: 0.0034, trian_mae: 0.0588, trian_mse:0.0069, trian_r2: -4.2446, trian_cc: 0.5800
Epoch 25, val_loss: 0.0033, val_mae: 0.0582, val_mse: 0.0066, val_r2: -5.9944, val_cc: 0.5676
Epoch 26, trian_loss: 0.0033, trian_mae: 0.0571, trian_mse:0.0066, trian_r2: -3.4012, trian_cc: 0.6012
Epoch 26, val_loss: 0.0034, val_mae: 0.0578, val_mse: 0.0068, val_r2: -19.6571, val_cc: 0.5541
Epoch 27, trian_loss: 0.0035, trian_mae: 0.0594, trian_mse:0.0070, trian_r2: -6.3132, trian_cc: 0.5614
Epoch 27, val_loss: 0.0035, val_mae: 0.0602, val_mse: 0.0070, val_r2: -11.8294, val_cc: 0.5387
Epoch 28, trian_loss: 0.0032, trian_mae: 0.0565, trian_mse:0.0065, trian_r2: -2.5797, trian_cc: 0.6105
Epoch 28, val_loss: 0.0032, val_mae: 0.0556, val_mse: 0.0064, val_r2: -2.6829, val_cc: 0.6183
Epoch 29, trian_loss: 0.0032, trian_mae: 0.0558, trian_mse:0.0064, trian_r2: -2.5627, trian_cc: 0.6180
Epoch 29, val_loss: 0.0031, val_mae: 0.0546, val_mse: 0.0063, val_r2: -2.8691, val_cc: 0.6230
Epoch 30, trian_loss: 0.0032, trian_mae: 0.0561, trian_mse:0.0065, trian_r2: -3.1972, trian_cc: 0.6183
Epoch 30, val_loss: 0.0031, val_mae: 0.0541, val_mse: 0.0062, val_r2: -2.4990, val_cc: 0.6357
Epoch 31, trian_loss: 0.0032, trian_mae: 0.0554, trian_mse:0.0064, trian_r2: -3.1196, trian_cc: 0.6205
Epoch 31, val_loss: 0.0036, val_mae: 0.0607, val_mse: 0.0072, val_r2: -7.5001, val_cc: 0.5140
Epoch 32, trian_loss: 0.0031, trian_mae: 0.0547, trian_mse:0.0062, trian_r2: -2.5157, trian_cc: 0.6344
Epoch 32, val_loss: 0.0030, val_mae: 0.0525, val_mse: 0.0060, val_r2: -2.2333, val_cc: 0.6435
Epoch 33, trian_loss: 0.0031, trian_mae: 0.0544, trian_mse:0.0062, trian_r2: -2.2067, trian_cc: 0.6364
Epoch 33, val_loss: 0.0031, val_mae: 0.0528, val_mse: 0.0061, val_r2: -2.6935, val_cc: 0.6431
Epoch 34, trian_loss: 0.0031, trian_mae: 0.0539, trian_mse:0.0061, trian_r2: -1.8047, trian_cc: 0.6454
Epoch 34, val_loss: 0.0031, val_mae: 0.0533, val_mse: 0.0062, val_r2: -1.7900, val_cc: 0.6396
Epoch 35, trian_loss: 0.0030, trian_mae: 0.0537, trian_mse:0.0061, trian_r2: -1.8424, trian_cc: 0.6463
Epoch 35, val_loss: 0.0030, val_mae: 0.0520, val_mse: 0.0060, val_r2: -2.1099, val_cc: 0.6558
Epoch 36, trian_loss: 0.0030, trian_mae: 0.0532, trian_mse:0.0060, trian_r2: -1.5752, trian_cc: 0.6531
Epoch 36, val_loss: 0.0031, val_mae: 0.0538, val_mse: 0.0062, val_r2: -3.1570, val_cc: 0.6447
Epoch 37, trian_loss: 0.0030, trian_mae: 0.0533, trian_mse:0.0060, trian_r2: -2.1935, trian_cc: 0.6511
Epoch 37, val_loss: 0.0032, val_mae: 0.0558, val_mse: 0.0063, val_r2: -5.2591, val_cc: 0.6441
Epoch 38, trian_loss: 0.0030, trian_mae: 0.0527, trian_mse:0.0059, trian_r2: -1.5441, trian_cc: 0.6609
Epoch 38, val_loss: 0.0029, val_mae: 0.0513, val_mse: 0.0059, val_r2: -1.9771, val_cc: 0.6645
Epoch 39, trian_loss: 0.0029, trian_mae: 0.0523, trian_mse:0.0059, trian_r2: -1.4512, trian_cc: 0.6651
Epoch 39, val_loss: 0.0029, val_mae: 0.0508, val_mse: 0.0057, val_r2: -2.2699, val_cc: 0.6725
Epoch 40, trian_loss: 0.0029, trian_mae: 0.0522, trian_mse:0.0059, trian_r2: -1.5379, trian_cc: 0.6634
Epoch 40, val_loss: 0.0028, val_mae: 0.0500, val_mse: 0.0056, val_r2: -1.6594, val_cc: 0.6744
Epoch 41, trian_loss: 0.0029, trian_mae: 0.0518, trian_mse:0.0058, trian_r2: -1.3489, trian_cc: 0.6709
Epoch 41, val_loss: 0.0031, val_mae: 0.0548, val_mse: 0.0061, val_r2: -8.3848, val_cc: 0.6268
Epoch 42, trian_loss: 0.0029, trian_mae: 0.0519, trian_mse:0.0058, trian_r2: -1.4579, trian_cc: 0.6697
Epoch 42, val_loss: 0.0028, val_mae: 0.0512, val_mse: 0.0056, val_r2: -2.2333, val_cc: 0.6758
Epoch 43, trian_loss: 0.0029, trian_mae: 0.0512, trian_mse:0.0057, trian_r2: -1.4021, trian_cc: 0.6768
Epoch 43, val_loss: 0.0029, val_mae: 0.0505, val_mse: 0.0057, val_r2: -2.0753, val_cc: 0.6788
Epoch 44, trian_loss: 0.0028, trian_mae: 0.0509, trian_mse:0.0057, trian_r2: -1.1426, trian_cc: 0.6802
Epoch 44, val_loss: 0.0028, val_mae: 0.0501, val_mse: 0.0056, val_r2: -1.9519, val_cc: 0.6821
Epoch 45, trian_loss: 0.0028, trian_mae: 0.0508, trian_mse:0.0056, trian_r2: -1.1133, trian_cc: 0.6812
Epoch 45, val_loss: 0.0028, val_mae: 0.0496, val_mse: 0.0055, val_r2: -1.7040, val_cc: 0.6844
Epoch 46, trian_loss: 0.0028, trian_mae: 0.0504, trian_mse:0.0056, trian_r2: -1.0931, trian_cc: 0.6862
Epoch 46, val_loss: 0.0028, val_mae: 0.0497, val_mse: 0.0056, val_r2: -1.6363, val_cc: 0.6827
Epoch 47, trian_loss: 0.0028, trian_mae: 0.0511, trian_mse:0.0056, trian_r2: -1.9029, trian_cc: 0.6790
Epoch 47, val_loss: 0.0029, val_mae: 0.0503, val_mse: 0.0057, val_r2: -2.4636, val_cc: 0.6768
Epoch 48, trian_loss: 0.0028, trian_mae: 0.0501, trian_mse:0.0055, trian_r2: -1.1874, trian_cc: 0.6879
Epoch 48, val_loss: 0.0027, val_mae: 0.0489, val_mse: 0.0055, val_r2: -1.7351, val_cc: 0.6924
Epoch 49, trian_loss: 0.0027, trian_mae: 0.0498, trian_mse:0.0055, trian_r2: -1.3450, trian_cc: 0.6813
Epoch 49, val_loss: 0.0033, val_mae: 0.0536, val_mse: 0.0065, val_r2: -11.0684, val_cc: 0.6078
Epoch 50, trian_loss: 0.0027, trian_mae: 0.0504, trian_mse:0.0055, trian_r2: -1.1892, trian_cc: 0.6845
Epoch 50, val_loss: 0.0028, val_mae: 0.0503, val_mse: 0.0057, val_r2: -2.2162, val_cc: 0.6892
Epoch 51, trian_loss: 0.0026, trian_mae: 0.0491, trian_mse:0.0053, trian_r2: -0.8781, trian_cc: 0.6939
Epoch 51, val_loss: 0.0027, val_mae: 0.0490, val_mse: 0.0054, val_r2: -1.5760, val_cc: 0.6965
Epoch 52, trian_loss: 0.0027, trian_mae: 0.0493, trian_mse:0.0054, trian_r2: -1.0303, trian_cc: 0.6948
Epoch 52, val_loss: 0.0027, val_mae: 0.0493, val_mse: 0.0055, val_r2: -1.4326, val_cc: 0.6922
Epoch 53, trian_loss: 0.0027, trian_mae: 0.0495, trian_mse:0.0054, trian_r2: -0.8417, trian_cc: 0.6931
Epoch 53, val_loss: 0.0027, val_mae: 0.0486, val_mse: 0.0055, val_r2: -1.8573, val_cc: 0.6956
Epoch 54, trian_loss: 0.0026, trian_mae: 0.0487, trian_mse:0.0052, trian_r2: -0.9046, trian_cc: 0.6950
Epoch 54, val_loss: 0.0027, val_mae: 0.0486, val_mse: 0.0053, val_r2: -1.3089, val_cc: 0.6919
Epoch 55, trian_loss: 0.0027, trian_mae: 0.0498, trian_mse:0.0054, trian_r2: -1.4151, trian_cc: 0.6844
Epoch 55, val_loss: 0.0029, val_mae: 0.0501, val_mse: 0.0058, val_r2: -4.8373, val_cc: 0.6801
Epoch 56, trian_loss: 0.0026, trian_mae: 0.0490, trian_mse:0.0053, trian_r2: -0.9171, trian_cc: 0.6959
Epoch 56, val_loss: 0.0027, val_mae: 0.0490, val_mse: 0.0054, val_r2: -1.5277, val_cc: 0.6951
Epoch 57, trian_loss: 0.0026, trian_mae: 0.0485, trian_mse:0.0052, trian_r2: -0.7119, trian_cc: 0.7006
Epoch 57, val_loss: 0.0027, val_mae: 0.0490, val_mse: 0.0053, val_r2: -1.4417, val_cc: 0.6979
Epoch 58, trian_loss: 0.0026, trian_mae: 0.0483, trian_mse:0.0051, trian_r2: -0.7511, trian_cc: 0.6996
Epoch 58, val_loss: 0.0028, val_mae: 0.0497, val_mse: 0.0055, val_r2: -1.8492, val_cc: 0.6899
Epoch 59, trian_loss: 0.0026, trian_mae: 0.0486, trian_mse:0.0052, trian_r2: -0.8538, trian_cc: 0.6969
Epoch 59, val_loss: 0.0028, val_mae: 0.0499, val_mse: 0.0055, val_r2: -2.5064, val_cc: 0.6983
Epoch 60, trian_loss: 0.0027, trian_mae: 0.0495, trian_mse:0.0053, trian_r2: -1.4600, trian_cc: 0.6863
Epoch 60, val_loss: 0.0029, val_mae: 0.0503, val_mse: 0.0057, val_r2: -4.7049, val_cc: 0.6796
Epoch 61, trian_loss: 0.0027, trian_mae: 0.0494, trian_mse:0.0054, trian_r2: -2.6896, trian_cc: 0.6790
Epoch 61, val_loss: 0.0027, val_mae: 0.0491, val_mse: 0.0054, val_r2: -1.3143, val_cc: 0.6983
Epoch 62, trian_loss: 0.0025, trian_mae: 0.0483, trian_mse:0.0051, trian_r2: -0.6794, trian_cc: 0.7028
Epoch 62, val_loss: 0.0027, val_mae: 0.0500, val_mse: 0.0054, val_r2: -1.9215, val_cc: 0.6943
Epoch 63, trian_loss: 0.0025, trian_mae: 0.0478, trian_mse:0.0050, trian_r2: -0.7166, trian_cc: 0.7006
Epoch 63, val_loss: 0.0027, val_mae: 0.0491, val_mse: 0.0054, val_r2: -1.5752, val_cc: 0.6921
Epoch 64, trian_loss: 0.0025, trian_mae: 0.0476, trian_mse:0.0050, trian_r2: -0.6035, trian_cc: 0.7043
Epoch 64, val_loss: 0.0027, val_mae: 0.0491, val_mse: 0.0054, val_r2: -1.3571, val_cc: 0.6954
Epoch 65, trian_loss: 0.0025, trian_mae: 0.0480, trian_mse:0.0050, trian_r2: -0.6500, trian_cc: 0.7018
Epoch 65, val_loss: 0.0028, val_mae: 0.0496, val_mse: 0.0055, val_r2: -1.5721, val_cc: 0.6937
Epoch 66, trian_loss: 0.0025, trian_mae: 0.0476, trian_mse:0.0050, trian_r2: -0.6247, trian_cc: 0.7044
Epoch 66, val_loss: 0.0027, val_mae: 0.0488, val_mse: 0.0053, val_r2: -1.3616, val_cc: 0.6992
Epoch 67, trian_loss: 0.0025, trian_mae: 0.0478, trian_mse:0.0050, trian_r2: -0.6256, trian_cc: 0.7041
Epoch 67, val_loss: 0.0031, val_mae: 0.0523, val_mse: 0.0063, val_r2: -15.0105, val_cc: 0.6193
Epoch 68, trian_loss: 0.0025, trian_mae: 0.0476, trian_mse:0.0050, trian_r2: -0.8264, trian_cc: 0.7031
Epoch 68, val_loss: 0.0027, val_mae: 0.0486, val_mse: 0.0053, val_r2: -1.4686, val_cc: 0.7030
Epoch 69, trian_loss: 0.0025, trian_mae: 0.0483, trian_mse:0.0051, trian_r2: -0.7011, trian_cc: 0.7031
Epoch 69, val_loss: 0.0027, val_mae: 0.0490, val_mse: 0.0054, val_r2: -1.8545, val_cc: 0.6980
Epoch 70, trian_loss: 0.0025, trian_mae: 0.0475, trian_mse:0.0049, trian_r2: -0.5594, trian_cc: 0.7074
Epoch 70, val_loss: 0.0027, val_mae: 0.0491, val_mse: 0.0055, val_r2: -1.9450, val_cc: 0.6989
Epoch 71, trian_loss: 0.0025, trian_mae: 0.0475, trian_mse:0.0049, trian_r2: -0.6181, trian_cc: 0.7060
Epoch 71, val_loss: 0.0027, val_mae: 0.0484, val_mse: 0.0054, val_r2: -1.7725, val_cc: 0.7030
Epoch 72, trian_loss: 0.0024, trian_mae: 0.0472, trian_mse:0.0049, trian_r2: -0.6294, trian_cc: 0.7078
Epoch 72, val_loss: 0.0027, val_mae: 0.0483, val_mse: 0.0055, val_r2: -1.7879, val_cc: 0.7016
Epoch 73, trian_loss: 0.0024, trian_mae: 0.0474, trian_mse:0.0049, trian_r2: -0.5803, trian_cc: 0.7062
Epoch 73, val_loss: 0.0028, val_mae: 0.0487, val_mse: 0.0055, val_r2: -1.5548, val_cc: 0.6949
Epoch 74, trian_loss: 0.0025, trian_mae: 0.0476, trian_mse:0.0049, trian_r2: -0.5878, trian_cc: 0.7070
Epoch 74, val_loss: 0.0026, val_mae: 0.0477, val_mse: 0.0052, val_r2: -1.5083, val_cc: 0.7062
Epoch 75, trian_loss: 0.0024, trian_mae: 0.0472, trian_mse:0.0049, trian_r2: -0.5769, trian_cc: 0.7087
Epoch 75, val_loss: 0.0027, val_mae: 0.0483, val_mse: 0.0053, val_r2: -1.5086, val_cc: 0.6999
Epoch 76, trian_loss: 0.0024, trian_mae: 0.0475, trian_mse:0.0049, trian_r2: -0.6121, trian_cc: 0.7094
Epoch 76, val_loss: 0.0027, val_mae: 0.0489, val_mse: 0.0054, val_r2: -1.9259, val_cc: 0.7006
Epoch 77, trian_loss: 0.0024, trian_mae: 0.0473, trian_mse:0.0048, trian_r2: -0.6685, trian_cc: 0.7092
Epoch 77, val_loss: 0.0027, val_mae: 0.0483, val_mse: 0.0055, val_r2: -1.6735, val_cc: 0.6997
Epoch 78, trian_loss: 0.0024, trian_mae: 0.0471, trian_mse:0.0048, trian_r2: -0.5943, trian_cc: 0.7116
Epoch 78, val_loss: 0.0027, val_mae: 0.0481, val_mse: 0.0054, val_r2: -1.5444, val_cc: 0.7027
Epoch 79, trian_loss: 0.0024, trian_mae: 0.0468, trian_mse:0.0047, trian_r2: -0.6874, trian_cc: 0.7101
Epoch 79, val_loss: 0.0027, val_mae: 0.0479, val_mse: 0.0054, val_r2: -1.6327, val_cc: 0.7004
Epoch 80, trian_loss: 0.0025, trian_mae: 0.0482, trian_mse:0.0051, trian_r2: -0.7370, trian_cc: 0.7027
Epoch 80, val_loss: 0.0033, val_mae: 0.0565, val_mse: 0.0065, val_r2: -7.5067, val_cc: 0.6134
Epoch 81, trian_loss: 0.0024, trian_mae: 0.0472, trian_mse:0.0048, trian_r2: -0.7337, trian_cc: 0.7046
Epoch 81, val_loss: 0.0027, val_mae: 0.0476, val_mse: 0.0054, val_r2: -1.5729, val_cc: 0.7056
Epoch 82, trian_loss: 0.0024, trian_mae: 0.0468, trian_mse:0.0047, trian_r2: -0.5473, trian_cc: 0.7115
Epoch 82, val_loss: 0.0028, val_mae: 0.0491, val_mse: 0.0055, val_r2: -1.8936, val_cc: 0.6906
Epoch 83, trian_loss: 0.0024, trian_mae: 0.0466, trian_mse:0.0047, trian_r2: -1.2066, trian_cc: 0.7060
Epoch 83, val_loss: 0.0027, val_mae: 0.0489, val_mse: 0.0055, val_r2: -1.8527, val_cc: 0.7030
Epoch 84, trian_loss: 0.0023, trian_mae: 0.0462, trian_mse:0.0046, trian_r2: -0.4721, trian_cc: 0.7150
Epoch 84, val_loss: 0.0027, val_mae: 0.0474, val_mse: 0.0053, val_r2: -1.4874, val_cc: 0.7055
Epoch 85, trian_loss: 0.0023, trian_mae: 0.0458, trian_mse:0.0045, trian_r2: -0.5414, trian_cc: 0.7178
Epoch 85, val_loss: 0.0027, val_mae: 0.0473, val_mse: 0.0053, val_r2: -1.5256, val_cc: 0.7058
Epoch 86, trian_loss: 0.0024, trian_mae: 0.0468, trian_mse:0.0047, trian_r2: -0.6065, trian_cc: 0.7129
Epoch 86, val_loss: 0.0027, val_mae: 0.0479, val_mse: 0.0055, val_r2: -1.6184, val_cc: 0.7014
Epoch 87, trian_loss: 0.0023, trian_mae: 0.0464, trian_mse:0.0047, trian_r2: -0.5675, trian_cc: 0.7114
Epoch 87, val_loss: 0.0027, val_mae: 0.0479, val_mse: 0.0054, val_r2: -1.5261, val_cc: 0.7043
Epoch 88, trian_loss: 0.0023, trian_mae: 0.0463, trian_mse:0.0047, trian_r2: -0.5408, trian_cc: 0.7142
Epoch 88, val_loss: 0.0027, val_mae: 0.0486, val_mse: 0.0055, val_r2: -1.8245, val_cc: 0.6941
Epoch 89, trian_loss: 0.0023, trian_mae: 0.0464, trian_mse:0.0046, trian_r2: -0.6069, trian_cc: 0.7125
Epoch 89, val_loss: 0.0027, val_mae: 0.0485, val_mse: 0.0054, val_r2: -1.8008, val_cc: 0.7043
Epoch 90, trian_loss: 0.0023, trian_mae: 0.0456, trian_mse:0.0046, trian_r2: -0.4449, trian_cc: 0.7170
Epoch 90, val_loss: 0.0027, val_mae: 0.0476, val_mse: 0.0054, val_r2: -1.5244, val_cc: 0.7027
Epoch 91, trian_loss: 0.0022, trian_mae: 0.0452, trian_mse:0.0044, trian_r2: -0.3528, trian_cc: 0.7209
Epoch 91, val_loss: 0.0027, val_mae: 0.0472, val_mse: 0.0054, val_r2: -1.4822, val_cc: 0.7033
Epoch 92, trian_loss: 0.0022, trian_mae: 0.0456, trian_mse:0.0045, trian_r2: -0.4626, trian_cc: 0.7193
Epoch 92, val_loss: 0.0028, val_mae: 0.0480, val_mse: 0.0055, val_r2: -2.1775, val_cc: 0.7016
Epoch 93, trian_loss: 0.0023, trian_mae: 0.0461, trian_mse:0.0046, trian_r2: -0.5401, trian_cc: 0.7137
Epoch 93, val_loss: 0.0028, val_mae: 0.0498, val_mse: 0.0057, val_r2: -2.5583, val_cc: 0.6865
Epoch 94, trian_loss: 0.0024, trian_mae: 0.0465, trian_mse:0.0047, trian_r2: -0.5023, trian_cc: 0.7145
Epoch 94, val_loss: 0.0027, val_mae: 0.0487, val_mse: 0.0054, val_r2: -1.5004, val_cc: 0.7029
Epoch 95, trian_loss: 0.0023, trian_mae: 0.0463, trian_mse:0.0046, trian_r2: -0.5483, trian_cc: 0.7144
Epoch 95, val_loss: 0.0027, val_mae: 0.0474, val_mse: 0.0053, val_r2: -1.6229, val_cc: 0.7059
Epoch 96, trian_loss: 0.0022, trian_mae: 0.0447, trian_mse:0.0043, trian_r2: -0.3380, trian_cc: 0.7215
Epoch 96, val_loss: 0.0028, val_mae: 0.0473, val_mse: 0.0055, val_r2: -1.5138, val_cc: 0.7039
Epoch 97, trian_loss: 0.0023, trian_mae: 0.0460, trian_mse:0.0046, trian_r2: -0.8703, trian_cc: 0.7131
Epoch 97, val_loss: 0.0027, val_mae: 0.0484, val_mse: 0.0055, val_r2: -1.4583, val_cc: 0.7064
Epoch 98, trian_loss: 0.0022, trian_mae: 0.0445, trian_mse:0.0043, trian_r2: -0.3704, trian_cc: 0.7235
Epoch 98, val_loss: 0.0027, val_mae: 0.0473, val_mse: 0.0055, val_r2: -1.6186, val_cc: 0.7060
Epoch 99, trian_loss: 0.0022, trian_mae: 0.0449, trian_mse:0.0044, trian_r2: -0.4438, trian_cc: 0.7225
Epoch 99, val_loss: 0.0028, val_mae: 0.0489, val_mse: 0.0056, val_r2: -1.7310, val_cc: 0.6997
