Trian Data: 515   Validation Data: 172  Test Data: 172
model ResNet_2D(
  (conv1): Sequential(
    (0): Conv2d(61, 64, kernel_size=(3, 3), stride=(1, 1), padding=(1, 1), bias=False)
    (1): BatchNorm2d(64, eps=1e-05, momentum=0.1, affine=True, track_running_stats=True)
  )
  (layer1): Sequential(
    (0): BasicBlock(
      (conv1): Conv2d(64, 64, kernel_size=(3, 3), stride=(1, 1), padding=(1, 1), bias=False)
      (bn1): BatchNorm2d(64, eps=1e-05, momentum=0.1, affine=True, track_running_stats=True)
      (conv2): Conv2d(64, 64, kernel_size=(3, 3), stride=(1, 1), padding=(1, 1), bias=False)
      (bn2): BatchNorm2d(64, eps=1e-05, momentum=0.1, affine=True, track_running_stats=True)
      (shortcut): Sequential()
    )
    (1): BasicBlock(
      (conv1): Conv2d(64, 64, kernel_size=(3, 3), stride=(1, 1), padding=(1, 1), bias=False)
      (bn1): BatchNorm2d(64, eps=1e-05, momentum=0.1, affine=True, track_running_stats=True)
      (conv2): Conv2d(64, 64, kernel_size=(3, 3), stride=(1, 1), padding=(1, 1), bias=False)
      (bn2): BatchNorm2d(64, eps=1e-05, momentum=0.1, affine=True, track_running_stats=True)
      (shortcut): Sequential()
    )
    (2): BasicBlock(
      (conv1): Conv2d(64, 64, kernel_size=(3, 3), stride=(1, 1), padding=(1, 1), bias=False)
      (bn1): BatchNorm2d(64, eps=1e-05, momentum=0.1, affine=True, track_running_stats=True)
      (conv2): Conv2d(64, 64, kernel_size=(3, 3), stride=(1, 1), padding=(1, 1), bias=False)
      (bn2): BatchNorm2d(64, eps=1e-05, momentum=0.1, affine=True, track_running_stats=True)
      (shortcut): Sequential()
    )
  )
  (layer2): Sequential(
    (0): BasicBlock(
      (conv1): Conv2d(64, 64, kernel_size=(3, 3), stride=(1, 1), padding=(1, 1), bias=False)
      (bn1): BatchNorm2d(64, eps=1e-05, momentum=0.1, affine=True, track_running_stats=True)
      (conv2): Conv2d(64, 64, kernel_size=(3, 3), stride=(1, 1), padding=(1, 1), bias=False)
      (bn2): BatchNorm2d(64, eps=1e-05, momentum=0.1, affine=True, track_running_stats=True)
      (shortcut): Sequential()
    )
    (1): BasicBlock(
      (conv1): Conv2d(64, 64, kernel_size=(3, 3), stride=(1, 1), padding=(1, 1), bias=False)
      (bn1): BatchNorm2d(64, eps=1e-05, momentum=0.1, affine=True, track_running_stats=True)
      (conv2): Conv2d(64, 64, kernel_size=(3, 3), stride=(1, 1), padding=(1, 1), bias=False)
      (bn2): BatchNorm2d(64, eps=1e-05, momentum=0.1, affine=True, track_running_stats=True)
      (shortcut): Sequential()
    )
    (2): BasicBlock(
      (conv1): Conv2d(64, 64, kernel_size=(3, 3), stride=(1, 1), padding=(1, 1), bias=False)
      (bn1): BatchNorm2d(64, eps=1e-05, momentum=0.1, affine=True, track_running_stats=True)
      (conv2): Conv2d(64, 64, kernel_size=(3, 3), stride=(1, 1), padding=(1, 1), bias=False)
      (bn2): BatchNorm2d(64, eps=1e-05, momentum=0.1, affine=True, track_running_stats=True)
      (shortcut): Sequential()
    )
    (3): BasicBlock(
      (conv1): Conv2d(64, 64, kernel_size=(3, 3), stride=(1, 1), padding=(1, 1), bias=False)
      (bn1): BatchNorm2d(64, eps=1e-05, momentum=0.1, affine=True, track_running_stats=True)
      (conv2): Conv2d(64, 64, kernel_size=(3, 3), stride=(1, 1), padding=(1, 1), bias=False)
      (bn2): BatchNorm2d(64, eps=1e-05, momentum=0.1, affine=True, track_running_stats=True)
      (shortcut): Sequential()
    )
  )
  (layer3): Sequential(
    (0): BasicBlock(
      (conv1): Conv2d(64, 64, kernel_size=(3, 3), stride=(1, 1), padding=(1, 1), bias=False)
      (bn1): BatchNorm2d(64, eps=1e-05, momentum=0.1, affine=True, track_running_stats=True)
      (conv2): Conv2d(64, 64, kernel_size=(3, 3), stride=(1, 1), padding=(1, 1), bias=False)
      (bn2): BatchNorm2d(64, eps=1e-05, momentum=0.1, affine=True, track_running_stats=True)
      (shortcut): Sequential()
    )
    (1): BasicBlock(
      (conv1): Conv2d(64, 64, kernel_size=(3, 3), stride=(1, 1), padding=(1, 1), bias=False)
      (bn1): BatchNorm2d(64, eps=1e-05, momentum=0.1, affine=True, track_running_stats=True)
      (conv2): Conv2d(64, 64, kernel_size=(3, 3), stride=(1, 1), padding=(1, 1), bias=False)
      (bn2): BatchNorm2d(64, eps=1e-05, momentum=0.1, affine=True, track_running_stats=True)
      (shortcut): Sequential()
    )
    (2): BasicBlock(
      (conv1): Conv2d(64, 64, kernel_size=(3, 3), stride=(1, 1), padding=(1, 1), bias=False)
      (bn1): BatchNorm2d(64, eps=1e-05, momentum=0.1, affine=True, track_running_stats=True)
      (conv2): Conv2d(64, 64, kernel_size=(3, 3), stride=(1, 1), padding=(1, 1), bias=False)
      (bn2): BatchNorm2d(64, eps=1e-05, momentum=0.1, affine=True, track_running_stats=True)
      (shortcut): Sequential()
    )
    (3): BasicBlock(
      (conv1): Conv2d(64, 64, kernel_size=(3, 3), stride=(1, 1), padding=(1, 1), bias=False)
      (bn1): BatchNorm2d(64, eps=1e-05, momentum=0.1, affine=True, track_running_stats=True)
      (conv2): Conv2d(64, 64, kernel_size=(3, 3), stride=(1, 1), padding=(1, 1), bias=False)
      (bn2): BatchNorm2d(64, eps=1e-05, momentum=0.1, affine=True, track_running_stats=True)
      (shortcut): Sequential()
    )
  )
  (layer4): Sequential(
    (0): BasicBlock(
      (conv1): Conv2d(64, 64, kernel_size=(3, 3), stride=(1, 1), padding=(1, 1), bias=False)
      (bn1): BatchNorm2d(64, eps=1e-05, momentum=0.1, affine=True, track_running_stats=True)
      (conv2): Conv2d(64, 64, kernel_size=(3, 3), stride=(1, 1), padding=(1, 1), bias=False)
      (bn2): BatchNorm2d(64, eps=1e-05, momentum=0.1, affine=True, track_running_stats=True)
      (shortcut): Sequential()
    )
    (1): BasicBlock(
      (conv1): Conv2d(64, 64, kernel_size=(3, 3), stride=(1, 1), padding=(1, 1), bias=False)
      (bn1): BatchNorm2d(64, eps=1e-05, momentum=0.1, affine=True, track_running_stats=True)
      (conv2): Conv2d(64, 64, kernel_size=(3, 3), stride=(1, 1), padding=(1, 1), bias=False)
      (bn2): BatchNorm2d(64, eps=1e-05, momentum=0.1, affine=True, track_running_stats=True)
      (shortcut): Sequential()
    )
    (2): BasicBlock(
      (conv1): Conv2d(64, 64, kernel_size=(3, 3), stride=(1, 1), padding=(1, 1), bias=False)
      (bn1): BatchNorm2d(64, eps=1e-05, momentum=0.1, affine=True, track_running_stats=True)
      (conv2): Conv2d(64, 64, kernel_size=(3, 3), stride=(1, 1), padding=(1, 1), bias=False)
      (bn2): BatchNorm2d(64, eps=1e-05, momentum=0.1, affine=True, track_running_stats=True)
      (shortcut): Sequential()
    )
    (3): BasicBlock(
      (conv1): Conv2d(64, 64, kernel_size=(3, 3), stride=(1, 1), padding=(1, 1), bias=False)
      (bn1): BatchNorm2d(64, eps=1e-05, momentum=0.1, affine=True, track_running_stats=True)
      (conv2): Conv2d(64, 64, kernel_size=(3, 3), stride=(1, 1), padding=(1, 1), bias=False)
      (bn2): BatchNorm2d(64, eps=1e-05, momentum=0.1, affine=True, track_running_stats=True)
      (shortcut): Sequential()
    )
  )
  (conv2): Sequential(
    (0): Conv2d(64, 32, kernel_size=(3, 3), stride=(1, 1), padding=(1, 1))
    (1): BatchNorm2d(32, eps=1e-05, momentum=0.1, affine=True, track_running_stats=True)
  )
  (conv3): Sequential(
    (0): Conv2d(32, 16, kernel_size=(3, 3), stride=(1, 1), padding=(1, 1))
    (1): BatchNorm2d(16, eps=1e-05, momentum=0.1, affine=True, track_running_stats=True)
  )
  (conv4): Sequential(
    (0): Conv2d(16, 1, kernel_size=(3, 3), stride=(1, 1), padding=(1, 1))
    (1): BatchNorm2d(1, eps=1e-05, momentum=0.1, affine=True, track_running_stats=True)
  )
)
Epoch  0, trian_loss: 0.0098, trian_mae: 0.0927, trian_mse:0.0199, trian_r2: -2.6863, trian_cc: 0.3101
Epoch  0, val_loss: 0.0080, val_mae: 0.1036, val_mse: 0.0160, val_r2: -59.6344, val_cc: 0.1650
Epoch  1, trian_loss: 0.0047, trian_mae: 0.0724, trian_mse:0.0094, trian_r2: -409.9568, trian_cc: -0.0444
Epoch  1, val_loss: 0.0047, val_mae: 0.0727, val_mse: 0.0093, val_r2: -426.5085, val_cc: -0.0013
Epoch  2, trian_loss: 0.0042, trian_mae: 0.0689, trian_mse:0.0085, trian_r2: -624.9471, trian_cc: 0.0065
Epoch  2, val_loss: 0.0046, val_mae: 0.0728, val_mse: 0.0092, val_r2: -662.0613, val_cc: 0.0070
Epoch  3, trian_loss: 0.0042, trian_mae: 0.0684, trian_mse:0.0084, trian_r2: -1083.2469, trian_cc: 0.0339
Epoch  3, val_loss: 0.0046, val_mae: 0.0725, val_mse: 0.0092, val_r2: -1748.0293, val_cc: -0.0484
Epoch  4, trian_loss: 0.0041, trian_mae: 0.0680, trian_mse:0.0083, trian_r2: -1765.8211, trian_cc: 0.0103
Epoch  4, val_loss: 0.0046, val_mae: 0.0721, val_mse: 0.0092, val_r2: -1640.3933, val_cc: 0.0248
Epoch  5, trian_loss: 0.0042, trian_mae: 0.0681, trian_mse:0.0083, trian_r2: -1563.6604, trian_cc: 0.0521
Epoch  5, val_loss: 0.0046, val_mae: 0.0715, val_mse: 0.0091, val_r2: -1357.9757, val_cc: 0.0489
Epoch  6, trian_loss: 0.0041, trian_mae: 0.0678, trian_mse:0.0083, trian_r2: -1230.3455, trian_cc: 0.0699
Epoch  6, val_loss: 0.0046, val_mae: 0.0714, val_mse: 0.0091, val_r2: -1029.1330, val_cc: 0.0783
Epoch  7, trian_loss: 0.0041, trian_mae: 0.0678, trian_mse:0.0083, trian_r2: -1001.2374, trian_cc: 0.0880
Epoch  7, val_loss: 0.0045, val_mae: 0.0717, val_mse: 0.0091, val_r2: -835.2873, val_cc: 0.0894
Epoch  8, trian_loss: 0.0041, trian_mae: 0.0678, trian_mse:0.0083, trian_r2: -867.2966, trian_cc: 0.0995
Epoch  8, val_loss: 0.0046, val_mae: 0.0716, val_mse: 0.0092, val_r2: -547.6126, val_cc: 0.0840
Epoch  9, trian_loss: 0.0041, trian_mae: 0.0677, trian_mse:0.0082, trian_r2: -898.0703, trian_cc: 0.1030
Epoch  9, val_loss: 0.0045, val_mae: 0.0717, val_mse: 0.0090, val_r2: -739.7608, val_cc: 0.1113
Epoch 10, trian_loss: 0.0041, trian_mae: 0.0677, trian_mse:0.0082, trian_r2: -1020.7229, trian_cc: 0.1116
Epoch 10, val_loss: 0.0045, val_mae: 0.0715, val_mse: 0.0090, val_r2: -906.7480, val_cc: 0.1168
Epoch 11, trian_loss: 0.0041, trian_mae: 0.0676, trian_mse:0.0082, trian_r2: -918.2609, trian_cc: 0.1125
Epoch 11, val_loss: 0.0045, val_mae: 0.0715, val_mse: 0.0091, val_r2: -667.0868, val_cc: 0.1210
Epoch 12, trian_loss: 0.0041, trian_mae: 0.0675, trian_mse:0.0082, trian_r2: -786.1572, trian_cc: 0.1274
Epoch 12, val_loss: 0.0045, val_mae: 0.0716, val_mse: 0.0090, val_r2: -356.8673, val_cc: 0.1310
Epoch 13, trian_loss: 0.0041, trian_mae: 0.0676, trian_mse:0.0082, trian_r2: -756.3991, trian_cc: 0.1238
Epoch 13, val_loss: 0.0045, val_mae: 0.0714, val_mse: 0.0091, val_r2: -572.6960, val_cc: 0.1318
Epoch 14, trian_loss: 0.0041, trian_mae: 0.0675, trian_mse:0.0082, trian_r2: -556.8228, trian_cc: 0.1317
Epoch 14, val_loss: 0.0046, val_mae: 0.0721, val_mse: 0.0091, val_r2: -491.6791, val_cc: 0.1246
Epoch 15, trian_loss: 0.0041, trian_mae: 0.0674, trian_mse:0.0081, trian_r2: -443.9011, trian_cc: 0.1368
Epoch 15, val_loss: 0.0045, val_mae: 0.0712, val_mse: 0.0090, val_r2: -255.2662, val_cc: 0.1434
Epoch 16, trian_loss: 0.0040, trian_mae: 0.0673, trian_mse:0.0081, trian_r2: -352.1115, trian_cc: 0.1500
Epoch 16, val_loss: 0.0045, val_mae: 0.0708, val_mse: 0.0090, val_r2: -211.7611, val_cc: 0.1386
Epoch 17, trian_loss: 0.0040, trian_mae: 0.0671, trian_mse:0.0081, trian_r2: -250.7734, trian_cc: 0.1479
Epoch 17, val_loss: 0.0045, val_mae: 0.0707, val_mse: 0.0089, val_r2: -217.6290, val_cc: 0.1473
Epoch 18, trian_loss: 0.0040, trian_mae: 0.0671, trian_mse:0.0081, trian_r2: -214.3084, trian_cc: 0.1542
Epoch 18, val_loss: 0.0044, val_mae: 0.0706, val_mse: 0.0089, val_r2: -146.4059, val_cc: 0.1595
Epoch 19, trian_loss: 0.0040, trian_mae: 0.0668, trian_mse:0.0080, trian_r2: -167.0816, trian_cc: 0.1642
Epoch 19, val_loss: 0.0044, val_mae: 0.0701, val_mse: 0.0089, val_r2: -133.5153, val_cc: 0.1671
Epoch 20, trian_loss: 0.0040, trian_mae: 0.0666, trian_mse:0.0080, trian_r2: -216.0681, trian_cc: 0.1797
Epoch 20, val_loss: 0.0042, val_mae: 0.0661, val_mse: 0.0084, val_r2: -66.0806, val_cc: 0.2831
Epoch 21, trian_loss: 0.0041, trian_mae: 0.0673, trian_mse:0.0081, trian_r2: -254.8354, trian_cc: 0.1457
Epoch 21, val_loss: 0.0045, val_mae: 0.0714, val_mse: 0.0091, val_r2: -839.0309, val_cc: 0.0519
Epoch 22, trian_loss: 0.0041, trian_mae: 0.0674, trian_mse:0.0081, trian_r2: -683.1921, trian_cc: 0.0996
Epoch 22, val_loss: 0.0045, val_mae: 0.0713, val_mse: 0.0091, val_r2: -350.1536, val_cc: 0.0972
Epoch 23, trian_loss: 0.0040, trian_mae: 0.0672, trian_mse:0.0081, trian_r2: -214.0151, trian_cc: 0.1620
Epoch 23, val_loss: 0.0045, val_mae: 0.0714, val_mse: 0.0090, val_r2: -146.4247, val_cc: 0.1335
Epoch 24, trian_loss: 0.0040, trian_mae: 0.0670, trian_mse:0.0081, trian_r2: -212.1802, trian_cc: 0.1715
Epoch 24, val_loss: 0.0044, val_mae: 0.0702, val_mse: 0.0088, val_r2: -154.1510, val_cc: 0.1771
Epoch 25, trian_loss: 0.0040, trian_mae: 0.0664, trian_mse:0.0079, trian_r2: -183.2001, trian_cc: 0.1908
Epoch 25, val_loss: 0.0044, val_mae: 0.0700, val_mse: 0.0088, val_r2: -114.6602, val_cc: 0.1720
Epoch 26, trian_loss: 0.0039, trian_mae: 0.0655, trian_mse:0.0078, trian_r2: -175.2697, trian_cc: 0.2226
Epoch 26, val_loss: 0.0042, val_mae: 0.0657, val_mse: 0.0083, val_r2: -86.1150, val_cc: 0.3228
Epoch 27, trian_loss: 0.0039, trian_mae: 0.0656, trian_mse:0.0078, trian_r2: -172.8436, trian_cc: 0.2334
Epoch 27, val_loss: 0.0045, val_mae: 0.0715, val_mse: 0.0090, val_r2: -260.1346, val_cc: 0.1470
Epoch 28, trian_loss: 0.0037, trian_mae: 0.0637, trian_mse:0.0074, trian_r2: -144.2739, trian_cc: 0.3355
Epoch 28, val_loss: 0.0040, val_mae: 0.0633, val_mse: 0.0080, val_r2: -26.7842, val_cc: 0.4672
Epoch 29, trian_loss: 0.0036, trian_mae: 0.0629, trian_mse:0.0073, trian_r2: -141.7327, trian_cc: 0.3688
Epoch 29, val_loss: 0.0043, val_mae: 0.0669, val_mse: 0.0085, val_r2: -11.0888, val_cc: 0.4544
Epoch 30, trian_loss: 0.0033, trian_mae: 0.0598, trian_mse:0.0067, trian_r2: -76.5307, trian_cc: 0.4762
Epoch 30, val_loss: 0.0039, val_mae: 0.0629, val_mse: 0.0078, val_r2: -19.1245, val_cc: 0.4957
Epoch 31, trian_loss: 0.0033, trian_mae: 0.0597, trian_mse:0.0067, trian_r2: -102.2750, trian_cc: 0.4626
Epoch 31, val_loss: 0.0038, val_mae: 0.0616, val_mse: 0.0075, val_r2: -21.8122, val_cc: 0.4941
Epoch 32, trian_loss: 0.0032, trian_mae: 0.0582, trian_mse:0.0064, trian_r2: -50.1658, trian_cc: 0.5054
Epoch 32, val_loss: 0.0036, val_mae: 0.0616, val_mse: 0.0072, val_r2: -41.6779, val_cc: 0.5004
Epoch 33, trian_loss: 0.0032, trian_mae: 0.0581, trian_mse:0.0064, trian_r2: -39.0381, trian_cc: 0.5054
Epoch 33, val_loss: 0.0037, val_mae: 0.0625, val_mse: 0.0075, val_r2: -24.7106, val_cc: 0.5070
Epoch 34, trian_loss: 0.0032, trian_mae: 0.0581, trian_mse:0.0064, trian_r2: -49.7459, trian_cc: 0.5056
Epoch 34, val_loss: 0.0037, val_mae: 0.0610, val_mse: 0.0074, val_r2: -33.9629, val_cc: 0.5111
Epoch 35, trian_loss: 0.0032, trian_mae: 0.0576, trian_mse:0.0063, trian_r2: -45.2317, trian_cc: 0.5034
Epoch 35, val_loss: 0.0037, val_mae: 0.0618, val_mse: 0.0075, val_r2: -19.1584, val_cc: 0.5139
Epoch 36, trian_loss: 0.0031, trian_mae: 0.0568, trian_mse:0.0062, trian_r2: -40.0691, trian_cc: 0.5245
Epoch 36, val_loss: 0.0038, val_mae: 0.0612, val_mse: 0.0076, val_r2: -17.4997, val_cc: 0.5064
Epoch 37, trian_loss: 0.0031, trian_mae: 0.0565, trian_mse:0.0062, trian_r2: -32.5317, trian_cc: 0.5278
Epoch 37, val_loss: 0.0038, val_mae: 0.0630, val_mse: 0.0075, val_r2: -22.3180, val_cc: 0.5052
Epoch 38, trian_loss: 0.0030, trian_mae: 0.0561, trian_mse:0.0061, trian_r2: -25.7895, trian_cc: 0.5330
Epoch 38, val_loss: 0.0037, val_mae: 0.0625, val_mse: 0.0074, val_r2: -47.9311, val_cc: 0.4780
Epoch 39, trian_loss: 0.0030, trian_mae: 0.0557, trian_mse:0.0061, trian_r2: -31.8554, trian_cc: 0.5420
Epoch 39, val_loss: 0.0037, val_mae: 0.0604, val_mse: 0.0073, val_r2: -24.8745, val_cc: 0.5085
Epoch 40, trian_loss: 0.0030, trian_mae: 0.0557, trian_mse:0.0061, trian_r2: -25.2667, trian_cc: 0.5456
Epoch 40, val_loss: 0.0036, val_mae: 0.0601, val_mse: 0.0073, val_r2: -17.5877, val_cc: 0.5359
Epoch 41, trian_loss: 0.0030, trian_mae: 0.0551, trian_mse:0.0060, trian_r2: -23.6402, trian_cc: 0.5534
Epoch 41, val_loss: 0.0038, val_mae: 0.0618, val_mse: 0.0076, val_r2: -17.0800, val_cc: 0.5405
Epoch 42, trian_loss: 0.0030, trian_mae: 0.0544, trian_mse:0.0059, trian_r2: -22.1985, trian_cc: 0.5651
Epoch 42, val_loss: 0.0034, val_mae: 0.0578, val_mse: 0.0068, val_r2: -16.6470, val_cc: 0.5596
Epoch 43, trian_loss: 0.0030, trian_mae: 0.0545, trian_mse:0.0059, trian_r2: -20.8291, trian_cc: 0.5676
Epoch 43, val_loss: 0.0034, val_mae: 0.0572, val_mse: 0.0068, val_r2: -18.3740, val_cc: 0.5634
Epoch 44, trian_loss: 0.0029, trian_mae: 0.0538, trian_mse:0.0058, trian_r2: -16.7027, trian_cc: 0.5802
Epoch 44, val_loss: 0.0034, val_mae: 0.0578, val_mse: 0.0068, val_r2: -14.8144, val_cc: 0.5719
Epoch 45, trian_loss: 0.0029, trian_mae: 0.0533, trian_mse:0.0057, trian_r2: -18.5130, trian_cc: 0.5871
Epoch 45, val_loss: 0.0035, val_mae: 0.0593, val_mse: 0.0070, val_r2: -8.5702, val_cc: 0.5632
Epoch 46, trian_loss: 0.0029, trian_mae: 0.0536, trian_mse:0.0058, trian_r2: -16.3036, trian_cc: 0.5812
Epoch 46, val_loss: 0.0034, val_mae: 0.0568, val_mse: 0.0067, val_r2: -12.9226, val_cc: 0.5771
Epoch 47, trian_loss: 0.0028, trian_mae: 0.0519, trian_mse:0.0056, trian_r2: -13.7999, trian_cc: 0.6123
Epoch 47, val_loss: 0.0033, val_mae: 0.0564, val_mse: 0.0066, val_r2: -11.3028, val_cc: 0.5938
Epoch 48, trian_loss: 0.0027, trian_mae: 0.0514, trian_mse:0.0055, trian_r2: -12.2026, trian_cc: 0.6183
Epoch 48, val_loss: 0.0033, val_mae: 0.0573, val_mse: 0.0066, val_r2: -10.6475, val_cc: 0.5981
Epoch 49, trian_loss: 0.0027, trian_mae: 0.0513, trian_mse:0.0055, trian_r2: -12.0799, trian_cc: 0.6213
Epoch 49, val_loss: 0.0033, val_mae: 0.0556, val_mse: 0.0066, val_r2: -9.8918, val_cc: 0.5924
Epoch 50, trian_loss: 0.0027, trian_mae: 0.0512, trian_mse:0.0055, trian_r2: -11.9160, trian_cc: 0.6230
Epoch 50, val_loss: 0.0034, val_mae: 0.0569, val_mse: 0.0068, val_r2: -17.7833, val_cc: 0.5851
Epoch 51, trian_loss: 0.0027, trian_mae: 0.0506, trian_mse:0.0054, trian_r2: -10.5280, trian_cc: 0.6270
Epoch 51, val_loss: 0.0032, val_mae: 0.0561, val_mse: 0.0065, val_r2: -9.7222, val_cc: 0.6044
Epoch 52, trian_loss: 0.0027, trian_mae: 0.0505, trian_mse:0.0054, trian_r2: -9.4883, trian_cc: 0.6300
Epoch 52, val_loss: 0.0032, val_mae: 0.0558, val_mse: 0.0064, val_r2: -3.7682, val_cc: 0.6062
Epoch 53, trian_loss: 0.0027, trian_mae: 0.0503, trian_mse:0.0053, trian_r2: -9.1951, trian_cc: 0.6277
Epoch 53, val_loss: 0.0031, val_mae: 0.0554, val_mse: 0.0062, val_r2: -3.8230, val_cc: 0.6021
Epoch 54, trian_loss: 0.0026, trian_mae: 0.0500, trian_mse:0.0053, trian_r2: -9.6141, trian_cc: 0.6324
Epoch 54, val_loss: 0.0031, val_mae: 0.0549, val_mse: 0.0062, val_r2: -4.0522, val_cc: 0.6017
Epoch 55, trian_loss: 0.0026, trian_mae: 0.0497, trian_mse:0.0053, trian_r2: -7.0186, trian_cc: 0.6375
Epoch 55, val_loss: 0.0030, val_mae: 0.0530, val_mse: 0.0060, val_r2: -4.8114, val_cc: 0.6154
Epoch 56, trian_loss: 0.0026, trian_mae: 0.0496, trian_mse:0.0052, trian_r2: -6.3113, trian_cc: 0.6417
Epoch 56, val_loss: 0.0030, val_mae: 0.0530, val_mse: 0.0060, val_r2: -4.1549, val_cc: 0.6103
Epoch 57, trian_loss: 0.0026, trian_mae: 0.0494, trian_mse:0.0052, trian_r2: -7.4581, trian_cc: 0.6415
Epoch 57, val_loss: 0.0031, val_mae: 0.0536, val_mse: 0.0062, val_r2: -3.2673, val_cc: 0.6100
Epoch 58, trian_loss: 0.0026, trian_mae: 0.0492, trian_mse:0.0051, trian_r2: -6.3404, trian_cc: 0.6446
Epoch 58, val_loss: 0.0031, val_mae: 0.0548, val_mse: 0.0062, val_r2: -5.2316, val_cc: 0.6180
Epoch 59, trian_loss: 0.0026, trian_mae: 0.0492, trian_mse:0.0051, trian_r2: -5.1428, trian_cc: 0.6450
Epoch 59, val_loss: 0.0031, val_mae: 0.0541, val_mse: 0.0062, val_r2: -6.2652, val_cc: 0.6074
Epoch 60, trian_loss: 0.0025, trian_mae: 0.0489, trian_mse:0.0051, trian_r2: -5.2578, trian_cc: 0.6453
Epoch 60, val_loss: 0.0031, val_mae: 0.0543, val_mse: 0.0061, val_r2: -4.6212, val_cc: 0.6140
Epoch 61, trian_loss: 0.0025, trian_mae: 0.0486, trian_mse:0.0050, trian_r2: -4.8783, trian_cc: 0.6467
Epoch 61, val_loss: 0.0031, val_mae: 0.0541, val_mse: 0.0061, val_r2: -2.9804, val_cc: 0.6090
Epoch 62, trian_loss: 0.0025, trian_mae: 0.0483, trian_mse:0.0050, trian_r2: -4.9864, trian_cc: 0.6520
Epoch 62, val_loss: 0.0030, val_mae: 0.0522, val_mse: 0.0059, val_r2: -3.8455, val_cc: 0.6206
Epoch 63, trian_loss: 0.0025, trian_mae: 0.0486, trian_mse:0.0051, trian_r2: -6.7988, trian_cc: 0.6519
Epoch 63, val_loss: 0.0030, val_mae: 0.0537, val_mse: 0.0060, val_r2: -3.3355, val_cc: 0.6224
Epoch 64, trian_loss: 0.0025, trian_mae: 0.0480, trian_mse:0.0050, trian_r2: -4.7013, trian_cc: 0.6545
Epoch 64, val_loss: 0.0030, val_mae: 0.0537, val_mse: 0.0061, val_r2: -3.4656, val_cc: 0.6131
Epoch 65, trian_loss: 0.0025, trian_mae: 0.0479, trian_mse:0.0049, trian_r2: -5.1870, trian_cc: 0.6562
Epoch 65, val_loss: 0.0030, val_mae: 0.0528, val_mse: 0.0060, val_r2: -5.3185, val_cc: 0.6261
Epoch 66, trian_loss: 0.0025, trian_mae: 0.0481, trian_mse:0.0050, trian_r2: -5.4335, trian_cc: 0.6583
Epoch 66, val_loss: 0.0030, val_mae: 0.0542, val_mse: 0.0061, val_r2: -6.8015, val_cc: 0.6204
Epoch 67, trian_loss: 0.0024, trian_mae: 0.0474, trian_mse:0.0049, trian_r2: -5.3427, trian_cc: 0.6610
Epoch 67, val_loss: 0.0030, val_mae: 0.0533, val_mse: 0.0060, val_r2: -2.6056, val_cc: 0.6231
Epoch 68, trian_loss: 0.0025, trian_mae: 0.0478, trian_mse:0.0049, trian_r2: -3.7953, trian_cc: 0.6564
Epoch 68, val_loss: 0.0030, val_mae: 0.0527, val_mse: 0.0060, val_r2: -2.4363, val_cc: 0.6128
Epoch 69, trian_loss: 0.0024, trian_mae: 0.0473, trian_mse:0.0049, trian_r2: -5.0314, trian_cc: 0.6635
Epoch 69, val_loss: 0.0030, val_mae: 0.0533, val_mse: 0.0061, val_r2: -5.3046, val_cc: 0.6219
Epoch 70, trian_loss: 0.0025, trian_mae: 0.0479, trian_mse:0.0050, trian_r2: -5.4244, trian_cc: 0.6594
Epoch 70, val_loss: 0.0029, val_mae: 0.0515, val_mse: 0.0059, val_r2: -3.5834, val_cc: 0.6300
Epoch 71, trian_loss: 0.0024, trian_mae: 0.0471, trian_mse:0.0048, trian_r2: -5.3819, trian_cc: 0.6665
Epoch 71, val_loss: 0.0030, val_mae: 0.0522, val_mse: 0.0060, val_r2: -3.1792, val_cc: 0.6204
Epoch 72, trian_loss: 0.0024, trian_mae: 0.0470, trian_mse:0.0048, trian_r2: -4.2497, trian_cc: 0.6656
Epoch 72, val_loss: 0.0029, val_mae: 0.0519, val_mse: 0.0059, val_r2: -2.5878, val_cc: 0.6205
Epoch 73, trian_loss: 0.0024, trian_mae: 0.0468, trian_mse:0.0048, trian_r2: -3.5828, trian_cc: 0.6672
Epoch 73, val_loss: 0.0030, val_mae: 0.0521, val_mse: 0.0060, val_r2: -2.4113, val_cc: 0.6238
Epoch 74, trian_loss: 0.0024, trian_mae: 0.0468, trian_mse:0.0048, trian_r2: -4.1008, trian_cc: 0.6685
Epoch 74, val_loss: 0.0031, val_mae: 0.0541, val_mse: 0.0062, val_r2: -5.6061, val_cc: 0.6197
Epoch 75, trian_loss: 0.0024, trian_mae: 0.0468, trian_mse:0.0048, trian_r2: -3.0398, trian_cc: 0.6677
Epoch 75, val_loss: 0.0029, val_mae: 0.0518, val_mse: 0.0059, val_r2: -2.4488, val_cc: 0.6184
Epoch 76, trian_loss: 0.0024, trian_mae: 0.0470, trian_mse:0.0048, trian_r2: -4.1460, trian_cc: 0.6671
Epoch 76, val_loss: 0.0029, val_mae: 0.0519, val_mse: 0.0058, val_r2: -2.5035, val_cc: 0.6286
Epoch 77, trian_loss: 0.0023, trian_mae: 0.0460, trian_mse:0.0047, trian_r2: -3.2136, trian_cc: 0.6752
Epoch 77, val_loss: 0.0029, val_mae: 0.0521, val_mse: 0.0058, val_r2: -1.9761, val_cc: 0.6251
Epoch 78, trian_loss: 0.0023, trian_mae: 0.0461, trian_mse:0.0047, trian_r2: -2.8721, trian_cc: 0.6747
Epoch 78, val_loss: 0.0030, val_mae: 0.0532, val_mse: 0.0061, val_r2: -2.1750, val_cc: 0.6226
Epoch 79, trian_loss: 0.0024, trian_mae: 0.0466, trian_mse:0.0048, trian_r2: -4.0411, trian_cc: 0.6701
Epoch 79, val_loss: 0.0031, val_mae: 0.0527, val_mse: 0.0062, val_r2: -3.0730, val_cc: 0.6265
Epoch 80, trian_loss: 0.0023, trian_mae: 0.0457, trian_mse:0.0046, trian_r2: -2.6350, trian_cc: 0.6783
Epoch 80, val_loss: 0.0030, val_mae: 0.0524, val_mse: 0.0061, val_r2: -2.8811, val_cc: 0.6264
Epoch 81, trian_loss: 0.0023, trian_mae: 0.0456, trian_mse:0.0046, trian_r2: -2.9196, trian_cc: 0.6797
Epoch 81, val_loss: 0.0029, val_mae: 0.0504, val_mse: 0.0057, val_r2: -2.5244, val_cc: 0.6324
Epoch 82, trian_loss: 0.0023, trian_mae: 0.0456, trian_mse:0.0046, trian_r2: -3.0273, trian_cc: 0.6805
Epoch 82, val_loss: 0.0029, val_mae: 0.0517, val_mse: 0.0058, val_r2: -1.6496, val_cc: 0.6291
Epoch 83, trian_loss: 0.0023, trian_mae: 0.0456, trian_mse:0.0046, trian_r2: -2.2145, trian_cc: 0.6792
Epoch 83, val_loss: 0.0029, val_mae: 0.0515, val_mse: 0.0058, val_r2: -2.4576, val_cc: 0.6199
Epoch 84, trian_loss: 0.0023, trian_mae: 0.0455, trian_mse:0.0046, trian_r2: -2.5859, trian_cc: 0.6812
Epoch 84, val_loss: 0.0029, val_mae: 0.0507, val_mse: 0.0058, val_r2: -3.0916, val_cc: 0.6290
Epoch 85, trian_loss: 0.0023, trian_mae: 0.0455, trian_mse:0.0046, trian_r2: -3.1981, trian_cc: 0.6807
Epoch 85, val_loss: 0.0029, val_mae: 0.0510, val_mse: 0.0058, val_r2: -2.1321, val_cc: 0.6271
Epoch 86, trian_loss: 0.0022, trian_mae: 0.0449, trian_mse:0.0045, trian_r2: -2.6786, trian_cc: 0.6844
Epoch 86, val_loss: 0.0029, val_mae: 0.0506, val_mse: 0.0058, val_r2: -2.1870, val_cc: 0.6314
Epoch 87, trian_loss: 0.0022, trian_mae: 0.0452, trian_mse:0.0045, trian_r2: -2.6411, trian_cc: 0.6859
Epoch 87, val_loss: 0.0029, val_mae: 0.0512, val_mse: 0.0059, val_r2: -2.5924, val_cc: 0.6337
Epoch 88, trian_loss: 0.0022, trian_mae: 0.0448, trian_mse:0.0045, trian_r2: -2.7896, trian_cc: 0.6863
Epoch 88, val_loss: 0.0031, val_mae: 0.0519, val_mse: 0.0061, val_r2: -3.2206, val_cc: 0.6156
Epoch 89, trian_loss: 0.0022, trian_mae: 0.0450, trian_mse:0.0044, trian_r2: -2.1634, trian_cc: 0.6845
Epoch 89, val_loss: 0.0029, val_mae: 0.0508, val_mse: 0.0058, val_r2: -2.8183, val_cc: 0.6336
Epoch 90, trian_loss: 0.0022, trian_mae: 0.0451, trian_mse:0.0045, trian_r2: -2.3954, trian_cc: 0.6827
Epoch 90, val_loss: 0.0028, val_mae: 0.0507, val_mse: 0.0057, val_r2: -2.9438, val_cc: 0.6307
Epoch 91, trian_loss: 0.0022, trian_mae: 0.0450, trian_mse:0.0045, trian_r2: -2.6742, trian_cc: 0.6859
Epoch 91, val_loss: 0.0030, val_mae: 0.0511, val_mse: 0.0059, val_r2: -2.2339, val_cc: 0.6343
Epoch 92, trian_loss: 0.0022, trian_mae: 0.0445, trian_mse:0.0044, trian_r2: -2.5393, trian_cc: 0.6885
Epoch 92, val_loss: 0.0029, val_mae: 0.0502, val_mse: 0.0058, val_r2: -3.1938, val_cc: 0.6293
Epoch 93, trian_loss: 0.0022, trian_mae: 0.0444, trian_mse:0.0044, trian_r2: -2.5640, trian_cc: 0.6904
Epoch 93, val_loss: 0.0028, val_mae: 0.0499, val_mse: 0.0056, val_r2: -2.7966, val_cc: 0.6320
Epoch 94, trian_loss: 0.0021, trian_mae: 0.0440, trian_mse:0.0043, trian_r2: -2.4182, trian_cc: 0.6937
Epoch 94, val_loss: 0.0028, val_mae: 0.0496, val_mse: 0.0056, val_r2: -2.9782, val_cc: 0.6348
Epoch 95, trian_loss: 0.0022, trian_mae: 0.0442, trian_mse:0.0043, trian_r2: -2.0398, trian_cc: 0.6927
Epoch 95, val_loss: 0.0028, val_mae: 0.0502, val_mse: 0.0057, val_r2: -2.4799, val_cc: 0.6341
Epoch 96, trian_loss: 0.0022, trian_mae: 0.0441, trian_mse:0.0043, trian_r2: -2.2090, trian_cc: 0.6945
Epoch 96, val_loss: 0.0030, val_mae: 0.0509, val_mse: 0.0059, val_r2: -2.6384, val_cc: 0.6306
Epoch 97, trian_loss: 0.0022, trian_mae: 0.0441, trian_mse:0.0043, trian_r2: -2.0459, trian_cc: 0.6931
Epoch 97, val_loss: 0.0029, val_mae: 0.0514, val_mse: 0.0058, val_r2: -2.5661, val_cc: 0.6314
Epoch 98, trian_loss: 0.0021, trian_mae: 0.0438, trian_mse:0.0043, trian_r2: -2.2585, trian_cc: 0.6954
Epoch 98, val_loss: 0.0029, val_mae: 0.0500, val_mse: 0.0057, val_r2: -2.8559, val_cc: 0.6311
Epoch 99, trian_loss: 0.0022, trian_mae: 0.0441, trian_mse:0.0043, trian_r2: -2.3643, trian_cc: 0.6931
Epoch 99, val_loss: 0.0029, val_mae: 0.0496, val_mse: 0.0057, val_r2: -2.9788, val_cc: 0.6358
