Trian Data: 515   Validation Data: 172  Test Data: 172
model ResNet_2D(
  (conv1): Sequential(
    (0): Conv2d(438, 64, kernel_size=(3, 3), stride=(1, 1), padding=(1, 1), bias=False)
    (1): BatchNorm2d(64, eps=1e-05, momentum=0.1, affine=True, track_running_stats=True)
  )
  (layer1): Sequential(
    (0): BasicBlock(
      (conv1): Conv2d(64, 64, kernel_size=(3, 3), stride=(1, 1), padding=(1, 1), bias=False)
      (bn1): BatchNorm2d(64, eps=1e-05, momentum=0.1, affine=True, track_running_stats=True)
      (conv2): Conv2d(64, 64, kernel_size=(3, 3), stride=(1, 1), padding=(1, 1), bias=False)
      (bn2): BatchNorm2d(64, eps=1e-05, momentum=0.1, affine=True, track_running_stats=True)
      (shortcut): Sequential()
    )
    (1): BasicBlock(
      (conv1): Conv2d(64, 64, kernel_size=(3, 3), stride=(1, 1), padding=(1, 1), bias=False)
      (bn1): BatchNorm2d(64, eps=1e-05, momentum=0.1, affine=True, track_running_stats=True)
      (conv2): Conv2d(64, 64, kernel_size=(3, 3), stride=(1, 1), padding=(1, 1), bias=False)
      (bn2): BatchNorm2d(64, eps=1e-05, momentum=0.1, affine=True, track_running_stats=True)
      (shortcut): Sequential()
    )
  )
  (layer2): Sequential(
    (0): BasicBlock(
      (conv1): Conv2d(64, 64, kernel_size=(3, 3), stride=(1, 1), padding=(1, 1), bias=False)
      (bn1): BatchNorm2d(64, eps=1e-05, momentum=0.1, affine=True, track_running_stats=True)
      (conv2): Conv2d(64, 64, kernel_size=(3, 3), stride=(1, 1), padding=(1, 1), bias=False)
      (bn2): BatchNorm2d(64, eps=1e-05, momentum=0.1, affine=True, track_running_stats=True)
      (shortcut): Sequential()
    )
    (1): BasicBlock(
      (conv1): Conv2d(64, 64, kernel_size=(3, 3), stride=(1, 1), padding=(1, 1), bias=False)
      (bn1): BatchNorm2d(64, eps=1e-05, momentum=0.1, affine=True, track_running_stats=True)
      (conv2): Conv2d(64, 64, kernel_size=(3, 3), stride=(1, 1), padding=(1, 1), bias=False)
      (bn2): BatchNorm2d(64, eps=1e-05, momentum=0.1, affine=True, track_running_stats=True)
      (shortcut): Sequential()
    )
  )
  (layer3): Sequential(
    (0): BasicBlock(
      (conv1): Conv2d(64, 64, kernel_size=(3, 3), stride=(1, 1), padding=(1, 1), bias=False)
      (bn1): BatchNorm2d(64, eps=1e-05, momentum=0.1, affine=True, track_running_stats=True)
      (conv2): Conv2d(64, 64, kernel_size=(3, 3), stride=(1, 1), padding=(1, 1), bias=False)
      (bn2): BatchNorm2d(64, eps=1e-05, momentum=0.1, affine=True, track_running_stats=True)
      (shortcut): Sequential()
    )
    (1): BasicBlock(
      (conv1): Conv2d(64, 64, kernel_size=(3, 3), stride=(1, 1), padding=(1, 1), bias=False)
      (bn1): BatchNorm2d(64, eps=1e-05, momentum=0.1, affine=True, track_running_stats=True)
      (conv2): Conv2d(64, 64, kernel_size=(3, 3), stride=(1, 1), padding=(1, 1), bias=False)
      (bn2): BatchNorm2d(64, eps=1e-05, momentum=0.1, affine=True, track_running_stats=True)
      (shortcut): Sequential()
    )
  )
  (layer4): Sequential(
    (0): BasicBlock(
      (conv1): Conv2d(64, 64, kernel_size=(3, 3), stride=(1, 1), padding=(1, 1), bias=False)
      (bn1): BatchNorm2d(64, eps=1e-05, momentum=0.1, affine=True, track_running_stats=True)
      (conv2): Conv2d(64, 64, kernel_size=(3, 3), stride=(1, 1), padding=(1, 1), bias=False)
      (bn2): BatchNorm2d(64, eps=1e-05, momentum=0.1, affine=True, track_running_stats=True)
      (shortcut): Sequential()
    )
    (1): BasicBlock(
      (conv1): Conv2d(64, 64, kernel_size=(3, 3), stride=(1, 1), padding=(1, 1), bias=False)
      (bn1): BatchNorm2d(64, eps=1e-05, momentum=0.1, affine=True, track_running_stats=True)
      (conv2): Conv2d(64, 64, kernel_size=(3, 3), stride=(1, 1), padding=(1, 1), bias=False)
      (bn2): BatchNorm2d(64, eps=1e-05, momentum=0.1, affine=True, track_running_stats=True)
      (shortcut): Sequential()
    )
  )
  (conv2): Sequential(
    (0): Conv2d(64, 32, kernel_size=(3, 3), stride=(1, 1), padding=(1, 1))
    (1): BatchNorm2d(32, eps=1e-05, momentum=0.1, affine=True, track_running_stats=True)
  )
  (conv3): Sequential(
    (0): Conv2d(32, 16, kernel_size=(3, 3), stride=(1, 1), padding=(1, 1))
    (1): BatchNorm2d(16, eps=1e-05, momentum=0.1, affine=True, track_running_stats=True)
  )
  (conv4): Sequential(
    (0): Conv2d(16, 1, kernel_size=(3, 3), stride=(1, 1), padding=(1, 1))
    (1): BatchNorm2d(1, eps=1e-05, momentum=0.1, affine=True, track_running_stats=True)
  )
)
Epoch  0, trian_loss: 0.0098, trian_mae: 0.0967, trian_mse:0.0199, trian_r2: -1.9753, trian_cc: 0.4265
Epoch  0, val_loss: 0.0103, val_mae: 0.1117, val_mse: 0.0206, val_r2: -inf, val_cc: nan
Epoch  1, trian_loss: 0.0073, trian_mae: 0.0893, trian_mse:0.0146, trian_r2: -192.6643, trian_cc: 0.2363
Epoch  1, val_loss: 0.0063, val_mae: 0.0818, val_mse: 0.0125, val_r2: -144.7826, val_cc: 0.3184
Epoch  2, trian_loss: 0.0066, trian_mae: 0.0842, trian_mse:0.0131, trian_r2: -211.6959, trian_cc: 0.2878
Epoch  2, val_loss: 0.0060, val_mae: 0.0815, val_mse: 0.0120, val_r2: -162.2247, val_cc: 0.3351
Epoch  3, trian_loss: 0.0063, trian_mae: 0.0832, trian_mse:0.0127, trian_r2: -229.3133, trian_cc: 0.3357
Epoch  3, val_loss: 0.0061, val_mae: 0.0797, val_mse: 0.0122, val_r2: -198.7750, val_cc: 0.3476
Epoch  4, trian_loss: 0.0062, trian_mae: 0.0827, trian_mse:0.0125, trian_r2: -261.6835, trian_cc: 0.3691
Epoch  4, val_loss: 0.0061, val_mae: 0.0828, val_mse: 0.0122, val_r2: -223.4280, val_cc: 0.3900
Epoch  5, trian_loss: 0.0063, trian_mae: 0.0825, trian_mse:0.0125, trian_r2: -290.9040, trian_cc: 0.3838
Epoch  5, val_loss: 0.0059, val_mae: 0.0795, val_mse: 0.0117, val_r2: -181.1441, val_cc: 0.4130
Epoch  6, trian_loss: 0.0062, trian_mae: 0.0823, trian_mse:0.0124, trian_r2: -373.5941, trian_cc: 0.3889
Epoch  6, val_loss: 0.0058, val_mae: 0.0800, val_mse: 0.0117, val_r2: -295.0197, val_cc: 0.4044
Epoch  7, trian_loss: 0.0061, trian_mae: 0.0818, trian_mse:0.0123, trian_r2: -379.6551, trian_cc: 0.3929
Epoch  7, val_loss: 0.0059, val_mae: 0.0807, val_mse: 0.0117, val_r2: -336.7821, val_cc: 0.4099
Epoch  8, trian_loss: 0.0062, trian_mae: 0.0822, trian_mse:0.0123, trian_r2: -434.2536, trian_cc: 0.3971
Epoch  8, val_loss: 0.0059, val_mae: 0.0806, val_mse: 0.0117, val_r2: -259.5802, val_cc: 0.4084
Epoch  9, trian_loss: 0.0061, trian_mae: 0.0820, trian_mse:0.0123, trian_r2: -442.6393, trian_cc: 0.4116
Epoch  9, val_loss: 0.0058, val_mae: 0.0804, val_mse: 0.0116, val_r2: -246.3206, val_cc: 0.4325
Epoch 10, trian_loss: 0.0061, trian_mae: 0.0817, trian_mse:0.0122, trian_r2: -381.0627, trian_cc: 0.4268
Epoch 10, val_loss: 0.0059, val_mae: 0.0808, val_mse: 0.0117, val_r2: -372.0444, val_cc: 0.4185
Epoch 11, trian_loss: 0.0061, trian_mae: 0.0817, trian_mse:0.0122, trian_r2: -402.4147, trian_cc: 0.4303
Epoch 11, val_loss: 0.0058, val_mae: 0.0804, val_mse: 0.0117, val_r2: -226.0986, val_cc: 0.4219
Epoch 12, trian_loss: 0.0061, trian_mae: 0.0815, trian_mse:0.0121, trian_r2: -332.8349, trian_cc: 0.4386
Epoch 12, val_loss: 0.0058, val_mae: 0.0810, val_mse: 0.0117, val_r2: -168.8400, val_cc: 0.4308
Epoch 13, trian_loss: 0.0060, trian_mae: 0.0814, trian_mse:0.0120, trian_r2: -245.0772, trian_cc: 0.4368
Epoch 13, val_loss: 0.0059, val_mae: 0.0823, val_mse: 0.0118, val_r2: -105.5747, val_cc: 0.4213
Epoch 14, trian_loss: 0.0060, trian_mae: 0.0808, trian_mse:0.0119, trian_r2: -266.7975, trian_cc: 0.4408
Epoch 14, val_loss: 0.0061, val_mae: 0.0847, val_mse: 0.0122, val_r2: -98.8263, val_cc: 0.4198
Epoch 15, trian_loss: 0.0059, trian_mae: 0.0810, trian_mse:0.0119, trian_r2: -236.7527, trian_cc: 0.4364
Epoch 15, val_loss: 0.0058, val_mae: 0.0815, val_mse: 0.0117, val_r2: -79.0922, val_cc: 0.4177
Epoch 16, trian_loss: 0.0059, trian_mae: 0.0802, trian_mse:0.0117, trian_r2: -165.6684, trian_cc: 0.4355
Epoch 16, val_loss: 0.0057, val_mae: 0.0793, val_mse: 0.0114, val_r2: -83.9362, val_cc: 0.4163
Epoch 17, trian_loss: 0.0057, trian_mae: 0.0793, trian_mse:0.0114, trian_r2: -127.4982, trian_cc: 0.4388
Epoch 17, val_loss: 0.0058, val_mae: 0.0800, val_mse: 0.0115, val_r2: -88.3528, val_cc: 0.4147
Epoch 18, trian_loss: 0.0057, trian_mae: 0.0791, trian_mse:0.0114, trian_r2: -102.1350, trian_cc: 0.4331
Epoch 18, val_loss: 0.0057, val_mae: 0.0805, val_mse: 0.0114, val_r2: -73.3651, val_cc: 0.4062
Epoch 19, trian_loss: 0.0056, trian_mae: 0.0786, trian_mse:0.0112, trian_r2: -97.1945, trian_cc: 0.4306
Epoch 19, val_loss: 0.0056, val_mae: 0.0795, val_mse: 0.0111, val_r2: -82.2747, val_cc: 0.3897
Epoch 20, trian_loss: 0.0056, trian_mae: 0.0786, trian_mse:0.0112, trian_r2: -88.8410, trian_cc: 0.4333
Epoch 20, val_loss: 0.0057, val_mae: 0.0811, val_mse: 0.0115, val_r2: -72.3617, val_cc: 0.3803
Epoch 21, trian_loss: 0.0056, trian_mae: 0.0786, trian_mse:0.0112, trian_r2: -100.9466, trian_cc: 0.4244
Epoch 21, val_loss: 0.0055, val_mae: 0.0788, val_mse: 0.0110, val_r2: -100.8162, val_cc: 0.3837
Epoch 22, trian_loss: 0.0055, trian_mae: 0.0780, trian_mse:0.0110, trian_r2: -82.8423, trian_cc: 0.4218
Epoch 22, val_loss: 0.0057, val_mae: 0.0807, val_mse: 0.0114, val_r2: -77.5637, val_cc: 0.3754
Epoch 23, trian_loss: 0.0055, trian_mae: 0.0778, trian_mse:0.0110, trian_r2: -86.7748, trian_cc: 0.4292
Epoch 23, val_loss: 0.0057, val_mae: 0.0818, val_mse: 0.0114, val_r2: -85.4980, val_cc: 0.3774
Epoch 24, trian_loss: 0.0055, trian_mae: 0.0777, trian_mse:0.0109, trian_r2: -82.3287, trian_cc: 0.4397
Epoch 24, val_loss: 0.0058, val_mae: 0.0817, val_mse: 0.0116, val_r2: -73.1807, val_cc: 0.3604
Epoch 25, trian_loss: 0.0054, trian_mae: 0.0774, trian_mse:0.0109, trian_r2: -69.6001, trian_cc: 0.4411
Epoch 25, val_loss: 0.0059, val_mae: 0.0811, val_mse: 0.0118, val_r2: -70.4720, val_cc: 0.3609
Epoch 26, trian_loss: 0.0054, trian_mae: 0.0771, trian_mse:0.0107, trian_r2: -87.4191, trian_cc: 0.4383
Epoch 26, val_loss: 0.0057, val_mae: 0.0802, val_mse: 0.0113, val_r2: -79.1664, val_cc: 0.3501
Epoch 27, trian_loss: 0.0053, trian_mae: 0.0767, trian_mse:0.0107, trian_r2: -69.5200, trian_cc: 0.4512
Epoch 27, val_loss: 0.0059, val_mae: 0.0814, val_mse: 0.0118, val_r2: -62.2788, val_cc: 0.3527
Epoch 28, trian_loss: 0.0053, trian_mae: 0.0764, trian_mse:0.0106, trian_r2: -54.8129, trian_cc: 0.4532
Epoch 28, val_loss: 0.0060, val_mae: 0.0832, val_mse: 0.0120, val_r2: -71.3539, val_cc: 0.3437
Epoch 29, trian_loss: 0.0052, trian_mae: 0.0758, trian_mse:0.0104, trian_r2: -48.3085, trian_cc: 0.4569
Epoch 29, val_loss: 0.0061, val_mae: 0.0832, val_mse: 0.0121, val_r2: -44.7296, val_cc: 0.3323
Epoch 30, trian_loss: 0.0052, trian_mae: 0.0753, trian_mse:0.0104, trian_r2: -51.0010, trian_cc: 0.4659
Epoch 30, val_loss: 0.0061, val_mae: 0.0843, val_mse: 0.0123, val_r2: -67.8895, val_cc: 0.3279
Epoch 31, trian_loss: 0.0050, trian_mae: 0.0744, trian_mse:0.0101, trian_r2: -46.7343, trian_cc: 0.4784
Epoch 31, val_loss: 0.0063, val_mae: 0.0851, val_mse: 0.0127, val_r2: -52.4260, val_cc: 0.3436
Epoch 32, trian_loss: 0.0050, trian_mae: 0.0739, trian_mse:0.0100, trian_r2: -35.8069, trian_cc: 0.4877
Epoch 32, val_loss: 0.0066, val_mae: 0.0882, val_mse: 0.0133, val_r2: -40.8285, val_cc: 0.3361
Epoch 33, trian_loss: 0.0049, trian_mae: 0.0731, trian_mse:0.0098, trian_r2: -30.5133, trian_cc: 0.4964
Epoch 33, val_loss: 0.0061, val_mae: 0.0841, val_mse: 0.0122, val_r2: -47.4501, val_cc: 0.3242
Epoch 34, trian_loss: 0.0047, trian_mae: 0.0716, trian_mse:0.0093, trian_r2: -24.9872, trian_cc: 0.5067
Epoch 34, val_loss: 0.0065, val_mae: 0.0870, val_mse: 0.0131, val_r2: -23.3981, val_cc: 0.3073
Epoch 35, trian_loss: 0.0047, trian_mae: 0.0708, trian_mse:0.0093, trian_r2: -19.8697, trian_cc: 0.5294
Epoch 35, val_loss: 0.0064, val_mae: 0.0872, val_mse: 0.0129, val_r2: -20.1444, val_cc: 0.2971
Epoch 36, trian_loss: 0.0046, trian_mae: 0.0703, trian_mse:0.0092, trian_r2: -21.6193, trian_cc: 0.5487
Epoch 36, val_loss: 0.0062, val_mae: 0.0844, val_mse: 0.0123, val_r2: -21.9852, val_cc: 0.2944
Epoch 37, trian_loss: 0.0043, trian_mae: 0.0682, trian_mse:0.0087, trian_r2: -13.2386, trian_cc: 0.5636
Epoch 37, val_loss: 0.0068, val_mae: 0.0894, val_mse: 0.0136, val_r2: -16.4317, val_cc: 0.2914
Epoch 38, trian_loss: 0.0043, trian_mae: 0.0685, trian_mse:0.0087, trian_r2: -11.5889, trian_cc: 0.5759
Epoch 38, val_loss: 0.0069, val_mae: 0.0897, val_mse: 0.0138, val_r2: -14.3544, val_cc: 0.2788
Epoch 39, trian_loss: 0.0042, trian_mae: 0.0671, trian_mse:0.0083, trian_r2: -10.9563, trian_cc: 0.5851
Epoch 39, val_loss: 0.0068, val_mae: 0.0883, val_mse: 0.0135, val_r2: -9.3655, val_cc: 0.2716
Epoch 40, trian_loss: 0.0043, trian_mae: 0.0677, trian_mse:0.0085, trian_r2: -9.2205, trian_cc: 0.5952
Epoch 40, val_loss: 0.0059, val_mae: 0.0801, val_mse: 0.0117, val_r2: -12.7227, val_cc: 0.2548
Epoch 41, trian_loss: 0.0040, trian_mae: 0.0657, trian_mse:0.0080, trian_r2: -7.0299, trian_cc: 0.6081
Epoch 41, val_loss: 0.0067, val_mae: 0.0869, val_mse: 0.0134, val_r2: -10.1429, val_cc: 0.2671
Epoch 42, trian_loss: 0.0039, trian_mae: 0.0645, trian_mse:0.0077, trian_r2: -6.8680, trian_cc: 0.6189
Epoch 42, val_loss: 0.0064, val_mae: 0.0823, val_mse: 0.0129, val_r2: -12.0297, val_cc: 0.2671
Epoch 43, trian_loss: 0.0039, trian_mae: 0.0649, trian_mse:0.0078, trian_r2: -6.6098, trian_cc: 0.6274
Epoch 43, val_loss: 0.0067, val_mae: 0.0858, val_mse: 0.0134, val_r2: -9.5601, val_cc: 0.2841
Epoch 44, trian_loss: 0.0038, trian_mae: 0.0638, trian_mse:0.0076, trian_r2: -10.0578, trian_cc: 0.6365
Epoch 44, val_loss: 0.0060, val_mae: 0.0812, val_mse: 0.0121, val_r2: -10.7157, val_cc: 0.2690
Epoch 45, trian_loss: 0.0035, trian_mae: 0.0620, trian_mse:0.0070, trian_r2: -4.8103, trian_cc: 0.6445
Epoch 45, val_loss: 0.0062, val_mae: 0.0831, val_mse: 0.0125, val_r2: -8.7638, val_cc: 0.2500
Epoch 46, trian_loss: 0.0035, trian_mae: 0.0612, trian_mse:0.0069, trian_r2: -4.7057, trian_cc: 0.6579
Epoch 46, val_loss: 0.0069, val_mae: 0.0868, val_mse: 0.0138, val_r2: -8.8687, val_cc: 0.2758
Epoch 47, trian_loss: 0.0034, trian_mae: 0.0610, trian_mse:0.0069, trian_r2: -5.3399, trian_cc: 0.6589
Epoch 47, val_loss: 0.0069, val_mae: 0.0863, val_mse: 0.0139, val_r2: -10.0061, val_cc: 0.2693
Epoch 48, trian_loss: 0.0032, trian_mae: 0.0597, trian_mse:0.0065, trian_r2: -3.9061, trian_cc: 0.6731
Epoch 48, val_loss: 0.0072, val_mae: 0.0876, val_mse: 0.0143, val_r2: -6.5445, val_cc: 0.2585
Epoch 49, trian_loss: 0.0032, trian_mae: 0.0597, trian_mse:0.0065, trian_r2: -5.0660, trian_cc: 0.6744
Epoch 49, val_loss: 0.0065, val_mae: 0.0859, val_mse: 0.0131, val_r2: -6.9630, val_cc: 0.2443
Epoch 50, trian_loss: 0.0031, trian_mae: 0.0587, trian_mse:0.0063, trian_r2: -3.9981, trian_cc: 0.6837
Epoch 50, val_loss: 0.0086, val_mae: 0.0980, val_mse: 0.0171, val_r2: -4.9574, val_cc: 0.2470
Epoch 51, trian_loss: 0.0030, trian_mae: 0.0579, trian_mse:0.0060, trian_r2: -3.5035, trian_cc: 0.6908
Epoch 51, val_loss: 0.0060, val_mae: 0.0799, val_mse: 0.0121, val_r2: -9.9601, val_cc: 0.2396
Epoch 52, trian_loss: 0.0030, trian_mae: 0.0577, trian_mse:0.0060, trian_r2: -4.8585, trian_cc: 0.6928
Epoch 52, val_loss: 0.0077, val_mae: 0.0925, val_mse: 0.0155, val_r2: -4.7634, val_cc: 0.2521
Epoch 53, trian_loss: 0.0029, trian_mae: 0.0571, trian_mse:0.0057, trian_r2: -3.7558, trian_cc: 0.7004
Epoch 53, val_loss: 0.0105, val_mae: 0.1105, val_mse: 0.0210, val_r2: -4.4413, val_cc: 0.2305
Epoch 54, trian_loss: 0.0027, trian_mae: 0.0552, trian_mse:0.0054, trian_r2: -2.3839, trian_cc: 0.7111
Epoch 54, val_loss: 0.0073, val_mae: 0.0899, val_mse: 0.0146, val_r2: -4.7712, val_cc: 0.2309
Epoch 55, trian_loss: 0.0027, trian_mae: 0.0554, trian_mse:0.0054, trian_r2: -2.5207, trian_cc: 0.7169
Epoch 55, val_loss: 0.0071, val_mae: 0.0883, val_mse: 0.0142, val_r2: -5.0357, val_cc: 0.2349
Epoch 56, trian_loss: 0.0026, trian_mae: 0.0545, trian_mse:0.0052, trian_r2: -2.4714, trian_cc: 0.7241
Epoch 56, val_loss: 0.0061, val_mae: 0.0809, val_mse: 0.0122, val_r2: -5.5515, val_cc: 0.2460
Epoch 57, trian_loss: 0.0024, trian_mae: 0.0523, trian_mse:0.0047, trian_r2: -1.7788, trian_cc: 0.7311
Epoch 57, val_loss: 0.0074, val_mae: 0.0914, val_mse: 0.0149, val_r2: -3.9828, val_cc: 0.2441
Epoch 58, trian_loss: 0.0027, trian_mae: 0.0556, trian_mse:0.0054, trian_r2: -2.5840, trian_cc: 0.7250
Epoch 58, val_loss: 0.0068, val_mae: 0.0886, val_mse: 0.0136, val_r2: -4.4593, val_cc: 0.2246
Epoch 59, trian_loss: 0.0026, trian_mae: 0.0547, trian_mse:0.0053, trian_r2: -2.6444, trian_cc: 0.7342
Epoch 59, val_loss: 0.0061, val_mae: 0.0782, val_mse: 0.0122, val_r2: -13.4612, val_cc: 0.2925
Epoch 60, trian_loss: 0.0025, trian_mae: 0.0533, trian_mse:0.0050, trian_r2: -2.3273, trian_cc: 0.7374
Epoch 60, val_loss: 0.0067, val_mae: 0.0833, val_mse: 0.0133, val_r2: -5.8917, val_cc: 0.2785
Epoch 61, trian_loss: 0.0024, trian_mae: 0.0524, trian_mse:0.0048, trian_r2: -1.5306, trian_cc: 0.7466
Epoch 61, val_loss: 0.0080, val_mae: 0.0940, val_mse: 0.0159, val_r2: -3.5535, val_cc: 0.2728
Epoch 62, trian_loss: 0.0022, trian_mae: 0.0509, trian_mse:0.0044, trian_r2: -1.2163, trian_cc: 0.7540
Epoch 62, val_loss: 0.0065, val_mae: 0.0825, val_mse: 0.0130, val_r2: -5.2212, val_cc: 0.2876
Epoch 63, trian_loss: 0.0023, trian_mae: 0.0507, trian_mse:0.0046, trian_r2: -1.0871, trian_cc: 0.7616
Epoch 63, val_loss: 0.0065, val_mae: 0.0830, val_mse: 0.0131, val_r2: -5.3151, val_cc: 0.3057
Epoch 64, trian_loss: 0.0022, trian_mae: 0.0497, trian_mse:0.0043, trian_r2: -1.1134, trian_cc: 0.7673
Epoch 64, val_loss: 0.0067, val_mae: 0.0837, val_mse: 0.0135, val_r2: -4.8206, val_cc: 0.2911
Epoch 65, trian_loss: 0.0021, trian_mae: 0.0489, trian_mse:0.0042, trian_r2: -0.9616, trian_cc: 0.7736
Epoch 65, val_loss: 0.0067, val_mae: 0.0845, val_mse: 0.0135, val_r2: -3.9992, val_cc: 0.3050
Epoch 66, trian_loss: 0.0021, trian_mae: 0.0485, trian_mse:0.0041, trian_r2: -0.8872, trian_cc: 0.7783
Epoch 66, val_loss: 0.0072, val_mae: 0.0882, val_mse: 0.0144, val_r2: -3.3249, val_cc: 0.2790
Epoch 67, trian_loss: 0.0022, trian_mae: 0.0493, trian_mse:0.0043, trian_r2: -1.1466, trian_cc: 0.7792
Epoch 67, val_loss: 0.0058, val_mae: 0.0789, val_mse: 0.0116, val_r2: -6.3871, val_cc: 0.3046
Epoch 68, trian_loss: 0.0020, trian_mae: 0.0484, trian_mse:0.0041, trian_r2: -1.0980, trian_cc: 0.7858
Epoch 68, val_loss: 0.0059, val_mae: 0.0788, val_mse: 0.0118, val_r2: -6.0676, val_cc: 0.2941
Epoch 69, trian_loss: 0.0020, trian_mae: 0.0473, trian_mse:0.0039, trian_r2: -0.9744, trian_cc: 0.7910
Epoch 69, val_loss: 0.0058, val_mae: 0.0775, val_mse: 0.0116, val_r2: -6.7432, val_cc: 0.3128
Epoch 70, trian_loss: 0.0019, trian_mae: 0.0463, trian_mse:0.0038, trian_r2: -0.5445, trian_cc: 0.7965
Epoch 70, val_loss: 0.0060, val_mae: 0.0791, val_mse: 0.0120, val_r2: -4.5658, val_cc: 0.3185
Epoch 71, trian_loss: 0.0019, trian_mae: 0.0463, trian_mse:0.0037, trian_r2: -0.7951, trian_cc: 0.7989
Epoch 71, val_loss: 0.0060, val_mae: 0.0795, val_mse: 0.0120, val_r2: -4.3469, val_cc: 0.3325
Epoch 72, trian_loss: 0.0018, trian_mae: 0.0448, trian_mse:0.0035, trian_r2: -0.4748, trian_cc: 0.8061
Epoch 72, val_loss: 0.0058, val_mae: 0.0740, val_mse: 0.0116, val_r2: -10.1035, val_cc: 0.3725
Epoch 73, trian_loss: 0.0018, trian_mae: 0.0450, trian_mse:0.0036, trian_r2: -0.5251, trian_cc: 0.8101
Epoch 73, val_loss: 0.0062, val_mae: 0.0793, val_mse: 0.0124, val_r2: -3.9281, val_cc: 0.3385
Epoch 74, trian_loss: 0.0017, trian_mae: 0.0439, trian_mse:0.0034, trian_r2: -0.5116, trian_cc: 0.8146
Epoch 74, val_loss: 0.0059, val_mae: 0.0782, val_mse: 0.0118, val_r2: -4.6236, val_cc: 0.2886
Epoch 75, trian_loss: 0.0017, trian_mae: 0.0440, trian_mse:0.0034, trian_r2: -0.5519, trian_cc: 0.8173
Epoch 75, val_loss: 0.0057, val_mae: 0.0751, val_mse: 0.0115, val_r2: -5.7338, val_cc: 0.3529
Epoch 76, trian_loss: 0.0017, trian_mae: 0.0436, trian_mse:0.0034, trian_r2: -0.4850, trian_cc: 0.8222
Epoch 76, val_loss: 0.0059, val_mae: 0.0769, val_mse: 0.0117, val_r2: -3.4154, val_cc: 0.3554
Epoch 77, trian_loss: 0.0015, trian_mae: 0.0418, trian_mse:0.0031, trian_r2: -0.3393, trian_cc: 0.8310
Epoch 77, val_loss: 0.0060, val_mae: 0.0788, val_mse: 0.0120, val_r2: -3.5635, val_cc: 0.3589
Epoch 78, trian_loss: 0.0015, trian_mae: 0.0409, trian_mse:0.0029, trian_r2: -0.3789, trian_cc: 0.8354
Epoch 78, val_loss: 0.0058, val_mae: 0.0770, val_mse: 0.0117, val_r2: -4.2569, val_cc: 0.3673
Epoch 79, trian_loss: 0.0015, trian_mae: 0.0413, trian_mse:0.0030, trian_r2: -0.3759, trian_cc: 0.8340
Epoch 79, val_loss: 0.0059, val_mae: 0.0751, val_mse: 0.0119, val_r2: -5.5128, val_cc: 0.3823
Epoch 80, trian_loss: 0.0016, trian_mae: 0.0424, trian_mse:0.0032, trian_r2: -0.3043, trian_cc: 0.8334
Epoch 80, val_loss: 0.0066, val_mae: 0.0817, val_mse: 0.0131, val_r2: -2.7613, val_cc: 0.3554
Epoch 81, trian_loss: 0.0015, trian_mae: 0.0414, trian_mse:0.0031, trian_r2: -0.3525, trian_cc: 0.8386
Epoch 81, val_loss: 0.0057, val_mae: 0.0761, val_mse: 0.0114, val_r2: -3.0201, val_cc: 0.3796
Epoch 82, trian_loss: 0.0014, trian_mae: 0.0403, trian_mse:0.0029, trian_r2: -0.0254, trian_cc: 0.8456
Epoch 82, val_loss: 0.0056, val_mae: 0.0746, val_mse: 0.0112, val_r2: -4.1925, val_cc: 0.3917
Epoch 83, trian_loss: 0.0014, trian_mae: 0.0397, trian_mse:0.0028, trian_r2: -0.0610, trian_cc: 0.8483
Epoch 83, val_loss: 0.0056, val_mae: 0.0745, val_mse: 0.0112, val_r2: -3.3514, val_cc: 0.3846
Epoch 84, trian_loss: 0.0015, trian_mae: 0.0416, trian_mse:0.0031, trian_r2: -0.3210, trian_cc: 0.8428
Epoch 84, val_loss: 0.0058, val_mae: 0.0763, val_mse: 0.0117, val_r2: -4.0695, val_cc: 0.3882
Epoch 85, trian_loss: 0.0014, trian_mae: 0.0399, trian_mse:0.0028, trian_r2: -0.3541, trian_cc: 0.8474
Epoch 85, val_loss: 0.0065, val_mae: 0.0817, val_mse: 0.0131, val_r2: -2.9750, val_cc: 0.3954
Epoch 86, trian_loss: 0.0014, trian_mae: 0.0402, trian_mse:0.0029, trian_r2: -0.5643, trian_cc: 0.8476
Epoch 86, val_loss: 0.0057, val_mae: 0.0742, val_mse: 0.0115, val_r2: -2.6908, val_cc: 0.3932
Epoch 87, trian_loss: 0.0015, trian_mae: 0.0405, trian_mse:0.0029, trian_r2: -0.3305, trian_cc: 0.8476
Epoch 87, val_loss: 0.0060, val_mae: 0.0776, val_mse: 0.0121, val_r2: -3.2996, val_cc: 0.3937
Epoch 88, trian_loss: 0.0015, trian_mae: 0.0403, trian_mse:0.0029, trian_r2: -0.4843, trian_cc: 0.8522
Epoch 88, val_loss: 0.0062, val_mae: 0.0786, val_mse: 0.0124, val_r2: -3.4104, val_cc: 0.3812
Epoch 89, trian_loss: 0.0014, trian_mae: 0.0399, trian_mse:0.0029, trian_r2: -0.1854, trian_cc: 0.8525
Epoch 89, val_loss: 0.0062, val_mae: 0.0796, val_mse: 0.0124, val_r2: -2.3292, val_cc: 0.3990
Epoch 90, trian_loss: 0.0012, trian_mae: 0.0366, trian_mse:0.0024, trian_r2: -0.3008, trian_cc: 0.8675
Epoch 90, val_loss: 0.0062, val_mae: 0.0786, val_mse: 0.0124, val_r2: -2.3443, val_cc: 0.3977
Epoch 91, trian_loss: 0.0011, trian_mae: 0.0354, trian_mse:0.0022, trian_r2: -0.0228, trian_cc: 0.8735
Epoch 91, val_loss: 0.0060, val_mae: 0.0766, val_mse: 0.0119, val_r2: -2.7457, val_cc: 0.4014
Epoch 92, trian_loss: 0.0011, trian_mae: 0.0354, trian_mse:0.0022, trian_r2: 0.0656, trian_cc: 0.8751
Epoch 92, val_loss: 0.0059, val_mae: 0.0758, val_mse: 0.0118, val_r2: -2.8874, val_cc: 0.3973
Epoch 93, trian_loss: 0.0011, trian_mae: 0.0352, trian_mse:0.0022, trian_r2: 0.0853, trian_cc: 0.8772
Epoch 93, val_loss: 0.0065, val_mae: 0.0805, val_mse: 0.0130, val_r2: -2.0669, val_cc: 0.4066
Epoch 94, trian_loss: 0.0011, trian_mae: 0.0348, trian_mse:0.0022, trian_r2: -0.0695, trian_cc: 0.8797
Epoch 94, val_loss: 0.0060, val_mae: 0.0779, val_mse: 0.0121, val_r2: -2.2548, val_cc: 0.4046
Epoch 95, trian_loss: 0.0010, trian_mae: 0.0340, trian_mse:0.0021, trian_r2: -0.0950, trian_cc: 0.8826
Epoch 95, val_loss: 0.0061, val_mae: 0.0774, val_mse: 0.0122, val_r2: -2.3428, val_cc: 0.4063
Epoch 96, trian_loss: 0.0011, trian_mae: 0.0346, trian_mse:0.0022, trian_r2: -0.0303, trian_cc: 0.8829
Epoch 96, val_loss: 0.0059, val_mae: 0.0760, val_mse: 0.0119, val_r2: -2.7151, val_cc: 0.4011
Epoch 97, trian_loss: 0.0011, trian_mae: 0.0343, trian_mse:0.0021, trian_r2: 0.1051, trian_cc: 0.8844
Epoch 97, val_loss: 0.0059, val_mae: 0.0763, val_mse: 0.0119, val_r2: -2.3162, val_cc: 0.4050
Epoch 98, trian_loss: 0.0010, trian_mae: 0.0339, trian_mse:0.0021, trian_r2: 0.0352, trian_cc: 0.8855
Epoch 98, val_loss: 0.0064, val_mae: 0.0799, val_mse: 0.0129, val_r2: -1.7204, val_cc: 0.3945
Epoch 99, trian_loss: 0.0012, trian_mae: 0.0348, trian_mse:0.0023, trian_r2: -0.1219, trian_cc: 0.8835
Epoch 99, val_loss: 0.0060, val_mae: 0.0768, val_mse: 0.0119, val_r2: -2.0511, val_cc: 0.4148
