Trian Data: 515   Validation Data: 172  Test Data: 172
model ResNet_2D(
  (conv1): Sequential(
    (0): Conv2d(61, 64, kernel_size=(3, 3), stride=(1, 1), padding=(1, 1), bias=False)
    (1): BatchNorm2d(64, eps=1e-05, momentum=0.1, affine=True, track_running_stats=True)
  )
  (layer1): Sequential(
    (0): BasicBlock(
      (conv1): Conv2d(64, 64, kernel_size=(3, 3), stride=(1, 1), padding=(1, 1), bias=False)
      (bn1): BatchNorm2d(64, eps=1e-05, momentum=0.1, affine=True, track_running_stats=True)
      (conv2): Conv2d(64, 64, kernel_size=(3, 3), stride=(1, 1), padding=(1, 1), bias=False)
      (bn2): BatchNorm2d(64, eps=1e-05, momentum=0.1, affine=True, track_running_stats=True)
      (shortcut): Sequential()
    )
    (1): BasicBlock(
      (conv1): Conv2d(64, 64, kernel_size=(3, 3), stride=(1, 1), padding=(1, 1), bias=False)
      (bn1): BatchNorm2d(64, eps=1e-05, momentum=0.1, affine=True, track_running_stats=True)
      (conv2): Conv2d(64, 64, kernel_size=(3, 3), stride=(1, 1), padding=(1, 1), bias=False)
      (bn2): BatchNorm2d(64, eps=1e-05, momentum=0.1, affine=True, track_running_stats=True)
      (shortcut): Sequential()
    )
  )
  (layer2): Sequential(
    (0): BasicBlock(
      (conv1): Conv2d(64, 64, kernel_size=(3, 3), stride=(1, 1), padding=(1, 1), bias=False)
      (bn1): BatchNorm2d(64, eps=1e-05, momentum=0.1, affine=True, track_running_stats=True)
      (conv2): Conv2d(64, 64, kernel_size=(3, 3), stride=(1, 1), padding=(1, 1), bias=False)
      (bn2): BatchNorm2d(64, eps=1e-05, momentum=0.1, affine=True, track_running_stats=True)
      (shortcut): Sequential()
    )
    (1): BasicBlock(
      (conv1): Conv2d(64, 64, kernel_size=(3, 3), stride=(1, 1), padding=(1, 1), bias=False)
      (bn1): BatchNorm2d(64, eps=1e-05, momentum=0.1, affine=True, track_running_stats=True)
      (conv2): Conv2d(64, 64, kernel_size=(3, 3), stride=(1, 1), padding=(1, 1), bias=False)
      (bn2): BatchNorm2d(64, eps=1e-05, momentum=0.1, affine=True, track_running_stats=True)
      (shortcut): Sequential()
    )
  )
  (layer3): Sequential(
    (0): BasicBlock(
      (conv1): Conv2d(64, 64, kernel_size=(3, 3), stride=(1, 1), padding=(1, 1), bias=False)
      (bn1): BatchNorm2d(64, eps=1e-05, momentum=0.1, affine=True, track_running_stats=True)
      (conv2): Conv2d(64, 64, kernel_size=(3, 3), stride=(1, 1), padding=(1, 1), bias=False)
      (bn2): BatchNorm2d(64, eps=1e-05, momentum=0.1, affine=True, track_running_stats=True)
      (shortcut): Sequential()
    )
    (1): BasicBlock(
      (conv1): Conv2d(64, 64, kernel_size=(3, 3), stride=(1, 1), padding=(1, 1), bias=False)
      (bn1): BatchNorm2d(64, eps=1e-05, momentum=0.1, affine=True, track_running_stats=True)
      (conv2): Conv2d(64, 64, kernel_size=(3, 3), stride=(1, 1), padding=(1, 1), bias=False)
      (bn2): BatchNorm2d(64, eps=1e-05, momentum=0.1, affine=True, track_running_stats=True)
      (shortcut): Sequential()
    )
  )
  (layer4): Sequential(
    (0): BasicBlock(
      (conv1): Conv2d(64, 64, kernel_size=(3, 3), stride=(1, 1), padding=(1, 1), bias=False)
      (bn1): BatchNorm2d(64, eps=1e-05, momentum=0.1, affine=True, track_running_stats=True)
      (conv2): Conv2d(64, 64, kernel_size=(3, 3), stride=(1, 1), padding=(1, 1), bias=False)
      (bn2): BatchNorm2d(64, eps=1e-05, momentum=0.1, affine=True, track_running_stats=True)
      (shortcut): Sequential()
    )
    (1): BasicBlock(
      (conv1): Conv2d(64, 64, kernel_size=(3, 3), stride=(1, 1), padding=(1, 1), bias=False)
      (bn1): BatchNorm2d(64, eps=1e-05, momentum=0.1, affine=True, track_running_stats=True)
      (conv2): Conv2d(64, 64, kernel_size=(3, 3), stride=(1, 1), padding=(1, 1), bias=False)
      (bn2): BatchNorm2d(64, eps=1e-05, momentum=0.1, affine=True, track_running_stats=True)
      (shortcut): Sequential()
    )
  )
  (conv2): Sequential(
    (0): Conv2d(64, 32, kernel_size=(3, 3), stride=(1, 1), padding=(1, 1))
    (1): BatchNorm2d(32, eps=1e-05, momentum=0.1, affine=True, track_running_stats=True)
  )
  (conv3): Sequential(
    (0): Conv2d(32, 16, kernel_size=(3, 3), stride=(1, 1), padding=(1, 1))
    (1): BatchNorm2d(16, eps=1e-05, momentum=0.1, affine=True, track_running_stats=True)
  )
  (conv4): Sequential(
    (0): Conv2d(16, 1, kernel_size=(3, 3), stride=(1, 1), padding=(1, 1))
    (1): BatchNorm2d(1, eps=1e-05, momentum=0.1, affine=True, track_running_stats=True)
  )
)
Epoch  0, trian_loss: 0.0183, trian_mae: 0.1049, trian_mse:0.0372, trian_r2: -1.2559, trian_cc: 0.0717
Epoch  0, val_loss: 0.0123, val_mae: 0.1072, val_mse: 0.0250, val_r2: -1.8814, val_cc: 0.1007
Epoch  1, trian_loss: 0.0049, trian_mae: 0.0724, trian_mse:0.0098, trian_r2: -306.6215, trian_cc: 0.0086
Epoch  1, val_loss: 0.0047, val_mae: 0.0722, val_mse: 0.0094, val_r2: -597.6087, val_cc: 0.0095
Epoch  2, trian_loss: 0.0041, trian_mae: 0.0681, trian_mse:0.0083, trian_r2: -675.4531, trian_cc: 0.0214
Epoch  2, val_loss: 0.0046, val_mae: 0.0720, val_mse: 0.0091, val_r2: -660.8461, val_cc: 0.0276
Epoch  3, trian_loss: 0.0041, trian_mae: 0.0680, trian_mse:0.0083, trian_r2: -1264.5036, trian_cc: 0.0317
Epoch  3, val_loss: 0.0046, val_mae: 0.0717, val_mse: 0.0091, val_r2: -1096.5707, val_cc: 0.0369
Epoch  4, trian_loss: 0.0041, trian_mae: 0.0678, trian_mse:0.0082, trian_r2: -1080.1520, trian_cc: 0.0366
Epoch  4, val_loss: 0.0046, val_mae: 0.0718, val_mse: 0.0091, val_r2: -1590.1235, val_cc: 0.0441
Epoch  5, trian_loss: 0.0041, trian_mae: 0.0677, trian_mse:0.0082, trian_r2: -1965.5205, trian_cc: 0.0581
Epoch  5, val_loss: 0.0045, val_mae: 0.0712, val_mse: 0.0091, val_r2: -1905.5895, val_cc: 0.0767
Epoch  6, trian_loss: 0.0041, trian_mae: 0.0677, trian_mse:0.0082, trian_r2: -1832.0345, trian_cc: 0.0851
Epoch  6, val_loss: 0.0046, val_mae: 0.0725, val_mse: 0.0091, val_r2: -2906.7005, val_cc: 0.0453
Epoch  7, trian_loss: 0.0041, trian_mae: 0.0677, trian_mse:0.0082, trian_r2: -1572.6596, trian_cc: 0.0783
Epoch  7, val_loss: 0.0045, val_mae: 0.0718, val_mse: 0.0091, val_r2: -1736.2072, val_cc: 0.0696
Epoch  8, trian_loss: 0.0041, trian_mae: 0.0676, trian_mse:0.0082, trian_r2: -1673.1096, trian_cc: 0.0830
Epoch  8, val_loss: 0.0045, val_mae: 0.0717, val_mse: 0.0091, val_r2: -1838.3534, val_cc: 0.0721
Epoch  9, trian_loss: 0.0041, trian_mae: 0.0677, trian_mse:0.0082, trian_r2: -1346.6154, trian_cc: 0.0873
Epoch  9, val_loss: 0.0045, val_mae: 0.0712, val_mse: 0.0091, val_r2: -921.6712, val_cc: 0.0668
Epoch 10, trian_loss: 0.0041, trian_mae: 0.0678, trian_mse:0.0082, trian_r2: -993.9952, trian_cc: 0.0887
Epoch 10, val_loss: 0.0045, val_mae: 0.0712, val_mse: 0.0091, val_r2: -1256.9138, val_cc: 0.0973
Epoch 11, trian_loss: 0.0041, trian_mae: 0.0676, trian_mse:0.0082, trian_r2: -1144.6701, trian_cc: 0.1012
Epoch 11, val_loss: 0.0045, val_mae: 0.0711, val_mse: 0.0091, val_r2: -837.1695, val_cc: 0.0893
Epoch 12, trian_loss: 0.0041, trian_mae: 0.0676, trian_mse:0.0082, trian_r2: -959.4878, trian_cc: 0.1009
Epoch 12, val_loss: 0.0045, val_mae: 0.0714, val_mse: 0.0091, val_r2: -809.5779, val_cc: 0.1172
Epoch 13, trian_loss: 0.0041, trian_mae: 0.0677, trian_mse:0.0082, trian_r2: -863.0602, trian_cc: 0.1267
Epoch 13, val_loss: 0.0045, val_mae: 0.0715, val_mse: 0.0091, val_r2: -1418.3568, val_cc: 0.0833
Epoch 14, trian_loss: 0.0041, trian_mae: 0.0676, trian_mse:0.0082, trian_r2: -1116.8601, trian_cc: 0.1047
Epoch 14, val_loss: 0.0045, val_mae: 0.0712, val_mse: 0.0091, val_r2: -772.0681, val_cc: 0.1123
Epoch 15, trian_loss: 0.0041, trian_mae: 0.0678, trian_mse:0.0082, trian_r2: -683.9029, trian_cc: 0.1184
Epoch 15, val_loss: 0.0045, val_mae: 0.0707, val_mse: 0.0090, val_r2: -736.4309, val_cc: 0.1731
Epoch 16, trian_loss: 0.0041, trian_mae: 0.0677, trian_mse:0.0082, trian_r2: -783.2056, trian_cc: 0.1140
Epoch 16, val_loss: 0.0045, val_mae: 0.0712, val_mse: 0.0091, val_r2: -936.3599, val_cc: 0.1051
Epoch 17, trian_loss: 0.0041, trian_mae: 0.0676, trian_mse:0.0082, trian_r2: -885.5104, trian_cc: 0.1245
Epoch 17, val_loss: 0.0045, val_mae: 0.0718, val_mse: 0.0091, val_r2: -837.4497, val_cc: 0.1097
Epoch 18, trian_loss: 0.0041, trian_mae: 0.0674, trian_mse:0.0081, trian_r2: -707.7479, trian_cc: 0.1407
Epoch 18, val_loss: 0.0044, val_mae: 0.0699, val_mse: 0.0089, val_r2: -708.6941, val_cc: 0.2110
Epoch 19, trian_loss: 0.0041, trian_mae: 0.0676, trian_mse:0.0082, trian_r2: -709.5316, trian_cc: 0.1409
Epoch 19, val_loss: 0.0046, val_mae: 0.0720, val_mse: 0.0091, val_r2: -737.6147, val_cc: 0.1632
Epoch 20, trian_loss: 0.0041, trian_mae: 0.0672, trian_mse:0.0081, trian_r2: -613.9571, trian_cc: 0.1662
Epoch 20, val_loss: 0.0045, val_mae: 0.0700, val_mse: 0.0089, val_r2: -547.1410, val_cc: 0.2049
Epoch 21, trian_loss: 0.0040, trian_mae: 0.0668, trian_mse:0.0080, trian_r2: -529.7594, trian_cc: 0.2651
Epoch 21, val_loss: 0.0044, val_mae: 0.0710, val_mse: 0.0088, val_r2: -648.3381, val_cc: 0.2442
Epoch 22, trian_loss: 0.0039, trian_mae: 0.0655, trian_mse:0.0077, trian_r2: -422.4663, trian_cc: 0.3214
Epoch 22, val_loss: 0.0043, val_mae: 0.0708, val_mse: 0.0087, val_r2: -855.7234, val_cc: 0.2666
Epoch 23, trian_loss: 0.0040, trian_mae: 0.0670, trian_mse:0.0080, trian_r2: -540.7767, trian_cc: 0.2523
Epoch 23, val_loss: 0.0044, val_mae: 0.0693, val_mse: 0.0088, val_r2: -507.0250, val_cc: 0.2239
Epoch 24, trian_loss: 0.0039, trian_mae: 0.0656, trian_mse:0.0078, trian_r2: -528.0979, trian_cc: 0.3002
Epoch 24, val_loss: 0.0044, val_mae: 0.0685, val_mse: 0.0088, val_r2: -377.0196, val_cc: 0.2560
Epoch 25, trian_loss: 0.0040, trian_mae: 0.0665, trian_mse:0.0079, trian_r2: -642.4962, trian_cc: 0.2460
Epoch 25, val_loss: 0.0044, val_mae: 0.0681, val_mse: 0.0089, val_r2: -384.7060, val_cc: 0.3151
Epoch 26, trian_loss: 0.0039, trian_mae: 0.0656, trian_mse:0.0077, trian_r2: -464.7196, trian_cc: 0.3208
Epoch 26, val_loss: 0.0042, val_mae: 0.0673, val_mse: 0.0084, val_r2: -474.1792, val_cc: 0.3739
Epoch 27, trian_loss: 0.0039, trian_mae: 0.0658, trian_mse:0.0077, trian_r2: -509.9174, trian_cc: 0.3165
Epoch 27, val_loss: 0.0044, val_mae: 0.0684, val_mse: 0.0087, val_r2: -386.0465, val_cc: 0.2920
Epoch 28, trian_loss: 0.0039, trian_mae: 0.0659, trian_mse:0.0078, trian_r2: -498.7767, trian_cc: 0.2955
Epoch 28, val_loss: 0.0042, val_mae: 0.0687, val_mse: 0.0084, val_r2: -340.5127, val_cc: 0.3654
Epoch 29, trian_loss: 0.0038, trian_mae: 0.0650, trian_mse:0.0076, trian_r2: -398.2184, trian_cc: 0.3359
Epoch 29, val_loss: 0.0044, val_mae: 0.0703, val_mse: 0.0088, val_r2: -523.4095, val_cc: 0.2265
Epoch 30, trian_loss: 0.0038, trian_mae: 0.0655, trian_mse:0.0077, trian_r2: -380.4086, trian_cc: 0.3208
Epoch 30, val_loss: 0.0044, val_mae: 0.0692, val_mse: 0.0088, val_r2: -292.6064, val_cc: 0.2421
Epoch 31, trian_loss: 0.0040, trian_mae: 0.0668, trian_mse:0.0079, trian_r2: -356.0528, trian_cc: 0.2460
Epoch 31, val_loss: 0.0043, val_mae: 0.0697, val_mse: 0.0087, val_r2: -318.3862, val_cc: 0.2665
Epoch 32, trian_loss: 0.0039, trian_mae: 0.0652, trian_mse:0.0077, trian_r2: -413.4332, trian_cc: 0.3113
Epoch 32, val_loss: 0.0043, val_mae: 0.0677, val_mse: 0.0086, val_r2: -243.1431, val_cc: 0.3329
Epoch 33, trian_loss: 0.0038, trian_mae: 0.0653, trian_mse:0.0076, trian_r2: -349.8583, trian_cc: 0.3209
Epoch 33, val_loss: 0.0042, val_mae: 0.0662, val_mse: 0.0084, val_r2: -272.3358, val_cc: 0.3739
Epoch 34, trian_loss: 0.0038, trian_mae: 0.0649, trian_mse:0.0076, trian_r2: -332.3115, trian_cc: 0.3459
Epoch 34, val_loss: 0.0044, val_mae: 0.0688, val_mse: 0.0089, val_r2: -225.4647, val_cc: 0.2480
Epoch 35, trian_loss: 0.0038, trian_mae: 0.0650, trian_mse:0.0076, trian_r2: -381.0432, trian_cc: 0.3158
Epoch 35, val_loss: 0.0042, val_mae: 0.0690, val_mse: 0.0084, val_r2: -414.7505, val_cc: 0.3174
Epoch 36, trian_loss: 0.0038, trian_mae: 0.0646, trian_mse:0.0075, trian_r2: -290.1739, trian_cc: 0.3584
Epoch 36, val_loss: 0.0042, val_mae: 0.0670, val_mse: 0.0084, val_r2: -218.1340, val_cc: 0.3564
Epoch 37, trian_loss: 0.0038, trian_mae: 0.0650, trian_mse:0.0076, trian_r2: -281.0737, trian_cc: 0.3512
Epoch 37, val_loss: 0.0043, val_mae: 0.0684, val_mse: 0.0086, val_r2: -185.6070, val_cc: 0.2659
Epoch 38, trian_loss: 0.0039, trian_mae: 0.0653, trian_mse:0.0077, trian_r2: -285.9658, trian_cc: 0.3184
Epoch 38, val_loss: 0.0042, val_mae: 0.0681, val_mse: 0.0085, val_r2: -214.0288, val_cc: 0.3088
Epoch 39, trian_loss: 0.0038, trian_mae: 0.0649, trian_mse:0.0076, trian_r2: -228.8764, trian_cc: 0.3360
Epoch 39, val_loss: 0.0043, val_mae: 0.0707, val_mse: 0.0086, val_r2: -235.0631, val_cc: 0.2538
Epoch 40, trian_loss: 0.0038, trian_mae: 0.0651, trian_mse:0.0076, trian_r2: -255.5977, trian_cc: 0.3478
Epoch 40, val_loss: 0.0042, val_mae: 0.0673, val_mse: 0.0085, val_r2: -218.2584, val_cc: 0.3339
Epoch 41, trian_loss: 0.0038, trian_mae: 0.0652, trian_mse:0.0076, trian_r2: -216.2696, trian_cc: 0.3436
Epoch 41, val_loss: 0.0044, val_mae: 0.0678, val_mse: 0.0087, val_r2: -143.5188, val_cc: 0.3758
Epoch 42, trian_loss: 0.0039, trian_mae: 0.0667, trian_mse:0.0079, trian_r2: -305.2922, trian_cc: 0.2514
Epoch 42, val_loss: 0.0042, val_mae: 0.0683, val_mse: 0.0084, val_r2: -287.1765, val_cc: 0.3187
Epoch 43, trian_loss: 0.0038, trian_mae: 0.0647, trian_mse:0.0076, trian_r2: -284.8861, trian_cc: 0.3283
Epoch 43, val_loss: 0.0042, val_mae: 0.0675, val_mse: 0.0084, val_r2: -176.7847, val_cc: 0.3114
Epoch 44, trian_loss: 0.0037, trian_mae: 0.0644, trian_mse:0.0075, trian_r2: -182.4176, trian_cc: 0.3619
Epoch 44, val_loss: 0.0041, val_mae: 0.0686, val_mse: 0.0082, val_r2: -203.0440, val_cc: 0.3235
Epoch 45, trian_loss: 0.0037, trian_mae: 0.0646, trian_mse:0.0075, trian_r2: -189.0568, trian_cc: 0.3466
Epoch 45, val_loss: 0.0042, val_mae: 0.0683, val_mse: 0.0084, val_r2: -152.4705, val_cc: 0.2741
Epoch 46, trian_loss: 0.0038, trian_mae: 0.0644, trian_mse:0.0076, trian_r2: -188.8588, trian_cc: 0.3448
Epoch 46, val_loss: 0.0044, val_mae: 0.0695, val_mse: 0.0087, val_r2: -419.7991, val_cc: 0.2306
Epoch 47, trian_loss: 0.0038, trian_mae: 0.0652, trian_mse:0.0076, trian_r2: -273.5916, trian_cc: 0.3284
Epoch 47, val_loss: 0.0042, val_mae: 0.0673, val_mse: 0.0084, val_r2: -162.9065, val_cc: 0.3324
Epoch 48, trian_loss: 0.0037, trian_mae: 0.0639, trian_mse:0.0074, trian_r2: -153.5522, trian_cc: 0.3756
Epoch 48, val_loss: 0.0043, val_mae: 0.0712, val_mse: 0.0085, val_r2: -184.1503, val_cc: 0.3103
Epoch 49, trian_loss: 0.0037, trian_mae: 0.0640, trian_mse:0.0074, trian_r2: -177.3277, trian_cc: 0.3676
Epoch 49, val_loss: 0.0041, val_mae: 0.0670, val_mse: 0.0082, val_r2: -149.7405, val_cc: 0.3214
Epoch 50, trian_loss: 0.0037, trian_mae: 0.0644, trian_mse:0.0075, trian_r2: -158.4638, trian_cc: 0.3529
Epoch 50, val_loss: 0.0046, val_mae: 0.0682, val_mse: 0.0091, val_r2: -74.8488, val_cc: 0.3183
Epoch 51, trian_loss: 0.0037, trian_mae: 0.0637, trian_mse:0.0074, trian_r2: -180.1311, trian_cc: 0.3785
Epoch 51, val_loss: 0.0041, val_mae: 0.0686, val_mse: 0.0083, val_r2: -185.3597, val_cc: 0.3127
Epoch 52, trian_loss: 0.0037, trian_mae: 0.0642, trian_mse:0.0074, trian_r2: -154.9780, trian_cc: 0.3610
Epoch 52, val_loss: 0.0043, val_mae: 0.0712, val_mse: 0.0085, val_r2: -148.8214, val_cc: 0.2794
Epoch 53, trian_loss: 0.0037, trian_mae: 0.0642, trian_mse:0.0074, trian_r2: -167.7845, trian_cc: 0.3589
Epoch 53, val_loss: 0.0044, val_mae: 0.0732, val_mse: 0.0088, val_r2: -154.8575, val_cc: 0.2548
Epoch 54, trian_loss: 0.0038, trian_mae: 0.0644, trian_mse:0.0075, trian_r2: -153.2835, trian_cc: 0.3391
Epoch 54, val_loss: 0.0041, val_mae: 0.0683, val_mse: 0.0082, val_r2: -134.3430, val_cc: 0.3138
Epoch 55, trian_loss: 0.0036, trian_mae: 0.0632, trian_mse:0.0073, trian_r2: -149.7295, trian_cc: 0.3894
Epoch 55, val_loss: 0.0041, val_mae: 0.0661, val_mse: 0.0083, val_r2: -131.6547, val_cc: 0.3727
Epoch 56, trian_loss: 0.0037, trian_mae: 0.0635, trian_mse:0.0073, trian_r2: -145.3930, trian_cc: 0.3778
Epoch 56, val_loss: 0.0041, val_mae: 0.0664, val_mse: 0.0082, val_r2: -123.0348, val_cc: 0.3515
Epoch 57, trian_loss: 0.0037, trian_mae: 0.0636, trian_mse:0.0073, trian_r2: -136.8061, trian_cc: 0.3794
Epoch 57, val_loss: 0.0042, val_mae: 0.0667, val_mse: 0.0084, val_r2: -108.5609, val_cc: 0.3576
Epoch 58, trian_loss: 0.0037, trian_mae: 0.0634, trian_mse:0.0073, trian_r2: -119.7917, trian_cc: 0.3874
Epoch 58, val_loss: 0.0042, val_mae: 0.0664, val_mse: 0.0084, val_r2: -88.4884, val_cc: 0.3626
Epoch 59, trian_loss: 0.0036, trian_mae: 0.0634, trian_mse:0.0073, trian_r2: -128.3061, trian_cc: 0.3871
Epoch 59, val_loss: 0.0041, val_mae: 0.0670, val_mse: 0.0082, val_r2: -114.3775, val_cc: 0.3435
Epoch 60, trian_loss: 0.0037, trian_mae: 0.0637, trian_mse:0.0074, trian_r2: -147.5302, trian_cc: 0.3727
Epoch 60, val_loss: 0.0041, val_mae: 0.0685, val_mse: 0.0083, val_r2: -130.6045, val_cc: 0.2891
Epoch 61, trian_loss: 0.0037, trian_mae: 0.0638, trian_mse:0.0074, trian_r2: -132.6850, trian_cc: 0.3740
Epoch 61, val_loss: 0.0042, val_mae: 0.0668, val_mse: 0.0084, val_r2: -137.7962, val_cc: 0.3625
Epoch 62, trian_loss: 0.0037, trian_mae: 0.0642, trian_mse:0.0075, trian_r2: -147.8300, trian_cc: 0.3606
Epoch 62, val_loss: 0.0041, val_mae: 0.0664, val_mse: 0.0082, val_r2: -88.2552, val_cc: 0.3419
Epoch 63, trian_loss: 0.0037, trian_mae: 0.0635, trian_mse:0.0073, trian_r2: -122.1287, trian_cc: 0.3750
Epoch 63, val_loss: 0.0042, val_mae: 0.0667, val_mse: 0.0083, val_r2: -114.1013, val_cc: 0.3628
Epoch 64, trian_loss: 0.0036, trian_mae: 0.0634, trian_mse:0.0073, trian_r2: -113.2128, trian_cc: 0.3817
Epoch 64, val_loss: 0.0040, val_mae: 0.0666, val_mse: 0.0081, val_r2: -109.2845, val_cc: 0.3581
Epoch 65, trian_loss: 0.0037, trian_mae: 0.0634, trian_mse:0.0073, trian_r2: -120.1725, trian_cc: 0.3846
Epoch 65, val_loss: 0.0041, val_mae: 0.0661, val_mse: 0.0082, val_r2: -110.3148, val_cc: 0.3612
Epoch 66, trian_loss: 0.0036, trian_mae: 0.0632, trian_mse:0.0073, trian_r2: -113.9822, trian_cc: 0.3862
Epoch 66, val_loss: 0.0041, val_mae: 0.0665, val_mse: 0.0081, val_r2: -143.7052, val_cc: 0.3710
Epoch 67, trian_loss: 0.0037, trian_mae: 0.0645, trian_mse:0.0075, trian_r2: -167.1344, trian_cc: 0.3409
Epoch 67, val_loss: 0.0041, val_mae: 0.0662, val_mse: 0.0082, val_r2: -124.5448, val_cc: 0.3515
Epoch 68, trian_loss: 0.0036, trian_mae: 0.0628, trian_mse:0.0073, trian_r2: -137.0471, trian_cc: 0.3847
Epoch 68, val_loss: 0.0042, val_mae: 0.0661, val_mse: 0.0083, val_r2: -97.9801, val_cc: 0.3656
Epoch 69, trian_loss: 0.0036, trian_mae: 0.0630, trian_mse:0.0072, trian_r2: -118.2153, trian_cc: 0.3859
Epoch 69, val_loss: 0.0041, val_mae: 0.0686, val_mse: 0.0083, val_r2: -145.4691, val_cc: 0.3324
Epoch 70, trian_loss: 0.0036, trian_mae: 0.0621, trian_mse:0.0071, trian_r2: -102.7141, trian_cc: 0.4113
Epoch 70, val_loss: 0.0040, val_mae: 0.0661, val_mse: 0.0079, val_r2: -86.2134, val_cc: 0.3712
Epoch 71, trian_loss: 0.0034, trian_mae: 0.0608, trian_mse:0.0069, trian_r2: -72.0965, trian_cc: 0.4354
Epoch 71, val_loss: 0.0039, val_mae: 0.0629, val_mse: 0.0078, val_r2: -68.2734, val_cc: 0.4380
Epoch 72, trian_loss: 0.0034, trian_mae: 0.0599, trian_mse:0.0067, trian_r2: -72.4350, trian_cc: 0.4581
Epoch 72, val_loss: 0.0038, val_mae: 0.0629, val_mse: 0.0076, val_r2: -39.4216, val_cc: 0.4617
Epoch 73, trian_loss: 0.0032, trian_mae: 0.0586, trian_mse:0.0065, trian_r2: -43.4594, trian_cc: 0.4839
Epoch 73, val_loss: 0.0039, val_mae: 0.0663, val_mse: 0.0078, val_r2: -83.1228, val_cc: 0.4078
Epoch 74, trian_loss: 0.0032, trian_mae: 0.0583, trian_mse:0.0064, trian_r2: -49.4079, trian_cc: 0.4891
Epoch 74, val_loss: 0.0036, val_mae: 0.0613, val_mse: 0.0073, val_r2: -33.5661, val_cc: 0.4718
Epoch 75, trian_loss: 0.0031, trian_mae: 0.0574, trian_mse:0.0063, trian_r2: -29.9277, trian_cc: 0.5034
Epoch 75, val_loss: 0.0037, val_mae: 0.0611, val_mse: 0.0075, val_r2: -18.1335, val_cc: 0.4821
Epoch 76, trian_loss: 0.0031, trian_mae: 0.0569, trian_mse:0.0062, trian_r2: -25.5679, trian_cc: 0.5104
Epoch 76, val_loss: 0.0036, val_mae: 0.0605, val_mse: 0.0073, val_r2: -20.2317, val_cc: 0.4944
Epoch 77, trian_loss: 0.0031, trian_mae: 0.0564, trian_mse:0.0062, trian_r2: -21.9282, trian_cc: 0.5201
Epoch 77, val_loss: 0.0036, val_mae: 0.0617, val_mse: 0.0073, val_r2: -19.1704, val_cc: 0.4892
Epoch 78, trian_loss: 0.0031, trian_mae: 0.0563, trian_mse:0.0061, trian_r2: -22.3962, trian_cc: 0.5215
Epoch 78, val_loss: 0.0036, val_mae: 0.0599, val_mse: 0.0072, val_r2: -15.4591, val_cc: 0.4946
Epoch 79, trian_loss: 0.0030, trian_mae: 0.0562, trian_mse:0.0061, trian_r2: -17.2574, trian_cc: 0.5251
Epoch 79, val_loss: 0.0041, val_mae: 0.0693, val_mse: 0.0083, val_r2: -76.2950, val_cc: 0.3639
Epoch 80, trian_loss: 0.0030, trian_mae: 0.0558, trian_mse:0.0061, trian_r2: -22.0214, trian_cc: 0.5275
Epoch 80, val_loss: 0.0035, val_mae: 0.0594, val_mse: 0.0069, val_r2: -10.4519, val_cc: 0.5101
Epoch 81, trian_loss: 0.0030, trian_mae: 0.0559, trian_mse:0.0060, trian_r2: -17.6461, trian_cc: 0.5335
Epoch 81, val_loss: 0.0038, val_mae: 0.0639, val_mse: 0.0076, val_r2: -39.3681, val_cc: 0.4297
Epoch 82, trian_loss: 0.0030, trian_mae: 0.0556, trian_mse:0.0060, trian_r2: -17.5132, trian_cc: 0.5331
Epoch 82, val_loss: 0.0035, val_mae: 0.0583, val_mse: 0.0071, val_r2: -11.2976, val_cc: 0.5138
Epoch 83, trian_loss: 0.0029, trian_mae: 0.0549, trian_mse:0.0059, trian_r2: -14.5574, trian_cc: 0.5420
Epoch 83, val_loss: 0.0035, val_mae: 0.0587, val_mse: 0.0071, val_r2: -6.4572, val_cc: 0.5158
Epoch 84, trian_loss: 0.0029, trian_mae: 0.0546, trian_mse:0.0059, trian_r2: -12.7218, trian_cc: 0.5455
Epoch 84, val_loss: 0.0034, val_mae: 0.0576, val_mse: 0.0069, val_r2: -8.3459, val_cc: 0.5245
Epoch 85, trian_loss: 0.0029, trian_mae: 0.0547, trian_mse:0.0059, trian_r2: -11.9310, trian_cc: 0.5476
Epoch 85, val_loss: 0.0036, val_mae: 0.0603, val_mse: 0.0072, val_r2: -13.3629, val_cc: 0.5186
Epoch 86, trian_loss: 0.0029, trian_mae: 0.0544, trian_mse:0.0058, trian_r2: -12.0782, trian_cc: 0.5514
Epoch 86, val_loss: 0.0035, val_mae: 0.0597, val_mse: 0.0071, val_r2: -5.4784, val_cc: 0.5262
Epoch 87, trian_loss: 0.0029, trian_mae: 0.0541, trian_mse:0.0058, trian_r2: -12.8700, trian_cc: 0.5534
Epoch 87, val_loss: 0.0035, val_mae: 0.0588, val_mse: 0.0070, val_r2: -8.8900, val_cc: 0.5299
Epoch 88, trian_loss: 0.0029, trian_mae: 0.0543, trian_mse:0.0058, trian_r2: -12.0114, trian_cc: 0.5558
Epoch 88, val_loss: 0.0036, val_mae: 0.0599, val_mse: 0.0072, val_r2: -5.7320, val_cc: 0.5246
Epoch 89, trian_loss: 0.0029, trian_mae: 0.0538, trian_mse:0.0057, trian_r2: -11.8311, trian_cc: 0.5601
Epoch 89, val_loss: 0.0034, val_mae: 0.0585, val_mse: 0.0069, val_r2: -7.5381, val_cc: 0.5361
Epoch 90, trian_loss: 0.0029, trian_mae: 0.0538, trian_mse:0.0057, trian_r2: -10.2222, trian_cc: 0.5598
Epoch 90, val_loss: 0.0037, val_mae: 0.0620, val_mse: 0.0073, val_r2: -12.8342, val_cc: 0.4794
Epoch 91, trian_loss: 0.0028, trian_mae: 0.0533, trian_mse:0.0057, trian_r2: -10.4757, trian_cc: 0.5634
Epoch 91, val_loss: 0.0037, val_mae: 0.0614, val_mse: 0.0075, val_r2: -10.2200, val_cc: 0.4962
Epoch 92, trian_loss: 0.0028, trian_mae: 0.0532, trian_mse:0.0057, trian_r2: -12.4324, trian_cc: 0.5662
Epoch 92, val_loss: 0.0036, val_mae: 0.0599, val_mse: 0.0072, val_r2: -9.2159, val_cc: 0.5386
Epoch 93, trian_loss: 0.0028, trian_mae: 0.0533, trian_mse:0.0056, trian_r2: -10.4949, trian_cc: 0.5671
Epoch 93, val_loss: 0.0041, val_mae: 0.0692, val_mse: 0.0081, val_r2: -76.9416, val_cc: 0.4177
Epoch 94, trian_loss: 0.0028, trian_mae: 0.0528, trian_mse:0.0056, trian_r2: -13.6763, trian_cc: 0.5727
Epoch 94, val_loss: 0.0036, val_mae: 0.0596, val_mse: 0.0072, val_r2: -9.2151, val_cc: 0.5491
Epoch 95, trian_loss: 0.0028, trian_mae: 0.0525, trian_mse:0.0055, trian_r2: -8.2900, trian_cc: 0.5772
Epoch 95, val_loss: 0.0035, val_mae: 0.0592, val_mse: 0.0070, val_r2: -8.2166, val_cc: 0.5327
Epoch 96, trian_loss: 0.0028, trian_mae: 0.0529, trian_mse:0.0056, trian_r2: -14.3546, trian_cc: 0.5732
Epoch 96, val_loss: 0.0042, val_mae: 0.0705, val_mse: 0.0084, val_r2: -142.3003, val_cc: 0.3471
Epoch 97, trian_loss: 0.0029, trian_mae: 0.0537, trian_mse:0.0058, trian_r2: -27.4963, trian_cc: 0.5593
Epoch 97, val_loss: 0.0036, val_mae: 0.0600, val_mse: 0.0072, val_r2: -14.4794, val_cc: 0.5485
Epoch 98, trian_loss: 0.0028, trian_mae: 0.0525, trian_mse:0.0055, trian_r2: -9.3091, trian_cc: 0.5814
Epoch 98, val_loss: 0.0034, val_mae: 0.0574, val_mse: 0.0069, val_r2: -7.2036, val_cc: 0.5519
Epoch 99, trian_loss: 0.0027, trian_mae: 0.0521, trian_mse:0.0055, trian_r2: -8.3860, trian_cc: 0.5843
Epoch 99, val_loss: 0.0034, val_mae: 0.0578, val_mse: 0.0068, val_r2: -8.0426, val_cc: 0.5589
