Trian Data: 515   Validation Data: 172  Test Data: 172
model ResNet_2D(
  (conv1): Sequential(
    (0): Conv2d(61, 64, kernel_size=(3, 3), stride=(1, 1), padding=(1, 1), bias=False)
    (1): BatchNorm2d(64, eps=1e-05, momentum=0.1, affine=True, track_running_stats=True)
  )
  (layer1): Sequential(
    (0): BasicBlock(
      (conv1): Conv2d(64, 64, kernel_size=(3, 3), stride=(1, 1), padding=(1, 1), bias=False)
      (bn1): BatchNorm2d(64, eps=1e-05, momentum=0.1, affine=True, track_running_stats=True)
      (conv2): Conv2d(64, 64, kernel_size=(3, 3), stride=(1, 1), padding=(1, 1), bias=False)
      (bn2): BatchNorm2d(64, eps=1e-05, momentum=0.1, affine=True, track_running_stats=True)
      (shortcut): Sequential()
    )
    (1): BasicBlock(
      (conv1): Conv2d(64, 64, kernel_size=(3, 3), stride=(1, 1), padding=(1, 1), bias=False)
      (bn1): BatchNorm2d(64, eps=1e-05, momentum=0.1, affine=True, track_running_stats=True)
      (conv2): Conv2d(64, 64, kernel_size=(3, 3), stride=(1, 1), padding=(1, 1), bias=False)
      (bn2): BatchNorm2d(64, eps=1e-05, momentum=0.1, affine=True, track_running_stats=True)
      (shortcut): Sequential()
    )
  )
  (layer2): Sequential(
    (0): BasicBlock(
      (conv1): Conv2d(64, 64, kernel_size=(3, 3), stride=(1, 1), padding=(1, 1), bias=False)
      (bn1): BatchNorm2d(64, eps=1e-05, momentum=0.1, affine=True, track_running_stats=True)
      (conv2): Conv2d(64, 64, kernel_size=(3, 3), stride=(1, 1), padding=(1, 1), bias=False)
      (bn2): BatchNorm2d(64, eps=1e-05, momentum=0.1, affine=True, track_running_stats=True)
      (shortcut): Sequential()
    )
    (1): BasicBlock(
      (conv1): Conv2d(64, 64, kernel_size=(3, 3), stride=(1, 1), padding=(1, 1), bias=False)
      (bn1): BatchNorm2d(64, eps=1e-05, momentum=0.1, affine=True, track_running_stats=True)
      (conv2): Conv2d(64, 64, kernel_size=(3, 3), stride=(1, 1), padding=(1, 1), bias=False)
      (bn2): BatchNorm2d(64, eps=1e-05, momentum=0.1, affine=True, track_running_stats=True)
      (shortcut): Sequential()
    )
  )
  (layer3): Sequential(
    (0): BasicBlock(
      (conv1): Conv2d(64, 64, kernel_size=(3, 3), stride=(1, 1), padding=(1, 1), bias=False)
      (bn1): BatchNorm2d(64, eps=1e-05, momentum=0.1, affine=True, track_running_stats=True)
      (conv2): Conv2d(64, 64, kernel_size=(3, 3), stride=(1, 1), padding=(1, 1), bias=False)
      (bn2): BatchNorm2d(64, eps=1e-05, momentum=0.1, affine=True, track_running_stats=True)
      (shortcut): Sequential()
    )
    (1): BasicBlock(
      (conv1): Conv2d(64, 64, kernel_size=(3, 3), stride=(1, 1), padding=(1, 1), bias=False)
      (bn1): BatchNorm2d(64, eps=1e-05, momentum=0.1, affine=True, track_running_stats=True)
      (conv2): Conv2d(64, 64, kernel_size=(3, 3), stride=(1, 1), padding=(1, 1), bias=False)
      (bn2): BatchNorm2d(64, eps=1e-05, momentum=0.1, affine=True, track_running_stats=True)
      (shortcut): Sequential()
    )
  )
  (layer4): Sequential(
    (0): BasicBlock(
      (conv1): Conv2d(64, 64, kernel_size=(3, 3), stride=(1, 1), padding=(1, 1), bias=False)
      (bn1): BatchNorm2d(64, eps=1e-05, momentum=0.1, affine=True, track_running_stats=True)
      (conv2): Conv2d(64, 64, kernel_size=(3, 3), stride=(1, 1), padding=(1, 1), bias=False)
      (bn2): BatchNorm2d(64, eps=1e-05, momentum=0.1, affine=True, track_running_stats=True)
      (shortcut): Sequential()
    )
    (1): BasicBlock(
      (conv1): Conv2d(64, 64, kernel_size=(3, 3), stride=(1, 1), padding=(1, 1), bias=False)
      (bn1): BatchNorm2d(64, eps=1e-05, momentum=0.1, affine=True, track_running_stats=True)
      (conv2): Conv2d(64, 64, kernel_size=(3, 3), stride=(1, 1), padding=(1, 1), bias=False)
      (bn2): BatchNorm2d(64, eps=1e-05, momentum=0.1, affine=True, track_running_stats=True)
      (shortcut): Sequential()
    )
  )
  (conv2): Sequential(
    (0): Conv2d(64, 32, kernel_size=(3, 3), stride=(1, 1), padding=(1, 1))
    (1): BatchNorm2d(32, eps=1e-05, momentum=0.1, affine=True, track_running_stats=True)
  )
  (conv3): Sequential(
    (0): Conv2d(32, 16, kernel_size=(3, 3), stride=(1, 1), padding=(1, 1))
    (1): BatchNorm2d(16, eps=1e-05, momentum=0.1, affine=True, track_running_stats=True)
  )
  (conv4): Sequential(
    (0): Conv2d(16, 1, kernel_size=(3, 3), stride=(1, 1), padding=(1, 1))
    (1): BatchNorm2d(1, eps=1e-05, momentum=0.1, affine=True, track_running_stats=True)
  )
)
Epoch  0, trian_loss: 0.0141, trian_mae: 0.1032, trian_mse:0.0286, trian_r2: -5.5039, trian_cc: 0.2359
Epoch  0, val_loss: 0.0073, val_mae: 0.0934, val_mse: 0.0146, val_r2: -14.0771, val_cc: 0.3409
Epoch  1, trian_loss: 0.0046, trian_mae: 0.0686, trian_mse:0.0092, trian_r2: -1103.8116, trian_cc: 0.0195
Epoch  1, val_loss: 0.0049, val_mae: 0.0727, val_mse: 0.0097, val_r2: -2151.4554, val_cc: 0.0114
Epoch  2, trian_loss: 0.0043, trian_mae: 0.0667, trian_mse:0.0086, trian_r2: -3715.1903, trian_cc: 0.0259
Epoch  2, val_loss: 0.0049, val_mae: 0.0727, val_mse: 0.0098, val_r2: -4727.3793, val_cc: 0.0162
Epoch  3, trian_loss: 0.0043, trian_mae: 0.0668, trian_mse:0.0086, trian_r2: -4974.5744, trian_cc: 0.0377
Epoch  3, val_loss: 0.0048, val_mae: 0.0710, val_mse: 0.0097, val_r2: -6603.5645, val_cc: 0.0400
Epoch  4, trian_loss: 0.0043, trian_mae: 0.0665, trian_mse:0.0085, trian_r2: -6003.1781, trian_cc: 0.0398
Epoch  4, val_loss: 0.0048, val_mae: 0.0714, val_mse: 0.0096, val_r2: -7687.0243, val_cc: 0.0252
Epoch  5, trian_loss: 0.0043, trian_mae: 0.0664, trian_mse:0.0086, trian_r2: -6310.4683, trian_cc: 0.0577
Epoch  5, val_loss: 0.0048, val_mae: 0.0707, val_mse: 0.0096, val_r2: -6902.6104, val_cc: 0.0545
Epoch  6, trian_loss: 0.0043, trian_mae: 0.0664, trian_mse:0.0085, trian_r2: -5706.9632, trian_cc: 0.0631
Epoch  6, val_loss: 0.0048, val_mae: 0.0706, val_mse: 0.0096, val_r2: -6062.4779, val_cc: 0.0679
Epoch  7, trian_loss: 0.0043, trian_mae: 0.0664, trian_mse:0.0085, trian_r2: -4157.1533, trian_cc: 0.0635
Epoch  7, val_loss: 0.0048, val_mae: 0.0706, val_mse: 0.0096, val_r2: -4672.7690, val_cc: 0.0672
Epoch  8, trian_loss: 0.0042, trian_mae: 0.0662, trian_mse:0.0085, trian_r2: -3844.2088, trian_cc: 0.0809
Epoch  8, val_loss: 0.0048, val_mae: 0.0714, val_mse: 0.0097, val_r2: -4444.0690, val_cc: 0.0729
Epoch  9, trian_loss: 0.0043, trian_mae: 0.0665, trian_mse:0.0085, trian_r2: -3038.3186, trian_cc: 0.0856
Epoch  9, val_loss: 0.0048, val_mae: 0.0703, val_mse: 0.0096, val_r2: -3775.3029, val_cc: 0.0838
Epoch 10, trian_loss: 0.0043, trian_mae: 0.0664, trian_mse:0.0085, trian_r2: -3083.2640, trian_cc: 0.0862
Epoch 10, val_loss: 0.0048, val_mae: 0.0700, val_mse: 0.0097, val_r2: -2645.9973, val_cc: 0.0909
Epoch 11, trian_loss: 0.0043, trian_mae: 0.0663, trian_mse:0.0086, trian_r2: -3103.3470, trian_cc: 0.0919
Epoch 11, val_loss: 0.0048, val_mae: 0.0706, val_mse: 0.0097, val_r2: -3346.8160, val_cc: 0.0939
Epoch 12, trian_loss: 0.0042, trian_mae: 0.0662, trian_mse:0.0085, trian_r2: -3080.3819, trian_cc: 0.0937
Epoch 12, val_loss: 0.0048, val_mae: 0.0701, val_mse: 0.0097, val_r2: -1870.2641, val_cc: 0.0959
Epoch 13, trian_loss: 0.0042, trian_mae: 0.0662, trian_mse:0.0085, trian_r2: -4100.3124, trian_cc: 0.0969
Epoch 13, val_loss: 0.0048, val_mae: 0.0699, val_mse: 0.0097, val_r2: -3322.1232, val_cc: 0.0942
Epoch 14, trian_loss: 0.0043, trian_mae: 0.0662, trian_mse:0.0085, trian_r2: -3760.8376, trian_cc: 0.0996
Epoch 14, val_loss: 0.0049, val_mae: 0.0704, val_mse: 0.0097, val_r2: -3882.0490, val_cc: 0.0945
Epoch 15, trian_loss: 0.0042, trian_mae: 0.0661, trian_mse:0.0085, trian_r2: -2977.4457, trian_cc: 0.1041
Epoch 15, val_loss: 0.0048, val_mae: 0.0699, val_mse: 0.0097, val_r2: -2177.0280, val_cc: 0.1045
Epoch 16, trian_loss: 0.0042, trian_mae: 0.0661, trian_mse:0.0085, trian_r2: -2433.6818, trian_cc: 0.1081
Epoch 16, val_loss: 0.0048, val_mae: 0.0701, val_mse: 0.0097, val_r2: -2822.6133, val_cc: 0.1096
Epoch 17, trian_loss: 0.0042, trian_mae: 0.0662, trian_mse:0.0085, trian_r2: -2395.9219, trian_cc: 0.1042
Epoch 17, val_loss: 0.0048, val_mae: 0.0699, val_mse: 0.0097, val_r2: -2789.0624, val_cc: 0.1068
Epoch 18, trian_loss: 0.0042, trian_mae: 0.0661, trian_mse:0.0085, trian_r2: -2413.0536, trian_cc: 0.1085
Epoch 18, val_loss: 0.0048, val_mae: 0.0700, val_mse: 0.0097, val_r2: -2585.0350, val_cc: 0.1090
Epoch 19, trian_loss: 0.0042, trian_mae: 0.0661, trian_mse:0.0085, trian_r2: -2423.4875, trian_cc: 0.1104
Epoch 19, val_loss: 0.0048, val_mae: 0.0698, val_mse: 0.0097, val_r2: -2862.5580, val_cc: 0.1073
Epoch 20, trian_loss: 0.0042, trian_mae: 0.0661, trian_mse:0.0085, trian_r2: -2340.2058, trian_cc: 0.1066
Epoch 20, val_loss: 0.0048, val_mae: 0.0700, val_mse: 0.0097, val_r2: -2427.5793, val_cc: 0.1099
Epoch 21, trian_loss: 0.0042, trian_mae: 0.0661, trian_mse:0.0085, trian_r2: -2161.5330, trian_cc: 0.1092
Epoch 21, val_loss: 0.0048, val_mae: 0.0699, val_mse: 0.0097, val_r2: -2225.1032, val_cc: 0.1100
Epoch 22, trian_loss: 0.0042, trian_mae: 0.0661, trian_mse:0.0085, trian_r2: -1771.6709, trian_cc: 0.1125
Epoch 22, val_loss: 0.0048, val_mae: 0.0699, val_mse: 0.0097, val_r2: -2241.5910, val_cc: 0.1119
Epoch 23, trian_loss: 0.0042, trian_mae: 0.0660, trian_mse:0.0085, trian_r2: -1713.4582, trian_cc: 0.1102
Epoch 23, val_loss: 0.0048, val_mae: 0.0699, val_mse: 0.0097, val_r2: -2435.9279, val_cc: 0.1054
Epoch 24, trian_loss: 0.0042, trian_mae: 0.0661, trian_mse:0.0085, trian_r2: -1973.2920, trian_cc: 0.1060
Epoch 24, val_loss: 0.0048, val_mae: 0.0699, val_mse: 0.0097, val_r2: -2309.2513, val_cc: 0.1032
Epoch 25, trian_loss: 0.0042, trian_mae: 0.0661, trian_mse:0.0085, trian_r2: -1502.7618, trian_cc: 0.1026
Epoch 25, val_loss: 0.0048, val_mae: 0.0698, val_mse: 0.0097, val_r2: -1246.6234, val_cc: 0.0994
Epoch 26, trian_loss: 0.0042, trian_mae: 0.0659, trian_mse:0.0085, trian_r2: -1149.0141, trian_cc: 0.0989
Epoch 26, val_loss: 0.0048, val_mae: 0.0699, val_mse: 0.0097, val_r2: -1417.7943, val_cc: 0.1029
Epoch 27, trian_loss: 0.0042, trian_mae: 0.0661, trian_mse:0.0085, trian_r2: -1025.3087, trian_cc: 0.0891
Epoch 27, val_loss: 0.0048, val_mae: 0.0699, val_mse: 0.0097, val_r2: -1067.8355, val_cc: 0.0960
Epoch 28, trian_loss: 0.0042, trian_mae: 0.0661, trian_mse:0.0085, trian_r2: -997.4865, trian_cc: 0.0835
Epoch 28, val_loss: 0.0048, val_mae: 0.0698, val_mse: 0.0097, val_r2: -971.9747, val_cc: 0.0907
Epoch 29, trian_loss: 0.0042, trian_mae: 0.0660, trian_mse:0.0085, trian_r2: -751.2967, trian_cc: 0.0923
Epoch 29, val_loss: 0.0048, val_mae: 0.0698, val_mse: 0.0096, val_r2: -890.3534, val_cc: 0.0981
Epoch 30, trian_loss: 0.0042, trian_mae: 0.0659, trian_mse:0.0085, trian_r2: -700.0892, trian_cc: 0.0867
Epoch 30, val_loss: 0.0048, val_mae: 0.0701, val_mse: 0.0096, val_r2: -759.6622, val_cc: 0.0966
Epoch 31, trian_loss: 0.0042, trian_mae: 0.0661, trian_mse:0.0085, trian_r2: -679.6988, trian_cc: 0.0878
Epoch 31, val_loss: 0.0048, val_mae: 0.0697, val_mse: 0.0096, val_r2: -829.8605, val_cc: 0.0979
Epoch 32, trian_loss: 0.0042, trian_mae: 0.0659, trian_mse:0.0084, trian_r2: -621.4791, trian_cc: 0.0930
Epoch 32, val_loss: 0.0048, val_mae: 0.0698, val_mse: 0.0096, val_r2: -876.2384, val_cc: 0.1031
Epoch 33, trian_loss: 0.0042, trian_mae: 0.0658, trian_mse:0.0084, trian_r2: -600.8074, trian_cc: 0.1074
Epoch 33, val_loss: 0.0048, val_mae: 0.0700, val_mse: 0.0096, val_r2: -729.2341, val_cc: 0.1122
Epoch 34, trian_loss: 0.0042, trian_mae: 0.0656, trian_mse:0.0084, trian_r2: -429.8120, trian_cc: 0.1269
Epoch 34, val_loss: 0.0046, val_mae: 0.0704, val_mse: 0.0091, val_r2: -400.5461, val_cc: 0.2193
Epoch 35, trian_loss: 0.0040, trian_mae: 0.0648, trian_mse:0.0081, trian_r2: -458.7043, trian_cc: 0.2382
Epoch 35, val_loss: 0.0044, val_mae: 0.0671, val_mse: 0.0089, val_r2: -295.0425, val_cc: 0.2834
Epoch 36, trian_loss: 0.0041, trian_mae: 0.0654, trian_mse:0.0082, trian_r2: -495.6730, trian_cc: 0.1917
Epoch 36, val_loss: 0.0047, val_mae: 0.0705, val_mse: 0.0094, val_r2: -740.8886, val_cc: 0.1897
Epoch 37, trian_loss: 0.0041, trian_mae: 0.0652, trian_mse:0.0082, trian_r2: -440.0999, trian_cc: 0.2351
Epoch 37, val_loss: 0.0044, val_mae: 0.0675, val_mse: 0.0089, val_r2: -290.1832, val_cc: 0.2756
Epoch 38, trian_loss: 0.0040, trian_mae: 0.0644, trian_mse:0.0081, trian_r2: -525.5114, trian_cc: 0.2402
Epoch 38, val_loss: 0.0044, val_mae: 0.0659, val_mse: 0.0088, val_r2: -214.5126, val_cc: 0.3757
Epoch 39, trian_loss: 0.0040, trian_mae: 0.0645, trian_mse:0.0080, trian_r2: -415.5972, trian_cc: 0.3090
Epoch 39, val_loss: 0.0045, val_mae: 0.0676, val_mse: 0.0089, val_r2: -394.1909, val_cc: 0.2801
Epoch 40, trian_loss: 0.0039, trian_mae: 0.0630, trian_mse:0.0079, trian_r2: -357.1746, trian_cc: 0.3166
Epoch 40, val_loss: 0.0044, val_mae: 0.0653, val_mse: 0.0087, val_r2: -336.9636, val_cc: 0.3633
Epoch 41, trian_loss: 0.0040, trian_mae: 0.0643, trian_mse:0.0080, trian_r2: -385.0798, trian_cc: 0.2977
Epoch 41, val_loss: 0.0045, val_mae: 0.0659, val_mse: 0.0090, val_r2: -203.9745, val_cc: 0.3414
Epoch 42, trian_loss: 0.0039, trian_mae: 0.0640, trian_mse:0.0078, trian_r2: -252.9665, trian_cc: 0.3248
Epoch 42, val_loss: 0.0050, val_mae: 0.0793, val_mse: 0.0101, val_r2: -677.7026, val_cc: 0.2120
Epoch 43, trian_loss: 0.0039, trian_mae: 0.0629, trian_mse:0.0077, trian_r2: -418.4784, trian_cc: 0.3497
Epoch 43, val_loss: 0.0048, val_mae: 0.0666, val_mse: 0.0097, val_r2: -118.3650, val_cc: 0.3435
Epoch 44, trian_loss: 0.0039, trian_mae: 0.0630, trian_mse:0.0077, trian_r2: -241.8446, trian_cc: 0.3486
Epoch 44, val_loss: 0.0045, val_mae: 0.0648, val_mse: 0.0090, val_r2: -115.9445, val_cc: 0.3843
Epoch 45, trian_loss: 0.0038, trian_mae: 0.0632, trian_mse:0.0077, trian_r2: -284.1000, trian_cc: 0.3579
Epoch 45, val_loss: 0.0043, val_mae: 0.0657, val_mse: 0.0086, val_r2: -328.1596, val_cc: 0.3900
Epoch 46, trian_loss: 0.0040, trian_mae: 0.0640, trian_mse:0.0079, trian_r2: -423.4116, trian_cc: 0.2767
Epoch 46, val_loss: 0.0045, val_mae: 0.0703, val_mse: 0.0090, val_r2: -478.5607, val_cc: 0.3371
Epoch 47, trian_loss: 0.0040, trian_mae: 0.0641, trian_mse:0.0079, trian_r2: -350.8528, trian_cc: 0.3371
Epoch 47, val_loss: 0.0043, val_mae: 0.0657, val_mse: 0.0087, val_r2: -182.3808, val_cc: 0.3901
Epoch 48, trian_loss: 0.0039, trian_mae: 0.0636, trian_mse:0.0078, trian_r2: -391.2959, trian_cc: 0.3335
Epoch 48, val_loss: 0.0044, val_mae: 0.0697, val_mse: 0.0088, val_r2: -510.9624, val_cc: 0.3478
Epoch 49, trian_loss: 0.0039, trian_mae: 0.0635, trian_mse:0.0078, trian_r2: -324.6835, trian_cc: 0.3562
Epoch 49, val_loss: 0.0045, val_mae: 0.0655, val_mse: 0.0089, val_r2: -115.1210, val_cc: 0.3469
Epoch 50, trian_loss: 0.0039, trian_mae: 0.0632, trian_mse:0.0077, trian_r2: -189.9214, trian_cc: 0.3551
Epoch 50, val_loss: 0.0043, val_mae: 0.0655, val_mse: 0.0086, val_r2: -121.0646, val_cc: 0.3968
Epoch 51, trian_loss: 0.0039, trian_mae: 0.0635, trian_mse:0.0077, trian_r2: -169.1150, trian_cc: 0.3690
Epoch 51, val_loss: 0.0043, val_mae: 0.0680, val_mse: 0.0087, val_r2: -265.3926, val_cc: 0.3759
Epoch 52, trian_loss: 0.0039, trian_mae: 0.0640, trian_mse:0.0079, trian_r2: -228.9434, trian_cc: 0.3239
Epoch 52, val_loss: 0.0043, val_mae: 0.0678, val_mse: 0.0087, val_r2: -163.5609, val_cc: 0.3603
Epoch 53, trian_loss: 0.0039, trian_mae: 0.0640, trian_mse:0.0079, trian_r2: -382.0628, trian_cc: 0.3255
Epoch 53, val_loss: 0.0045, val_mae: 0.0654, val_mse: 0.0090, val_r2: -157.6693, val_cc: 0.4043
Epoch 54, trian_loss: 0.0038, trian_mae: 0.0627, trian_mse:0.0076, trian_r2: -146.7297, trian_cc: 0.3831
Epoch 54, val_loss: 0.0043, val_mae: 0.0665, val_mse: 0.0087, val_r2: -106.9501, val_cc: 0.3997
Epoch 55, trian_loss: 0.0038, trian_mae: 0.0628, trian_mse:0.0076, trian_r2: -232.8960, trian_cc: 0.3677
Epoch 55, val_loss: 0.0043, val_mae: 0.0655, val_mse: 0.0086, val_r2: -155.0247, val_cc: 0.4119
Epoch 56, trian_loss: 0.0037, trian_mae: 0.0616, trian_mse:0.0075, trian_r2: -167.7834, trian_cc: 0.4035
Epoch 56, val_loss: 0.0043, val_mae: 0.0668, val_mse: 0.0086, val_r2: -164.4351, val_cc: 0.3651
Epoch 57, trian_loss: 0.0037, trian_mae: 0.0620, trian_mse:0.0075, trian_r2: -124.0689, trian_cc: 0.3931
Epoch 57, val_loss: 0.0043, val_mae: 0.0670, val_mse: 0.0085, val_r2: -128.3635, val_cc: 0.3684
Epoch 58, trian_loss: 0.0038, trian_mae: 0.0631, trian_mse:0.0076, trian_r2: -126.4172, trian_cc: 0.3804
Epoch 58, val_loss: 0.0043, val_mae: 0.0651, val_mse: 0.0086, val_r2: -134.0429, val_cc: 0.3964
Epoch 59, trian_loss: 0.0038, trian_mae: 0.0624, trian_mse:0.0076, trian_r2: -140.6929, trian_cc: 0.3855
Epoch 59, val_loss: 0.0044, val_mae: 0.0650, val_mse: 0.0088, val_r2: -103.9416, val_cc: 0.4021
Epoch 60, trian_loss: 0.0037, trian_mae: 0.0618, trian_mse:0.0075, trian_r2: -125.1854, trian_cc: 0.3932
Epoch 60, val_loss: 0.0042, val_mae: 0.0658, val_mse: 0.0084, val_r2: -74.7831, val_cc: 0.3674
Epoch 61, trian_loss: 0.0037, trian_mae: 0.0617, trian_mse:0.0074, trian_r2: -104.1278, trian_cc: 0.4082
Epoch 61, val_loss: 0.0042, val_mae: 0.0668, val_mse: 0.0084, val_r2: -69.7823, val_cc: 0.3517
Epoch 62, trian_loss: 0.0038, trian_mae: 0.0626, trian_mse:0.0075, trian_r2: -108.5764, trian_cc: 0.3715
Epoch 62, val_loss: 0.0042, val_mae: 0.0666, val_mse: 0.0085, val_r2: -134.4275, val_cc: 0.3446
Epoch 63, trian_loss: 0.0038, trian_mae: 0.0624, trian_mse:0.0076, trian_r2: -143.2910, trian_cc: 0.3826
Epoch 63, val_loss: 0.0043, val_mae: 0.0664, val_mse: 0.0086, val_r2: -118.0323, val_cc: 0.3715
Epoch 64, trian_loss: 0.0038, trian_mae: 0.0625, trian_mse:0.0075, trian_r2: -135.9913, trian_cc: 0.4000
Epoch 64, val_loss: 0.0043, val_mae: 0.0677, val_mse: 0.0085, val_r2: -98.4132, val_cc: 0.3364
Epoch 65, trian_loss: 0.0038, trian_mae: 0.0623, trian_mse:0.0075, trian_r2: -124.7598, trian_cc: 0.4029
Epoch 65, val_loss: 0.0042, val_mae: 0.0660, val_mse: 0.0084, val_r2: -95.7658, val_cc: 0.3554
Epoch 66, trian_loss: 0.0037, trian_mae: 0.0624, trian_mse:0.0075, trian_r2: -116.6752, trian_cc: 0.3896
Epoch 66, val_loss: 0.0045, val_mae: 0.0659, val_mse: 0.0091, val_r2: -77.7377, val_cc: 0.4350
Epoch 67, trian_loss: 0.0037, trian_mae: 0.0621, trian_mse:0.0075, trian_r2: -143.0161, trian_cc: 0.3861
Epoch 67, val_loss: 0.0042, val_mae: 0.0652, val_mse: 0.0083, val_r2: -76.1173, val_cc: 0.3735
Epoch 68, trian_loss: 0.0037, trian_mae: 0.0621, trian_mse:0.0075, trian_r2: -114.9346, trian_cc: 0.3804
Epoch 68, val_loss: 0.0042, val_mae: 0.0657, val_mse: 0.0085, val_r2: -128.9347, val_cc: 0.4090
Epoch 69, trian_loss: 0.0037, trian_mae: 0.0618, trian_mse:0.0074, trian_r2: -96.0047, trian_cc: 0.4120
Epoch 69, val_loss: 0.0042, val_mae: 0.0653, val_mse: 0.0085, val_r2: -83.3707, val_cc: 0.3867
Epoch 70, trian_loss: 0.0038, trian_mae: 0.0625, trian_mse:0.0075, trian_r2: -150.5120, trian_cc: 0.3714
Epoch 70, val_loss: 0.0044, val_mae: 0.0657, val_mse: 0.0088, val_r2: -188.0886, val_cc: 0.3090
Epoch 71, trian_loss: 0.0037, trian_mae: 0.0615, trian_mse:0.0074, trian_r2: -95.5175, trian_cc: 0.4024
Epoch 71, val_loss: 0.0042, val_mae: 0.0654, val_mse: 0.0084, val_r2: -103.8416, val_cc: 0.3716
Epoch 72, trian_loss: 0.0037, trian_mae: 0.0609, trian_mse:0.0073, trian_r2: -78.7466, trian_cc: 0.4099
Epoch 72, val_loss: 0.0042, val_mae: 0.0642, val_mse: 0.0084, val_r2: -99.4540, val_cc: 0.4254
Epoch 73, trian_loss: 0.0038, trian_mae: 0.0624, trian_mse:0.0075, trian_r2: -135.1884, trian_cc: 0.3742
Epoch 73, val_loss: 0.0044, val_mae: 0.0678, val_mse: 0.0087, val_r2: -232.9528, val_cc: 0.3308
Epoch 74, trian_loss: 0.0037, trian_mae: 0.0612, trian_mse:0.0073, trian_r2: -77.1283, trian_cc: 0.4002
Epoch 74, val_loss: 0.0042, val_mae: 0.0655, val_mse: 0.0084, val_r2: -68.0801, val_cc: 0.3604
Epoch 75, trian_loss: 0.0036, trian_mae: 0.0607, trian_mse:0.0072, trian_r2: -72.0112, trian_cc: 0.4138
Epoch 75, val_loss: 0.0042, val_mae: 0.0669, val_mse: 0.0085, val_r2: -72.5357, val_cc: 0.3737
Epoch 76, trian_loss: 0.0037, trian_mae: 0.0614, trian_mse:0.0073, trian_r2: -80.7443, trian_cc: 0.4057
Epoch 76, val_loss: 0.0043, val_mae: 0.0650, val_mse: 0.0086, val_r2: -55.4796, val_cc: 0.4030
Epoch 77, trian_loss: 0.0037, trian_mae: 0.0618, trian_mse:0.0073, trian_r2: -88.8960, trian_cc: 0.3999
Epoch 77, val_loss: 0.0042, val_mae: 0.0651, val_mse: 0.0084, val_r2: -63.9656, val_cc: 0.3606
Epoch 78, trian_loss: 0.0036, trian_mae: 0.0607, trian_mse:0.0072, trian_r2: -61.1828, trian_cc: 0.4111
Epoch 78, val_loss: 0.0047, val_mae: 0.0676, val_mse: 0.0093, val_r2: -60.2508, val_cc: 0.3713
Epoch 79, trian_loss: 0.0037, trian_mae: 0.0618, trian_mse:0.0074, trian_r2: -118.8802, trian_cc: 0.4223
Epoch 79, val_loss: 0.0044, val_mae: 0.0687, val_mse: 0.0088, val_r2: -28.9479, val_cc: 0.3866
Epoch 80, trian_loss: 0.0037, trian_mae: 0.0618, trian_mse:0.0074, trian_r2: -124.3753, trian_cc: 0.4166
Epoch 80, val_loss: 0.0046, val_mae: 0.0659, val_mse: 0.0093, val_r2: -69.6813, val_cc: 0.4193
Epoch 81, trian_loss: 0.0036, trian_mae: 0.0602, trian_mse:0.0072, trian_r2: -78.1867, trian_cc: 0.4403
Epoch 81, val_loss: 0.0041, val_mae: 0.0635, val_mse: 0.0082, val_r2: -60.0828, val_cc: 0.4422
Epoch 82, trian_loss: 0.0035, trian_mae: 0.0595, trian_mse:0.0070, trian_r2: -73.5500, trian_cc: 0.4524
Epoch 82, val_loss: 0.0041, val_mae: 0.0640, val_mse: 0.0082, val_r2: -47.6546, val_cc: 0.4592
Epoch 83, trian_loss: 0.0035, trian_mae: 0.0592, trian_mse:0.0070, trian_r2: -92.5725, trian_cc: 0.4629
Epoch 83, val_loss: 0.0041, val_mae: 0.0677, val_mse: 0.0083, val_r2: -83.3287, val_cc: 0.4426
Epoch 84, trian_loss: 0.0034, trian_mae: 0.0586, trian_mse:0.0068, trian_r2: -52.7374, trian_cc: 0.4712
Epoch 84, val_loss: 0.0040, val_mae: 0.0617, val_mse: 0.0080, val_r2: -36.2898, val_cc: 0.4661
Epoch 85, trian_loss: 0.0034, trian_mae: 0.0582, trian_mse:0.0068, trian_r2: -50.2227, trian_cc: 0.4665
Epoch 85, val_loss: 0.0043, val_mae: 0.0666, val_mse: 0.0086, val_r2: -82.2575, val_cc: 0.3927
Epoch 86, trian_loss: 0.0034, trian_mae: 0.0581, trian_mse:0.0068, trian_r2: -76.2655, trian_cc: 0.4729
Epoch 86, val_loss: 0.0041, val_mae: 0.0624, val_mse: 0.0081, val_r2: -36.9003, val_cc: 0.4626
Epoch 87, trian_loss: 0.0033, trian_mae: 0.0575, trian_mse:0.0067, trian_r2: -63.2384, trian_cc: 0.4990
Epoch 87, val_loss: 0.0040, val_mae: 0.0617, val_mse: 0.0079, val_r2: -24.0586, val_cc: 0.4579
Epoch 88, trian_loss: 0.0032, trian_mae: 0.0564, trian_mse:0.0064, trian_r2: -26.4542, trian_cc: 0.5017
Epoch 88, val_loss: 0.0042, val_mae: 0.0644, val_mse: 0.0083, val_r2: -30.5870, val_cc: 0.4686
Epoch 89, trian_loss: 0.0033, trian_mae: 0.0575, trian_mse:0.0066, trian_r2: -30.6696, trian_cc: 0.4971
Epoch 89, val_loss: 0.0039, val_mae: 0.0612, val_mse: 0.0078, val_r2: -17.9153, val_cc: 0.4583
Epoch 90, trian_loss: 0.0032, trian_mae: 0.0567, trian_mse:0.0065, trian_r2: -35.2253, trian_cc: 0.4977
Epoch 90, val_loss: 0.0039, val_mae: 0.0607, val_mse: 0.0078, val_r2: -29.0979, val_cc: 0.4792
Epoch 91, trian_loss: 0.0032, trian_mae: 0.0554, trian_mse:0.0063, trian_r2: -28.2018, trian_cc: 0.5126
Epoch 91, val_loss: 0.0038, val_mae: 0.0611, val_mse: 0.0077, val_r2: -22.1790, val_cc: 0.4822
Epoch 92, trian_loss: 0.0032, trian_mae: 0.0555, trian_mse:0.0063, trian_r2: -19.9070, trian_cc: 0.5097
Epoch 92, val_loss: 0.0039, val_mae: 0.0608, val_mse: 0.0077, val_r2: -17.3173, val_cc: 0.4863
Epoch 93, trian_loss: 0.0031, trian_mae: 0.0550, trian_mse:0.0062, trian_r2: -17.2358, trian_cc: 0.5154
Epoch 93, val_loss: 0.0042, val_mae: 0.0657, val_mse: 0.0084, val_r2: -67.2773, val_cc: 0.4631
Epoch 94, trian_loss: 0.0032, trian_mae: 0.0558, trian_mse:0.0063, trian_r2: -20.5256, trian_cc: 0.5192
Epoch 94, val_loss: 0.0041, val_mae: 0.0643, val_mse: 0.0081, val_r2: -59.7338, val_cc: 0.4649
Epoch 95, trian_loss: 0.0031, trian_mae: 0.0548, trian_mse:0.0062, trian_r2: -18.8450, trian_cc: 0.5208
Epoch 95, val_loss: 0.0038, val_mae: 0.0605, val_mse: 0.0077, val_r2: -9.1309, val_cc: 0.4852
Epoch 96, trian_loss: 0.0030, trian_mae: 0.0543, trian_mse:0.0061, trian_r2: -14.5968, trian_cc: 0.5232
Epoch 96, val_loss: 0.0038, val_mae: 0.0603, val_mse: 0.0076, val_r2: -15.3833, val_cc: 0.4949
Epoch 97, trian_loss: 0.0031, trian_mae: 0.0551, trian_mse:0.0062, trian_r2: -16.0640, trian_cc: 0.5119
Epoch 97, val_loss: 0.0042, val_mae: 0.0656, val_mse: 0.0084, val_r2: -24.1838, val_cc: 0.4768
Epoch 98, trian_loss: 0.0031, trian_mae: 0.0553, trian_mse:0.0063, trian_r2: -18.2030, trian_cc: 0.5206
Epoch 98, val_loss: 0.0038, val_mae: 0.0608, val_mse: 0.0076, val_r2: -11.0072, val_cc: 0.4849
Epoch 99, trian_loss: 0.0030, trian_mae: 0.0541, trian_mse:0.0060, trian_r2: -13.4873, trian_cc: 0.5247
Epoch 99, val_loss: 0.0038, val_mae: 0.0607, val_mse: 0.0076, val_r2: -9.0176, val_cc: 0.4927
