Trian Data: 515   Validation Data: 172  Test Data: 172
model ResNet_2D(
  (conv1): Sequential(
    (0): Conv2d(61, 64, kernel_size=(3, 3), stride=(1, 1), padding=(1, 1), bias=False)
    (1): BatchNorm2d(64, eps=1e-05, momentum=0.1, affine=True, track_running_stats=True)
  )
  (layer1): Sequential(
    (0): BasicBlock(
      (conv1): Conv2d(64, 64, kernel_size=(3, 3), stride=(1, 1), padding=(1, 1), bias=False)
      (bn1): BatchNorm2d(64, eps=1e-05, momentum=0.1, affine=True, track_running_stats=True)
      (conv2): Conv2d(64, 64, kernel_size=(3, 3), stride=(1, 1), padding=(1, 1), bias=False)
      (bn2): BatchNorm2d(64, eps=1e-05, momentum=0.1, affine=True, track_running_stats=True)
      (shortcut): Sequential()
    )
    (1): BasicBlock(
      (conv1): Conv2d(64, 64, kernel_size=(3, 3), stride=(1, 1), padding=(1, 1), bias=False)
      (bn1): BatchNorm2d(64, eps=1e-05, momentum=0.1, affine=True, track_running_stats=True)
      (conv2): Conv2d(64, 64, kernel_size=(3, 3), stride=(1, 1), padding=(1, 1), bias=False)
      (bn2): BatchNorm2d(64, eps=1e-05, momentum=0.1, affine=True, track_running_stats=True)
      (shortcut): Sequential()
    )
  )
  (layer2): Sequential(
    (0): BasicBlock(
      (conv1): Conv2d(64, 64, kernel_size=(3, 3), stride=(1, 1), padding=(1, 1), bias=False)
      (bn1): BatchNorm2d(64, eps=1e-05, momentum=0.1, affine=True, track_running_stats=True)
      (conv2): Conv2d(64, 64, kernel_size=(3, 3), stride=(1, 1), padding=(1, 1), bias=False)
      (bn2): BatchNorm2d(64, eps=1e-05, momentum=0.1, affine=True, track_running_stats=True)
      (shortcut): Sequential()
    )
    (1): BasicBlock(
      (conv1): Conv2d(64, 64, kernel_size=(3, 3), stride=(1, 1), padding=(1, 1), bias=False)
      (bn1): BatchNorm2d(64, eps=1e-05, momentum=0.1, affine=True, track_running_stats=True)
      (conv2): Conv2d(64, 64, kernel_size=(3, 3), stride=(1, 1), padding=(1, 1), bias=False)
      (bn2): BatchNorm2d(64, eps=1e-05, momentum=0.1, affine=True, track_running_stats=True)
      (shortcut): Sequential()
    )
  )
  (layer3): Sequential(
    (0): BasicBlock(
      (conv1): Conv2d(64, 64, kernel_size=(3, 3), stride=(1, 1), padding=(1, 1), bias=False)
      (bn1): BatchNorm2d(64, eps=1e-05, momentum=0.1, affine=True, track_running_stats=True)
      (conv2): Conv2d(64, 64, kernel_size=(3, 3), stride=(1, 1), padding=(1, 1), bias=False)
      (bn2): BatchNorm2d(64, eps=1e-05, momentum=0.1, affine=True, track_running_stats=True)
      (shortcut): Sequential()
    )
    (1): BasicBlock(
      (conv1): Conv2d(64, 64, kernel_size=(3, 3), stride=(1, 1), padding=(1, 1), bias=False)
      (bn1): BatchNorm2d(64, eps=1e-05, momentum=0.1, affine=True, track_running_stats=True)
      (conv2): Conv2d(64, 64, kernel_size=(3, 3), stride=(1, 1), padding=(1, 1), bias=False)
      (bn2): BatchNorm2d(64, eps=1e-05, momentum=0.1, affine=True, track_running_stats=True)
      (shortcut): Sequential()
    )
    (2): BasicBlock(
      (conv1): Conv2d(64, 64, kernel_size=(3, 3), stride=(1, 1), padding=(1, 1), bias=False)
      (bn1): BatchNorm2d(64, eps=1e-05, momentum=0.1, affine=True, track_running_stats=True)
      (conv2): Conv2d(64, 64, kernel_size=(3, 3), stride=(1, 1), padding=(1, 1), bias=False)
      (bn2): BatchNorm2d(64, eps=1e-05, momentum=0.1, affine=True, track_running_stats=True)
      (shortcut): Sequential()
    )
  )
  (layer4): Sequential(
    (0): BasicBlock(
      (conv1): Conv2d(64, 64, kernel_size=(3, 3), stride=(1, 1), padding=(1, 1), bias=False)
      (bn1): BatchNorm2d(64, eps=1e-05, momentum=0.1, affine=True, track_running_stats=True)
      (conv2): Conv2d(64, 64, kernel_size=(3, 3), stride=(1, 1), padding=(1, 1), bias=False)
      (bn2): BatchNorm2d(64, eps=1e-05, momentum=0.1, affine=True, track_running_stats=True)
      (shortcut): Sequential()
    )
    (1): BasicBlock(
      (conv1): Conv2d(64, 64, kernel_size=(3, 3), stride=(1, 1), padding=(1, 1), bias=False)
      (bn1): BatchNorm2d(64, eps=1e-05, momentum=0.1, affine=True, track_running_stats=True)
      (conv2): Conv2d(64, 64, kernel_size=(3, 3), stride=(1, 1), padding=(1, 1), bias=False)
      (bn2): BatchNorm2d(64, eps=1e-05, momentum=0.1, affine=True, track_running_stats=True)
      (shortcut): Sequential()
    )
    (2): BasicBlock(
      (conv1): Conv2d(64, 64, kernel_size=(3, 3), stride=(1, 1), padding=(1, 1), bias=False)
      (bn1): BatchNorm2d(64, eps=1e-05, momentum=0.1, affine=True, track_running_stats=True)
      (conv2): Conv2d(64, 64, kernel_size=(3, 3), stride=(1, 1), padding=(1, 1), bias=False)
      (bn2): BatchNorm2d(64, eps=1e-05, momentum=0.1, affine=True, track_running_stats=True)
      (shortcut): Sequential()
    )
  )
  (conv2): Sequential(
    (0): Conv2d(64, 32, kernel_size=(3, 3), stride=(1, 1), padding=(1, 1))
    (1): BatchNorm2d(32, eps=1e-05, momentum=0.1, affine=True, track_running_stats=True)
  )
  (conv3): Sequential(
    (0): Conv2d(32, 16, kernel_size=(3, 3), stride=(1, 1), padding=(1, 1))
    (1): BatchNorm2d(16, eps=1e-05, momentum=0.1, affine=True, track_running_stats=True)
  )
  (conv4): Sequential(
    (0): Conv2d(16, 1, kernel_size=(3, 3), stride=(1, 1), padding=(1, 1))
    (1): BatchNorm2d(1, eps=1e-05, momentum=0.1, affine=True, track_running_stats=True)
  )
)
Epoch  0, trian_loss: 0.0074, trian_mae: 0.0864, trian_mse:0.0150, trian_r2: -5.0975, trian_cc: 0.2917
Epoch  0, val_loss: 0.0083, val_mae: 0.1048, val_mse: 0.0167, val_r2: -20.0358, val_cc: 0.1905
Epoch  1, trian_loss: 0.0048, trian_mae: 0.0730, trian_mse:0.0097, trian_r2: -114.3256, trian_cc: -0.0671
Epoch  1, val_loss: 0.0047, val_mae: 0.0733, val_mse: 0.0094, val_r2: -402.1164, val_cc: -0.0433
Epoch  2, trian_loss: 0.0042, trian_mae: 0.0683, trian_mse:0.0083, trian_r2: -660.6567, trian_cc: 0.0448
Epoch  2, val_loss: 0.0046, val_mae: 0.0727, val_mse: 0.0092, val_r2: -973.0722, val_cc: -0.0426
Epoch  3, trian_loss: 0.0041, trian_mae: 0.0680, trian_mse:0.0083, trian_r2: -1144.4500, trian_cc: 0.0449
Epoch  3, val_loss: 0.0045, val_mae: 0.0714, val_mse: 0.0090, val_r2: -1402.4325, val_cc: 0.0736
Epoch  4, trian_loss: 0.0041, trian_mae: 0.0681, trian_mse:0.0083, trian_r2: -1544.1057, trian_cc: 0.0483
Epoch  4, val_loss: 0.0045, val_mae: 0.0718, val_mse: 0.0091, val_r2: -1897.9294, val_cc: 0.0290
Epoch  5, trian_loss: 0.0041, trian_mae: 0.0681, trian_mse:0.0083, trian_r2: -1552.5683, trian_cc: 0.0618
Epoch  5, val_loss: 0.0045, val_mae: 0.0714, val_mse: 0.0091, val_r2: -2047.8452, val_cc: 0.0860
Epoch  6, trian_loss: 0.0041, trian_mae: 0.0680, trian_mse:0.0083, trian_r2: -1296.5491, trian_cc: 0.0726
Epoch  6, val_loss: 0.0045, val_mae: 0.0722, val_mse: 0.0091, val_r2: -1174.2893, val_cc: 0.0638
Epoch  7, trian_loss: 0.0041, trian_mae: 0.0679, trian_mse:0.0083, trian_r2: -1264.9195, trian_cc: 0.0793
Epoch  7, val_loss: 0.0046, val_mae: 0.0719, val_mse: 0.0091, val_r2: -1710.3686, val_cc: 0.0808
Epoch  8, trian_loss: 0.0041, trian_mae: 0.0677, trian_mse:0.0082, trian_r2: -1261.3823, trian_cc: 0.0934
Epoch  8, val_loss: 0.0045, val_mae: 0.0720, val_mse: 0.0091, val_r2: -1316.9892, val_cc: 0.0950
Epoch  9, trian_loss: 0.0041, trian_mae: 0.0677, trian_mse:0.0082, trian_r2: -1060.1502, trian_cc: 0.1031
Epoch  9, val_loss: 0.0046, val_mae: 0.0724, val_mse: 0.0091, val_r2: -880.2004, val_cc: 0.1053
Epoch 10, trian_loss: 0.0041, trian_mae: 0.0677, trian_mse:0.0082, trian_r2: -1112.0695, trian_cc: 0.1054
Epoch 10, val_loss: 0.0050, val_mae: 0.0734, val_mse: 0.0099, val_r2: -438.3278, val_cc: 0.0306
Epoch 11, trian_loss: 0.0041, trian_mae: 0.0679, trian_mse:0.0082, trian_r2: -997.6551, trian_cc: 0.1130
Epoch 11, val_loss: 0.0045, val_mae: 0.0716, val_mse: 0.0090, val_r2: -864.2737, val_cc: 0.1187
Epoch 12, trian_loss: 0.0041, trian_mae: 0.0676, trian_mse:0.0082, trian_r2: -953.9002, trian_cc: 0.1190
Epoch 12, val_loss: 0.0045, val_mae: 0.0716, val_mse: 0.0090, val_r2: -743.1316, val_cc: 0.1213
Epoch 13, trian_loss: 0.0041, trian_mae: 0.0676, trian_mse:0.0082, trian_r2: -959.6033, trian_cc: 0.1218
Epoch 13, val_loss: 0.0046, val_mae: 0.0718, val_mse: 0.0092, val_r2: -581.5337, val_cc: 0.1203
Epoch 14, trian_loss: 0.0041, trian_mae: 0.0676, trian_mse:0.0082, trian_r2: -833.7319, trian_cc: 0.1151
Epoch 14, val_loss: 0.0045, val_mae: 0.0713, val_mse: 0.0091, val_r2: -945.5937, val_cc: 0.1086
Epoch 15, trian_loss: 0.0041, trian_mae: 0.0676, trian_mse:0.0082, trian_r2: -734.4205, trian_cc: 0.1274
Epoch 15, val_loss: 0.0045, val_mae: 0.0715, val_mse: 0.0090, val_r2: -500.2380, val_cc: 0.1285
Epoch 16, trian_loss: 0.0041, trian_mae: 0.0675, trian_mse:0.0082, trian_r2: -608.2819, trian_cc: 0.1332
Epoch 16, val_loss: 0.0045, val_mae: 0.0714, val_mse: 0.0090, val_r2: -459.0124, val_cc: 0.1286
Epoch 17, trian_loss: 0.0041, trian_mae: 0.0675, trian_mse:0.0082, trian_r2: -519.6686, trian_cc: 0.1305
Epoch 17, val_loss: 0.0045, val_mae: 0.0714, val_mse: 0.0090, val_r2: -413.9461, val_cc: 0.1247
Epoch 18, trian_loss: 0.0041, trian_mae: 0.0675, trian_mse:0.0082, trian_r2: -529.0554, trian_cc: 0.1296
Epoch 18, val_loss: 0.0045, val_mae: 0.0713, val_mse: 0.0090, val_r2: -320.1591, val_cc: 0.1267
Epoch 19, trian_loss: 0.0041, trian_mae: 0.0672, trian_mse:0.0081, trian_r2: -310.5790, trian_cc: 0.1399
Epoch 19, val_loss: 0.0045, val_mae: 0.0712, val_mse: 0.0090, val_r2: -182.2806, val_cc: 0.1073
Epoch 20, trian_loss: 0.0041, trian_mae: 0.0673, trian_mse:0.0081, trian_r2: -341.5132, trian_cc: 0.1333
Epoch 20, val_loss: 0.0045, val_mae: 0.0711, val_mse: 0.0090, val_r2: -251.5674, val_cc: 0.1353
Epoch 21, trian_loss: 0.0040, trian_mae: 0.0670, trian_mse:0.0081, trian_r2: -234.5622, trian_cc: 0.1450
Epoch 21, val_loss: 0.0045, val_mae: 0.0706, val_mse: 0.0090, val_r2: -173.2483, val_cc: 0.1340
Epoch 22, trian_loss: 0.0041, trian_mae: 0.0671, trian_mse:0.0081, trian_r2: -191.1209, trian_cc: 0.1517
Epoch 22, val_loss: 0.0045, val_mae: 0.0705, val_mse: 0.0089, val_r2: -145.2160, val_cc: 0.1630
Epoch 23, trian_loss: 0.0040, trian_mae: 0.0669, trian_mse:0.0081, trian_r2: -187.3429, trian_cc: 0.1581
Epoch 23, val_loss: 0.0045, val_mae: 0.0706, val_mse: 0.0089, val_r2: -152.5277, val_cc: 0.1436
Epoch 24, trian_loss: 0.0040, trian_mae: 0.0669, trian_mse:0.0080, trian_r2: -180.4416, trian_cc: 0.1579
Epoch 24, val_loss: 0.0045, val_mae: 0.0704, val_mse: 0.0089, val_r2: -132.8753, val_cc: 0.1524
Epoch 25, trian_loss: 0.0040, trian_mae: 0.0668, trian_mse:0.0080, trian_r2: -146.3737, trian_cc: 0.1639
Epoch 25, val_loss: 0.0044, val_mae: 0.0706, val_mse: 0.0089, val_r2: -103.4764, val_cc: 0.1680
Epoch 26, trian_loss: 0.0040, trian_mae: 0.0668, trian_mse:0.0080, trian_r2: -143.8628, trian_cc: 0.1673
Epoch 26, val_loss: 0.0044, val_mae: 0.0700, val_mse: 0.0089, val_r2: -115.2340, val_cc: 0.1590
Epoch 27, trian_loss: 0.0040, trian_mae: 0.0667, trian_mse:0.0080, trian_r2: -139.6434, trian_cc: 0.1661
Epoch 27, val_loss: 0.0045, val_mae: 0.0701, val_mse: 0.0089, val_r2: -141.6081, val_cc: 0.1578
Epoch 28, trian_loss: 0.0040, trian_mae: 0.0666, trian_mse:0.0080, trian_r2: -136.5036, trian_cc: 0.1756
Epoch 28, val_loss: 0.0044, val_mae: 0.0700, val_mse: 0.0089, val_r2: -115.4679, val_cc: 0.1577
Epoch 29, trian_loss: 0.0040, trian_mae: 0.0664, trian_mse:0.0080, trian_r2: -113.9762, trian_cc: 0.1827
Epoch 29, val_loss: 0.0044, val_mae: 0.0699, val_mse: 0.0088, val_r2: -72.4999, val_cc: 0.1685
Epoch 30, trian_loss: 0.0040, trian_mae: 0.0663, trian_mse:0.0079, trian_r2: -112.8217, trian_cc: 0.1890
Epoch 30, val_loss: 0.0045, val_mae: 0.0687, val_mse: 0.0091, val_r2: -86.1631, val_cc: 0.1963
Epoch 31, trian_loss: 0.0040, trian_mae: 0.0662, trian_mse:0.0079, trian_r2: -97.6058, trian_cc: 0.1895
Epoch 31, val_loss: 0.0044, val_mae: 0.0697, val_mse: 0.0088, val_r2: -83.9956, val_cc: 0.1861
Epoch 32, trian_loss: 0.0040, trian_mae: 0.0661, trian_mse:0.0079, trian_r2: -100.6528, trian_cc: 0.1953
Epoch 32, val_loss: 0.0044, val_mae: 0.0692, val_mse: 0.0087, val_r2: -69.8425, val_cc: 0.2065
Epoch 33, trian_loss: 0.0040, trian_mae: 0.0660, trian_mse:0.0079, trian_r2: -85.8293, trian_cc: 0.1982
Epoch 33, val_loss: 0.0044, val_mae: 0.0696, val_mse: 0.0088, val_r2: -73.8881, val_cc: 0.1888
Epoch 34, trian_loss: 0.0039, trian_mae: 0.0659, trian_mse:0.0079, trian_r2: -88.2665, trian_cc: 0.2032
Epoch 34, val_loss: 0.0044, val_mae: 0.0693, val_mse: 0.0088, val_r2: -78.1351, val_cc: 0.1866
Epoch 35, trian_loss: 0.0040, trian_mae: 0.0663, trian_mse:0.0080, trian_r2: -113.8779, trian_cc: 0.1914
Epoch 35, val_loss: 0.0044, val_mae: 0.0694, val_mse: 0.0088, val_r2: -83.0072, val_cc: 0.1936
Epoch 36, trian_loss: 0.0039, trian_mae: 0.0658, trian_mse:0.0079, trian_r2: -85.6450, trian_cc: 0.2090
Epoch 36, val_loss: 0.0044, val_mae: 0.0695, val_mse: 0.0088, val_r2: -90.8685, val_cc: 0.1853
Epoch 37, trian_loss: 0.0039, trian_mae: 0.0658, trian_mse:0.0079, trian_r2: -81.8009, trian_cc: 0.2086
Epoch 37, val_loss: 0.0044, val_mae: 0.0699, val_mse: 0.0088, val_r2: -73.6363, val_cc: 0.1838
Epoch 38, trian_loss: 0.0040, trian_mae: 0.0659, trian_mse:0.0079, trian_r2: -92.0809, trian_cc: 0.2038
Epoch 38, val_loss: 0.0044, val_mae: 0.0692, val_mse: 0.0087, val_r2: -87.2693, val_cc: 0.1952
Epoch 39, trian_loss: 0.0039, trian_mae: 0.0660, trian_mse:0.0079, trian_r2: -97.1725, trian_cc: 0.2064
Epoch 39, val_loss: 0.0044, val_mae: 0.0702, val_mse: 0.0088, val_r2: -86.6244, val_cc: 0.1796
Epoch 40, trian_loss: 0.0039, trian_mae: 0.0658, trian_mse:0.0079, trian_r2: -88.6725, trian_cc: 0.2156
Epoch 40, val_loss: 0.0044, val_mae: 0.0710, val_mse: 0.0088, val_r2: -72.3918, val_cc: 0.1771
Epoch 41, trian_loss: 0.0039, trian_mae: 0.0657, trian_mse:0.0078, trian_r2: -84.2947, trian_cc: 0.2123
Epoch 41, val_loss: 0.0044, val_mae: 0.0694, val_mse: 0.0088, val_r2: -77.4529, val_cc: 0.1868
Epoch 42, trian_loss: 0.0039, trian_mae: 0.0658, trian_mse:0.0079, trian_r2: -78.6236, trian_cc: 0.2147
Epoch 42, val_loss: 0.0044, val_mae: 0.0715, val_mse: 0.0088, val_r2: -66.0856, val_cc: 0.1896
Epoch 43, trian_loss: 0.0039, trian_mae: 0.0656, trian_mse:0.0078, trian_r2: -75.2979, trian_cc: 0.2179
Epoch 43, val_loss: 0.0043, val_mae: 0.0704, val_mse: 0.0085, val_r2: -40.8865, val_cc: 0.2149
Epoch 44, trian_loss: 0.0039, trian_mae: 0.0657, trian_mse:0.0078, trian_r2: -83.5632, trian_cc: 0.2155
Epoch 44, val_loss: 0.0044, val_mae: 0.0692, val_mse: 0.0087, val_r2: -89.7427, val_cc: 0.1920
Epoch 45, trian_loss: 0.0040, trian_mae: 0.0663, trian_mse:0.0079, trian_r2: -84.9413, trian_cc: 0.2043
Epoch 45, val_loss: 0.0044, val_mae: 0.0692, val_mse: 0.0088, val_r2: -97.8972, val_cc: 0.1904
Epoch 46, trian_loss: 0.0039, trian_mae: 0.0658, trian_mse:0.0078, trian_r2: -101.7956, trian_cc: 0.2182
Epoch 46, val_loss: 0.0044, val_mae: 0.0692, val_mse: 0.0088, val_r2: -71.0705, val_cc: 0.1945
Epoch 47, trian_loss: 0.0039, trian_mae: 0.0656, trian_mse:0.0078, trian_r2: -90.0723, trian_cc: 0.2262
Epoch 47, val_loss: 0.0044, val_mae: 0.0698, val_mse: 0.0088, val_r2: -77.1784, val_cc: 0.1737
Epoch 48, trian_loss: 0.0039, trian_mae: 0.0657, trian_mse:0.0078, trian_r2: -87.4369, trian_cc: 0.2182
Epoch 48, val_loss: 0.0044, val_mae: 0.0698, val_mse: 0.0087, val_r2: -57.5653, val_cc: 0.1852
Epoch 49, trian_loss: 0.0039, trian_mae: 0.0651, trian_mse:0.0077, trian_r2: -89.7747, trian_cc: 0.2558
Epoch 49, val_loss: 0.0044, val_mae: 0.0696, val_mse: 0.0088, val_r2: -94.1748, val_cc: 0.1852
Epoch 50, trian_loss: 0.0039, trian_mae: 0.0658, trian_mse:0.0079, trian_r2: -83.7706, trian_cc: 0.2025
Epoch 50, val_loss: 0.0044, val_mae: 0.0692, val_mse: 0.0087, val_r2: -71.5969, val_cc: 0.1869
Epoch 51, trian_loss: 0.0039, trian_mae: 0.0656, trian_mse:0.0078, trian_r2: -80.3180, trian_cc: 0.2107
Epoch 51, val_loss: 0.0044, val_mae: 0.0694, val_mse: 0.0087, val_r2: -64.6807, val_cc: 0.1981
Epoch 52, trian_loss: 0.0039, trian_mae: 0.0657, trian_mse:0.0079, trian_r2: -76.1023, trian_cc: 0.2105
Epoch 52, val_loss: 0.0044, val_mae: 0.0693, val_mse: 0.0087, val_r2: -60.5540, val_cc: 0.2042
Epoch 53, trian_loss: 0.0039, trian_mae: 0.0655, trian_mse:0.0078, trian_r2: -81.8343, trian_cc: 0.2132
Epoch 53, val_loss: 0.0044, val_mae: 0.0689, val_mse: 0.0087, val_r2: -62.8821, val_cc: 0.1974
Epoch 54, trian_loss: 0.0039, trian_mae: 0.0657, trian_mse:0.0079, trian_r2: -84.2280, trian_cc: 0.2105
Epoch 54, val_loss: 0.0044, val_mae: 0.0691, val_mse: 0.0087, val_r2: -75.5316, val_cc: 0.2065
Epoch 55, trian_loss: 0.0039, trian_mae: 0.0657, trian_mse:0.0078, trian_r2: -80.0540, trian_cc: 0.2176
Epoch 55, val_loss: 0.0042, val_mae: 0.0668, val_mse: 0.0083, val_r2: -52.8108, val_cc: 0.2842
Epoch 56, trian_loss: 0.0037, trian_mae: 0.0639, trian_mse:0.0074, trian_r2: -75.4319, trian_cc: 0.3187
Epoch 56, val_loss: 0.0041, val_mae: 0.0660, val_mse: 0.0081, val_r2: -57.9479, val_cc: 0.3433
Epoch 57, trian_loss: 0.0037, trian_mae: 0.0637, trian_mse:0.0075, trian_r2: -68.0350, trian_cc: 0.3124
Epoch 57, val_loss: 0.0042, val_mae: 0.0674, val_mse: 0.0083, val_r2: -61.6450, val_cc: 0.2699
Epoch 58, trian_loss: 0.0037, trian_mae: 0.0639, trian_mse:0.0075, trian_r2: -67.5648, trian_cc: 0.3076
Epoch 58, val_loss: 0.0044, val_mae: 0.0693, val_mse: 0.0087, val_r2: -76.3472, val_cc: 0.1979
Epoch 59, trian_loss: 0.0037, trian_mae: 0.0640, trian_mse:0.0075, trian_r2: -66.0191, trian_cc: 0.2993
Epoch 59, val_loss: 0.0041, val_mae: 0.0672, val_mse: 0.0081, val_r2: -53.4194, val_cc: 0.3072
Epoch 60, trian_loss: 0.0037, trian_mae: 0.0634, trian_mse:0.0073, trian_r2: -62.9461, trian_cc: 0.3354
Epoch 60, val_loss: 0.0040, val_mae: 0.0669, val_mse: 0.0081, val_r2: -54.8874, val_cc: 0.3100
Epoch 61, trian_loss: 0.0036, trian_mae: 0.0630, trian_mse:0.0072, trian_r2: -58.0949, trian_cc: 0.3554
Epoch 61, val_loss: 0.0041, val_mae: 0.0681, val_mse: 0.0082, val_r2: -62.7766, val_cc: 0.2883
Epoch 62, trian_loss: 0.0036, trian_mae: 0.0626, trian_mse:0.0072, trian_r2: -52.9893, trian_cc: 0.3688
Epoch 62, val_loss: 0.0041, val_mae: 0.0688, val_mse: 0.0083, val_r2: -57.7162, val_cc: 0.2833
Epoch 63, trian_loss: 0.0036, trian_mae: 0.0621, trian_mse:0.0071, trian_r2: -56.0752, trian_cc: 0.3779
Epoch 63, val_loss: 0.0041, val_mae: 0.0685, val_mse: 0.0082, val_r2: -53.8793, val_cc: 0.2987
Epoch 64, trian_loss: 0.0035, trian_mae: 0.0611, trian_mse:0.0070, trian_r2: -44.9883, trian_cc: 0.4062
Epoch 64, val_loss: 0.0038, val_mae: 0.0623, val_mse: 0.0076, val_r2: -31.3616, val_cc: 0.4050
Epoch 65, trian_loss: 0.0033, trian_mae: 0.0597, trian_mse:0.0067, trian_r2: -35.0924, trian_cc: 0.4428
Epoch 65, val_loss: 0.0038, val_mae: 0.0630, val_mse: 0.0075, val_r2: -21.0149, val_cc: 0.4341
Epoch 66, trian_loss: 0.0032, trian_mae: 0.0585, trian_mse:0.0065, trian_r2: -23.3143, trian_cc: 0.4802
Epoch 66, val_loss: 0.0037, val_mae: 0.0605, val_mse: 0.0074, val_r2: -10.3442, val_cc: 0.4809
Epoch 67, trian_loss: 0.0031, trian_mae: 0.0570, trian_mse:0.0063, trian_r2: -19.4807, trian_cc: 0.5121
Epoch 67, val_loss: 0.0036, val_mae: 0.0601, val_mse: 0.0072, val_r2: -10.8253, val_cc: 0.4960
Epoch 68, trian_loss: 0.0031, trian_mae: 0.0563, trian_mse:0.0061, trian_r2: -15.5814, trian_cc: 0.5223
Epoch 68, val_loss: 0.0035, val_mae: 0.0581, val_mse: 0.0070, val_r2: -10.8694, val_cc: 0.5178
Epoch 69, trian_loss: 0.0030, trian_mae: 0.0553, trian_mse:0.0060, trian_r2: -14.8042, trian_cc: 0.5382
Epoch 69, val_loss: 0.0035, val_mae: 0.0587, val_mse: 0.0069, val_r2: -11.2499, val_cc: 0.5074
Epoch 70, trian_loss: 0.0030, trian_mae: 0.0551, trian_mse:0.0060, trian_r2: -16.9313, trian_cc: 0.5432
Epoch 70, val_loss: 0.0033, val_mae: 0.0580, val_mse: 0.0067, val_r2: -13.2033, val_cc: 0.5246
Epoch 71, trian_loss: 0.0029, trian_mae: 0.0546, trian_mse:0.0059, trian_r2: -13.3240, trian_cc: 0.5523
Epoch 71, val_loss: 0.0034, val_mae: 0.0571, val_mse: 0.0069, val_r2: -8.7856, val_cc: 0.5262
Epoch 72, trian_loss: 0.0029, trian_mae: 0.0544, trian_mse:0.0058, trian_r2: -13.4038, trian_cc: 0.5582
Epoch 72, val_loss: 0.0034, val_mae: 0.0590, val_mse: 0.0068, val_r2: -10.2272, val_cc: 0.5056
Epoch 73, trian_loss: 0.0029, trian_mae: 0.0543, trian_mse:0.0059, trian_r2: -14.3702, trian_cc: 0.5562
Epoch 73, val_loss: 0.0033, val_mae: 0.0568, val_mse: 0.0065, val_r2: -9.9913, val_cc: 0.5416
Epoch 74, trian_loss: 0.0029, trian_mae: 0.0539, trian_mse:0.0058, trian_r2: -11.8251, trian_cc: 0.5621
Epoch 74, val_loss: 0.0035, val_mae: 0.0583, val_mse: 0.0069, val_r2: -8.1409, val_cc: 0.5318
Epoch 75, trian_loss: 0.0029, trian_mae: 0.0536, trian_mse:0.0057, trian_r2: -13.6981, trian_cc: 0.5696
Epoch 75, val_loss: 0.0034, val_mae: 0.0575, val_mse: 0.0068, val_r2: -11.0191, val_cc: 0.5425
Epoch 76, trian_loss: 0.0028, trian_mae: 0.0534, trian_mse:0.0057, trian_r2: -11.6932, trian_cc: 0.5698
Epoch 76, val_loss: 0.0033, val_mae: 0.0565, val_mse: 0.0065, val_r2: -5.9464, val_cc: 0.5439
Epoch 77, trian_loss: 0.0029, trian_mae: 0.0531, trian_mse:0.0057, trian_r2: -13.4174, trian_cc: 0.5736
Epoch 77, val_loss: 0.0033, val_mae: 0.0573, val_mse: 0.0066, val_r2: -10.0425, val_cc: 0.5465
Epoch 78, trian_loss: 0.0028, trian_mae: 0.0523, trian_mse:0.0055, trian_r2: -8.3089, trian_cc: 0.5859
Epoch 78, val_loss: 0.0034, val_mae: 0.0567, val_mse: 0.0069, val_r2: -4.7179, val_cc: 0.5436
Epoch 79, trian_loss: 0.0027, trian_mae: 0.0519, trian_mse:0.0055, trian_r2: -7.8392, trian_cc: 0.5909
Epoch 79, val_loss: 0.0032, val_mae: 0.0555, val_mse: 0.0065, val_r2: -4.5826, val_cc: 0.5599
Epoch 80, trian_loss: 0.0028, trian_mae: 0.0523, trian_mse:0.0056, trian_r2: -9.3415, trian_cc: 0.5870
Epoch 80, val_loss: 0.0032, val_mae: 0.0556, val_mse: 0.0064, val_r2: -5.6516, val_cc: 0.5661
Epoch 81, trian_loss: 0.0028, trian_mae: 0.0525, trian_mse:0.0056, trian_r2: -10.0270, trian_cc: 0.5853
Epoch 81, val_loss: 0.0032, val_mae: 0.0554, val_mse: 0.0063, val_r2: -5.2969, val_cc: 0.5684
Epoch 82, trian_loss: 0.0027, trian_mae: 0.0517, trian_mse:0.0055, trian_r2: -8.1344, trian_cc: 0.5955
Epoch 82, val_loss: 0.0033, val_mae: 0.0579, val_mse: 0.0067, val_r2: -6.8155, val_cc: 0.5583
Epoch 83, trian_loss: 0.0028, trian_mae: 0.0517, trian_mse:0.0055, trian_r2: -10.2869, trian_cc: 0.5947
Epoch 83, val_loss: 0.0033, val_mae: 0.0559, val_mse: 0.0066, val_r2: -7.4155, val_cc: 0.5565
Epoch 84, trian_loss: 0.0027, trian_mae: 0.0514, trian_mse:0.0054, trian_r2: -8.7782, trian_cc: 0.5988
Epoch 84, val_loss: 0.0033, val_mae: 0.0549, val_mse: 0.0065, val_r2: -4.4175, val_cc: 0.5689
Epoch 85, trian_loss: 0.0027, trian_mae: 0.0513, trian_mse:0.0054, trian_r2: -9.3632, trian_cc: 0.5997
Epoch 85, val_loss: 0.0031, val_mae: 0.0544, val_mse: 0.0062, val_r2: -4.8855, val_cc: 0.5769
Epoch 86, trian_loss: 0.0027, trian_mae: 0.0518, trian_mse:0.0055, trian_r2: -8.6325, trian_cc: 0.5952
Epoch 86, val_loss: 0.0032, val_mae: 0.0556, val_mse: 0.0063, val_r2: -7.3467, val_cc: 0.5628
Epoch 87, trian_loss: 0.0027, trian_mae: 0.0512, trian_mse:0.0054, trian_r2: -8.9826, trian_cc: 0.6012
Epoch 87, val_loss: 0.0032, val_mae: 0.0550, val_mse: 0.0063, val_r2: -5.4219, val_cc: 0.5718
Epoch 88, trian_loss: 0.0027, trian_mae: 0.0509, trian_mse:0.0054, trian_r2: -6.4336, trian_cc: 0.6038
Epoch 88, val_loss: 0.0031, val_mae: 0.0538, val_mse: 0.0062, val_r2: -4.0924, val_cc: 0.5767
Epoch 89, trian_loss: 0.0027, trian_mae: 0.0510, trian_mse:0.0054, trian_r2: -7.9239, trian_cc: 0.6041
Epoch 89, val_loss: 0.0031, val_mae: 0.0549, val_mse: 0.0063, val_r2: -5.4726, val_cc: 0.5772
Epoch 90, trian_loss: 0.0027, trian_mae: 0.0506, trian_mse:0.0053, trian_r2: -6.1534, trian_cc: 0.6054
Epoch 90, val_loss: 0.0032, val_mae: 0.0558, val_mse: 0.0064, val_r2: -7.4801, val_cc: 0.5709
Epoch 91, trian_loss: 0.0027, trian_mae: 0.0514, trian_mse:0.0055, trian_r2: -10.0399, trian_cc: 0.5907
Epoch 91, val_loss: 0.0037, val_mae: 0.0610, val_mse: 0.0074, val_r2: -37.1910, val_cc: 0.4567
Epoch 92, trian_loss: 0.0029, trian_mae: 0.0522, trian_mse:0.0057, trian_r2: -26.3077, trian_cc: 0.5797
Epoch 92, val_loss: 0.0035, val_mae: 0.0593, val_mse: 0.0071, val_r2: -21.5529, val_cc: 0.5214
Epoch 93, trian_loss: 0.0027, trian_mae: 0.0509, trian_mse:0.0055, trian_r2: -9.1524, trian_cc: 0.6043
Epoch 93, val_loss: 0.0032, val_mae: 0.0550, val_mse: 0.0064, val_r2: -5.6561, val_cc: 0.5722
Epoch 94, trian_loss: 0.0026, trian_mae: 0.0501, trian_mse:0.0053, trian_r2: -7.6560, trian_cc: 0.6135
Epoch 94, val_loss: 0.0031, val_mae: 0.0536, val_mse: 0.0061, val_r2: -5.0234, val_cc: 0.5858
Epoch 95, trian_loss: 0.0027, trian_mae: 0.0504, trian_mse:0.0053, trian_r2: -7.3916, trian_cc: 0.6141
Epoch 95, val_loss: 0.0032, val_mae: 0.0556, val_mse: 0.0064, val_r2: -6.4780, val_cc: 0.5733
Epoch 96, trian_loss: 0.0026, trian_mae: 0.0500, trian_mse:0.0053, trian_r2: -6.1753, trian_cc: 0.6128
Epoch 96, val_loss: 0.0031, val_mae: 0.0545, val_mse: 0.0063, val_r2: -4.3545, val_cc: 0.5703
Epoch 97, trian_loss: 0.0026, trian_mae: 0.0500, trian_mse:0.0053, trian_r2: -6.0724, trian_cc: 0.6140
Epoch 97, val_loss: 0.0032, val_mae: 0.0559, val_mse: 0.0064, val_r2: -7.2855, val_cc: 0.5660
Epoch 98, trian_loss: 0.0026, trian_mae: 0.0501, trian_mse:0.0053, trian_r2: -8.1080, trian_cc: 0.6152
Epoch 98, val_loss: 0.0032, val_mae: 0.0563, val_mse: 0.0063, val_r2: -5.3517, val_cc: 0.5760
Epoch 99, trian_loss: 0.0026, trian_mae: 0.0493, trian_mse:0.0052, trian_r2: -6.1112, trian_cc: 0.6200
Epoch 99, val_loss: 0.0031, val_mae: 0.0531, val_mse: 0.0062, val_r2: -4.1472, val_cc: 0.5893
