Trian Data: 515   Validation Data: 172  Test Data: 172
[1, 1]
[1, 1]
[1, 1]
[1, 1]
model SENet(
  (conv1): Conv2d(100, 64, kernel_size=(3, 3), stride=(1, 1), padding=(1, 1), bias=False)
  (bn1): BatchNorm2d(64, eps=1e-05, momentum=0.1, affine=True, track_running_stats=True)
  (layer1): Sequential(
    (0): BasicBlock(
      (conv1): Conv2d(64, 64, kernel_size=(3, 3), stride=(1, 1), padding=(1, 1), bias=False)
      (bn1): BatchNorm2d(64, eps=1e-05, momentum=0.1, affine=True, track_running_stats=True)
      (conv2): Conv2d(64, 64, kernel_size=(3, 3), stride=(1, 1), padding=(1, 1), bias=False)
      (bn2): BatchNorm2d(64, eps=1e-05, momentum=0.1, affine=True, track_running_stats=True)
      (shortcut): Sequential()
      (fc1): Conv2d(64, 4, kernel_size=(1, 1), stride=(1, 1))
      (fc2): Conv2d(4, 64, kernel_size=(1, 1), stride=(1, 1))
    )
    (1): BasicBlock(
      (conv1): Conv2d(64, 64, kernel_size=(3, 3), stride=(1, 1), padding=(1, 1), bias=False)
      (bn1): BatchNorm2d(64, eps=1e-05, momentum=0.1, affine=True, track_running_stats=True)
      (conv2): Conv2d(64, 64, kernel_size=(3, 3), stride=(1, 1), padding=(1, 1), bias=False)
      (bn2): BatchNorm2d(64, eps=1e-05, momentum=0.1, affine=True, track_running_stats=True)
      (shortcut): Sequential()
      (fc1): Conv2d(64, 4, kernel_size=(1, 1), stride=(1, 1))
      (fc2): Conv2d(4, 64, kernel_size=(1, 1), stride=(1, 1))
    )
  )
  (layer2): Sequential(
    (0): BasicBlock(
      (conv1): Conv2d(64, 64, kernel_size=(3, 3), stride=(1, 1), padding=(1, 1), bias=False)
      (bn1): BatchNorm2d(64, eps=1e-05, momentum=0.1, affine=True, track_running_stats=True)
      (conv2): Conv2d(64, 64, kernel_size=(3, 3), stride=(1, 1), padding=(1, 1), bias=False)
      (bn2): BatchNorm2d(64, eps=1e-05, momentum=0.1, affine=True, track_running_stats=True)
      (shortcut): Sequential()
      (fc1): Conv2d(64, 4, kernel_size=(1, 1), stride=(1, 1))
      (fc2): Conv2d(4, 64, kernel_size=(1, 1), stride=(1, 1))
    )
    (1): BasicBlock(
      (conv1): Conv2d(64, 64, kernel_size=(3, 3), stride=(1, 1), padding=(1, 1), bias=False)
      (bn1): BatchNorm2d(64, eps=1e-05, momentum=0.1, affine=True, track_running_stats=True)
      (conv2): Conv2d(64, 64, kernel_size=(3, 3), stride=(1, 1), padding=(1, 1), bias=False)
      (bn2): BatchNorm2d(64, eps=1e-05, momentum=0.1, affine=True, track_running_stats=True)
      (shortcut): Sequential()
      (fc1): Conv2d(64, 4, kernel_size=(1, 1), stride=(1, 1))
      (fc2): Conv2d(4, 64, kernel_size=(1, 1), stride=(1, 1))
    )
  )
  (layer3): Sequential(
    (0): BasicBlock(
      (conv1): Conv2d(64, 64, kernel_size=(3, 3), stride=(1, 1), padding=(1, 1), bias=False)
      (bn1): BatchNorm2d(64, eps=1e-05, momentum=0.1, affine=True, track_running_stats=True)
      (conv2): Conv2d(64, 64, kernel_size=(3, 3), stride=(1, 1), padding=(1, 1), bias=False)
      (bn2): BatchNorm2d(64, eps=1e-05, momentum=0.1, affine=True, track_running_stats=True)
      (shortcut): Sequential()
      (fc1): Conv2d(64, 4, kernel_size=(1, 1), stride=(1, 1))
      (fc2): Conv2d(4, 64, kernel_size=(1, 1), stride=(1, 1))
    )
    (1): BasicBlock(
      (conv1): Conv2d(64, 64, kernel_size=(3, 3), stride=(1, 1), padding=(1, 1), bias=False)
      (bn1): BatchNorm2d(64, eps=1e-05, momentum=0.1, affine=True, track_running_stats=True)
      (conv2): Conv2d(64, 64, kernel_size=(3, 3), stride=(1, 1), padding=(1, 1), bias=False)
      (bn2): BatchNorm2d(64, eps=1e-05, momentum=0.1, affine=True, track_running_stats=True)
      (shortcut): Sequential()
      (fc1): Conv2d(64, 4, kernel_size=(1, 1), stride=(1, 1))
      (fc2): Conv2d(4, 64, kernel_size=(1, 1), stride=(1, 1))
    )
  )
  (layer4): Sequential(
    (0): BasicBlock(
      (conv1): Conv2d(64, 64, kernel_size=(3, 3), stride=(1, 1), padding=(1, 1), bias=False)
      (bn1): BatchNorm2d(64, eps=1e-05, momentum=0.1, affine=True, track_running_stats=True)
      (conv2): Conv2d(64, 64, kernel_size=(3, 3), stride=(1, 1), padding=(1, 1), bias=False)
      (bn2): BatchNorm2d(64, eps=1e-05, momentum=0.1, affine=True, track_running_stats=True)
      (shortcut): Sequential()
      (fc1): Conv2d(64, 4, kernel_size=(1, 1), stride=(1, 1))
      (fc2): Conv2d(4, 64, kernel_size=(1, 1), stride=(1, 1))
    )
    (1): BasicBlock(
      (conv1): Conv2d(64, 64, kernel_size=(3, 3), stride=(1, 1), padding=(1, 1), bias=False)
      (bn1): BatchNorm2d(64, eps=1e-05, momentum=0.1, affine=True, track_running_stats=True)
      (conv2): Conv2d(64, 64, kernel_size=(3, 3), stride=(1, 1), padding=(1, 1), bias=False)
      (bn2): BatchNorm2d(64, eps=1e-05, momentum=0.1, affine=True, track_running_stats=True)
      (shortcut): Sequential()
      (fc1): Conv2d(64, 4, kernel_size=(1, 1), stride=(1, 1))
      (fc2): Conv2d(4, 64, kernel_size=(1, 1), stride=(1, 1))
    )
  )
  (cnn): CNNnet(
    (conv1): Sequential(
      (0): Conv2d(64, 32, kernel_size=(3, 3), stride=(1, 1), padding=(1, 1))
      (1): BatchNorm2d(32, eps=1e-05, momentum=0.1, affine=True, track_running_stats=True)
      (2): ReLU()
    )
    (conv2): Sequential(
      (0): Conv2d(32, 16, kernel_size=(3, 3), stride=(1, 1), padding=(1, 1))
      (1): BatchNorm2d(16, eps=1e-05, momentum=0.1, affine=True, track_running_stats=True)
      (2): ReLU()
    )
    (conv3): Sequential(
      (0): Conv2d(16, 1, kernel_size=(3, 3), stride=(1, 1), padding=(1, 1))
      (1): BatchNorm2d(1, eps=1e-05, momentum=0.1, affine=True, track_running_stats=True)
      (2): ReLU()
    )
  )
)
Epoch  0, trian_loss: 0.0042, trian_mae: 0.0654, trian_mse:0.0086, trian_r2: -72.6623, trian_cc: 0.0934
Epoch  0, val_loss: 0.0035, val_mae: 0.0658, val_mse: 0.0069, val_r2: -59.4705, val_cc: 0.1091
Epoch  1, trian_loss: 0.0031, trian_mae: 0.0633, trian_mse:0.0063, trian_r2: -89.6815, trian_cc: 0.1403
Epoch  1, val_loss: 0.0034, val_mae: 0.0651, val_mse: 0.0069, val_r2: -87.6494, val_cc: 0.1409
Epoch  2, trian_loss: 0.0031, trian_mae: 0.0631, trian_mse:0.0062, trian_r2: -83.2159, trian_cc: 0.1466
Epoch  2, val_loss: 0.0034, val_mae: 0.0649, val_mse: 0.0069, val_r2: -81.3473, val_cc: 0.1432
Epoch  3, trian_loss: 0.0031, trian_mae: 0.0631, trian_mse:0.0062, trian_r2: -80.7118, trian_cc: 0.1475
Epoch  3, val_loss: 0.0034, val_mae: 0.0647, val_mse: 0.0069, val_r2: -85.2127, val_cc: 0.1433
Epoch  4, trian_loss: 0.0031, trian_mae: 0.0631, trian_mse:0.0062, trian_r2: -82.8346, trian_cc: 0.1480
Epoch  4, val_loss: 0.0034, val_mae: 0.0650, val_mse: 0.0069, val_r2: -81.6460, val_cc: 0.1442
Epoch  5, trian_loss: 0.0031, trian_mae: 0.0631, trian_mse:0.0062, trian_r2: -85.0326, trian_cc: 0.1471
Epoch  5, val_loss: 0.0034, val_mae: 0.0650, val_mse: 0.0068, val_r2: -86.6434, val_cc: 0.1445
Epoch  6, trian_loss: 0.0031, trian_mae: 0.0631, trian_mse:0.0062, trian_r2: -85.5031, trian_cc: 0.1482
Epoch  6, val_loss: 0.0034, val_mae: 0.0651, val_mse: 0.0068, val_r2: -87.5469, val_cc: 0.1448
Epoch  7, trian_loss: 0.0031, trian_mae: 0.0631, trian_mse:0.0062, trian_r2: -83.8040, trian_cc: 0.1480
Epoch  7, val_loss: 0.0034, val_mae: 0.0651, val_mse: 0.0069, val_r2: -88.0134, val_cc: 0.1442
Epoch  8, trian_loss: 0.0031, trian_mae: 0.0631, trian_mse:0.0062, trian_r2: -83.3480, trian_cc: 0.1486
Epoch  8, val_loss: 0.0034, val_mae: 0.0650, val_mse: 0.0069, val_r2: -81.1033, val_cc: 0.1444
Epoch  9, trian_loss: 0.0031, trian_mae: 0.0631, trian_mse:0.0062, trian_r2: -80.7838, trian_cc: 0.1470
Epoch  9, val_loss: 0.0034, val_mae: 0.0650, val_mse: 0.0069, val_r2: -81.5741, val_cc: 0.1438
Epoch 10, trian_loss: 0.0031, trian_mae: 0.0630, trian_mse:0.0062, trian_r2: -80.0681, trian_cc: 0.1469
Epoch 10, val_loss: 0.0034, val_mae: 0.0649, val_mse: 0.0069, val_r2: -76.7905, val_cc: 0.1434
Epoch 11, trian_loss: 0.0031, trian_mae: 0.0630, trian_mse:0.0062, trian_r2: -76.4013, trian_cc: 0.1471
Epoch 11, val_loss: 0.0034, val_mae: 0.0649, val_mse: 0.0069, val_r2: -76.3578, val_cc: 0.1440
Epoch 12, trian_loss: 0.0031, trian_mae: 0.0630, trian_mse:0.0062, trian_r2: -77.1114, trian_cc: 0.1470
Epoch 12, val_loss: 0.0034, val_mae: 0.0650, val_mse: 0.0069, val_r2: -82.3523, val_cc: 0.1433
Epoch 13, trian_loss: 0.0031, trian_mae: 0.0631, trian_mse:0.0062, trian_r2: -79.6381, trian_cc: 0.1483
Epoch 13, val_loss: 0.0034, val_mae: 0.0650, val_mse: 0.0069, val_r2: -81.9793, val_cc: 0.1436
Epoch 14, trian_loss: 0.0031, trian_mae: 0.0630, trian_mse:0.0062, trian_r2: -74.9426, trian_cc: 0.1471
Epoch 14, val_loss: 0.0034, val_mae: 0.0650, val_mse: 0.0069, val_r2: -82.3737, val_cc: 0.1433
Epoch 15, trian_loss: 0.0031, trian_mae: 0.0630, trian_mse:0.0062, trian_r2: -77.3044, trian_cc: 0.1493
Epoch 15, val_loss: 0.0034, val_mae: 0.0649, val_mse: 0.0068, val_r2: -75.6838, val_cc: 0.1449
Epoch 16, trian_loss: 0.0031, trian_mae: 0.0630, trian_mse:0.0062, trian_r2: -76.9994, trian_cc: 0.1495
Epoch 16, val_loss: 0.0034, val_mae: 0.0650, val_mse: 0.0068, val_r2: -81.1534, val_cc: 0.1450
Epoch 17, trian_loss: 0.0031, trian_mae: 0.0630, trian_mse:0.0062, trian_r2: -76.8619, trian_cc: 0.1501
Epoch 17, val_loss: 0.0034, val_mae: 0.0650, val_mse: 0.0068, val_r2: -80.7654, val_cc: 0.1452
Epoch 18, trian_loss: 0.0031, trian_mae: 0.0630, trian_mse:0.0062, trian_r2: -76.6659, trian_cc: 0.1505
Epoch 18, val_loss: 0.0034, val_mae: 0.0650, val_mse: 0.0068, val_r2: -80.7867, val_cc: 0.1457
Epoch 19, trian_loss: 0.0031, trian_mae: 0.0630, trian_mse:0.0062, trian_r2: -75.2295, trian_cc: 0.1510
Epoch 19, val_loss: 0.0034, val_mae: 0.0648, val_mse: 0.0068, val_r2: -74.1432, val_cc: 0.1464
Epoch 20, trian_loss: 0.0031, trian_mae: 0.0630, trian_mse:0.0062, trian_r2: -76.8143, trian_cc: 0.1513
Epoch 20, val_loss: 0.0034, val_mae: 0.0649, val_mse: 0.0068, val_r2: -79.4943, val_cc: 0.1466
Epoch 21, trian_loss: 0.0031, trian_mae: 0.0630, trian_mse:0.0062, trian_r2: -75.5073, trian_cc: 0.1522
Epoch 21, val_loss: 0.0034, val_mae: 0.0649, val_mse: 0.0068, val_r2: -79.1882, val_cc: 0.1468
Epoch 22, trian_loss: 0.0031, trian_mae: 0.0630, trian_mse:0.0062, trian_r2: -75.4359, trian_cc: 0.1530
Epoch 22, val_loss: 0.0034, val_mae: 0.0649, val_mse: 0.0068, val_r2: -77.9928, val_cc: 0.1477
Epoch 23, trian_loss: 0.0031, trian_mae: 0.0630, trian_mse:0.0062, trian_r2: -75.8276, trian_cc: 0.1534
Epoch 23, val_loss: 0.0034, val_mae: 0.0649, val_mse: 0.0068, val_r2: -77.3270, val_cc: 0.1480
Epoch 24, trian_loss: 0.0031, trian_mae: 0.0629, trian_mse:0.0062, trian_r2: -75.1352, trian_cc: 0.1551
Epoch 24, val_loss: 0.0034, val_mae: 0.0649, val_mse: 0.0068, val_r2: -75.1473, val_cc: 0.1501
Epoch 25, trian_loss: 0.0031, trian_mae: 0.0629, trian_mse:0.0062, trian_r2: -73.8127, trian_cc: 0.1575
Epoch 25, val_loss: 0.0034, val_mae: 0.0648, val_mse: 0.0068, val_r2: -73.2985, val_cc: 0.1528
Epoch 26, trian_loss: 0.0031, trian_mae: 0.0629, trian_mse:0.0062, trian_r2: -72.3092, trian_cc: 0.1598
Epoch 26, val_loss: 0.0034, val_mae: 0.0648, val_mse: 0.0068, val_r2: -69.2867, val_cc: 0.1571
Epoch 27, trian_loss: 0.0031, trian_mae: 0.0628, trian_mse:0.0062, trian_r2: -68.9731, trian_cc: 0.1637
Epoch 27, val_loss: 0.0034, val_mae: 0.0647, val_mse: 0.0068, val_r2: -69.9847, val_cc: 0.1584
Epoch 28, trian_loss: 0.0031, trian_mae: 0.0628, trian_mse:0.0062, trian_r2: -67.0358, trian_cc: 0.1661
Epoch 28, val_loss: 0.0034, val_mae: 0.0646, val_mse: 0.0068, val_r2: -62.1631, val_cc: 0.1619
Epoch 29, trian_loss: 0.0031, trian_mae: 0.0627, trian_mse:0.0062, trian_r2: -65.2151, trian_cc: 0.1680
Epoch 29, val_loss: 0.0034, val_mae: 0.0647, val_mse: 0.0068, val_r2: -59.4633, val_cc: 0.1636
Epoch 30, trian_loss: 0.0031, trian_mae: 0.0627, trian_mse:0.0062, trian_r2: -65.8971, trian_cc: 0.1696
Epoch 30, val_loss: 0.0034, val_mae: 0.0647, val_mse: 0.0068, val_r2: -64.0723, val_cc: 0.1648
Epoch 31, trian_loss: 0.0031, trian_mae: 0.0627, trian_mse:0.0062, trian_r2: -62.3065, trian_cc: 0.1714
Epoch 31, val_loss: 0.0034, val_mae: 0.0648, val_mse: 0.0068, val_r2: -59.5155, val_cc: 0.1661
Epoch 32, trian_loss: 0.0031, trian_mae: 0.0627, trian_mse:0.0062, trian_r2: -62.7481, trian_cc: 0.1736
Epoch 32, val_loss: 0.0034, val_mae: 0.0649, val_mse: 0.0068, val_r2: -60.7337, val_cc: 0.1665
Epoch 33, trian_loss: 0.0031, trian_mae: 0.0627, trian_mse:0.0062, trian_r2: -61.7504, trian_cc: 0.1752
Epoch 33, val_loss: 0.0034, val_mae: 0.0651, val_mse: 0.0068, val_r2: -59.3915, val_cc: 0.1659
Epoch 34, trian_loss: 0.0031, trian_mae: 0.0627, trian_mse:0.0062, trian_r2: -61.5106, trian_cc: 0.1767
Epoch 34, val_loss: 0.0034, val_mae: 0.0647, val_mse: 0.0068, val_r2: -57.2300, val_cc: 0.1672
Epoch 35, trian_loss: 0.0031, trian_mae: 0.0626, trian_mse:0.0062, trian_r2: -59.5597, trian_cc: 0.1787
Epoch 35, val_loss: 0.0034, val_mae: 0.0650, val_mse: 0.0068, val_r2: -52.8913, val_cc: 0.1704
Epoch 36, trian_loss: 0.0031, trian_mae: 0.0626, trian_mse:0.0062, trian_r2: -56.7009, trian_cc: 0.1831
Epoch 36, val_loss: 0.0034, val_mae: 0.0649, val_mse: 0.0068, val_r2: -50.3935, val_cc: 0.1699
Epoch 37, trian_loss: 0.0031, trian_mae: 0.0625, trian_mse:0.0061, trian_r2: -55.8826, trian_cc: 0.1842
Epoch 37, val_loss: 0.0034, val_mae: 0.0648, val_mse: 0.0068, val_r2: -48.5529, val_cc: 0.1711
Epoch 38, trian_loss: 0.0031, trian_mae: 0.0625, trian_mse:0.0061, trian_r2: -55.1223, trian_cc: 0.1863
Epoch 38, val_loss: 0.0034, val_mae: 0.0648, val_mse: 0.0068, val_r2: -50.2813, val_cc: 0.1740
Epoch 39, trian_loss: 0.0031, trian_mae: 0.0625, trian_mse:0.0061, trian_r2: -54.8476, trian_cc: 0.1879
Epoch 39, val_loss: 0.0034, val_mae: 0.0648, val_mse: 0.0068, val_r2: -48.5557, val_cc: 0.1742
Epoch 40, trian_loss: 0.0031, trian_mae: 0.0624, trian_mse:0.0061, trian_r2: -53.0548, trian_cc: 0.1908
Epoch 40, val_loss: 0.0034, val_mae: 0.0650, val_mse: 0.0068, val_r2: -50.7289, val_cc: 0.1769
Epoch 41, trian_loss: 0.0031, trian_mae: 0.0624, trian_mse:0.0061, trian_r2: -52.3002, trian_cc: 0.1926
Epoch 41, val_loss: 0.0034, val_mae: 0.0647, val_mse: 0.0068, val_r2: -48.6811, val_cc: 0.1766
Epoch 42, trian_loss: 0.0031, trian_mae: 0.0623, trian_mse:0.0061, trian_r2: -51.7339, trian_cc: 0.1936
Epoch 42, val_loss: 0.0034, val_mae: 0.0649, val_mse: 0.0068, val_r2: -47.9863, val_cc: 0.1773
Epoch 43, trian_loss: 0.0031, trian_mae: 0.0624, trian_mse:0.0061, trian_r2: -52.7909, trian_cc: 0.1928
Epoch 43, val_loss: 0.0034, val_mae: 0.0648, val_mse: 0.0068, val_r2: -51.5738, val_cc: 0.1732
Epoch 44, trian_loss: 0.0031, trian_mae: 0.0623, trian_mse:0.0061, trian_r2: -52.2040, trian_cc: 0.1949
Epoch 44, val_loss: 0.0034, val_mae: 0.0646, val_mse: 0.0068, val_r2: -51.4486, val_cc: 0.1767
Epoch 45, trian_loss: 0.0031, trian_mae: 0.0623, trian_mse:0.0061, trian_r2: -51.0608, trian_cc: 0.1955
Epoch 45, val_loss: 0.0034, val_mae: 0.0646, val_mse: 0.0068, val_r2: -50.9659, val_cc: 0.1757
Epoch 46, trian_loss: 0.0031, trian_mae: 0.0622, trian_mse:0.0061, trian_r2: -51.0285, trian_cc: 0.1971
Epoch 46, val_loss: 0.0034, val_mae: 0.0649, val_mse: 0.0068, val_r2: -48.9863, val_cc: 0.1752
Epoch 47, trian_loss: 0.0031, trian_mae: 0.0622, trian_mse:0.0061, trian_r2: -51.2564, trian_cc: 0.1980
Epoch 47, val_loss: 0.0034, val_mae: 0.0648, val_mse: 0.0068, val_r2: -51.4567, val_cc: 0.1775
Epoch 48, trian_loss: 0.0031, trian_mae: 0.0622, trian_mse:0.0061, trian_r2: -50.9532, trian_cc: 0.1987
Epoch 48, val_loss: 0.0034, val_mae: 0.0649, val_mse: 0.0068, val_r2: -50.8643, val_cc: 0.1769
Epoch 49, trian_loss: 0.0031, trian_mae: 0.0623, trian_mse:0.0061, trian_r2: -51.6277, trian_cc: 0.1967
Epoch 49, val_loss: 0.0034, val_mae: 0.0648, val_mse: 0.0068, val_r2: -51.5156, val_cc: 0.1782
Epoch 50, trian_loss: 0.0030, trian_mae: 0.0622, trian_mse:0.0061, trian_r2: -50.6380, trian_cc: 0.1996
Epoch 50, val_loss: 0.0034, val_mae: 0.0649, val_mse: 0.0068, val_r2: -50.5304, val_cc: 0.1775
Epoch 51, trian_loss: 0.0030, trian_mae: 0.0622, trian_mse:0.0061, trian_r2: -50.6321, trian_cc: 0.2004
Epoch 51, val_loss: 0.0034, val_mae: 0.0649, val_mse: 0.0068, val_r2: -51.1395, val_cc: 0.1778
Epoch 52, trian_loss: 0.0030, trian_mae: 0.0621, trian_mse:0.0061, trian_r2: -50.1015, trian_cc: 0.2007
Epoch 52, val_loss: 0.0034, val_mae: 0.0649, val_mse: 0.0068, val_r2: -50.6495, val_cc: 0.1776
Epoch 53, trian_loss: 0.0030, trian_mae: 0.0621, trian_mse:0.0061, trian_r2: -50.8959, trian_cc: 0.2004
Epoch 53, val_loss: 0.0034, val_mae: 0.0650, val_mse: 0.0068, val_r2: -50.0201, val_cc: 0.1772
Epoch 54, trian_loss: 0.0030, trian_mae: 0.0621, trian_mse:0.0061, trian_r2: -49.7186, trian_cc: 0.2021
Epoch 54, val_loss: 0.0034, val_mae: 0.0649, val_mse: 0.0068, val_r2: -50.0082, val_cc: 0.1774
Epoch 55, trian_loss: 0.0030, trian_mae: 0.0621, trian_mse:0.0061, trian_r2: -50.5367, trian_cc: 0.2022
Epoch 55, val_loss: 0.0034, val_mae: 0.0647, val_mse: 0.0068, val_r2: -49.5773, val_cc: 0.1750
Epoch 56, trian_loss: 0.0030, trian_mae: 0.0621, trian_mse:0.0061, trian_r2: -50.0531, trian_cc: 0.2018
Epoch 56, val_loss: 0.0034, val_mae: 0.0648, val_mse: 0.0068, val_r2: -49.7875, val_cc: 0.1744
Epoch 57, trian_loss: 0.0030, trian_mae: 0.0621, trian_mse:0.0061, trian_r2: -50.2480, trian_cc: 0.2025
Epoch 57, val_loss: 0.0034, val_mae: 0.0647, val_mse: 0.0068, val_r2: -49.6283, val_cc: 0.1730
Epoch 58, trian_loss: 0.0030, trian_mae: 0.0621, trian_mse:0.0061, trian_r2: -49.9072, trian_cc: 0.2044
Epoch 58, val_loss: 0.0034, val_mae: 0.0647, val_mse: 0.0068, val_r2: -48.9943, val_cc: 0.1731
Epoch 59, trian_loss: 0.0030, trian_mae: 0.0621, trian_mse:0.0061, trian_r2: -49.6465, trian_cc: 0.2040
Epoch 59, val_loss: 0.0034, val_mae: 0.0649, val_mse: 0.0068, val_r2: -47.8621, val_cc: 0.1746
Epoch 60, trian_loss: 0.0030, trian_mae: 0.0620, trian_mse:0.0061, trian_r2: -48.7832, trian_cc: 0.2053
Epoch 60, val_loss: 0.0034, val_mae: 0.0648, val_mse: 0.0068, val_r2: -49.3195, val_cc: 0.1774
Epoch 61, trian_loss: 0.0030, trian_mae: 0.0620, trian_mse:0.0061, trian_r2: -49.4745, trian_cc: 0.2042
Epoch 61, val_loss: 0.0034, val_mae: 0.0649, val_mse: 0.0068, val_r2: -48.4684, val_cc: 0.1745
Epoch 62, trian_loss: 0.0030, trian_mae: 0.0620, trian_mse:0.0061, trian_r2: -48.2421, trian_cc: 0.2067
Epoch 62, val_loss: 0.0034, val_mae: 0.0648, val_mse: 0.0068, val_r2: -48.6994, val_cc: 0.1751
Epoch 63, trian_loss: 0.0030, trian_mae: 0.0620, trian_mse:0.0061, trian_r2: -48.5362, trian_cc: 0.2062
Epoch 63, val_loss: 0.0034, val_mae: 0.0649, val_mse: 0.0068, val_r2: -49.1108, val_cc: 0.1765
Epoch 64, trian_loss: 0.0030, trian_mae: 0.0620, trian_mse:0.0061, trian_r2: -48.4395, trian_cc: 0.2059
Epoch 64, val_loss: 0.0034, val_mae: 0.0648, val_mse: 0.0068, val_r2: -49.9755, val_cc: 0.1758
Epoch 65, trian_loss: 0.0030, trian_mae: 0.0620, trian_mse:0.0061, trian_r2: -48.3216, trian_cc: 0.2078
Epoch 65, val_loss: 0.0034, val_mae: 0.0648, val_mse: 0.0068, val_r2: -48.8168, val_cc: 0.1733
Epoch 66, trian_loss: 0.0030, trian_mae: 0.0620, trian_mse:0.0061, trian_r2: -48.6831, trian_cc: 0.2080
Epoch 66, val_loss: 0.0034, val_mae: 0.0647, val_mse: 0.0068, val_r2: -47.9923, val_cc: 0.1734
Epoch 67, trian_loss: 0.0030, trian_mae: 0.0619, trian_mse:0.0061, trian_r2: -48.2027, trian_cc: 0.2084
Epoch 67, val_loss: 0.0034, val_mae: 0.0647, val_mse: 0.0068, val_r2: -47.9650, val_cc: 0.1725
Epoch 68, trian_loss: 0.0030, trian_mae: 0.0619, trian_mse:0.0061, trian_r2: -48.2682, trian_cc: 0.2094
Epoch 68, val_loss: 0.0034, val_mae: 0.0649, val_mse: 0.0068, val_r2: -48.0783, val_cc: 0.1763
Epoch 69, trian_loss: 0.0030, trian_mae: 0.0619, trian_mse:0.0061, trian_r2: -48.1492, trian_cc: 0.2102
Epoch 69, val_loss: 0.0034, val_mae: 0.0650, val_mse: 0.0068, val_r2: -46.3415, val_cc: 0.1716
Epoch 70, trian_loss: 0.0030, trian_mae: 0.0619, trian_mse:0.0061, trian_r2: -49.0314, trian_cc: 0.2061
Epoch 70, val_loss: 0.0034, val_mae: 0.0650, val_mse: 0.0068, val_r2: -46.9911, val_cc: 0.1681
Epoch 71, trian_loss: 0.0030, trian_mae: 0.0619, trian_mse:0.0061, trian_r2: -48.0099, trian_cc: 0.2094
Epoch 71, val_loss: 0.0034, val_mae: 0.0650, val_mse: 0.0068, val_r2: -46.0143, val_cc: 0.1697
Epoch 72, trian_loss: 0.0030, trian_mae: 0.0619, trian_mse:0.0061, trian_r2: -47.0873, trian_cc: 0.2107
Epoch 72, val_loss: 0.0034, val_mae: 0.0649, val_mse: 0.0068, val_r2: -47.3272, val_cc: 0.1727
Epoch 73, trian_loss: 0.0030, trian_mae: 0.0618, trian_mse:0.0060, trian_r2: -46.8842, trian_cc: 0.2127
Epoch 73, val_loss: 0.0034, val_mae: 0.0650, val_mse: 0.0068, val_r2: -45.5873, val_cc: 0.1673
Epoch 74, trian_loss: 0.0030, trian_mae: 0.0618, trian_mse:0.0061, trian_r2: -47.2859, trian_cc: 0.2105
Epoch 74, val_loss: 0.0034, val_mae: 0.0650, val_mse: 0.0069, val_r2: -45.7249, val_cc: 0.1671
Epoch 75, trian_loss: 0.0030, trian_mae: 0.0618, trian_mse:0.0061, trian_r2: -47.9191, trian_cc: 0.2114
Epoch 75, val_loss: 0.0034, val_mae: 0.0648, val_mse: 0.0068, val_r2: -46.6369, val_cc: 0.1714
Epoch 76, trian_loss: 0.0030, trian_mae: 0.0617, trian_mse:0.0060, trian_r2: -48.0168, trian_cc: 0.2122
Epoch 76, val_loss: 0.0034, val_mae: 0.0652, val_mse: 0.0069, val_r2: -44.5429, val_cc: 0.1638
Epoch 77, trian_loss: 0.0030, trian_mae: 0.0618, trian_mse:0.0061, trian_r2: -48.6847, trian_cc: 0.2104
Epoch 77, val_loss: 0.0034, val_mae: 0.0651, val_mse: 0.0068, val_r2: -48.9552, val_cc: 0.1694
Epoch 78, trian_loss: 0.0030, trian_mae: 0.0617, trian_mse:0.0060, trian_r2: -47.0766, trian_cc: 0.2127
Epoch 78, val_loss: 0.0034, val_mae: 0.0649, val_mse: 0.0068, val_r2: -46.6244, val_cc: 0.1702
Epoch 79, trian_loss: 0.0030, trian_mae: 0.0617, trian_mse:0.0060, trian_r2: -46.4446, trian_cc: 0.2148
Epoch 79, val_loss: 0.0034, val_mae: 0.0650, val_mse: 0.0068, val_r2: -45.1418, val_cc: 0.1690
Epoch 80, trian_loss: 0.0030, trian_mae: 0.0617, trian_mse:0.0060, trian_r2: -46.0484, trian_cc: 0.2161
Epoch 80, val_loss: 0.0034, val_mae: 0.0650, val_mse: 0.0068, val_r2: -46.8798, val_cc: 0.1688
Epoch 81, trian_loss: 0.0030, trian_mae: 0.0617, trian_mse:0.0060, trian_r2: -47.2767, trian_cc: 0.2143
Epoch 81, val_loss: 0.0034, val_mae: 0.0647, val_mse: 0.0068, val_r2: -48.1429, val_cc: 0.1689
Epoch 82, trian_loss: 0.0030, trian_mae: 0.0617, trian_mse:0.0060, trian_r2: -46.4534, trian_cc: 0.2171
Epoch 82, val_loss: 0.0034, val_mae: 0.0648, val_mse: 0.0068, val_r2: -46.9100, val_cc: 0.1685
Epoch 83, trian_loss: 0.0030, trian_mae: 0.0617, trian_mse:0.0061, trian_r2: -48.6342, trian_cc: 0.2116
Epoch 83, val_loss: 0.0034, val_mae: 0.0650, val_mse: 0.0069, val_r2: -48.5152, val_cc: 0.1657
Epoch 84, trian_loss: 0.0030, trian_mae: 0.0616, trian_mse:0.0060, trian_r2: -47.1117, trian_cc: 0.2167
Epoch 84, val_loss: 0.0034, val_mae: 0.0650, val_mse: 0.0068, val_r2: -48.3220, val_cc: 0.1670
Epoch 85, trian_loss: 0.0030, trian_mae: 0.0616, trian_mse:0.0060, trian_r2: -46.5736, trian_cc: 0.2175
Epoch 85, val_loss: 0.0034, val_mae: 0.0649, val_mse: 0.0068, val_r2: -47.3580, val_cc: 0.1662
Epoch 86, trian_loss: 0.0030, trian_mae: 0.0615, trian_mse:0.0060, trian_r2: -45.5188, trian_cc: 0.2200
Epoch 86, val_loss: 0.0034, val_mae: 0.0650, val_mse: 0.0069, val_r2: -45.2112, val_cc: 0.1641
Epoch 87, trian_loss: 0.0030, trian_mae: 0.0615, trian_mse:0.0060, trian_r2: -46.0381, trian_cc: 0.2207
Epoch 87, val_loss: 0.0035, val_mae: 0.0653, val_mse: 0.0069, val_r2: -45.7141, val_cc: 0.1607
Epoch 88, trian_loss: 0.0030, trian_mae: 0.0615, trian_mse:0.0060, trian_r2: -45.8477, trian_cc: 0.2199
Epoch 88, val_loss: 0.0035, val_mae: 0.0653, val_mse: 0.0069, val_r2: -45.1838, val_cc: 0.1598
Epoch 89, trian_loss: 0.0030, trian_mae: 0.0615, trian_mse:0.0060, trian_r2: -45.5431, trian_cc: 0.2212
Epoch 89, val_loss: 0.0034, val_mae: 0.0650, val_mse: 0.0069, val_r2: -48.2487, val_cc: 0.1637
Epoch 90, trian_loss: 0.0030, trian_mae: 0.0613, trian_mse:0.0060, trian_r2: -45.4780, trian_cc: 0.2228
Epoch 90, val_loss: 0.0034, val_mae: 0.0652, val_mse: 0.0069, val_r2: -48.4838, val_cc: 0.1623
Epoch 91, trian_loss: 0.0030, trian_mae: 0.0614, trian_mse:0.0060, trian_r2: -46.9357, trian_cc: 0.2211
Epoch 91, val_loss: 0.0034, val_mae: 0.0653, val_mse: 0.0069, val_r2: -46.4537, val_cc: 0.1669
Epoch 92, trian_loss: 0.0030, trian_mae: 0.0613, trian_mse:0.0060, trian_r2: -44.2336, trian_cc: 0.2244
Epoch 92, val_loss: 0.0034, val_mae: 0.0656, val_mse: 0.0069, val_r2: -43.7437, val_cc: 0.1630
Epoch 93, trian_loss: 0.0030, trian_mae: 0.0613, trian_mse:0.0060, trian_r2: -44.6911, trian_cc: 0.2227
Epoch 93, val_loss: 0.0035, val_mae: 0.0656, val_mse: 0.0069, val_r2: -43.1952, val_cc: 0.1633
Epoch 94, trian_loss: 0.0030, trian_mae: 0.0612, trian_mse:0.0060, trian_r2: -44.6656, trian_cc: 0.2255
Epoch 94, val_loss: 0.0034, val_mae: 0.0654, val_mse: 0.0069, val_r2: -43.4854, val_cc: 0.1631
Epoch 95, trian_loss: 0.0030, trian_mae: 0.0612, trian_mse:0.0060, trian_r2: -43.9282, trian_cc: 0.2258
Epoch 95, val_loss: 0.0034, val_mae: 0.0653, val_mse: 0.0069, val_r2: -47.3270, val_cc: 0.1641
Epoch 96, trian_loss: 0.0030, trian_mae: 0.0613, trian_mse:0.0060, trian_r2: -46.6475, trian_cc: 0.2184
Epoch 96, val_loss: 0.0034, val_mae: 0.0649, val_mse: 0.0069, val_r2: -46.2782, val_cc: 0.1651
Epoch 97, trian_loss: 0.0030, trian_mae: 0.0613, trian_mse:0.0060, trian_r2: -43.6216, trian_cc: 0.2272
Epoch 97, val_loss: 0.0035, val_mae: 0.0655, val_mse: 0.0069, val_r2: -42.0372, val_cc: 0.1619
Epoch 98, trian_loss: 0.0030, trian_mae: 0.0611, trian_mse:0.0060, trian_r2: -42.7491, trian_cc: 0.2283
Epoch 98, val_loss: 0.0035, val_mae: 0.0656, val_mse: 0.0069, val_r2: -41.8333, val_cc: 0.1624
Epoch 99, trian_loss: 0.0030, trian_mae: 0.0611, trian_mse:0.0060, trian_r2: -43.3353, trian_cc: 0.2292
Epoch 99, val_loss: 0.0035, val_mae: 0.0652, val_mse: 0.0069, val_r2: -41.6037, val_cc: 0.1555
