Trian Data: 532   Validation Data: 177  Test Data: 178
[1, 1, 1, 1]
[1, 1, 1, 1]
[1, 1, 1]
[1, 1, 1]
model SENet(
  (conv1): Conv2d(61, 64, kernel_size=(3, 3), stride=(1, 1), padding=(1, 1), bias=False)
  (bn1): BatchNorm2d(64, eps=1e-05, momentum=0.1, affine=True, track_running_stats=True)
  (layer1): Sequential(
    (0): BasicBlock(
      (conv1): Conv2d(64, 64, kernel_size=(3, 3), stride=(1, 1), padding=(1, 1), bias=False)
      (bn1): BatchNorm2d(64, eps=1e-05, momentum=0.1, affine=True, track_running_stats=True)
      (conv2): Conv2d(64, 64, kernel_size=(3, 3), stride=(1, 1), padding=(1, 1), bias=False)
      (bn2): BatchNorm2d(64, eps=1e-05, momentum=0.1, affine=True, track_running_stats=True)
      (shortcut): Sequential()
      (fc1): Conv2d(64, 4, kernel_size=(1, 1), stride=(1, 1))
      (fc2): Conv2d(4, 64, kernel_size=(1, 1), stride=(1, 1))
    )
    (1): BasicBlock(
      (conv1): Conv2d(64, 64, kernel_size=(3, 3), stride=(1, 1), padding=(1, 1), bias=False)
      (bn1): BatchNorm2d(64, eps=1e-05, momentum=0.1, affine=True, track_running_stats=True)
      (conv2): Conv2d(64, 64, kernel_size=(3, 3), stride=(1, 1), padding=(1, 1), bias=False)
      (bn2): BatchNorm2d(64, eps=1e-05, momentum=0.1, affine=True, track_running_stats=True)
      (shortcut): Sequential()
      (fc1): Conv2d(64, 4, kernel_size=(1, 1), stride=(1, 1))
      (fc2): Conv2d(4, 64, kernel_size=(1, 1), stride=(1, 1))
    )
    (2): BasicBlock(
      (conv1): Conv2d(64, 64, kernel_size=(3, 3), stride=(1, 1), padding=(1, 1), bias=False)
      (bn1): BatchNorm2d(64, eps=1e-05, momentum=0.1, affine=True, track_running_stats=True)
      (conv2): Conv2d(64, 64, kernel_size=(3, 3), stride=(1, 1), padding=(1, 1), bias=False)
      (bn2): BatchNorm2d(64, eps=1e-05, momentum=0.1, affine=True, track_running_stats=True)
      (shortcut): Sequential()
      (fc1): Conv2d(64, 4, kernel_size=(1, 1), stride=(1, 1))
      (fc2): Conv2d(4, 64, kernel_size=(1, 1), stride=(1, 1))
    )
    (3): BasicBlock(
      (conv1): Conv2d(64, 64, kernel_size=(3, 3), stride=(1, 1), padding=(1, 1), bias=False)
      (bn1): BatchNorm2d(64, eps=1e-05, momentum=0.1, affine=True, track_running_stats=True)
      (conv2): Conv2d(64, 64, kernel_size=(3, 3), stride=(1, 1), padding=(1, 1), bias=False)
      (bn2): BatchNorm2d(64, eps=1e-05, momentum=0.1, affine=True, track_running_stats=True)
      (shortcut): Sequential()
      (fc1): Conv2d(64, 4, kernel_size=(1, 1), stride=(1, 1))
      (fc2): Conv2d(4, 64, kernel_size=(1, 1), stride=(1, 1))
    )
  )
  (layer2): Sequential(
    (0): BasicBlock(
      (conv1): Conv2d(64, 64, kernel_size=(3, 3), stride=(1, 1), padding=(1, 1), bias=False)
      (bn1): BatchNorm2d(64, eps=1e-05, momentum=0.1, affine=True, track_running_stats=True)
      (conv2): Conv2d(64, 64, kernel_size=(3, 3), stride=(1, 1), padding=(1, 1), bias=False)
      (bn2): BatchNorm2d(64, eps=1e-05, momentum=0.1, affine=True, track_running_stats=True)
      (shortcut): Sequential()
      (fc1): Conv2d(64, 4, kernel_size=(1, 1), stride=(1, 1))
      (fc2): Conv2d(4, 64, kernel_size=(1, 1), stride=(1, 1))
    )
    (1): BasicBlock(
      (conv1): Conv2d(64, 64, kernel_size=(3, 3), stride=(1, 1), padding=(1, 1), bias=False)
      (bn1): BatchNorm2d(64, eps=1e-05, momentum=0.1, affine=True, track_running_stats=True)
      (conv2): Conv2d(64, 64, kernel_size=(3, 3), stride=(1, 1), padding=(1, 1), bias=False)
      (bn2): BatchNorm2d(64, eps=1e-05, momentum=0.1, affine=True, track_running_stats=True)
      (shortcut): Sequential()
      (fc1): Conv2d(64, 4, kernel_size=(1, 1), stride=(1, 1))
      (fc2): Conv2d(4, 64, kernel_size=(1, 1), stride=(1, 1))
    )
    (2): BasicBlock(
      (conv1): Conv2d(64, 64, kernel_size=(3, 3), stride=(1, 1), padding=(1, 1), bias=False)
      (bn1): BatchNorm2d(64, eps=1e-05, momentum=0.1, affine=True, track_running_stats=True)
      (conv2): Conv2d(64, 64, kernel_size=(3, 3), stride=(1, 1), padding=(1, 1), bias=False)
      (bn2): BatchNorm2d(64, eps=1e-05, momentum=0.1, affine=True, track_running_stats=True)
      (shortcut): Sequential()
      (fc1): Conv2d(64, 4, kernel_size=(1, 1), stride=(1, 1))
      (fc2): Conv2d(4, 64, kernel_size=(1, 1), stride=(1, 1))
    )
    (3): BasicBlock(
      (conv1): Conv2d(64, 64, kernel_size=(3, 3), stride=(1, 1), padding=(1, 1), bias=False)
      (bn1): BatchNorm2d(64, eps=1e-05, momentum=0.1, affine=True, track_running_stats=True)
      (conv2): Conv2d(64, 64, kernel_size=(3, 3), stride=(1, 1), padding=(1, 1), bias=False)
      (bn2): BatchNorm2d(64, eps=1e-05, momentum=0.1, affine=True, track_running_stats=True)
      (shortcut): Sequential()
      (fc1): Conv2d(64, 4, kernel_size=(1, 1), stride=(1, 1))
      (fc2): Conv2d(4, 64, kernel_size=(1, 1), stride=(1, 1))
    )
  )
  (layer3): Sequential(
    (0): BasicBlock(
      (conv1): Conv2d(64, 64, kernel_size=(3, 3), stride=(1, 1), padding=(1, 1), bias=False)
      (bn1): BatchNorm2d(64, eps=1e-05, momentum=0.1, affine=True, track_running_stats=True)
      (conv2): Conv2d(64, 64, kernel_size=(3, 3), stride=(1, 1), padding=(1, 1), bias=False)
      (bn2): BatchNorm2d(64, eps=1e-05, momentum=0.1, affine=True, track_running_stats=True)
      (shortcut): Sequential()
      (fc1): Conv2d(64, 4, kernel_size=(1, 1), stride=(1, 1))
      (fc2): Conv2d(4, 64, kernel_size=(1, 1), stride=(1, 1))
    )
    (1): BasicBlock(
      (conv1): Conv2d(64, 64, kernel_size=(3, 3), stride=(1, 1), padding=(1, 1), bias=False)
      (bn1): BatchNorm2d(64, eps=1e-05, momentum=0.1, affine=True, track_running_stats=True)
      (conv2): Conv2d(64, 64, kernel_size=(3, 3), stride=(1, 1), padding=(1, 1), bias=False)
      (bn2): BatchNorm2d(64, eps=1e-05, momentum=0.1, affine=True, track_running_stats=True)
      (shortcut): Sequential()
      (fc1): Conv2d(64, 4, kernel_size=(1, 1), stride=(1, 1))
      (fc2): Conv2d(4, 64, kernel_size=(1, 1), stride=(1, 1))
    )
    (2): BasicBlock(
      (conv1): Conv2d(64, 64, kernel_size=(3, 3), stride=(1, 1), padding=(1, 1), bias=False)
      (bn1): BatchNorm2d(64, eps=1e-05, momentum=0.1, affine=True, track_running_stats=True)
      (conv2): Conv2d(64, 64, kernel_size=(3, 3), stride=(1, 1), padding=(1, 1), bias=False)
      (bn2): BatchNorm2d(64, eps=1e-05, momentum=0.1, affine=True, track_running_stats=True)
      (shortcut): Sequential()
      (fc1): Conv2d(64, 4, kernel_size=(1, 1), stride=(1, 1))
      (fc2): Conv2d(4, 64, kernel_size=(1, 1), stride=(1, 1))
    )
  )
  (layer4): Sequential(
    (0): BasicBlock(
      (conv1): Conv2d(64, 64, kernel_size=(3, 3), stride=(1, 1), padding=(1, 1), bias=False)
      (bn1): BatchNorm2d(64, eps=1e-05, momentum=0.1, affine=True, track_running_stats=True)
      (conv2): Conv2d(64, 64, kernel_size=(3, 3), stride=(1, 1), padding=(1, 1), bias=False)
      (bn2): BatchNorm2d(64, eps=1e-05, momentum=0.1, affine=True, track_running_stats=True)
      (shortcut): Sequential()
      (fc1): Conv2d(64, 4, kernel_size=(1, 1), stride=(1, 1))
      (fc2): Conv2d(4, 64, kernel_size=(1, 1), stride=(1, 1))
    )
    (1): BasicBlock(
      (conv1): Conv2d(64, 64, kernel_size=(3, 3), stride=(1, 1), padding=(1, 1), bias=False)
      (bn1): BatchNorm2d(64, eps=1e-05, momentum=0.1, affine=True, track_running_stats=True)
      (conv2): Conv2d(64, 64, kernel_size=(3, 3), stride=(1, 1), padding=(1, 1), bias=False)
      (bn2): BatchNorm2d(64, eps=1e-05, momentum=0.1, affine=True, track_running_stats=True)
      (shortcut): Sequential()
      (fc1): Conv2d(64, 4, kernel_size=(1, 1), stride=(1, 1))
      (fc2): Conv2d(4, 64, kernel_size=(1, 1), stride=(1, 1))
    )
    (2): BasicBlock(
      (conv1): Conv2d(64, 64, kernel_size=(3, 3), stride=(1, 1), padding=(1, 1), bias=False)
      (bn1): BatchNorm2d(64, eps=1e-05, momentum=0.1, affine=True, track_running_stats=True)
      (conv2): Conv2d(64, 64, kernel_size=(3, 3), stride=(1, 1), padding=(1, 1), bias=False)
      (bn2): BatchNorm2d(64, eps=1e-05, momentum=0.1, affine=True, track_running_stats=True)
      (shortcut): Sequential()
      (fc1): Conv2d(64, 4, kernel_size=(1, 1), stride=(1, 1))
      (fc2): Conv2d(4, 64, kernel_size=(1, 1), stride=(1, 1))
    )
  )
  (cnn): CNNnet(
    (conv1): Sequential(
      (0): Conv2d(64, 32, kernel_size=(3, 3), stride=(1, 1), padding=(1, 1))
      (1): BatchNorm2d(32, eps=1e-05, momentum=0.1, affine=True, track_running_stats=True)
      (2): ReLU()
    )
    (conv2): Sequential(
      (0): Conv2d(32, 16, kernel_size=(3, 3), stride=(1, 1), padding=(1, 1))
      (1): BatchNorm2d(16, eps=1e-05, momentum=0.1, affine=True, track_running_stats=True)
      (2): ReLU()
    )
    (conv3): Sequential(
      (0): Conv2d(16, 1, kernel_size=(3, 3), stride=(1, 1), padding=(1, 1))
      (1): BatchNorm2d(1, eps=1e-05, momentum=0.1, affine=True, track_running_stats=True)
      (2): ReLU()
    )
  )
)
Epoch  0, trian_loss: 0.0072, trian_mae: 0.0906, trian_mse:0.0146, trian_r2: -38.0639, trian_cc: 0.1229
Epoch  0, val_loss: 0.0065, val_mae: 0.0886, val_mse: 0.0130, val_r2: -44.4188, val_cc: 0.1342
Epoch  1, trian_loss: 0.0065, trian_mae: 0.0882, trian_mse:0.0130, trian_r2: -10838.6209, trian_cc: 0.0810
Epoch  1, val_loss: 0.0060, val_mae: 0.0881, val_mse: 0.0119, val_r2: -421.8170, val_cc: 0.1033
Epoch  2, trian_loss: 0.0060, trian_mae: 0.0881, trian_mse:0.0120, trian_r2: -607.9426, trian_cc: 0.1091
Epoch  2, val_loss: 0.0059, val_mae: 0.0878, val_mse: 0.0119, val_r2: -300.6376, val_cc: 0.1221
Epoch  3, trian_loss: 0.0059, trian_mae: 0.0876, trian_mse:0.0119, trian_r2: -208.3908, trian_cc: 0.1511
Epoch  3, val_loss: 0.0059, val_mae: 0.0874, val_mse: 0.0118, val_r2: -236.2767, val_cc: 0.1646
Epoch  4, trian_loss: 0.0059, trian_mae: 0.0876, trian_mse:0.0119, trian_r2: -3933.8800, trian_cc: 0.1439
Epoch  4, val_loss: 0.0059, val_mae: 0.0879, val_mse: 0.0119, val_r2: -296.7631, val_cc: 0.1243
Epoch  5, trian_loss: 0.0059, trian_mae: 0.0876, trian_mse:0.0119, trian_r2: -192.6607, trian_cc: 0.1599
Epoch  5, val_loss: 0.0059, val_mae: 0.0874, val_mse: 0.0118, val_r2: -203.6703, val_cc: 0.1673
Epoch  6, trian_loss: 0.0059, trian_mae: 0.0874, trian_mse:0.0118, trian_r2: -176.9373, trian_cc: 0.1670
Epoch  6, val_loss: 0.0059, val_mae: 0.0874, val_mse: 0.0118, val_r2: -224.8866, val_cc: 0.1680
Epoch  7, trian_loss: 0.0059, trian_mae: 0.0874, trian_mse:0.0118, trian_r2: -170.1999, trian_cc: 0.1724
Epoch  7, val_loss: 0.0059, val_mae: 0.0872, val_mse: 0.0118, val_r2: -196.8697, val_cc: 0.1748
Epoch  8, trian_loss: 0.0059, trian_mae: 0.0873, trian_mse:0.0118, trian_r2: -143.7437, trian_cc: 0.1787
Epoch  8, val_loss: 0.0059, val_mae: 0.0871, val_mse: 0.0118, val_r2: -176.6021, val_cc: 0.1846
Epoch  9, trian_loss: 0.0059, trian_mae: 0.0873, trian_mse:0.0118, trian_r2: -150.1087, trian_cc: 0.1722
Epoch  9, val_loss: 0.0059, val_mae: 0.0871, val_mse: 0.0118, val_r2: -168.8886, val_cc: 0.1783
Epoch 10, trian_loss: 0.0059, trian_mae: 0.0870, trian_mse:0.0118, trian_r2: -98.9030, trian_cc: 0.1876
Epoch 10, val_loss: 0.0059, val_mae: 0.0869, val_mse: 0.0118, val_r2: -132.4444, val_cc: 0.1867
Epoch 11, trian_loss: 0.0059, trian_mae: 0.0871, trian_mse:0.0118, trian_r2: -113.2916, trian_cc: 0.1864
Epoch 11, val_loss: 0.0059, val_mae: 0.0868, val_mse: 0.0117, val_r2: -126.3127, val_cc: 0.1924
Epoch 12, trian_loss: 0.0059, trian_mae: 0.0868, trian_mse:0.0117, trian_r2: -78.3569, trian_cc: 0.1973
Epoch 12, val_loss: 0.0059, val_mae: 0.0860, val_mse: 0.0117, val_r2: -71.3991, val_cc: 0.2043
Epoch 13, trian_loss: 0.0059, trian_mae: 0.0865, trian_mse:0.0117, trian_r2: -69.9137, trian_cc: 0.2054
Epoch 13, val_loss: 0.0058, val_mae: 0.0863, val_mse: 0.0117, val_r2: -83.0281, val_cc: 0.2077
Epoch 14, trian_loss: 0.0058, trian_mae: 0.0860, trian_mse:0.0116, trian_r2: -55.8430, trian_cc: 0.2148
Epoch 14, val_loss: 0.0058, val_mae: 0.0859, val_mse: 0.0116, val_r2: -74.0559, val_cc: 0.2152
Epoch 15, trian_loss: 0.0058, trian_mae: 0.0857, trian_mse:0.0116, trian_r2: -55.1033, trian_cc: 0.2199
Epoch 15, val_loss: 0.0058, val_mae: 0.0856, val_mse: 0.0116, val_r2: -63.1500, val_cc: 0.2214
Epoch 16, trian_loss: 0.0058, trian_mae: 0.0855, trian_mse:0.0116, trian_r2: -51.0476, trian_cc: 0.2227
Epoch 16, val_loss: 0.0058, val_mae: 0.0852, val_mse: 0.0116, val_r2: -67.1804, val_cc: 0.2231
Epoch 17, trian_loss: 0.0058, trian_mae: 0.0854, trian_mse:0.0115, trian_r2: -50.8686, trian_cc: 0.2279
Epoch 17, val_loss: 0.0058, val_mae: 0.0855, val_mse: 0.0115, val_r2: -57.1768, val_cc: 0.2272
Epoch 18, trian_loss: 0.0058, trian_mae: 0.0853, trian_mse:0.0115, trian_r2: -46.5241, trian_cc: 0.2314
Epoch 18, val_loss: 0.0058, val_mae: 0.0855, val_mse: 0.0115, val_r2: -54.4665, val_cc: 0.2273
Epoch 19, trian_loss: 0.0057, trian_mae: 0.0851, trian_mse:0.0115, trian_r2: -46.0204, trian_cc: 0.2339
Epoch 19, val_loss: 0.0058, val_mae: 0.0846, val_mse: 0.0116, val_r2: -43.4669, val_cc: 0.2309
Epoch 20, trian_loss: 0.0057, trian_mae: 0.0850, trian_mse:0.0115, trian_r2: -45.9154, trian_cc: 0.2355
Epoch 20, val_loss: 0.0058, val_mae: 0.0845, val_mse: 0.0115, val_r2: -39.3154, val_cc: 0.2374
Epoch 21, trian_loss: 0.0058, trian_mae: 0.0856, trian_mse:0.0116, trian_r2: -58.7448, trian_cc: 0.2247
Epoch 21, val_loss: 0.0057, val_mae: 0.0857, val_mse: 0.0115, val_r2: -65.9714, val_cc: 0.2266
Epoch 22, trian_loss: 0.0057, trian_mae: 0.0852, trian_mse:0.0115, trian_r2: -54.8628, trian_cc: 0.2331
Epoch 22, val_loss: 0.0057, val_mae: 0.0849, val_mse: 0.0115, val_r2: -56.2805, val_cc: 0.2367
Epoch 23, trian_loss: 0.0057, trian_mae: 0.0850, trian_mse:0.0115, trian_r2: -49.5817, trian_cc: 0.2375
Epoch 23, val_loss: 0.0057, val_mae: 0.0844, val_mse: 0.0115, val_r2: -50.3107, val_cc: 0.2387
Epoch 24, trian_loss: 0.0057, trian_mae: 0.0850, trian_mse:0.0114, trian_r2: -46.0963, trian_cc: 0.2394
Epoch 24, val_loss: 0.0058, val_mae: 0.0841, val_mse: 0.0116, val_r2: -39.6007, val_cc: 0.2397
Epoch 25, trian_loss: 0.0057, trian_mae: 0.0849, trian_mse:0.0114, trian_r2: -42.7589, trian_cc: 0.2427
Epoch 25, val_loss: 0.0057, val_mae: 0.0848, val_mse: 0.0114, val_r2: -41.9393, val_cc: 0.2456
Epoch 26, trian_loss: 0.0057, trian_mae: 0.0849, trian_mse:0.0114, trian_r2: -41.8352, trian_cc: 0.2430
Epoch 26, val_loss: 0.0057, val_mae: 0.0847, val_mse: 0.0114, val_r2: -41.0854, val_cc: 0.2431
Epoch 27, trian_loss: 0.0057, trian_mae: 0.0848, trian_mse:0.0114, trian_r2: -44.0219, trian_cc: 0.2443
Epoch 27, val_loss: 0.0057, val_mae: 0.0844, val_mse: 0.0115, val_r2: -37.3400, val_cc: 0.2407
Epoch 28, trian_loss: 0.0057, trian_mae: 0.0848, trian_mse:0.0114, trian_r2: -39.3249, trian_cc: 0.2440
Epoch 28, val_loss: 0.0058, val_mae: 0.0842, val_mse: 0.0115, val_r2: -39.2210, val_cc: 0.2419
Epoch 29, trian_loss: 0.0057, trian_mae: 0.0847, trian_mse:0.0114, trian_r2: -40.0023, trian_cc: 0.2444
Epoch 29, val_loss: 0.0057, val_mae: 0.0840, val_mse: 0.0115, val_r2: -38.9210, val_cc: 0.2463
Epoch 30, trian_loss: 0.0057, trian_mae: 0.0848, trian_mse:0.0114, trian_r2: -38.6143, trian_cc: 0.2461
Epoch 30, val_loss: 0.0057, val_mae: 0.0840, val_mse: 0.0114, val_r2: -40.9747, val_cc: 0.2486
Epoch 31, trian_loss: 0.0057, trian_mae: 0.0847, trian_mse:0.0114, trian_r2: -34.9104, trian_cc: 0.2475
Epoch 31, val_loss: 0.0057, val_mae: 0.0848, val_mse: 0.0114, val_r2: -39.2670, val_cc: 0.2452
Epoch 32, trian_loss: 0.0057, trian_mae: 0.0846, trian_mse:0.0113, trian_r2: -35.0618, trian_cc: 0.2472
Epoch 32, val_loss: 0.0058, val_mae: 0.0839, val_mse: 0.0115, val_r2: -35.0059, val_cc: 0.2498
Epoch 33, trian_loss: 0.0057, trian_mae: 0.0846, trian_mse:0.0114, trian_r2: -34.7721, trian_cc: 0.2490
Epoch 33, val_loss: 0.0057, val_mae: 0.0840, val_mse: 0.0114, val_r2: -35.2793, val_cc: 0.2498
Epoch 34, trian_loss: 0.0057, trian_mae: 0.0846, trian_mse:0.0114, trian_r2: -35.6093, trian_cc: 0.2478
Epoch 34, val_loss: 0.0057, val_mae: 0.0839, val_mse: 0.0115, val_r2: -35.4501, val_cc: 0.2510
Epoch 35, trian_loss: 0.0057, trian_mae: 0.0846, trian_mse:0.0113, trian_r2: -35.2021, trian_cc: 0.2496
Epoch 35, val_loss: 0.0057, val_mae: 0.0839, val_mse: 0.0115, val_r2: -34.6694, val_cc: 0.2518
Epoch 36, trian_loss: 0.0057, trian_mae: 0.0848, trian_mse:0.0114, trian_r2: -37.2139, trian_cc: 0.2493
Epoch 36, val_loss: 0.0057, val_mae: 0.0847, val_mse: 0.0113, val_r2: -35.7123, val_cc: 0.2522
Epoch 37, trian_loss: 0.0057, trian_mae: 0.0845, trian_mse:0.0113, trian_r2: -34.6520, trian_cc: 0.2489
Epoch 37, val_loss: 0.0057, val_mae: 0.0843, val_mse: 0.0114, val_r2: -38.1838, val_cc: 0.2477
Epoch 38, trian_loss: 0.0057, trian_mae: 0.0845, trian_mse:0.0113, trian_r2: -34.2923, trian_cc: 0.2504
Epoch 38, val_loss: 0.0057, val_mae: 0.0839, val_mse: 0.0115, val_r2: -35.4982, val_cc: 0.2511
Epoch 39, trian_loss: 0.0057, trian_mae: 0.0845, trian_mse:0.0113, trian_r2: -33.5175, trian_cc: 0.2515
Epoch 39, val_loss: 0.0058, val_mae: 0.0838, val_mse: 0.0116, val_r2: -36.1785, val_cc: 0.2490
Epoch 40, trian_loss: 0.0057, trian_mae: 0.0846, trian_mse:0.0113, trian_r2: -35.6913, trian_cc: 0.2514
Epoch 40, val_loss: 0.0057, val_mae: 0.0845, val_mse: 0.0113, val_r2: -35.2073, val_cc: 0.2538
Epoch 41, trian_loss: 0.0057, trian_mae: 0.0843, trian_mse:0.0113, trian_r2: -31.0610, trian_cc: 0.2519
Epoch 41, val_loss: 0.0057, val_mae: 0.0840, val_mse: 0.0114, val_r2: -31.8540, val_cc: 0.2518
Epoch 42, trian_loss: 0.0057, trian_mae: 0.0846, trian_mse:0.0113, trian_r2: -37.2907, trian_cc: 0.2514
Epoch 42, val_loss: 0.0057, val_mae: 0.0840, val_mse: 0.0114, val_r2: -34.4285, val_cc: 0.2532
Epoch 43, trian_loss: 0.0057, trian_mae: 0.0847, trian_mse:0.0114, trian_r2: -34.0266, trian_cc: 0.2490
Epoch 43, val_loss: 0.0057, val_mae: 0.0840, val_mse: 0.0114, val_r2: -37.3010, val_cc: 0.2516
Epoch 44, trian_loss: 0.0057, trian_mae: 0.0845, trian_mse:0.0113, trian_r2: -32.0792, trian_cc: 0.2531
Epoch 44, val_loss: 0.0056, val_mae: 0.0840, val_mse: 0.0113, val_r2: -34.8916, val_cc: 0.2542
Epoch 45, trian_loss: 0.0056, trian_mae: 0.0842, trian_mse:0.0112, trian_r2: -30.3713, trian_cc: 0.2562
Epoch 45, val_loss: 0.0056, val_mae: 0.0840, val_mse: 0.0113, val_r2: -30.5615, val_cc: 0.2560
Epoch 46, trian_loss: 0.0056, trian_mae: 0.0842, trian_mse:0.0112, trian_r2: -31.8319, trian_cc: 0.2571
Epoch 46, val_loss: 0.0056, val_mae: 0.0840, val_mse: 0.0112, val_r2: -30.9329, val_cc: 0.2564
Epoch 47, trian_loss: 0.0056, trian_mae: 0.0842, trian_mse:0.0112, trian_r2: -31.6669, trian_cc: 0.2575
Epoch 47, val_loss: 0.0056, val_mae: 0.0841, val_mse: 0.0112, val_r2: -29.4906, val_cc: 0.2557
Epoch 48, trian_loss: 0.0056, trian_mae: 0.0842, trian_mse:0.0112, trian_r2: -31.4181, trian_cc: 0.2582
Epoch 48, val_loss: 0.0056, val_mae: 0.0840, val_mse: 0.0113, val_r2: -33.9807, val_cc: 0.2559
Epoch 49, trian_loss: 0.0056, trian_mae: 0.0841, trian_mse:0.0112, trian_r2: -30.9726, trian_cc: 0.2580
Epoch 49, val_loss: 0.0057, val_mae: 0.0840, val_mse: 0.0114, val_r2: -29.5690, val_cc: 0.2547
Epoch 50, trian_loss: 0.0056, trian_mae: 0.0842, trian_mse:0.0112, trian_r2: -30.2582, trian_cc: 0.2586
Epoch 50, val_loss: 0.0056, val_mae: 0.0840, val_mse: 0.0113, val_r2: -29.9738, val_cc: 0.2565
Epoch 51, trian_loss: 0.0056, trian_mae: 0.0840, trian_mse:0.0112, trian_r2: -30.6225, trian_cc: 0.2590
Epoch 51, val_loss: 0.0059, val_mae: 0.0833, val_mse: 0.0117, val_r2: -37.0756, val_cc: 0.2409
Epoch 52, trian_loss: 0.0056, trian_mae: 0.0842, trian_mse:0.0112, trian_r2: -32.2209, trian_cc: 0.2596
Epoch 52, val_loss: 0.0056, val_mae: 0.0838, val_mse: 0.0112, val_r2: -31.6188, val_cc: 0.2654
Epoch 53, trian_loss: 0.0056, trian_mae: 0.0839, trian_mse:0.0112, trian_r2: -30.6403, trian_cc: 0.2653
Epoch 53, val_loss: 0.0057, val_mae: 0.0835, val_mse: 0.0113, val_r2: -27.0300, val_cc: 0.2581
Epoch 54, trian_loss: 0.0056, trian_mae: 0.0840, trian_mse:0.0112, trian_r2: -29.3826, trian_cc: 0.2652
Epoch 54, val_loss: 0.0056, val_mae: 0.0839, val_mse: 0.0111, val_r2: -29.0468, val_cc: 0.2655
Epoch 55, trian_loss: 0.0056, trian_mae: 0.0840, trian_mse:0.0112, trian_r2: -29.9349, trian_cc: 0.2629
Epoch 55, val_loss: 0.0056, val_mae: 0.0837, val_mse: 0.0113, val_r2: -30.7872, val_cc: 0.2582
Epoch 56, trian_loss: 0.0056, trian_mae: 0.0839, trian_mse:0.0112, trian_r2: -30.0782, trian_cc: 0.2636
Epoch 56, val_loss: 0.0056, val_mae: 0.0834, val_mse: 0.0112, val_r2: -27.4733, val_cc: 0.2672
Epoch 57, trian_loss: 0.0056, trian_mae: 0.0838, trian_mse:0.0112, trian_r2: -29.0075, trian_cc: 0.2699
Epoch 57, val_loss: 0.0057, val_mae: 0.0837, val_mse: 0.0114, val_r2: -38.4964, val_cc: 0.2525
Epoch 58, trian_loss: 0.0056, trian_mae: 0.0837, trian_mse:0.0112, trian_r2: -33.4943, trian_cc: 0.2683
Epoch 58, val_loss: 0.0057, val_mae: 0.0841, val_mse: 0.0113, val_r2: -38.0048, val_cc: 0.2542
Epoch 59, trian_loss: 0.0056, trian_mae: 0.0840, trian_mse:0.0112, trian_r2: -30.1417, trian_cc: 0.2714
Epoch 59, val_loss: 0.0055, val_mae: 0.0829, val_mse: 0.0111, val_r2: -24.4888, val_cc: 0.2901
Epoch 60, trian_loss: 0.0055, trian_mae: 0.0832, trian_mse:0.0111, trian_r2: -28.2774, trian_cc: 0.2862
Epoch 60, val_loss: 0.0055, val_mae: 0.0843, val_mse: 0.0111, val_r2: -32.5201, val_cc: 0.2687
Epoch 61, trian_loss: 0.0055, trian_mae: 0.0831, trian_mse:0.0110, trian_r2: -24.7418, trian_cc: 0.2934
Epoch 61, val_loss: 0.0054, val_mae: 0.0827, val_mse: 0.0109, val_r2: -18.7103, val_cc: 0.3092
Epoch 62, trian_loss: 0.0055, trian_mae: 0.0830, trian_mse:0.0110, trian_r2: -22.3202, trian_cc: 0.2996
Epoch 62, val_loss: 0.0056, val_mae: 0.0829, val_mse: 0.0111, val_r2: -28.1060, val_cc: 0.2939
Epoch 63, trian_loss: 0.0055, trian_mae: 0.0825, trian_mse:0.0109, trian_r2: -19.2951, trian_cc: 0.3115
Epoch 63, val_loss: 0.0055, val_mae: 0.0827, val_mse: 0.0109, val_r2: -20.0988, val_cc: 0.3121
Epoch 64, trian_loss: 0.0055, trian_mae: 0.0826, trian_mse:0.0109, trian_r2: -17.6790, trian_cc: 0.3136
Epoch 64, val_loss: 0.0054, val_mae: 0.0829, val_mse: 0.0108, val_r2: -17.5266, val_cc: 0.3165
Epoch 65, trian_loss: 0.0054, trian_mae: 0.0823, trian_mse:0.0109, trian_r2: -16.8480, trian_cc: 0.3204
Epoch 65, val_loss: 0.0054, val_mae: 0.0825, val_mse: 0.0108, val_r2: -13.7327, val_cc: 0.3269
Epoch 66, trian_loss: 0.0054, trian_mae: 0.0821, trian_mse:0.0108, trian_r2: -14.2810, trian_cc: 0.3276
Epoch 66, val_loss: 0.0054, val_mae: 0.0825, val_mse: 0.0108, val_r2: -17.9164, val_cc: 0.3315
Epoch 67, trian_loss: 0.0054, trian_mae: 0.0819, trian_mse:0.0108, trian_r2: -13.5021, trian_cc: 0.3334
Epoch 67, val_loss: 0.0054, val_mae: 0.0818, val_mse: 0.0107, val_r2: -12.0481, val_cc: 0.3376
Epoch 68, trian_loss: 0.0054, trian_mae: 0.0817, trian_mse:0.0107, trian_r2: -11.3827, trian_cc: 0.3398
Epoch 68, val_loss: 0.0054, val_mae: 0.0817, val_mse: 0.0107, val_r2: -11.5093, val_cc: 0.3434
Epoch 69, trian_loss: 0.0053, trian_mae: 0.0816, trian_mse:0.0107, trian_r2: -12.1153, trian_cc: 0.3425
Epoch 69, val_loss: 0.0053, val_mae: 0.0817, val_mse: 0.0107, val_r2: -14.0319, val_cc: 0.3456
Epoch 70, trian_loss: 0.0053, trian_mae: 0.0817, trian_mse:0.0107, trian_r2: -12.1331, trian_cc: 0.3431
Epoch 70, val_loss: 0.0053, val_mae: 0.0815, val_mse: 0.0106, val_r2: -10.9061, val_cc: 0.3514
Epoch 71, trian_loss: 0.0053, trian_mae: 0.0814, trian_mse:0.0106, trian_r2: -10.4016, trian_cc: 0.3492
Epoch 71, val_loss: 0.0053, val_mae: 0.0817, val_mse: 0.0107, val_r2: -12.9565, val_cc: 0.3467
Epoch 72, trian_loss: 0.0053, trian_mae: 0.0813, trian_mse:0.0106, trian_r2: -10.0873, trian_cc: 0.3519
Epoch 72, val_loss: 0.0053, val_mae: 0.0816, val_mse: 0.0107, val_r2: -12.2250, val_cc: 0.3534
Epoch 73, trian_loss: 0.0053, trian_mae: 0.0811, trian_mse:0.0105, trian_r2: -9.7965, trian_cc: 0.3560
Epoch 73, val_loss: 0.0053, val_mae: 0.0813, val_mse: 0.0105, val_r2: -10.3408, val_cc: 0.3581
Epoch 74, trian_loss: 0.0053, trian_mae: 0.0811, trian_mse:0.0105, trian_r2: -10.2408, trian_cc: 0.3566
Epoch 74, val_loss: 0.0053, val_mae: 0.0812, val_mse: 0.0106, val_r2: -13.7491, val_cc: 0.3604
Epoch 75, trian_loss: 0.0053, trian_mae: 0.0811, trian_mse:0.0105, trian_r2: -9.2640, trian_cc: 0.3598
Epoch 75, val_loss: 0.0053, val_mae: 0.0815, val_mse: 0.0107, val_r2: -12.1414, val_cc: 0.3559
Epoch 76, trian_loss: 0.0052, trian_mae: 0.0810, trian_mse:0.0105, trian_r2: -9.2057, trian_cc: 0.3617
Epoch 76, val_loss: 0.0054, val_mae: 0.0828, val_mse: 0.0108, val_r2: -19.1426, val_cc: 0.3283
Epoch 77, trian_loss: 0.0053, trian_mae: 0.0812, trian_mse:0.0105, trian_r2: -10.5309, trian_cc: 0.3563
Epoch 77, val_loss: 0.0053, val_mae: 0.0817, val_mse: 0.0105, val_r2: -14.7587, val_cc: 0.3486
Epoch 78, trian_loss: 0.0052, trian_mae: 0.0809, trian_mse:0.0105, trian_r2: -9.0621, trian_cc: 0.3638
Epoch 78, val_loss: 0.0053, val_mae: 0.0811, val_mse: 0.0106, val_r2: -12.2300, val_cc: 0.3607
Epoch 79, trian_loss: 0.0052, trian_mae: 0.0807, trian_mse:0.0104, trian_r2: -9.7988, trian_cc: 0.3638
Epoch 79, val_loss: 0.0054, val_mae: 0.0823, val_mse: 0.0108, val_r2: -19.8033, val_cc: 0.3307
Epoch 80, trian_loss: 0.0052, trian_mae: 0.0806, trian_mse:0.0104, trian_r2: -8.4311, trian_cc: 0.3658
Epoch 80, val_loss: 0.0053, val_mae: 0.0809, val_mse: 0.0105, val_r2: -11.8280, val_cc: 0.3668
Epoch 81, trian_loss: 0.0052, trian_mae: 0.0806, trian_mse:0.0104, trian_r2: -8.2372, trian_cc: 0.3684
Epoch 81, val_loss: 0.0053, val_mae: 0.0809, val_mse: 0.0106, val_r2: -13.3496, val_cc: 0.3658
Epoch 82, trian_loss: 0.0052, trian_mae: 0.0804, trian_mse:0.0103, trian_r2: -8.1695, trian_cc: 0.3712
Epoch 82, val_loss: 0.0053, val_mae: 0.0808, val_mse: 0.0106, val_r2: -12.8974, val_cc: 0.3699
Epoch 83, trian_loss: 0.0052, trian_mae: 0.0803, trian_mse:0.0103, trian_r2: -8.0477, trian_cc: 0.3730
Epoch 83, val_loss: 0.0053, val_mae: 0.0809, val_mse: 0.0105, val_r2: -11.1636, val_cc: 0.3683
Epoch 84, trian_loss: 0.0051, trian_mae: 0.0801, trian_mse:0.0103, trian_r2: -7.7887, trian_cc: 0.3752
Epoch 84, val_loss: 0.0053, val_mae: 0.0807, val_mse: 0.0106, val_r2: -11.5434, val_cc: 0.3709
Epoch 85, trian_loss: 0.0051, trian_mae: 0.0802, trian_mse:0.0103, trian_r2: -7.9215, trian_cc: 0.3740
Epoch 85, val_loss: 0.0052, val_mae: 0.0807, val_mse: 0.0104, val_r2: -9.9719, val_cc: 0.3754
Epoch 86, trian_loss: 0.0051, trian_mae: 0.0801, trian_mse:0.0102, trian_r2: -7.8324, trian_cc: 0.3768
Epoch 86, val_loss: 0.0052, val_mae: 0.0808, val_mse: 0.0104, val_r2: -11.4768, val_cc: 0.3704
Epoch 87, trian_loss: 0.0051, trian_mae: 0.0799, trian_mse:0.0102, trian_r2: -7.4485, trian_cc: 0.3798
Epoch 87, val_loss: 0.0052, val_mae: 0.0807, val_mse: 0.0104, val_r2: -10.5645, val_cc: 0.3737
Epoch 88, trian_loss: 0.0051, trian_mae: 0.0798, trian_mse:0.0102, trian_r2: -7.7010, trian_cc: 0.3799
Epoch 88, val_loss: 0.0053, val_mae: 0.0818, val_mse: 0.0106, val_r2: -13.9259, val_cc: 0.3576
Epoch 89, trian_loss: 0.0051, trian_mae: 0.0797, trian_mse:0.0102, trian_r2: -7.2626, trian_cc: 0.3826
Epoch 89, val_loss: 0.0053, val_mae: 0.0808, val_mse: 0.0105, val_r2: -10.5926, val_cc: 0.3695
Epoch 90, trian_loss: 0.0051, trian_mae: 0.0796, trian_mse:0.0101, trian_r2: -7.2467, trian_cc: 0.3820
Epoch 90, val_loss: 0.0052, val_mae: 0.0809, val_mse: 0.0104, val_r2: -9.9253, val_cc: 0.3718
Epoch 91, trian_loss: 0.0051, trian_mae: 0.0798, trian_mse:0.0102, trian_r2: -7.6378, trian_cc: 0.3801
Epoch 91, val_loss: 0.0052, val_mae: 0.0806, val_mse: 0.0104, val_r2: -10.4002, val_cc: 0.3755
Epoch 92, trian_loss: 0.0051, trian_mae: 0.0796, trian_mse:0.0101, trian_r2: -7.4618, trian_cc: 0.3843
Epoch 92, val_loss: 0.0052, val_mae: 0.0805, val_mse: 0.0104, val_r2: -9.4083, val_cc: 0.3762
Epoch 93, trian_loss: 0.0050, trian_mae: 0.0794, trian_mse:0.0101, trian_r2: -6.9659, trian_cc: 0.3877
Epoch 93, val_loss: 0.0052, val_mae: 0.0804, val_mse: 0.0104, val_r2: -9.2059, val_cc: 0.3767
Epoch 94, trian_loss: 0.0051, trian_mae: 0.0795, trian_mse:0.0101, trian_r2: -7.0953, trian_cc: 0.3879
Epoch 94, val_loss: 0.0052, val_mae: 0.0806, val_mse: 0.0105, val_r2: -9.9797, val_cc: 0.3739
Epoch 95, trian_loss: 0.0050, trian_mae: 0.0793, trian_mse:0.0100, trian_r2: -6.9767, trian_cc: 0.3891
Epoch 95, val_loss: 0.0052, val_mae: 0.0804, val_mse: 0.0104, val_r2: -8.9282, val_cc: 0.3796
Epoch 96, trian_loss: 0.0050, trian_mae: 0.0793, trian_mse:0.0100, trian_r2: -6.9023, trian_cc: 0.3908
Epoch 96, val_loss: 0.0052, val_mae: 0.0803, val_mse: 0.0105, val_r2: -9.7835, val_cc: 0.3787
Epoch 97, trian_loss: 0.0050, trian_mae: 0.0793, trian_mse:0.0101, trian_r2: -7.1068, trian_cc: 0.3898
Epoch 97, val_loss: 0.0052, val_mae: 0.0802, val_mse: 0.0104, val_r2: -9.2958, val_cc: 0.3825
Epoch 98, trian_loss: 0.0050, trian_mae: 0.0791, trian_mse:0.0100, trian_r2: -6.8410, trian_cc: 0.3921
Epoch 98, val_loss: 0.0052, val_mae: 0.0802, val_mse: 0.0105, val_r2: -9.9150, val_cc: 0.3800
Epoch 99, trian_loss: 0.0050, trian_mae: 0.0790, trian_mse:0.0100, trian_r2: -6.6498, trian_cc: 0.3946
Epoch 99, val_loss: 0.0052, val_mae: 0.0806, val_mse: 0.0104, val_r2: -8.4015, val_cc: 0.3782
