Trian Data: 532   Validation Data: 177  Test Data: 178
[1, 1, 1]
[1, 1, 1]
[1, 1]
[1, 1]
model SENet(
  (conv1): Conv2d(101, 64, kernel_size=(3, 3), stride=(1, 1), padding=(1, 1), bias=False)
  (bn1): BatchNorm2d(64, eps=1e-05, momentum=0.1, affine=True, track_running_stats=True)
  (layer1): Sequential(
    (0): BasicBlock(
      (conv1): Conv2d(64, 64, kernel_size=(3, 3), stride=(1, 1), padding=(1, 1), bias=False)
      (bn1): BatchNorm2d(64, eps=1e-05, momentum=0.1, affine=True, track_running_stats=True)
      (conv2): Conv2d(64, 64, kernel_size=(3, 3), stride=(1, 1), padding=(1, 1), bias=False)
      (bn2): BatchNorm2d(64, eps=1e-05, momentum=0.1, affine=True, track_running_stats=True)
      (shortcut): Sequential()
      (fc1): Conv2d(64, 4, kernel_size=(1, 1), stride=(1, 1))
      (fc2): Conv2d(4, 64, kernel_size=(1, 1), stride=(1, 1))
    )
    (1): BasicBlock(
      (conv1): Conv2d(64, 64, kernel_size=(3, 3), stride=(1, 1), padding=(1, 1), bias=False)
      (bn1): BatchNorm2d(64, eps=1e-05, momentum=0.1, affine=True, track_running_stats=True)
      (conv2): Conv2d(64, 64, kernel_size=(3, 3), stride=(1, 1), padding=(1, 1), bias=False)
      (bn2): BatchNorm2d(64, eps=1e-05, momentum=0.1, affine=True, track_running_stats=True)
      (shortcut): Sequential()
      (fc1): Conv2d(64, 4, kernel_size=(1, 1), stride=(1, 1))
      (fc2): Conv2d(4, 64, kernel_size=(1, 1), stride=(1, 1))
    )
    (2): BasicBlock(
      (conv1): Conv2d(64, 64, kernel_size=(3, 3), stride=(1, 1), padding=(1, 1), bias=False)
      (bn1): BatchNorm2d(64, eps=1e-05, momentum=0.1, affine=True, track_running_stats=True)
      (conv2): Conv2d(64, 64, kernel_size=(3, 3), stride=(1, 1), padding=(1, 1), bias=False)
      (bn2): BatchNorm2d(64, eps=1e-05, momentum=0.1, affine=True, track_running_stats=True)
      (shortcut): Sequential()
      (fc1): Conv2d(64, 4, kernel_size=(1, 1), stride=(1, 1))
      (fc2): Conv2d(4, 64, kernel_size=(1, 1), stride=(1, 1))
    )
  )
  (layer2): Sequential(
    (0): BasicBlock(
      (conv1): Conv2d(64, 64, kernel_size=(3, 3), stride=(1, 1), padding=(1, 1), bias=False)
      (bn1): BatchNorm2d(64, eps=1e-05, momentum=0.1, affine=True, track_running_stats=True)
      (conv2): Conv2d(64, 64, kernel_size=(3, 3), stride=(1, 1), padding=(1, 1), bias=False)
      (bn2): BatchNorm2d(64, eps=1e-05, momentum=0.1, affine=True, track_running_stats=True)
      (shortcut): Sequential()
      (fc1): Conv2d(64, 4, kernel_size=(1, 1), stride=(1, 1))
      (fc2): Conv2d(4, 64, kernel_size=(1, 1), stride=(1, 1))
    )
    (1): BasicBlock(
      (conv1): Conv2d(64, 64, kernel_size=(3, 3), stride=(1, 1), padding=(1, 1), bias=False)
      (bn1): BatchNorm2d(64, eps=1e-05, momentum=0.1, affine=True, track_running_stats=True)
      (conv2): Conv2d(64, 64, kernel_size=(3, 3), stride=(1, 1), padding=(1, 1), bias=False)
      (bn2): BatchNorm2d(64, eps=1e-05, momentum=0.1, affine=True, track_running_stats=True)
      (shortcut): Sequential()
      (fc1): Conv2d(64, 4, kernel_size=(1, 1), stride=(1, 1))
      (fc2): Conv2d(4, 64, kernel_size=(1, 1), stride=(1, 1))
    )
    (2): BasicBlock(
      (conv1): Conv2d(64, 64, kernel_size=(3, 3), stride=(1, 1), padding=(1, 1), bias=False)
      (bn1): BatchNorm2d(64, eps=1e-05, momentum=0.1, affine=True, track_running_stats=True)
      (conv2): Conv2d(64, 64, kernel_size=(3, 3), stride=(1, 1), padding=(1, 1), bias=False)
      (bn2): BatchNorm2d(64, eps=1e-05, momentum=0.1, affine=True, track_running_stats=True)
      (shortcut): Sequential()
      (fc1): Conv2d(64, 4, kernel_size=(1, 1), stride=(1, 1))
      (fc2): Conv2d(4, 64, kernel_size=(1, 1), stride=(1, 1))
    )
  )
  (layer3): Sequential(
    (0): BasicBlock(
      (conv1): Conv2d(64, 64, kernel_size=(3, 3), stride=(1, 1), padding=(1, 1), bias=False)
      (bn1): BatchNorm2d(64, eps=1e-05, momentum=0.1, affine=True, track_running_stats=True)
      (conv2): Conv2d(64, 64, kernel_size=(3, 3), stride=(1, 1), padding=(1, 1), bias=False)
      (bn2): BatchNorm2d(64, eps=1e-05, momentum=0.1, affine=True, track_running_stats=True)
      (shortcut): Sequential()
      (fc1): Conv2d(64, 4, kernel_size=(1, 1), stride=(1, 1))
      (fc2): Conv2d(4, 64, kernel_size=(1, 1), stride=(1, 1))
    )
    (1): BasicBlock(
      (conv1): Conv2d(64, 64, kernel_size=(3, 3), stride=(1, 1), padding=(1, 1), bias=False)
      (bn1): BatchNorm2d(64, eps=1e-05, momentum=0.1, affine=True, track_running_stats=True)
      (conv2): Conv2d(64, 64, kernel_size=(3, 3), stride=(1, 1), padding=(1, 1), bias=False)
      (bn2): BatchNorm2d(64, eps=1e-05, momentum=0.1, affine=True, track_running_stats=True)
      (shortcut): Sequential()
      (fc1): Conv2d(64, 4, kernel_size=(1, 1), stride=(1, 1))
      (fc2): Conv2d(4, 64, kernel_size=(1, 1), stride=(1, 1))
    )
  )
  (layer4): Sequential(
    (0): BasicBlock(
      (conv1): Conv2d(64, 64, kernel_size=(3, 3), stride=(1, 1), padding=(1, 1), bias=False)
      (bn1): BatchNorm2d(64, eps=1e-05, momentum=0.1, affine=True, track_running_stats=True)
      (conv2): Conv2d(64, 64, kernel_size=(3, 3), stride=(1, 1), padding=(1, 1), bias=False)
      (bn2): BatchNorm2d(64, eps=1e-05, momentum=0.1, affine=True, track_running_stats=True)
      (shortcut): Sequential()
      (fc1): Conv2d(64, 4, kernel_size=(1, 1), stride=(1, 1))
      (fc2): Conv2d(4, 64, kernel_size=(1, 1), stride=(1, 1))
    )
    (1): BasicBlock(
      (conv1): Conv2d(64, 64, kernel_size=(3, 3), stride=(1, 1), padding=(1, 1), bias=False)
      (bn1): BatchNorm2d(64, eps=1e-05, momentum=0.1, affine=True, track_running_stats=True)
      (conv2): Conv2d(64, 64, kernel_size=(3, 3), stride=(1, 1), padding=(1, 1), bias=False)
      (bn2): BatchNorm2d(64, eps=1e-05, momentum=0.1, affine=True, track_running_stats=True)
      (shortcut): Sequential()
      (fc1): Conv2d(64, 4, kernel_size=(1, 1), stride=(1, 1))
      (fc2): Conv2d(4, 64, kernel_size=(1, 1), stride=(1, 1))
    )
  )
  (cnn): CNNnet(
    (conv1): Sequential(
      (0): Conv2d(64, 32, kernel_size=(3, 3), stride=(1, 1), padding=(1, 1))
      (1): BatchNorm2d(32, eps=1e-05, momentum=0.1, affine=True, track_running_stats=True)
      (2): ReLU()
    )
    (conv2): Sequential(
      (0): Conv2d(32, 16, kernel_size=(3, 3), stride=(1, 1), padding=(1, 1))
      (1): BatchNorm2d(16, eps=1e-05, momentum=0.1, affine=True, track_running_stats=True)
      (2): ReLU()
    )
    (conv3): Sequential(
      (0): Conv2d(16, 1, kernel_size=(3, 3), stride=(1, 1), padding=(1, 1))
      (1): BatchNorm2d(1, eps=1e-05, momentum=0.1, affine=True, track_running_stats=True)
      (2): ReLU()
    )
  )
)
Epoch  0, trian_loss: 0.0072, trian_mae: 0.0905, trian_mse:0.0145, trian_r2: -39.2916, trian_cc: 0.1044
Epoch  0, val_loss: 0.0063, val_mae: 0.0886, val_mse: 0.0126, val_r2: -50.6832, val_cc: 0.1304
Epoch  1, trian_loss: 0.0061, trian_mae: 0.0879, trian_mse:0.0122, trian_r2: -156.2290, trian_cc: 0.1073
Epoch  1, val_loss: 0.0060, val_mae: 0.0871, val_mse: 0.0120, val_r2: -145.6637, val_cc: 0.1171
Epoch  2, trian_loss: 0.0060, trian_mae: 0.0878, trian_mse:0.0119, trian_r2: -229.0640, trian_cc: 0.1345
Epoch  2, val_loss: 0.0060, val_mae: 0.0870, val_mse: 0.0119, val_r2: -322.9123, val_cc: 0.1569
Epoch  3, trian_loss: 0.0059, trian_mae: 0.0876, trian_mse:0.0119, trian_r2: -201.7765, trian_cc: 0.1618
Epoch  3, val_loss: 0.0059, val_mae: 0.0867, val_mse: 0.0119, val_r2: -208.8417, val_cc: 0.1709
Epoch  4, trian_loss: 0.0059, trian_mae: 0.0875, trian_mse:0.0119, trian_r2: -181.4358, trian_cc: 0.1680
Epoch  4, val_loss: 0.0059, val_mae: 0.0869, val_mse: 0.0118, val_r2: -207.3388, val_cc: 0.1726
Epoch  5, trian_loss: 0.0059, trian_mae: 0.0875, trian_mse:0.0119, trian_r2: -180.1448, trian_cc: 0.1691
Epoch  5, val_loss: 0.0059, val_mae: 0.0869, val_mse: 0.0118, val_r2: -212.0587, val_cc: 0.1738
Epoch  6, trian_loss: 0.0059, trian_mae: 0.0874, trian_mse:0.0118, trian_r2: -171.9404, trian_cc: 0.1721
Epoch  6, val_loss: 0.0059, val_mae: 0.0867, val_mse: 0.0118, val_r2: -187.2992, val_cc: 0.1811
Epoch  7, trian_loss: 0.0059, trian_mae: 0.0873, trian_mse:0.0118, trian_r2: -147.1673, trian_cc: 0.1793
Epoch  7, val_loss: 0.0059, val_mae: 0.0867, val_mse: 0.0118, val_r2: -173.6835, val_cc: 0.1859
Epoch  8, trian_loss: 0.0059, trian_mae: 0.0872, trian_mse:0.0118, trian_r2: -126.6576, trian_cc: 0.1821
Epoch  8, val_loss: 0.0059, val_mae: 0.0864, val_mse: 0.0118, val_r2: -97.9500, val_cc: 0.1911
Epoch  9, trian_loss: 0.0059, trian_mae: 0.0870, trian_mse:0.0118, trian_r2: -90.1761, trian_cc: 0.1928
Epoch  9, val_loss: 0.0059, val_mae: 0.0864, val_mse: 0.0118, val_r2: -112.0649, val_cc: 0.2022
Epoch 10, trian_loss: 0.0059, trian_mae: 0.0869, trian_mse:0.0118, trian_r2: -79.6755, trian_cc: 0.1969
Epoch 10, val_loss: 0.0059, val_mae: 0.0864, val_mse: 0.0117, val_r2: -114.2301, val_cc: 0.2030
Epoch 11, trian_loss: 0.0059, trian_mae: 0.0867, trian_mse:0.0117, trian_r2: -77.1864, trian_cc: 0.2006
Epoch 11, val_loss: 0.0058, val_mae: 0.0862, val_mse: 0.0116, val_r2: -88.6864, val_cc: 0.2118
Epoch 12, trian_loss: 0.0058, trian_mae: 0.0864, trian_mse:0.0117, trian_r2: -62.0670, trian_cc: 0.2082
Epoch 12, val_loss: 0.0058, val_mae: 0.0854, val_mse: 0.0116, val_r2: -62.6706, val_cc: 0.2176
Epoch 13, trian_loss: 0.0058, trian_mae: 0.0861, trian_mse:0.0116, trian_r2: -58.1411, trian_cc: 0.2150
Epoch 13, val_loss: 0.0057, val_mae: 0.0857, val_mse: 0.0115, val_r2: -74.2426, val_cc: 0.2229
Epoch 14, trian_loss: 0.0058, trian_mae: 0.0857, trian_mse:0.0116, trian_r2: -54.1116, trian_cc: 0.2218
Epoch 14, val_loss: 0.0057, val_mae: 0.0851, val_mse: 0.0115, val_r2: -64.2513, val_cc: 0.2326
Epoch 15, trian_loss: 0.0058, trian_mae: 0.0855, trian_mse:0.0115, trian_r2: -51.2095, trian_cc: 0.2262
Epoch 15, val_loss: 0.0057, val_mae: 0.0855, val_mse: 0.0114, val_r2: -72.1175, val_cc: 0.2312
Epoch 16, trian_loss: 0.0058, trian_mae: 0.0853, trian_mse:0.0115, trian_r2: -47.7904, trian_cc: 0.2315
Epoch 16, val_loss: 0.0058, val_mae: 0.0847, val_mse: 0.0115, val_r2: -54.0571, val_cc: 0.2296
Epoch 17, trian_loss: 0.0058, trian_mae: 0.0854, trian_mse:0.0115, trian_r2: -54.4246, trian_cc: 0.2305
Epoch 17, val_loss: 0.0057, val_mae: 0.0847, val_mse: 0.0114, val_r2: -40.9417, val_cc: 0.2413
Epoch 18, trian_loss: 0.0057, trian_mae: 0.0852, trian_mse:0.0115, trian_r2: -42.8899, trian_cc: 0.2360
Epoch 18, val_loss: 0.0057, val_mae: 0.0845, val_mse: 0.0115, val_r2: -43.1627, val_cc: 0.2389
Epoch 19, trian_loss: 0.0057, trian_mae: 0.0852, trian_mse:0.0115, trian_r2: -47.0209, trian_cc: 0.2350
Epoch 19, val_loss: 0.0057, val_mae: 0.0846, val_mse: 0.0114, val_r2: -48.1626, val_cc: 0.2402
Epoch 20, trian_loss: 0.0057, trian_mae: 0.0849, trian_mse:0.0114, trian_r2: -40.3178, trian_cc: 0.2409
Epoch 20, val_loss: 0.0057, val_mae: 0.0842, val_mse: 0.0115, val_r2: -37.5985, val_cc: 0.2414
Epoch 21, trian_loss: 0.0057, trian_mae: 0.0850, trian_mse:0.0114, trian_r2: -43.6751, trian_cc: 0.2386
Epoch 21, val_loss: 0.0058, val_mae: 0.0846, val_mse: 0.0116, val_r2: -40.7535, val_cc: 0.2324
Epoch 22, trian_loss: 0.0057, trian_mae: 0.0850, trian_mse:0.0114, trian_r2: -42.0799, trian_cc: 0.2408
Epoch 22, val_loss: 0.0058, val_mae: 0.0844, val_mse: 0.0115, val_r2: -38.1197, val_cc: 0.2316
Epoch 23, trian_loss: 0.0057, trian_mae: 0.0847, trian_mse:0.0114, trian_r2: -39.7617, trian_cc: 0.2424
Epoch 23, val_loss: 0.0057, val_mae: 0.0842, val_mse: 0.0114, val_r2: -38.9218, val_cc: 0.2455
Epoch 24, trian_loss: 0.0057, trian_mae: 0.0848, trian_mse:0.0114, trian_r2: -40.1484, trian_cc: 0.2439
Epoch 24, val_loss: 0.0057, val_mae: 0.0841, val_mse: 0.0114, val_r2: -34.7964, val_cc: 0.2452
Epoch 25, trian_loss: 0.0057, trian_mae: 0.0847, trian_mse:0.0114, trian_r2: -38.1107, trian_cc: 0.2442
Epoch 25, val_loss: 0.0057, val_mae: 0.0843, val_mse: 0.0114, val_r2: -39.0346, val_cc: 0.2463
Epoch 26, trian_loss: 0.0057, trian_mae: 0.0847, trian_mse:0.0114, trian_r2: -38.3356, trian_cc: 0.2453
Epoch 26, val_loss: 0.0057, val_mae: 0.0840, val_mse: 0.0114, val_r2: -30.1237, val_cc: 0.2477
Epoch 27, trian_loss: 0.0057, trian_mae: 0.0847, trian_mse:0.0114, trian_r2: -41.6983, trian_cc: 0.2471
Epoch 27, val_loss: 0.0056, val_mae: 0.0841, val_mse: 0.0113, val_r2: -45.3250, val_cc: 0.2630
Epoch 28, trian_loss: 0.0057, trian_mae: 0.0844, trian_mse:0.0113, trian_r2: -38.8331, trian_cc: 0.2567
Epoch 28, val_loss: 0.0057, val_mae: 0.0840, val_mse: 0.0114, val_r2: -31.5775, val_cc: 0.2463
Epoch 29, trian_loss: 0.0057, trian_mae: 0.0847, trian_mse:0.0114, trian_r2: -38.1265, trian_cc: 0.2464
Epoch 29, val_loss: 0.0057, val_mae: 0.0845, val_mse: 0.0114, val_r2: -42.9443, val_cc: 0.2470
Epoch 30, trian_loss: 0.0057, trian_mae: 0.0846, trian_mse:0.0113, trian_r2: -36.4757, trian_cc: 0.2457
Epoch 30, val_loss: 0.0057, val_mae: 0.0840, val_mse: 0.0114, val_r2: -34.2856, val_cc: 0.2471
Epoch 31, trian_loss: 0.0057, trian_mae: 0.0846, trian_mse:0.0113, trian_r2: -36.6112, trian_cc: 0.2455
Epoch 31, val_loss: 0.0057, val_mae: 0.0841, val_mse: 0.0114, val_r2: -34.1403, val_cc: 0.2461
Epoch 32, trian_loss: 0.0057, trian_mae: 0.0848, trian_mse:0.0114, trian_r2: -39.3258, trian_cc: 0.2448
Epoch 32, val_loss: 0.0057, val_mae: 0.0840, val_mse: 0.0114, val_r2: -41.3275, val_cc: 0.2468
Epoch 33, trian_loss: 0.0057, trian_mae: 0.0847, trian_mse:0.0114, trian_r2: -38.3556, trian_cc: 0.2444
Epoch 33, val_loss: 0.0057, val_mae: 0.0838, val_mse: 0.0114, val_r2: -31.6544, val_cc: 0.2486
Epoch 34, trian_loss: 0.0057, trian_mae: 0.0847, trian_mse:0.0114, trian_r2: -49.9026, trian_cc: 0.2449
Epoch 34, val_loss: 0.0057, val_mae: 0.0841, val_mse: 0.0114, val_r2: -40.8142, val_cc: 0.2467
Epoch 35, trian_loss: 0.0056, trian_mae: 0.0843, trian_mse:0.0113, trian_r2: -32.0102, trian_cc: 0.2494
Epoch 35, val_loss: 0.0057, val_mae: 0.0839, val_mse: 0.0113, val_r2: -30.7644, val_cc: 0.2489
Epoch 36, trian_loss: 0.0056, trian_mae: 0.0842, trian_mse:0.0112, trian_r2: -31.4777, trian_cc: 0.2515
Epoch 36, val_loss: 0.0057, val_mae: 0.0838, val_mse: 0.0114, val_r2: -32.3422, val_cc: 0.2489
Epoch 37, trian_loss: 0.0056, trian_mae: 0.0842, trian_mse:0.0112, trian_r2: -32.5380, trian_cc: 0.2498
Epoch 37, val_loss: 0.0057, val_mae: 0.0838, val_mse: 0.0114, val_r2: -31.9182, val_cc: 0.2488
Epoch 38, trian_loss: 0.0056, trian_mae: 0.0841, trian_mse:0.0112, trian_r2: -32.2247, trian_cc: 0.2520
Epoch 38, val_loss: 0.0057, val_mae: 0.0838, val_mse: 0.0114, val_r2: -36.9322, val_cc: 0.2483
Epoch 39, trian_loss: 0.0056, trian_mae: 0.0839, trian_mse:0.0112, trian_r2: -30.3575, trian_cc: 0.2626
Epoch 39, val_loss: 0.0055, val_mae: 0.0827, val_mse: 0.0110, val_r2: -21.1321, val_cc: 0.3046
Epoch 40, trian_loss: 0.0055, trian_mae: 0.0826, trian_mse:0.0109, trian_r2: -17.8055, trian_cc: 0.3076
Epoch 40, val_loss: 0.0055, val_mae: 0.0826, val_mse: 0.0110, val_r2: -18.5425, val_cc: 0.3164
Epoch 41, trian_loss: 0.0054, trian_mae: 0.0822, trian_mse:0.0108, trian_r2: -13.5484, trian_cc: 0.3213
Epoch 41, val_loss: 0.0055, val_mae: 0.0825, val_mse: 0.0109, val_r2: -16.5120, val_cc: 0.3239
Epoch 42, trian_loss: 0.0054, trian_mae: 0.0819, trian_mse:0.0107, trian_r2: -12.8650, trian_cc: 0.3259
Epoch 42, val_loss: 0.0055, val_mae: 0.0828, val_mse: 0.0109, val_r2: -18.3235, val_cc: 0.3214
Epoch 43, trian_loss: 0.0053, trian_mae: 0.0817, trian_mse:0.0107, trian_r2: -13.2300, trian_cc: 0.3283
Epoch 43, val_loss: 0.0054, val_mae: 0.0823, val_mse: 0.0109, val_r2: -14.9658, val_cc: 0.3324
Epoch 44, trian_loss: 0.0053, trian_mae: 0.0816, trian_mse:0.0106, trian_r2: -11.5472, trian_cc: 0.3344
Epoch 44, val_loss: 0.0054, val_mae: 0.0825, val_mse: 0.0108, val_r2: -19.4307, val_cc: 0.3330
Epoch 45, trian_loss: 0.0053, trian_mae: 0.0815, trian_mse:0.0106, trian_r2: -12.2559, trian_cc: 0.3350
Epoch 45, val_loss: 0.0054, val_mae: 0.0824, val_mse: 0.0109, val_r2: -24.7391, val_cc: 0.3292
Epoch 46, trian_loss: 0.0052, trian_mae: 0.0812, trian_mse:0.0105, trian_r2: -11.2284, trian_cc: 0.3379
Epoch 46, val_loss: 0.0054, val_mae: 0.0824, val_mse: 0.0108, val_r2: -23.0892, val_cc: 0.3345
Epoch 47, trian_loss: 0.0053, trian_mae: 0.0812, trian_mse:0.0105, trian_r2: -11.4292, trian_cc: 0.3389
Epoch 47, val_loss: 0.0054, val_mae: 0.0826, val_mse: 0.0108, val_r2: -16.4150, val_cc: 0.3393
Epoch 48, trian_loss: 0.0052, trian_mae: 0.0811, trian_mse:0.0104, trian_r2: -10.8139, trian_cc: 0.3404
Epoch 48, val_loss: 0.0054, val_mae: 0.0825, val_mse: 0.0109, val_r2: -26.6862, val_cc: 0.3342
Epoch 49, trian_loss: 0.0052, trian_mae: 0.0809, trian_mse:0.0104, trian_r2: -10.3720, trian_cc: 0.3441
Epoch 49, val_loss: 0.0054, val_mae: 0.0822, val_mse: 0.0108, val_r2: -18.5017, val_cc: 0.3419
Epoch 50, trian_loss: 0.0052, trian_mae: 0.0808, trian_mse:0.0104, trian_r2: -10.3867, trian_cc: 0.3452
Epoch 50, val_loss: 0.0054, val_mae: 0.0821, val_mse: 0.0108, val_r2: -20.7671, val_cc: 0.3416
Epoch 51, trian_loss: 0.0052, trian_mae: 0.0808, trian_mse:0.0104, trian_r2: -10.6900, trian_cc: 0.3450
Epoch 51, val_loss: 0.0054, val_mae: 0.0823, val_mse: 0.0109, val_r2: -19.9891, val_cc: 0.3388
Epoch 52, trian_loss: 0.0052, trian_mae: 0.0806, trian_mse:0.0103, trian_r2: -10.3160, trian_cc: 0.3471
Epoch 52, val_loss: 0.0054, val_mae: 0.0826, val_mse: 0.0109, val_r2: -18.2761, val_cc: 0.3397
Epoch 53, trian_loss: 0.0051, trian_mae: 0.0804, trian_mse:0.0103, trian_r2: -9.8686, trian_cc: 0.3508
Epoch 53, val_loss: 0.0054, val_mae: 0.0822, val_mse: 0.0108, val_r2: -24.3389, val_cc: 0.3415
Epoch 54, trian_loss: 0.0051, trian_mae: 0.0804, trian_mse:0.0102, trian_r2: -10.1366, trian_cc: 0.3500
Epoch 54, val_loss: 0.0054, val_mae: 0.0819, val_mse: 0.0108, val_r2: -20.5138, val_cc: 0.3455
Epoch 55, trian_loss: 0.0051, trian_mae: 0.0803, trian_mse:0.0102, trian_r2: -9.8806, trian_cc: 0.3523
Epoch 55, val_loss: 0.0054, val_mae: 0.0819, val_mse: 0.0108, val_r2: -18.8056, val_cc: 0.3444
Epoch 56, trian_loss: 0.0051, trian_mae: 0.0803, trian_mse:0.0102, trian_r2: -9.7655, trian_cc: 0.3524
Epoch 56, val_loss: 0.0054, val_mae: 0.0818, val_mse: 0.0109, val_r2: -20.9554, val_cc: 0.3430
Epoch 57, trian_loss: 0.0051, trian_mae: 0.0803, trian_mse:0.0102, trian_r2: -10.8854, trian_cc: 0.3512
Epoch 57, val_loss: 0.0054, val_mae: 0.0817, val_mse: 0.0108, val_r2: -17.0954, val_cc: 0.3477
Epoch 58, trian_loss: 0.0051, trian_mae: 0.0801, trian_mse:0.0101, trian_r2: -9.4385, trian_cc: 0.3546
Epoch 58, val_loss: 0.0054, val_mae: 0.0819, val_mse: 0.0108, val_r2: -16.5525, val_cc: 0.3490
Epoch 59, trian_loss: 0.0051, trian_mae: 0.0802, trian_mse:0.0102, trian_r2: -9.4621, trian_cc: 0.3532
Epoch 59, val_loss: 0.0054, val_mae: 0.0816, val_mse: 0.0109, val_r2: -15.8805, val_cc: 0.3489
Epoch 60, trian_loss: 0.0050, trian_mae: 0.0799, trian_mse:0.0101, trian_r2: -9.0858, trian_cc: 0.3570
Epoch 60, val_loss: 0.0054, val_mae: 0.0816, val_mse: 0.0109, val_r2: -18.4302, val_cc: 0.3496
Epoch 61, trian_loss: 0.0050, trian_mae: 0.0798, trian_mse:0.0100, trian_r2: -8.9597, trian_cc: 0.3584
Epoch 61, val_loss: 0.0055, val_mae: 0.0821, val_mse: 0.0109, val_r2: -13.8024, val_cc: 0.3419
Epoch 62, trian_loss: 0.0050, trian_mae: 0.0798, trian_mse:0.0100, trian_r2: -9.5709, trian_cc: 0.3565
Epoch 62, val_loss: 0.0054, val_mae: 0.0819, val_mse: 0.0108, val_r2: -16.1786, val_cc: 0.3465
Epoch 63, trian_loss: 0.0050, trian_mae: 0.0799, trian_mse:0.0101, trian_r2: -9.0467, trian_cc: 0.3578
Epoch 63, val_loss: 0.0054, val_mae: 0.0815, val_mse: 0.0109, val_r2: -16.6908, val_cc: 0.3511
Epoch 64, trian_loss: 0.0050, trian_mae: 0.0797, trian_mse:0.0100, trian_r2: -9.1991, trian_cc: 0.3596
Epoch 64, val_loss: 0.0054, val_mae: 0.0816, val_mse: 0.0109, val_r2: -15.4375, val_cc: 0.3501
Epoch 65, trian_loss: 0.0050, trian_mae: 0.0796, trian_mse:0.0100, trian_r2: -8.6943, trian_cc: 0.3612
Epoch 65, val_loss: 0.0055, val_mae: 0.0818, val_mse: 0.0109, val_r2: -14.6212, val_cc: 0.3462
Epoch 66, trian_loss: 0.0049, trian_mae: 0.0794, trian_mse:0.0099, trian_r2: -9.7953, trian_cc: 0.3602
Epoch 66, val_loss: 0.0054, val_mae: 0.0820, val_mse: 0.0109, val_r2: -19.3935, val_cc: 0.3452
Epoch 67, trian_loss: 0.0050, trian_mae: 0.0795, trian_mse:0.0099, trian_r2: -8.8391, trian_cc: 0.3620
Epoch 67, val_loss: 0.0054, val_mae: 0.0821, val_mse: 0.0108, val_r2: -12.6736, val_cc: 0.3445
Epoch 68, trian_loss: 0.0049, trian_mae: 0.0793, trian_mse:0.0099, trian_r2: -8.6207, trian_cc: 0.3633
Epoch 68, val_loss: 0.0055, val_mae: 0.0820, val_mse: 0.0109, val_r2: -21.4384, val_cc: 0.3442
Epoch 69, trian_loss: 0.0050, trian_mae: 0.0798, trian_mse:0.0100, trian_r2: -10.7791, trian_cc: 0.3555
Epoch 69, val_loss: 0.0055, val_mae: 0.0818, val_mse: 0.0109, val_r2: -16.2273, val_cc: 0.3470
Epoch 70, trian_loss: 0.0049, trian_mae: 0.0791, trian_mse:0.0098, trian_r2: -8.4702, trian_cc: 0.3642
Epoch 70, val_loss: 0.0055, val_mae: 0.0818, val_mse: 0.0109, val_r2: -15.6279, val_cc: 0.3484
Epoch 71, trian_loss: 0.0050, trian_mae: 0.0797, trian_mse:0.0100, trian_r2: -8.7343, trian_cc: 0.3619
Epoch 71, val_loss: 0.0054, val_mae: 0.0822, val_mse: 0.0108, val_r2: -16.8977, val_cc: 0.3450
Epoch 72, trian_loss: 0.0050, trian_mae: 0.0793, trian_mse:0.0099, trian_r2: -8.8335, trian_cc: 0.3639
Epoch 72, val_loss: 0.0055, val_mae: 0.0816, val_mse: 0.0110, val_r2: -18.0507, val_cc: 0.3492
Epoch 73, trian_loss: 0.0049, trian_mae: 0.0793, trian_mse:0.0099, trian_r2: -8.4285, trian_cc: 0.3666
Epoch 73, val_loss: 0.0055, val_mae: 0.0818, val_mse: 0.0110, val_r2: -15.5477, val_cc: 0.3488
Epoch 74, trian_loss: 0.0049, trian_mae: 0.0791, trian_mse:0.0098, trian_r2: -8.2280, trian_cc: 0.3666
Epoch 74, val_loss: 0.0055, val_mae: 0.0818, val_mse: 0.0110, val_r2: -14.5565, val_cc: 0.3482
Epoch 75, trian_loss: 0.0049, trian_mae: 0.0792, trian_mse:0.0098, trian_r2: -8.9616, trian_cc: 0.3671
Epoch 75, val_loss: 0.0055, val_mae: 0.0816, val_mse: 0.0109, val_r2: -11.6852, val_cc: 0.3478
Epoch 76, trian_loss: 0.0049, trian_mae: 0.0790, trian_mse:0.0098, trian_r2: -7.8585, trian_cc: 0.3696
Epoch 76, val_loss: 0.0054, val_mae: 0.0816, val_mse: 0.0107, val_r2: -12.2888, val_cc: 0.3518
Epoch 77, trian_loss: 0.0049, trian_mae: 0.0789, trian_mse:0.0097, trian_r2: -8.1448, trian_cc: 0.3697
Epoch 77, val_loss: 0.0056, val_mae: 0.0819, val_mse: 0.0111, val_r2: -14.2841, val_cc: 0.3471
Epoch 78, trian_loss: 0.0049, trian_mae: 0.0789, trian_mse:0.0097, trian_r2: -7.8715, trian_cc: 0.3709
Epoch 78, val_loss: 0.0054, val_mae: 0.0818, val_mse: 0.0108, val_r2: -13.1353, val_cc: 0.3523
Epoch 79, trian_loss: 0.0049, trian_mae: 0.0787, trian_mse:0.0097, trian_r2: -8.1187, trian_cc: 0.3703
Epoch 79, val_loss: 0.0055, val_mae: 0.0819, val_mse: 0.0110, val_r2: -15.4286, val_cc: 0.3497
Epoch 80, trian_loss: 0.0048, trian_mae: 0.0786, trian_mse:0.0097, trian_r2: -8.0740, trian_cc: 0.3726
Epoch 80, val_loss: 0.0055, val_mae: 0.0820, val_mse: 0.0111, val_r2: -12.8160, val_cc: 0.3410
Epoch 81, trian_loss: 0.0049, trian_mae: 0.0787, trian_mse:0.0097, trian_r2: -8.1331, trian_cc: 0.3713
Epoch 81, val_loss: 0.0055, val_mae: 0.0817, val_mse: 0.0109, val_r2: -10.3767, val_cc: 0.3501
Epoch 82, trian_loss: 0.0048, trian_mae: 0.0784, trian_mse:0.0096, trian_r2: -7.9900, trian_cc: 0.3741
Epoch 82, val_loss: 0.0055, val_mae: 0.0819, val_mse: 0.0111, val_r2: -12.7763, val_cc: 0.3485
Epoch 83, trian_loss: 0.0048, trian_mae: 0.0785, trian_mse:0.0097, trian_r2: -7.9974, trian_cc: 0.3740
Epoch 83, val_loss: 0.0055, val_mae: 0.0819, val_mse: 0.0110, val_r2: -13.4829, val_cc: 0.3492
Epoch 84, trian_loss: 0.0048, trian_mae: 0.0784, trian_mse:0.0096, trian_r2: -7.7777, trian_cc: 0.3752
Epoch 84, val_loss: 0.0055, val_mae: 0.0820, val_mse: 0.0110, val_r2: -11.5223, val_cc: 0.3499
Epoch 85, trian_loss: 0.0048, trian_mae: 0.0783, trian_mse:0.0096, trian_r2: -7.6165, trian_cc: 0.3758
Epoch 85, val_loss: 0.0055, val_mae: 0.0819, val_mse: 0.0109, val_r2: -11.6564, val_cc: 0.3501
Epoch 86, trian_loss: 0.0048, trian_mae: 0.0784, trian_mse:0.0096, trian_r2: -7.8903, trian_cc: 0.3765
Epoch 86, val_loss: 0.0055, val_mae: 0.0818, val_mse: 0.0110, val_r2: -11.5564, val_cc: 0.3487
Epoch 87, trian_loss: 0.0048, trian_mae: 0.0781, trian_mse:0.0095, trian_r2: -7.5306, trian_cc: 0.3784
Epoch 87, val_loss: 0.0055, val_mae: 0.0819, val_mse: 0.0109, val_r2: -12.2443, val_cc: 0.3493
Epoch 88, trian_loss: 0.0048, trian_mae: 0.0782, trian_mse:0.0096, trian_r2: -7.3165, trian_cc: 0.3795
Epoch 88, val_loss: 0.0055, val_mae: 0.0818, val_mse: 0.0111, val_r2: -12.4999, val_cc: 0.3503
Epoch 89, trian_loss: 0.0048, trian_mae: 0.0782, trian_mse:0.0096, trian_r2: -7.9218, trian_cc: 0.3772
Epoch 89, val_loss: 0.0054, val_mae: 0.0818, val_mse: 0.0109, val_r2: -10.6033, val_cc: 0.3498
Epoch 90, trian_loss: 0.0048, trian_mae: 0.0780, trian_mse:0.0095, trian_r2: -7.4125, trian_cc: 0.3805
Epoch 90, val_loss: 0.0056, val_mae: 0.0819, val_mse: 0.0113, val_r2: -14.3125, val_cc: 0.3440
Epoch 91, trian_loss: 0.0048, trian_mae: 0.0782, trian_mse:0.0096, trian_r2: -7.8718, trian_cc: 0.3787
Epoch 91, val_loss: 0.0055, val_mae: 0.0818, val_mse: 0.0110, val_r2: -11.0221, val_cc: 0.3489
Epoch 92, trian_loss: 0.0047, trian_mae: 0.0778, trian_mse:0.0095, trian_r2: -7.4029, trian_cc: 0.3825
Epoch 92, val_loss: 0.0055, val_mae: 0.0821, val_mse: 0.0109, val_r2: -9.8452, val_cc: 0.3485
Epoch 93, trian_loss: 0.0048, trian_mae: 0.0782, trian_mse:0.0095, trian_r2: -7.4673, trian_cc: 0.3796
Epoch 93, val_loss: 0.0055, val_mae: 0.0818, val_mse: 0.0111, val_r2: -12.5413, val_cc: 0.3487
Epoch 94, trian_loss: 0.0047, trian_mae: 0.0777, trian_mse:0.0095, trian_r2: -7.2308, trian_cc: 0.3836
Epoch 94, val_loss: 0.0055, val_mae: 0.0824, val_mse: 0.0111, val_r2: -9.9824, val_cc: 0.3473
Epoch 95, trian_loss: 0.0047, trian_mae: 0.0778, trian_mse:0.0095, trian_r2: -7.2942, trian_cc: 0.3829
Epoch 95, val_loss: 0.0055, val_mae: 0.0824, val_mse: 0.0110, val_r2: -10.0985, val_cc: 0.3485
Epoch 96, trian_loss: 0.0048, trian_mae: 0.0782, trian_mse:0.0096, trian_r2: -7.5119, trian_cc: 0.3796
Epoch 96, val_loss: 0.0056, val_mae: 0.0823, val_mse: 0.0111, val_r2: -12.5461, val_cc: 0.3493
Epoch 97, trian_loss: 0.0047, trian_mae: 0.0774, trian_mse:0.0094, trian_r2: -7.1036, trian_cc: 0.3870
Epoch 97, val_loss: 0.0055, val_mae: 0.0822, val_mse: 0.0111, val_r2: -11.3163, val_cc: 0.3471
Epoch 98, trian_loss: 0.0047, trian_mae: 0.0776, trian_mse:0.0094, trian_r2: -7.1899, trian_cc: 0.3867
Epoch 98, val_loss: 0.0055, val_mae: 0.0823, val_mse: 0.0110, val_r2: -12.6183, val_cc: 0.3464
Epoch 99, trian_loss: 0.0047, trian_mae: 0.0775, trian_mse:0.0095, trian_r2: -7.3144, trian_cc: 0.3865
Epoch 99, val_loss: 0.0055, val_mae: 0.0821, val_mse: 0.0109, val_r2: -12.1122, val_cc: 0.3465
