Trian Data: 532   Validation Data: 177  Test Data: 178
[1, 1, 1]
[1, 1, 1]
[1, 1, 1]
[1, 1, 1]
model SENet(
  (conv1): Conv2d(61, 64, kernel_size=(3, 3), stride=(1, 1), padding=(1, 1), bias=False)
  (bn1): BatchNorm2d(64, eps=1e-05, momentum=0.1, affine=True, track_running_stats=True)
  (layer1): Sequential(
    (0): BasicBlock(
      (conv1): Conv2d(64, 64, kernel_size=(3, 3), stride=(1, 1), padding=(1, 1), bias=False)
      (bn1): BatchNorm2d(64, eps=1e-05, momentum=0.1, affine=True, track_running_stats=True)
      (conv2): Conv2d(64, 64, kernel_size=(3, 3), stride=(1, 1), padding=(1, 1), bias=False)
      (bn2): BatchNorm2d(64, eps=1e-05, momentum=0.1, affine=True, track_running_stats=True)
      (shortcut): Sequential()
      (fc1): Conv2d(64, 4, kernel_size=(1, 1), stride=(1, 1))
      (fc2): Conv2d(4, 64, kernel_size=(1, 1), stride=(1, 1))
    )
    (1): BasicBlock(
      (conv1): Conv2d(64, 64, kernel_size=(3, 3), stride=(1, 1), padding=(1, 1), bias=False)
      (bn1): BatchNorm2d(64, eps=1e-05, momentum=0.1, affine=True, track_running_stats=True)
      (conv2): Conv2d(64, 64, kernel_size=(3, 3), stride=(1, 1), padding=(1, 1), bias=False)
      (bn2): BatchNorm2d(64, eps=1e-05, momentum=0.1, affine=True, track_running_stats=True)
      (shortcut): Sequential()
      (fc1): Conv2d(64, 4, kernel_size=(1, 1), stride=(1, 1))
      (fc2): Conv2d(4, 64, kernel_size=(1, 1), stride=(1, 1))
    )
    (2): BasicBlock(
      (conv1): Conv2d(64, 64, kernel_size=(3, 3), stride=(1, 1), padding=(1, 1), bias=False)
      (bn1): BatchNorm2d(64, eps=1e-05, momentum=0.1, affine=True, track_running_stats=True)
      (conv2): Conv2d(64, 64, kernel_size=(3, 3), stride=(1, 1), padding=(1, 1), bias=False)
      (bn2): BatchNorm2d(64, eps=1e-05, momentum=0.1, affine=True, track_running_stats=True)
      (shortcut): Sequential()
      (fc1): Conv2d(64, 4, kernel_size=(1, 1), stride=(1, 1))
      (fc2): Conv2d(4, 64, kernel_size=(1, 1), stride=(1, 1))
    )
  )
  (layer2): Sequential(
    (0): BasicBlock(
      (conv1): Conv2d(64, 64, kernel_size=(3, 3), stride=(1, 1), padding=(1, 1), bias=False)
      (bn1): BatchNorm2d(64, eps=1e-05, momentum=0.1, affine=True, track_running_stats=True)
      (conv2): Conv2d(64, 64, kernel_size=(3, 3), stride=(1, 1), padding=(1, 1), bias=False)
      (bn2): BatchNorm2d(64, eps=1e-05, momentum=0.1, affine=True, track_running_stats=True)
      (shortcut): Sequential()
      (fc1): Conv2d(64, 4, kernel_size=(1, 1), stride=(1, 1))
      (fc2): Conv2d(4, 64, kernel_size=(1, 1), stride=(1, 1))
    )
    (1): BasicBlock(
      (conv1): Conv2d(64, 64, kernel_size=(3, 3), stride=(1, 1), padding=(1, 1), bias=False)
      (bn1): BatchNorm2d(64, eps=1e-05, momentum=0.1, affine=True, track_running_stats=True)
      (conv2): Conv2d(64, 64, kernel_size=(3, 3), stride=(1, 1), padding=(1, 1), bias=False)
      (bn2): BatchNorm2d(64, eps=1e-05, momentum=0.1, affine=True, track_running_stats=True)
      (shortcut): Sequential()
      (fc1): Conv2d(64, 4, kernel_size=(1, 1), stride=(1, 1))
      (fc2): Conv2d(4, 64, kernel_size=(1, 1), stride=(1, 1))
    )
    (2): BasicBlock(
      (conv1): Conv2d(64, 64, kernel_size=(3, 3), stride=(1, 1), padding=(1, 1), bias=False)
      (bn1): BatchNorm2d(64, eps=1e-05, momentum=0.1, affine=True, track_running_stats=True)
      (conv2): Conv2d(64, 64, kernel_size=(3, 3), stride=(1, 1), padding=(1, 1), bias=False)
      (bn2): BatchNorm2d(64, eps=1e-05, momentum=0.1, affine=True, track_running_stats=True)
      (shortcut): Sequential()
      (fc1): Conv2d(64, 4, kernel_size=(1, 1), stride=(1, 1))
      (fc2): Conv2d(4, 64, kernel_size=(1, 1), stride=(1, 1))
    )
  )
  (layer3): Sequential(
    (0): BasicBlock(
      (conv1): Conv2d(64, 64, kernel_size=(3, 3), stride=(1, 1), padding=(1, 1), bias=False)
      (bn1): BatchNorm2d(64, eps=1e-05, momentum=0.1, affine=True, track_running_stats=True)
      (conv2): Conv2d(64, 64, kernel_size=(3, 3), stride=(1, 1), padding=(1, 1), bias=False)
      (bn2): BatchNorm2d(64, eps=1e-05, momentum=0.1, affine=True, track_running_stats=True)
      (shortcut): Sequential()
      (fc1): Conv2d(64, 4, kernel_size=(1, 1), stride=(1, 1))
      (fc2): Conv2d(4, 64, kernel_size=(1, 1), stride=(1, 1))
    )
    (1): BasicBlock(
      (conv1): Conv2d(64, 64, kernel_size=(3, 3), stride=(1, 1), padding=(1, 1), bias=False)
      (bn1): BatchNorm2d(64, eps=1e-05, momentum=0.1, affine=True, track_running_stats=True)
      (conv2): Conv2d(64, 64, kernel_size=(3, 3), stride=(1, 1), padding=(1, 1), bias=False)
      (bn2): BatchNorm2d(64, eps=1e-05, momentum=0.1, affine=True, track_running_stats=True)
      (shortcut): Sequential()
      (fc1): Conv2d(64, 4, kernel_size=(1, 1), stride=(1, 1))
      (fc2): Conv2d(4, 64, kernel_size=(1, 1), stride=(1, 1))
    )
    (2): BasicBlock(
      (conv1): Conv2d(64, 64, kernel_size=(3, 3), stride=(1, 1), padding=(1, 1), bias=False)
      (bn1): BatchNorm2d(64, eps=1e-05, momentum=0.1, affine=True, track_running_stats=True)
      (conv2): Conv2d(64, 64, kernel_size=(3, 3), stride=(1, 1), padding=(1, 1), bias=False)
      (bn2): BatchNorm2d(64, eps=1e-05, momentum=0.1, affine=True, track_running_stats=True)
      (shortcut): Sequential()
      (fc1): Conv2d(64, 4, kernel_size=(1, 1), stride=(1, 1))
      (fc2): Conv2d(4, 64, kernel_size=(1, 1), stride=(1, 1))
    )
  )
  (layer4): Sequential(
    (0): BasicBlock(
      (conv1): Conv2d(64, 64, kernel_size=(3, 3), stride=(1, 1), padding=(1, 1), bias=False)
      (bn1): BatchNorm2d(64, eps=1e-05, momentum=0.1, affine=True, track_running_stats=True)
      (conv2): Conv2d(64, 64, kernel_size=(3, 3), stride=(1, 1), padding=(1, 1), bias=False)
      (bn2): BatchNorm2d(64, eps=1e-05, momentum=0.1, affine=True, track_running_stats=True)
      (shortcut): Sequential()
      (fc1): Conv2d(64, 4, kernel_size=(1, 1), stride=(1, 1))
      (fc2): Conv2d(4, 64, kernel_size=(1, 1), stride=(1, 1))
    )
    (1): BasicBlock(
      (conv1): Conv2d(64, 64, kernel_size=(3, 3), stride=(1, 1), padding=(1, 1), bias=False)
      (bn1): BatchNorm2d(64, eps=1e-05, momentum=0.1, affine=True, track_running_stats=True)
      (conv2): Conv2d(64, 64, kernel_size=(3, 3), stride=(1, 1), padding=(1, 1), bias=False)
      (bn2): BatchNorm2d(64, eps=1e-05, momentum=0.1, affine=True, track_running_stats=True)
      (shortcut): Sequential()
      (fc1): Conv2d(64, 4, kernel_size=(1, 1), stride=(1, 1))
      (fc2): Conv2d(4, 64, kernel_size=(1, 1), stride=(1, 1))
    )
    (2): BasicBlock(
      (conv1): Conv2d(64, 64, kernel_size=(3, 3), stride=(1, 1), padding=(1, 1), bias=False)
      (bn1): BatchNorm2d(64, eps=1e-05, momentum=0.1, affine=True, track_running_stats=True)
      (conv2): Conv2d(64, 64, kernel_size=(3, 3), stride=(1, 1), padding=(1, 1), bias=False)
      (bn2): BatchNorm2d(64, eps=1e-05, momentum=0.1, affine=True, track_running_stats=True)
      (shortcut): Sequential()
      (fc1): Conv2d(64, 4, kernel_size=(1, 1), stride=(1, 1))
      (fc2): Conv2d(4, 64, kernel_size=(1, 1), stride=(1, 1))
    )
  )
  (cnn): CNNnet(
    (conv1): Sequential(
      (0): Conv2d(64, 32, kernel_size=(3, 3), stride=(1, 1), padding=(1, 1))
      (1): BatchNorm2d(32, eps=1e-05, momentum=0.1, affine=True, track_running_stats=True)
      (2): ELU(alpha=1.0)
    )
    (conv2): Sequential(
      (0): Conv2d(32, 16, kernel_size=(3, 3), stride=(1, 1), padding=(1, 1))
      (1): BatchNorm2d(16, eps=1e-05, momentum=0.1, affine=True, track_running_stats=True)
      (2): ELU(alpha=1.0)
    )
    (conv3): Sequential(
      (0): Conv2d(16, 1, kernel_size=(3, 3), stride=(1, 1), padding=(1, 1))
      (1): BatchNorm2d(1, eps=1e-05, momentum=0.1, affine=True, track_running_stats=True)
      (2): ELU(alpha=1.0)
    )
  )
)
Epoch  0, trian_loss: 0.0148, trian_mae: 0.0987, trian_mse:0.0301, trian_r2: -1.8544, trian_cc: 0.1300
Epoch  0, val_loss: 0.0090, val_mae: 0.0824, val_mse: 0.0182, val_r2: -2.0610, val_cc: 0.0858
Epoch  1, trian_loss: 0.0053, trian_mae: 0.0765, trian_mse:0.0107, trian_r2: -837.1467, trian_cc: -0.0126
Epoch  1, val_loss: 0.0049, val_mae: 0.0747, val_mse: 0.0098, val_r2: -1048.1142, val_cc: 0.0297
Epoch  2, trian_loss: 0.0050, trian_mae: 0.0749, trian_mse:0.0101, trian_r2: -1026.0464, trian_cc: 0.0827
Epoch  2, val_loss: 0.0049, val_mae: 0.0745, val_mse: 0.0098, val_r2: -1241.7116, val_cc: 0.0856
Epoch  3, trian_loss: 0.0050, trian_mae: 0.0747, trian_mse:0.0100, trian_r2: -777.5271, trian_cc: 0.0854
Epoch  3, val_loss: 0.0049, val_mae: 0.0744, val_mse: 0.0097, val_r2: -891.4905, val_cc: 0.0838
Epoch  4, trian_loss: 0.0050, trian_mae: 0.0744, trian_mse:0.0100, trian_r2: -652.0050, trian_cc: 0.1025
Epoch  4, val_loss: 0.0049, val_mae: 0.0740, val_mse: 0.0097, val_r2: -813.9095, val_cc: 0.0987
Epoch  5, trian_loss: 0.0050, trian_mae: 0.0742, trian_mse:0.0099, trian_r2: -538.6376, trian_cc: 0.1084
Epoch  5, val_loss: 0.0049, val_mae: 0.0740, val_mse: 0.0097, val_r2: -752.8951, val_cc: 0.0958
Epoch  6, trian_loss: 0.0048, trian_mae: 0.0731, trian_mse:0.0097, trian_r2: -361.1863, trian_cc: 0.1284
Epoch  6, val_loss: 0.0045, val_mae: 0.0699, val_mse: 0.0090, val_r2: -435.1445, val_cc: 0.1637
Epoch  7, trian_loss: 0.0046, trian_mae: 0.0712, trian_mse:0.0092, trian_r2: -344.6316, trian_cc: 0.1698
Epoch  7, val_loss: 0.0045, val_mae: 0.0695, val_mse: 0.0090, val_r2: -108.3534, val_cc: 0.1892
Epoch  8, trian_loss: 0.0045, trian_mae: 0.0699, trian_mse:0.0089, trian_r2: -153.6028, trian_cc: 0.2033
Epoch  8, val_loss: 0.0045, val_mae: 0.0684, val_mse: 0.0090, val_r2: -81.9095, val_cc: 0.2211
Epoch  9, trian_loss: 0.0044, trian_mae: 0.0690, trian_mse:0.0087, trian_r2: -117.1197, trian_cc: 0.2245
Epoch  9, val_loss: 0.0044, val_mae: 0.0682, val_mse: 0.0089, val_r2: -93.9364, val_cc: 0.2384
Epoch 10, trian_loss: 0.0044, trian_mae: 0.0691, trian_mse:0.0088, trian_r2: -121.1968, trian_cc: 0.2284
Epoch 10, val_loss: 0.0043, val_mae: 0.0675, val_mse: 0.0086, val_r2: -65.7985, val_cc: 0.2591
Epoch 11, trian_loss: 0.0043, trian_mae: 0.0678, trian_mse:0.0085, trian_r2: -93.5778, trian_cc: 0.2565
Epoch 11, val_loss: 0.0043, val_mae: 0.0674, val_mse: 0.0086, val_r2: -62.7956, val_cc: 0.2660
Epoch 12, trian_loss: 0.0042, trian_mae: 0.0672, trian_mse:0.0084, trian_r2: -91.5929, trian_cc: 0.2702
Epoch 12, val_loss: 0.0043, val_mae: 0.0669, val_mse: 0.0085, val_r2: -51.3849, val_cc: 0.2799
Epoch 13, trian_loss: 0.0043, trian_mae: 0.0675, trian_mse:0.0085, trian_r2: -89.0113, trian_cc: 0.2664
Epoch 13, val_loss: 0.0042, val_mae: 0.0666, val_mse: 0.0084, val_r2: -39.6748, val_cc: 0.2870
Epoch 14, trian_loss: 0.0042, trian_mae: 0.0664, trian_mse:0.0083, trian_r2: -76.6435, trian_cc: 0.2847
Epoch 14, val_loss: 0.0042, val_mae: 0.0661, val_mse: 0.0084, val_r2: -36.4218, val_cc: 0.2967
Epoch 15, trian_loss: 0.0043, trian_mae: 0.0675, trian_mse:0.0086, trian_r2: -86.5272, trian_cc: 0.2560
Epoch 15, val_loss: 0.0041, val_mae: 0.0661, val_mse: 0.0083, val_r2: -40.8301, val_cc: 0.3008
Epoch 16, trian_loss: 0.0041, trian_mae: 0.0661, trian_mse:0.0083, trian_r2: -65.4485, trian_cc: 0.2990
Epoch 16, val_loss: 0.0041, val_mae: 0.0657, val_mse: 0.0082, val_r2: -40.3386, val_cc: 0.3116
Epoch 17, trian_loss: 0.0043, trian_mae: 0.0678, trian_mse:0.0086, trian_r2: -144.0809, trian_cc: 0.2927
Epoch 17, val_loss: 0.0043, val_mae: 0.0674, val_mse: 0.0086, val_r2: -41.4798, val_cc: 0.2785
Epoch 18, trian_loss: 0.0044, trian_mae: 0.0690, trian_mse:0.0088, trian_r2: -123.9240, trian_cc: 0.2701
Epoch 18, val_loss: 0.0045, val_mae: 0.0714, val_mse: 0.0091, val_r2: -148.5507, val_cc: 0.1953
Epoch 19, trian_loss: 0.0041, trian_mae: 0.0665, trian_mse:0.0083, trian_r2: -85.1919, trian_cc: 0.3421
Epoch 19, val_loss: 0.0043, val_mae: 0.0670, val_mse: 0.0085, val_r2: -60.3153, val_cc: 0.2783
Epoch 20, trian_loss: 0.0044, trian_mae: 0.0687, trian_mse:0.0087, trian_r2: -106.6513, trian_cc: 0.2801
Epoch 20, val_loss: 0.0040, val_mae: 0.0645, val_mse: 0.0081, val_r2: -40.3831, val_cc: 0.4227
Epoch 21, trian_loss: 0.0041, trian_mae: 0.0661, trian_mse:0.0082, trian_r2: -66.8858, trian_cc: 0.3758
Epoch 21, val_loss: 0.0036, val_mae: 0.0600, val_mse: 0.0072, val_r2: -9.3858, val_cc: 0.5655
Epoch 22, trian_loss: 0.0043, trian_mae: 0.0684, trian_mse:0.0086, trian_r2: -132.1603, trian_cc: 0.3461
Epoch 22, val_loss: 0.0037, val_mae: 0.0619, val_mse: 0.0074, val_r2: -8.6993, val_cc: 0.5574
Epoch 23, trian_loss: 0.0041, trian_mae: 0.0654, trian_mse:0.0081, trian_r2: -94.3698, trian_cc: 0.4150
Epoch 23, val_loss: 0.0048, val_mae: 0.0742, val_mse: 0.0096, val_r2: -220.4128, val_cc: 0.0903
Epoch 24, trian_loss: 0.0041, trian_mae: 0.0659, trian_mse:0.0082, trian_r2: -82.5484, trian_cc: 0.3914
Epoch 24, val_loss: 0.0039, val_mae: 0.0650, val_mse: 0.0078, val_r2: -26.1592, val_cc: 0.4885
Epoch 25, trian_loss: 0.0037, trian_mae: 0.0621, trian_mse:0.0074, trian_r2: -19.4425, trian_cc: 0.5314
Epoch 25, val_loss: 0.0040, val_mae: 0.0660, val_mse: 0.0081, val_r2: -93.8883, val_cc: 0.3845
Epoch 26, trian_loss: 0.0043, trian_mae: 0.0675, trian_mse:0.0085, trian_r2: -69.2479, trian_cc: 0.3505
Epoch 26, val_loss: 0.0040, val_mae: 0.0645, val_mse: 0.0081, val_r2: -54.2401, val_cc: 0.4269
Epoch 27, trian_loss: 0.0040, trian_mae: 0.0649, trian_mse:0.0080, trian_r2: -55.6140, trian_cc: 0.4454
Epoch 27, val_loss: 0.0036, val_mae: 0.0620, val_mse: 0.0072, val_r2: -8.0148, val_cc: 0.5650
Epoch 28, trian_loss: 0.0036, trian_mae: 0.0607, trian_mse:0.0072, trian_r2: -12.0870, trian_cc: 0.5599
Epoch 28, val_loss: 0.0037, val_mae: 0.0649, val_mse: 0.0074, val_r2: -15.3985, val_cc: 0.5439
Epoch 29, trian_loss: 0.0036, trian_mae: 0.0604, trian_mse:0.0071, trian_r2: -21.0403, trian_cc: 0.5463
Epoch 29, val_loss: 0.0045, val_mae: 0.0697, val_mse: 0.0089, val_r2: -88.6225, val_cc: 0.2344
Epoch 30, trian_loss: 0.0042, trian_mae: 0.0668, trian_mse:0.0084, trian_r2: -91.8013, trian_cc: 0.3450
Epoch 30, val_loss: 0.0036, val_mae: 0.0610, val_mse: 0.0072, val_r2: -27.5097, val_cc: 0.5301
Epoch 31, trian_loss: 0.0035, trian_mae: 0.0596, trian_mse:0.0070, trian_r2: -6.6756, trian_cc: 0.5773
Epoch 31, val_loss: 0.0034, val_mae: 0.0580, val_mse: 0.0068, val_r2: -4.5783, val_cc: 0.5974
Epoch 32, trian_loss: 0.0034, trian_mae: 0.0578, trian_mse:0.0067, trian_r2: -4.2449, trian_cc: 0.5965
Epoch 32, val_loss: 0.0035, val_mae: 0.0588, val_mse: 0.0070, val_r2: -9.3377, val_cc: 0.5789
Epoch 33, trian_loss: 0.0038, trian_mae: 0.0624, trian_mse:0.0076, trian_r2: -54.2415, trian_cc: 0.5008
Epoch 33, val_loss: 0.0042, val_mae: 0.0652, val_mse: 0.0084, val_r2: -31.2559, val_cc: 0.4129
Epoch 34, trian_loss: 0.0037, trian_mae: 0.0622, trian_mse:0.0075, trian_r2: -27.6715, trian_cc: 0.5344
Epoch 34, val_loss: 0.0037, val_mae: 0.0637, val_mse: 0.0075, val_r2: -47.3143, val_cc: 0.5088
Epoch 35, trian_loss: 0.0037, trian_mae: 0.0627, trian_mse:0.0075, trian_r2: -44.0063, trian_cc: 0.5285
Epoch 35, val_loss: 0.0036, val_mae: 0.0590, val_mse: 0.0071, val_r2: -13.5601, val_cc: 0.5524
Epoch 36, trian_loss: 0.0038, trian_mae: 0.0629, trian_mse:0.0076, trian_r2: -34.1532, trian_cc: 0.5028
Epoch 36, val_loss: 0.0033, val_mae: 0.0584, val_mse: 0.0067, val_r2: -6.3717, val_cc: 0.5779
Epoch 37, trian_loss: 0.0045, trian_mae: 0.0706, trian_mse:0.0091, trian_r2: -103.9584, trian_cc: 0.2783
Epoch 37, val_loss: 0.0044, val_mae: 0.0687, val_mse: 0.0089, val_r2: -111.5025, val_cc: 0.3252
Epoch 38, trian_loss: 0.0039, trian_mae: 0.0645, trian_mse:0.0078, trian_r2: -39.3160, trian_cc: 0.4803
Epoch 38, val_loss: 0.0039, val_mae: 0.0639, val_mse: 0.0078, val_r2: -21.0426, val_cc: 0.4842
Epoch 39, trian_loss: 0.0035, trian_mae: 0.0594, trian_mse:0.0070, trian_r2: -9.2128, trian_cc: 0.5711
Epoch 39, val_loss: 0.0034, val_mae: 0.0572, val_mse: 0.0068, val_r2: -5.5405, val_cc: 0.5985
Epoch 40, trian_loss: 0.0033, trian_mae: 0.0574, trian_mse:0.0067, trian_r2: -4.1828, trian_cc: 0.5930
Epoch 40, val_loss: 0.0034, val_mae: 0.0571, val_mse: 0.0068, val_r2: -5.7356, val_cc: 0.5866
Epoch 41, trian_loss: 0.0033, trian_mae: 0.0573, trian_mse:0.0067, trian_r2: -3.6624, trian_cc: 0.5996
Epoch 41, val_loss: 0.0032, val_mae: 0.0559, val_mse: 0.0065, val_r2: -4.3719, val_cc: 0.6031
Epoch 42, trian_loss: 0.0033, trian_mae: 0.0565, trian_mse:0.0065, trian_r2: -2.8408, trian_cc: 0.6046
Epoch 42, val_loss: 0.0034, val_mae: 0.0579, val_mse: 0.0068, val_r2: -5.1799, val_cc: 0.5960
Epoch 43, trian_loss: 0.0034, trian_mae: 0.0578, trian_mse:0.0068, trian_r2: -5.2292, trian_cc: 0.5923
Epoch 43, val_loss: 0.0033, val_mae: 0.0568, val_mse: 0.0067, val_r2: -6.8305, val_cc: 0.6021
Epoch 44, trian_loss: 0.0034, trian_mae: 0.0575, trian_mse:0.0068, trian_r2: -8.5645, trian_cc: 0.5947
Epoch 44, val_loss: 0.0033, val_mae: 0.0576, val_mse: 0.0067, val_r2: -5.2059, val_cc: 0.5990
Epoch 45, trian_loss: 0.0033, trian_mae: 0.0561, trian_mse:0.0065, trian_r2: -3.1270, trian_cc: 0.6085
Epoch 45, val_loss: 0.0033, val_mae: 0.0556, val_mse: 0.0065, val_r2: -4.1271, val_cc: 0.6153
Epoch 46, trian_loss: 0.0032, trian_mae: 0.0551, trian_mse:0.0063, trian_r2: -2.2937, trian_cc: 0.6166
Epoch 46, val_loss: 0.0032, val_mae: 0.0563, val_mse: 0.0063, val_r2: -3.7069, val_cc: 0.6180
Epoch 47, trian_loss: 0.0032, trian_mae: 0.0556, trian_mse:0.0064, trian_r2: -3.3270, trian_cc: 0.6152
Epoch 47, val_loss: 0.0032, val_mae: 0.0558, val_mse: 0.0064, val_r2: -3.7406, val_cc: 0.6205
Epoch 48, trian_loss: 0.0031, trian_mae: 0.0547, trian_mse:0.0063, trian_r2: -2.6147, trian_cc: 0.6226
Epoch 48, val_loss: 0.0032, val_mae: 0.0548, val_mse: 0.0063, val_r2: -3.5943, val_cc: 0.6284
Epoch 49, trian_loss: 0.0031, trian_mae: 0.0546, trian_mse:0.0063, trian_r2: -2.3713, trian_cc: 0.6247
Epoch 49, val_loss: 0.0032, val_mae: 0.0548, val_mse: 0.0064, val_r2: -3.7915, val_cc: 0.6222
Epoch 50, trian_loss: 0.0032, trian_mae: 0.0547, trian_mse:0.0063, trian_r2: -2.1623, trian_cc: 0.6235
Epoch 50, val_loss: 0.0031, val_mae: 0.0541, val_mse: 0.0062, val_r2: -2.7704, val_cc: 0.6280
Epoch 51, trian_loss: 0.0031, trian_mae: 0.0548, trian_mse:0.0063, trian_r2: -2.7964, trian_cc: 0.6214
Epoch 51, val_loss: 0.0033, val_mae: 0.0561, val_mse: 0.0067, val_r2: -5.0760, val_cc: 0.6155
Epoch 52, trian_loss: 0.0031, trian_mae: 0.0544, trian_mse:0.0062, trian_r2: -2.6652, trian_cc: 0.6257
Epoch 52, val_loss: 0.0032, val_mae: 0.0562, val_mse: 0.0064, val_r2: -4.7416, val_cc: 0.6187
Epoch 53, trian_loss: 0.0031, trian_mae: 0.0543, trian_mse:0.0062, trian_r2: -2.1371, trian_cc: 0.6286
Epoch 53, val_loss: 0.0033, val_mae: 0.0564, val_mse: 0.0065, val_r2: -4.7066, val_cc: 0.6136
Epoch 54, trian_loss: 0.0032, trian_mae: 0.0558, trian_mse:0.0064, trian_r2: -3.9702, trian_cc: 0.6144
Epoch 54, val_loss: 0.0031, val_mae: 0.0553, val_mse: 0.0062, val_r2: -3.0802, val_cc: 0.6308
Epoch 55, trian_loss: 0.0031, trian_mae: 0.0543, trian_mse:0.0062, trian_r2: -2.8600, trian_cc: 0.6283
Epoch 55, val_loss: 0.0032, val_mae: 0.0545, val_mse: 0.0065, val_r2: -4.5239, val_cc: 0.6231
Epoch 56, trian_loss: 0.0031, trian_mae: 0.0544, trian_mse:0.0063, trian_r2: -2.2067, trian_cc: 0.6259
Epoch 56, val_loss: 0.0031, val_mae: 0.0549, val_mse: 0.0063, val_r2: -4.2355, val_cc: 0.6278
Epoch 57, trian_loss: 0.0031, trian_mae: 0.0540, trian_mse:0.0062, trian_r2: -1.9860, trian_cc: 0.6334
Epoch 57, val_loss: 0.0031, val_mae: 0.0548, val_mse: 0.0062, val_r2: -3.6304, val_cc: 0.6341
Epoch 58, trian_loss: 0.0031, trian_mae: 0.0539, trian_mse:0.0061, trian_r2: -1.9394, trian_cc: 0.6337
Epoch 58, val_loss: 0.0032, val_mae: 0.0551, val_mse: 0.0064, val_r2: -10.1980, val_cc: 0.6165
Epoch 59, trian_loss: 0.0031, trian_mae: 0.0538, trian_mse:0.0061, trian_r2: -2.1491, trian_cc: 0.6327
Epoch 59, val_loss: 0.0030, val_mae: 0.0538, val_mse: 0.0060, val_r2: -3.1455, val_cc: 0.6367
Epoch 60, trian_loss: 0.0030, trian_mae: 0.0534, trian_mse:0.0061, trian_r2: -1.7983, trian_cc: 0.6371
Epoch 60, val_loss: 0.0031, val_mae: 0.0543, val_mse: 0.0062, val_r2: -2.8178, val_cc: 0.6394
Epoch 61, trian_loss: 0.0030, trian_mae: 0.0536, trian_mse:0.0061, trian_r2: -2.0492, trian_cc: 0.6376
Epoch 61, val_loss: 0.0031, val_mae: 0.0535, val_mse: 0.0062, val_r2: -2.4645, val_cc: 0.6389
Epoch 62, trian_loss: 0.0030, trian_mae: 0.0533, trian_mse:0.0060, trian_r2: -1.7226, trian_cc: 0.6391
Epoch 62, val_loss: 0.0030, val_mae: 0.0533, val_mse: 0.0060, val_r2: -2.6100, val_cc: 0.6424
Epoch 63, trian_loss: 0.0030, trian_mae: 0.0532, trian_mse:0.0060, trian_r2: -1.8506, trian_cc: 0.6408
Epoch 63, val_loss: 0.0032, val_mae: 0.0564, val_mse: 0.0064, val_r2: -4.1042, val_cc: 0.6227
Epoch 64, trian_loss: 0.0030, trian_mae: 0.0531, trian_mse:0.0060, trian_r2: -1.7461, trian_cc: 0.6398
Epoch 64, val_loss: 0.0030, val_mae: 0.0533, val_mse: 0.0060, val_r2: -2.9435, val_cc: 0.6462
Epoch 65, trian_loss: 0.0030, trian_mae: 0.0530, trian_mse:0.0060, trian_r2: -1.6538, trian_cc: 0.6410
Epoch 65, val_loss: 0.0030, val_mae: 0.0530, val_mse: 0.0061, val_r2: -2.9551, val_cc: 0.6428
Epoch 66, trian_loss: 0.0030, trian_mae: 0.0529, trian_mse:0.0060, trian_r2: -2.3145, trian_cc: 0.6412
Epoch 66, val_loss: 0.0031, val_mae: 0.0552, val_mse: 0.0062, val_r2: -3.6855, val_cc: 0.6346
Epoch 67, trian_loss: 0.0030, trian_mae: 0.0529, trian_mse:0.0060, trian_r2: -1.6947, trian_cc: 0.6435
Epoch 67, val_loss: 0.0030, val_mae: 0.0532, val_mse: 0.0061, val_r2: -3.0812, val_cc: 0.6427
Epoch 68, trian_loss: 0.0030, trian_mae: 0.0528, trian_mse:0.0059, trian_r2: -1.6278, trian_cc: 0.6438
Epoch 68, val_loss: 0.0030, val_mae: 0.0528, val_mse: 0.0060, val_r2: -3.0302, val_cc: 0.6404
Epoch 69, trian_loss: 0.0030, trian_mae: 0.0525, trian_mse:0.0059, trian_r2: -1.6916, trian_cc: 0.6446
Epoch 69, val_loss: 0.0030, val_mae: 0.0536, val_mse: 0.0060, val_r2: -3.1216, val_cc: 0.6400
Epoch 70, trian_loss: 0.0030, trian_mae: 0.0526, trian_mse:0.0059, trian_r2: -1.6013, trian_cc: 0.6447
Epoch 70, val_loss: 0.0031, val_mae: 0.0535, val_mse: 0.0062, val_r2: -2.9271, val_cc: 0.6320
Epoch 71, trian_loss: 0.0030, trian_mae: 0.0525, trian_mse:0.0059, trian_r2: -2.1927, trian_cc: 0.6455
Epoch 71, val_loss: 0.0031, val_mae: 0.0529, val_mse: 0.0061, val_r2: -2.7025, val_cc: 0.6412
Epoch 72, trian_loss: 0.0030, trian_mae: 0.0528, trian_mse:0.0060, trian_r2: -1.8819, trian_cc: 0.6443
Epoch 72, val_loss: 0.0030, val_mae: 0.0528, val_mse: 0.0061, val_r2: -2.8410, val_cc: 0.6436
Epoch 73, trian_loss: 0.0030, trian_mae: 0.0528, trian_mse:0.0060, trian_r2: -2.7219, trian_cc: 0.6431
Epoch 73, val_loss: 0.0030, val_mae: 0.0521, val_mse: 0.0059, val_r2: -2.7149, val_cc: 0.6487
Epoch 74, trian_loss: 0.0029, trian_mae: 0.0522, trian_mse:0.0059, trian_r2: -1.8324, trian_cc: 0.6485
Epoch 74, val_loss: 0.0029, val_mae: 0.0516, val_mse: 0.0058, val_r2: -2.2085, val_cc: 0.6513
Epoch 75, trian_loss: 0.0029, trian_mae: 0.0523, trian_mse:0.0059, trian_r2: -1.5481, trian_cc: 0.6489
Epoch 75, val_loss: 0.0030, val_mae: 0.0523, val_mse: 0.0059, val_r2: -2.1936, val_cc: 0.6432
Epoch 76, trian_loss: 0.0029, trian_mae: 0.0519, trian_mse:0.0058, trian_r2: -1.5490, trian_cc: 0.6508
Epoch 76, val_loss: 0.0030, val_mae: 0.0531, val_mse: 0.0059, val_r2: -2.2803, val_cc: 0.6482
Epoch 77, trian_loss: 0.0029, trian_mae: 0.0520, trian_mse:0.0058, trian_r2: -1.5378, trian_cc: 0.6504
Epoch 77, val_loss: 0.0030, val_mae: 0.0527, val_mse: 0.0060, val_r2: -2.4415, val_cc: 0.6423
Epoch 78, trian_loss: 0.0029, trian_mae: 0.0519, trian_mse:0.0058, trian_r2: -1.4150, trian_cc: 0.6513
Epoch 78, val_loss: 0.0029, val_mae: 0.0527, val_mse: 0.0059, val_r2: -2.5530, val_cc: 0.6448
Epoch 79, trian_loss: 0.0030, trian_mae: 0.0525, trian_mse:0.0059, trian_r2: -1.9352, trian_cc: 0.6443
Epoch 79, val_loss: 0.0029, val_mae: 0.0535, val_mse: 0.0059, val_r2: -2.4574, val_cc: 0.6402
Epoch 80, trian_loss: 0.0029, trian_mae: 0.0524, trian_mse:0.0059, trian_r2: -1.9091, trian_cc: 0.6448
Epoch 80, val_loss: 0.0032, val_mae: 0.0582, val_mse: 0.0064, val_r2: -10.0331, val_cc: 0.6177
Epoch 81, trian_loss: 0.0029, trian_mae: 0.0513, trian_mse:0.0057, trian_r2: -1.2331, trian_cc: 0.6547
Epoch 81, val_loss: 0.0028, val_mae: 0.0512, val_mse: 0.0057, val_r2: -1.9823, val_cc: 0.6562
Epoch 82, trian_loss: 0.0028, trian_mae: 0.0510, trian_mse:0.0056, trian_r2: -1.3591, trian_cc: 0.6564
Epoch 82, val_loss: 0.0029, val_mae: 0.0518, val_mse: 0.0058, val_r2: -1.9232, val_cc: 0.6477
Epoch 83, trian_loss: 0.0028, trian_mae: 0.0512, trian_mse:0.0057, trian_r2: -1.3087, trian_cc: 0.6554
Epoch 83, val_loss: 0.0028, val_mae: 0.0511, val_mse: 0.0057, val_r2: -1.8411, val_cc: 0.6533
Epoch 84, trian_loss: 0.0028, trian_mae: 0.0511, trian_mse:0.0056, trian_r2: -1.2123, trian_cc: 0.6561
Epoch 84, val_loss: 0.0029, val_mae: 0.0529, val_mse: 0.0059, val_r2: -2.0271, val_cc: 0.6417
Epoch 85, trian_loss: 0.0028, trian_mae: 0.0511, trian_mse:0.0056, trian_r2: -1.3563, trian_cc: 0.6545
Epoch 85, val_loss: 0.0029, val_mae: 0.0517, val_mse: 0.0058, val_r2: -1.6867, val_cc: 0.6505
Epoch 86, trian_loss: 0.0028, trian_mae: 0.0512, trian_mse:0.0056, trian_r2: -1.3216, trian_cc: 0.6550
Epoch 86, val_loss: 0.0029, val_mae: 0.0505, val_mse: 0.0057, val_r2: -1.9761, val_cc: 0.6580
Epoch 87, trian_loss: 0.0028, trian_mae: 0.0509, trian_mse:0.0056, trian_r2: -1.2868, trian_cc: 0.6586
Epoch 87, val_loss: 0.0029, val_mae: 0.0511, val_mse: 0.0058, val_r2: -2.0839, val_cc: 0.6551
Epoch 88, trian_loss: 0.0028, trian_mae: 0.0508, trian_mse:0.0055, trian_r2: -1.2947, trian_cc: 0.6575
Epoch 88, val_loss: 0.0029, val_mae: 0.0522, val_mse: 0.0057, val_r2: -1.1882, val_cc: 0.6490
Epoch 89, trian_loss: 0.0028, trian_mae: 0.0510, trian_mse:0.0056, trian_r2: -1.2960, trian_cc: 0.6546
Epoch 89, val_loss: 0.0030, val_mae: 0.0529, val_mse: 0.0061, val_r2: -2.9224, val_cc: 0.6394
Epoch 90, trian_loss: 0.0028, trian_mae: 0.0516, trian_mse:0.0057, trian_r2: -1.3839, trian_cc: 0.6528
Epoch 90, val_loss: 0.0030, val_mae: 0.0537, val_mse: 0.0061, val_r2: -2.6237, val_cc: 0.6394
Epoch 91, trian_loss: 0.0028, trian_mae: 0.0508, trian_mse:0.0055, trian_r2: -1.3981, trian_cc: 0.6587
Epoch 91, val_loss: 0.0029, val_mae: 0.0510, val_mse: 0.0058, val_r2: -2.1353, val_cc: 0.6562
Epoch 92, trian_loss: 0.0028, trian_mae: 0.0515, trian_mse:0.0056, trian_r2: -1.9401, trian_cc: 0.6510
Epoch 92, val_loss: 0.0029, val_mae: 0.0526, val_mse: 0.0059, val_r2: -2.3610, val_cc: 0.6468
Epoch 93, trian_loss: 0.0028, trian_mae: 0.0509, trian_mse:0.0055, trian_r2: -1.3343, trian_cc: 0.6571
Epoch 93, val_loss: 0.0028, val_mae: 0.0505, val_mse: 0.0056, val_r2: -1.2691, val_cc: 0.6602
Epoch 94, trian_loss: 0.0027, trian_mae: 0.0506, trian_mse:0.0055, trian_r2: -1.2456, trian_cc: 0.6599
Epoch 94, val_loss: 0.0028, val_mae: 0.0503, val_mse: 0.0056, val_r2: -1.3963, val_cc: 0.6614
Epoch 95, trian_loss: 0.0027, trian_mae: 0.0504, trian_mse:0.0055, trian_r2: -1.5982, trian_cc: 0.6608
Epoch 95, val_loss: 0.0028, val_mae: 0.0508, val_mse: 0.0056, val_r2: -1.9263, val_cc: 0.6607
Epoch 96, trian_loss: 0.0029, trian_mae: 0.0526, trian_mse:0.0059, trian_r2: -3.3088, trian_cc: 0.6395
Epoch 96, val_loss: 0.0029, val_mae: 0.0513, val_mse: 0.0058, val_r2: -1.7073, val_cc: 0.6534
Epoch 97, trian_loss: 0.0027, trian_mae: 0.0502, trian_mse:0.0054, trian_r2: -1.3014, trian_cc: 0.6627
Epoch 97, val_loss: 0.0027, val_mae: 0.0501, val_mse: 0.0055, val_r2: -1.2573, val_cc: 0.6621
Epoch 98, trian_loss: 0.0027, trian_mae: 0.0502, trian_mse:0.0054, trian_r2: -1.2440, trian_cc: 0.6628
Epoch 98, val_loss: 0.0028, val_mae: 0.0500, val_mse: 0.0055, val_r2: -1.2357, val_cc: 0.6623
Epoch 99, trian_loss: 0.0027, trian_mae: 0.0502, trian_mse:0.0054, trian_r2: -1.2909, trian_cc: 0.6628
Epoch 99, val_loss: 0.0028, val_mae: 0.0504, val_mse: 0.0056, val_r2: -1.5241, val_cc: 0.6602
