Trian Data: 532   Validation Data: 177  Test Data: 178
[1, 1, 1, 1]
[1, 1, 1, 1]
[1, 1, 1]
[1, 1, 1]
model SENet(
  (conv1): Conv2d(101, 64, kernel_size=(3, 3), stride=(1, 1), padding=(1, 1), bias=False)
  (bn1): BatchNorm2d(64, eps=1e-05, momentum=0.1, affine=True, track_running_stats=True)
  (layer1): Sequential(
    (0): BasicBlock(
      (conv1): Conv2d(64, 64, kernel_size=(3, 3), stride=(1, 1), padding=(1, 1), bias=False)
      (bn1): BatchNorm2d(64, eps=1e-05, momentum=0.1, affine=True, track_running_stats=True)
      (conv2): Conv2d(64, 64, kernel_size=(3, 3), stride=(1, 1), padding=(1, 1), bias=False)
      (bn2): BatchNorm2d(64, eps=1e-05, momentum=0.1, affine=True, track_running_stats=True)
      (shortcut): Sequential()
      (fc1): Conv2d(64, 4, kernel_size=(1, 1), stride=(1, 1))
      (fc2): Conv2d(4, 64, kernel_size=(1, 1), stride=(1, 1))
    )
    (1): BasicBlock(
      (conv1): Conv2d(64, 64, kernel_size=(3, 3), stride=(1, 1), padding=(1, 1), bias=False)
      (bn1): BatchNorm2d(64, eps=1e-05, momentum=0.1, affine=True, track_running_stats=True)
      (conv2): Conv2d(64, 64, kernel_size=(3, 3), stride=(1, 1), padding=(1, 1), bias=False)
      (bn2): BatchNorm2d(64, eps=1e-05, momentum=0.1, affine=True, track_running_stats=True)
      (shortcut): Sequential()
      (fc1): Conv2d(64, 4, kernel_size=(1, 1), stride=(1, 1))
      (fc2): Conv2d(4, 64, kernel_size=(1, 1), stride=(1, 1))
    )
    (2): BasicBlock(
      (conv1): Conv2d(64, 64, kernel_size=(3, 3), stride=(1, 1), padding=(1, 1), bias=False)
      (bn1): BatchNorm2d(64, eps=1e-05, momentum=0.1, affine=True, track_running_stats=True)
      (conv2): Conv2d(64, 64, kernel_size=(3, 3), stride=(1, 1), padding=(1, 1), bias=False)
      (bn2): BatchNorm2d(64, eps=1e-05, momentum=0.1, affine=True, track_running_stats=True)
      (shortcut): Sequential()
      (fc1): Conv2d(64, 4, kernel_size=(1, 1), stride=(1, 1))
      (fc2): Conv2d(4, 64, kernel_size=(1, 1), stride=(1, 1))
    )
    (3): BasicBlock(
      (conv1): Conv2d(64, 64, kernel_size=(3, 3), stride=(1, 1), padding=(1, 1), bias=False)
      (bn1): BatchNorm2d(64, eps=1e-05, momentum=0.1, affine=True, track_running_stats=True)
      (conv2): Conv2d(64, 64, kernel_size=(3, 3), stride=(1, 1), padding=(1, 1), bias=False)
      (bn2): BatchNorm2d(64, eps=1e-05, momentum=0.1, affine=True, track_running_stats=True)
      (shortcut): Sequential()
      (fc1): Conv2d(64, 4, kernel_size=(1, 1), stride=(1, 1))
      (fc2): Conv2d(4, 64, kernel_size=(1, 1), stride=(1, 1))
    )
  )
  (layer2): Sequential(
    (0): BasicBlock(
      (conv1): Conv2d(64, 64, kernel_size=(3, 3), stride=(1, 1), padding=(1, 1), bias=False)
      (bn1): BatchNorm2d(64, eps=1e-05, momentum=0.1, affine=True, track_running_stats=True)
      (conv2): Conv2d(64, 64, kernel_size=(3, 3), stride=(1, 1), padding=(1, 1), bias=False)
      (bn2): BatchNorm2d(64, eps=1e-05, momentum=0.1, affine=True, track_running_stats=True)
      (shortcut): Sequential()
      (fc1): Conv2d(64, 4, kernel_size=(1, 1), stride=(1, 1))
      (fc2): Conv2d(4, 64, kernel_size=(1, 1), stride=(1, 1))
    )
    (1): BasicBlock(
      (conv1): Conv2d(64, 64, kernel_size=(3, 3), stride=(1, 1), padding=(1, 1), bias=False)
      (bn1): BatchNorm2d(64, eps=1e-05, momentum=0.1, affine=True, track_running_stats=True)
      (conv2): Conv2d(64, 64, kernel_size=(3, 3), stride=(1, 1), padding=(1, 1), bias=False)
      (bn2): BatchNorm2d(64, eps=1e-05, momentum=0.1, affine=True, track_running_stats=True)
      (shortcut): Sequential()
      (fc1): Conv2d(64, 4, kernel_size=(1, 1), stride=(1, 1))
      (fc2): Conv2d(4, 64, kernel_size=(1, 1), stride=(1, 1))
    )
    (2): BasicBlock(
      (conv1): Conv2d(64, 64, kernel_size=(3, 3), stride=(1, 1), padding=(1, 1), bias=False)
      (bn1): BatchNorm2d(64, eps=1e-05, momentum=0.1, affine=True, track_running_stats=True)
      (conv2): Conv2d(64, 64, kernel_size=(3, 3), stride=(1, 1), padding=(1, 1), bias=False)
      (bn2): BatchNorm2d(64, eps=1e-05, momentum=0.1, affine=True, track_running_stats=True)
      (shortcut): Sequential()
      (fc1): Conv2d(64, 4, kernel_size=(1, 1), stride=(1, 1))
      (fc2): Conv2d(4, 64, kernel_size=(1, 1), stride=(1, 1))
    )
    (3): BasicBlock(
      (conv1): Conv2d(64, 64, kernel_size=(3, 3), stride=(1, 1), padding=(1, 1), bias=False)
      (bn1): BatchNorm2d(64, eps=1e-05, momentum=0.1, affine=True, track_running_stats=True)
      (conv2): Conv2d(64, 64, kernel_size=(3, 3), stride=(1, 1), padding=(1, 1), bias=False)
      (bn2): BatchNorm2d(64, eps=1e-05, momentum=0.1, affine=True, track_running_stats=True)
      (shortcut): Sequential()
      (fc1): Conv2d(64, 4, kernel_size=(1, 1), stride=(1, 1))
      (fc2): Conv2d(4, 64, kernel_size=(1, 1), stride=(1, 1))
    )
  )
  (layer3): Sequential(
    (0): BasicBlock(
      (conv1): Conv2d(64, 64, kernel_size=(3, 3), stride=(1, 1), padding=(1, 1), bias=False)
      (bn1): BatchNorm2d(64, eps=1e-05, momentum=0.1, affine=True, track_running_stats=True)
      (conv2): Conv2d(64, 64, kernel_size=(3, 3), stride=(1, 1), padding=(1, 1), bias=False)
      (bn2): BatchNorm2d(64, eps=1e-05, momentum=0.1, affine=True, track_running_stats=True)
      (shortcut): Sequential()
      (fc1): Conv2d(64, 4, kernel_size=(1, 1), stride=(1, 1))
      (fc2): Conv2d(4, 64, kernel_size=(1, 1), stride=(1, 1))
    )
    (1): BasicBlock(
      (conv1): Conv2d(64, 64, kernel_size=(3, 3), stride=(1, 1), padding=(1, 1), bias=False)
      (bn1): BatchNorm2d(64, eps=1e-05, momentum=0.1, affine=True, track_running_stats=True)
      (conv2): Conv2d(64, 64, kernel_size=(3, 3), stride=(1, 1), padding=(1, 1), bias=False)
      (bn2): BatchNorm2d(64, eps=1e-05, momentum=0.1, affine=True, track_running_stats=True)
      (shortcut): Sequential()
      (fc1): Conv2d(64, 4, kernel_size=(1, 1), stride=(1, 1))
      (fc2): Conv2d(4, 64, kernel_size=(1, 1), stride=(1, 1))
    )
    (2): BasicBlock(
      (conv1): Conv2d(64, 64, kernel_size=(3, 3), stride=(1, 1), padding=(1, 1), bias=False)
      (bn1): BatchNorm2d(64, eps=1e-05, momentum=0.1, affine=True, track_running_stats=True)
      (conv2): Conv2d(64, 64, kernel_size=(3, 3), stride=(1, 1), padding=(1, 1), bias=False)
      (bn2): BatchNorm2d(64, eps=1e-05, momentum=0.1, affine=True, track_running_stats=True)
      (shortcut): Sequential()
      (fc1): Conv2d(64, 4, kernel_size=(1, 1), stride=(1, 1))
      (fc2): Conv2d(4, 64, kernel_size=(1, 1), stride=(1, 1))
    )
  )
  (layer4): Sequential(
    (0): BasicBlock(
      (conv1): Conv2d(64, 64, kernel_size=(3, 3), stride=(1, 1), padding=(1, 1), bias=False)
      (bn1): BatchNorm2d(64, eps=1e-05, momentum=0.1, affine=True, track_running_stats=True)
      (conv2): Conv2d(64, 64, kernel_size=(3, 3), stride=(1, 1), padding=(1, 1), bias=False)
      (bn2): BatchNorm2d(64, eps=1e-05, momentum=0.1, affine=True, track_running_stats=True)
      (shortcut): Sequential()
      (fc1): Conv2d(64, 4, kernel_size=(1, 1), stride=(1, 1))
      (fc2): Conv2d(4, 64, kernel_size=(1, 1), stride=(1, 1))
    )
    (1): BasicBlock(
      (conv1): Conv2d(64, 64, kernel_size=(3, 3), stride=(1, 1), padding=(1, 1), bias=False)
      (bn1): BatchNorm2d(64, eps=1e-05, momentum=0.1, affine=True, track_running_stats=True)
      (conv2): Conv2d(64, 64, kernel_size=(3, 3), stride=(1, 1), padding=(1, 1), bias=False)
      (bn2): BatchNorm2d(64, eps=1e-05, momentum=0.1, affine=True, track_running_stats=True)
      (shortcut): Sequential()
      (fc1): Conv2d(64, 4, kernel_size=(1, 1), stride=(1, 1))
      (fc2): Conv2d(4, 64, kernel_size=(1, 1), stride=(1, 1))
    )
    (2): BasicBlock(
      (conv1): Conv2d(64, 64, kernel_size=(3, 3), stride=(1, 1), padding=(1, 1), bias=False)
      (bn1): BatchNorm2d(64, eps=1e-05, momentum=0.1, affine=True, track_running_stats=True)
      (conv2): Conv2d(64, 64, kernel_size=(3, 3), stride=(1, 1), padding=(1, 1), bias=False)
      (bn2): BatchNorm2d(64, eps=1e-05, momentum=0.1, affine=True, track_running_stats=True)
      (shortcut): Sequential()
      (fc1): Conv2d(64, 4, kernel_size=(1, 1), stride=(1, 1))
      (fc2): Conv2d(4, 64, kernel_size=(1, 1), stride=(1, 1))
    )
  )
  (cnn): CNNnet(
    (conv1): Sequential(
      (0): Conv2d(64, 32, kernel_size=(3, 3), stride=(1, 1), padding=(1, 1))
      (1): BatchNorm2d(32, eps=1e-05, momentum=0.1, affine=True, track_running_stats=True)
      (2): ReLU()
    )
    (conv2): Sequential(
      (0): Conv2d(32, 16, kernel_size=(3, 3), stride=(1, 1), padding=(1, 1))
      (1): BatchNorm2d(16, eps=1e-05, momentum=0.1, affine=True, track_running_stats=True)
      (2): ReLU()
    )
    (conv3): Sequential(
      (0): Conv2d(16, 1, kernel_size=(3, 3), stride=(1, 1), padding=(1, 1))
      (1): BatchNorm2d(1, eps=1e-05, momentum=0.1, affine=True, track_running_stats=True)
      (2): ReLU()
    )
  )
)
Epoch  0, trian_loss: 0.0078, trian_mae: 0.0880, trian_mse:0.0158, trian_r2: -10.6826, trian_cc: 0.0645
Epoch  0, val_loss: 0.0052, val_mae: 0.0791, val_mse: 0.0104, val_r2: -14.0277, val_cc: 0.1764
Epoch  1, trian_loss: 0.0052, trian_mae: 0.0763, trian_mse:0.0104, trian_r2: -2260.6627, trian_cc: -0.0036
Epoch  1, val_loss: 0.0049, val_mae: 0.0747, val_mse: 0.0098, val_r2: -3068.9452, val_cc: -0.0457
Epoch  2, trian_loss: 0.0050, trian_mae: 0.0748, trian_mse:0.0100, trian_r2: -4777.2962, trian_cc: -0.0020
Epoch  2, val_loss: 0.0049, val_mae: 0.0741, val_mse: 0.0098, val_r2: -6548.2237, val_cc: -0.0517
Epoch  3, trian_loss: 0.0050, trian_mae: 0.0744, trian_mse:0.0099, trian_r2: -3747.0822, trian_cc: 0.0866
Epoch  3, val_loss: 0.0049, val_mae: 0.0740, val_mse: 0.0098, val_r2: -909.8796, val_cc: 0.1354
Epoch  4, trian_loss: 0.0050, trian_mae: 0.0744, trian_mse:0.0099, trian_r2: -1703.4339, trian_cc: 0.1089
Epoch  4, val_loss: 0.0049, val_mae: 0.0741, val_mse: 0.0098, val_r2: -904.2239, val_cc: 0.1281
Epoch  5, trian_loss: 0.0049, trian_mae: 0.0740, trian_mse:0.0099, trian_r2: -883.6586, trian_cc: 0.1399
Epoch  5, val_loss: 0.0047, val_mae: 0.0724, val_mse: 0.0094, val_r2: -255.2801, val_cc: 0.1510
Epoch  6, trian_loss: 0.0049, trian_mae: 0.0740, trian_mse:0.0099, trian_r2: -2006.5509, trian_cc: 0.1173
Epoch  6, val_loss: 0.0049, val_mae: 0.0741, val_mse: 0.0098, val_r2: -1657.6931, val_cc: 0.1182
Epoch  7, trian_loss: 0.0050, trian_mae: 0.0742, trian_mse:0.0099, trian_r2: -1503.2692, trian_cc: 0.1288
Epoch  7, val_loss: 0.0049, val_mae: 0.0741, val_mse: 0.0098, val_r2: -622.9646, val_cc: 0.1257
Epoch  8, trian_loss: 0.0049, trian_mae: 0.0741, trian_mse:0.0099, trian_r2: -1192.1111, trian_cc: 0.1229
Epoch  8, val_loss: 0.0048, val_mae: 0.0741, val_mse: 0.0096, val_r2: -378.7643, val_cc: 0.1332
Epoch  9, trian_loss: 0.0049, trian_mae: 0.0739, trian_mse:0.0098, trian_r2: -1127.1452, trian_cc: 0.1202
Epoch  9, val_loss: 0.0049, val_mae: 0.0741, val_mse: 0.0097, val_r2: -518.2021, val_cc: 0.1315
Epoch 10, trian_loss: 0.0049, trian_mae: 0.0741, trian_mse:0.0099, trian_r2: -770.5165, trian_cc: 0.1203
Epoch 10, val_loss: 0.0049, val_mae: 0.0743, val_mse: 0.0097, val_r2: -427.8572, val_cc: 0.1289
Epoch 11, trian_loss: 0.0049, trian_mae: 0.0743, trian_mse:0.0099, trian_r2: -3884.4388, trian_cc: 0.1081
Epoch 11, val_loss: 0.0049, val_mae: 0.0741, val_mse: 0.0098, val_r2: -507.7665, val_cc: 0.1104
Epoch 12, trian_loss: 0.0048, trian_mae: 0.0732, trian_mse:0.0097, trian_r2: -567.9513, trian_cc: 0.1257
Epoch 12, val_loss: 0.0045, val_mae: 0.0700, val_mse: 0.0090, val_r2: -134.5981, val_cc: 0.2046
Epoch 13, trian_loss: 0.0049, trian_mae: 0.0736, trian_mse:0.0097, trian_r2: -1155.2499, trian_cc: 0.1312
Epoch 13, val_loss: 0.0048, val_mae: 0.0739, val_mse: 0.0097, val_r2: -251.7237, val_cc: 0.1365
Epoch 14, trian_loss: 0.0047, trian_mae: 0.0724, trian_mse:0.0095, trian_r2: -189.7997, trian_cc: 0.1594
Epoch 14, val_loss: 0.0046, val_mae: 0.0695, val_mse: 0.0092, val_r2: -73.0973, val_cc: 0.2025
Epoch 15, trian_loss: 0.0046, trian_mae: 0.0714, trian_mse:0.0092, trian_r2: -191.1292, trian_cc: 0.1865
Epoch 15, val_loss: 0.0046, val_mae: 0.0696, val_mse: 0.0092, val_r2: -86.5093, val_cc: 0.2107
Epoch 16, trian_loss: 0.0045, trian_mae: 0.0701, trian_mse:0.0090, trian_r2: -134.0868, trian_cc: 0.2216
Epoch 16, val_loss: 0.0044, val_mae: 0.0693, val_mse: 0.0087, val_r2: -76.0146, val_cc: 0.2355
Epoch 17, trian_loss: 0.0044, trian_mae: 0.0693, trian_mse:0.0088, trian_r2: -88.3143, trian_cc: 0.2462
Epoch 17, val_loss: 0.0044, val_mae: 0.0683, val_mse: 0.0087, val_r2: -80.5333, val_cc: 0.2504
Epoch 18, trian_loss: 0.0044, trian_mae: 0.0690, trian_mse:0.0087, trian_r2: -79.5271, trian_cc: 0.2625
Epoch 18, val_loss: 0.0043, val_mae: 0.0680, val_mse: 0.0087, val_r2: -38.7004, val_cc: 0.2679
Epoch 19, trian_loss: 0.0043, trian_mae: 0.0679, trian_mse:0.0085, trian_r2: -52.0992, trian_cc: 0.2816
Epoch 19, val_loss: 0.0043, val_mae: 0.0674, val_mse: 0.0087, val_r2: -31.6089, val_cc: 0.2966
Epoch 20, trian_loss: 0.0042, trian_mae: 0.0674, trian_mse:0.0084, trian_r2: -48.9456, trian_cc: 0.3011
Epoch 20, val_loss: 0.0043, val_mae: 0.0674, val_mse: 0.0086, val_r2: -38.8001, val_cc: 0.2912
Epoch 21, trian_loss: 0.0042, trian_mae: 0.0677, trian_mse:0.0085, trian_r2: -52.8577, trian_cc: 0.3002
Epoch 21, val_loss: 0.0043, val_mae: 0.0665, val_mse: 0.0085, val_r2: -39.9961, val_cc: 0.3139
Epoch 22, trian_loss: 0.0042, trian_mae: 0.0668, trian_mse:0.0083, trian_r2: -45.4847, trian_cc: 0.3152
Epoch 22, val_loss: 0.0042, val_mae: 0.0664, val_mse: 0.0084, val_r2: -23.8880, val_cc: 0.3220
Epoch 23, trian_loss: 0.0041, trian_mae: 0.0665, trian_mse:0.0083, trian_r2: -34.4392, trian_cc: 0.3217
Epoch 23, val_loss: 0.0043, val_mae: 0.0662, val_mse: 0.0085, val_r2: -30.5749, val_cc: 0.3287
Epoch 24, trian_loss: 0.0042, trian_mae: 0.0666, trian_mse:0.0083, trian_r2: -36.6098, trian_cc: 0.3216
Epoch 24, val_loss: 0.0042, val_mae: 0.0662, val_mse: 0.0084, val_r2: -26.7779, val_cc: 0.3359
Epoch 25, trian_loss: 0.0041, trian_mae: 0.0663, trian_mse:0.0083, trian_r2: -31.4216, trian_cc: 0.3292
Epoch 25, val_loss: 0.0042, val_mae: 0.0664, val_mse: 0.0085, val_r2: -31.3411, val_cc: 0.3228
Epoch 26, trian_loss: 0.0041, trian_mae: 0.0660, trian_mse:0.0082, trian_r2: -32.3083, trian_cc: 0.3350
Epoch 26, val_loss: 0.0041, val_mae: 0.0655, val_mse: 0.0083, val_r2: -32.8349, val_cc: 0.3498
Epoch 27, trian_loss: 0.0041, trian_mae: 0.0659, trian_mse:0.0082, trian_r2: -31.8896, trian_cc: 0.3378
Epoch 27, val_loss: 0.0042, val_mae: 0.0653, val_mse: 0.0085, val_r2: -27.8446, val_cc: 0.3508
Epoch 28, trian_loss: 0.0041, trian_mae: 0.0654, trian_mse:0.0081, trian_r2: -32.3111, trian_cc: 0.3440
Epoch 28, val_loss: 0.0041, val_mae: 0.0649, val_mse: 0.0082, val_r2: -28.8043, val_cc: 0.3428
Epoch 29, trian_loss: 0.0040, trian_mae: 0.0650, trian_mse:0.0080, trian_r2: -30.4891, trian_cc: 0.3661
Epoch 29, val_loss: 0.0041, val_mae: 0.0644, val_mse: 0.0082, val_r2: -31.8141, val_cc: 0.3756
Epoch 30, trian_loss: 0.0040, trian_mae: 0.0647, trian_mse:0.0080, trian_r2: -31.6118, trian_cc: 0.3721
Epoch 30, val_loss: 0.0039, val_mae: 0.0619, val_mse: 0.0079, val_r2: -20.9949, val_cc: 0.4682
Epoch 31, trian_loss: 0.0038, trian_mae: 0.0630, trian_mse:0.0077, trian_r2: -15.9325, trian_cc: 0.4736
Epoch 31, val_loss: 0.0037, val_mae: 0.0626, val_mse: 0.0075, val_r2: -13.6276, val_cc: 0.5116
Epoch 32, trian_loss: 0.0036, trian_mae: 0.0605, trian_mse:0.0072, trian_r2: -5.7495, trian_cc: 0.5511
Epoch 32, val_loss: 0.0035, val_mae: 0.0580, val_mse: 0.0070, val_r2: -2.8642, val_cc: 0.5733
Epoch 33, trian_loss: 0.0035, trian_mae: 0.0590, trian_mse:0.0069, trian_r2: -4.3263, trian_cc: 0.5752
Epoch 33, val_loss: 0.0034, val_mae: 0.0577, val_mse: 0.0069, val_r2: -6.5660, val_cc: 0.5532
Epoch 34, trian_loss: 0.0034, trian_mae: 0.0584, trian_mse:0.0068, trian_r2: -3.5913, trian_cc: 0.5849
Epoch 34, val_loss: 0.0033, val_mae: 0.0562, val_mse: 0.0066, val_r2: -3.2386, val_cc: 0.5979
Epoch 35, trian_loss: 0.0033, trian_mae: 0.0577, trian_mse:0.0067, trian_r2: -2.8629, trian_cc: 0.5952
Epoch 35, val_loss: 0.0032, val_mae: 0.0558, val_mse: 0.0065, val_r2: -2.8317, val_cc: 0.6041
Epoch 36, trian_loss: 0.0032, trian_mae: 0.0560, trian_mse:0.0064, trian_r2: -2.4182, trian_cc: 0.6111
Epoch 36, val_loss: 0.0034, val_mae: 0.0569, val_mse: 0.0069, val_r2: -7.0877, val_cc: 0.6015
Epoch 37, trian_loss: 0.0032, trian_mae: 0.0562, trian_mse:0.0064, trian_r2: -2.7345, trian_cc: 0.6109
Epoch 37, val_loss: 0.0033, val_mae: 0.0568, val_mse: 0.0067, val_r2: -4.7479, val_cc: 0.6180
Epoch 38, trian_loss: 0.0032, trian_mae: 0.0557, trian_mse:0.0064, trian_r2: -2.9238, trian_cc: 0.6132
Epoch 38, val_loss: 0.0031, val_mae: 0.0538, val_mse: 0.0063, val_r2: -2.3423, val_cc: 0.6329
Epoch 39, trian_loss: 0.0031, trian_mae: 0.0548, trian_mse:0.0062, trian_r2: -2.6344, trian_cc: 0.6249
Epoch 39, val_loss: 0.0033, val_mae: 0.0553, val_mse: 0.0066, val_r2: -4.0465, val_cc: 0.6336
Epoch 40, trian_loss: 0.0030, trian_mae: 0.0543, trian_mse:0.0061, trian_r2: -1.8979, trian_cc: 0.6317
Epoch 40, val_loss: 0.0031, val_mae: 0.0531, val_mse: 0.0062, val_r2: -3.0162, val_cc: 0.6413
Epoch 41, trian_loss: 0.0030, trian_mae: 0.0536, trian_mse:0.0059, trian_r2: -1.5395, trian_cc: 0.6379
Epoch 41, val_loss: 0.0031, val_mae: 0.0540, val_mse: 0.0063, val_r2: -3.2145, val_cc: 0.6403
Epoch 42, trian_loss: 0.0030, trian_mae: 0.0537, trian_mse:0.0059, trian_r2: -1.6023, trian_cc: 0.6358
Epoch 42, val_loss: 0.0031, val_mae: 0.0533, val_mse: 0.0061, val_r2: -3.4047, val_cc: 0.6456
Epoch 43, trian_loss: 0.0029, trian_mae: 0.0530, trian_mse:0.0058, trian_r2: -1.5531, trian_cc: 0.6442
Epoch 43, val_loss: 0.0031, val_mae: 0.0529, val_mse: 0.0061, val_r2: -2.1610, val_cc: 0.6492
Epoch 44, trian_loss: 0.0028, trian_mae: 0.0518, trian_mse:0.0056, trian_r2: -1.1473, trian_cc: 0.6512
Epoch 44, val_loss: 0.0030, val_mae: 0.0518, val_mse: 0.0060, val_r2: -2.5549, val_cc: 0.6596
Epoch 45, trian_loss: 0.0029, trian_mae: 0.0523, trian_mse:0.0057, trian_r2: -1.3102, trian_cc: 0.6509
Epoch 45, val_loss: 0.0030, val_mae: 0.0521, val_mse: 0.0061, val_r2: -2.4903, val_cc: 0.6563
Epoch 46, trian_loss: 0.0028, trian_mae: 0.0512, trian_mse:0.0055, trian_r2: -1.0408, trian_cc: 0.6582
Epoch 46, val_loss: 0.0030, val_mae: 0.0533, val_mse: 0.0060, val_r2: -2.9616, val_cc: 0.6601
Epoch 47, trian_loss: 0.0028, trian_mae: 0.0515, trian_mse:0.0056, trian_r2: -1.0879, trian_cc: 0.6598
Epoch 47, val_loss: 0.0030, val_mae: 0.0519, val_mse: 0.0060, val_r2: -2.6921, val_cc: 0.6644
Epoch 48, trian_loss: 0.0027, trian_mae: 0.0501, trian_mse:0.0053, trian_r2: -0.9272, trian_cc: 0.6691
Epoch 48, val_loss: 0.0030, val_mae: 0.0514, val_mse: 0.0060, val_r2: -2.1684, val_cc: 0.6664
Epoch 49, trian_loss: 0.0027, trian_mae: 0.0499, trian_mse:0.0053, trian_r2: -0.9256, trian_cc: 0.6735
Epoch 49, val_loss: 0.0030, val_mae: 0.0513, val_mse: 0.0059, val_r2: -2.1404, val_cc: 0.6709
Epoch 50, trian_loss: 0.0027, trian_mae: 0.0502, trian_mse:0.0053, trian_r2: -1.1845, trian_cc: 0.6705
Epoch 50, val_loss: 0.0035, val_mae: 0.0598, val_mse: 0.0069, val_r2: -17.1591, val_cc: 0.5559
Epoch 51, trian_loss: 0.0027, trian_mae: 0.0501, trian_mse:0.0054, trian_r2: -1.1188, trian_cc: 0.6709
Epoch 51, val_loss: 0.0029, val_mae: 0.0507, val_mse: 0.0059, val_r2: -3.1693, val_cc: 0.6801
Epoch 52, trian_loss: 0.0027, trian_mae: 0.0498, trian_mse:0.0053, trian_r2: -0.9410, trian_cc: 0.6773
Epoch 52, val_loss: 0.0030, val_mae: 0.0522, val_mse: 0.0061, val_r2: -2.6673, val_cc: 0.6735
Epoch 53, trian_loss: 0.0026, trian_mae: 0.0488, trian_mse:0.0051, trian_r2: -0.7825, trian_cc: 0.6841
Epoch 53, val_loss: 0.0029, val_mae: 0.0506, val_mse: 0.0059, val_r2: -2.6097, val_cc: 0.6835
Epoch 54, trian_loss: 0.0026, trian_mae: 0.0488, trian_mse:0.0051, trian_r2: -0.7601, trian_cc: 0.6854
Epoch 54, val_loss: 0.0030, val_mae: 0.0526, val_mse: 0.0061, val_r2: -3.6061, val_cc: 0.6745
Epoch 55, trian_loss: 0.0026, trian_mae: 0.0493, trian_mse:0.0052, trian_r2: -0.8377, trian_cc: 0.6861
Epoch 55, val_loss: 0.0030, val_mae: 0.0535, val_mse: 0.0061, val_r2: -3.1460, val_cc: 0.6666
Epoch 56, trian_loss: 0.0025, trian_mae: 0.0484, trian_mse:0.0051, trian_r2: -0.7716, trian_cc: 0.6910
Epoch 56, val_loss: 0.0029, val_mae: 0.0513, val_mse: 0.0059, val_r2: -2.1968, val_cc: 0.6816
Epoch 57, trian_loss: 0.0025, trian_mae: 0.0480, trian_mse:0.0049, trian_r2: -0.6780, trian_cc: 0.6928
Epoch 57, val_loss: 0.0031, val_mae: 0.0525, val_mse: 0.0061, val_r2: -1.9380, val_cc: 0.6768
Epoch 58, trian_loss: 0.0025, trian_mae: 0.0478, trian_mse:0.0049, trian_r2: -0.7025, trian_cc: 0.6951
Epoch 58, val_loss: 0.0030, val_mae: 0.0512, val_mse: 0.0059, val_r2: -2.0410, val_cc: 0.6891
Epoch 59, trian_loss: 0.0024, trian_mae: 0.0474, trian_mse:0.0049, trian_r2: -0.6255, trian_cc: 0.6962
Epoch 59, val_loss: 0.0029, val_mae: 0.0499, val_mse: 0.0058, val_r2: -1.7899, val_cc: 0.6947
Epoch 60, trian_loss: 0.0024, trian_mae: 0.0474, trian_mse:0.0048, trian_r2: -0.6573, trian_cc: 0.6982
Epoch 60, val_loss: 0.0030, val_mae: 0.0511, val_mse: 0.0059, val_r2: -1.8708, val_cc: 0.6894
Epoch 61, trian_loss: 0.0024, trian_mae: 0.0477, trian_mse:0.0049, trian_r2: -0.6366, trian_cc: 0.6975
Epoch 61, val_loss: 0.0030, val_mae: 0.0506, val_mse: 0.0059, val_r2: -1.7554, val_cc: 0.6909
Epoch 62, trian_loss: 0.0024, trian_mae: 0.0472, trian_mse:0.0047, trian_r2: -0.6192, trian_cc: 0.6980
Epoch 62, val_loss: 0.0030, val_mae: 0.0517, val_mse: 0.0060, val_r2: -2.0793, val_cc: 0.6876
Epoch 63, trian_loss: 0.0024, trian_mae: 0.0472, trian_mse:0.0048, trian_r2: -0.6207, trian_cc: 0.6988
Epoch 63, val_loss: 0.0029, val_mae: 0.0502, val_mse: 0.0058, val_r2: -1.3546, val_cc: 0.6922
Epoch 64, trian_loss: 0.0023, trian_mae: 0.0466, trian_mse:0.0046, trian_r2: -0.5194, trian_cc: 0.7028
Epoch 64, val_loss: 0.0028, val_mae: 0.0497, val_mse: 0.0057, val_r2: -1.3062, val_cc: 0.6948
Epoch 65, trian_loss: 0.0023, trian_mae: 0.0468, trian_mse:0.0046, trian_r2: -0.6162, trian_cc: 0.7037
Epoch 65, val_loss: 0.0030, val_mae: 0.0509, val_mse: 0.0059, val_r2: -1.4598, val_cc: 0.6917
Epoch 66, trian_loss: 0.0023, trian_mae: 0.0464, trian_mse:0.0045, trian_r2: -0.5283, trian_cc: 0.7041
Epoch 66, val_loss: 0.0029, val_mae: 0.0502, val_mse: 0.0058, val_r2: -1.1933, val_cc: 0.6964
Epoch 67, trian_loss: 0.0023, trian_mae: 0.0465, trian_mse:0.0046, trian_r2: -0.5323, trian_cc: 0.7027
Epoch 67, val_loss: 0.0029, val_mae: 0.0506, val_mse: 0.0059, val_r2: -1.6911, val_cc: 0.6961
Epoch 68, trian_loss: 0.0023, trian_mae: 0.0461, trian_mse:0.0045, trian_r2: -0.5239, trian_cc: 0.7070
Epoch 68, val_loss: 0.0029, val_mae: 0.0499, val_mse: 0.0058, val_r2: -1.2291, val_cc: 0.6952
Epoch 69, trian_loss: 0.0022, trian_mae: 0.0458, trian_mse:0.0044, trian_r2: -0.4496, trian_cc: 0.7066
Epoch 69, val_loss: 0.0030, val_mae: 0.0505, val_mse: 0.0060, val_r2: -1.8483, val_cc: 0.6949
Epoch 70, trian_loss: 0.0023, trian_mae: 0.0462, trian_mse:0.0045, trian_r2: -0.5566, trian_cc: 0.7056
Epoch 70, val_loss: 0.0029, val_mae: 0.0509, val_mse: 0.0059, val_r2: -1.2804, val_cc: 0.6959
Epoch 71, trian_loss: 0.0022, trian_mae: 0.0456, trian_mse:0.0044, trian_r2: -0.4335, trian_cc: 0.7080
Epoch 71, val_loss: 0.0031, val_mae: 0.0508, val_mse: 0.0062, val_r2: -1.7812, val_cc: 0.6988
Epoch 72, trian_loss: 0.0023, trian_mae: 0.0465, trian_mse:0.0047, trian_r2: -0.5385, trian_cc: 0.7049
Epoch 72, val_loss: 0.0028, val_mae: 0.0512, val_mse: 0.0057, val_r2: -1.5237, val_cc: 0.6969
Epoch 73, trian_loss: 0.0022, trian_mae: 0.0455, trian_mse:0.0044, trian_r2: -0.4901, trian_cc: 0.7099
Epoch 73, val_loss: 0.0029, val_mae: 0.0502, val_mse: 0.0058, val_r2: -1.2900, val_cc: 0.6979
Epoch 74, trian_loss: 0.0022, trian_mae: 0.0455, trian_mse:0.0043, trian_r2: -0.4733, trian_cc: 0.7105
Epoch 74, val_loss: 0.0029, val_mae: 0.0496, val_mse: 0.0058, val_r2: -1.2125, val_cc: 0.6976
Epoch 75, trian_loss: 0.0022, trian_mae: 0.0455, trian_mse:0.0044, trian_r2: -0.5046, trian_cc: 0.7115
Epoch 75, val_loss: 0.0030, val_mae: 0.0501, val_mse: 0.0059, val_r2: -1.2627, val_cc: 0.6961
Epoch 76, trian_loss: 0.0021, trian_mae: 0.0451, trian_mse:0.0043, trian_r2: -0.4085, trian_cc: 0.7107
Epoch 76, val_loss: 0.0029, val_mae: 0.0501, val_mse: 0.0059, val_r2: -1.2177, val_cc: 0.6988
Epoch 77, trian_loss: 0.0022, trian_mae: 0.0453, trian_mse:0.0043, trian_r2: -0.4663, trian_cc: 0.7117
Epoch 77, val_loss: 0.0031, val_mae: 0.0524, val_mse: 0.0062, val_r2: -2.2626, val_cc: 0.6945
Epoch 78, trian_loss: 0.0021, trian_mae: 0.0450, trian_mse:0.0043, trian_r2: -0.4290, trian_cc: 0.7144
Epoch 78, val_loss: 0.0031, val_mae: 0.0513, val_mse: 0.0062, val_r2: -1.8664, val_cc: 0.6962
Epoch 79, trian_loss: 0.0021, trian_mae: 0.0446, trian_mse:0.0042, trian_r2: -0.3311, trian_cc: 0.7158
Epoch 79, val_loss: 0.0029, val_mae: 0.0505, val_mse: 0.0058, val_r2: -1.6110, val_cc: 0.6973
Epoch 80, trian_loss: 0.0021, trian_mae: 0.0444, trian_mse:0.0042, trian_r2: -0.3668, trian_cc: 0.7170
Epoch 80, val_loss: 0.0030, val_mae: 0.0511, val_mse: 0.0059, val_r2: -3.0770, val_cc: 0.6961
Epoch 81, trian_loss: 0.0021, trian_mae: 0.0450, trian_mse:0.0043, trian_r2: -0.4461, trian_cc: 0.7153
Epoch 81, val_loss: 0.0029, val_mae: 0.0506, val_mse: 0.0058, val_r2: -0.8529, val_cc: 0.7000
Epoch 82, trian_loss: 0.0021, trian_mae: 0.0445, trian_mse:0.0042, trian_r2: -0.4038, trian_cc: 0.7156
Epoch 82, val_loss: 0.0029, val_mae: 0.0496, val_mse: 0.0058, val_r2: -2.1688, val_cc: 0.6995
Epoch 83, trian_loss: 0.0020, trian_mae: 0.0440, trian_mse:0.0041, trian_r2: -0.3495, trian_cc: 0.7200
Epoch 83, val_loss: 0.0029, val_mae: 0.0498, val_mse: 0.0058, val_r2: -1.8560, val_cc: 0.7007
Epoch 84, trian_loss: 0.0020, trian_mae: 0.0438, trian_mse:0.0041, trian_r2: -0.3304, trian_cc: 0.7198
Epoch 84, val_loss: 0.0029, val_mae: 0.0495, val_mse: 0.0059, val_r2: -1.7428, val_cc: 0.6995
Epoch 85, trian_loss: 0.0021, trian_mae: 0.0443, trian_mse:0.0041, trian_r2: -0.3886, trian_cc: 0.7185
Epoch 85, val_loss: 0.0030, val_mae: 0.0508, val_mse: 0.0060, val_r2: -1.5033, val_cc: 0.7002
Epoch 86, trian_loss: 0.0020, trian_mae: 0.0437, trian_mse:0.0040, trian_r2: -0.3628, trian_cc: 0.7208
Epoch 86, val_loss: 0.0030, val_mae: 0.0504, val_mse: 0.0060, val_r2: -2.5475, val_cc: 0.6989
Epoch 87, trian_loss: 0.0020, trian_mae: 0.0437, trian_mse:0.0041, trian_r2: -0.2903, trian_cc: 0.7235
Epoch 87, val_loss: 0.0029, val_mae: 0.0492, val_mse: 0.0058, val_r2: -1.5770, val_cc: 0.6999
Epoch 88, trian_loss: 0.0020, trian_mae: 0.0433, trian_mse:0.0040, trian_r2: -0.2939, trian_cc: 0.7243
Epoch 88, val_loss: 0.0030, val_mae: 0.0493, val_mse: 0.0060, val_r2: -2.2711, val_cc: 0.7005
Epoch 89, trian_loss: 0.0020, trian_mae: 0.0433, trian_mse:0.0040, trian_r2: -0.3153, trian_cc: 0.7238
Epoch 89, val_loss: 0.0029, val_mae: 0.0493, val_mse: 0.0059, val_r2: -1.6719, val_cc: 0.7012
Epoch 90, trian_loss: 0.0019, trian_mae: 0.0430, trian_mse:0.0039, trian_r2: -0.2946, trian_cc: 0.7262
Epoch 90, val_loss: 0.0031, val_mae: 0.0504, val_mse: 0.0061, val_r2: -2.4622, val_cc: 0.6926
Epoch 91, trian_loss: 0.0020, trian_mae: 0.0434, trian_mse:0.0040, trian_r2: -0.2399, trian_cc: 0.7242
Epoch 91, val_loss: 0.0033, val_mae: 0.0526, val_mse: 0.0066, val_r2: -3.7416, val_cc: 0.6766
Epoch 92, trian_loss: 0.0020, trian_mae: 0.0432, trian_mse:0.0040, trian_r2: -0.3220, trian_cc: 0.7273
Epoch 92, val_loss: 0.0030, val_mae: 0.0500, val_mse: 0.0060, val_r2: -1.8227, val_cc: 0.6981
Epoch 93, trian_loss: 0.0019, trian_mae: 0.0427, trian_mse:0.0039, trian_r2: -0.2380, trian_cc: 0.7298
Epoch 93, val_loss: 0.0030, val_mae: 0.0507, val_mse: 0.0060, val_r2: -2.4525, val_cc: 0.6958
Epoch 94, trian_loss: 0.0020, trian_mae: 0.0431, trian_mse:0.0040, trian_r2: -0.2790, trian_cc: 0.7286
Epoch 94, val_loss: 0.0030, val_mae: 0.0497, val_mse: 0.0060, val_r2: -2.3317, val_cc: 0.6997
Epoch 95, trian_loss: 0.0019, trian_mae: 0.0421, trian_mse:0.0038, trian_r2: -0.1983, trian_cc: 0.7329
Epoch 95, val_loss: 0.0031, val_mae: 0.0502, val_mse: 0.0061, val_r2: -2.7087, val_cc: 0.6958
Epoch 96, trian_loss: 0.0019, trian_mae: 0.0426, trian_mse:0.0038, trian_r2: -0.2009, trian_cc: 0.7309
Epoch 96, val_loss: 0.0030, val_mae: 0.0500, val_mse: 0.0059, val_r2: -2.0339, val_cc: 0.7028
Epoch 97, trian_loss: 0.0019, trian_mae: 0.0423, trian_mse:0.0038, trian_r2: -0.2492, trian_cc: 0.7328
Epoch 97, val_loss: 0.0031, val_mae: 0.0506, val_mse: 0.0061, val_r2: -2.1185, val_cc: 0.6987
Epoch 98, trian_loss: 0.0019, trian_mae: 0.0423, trian_mse:0.0038, trian_r2: -0.1729, trian_cc: 0.7328
Epoch 98, val_loss: 0.0031, val_mae: 0.0505, val_mse: 0.0062, val_r2: -2.2215, val_cc: 0.6954
Epoch 99, trian_loss: 0.0019, trian_mae: 0.0422, trian_mse:0.0038, trian_r2: -0.2025, trian_cc: 0.7341
Epoch 99, val_loss: 0.0032, val_mae: 0.0512, val_mse: 0.0064, val_r2: -2.6781, val_cc: 0.6911
