Trian Data: 515   Validation Data: 172  Test Data: 172
model ResNet_2D(
  (conv1): Sequential(
    (0): Conv2d(61, 64, kernel_size=(3, 3), stride=(1, 1), padding=(1, 1), bias=False)
    (1): BatchNorm2d(64, eps=1e-05, momentum=0.1, affine=True, track_running_stats=True)
  )
  (layer1): Sequential(
    (0): BasicBlock(
      (conv1): Conv2d(64, 64, kernel_size=(3, 3), stride=(1, 1), padding=(1, 1), bias=False)
      (bn1): BatchNorm2d(64, eps=1e-05, momentum=0.1, affine=True, track_running_stats=True)
      (conv2): Conv2d(64, 64, kernel_size=(3, 3), stride=(1, 1), padding=(1, 1), bias=False)
      (bn2): BatchNorm2d(64, eps=1e-05, momentum=0.1, affine=True, track_running_stats=True)
      (shortcut): Sequential()
    )
    (1): BasicBlock(
      (conv1): Conv2d(64, 64, kernel_size=(3, 3), stride=(1, 1), padding=(1, 1), bias=False)
      (bn1): BatchNorm2d(64, eps=1e-05, momentum=0.1, affine=True, track_running_stats=True)
      (conv2): Conv2d(64, 64, kernel_size=(3, 3), stride=(1, 1), padding=(1, 1), bias=False)
      (bn2): BatchNorm2d(64, eps=1e-05, momentum=0.1, affine=True, track_running_stats=True)
      (shortcut): Sequential()
    )
  )
  (layer2): Sequential(
    (0): BasicBlock(
      (conv1): Conv2d(64, 64, kernel_size=(3, 3), stride=(1, 1), padding=(1, 1), bias=False)
      (bn1): BatchNorm2d(64, eps=1e-05, momentum=0.1, affine=True, track_running_stats=True)
      (conv2): Conv2d(64, 64, kernel_size=(3, 3), stride=(1, 1), padding=(1, 1), bias=False)
      (bn2): BatchNorm2d(64, eps=1e-05, momentum=0.1, affine=True, track_running_stats=True)
      (shortcut): Sequential()
    )
    (1): BasicBlock(
      (conv1): Conv2d(64, 64, kernel_size=(3, 3), stride=(1, 1), padding=(1, 1), bias=False)
      (bn1): BatchNorm2d(64, eps=1e-05, momentum=0.1, affine=True, track_running_stats=True)
      (conv2): Conv2d(64, 64, kernel_size=(3, 3), stride=(1, 1), padding=(1, 1), bias=False)
      (bn2): BatchNorm2d(64, eps=1e-05, momentum=0.1, affine=True, track_running_stats=True)
      (shortcut): Sequential()
    )
    (2): BasicBlock(
      (conv1): Conv2d(64, 64, kernel_size=(3, 3), stride=(1, 1), padding=(1, 1), bias=False)
      (bn1): BatchNorm2d(64, eps=1e-05, momentum=0.1, affine=True, track_running_stats=True)
      (conv2): Conv2d(64, 64, kernel_size=(3, 3), stride=(1, 1), padding=(1, 1), bias=False)
      (bn2): BatchNorm2d(64, eps=1e-05, momentum=0.1, affine=True, track_running_stats=True)
      (shortcut): Sequential()
    )
  )
  (layer3): Sequential(
    (0): BasicBlock(
      (conv1): Conv2d(64, 64, kernel_size=(3, 3), stride=(1, 1), padding=(1, 1), bias=False)
      (bn1): BatchNorm2d(64, eps=1e-05, momentum=0.1, affine=True, track_running_stats=True)
      (conv2): Conv2d(64, 64, kernel_size=(3, 3), stride=(1, 1), padding=(1, 1), bias=False)
      (bn2): BatchNorm2d(64, eps=1e-05, momentum=0.1, affine=True, track_running_stats=True)
      (shortcut): Sequential()
    )
    (1): BasicBlock(
      (conv1): Conv2d(64, 64, kernel_size=(3, 3), stride=(1, 1), padding=(1, 1), bias=False)
      (bn1): BatchNorm2d(64, eps=1e-05, momentum=0.1, affine=True, track_running_stats=True)
      (conv2): Conv2d(64, 64, kernel_size=(3, 3), stride=(1, 1), padding=(1, 1), bias=False)
      (bn2): BatchNorm2d(64, eps=1e-05, momentum=0.1, affine=True, track_running_stats=True)
      (shortcut): Sequential()
    )
    (2): BasicBlock(
      (conv1): Conv2d(64, 64, kernel_size=(3, 3), stride=(1, 1), padding=(1, 1), bias=False)
      (bn1): BatchNorm2d(64, eps=1e-05, momentum=0.1, affine=True, track_running_stats=True)
      (conv2): Conv2d(64, 64, kernel_size=(3, 3), stride=(1, 1), padding=(1, 1), bias=False)
      (bn2): BatchNorm2d(64, eps=1e-05, momentum=0.1, affine=True, track_running_stats=True)
      (shortcut): Sequential()
    )
  )
  (layer4): Sequential(
    (0): BasicBlock(
      (conv1): Conv2d(64, 64, kernel_size=(3, 3), stride=(1, 1), padding=(1, 1), bias=False)
      (bn1): BatchNorm2d(64, eps=1e-05, momentum=0.1, affine=True, track_running_stats=True)
      (conv2): Conv2d(64, 64, kernel_size=(3, 3), stride=(1, 1), padding=(1, 1), bias=False)
      (bn2): BatchNorm2d(64, eps=1e-05, momentum=0.1, affine=True, track_running_stats=True)
      (shortcut): Sequential()
    )
    (1): BasicBlock(
      (conv1): Conv2d(64, 64, kernel_size=(3, 3), stride=(1, 1), padding=(1, 1), bias=False)
      (bn1): BatchNorm2d(64, eps=1e-05, momentum=0.1, affine=True, track_running_stats=True)
      (conv2): Conv2d(64, 64, kernel_size=(3, 3), stride=(1, 1), padding=(1, 1), bias=False)
      (bn2): BatchNorm2d(64, eps=1e-05, momentum=0.1, affine=True, track_running_stats=True)
      (shortcut): Sequential()
    )
    (2): BasicBlock(
      (conv1): Conv2d(64, 64, kernel_size=(3, 3), stride=(1, 1), padding=(1, 1), bias=False)
      (bn1): BatchNorm2d(64, eps=1e-05, momentum=0.1, affine=True, track_running_stats=True)
      (conv2): Conv2d(64, 64, kernel_size=(3, 3), stride=(1, 1), padding=(1, 1), bias=False)
      (bn2): BatchNorm2d(64, eps=1e-05, momentum=0.1, affine=True, track_running_stats=True)
      (shortcut): Sequential()
    )
  )
  (conv2): Sequential(
    (0): Conv2d(64, 32, kernel_size=(3, 3), stride=(1, 1), padding=(1, 1))
    (1): BatchNorm2d(32, eps=1e-05, momentum=0.1, affine=True, track_running_stats=True)
  )
  (conv3): Sequential(
    (0): Conv2d(32, 16, kernel_size=(3, 3), stride=(1, 1), padding=(1, 1))
    (1): BatchNorm2d(16, eps=1e-05, momentum=0.1, affine=True, track_running_stats=True)
  )
  (conv4): Sequential(
    (0): Conv2d(16, 1, kernel_size=(3, 3), stride=(1, 1), padding=(1, 1))
    (1): BatchNorm2d(1, eps=1e-05, momentum=0.1, affine=True, track_running_stats=True)
  )
)
Epoch  0, trian_loss: 0.0118, trian_mae: 0.1124, trian_mse:0.0244, trian_r2: -280.6770, trian_cc: 0.2523
Epoch  0, val_loss: 0.0084, val_mae: 0.1052, val_mse: 0.0168, val_r2: -167.6023, val_cc: 0.1945
Epoch  1, trian_loss: 0.0148, trian_mae: 0.1459, trian_mse:0.0297, trian_r2: -inf, trian_cc: nan
Epoch  1, val_loss: 0.0164, val_mae: 0.1525, val_mse: 0.0329, val_r2: -58.3041, val_cc: 0.0000
Epoch  2, trian_loss: 0.0149, trian_mae: 0.1461, trian_mse:0.0298, trian_r2: -inf, trian_cc: nan
Epoch  2, val_loss: 0.0164, val_mae: 0.1524, val_mse: 0.0329, val_r2: -195.6956, val_cc: 0.0025
Epoch  3, trian_loss: 0.0155, trian_mae: 0.1472, trian_mse:0.0311, trian_r2: -inf, trian_cc: nan
Epoch  3, val_loss: 0.0164, val_mae: 0.1524, val_mse: 0.0329, val_r2: -27.7444, val_cc: 0.0018
Epoch  4, trian_loss: 0.0149, trian_mae: 0.1461, trian_mse:0.0298, trian_r2: -inf, trian_cc: nan
Epoch  4, val_loss: 0.0164, val_mae: 0.1524, val_mse: 0.0328, val_r2: -7057.7305, val_cc: 0.0098
Epoch  5, trian_loss: 0.0149, trian_mae: 0.1459, trian_mse:0.0298, trian_r2: -inf, trian_cc: nan
Epoch  5, val_loss: 0.0164, val_mae: 0.1525, val_mse: 0.0329, val_r2: -345.9321, val_cc: 0.0005
Epoch  6, trian_loss: 0.0149, trian_mae: 0.1461, trian_mse:0.0298, trian_r2: -inf, trian_cc: nan
Epoch  6, val_loss: 0.0164, val_mae: 0.1524, val_mse: 0.0329, val_r2: -2397.3176, val_cc: 0.0030
Epoch  7, trian_loss: 0.0149, trian_mae: 0.1460, trian_mse:0.0297, trian_r2: -inf, trian_cc: nan
Epoch  7, val_loss: 0.0164, val_mae: 0.1524, val_mse: 0.0328, val_r2: -12106.8347, val_cc: 0.0192
Epoch  8, trian_loss: 0.0139, trian_mae: 0.1383, trian_mse:0.0279, trian_r2: -inf, trian_cc: nan
Epoch  8, val_loss: 0.0063, val_mae: 0.0838, val_mse: 0.0127, val_r2: -343.0806, val_cc: -0.0651
Epoch  9, trian_loss: 0.0052, trian_mae: 0.0746, trian_mse:0.0104, trian_r2: -inf, trian_cc: nan
Epoch  9, val_loss: 0.0052, val_mae: 0.0808, val_mse: 0.0105, val_r2: -315.9536, val_cc: -0.0690
Epoch 10, trian_loss: 0.0046, trian_mae: 0.0699, trian_mse:0.0092, trian_r2: -inf, trian_cc: nan
Epoch 10, val_loss: 0.0054, val_mae: 0.0755, val_mse: 0.0108, val_r2: -1261.1012, val_cc: -0.0634
Epoch 11, trian_loss: 0.0045, trian_mae: 0.0688, trian_mse:0.0091, trian_r2: -inf, trian_cc: nan
Epoch 11, val_loss: 0.0050, val_mae: 0.0750, val_mse: 0.0101, val_r2: -830.4629, val_cc: 0.0083
Epoch 12, trian_loss: 0.0044, trian_mae: 0.0676, trian_mse:0.0089, trian_r2: -inf, trian_cc: nan
Epoch 12, val_loss: 0.0051, val_mae: 0.0724, val_mse: 0.0101, val_r2: -2585.7658, val_cc: 0.0077
Epoch 13, trian_loss: 0.0044, trian_mae: 0.0675, trian_mse:0.0088, trian_r2: -inf, trian_cc: nan
Epoch 13, val_loss: 0.0048, val_mae: 0.0708, val_mse: 0.0097, val_r2: -1920.3200, val_cc: 0.0959
Epoch 14, trian_loss: 0.0044, trian_mae: 0.0671, trian_mse:0.0087, trian_r2: -inf, trian_cc: nan
Epoch 14, val_loss: 0.0048, val_mae: 0.0737, val_mse: 0.0096, val_r2: -960.4029, val_cc: 0.1303
Epoch 15, trian_loss: 0.0043, trian_mae: 0.0665, trian_mse:0.0086, trian_r2: -inf, trian_cc: nan
Epoch 15, val_loss: 0.0047, val_mae: 0.0706, val_mse: 0.0094, val_r2: -1769.0637, val_cc: 0.1783
Epoch 16, trian_loss: 0.0042, trian_mae: 0.0662, trian_mse:0.0085, trian_r2: -inf, trian_cc: nan
Epoch 16, val_loss: 0.0047, val_mae: 0.0721, val_mse: 0.0095, val_r2: -1670.8837, val_cc: 0.2289
Epoch 17, trian_loss: 0.0042, trian_mae: 0.0658, trian_mse:0.0084, trian_r2: -inf, trian_cc: nan
Epoch 17, val_loss: 0.0048, val_mae: 0.0723, val_mse: 0.0095, val_r2: -1188.0422, val_cc: 0.1820
Epoch 18, trian_loss: 0.0042, trian_mae: 0.0659, trian_mse:0.0085, trian_r2: -inf, trian_cc: nan
Epoch 18, val_loss: 0.0048, val_mae: 0.0735, val_mse: 0.0096, val_r2: -1610.1775, val_cc: 0.2331
Epoch 19, trian_loss: 0.0043, trian_mae: 0.0669, trian_mse:0.0086, trian_r2: -inf, trian_cc: nan
Epoch 19, val_loss: 0.0047, val_mae: 0.0722, val_mse: 0.0095, val_r2: -1048.4501, val_cc: 0.1523
Epoch 20, trian_loss: 0.0041, trian_mae: 0.0651, trian_mse:0.0082, trian_r2: -inf, trian_cc: nan
Epoch 20, val_loss: 0.0047, val_mae: 0.0714, val_mse: 0.0094, val_r2: -1850.9641, val_cc: 0.2851
Epoch 21, trian_loss: 0.0042, trian_mae: 0.0658, trian_mse:0.0084, trian_r2: -inf, trian_cc: nan
Epoch 21, val_loss: 0.0044, val_mae: 0.0693, val_mse: 0.0089, val_r2: -719.8999, val_cc: 0.3902
Epoch 22, trian_loss: 0.0041, trian_mae: 0.0648, trian_mse:0.0082, trian_r2: -inf, trian_cc: nan
Epoch 22, val_loss: 0.0048, val_mae: 0.0687, val_mse: 0.0096, val_r2: -301.6513, val_cc: 0.3948
Epoch 23, trian_loss: 0.0041, trian_mae: 0.0648, trian_mse:0.0081, trian_r2: -inf, trian_cc: nan
Epoch 23, val_loss: 0.0045, val_mae: 0.0662, val_mse: 0.0089, val_r2: -330.5244, val_cc: 0.2964
Epoch 24, trian_loss: 0.0041, trian_mae: 0.0652, trian_mse:0.0081, trian_r2: -inf, trian_cc: nan
Epoch 24, val_loss: 0.0047, val_mae: 0.0717, val_mse: 0.0093, val_r2: -715.5721, val_cc: 0.3888
Epoch 25, trian_loss: 0.0041, trian_mae: 0.0648, trian_mse:0.0081, trian_r2: -inf, trian_cc: nan
Epoch 25, val_loss: 0.0046, val_mae: 0.0731, val_mse: 0.0092, val_r2: -735.7594, val_cc: 0.3649
Epoch 26, trian_loss: 0.0041, trian_mae: 0.0650, trian_mse:0.0082, trian_r2: -inf, trian_cc: nan
Epoch 26, val_loss: 0.0047, val_mae: 0.0738, val_mse: 0.0093, val_r2: -956.4915, val_cc: 0.3225
Epoch 27, trian_loss: 0.0041, trian_mae: 0.0648, trian_mse:0.0081, trian_r2: -inf, trian_cc: nan
Epoch 27, val_loss: 0.0047, val_mae: 0.0721, val_mse: 0.0093, val_r2: -716.9376, val_cc: 0.2831
Epoch 28, trian_loss: 0.0040, trian_mae: 0.0643, trian_mse:0.0080, trian_r2: -inf, trian_cc: nan
Epoch 28, val_loss: 0.0045, val_mae: 0.0707, val_mse: 0.0090, val_r2: -584.2052, val_cc: 0.4066
Epoch 29, trian_loss: 0.0040, trian_mae: 0.0644, trian_mse:0.0081, trian_r2: -inf, trian_cc: nan
Epoch 29, val_loss: 0.0044, val_mae: 0.0668, val_mse: 0.0088, val_r2: -991.8540, val_cc: 0.3910
Epoch 30, trian_loss: 0.0040, trian_mae: 0.0635, trian_mse:0.0080, trian_r2: -inf, trian_cc: nan
Epoch 30, val_loss: 0.0062, val_mae: 0.0784, val_mse: 0.0124, val_r2: -142.6583, val_cc: 0.3694
Epoch 31, trian_loss: 0.0040, trian_mae: 0.0642, trian_mse:0.0079, trian_r2: -inf, trian_cc: nan
Epoch 31, val_loss: 0.0044, val_mae: 0.0669, val_mse: 0.0088, val_r2: -827.5987, val_cc: 0.3798
Epoch 32, trian_loss: 0.0041, trian_mae: 0.0652, trian_mse:0.0081, trian_r2: -inf, trian_cc: nan
Epoch 32, val_loss: 0.0046, val_mae: 0.0686, val_mse: 0.0093, val_r2: -649.5369, val_cc: 0.2395
Epoch 33, trian_loss: 0.0040, trian_mae: 0.0643, trian_mse:0.0080, trian_r2: -inf, trian_cc: nan
Epoch 33, val_loss: 0.0045, val_mae: 0.0674, val_mse: 0.0090, val_r2: -1869.2086, val_cc: 0.3637
Epoch 34, trian_loss: 0.0040, trian_mae: 0.0649, trian_mse:0.0081, trian_r2: -inf, trian_cc: nan
Epoch 34, val_loss: 0.0045, val_mae: 0.0683, val_mse: 0.0089, val_r2: -1314.1729, val_cc: 0.3557
Epoch 35, trian_loss: 0.0039, trian_mae: 0.0631, trian_mse:0.0078, trian_r2: -inf, trian_cc: nan
Epoch 35, val_loss: 0.0046, val_mae: 0.0671, val_mse: 0.0093, val_r2: -151.9999, val_cc: 0.4432
Epoch 36, trian_loss: 0.0040, trian_mae: 0.0639, trian_mse:0.0080, trian_r2: -inf, trian_cc: nan
Epoch 36, val_loss: 0.0044, val_mae: 0.0657, val_mse: 0.0088, val_r2: -603.2697, val_cc: 0.4207
Epoch 37, trian_loss: 0.0041, trian_mae: 0.0658, trian_mse:0.0082, trian_r2: -inf, trian_cc: nan
Epoch 37, val_loss: 0.0046, val_mae: 0.0719, val_mse: 0.0092, val_r2: -373.2062, val_cc: 0.3029
Epoch 38, trian_loss: 0.0040, trian_mae: 0.0637, trian_mse:0.0079, trian_r2: -inf, trian_cc: nan
Epoch 38, val_loss: 0.0046, val_mae: 0.0692, val_mse: 0.0093, val_r2: -1345.9797, val_cc: 0.2794
Epoch 39, trian_loss: 0.0039, trian_mae: 0.0631, trian_mse:0.0078, trian_r2: -inf, trian_cc: nan
Epoch 39, val_loss: 0.0045, val_mae: 0.0655, val_mse: 0.0090, val_r2: -460.8484, val_cc: 0.4198
Epoch 40, trian_loss: 0.0039, trian_mae: 0.0636, trian_mse:0.0079, trian_r2: -inf, trian_cc: nan
Epoch 40, val_loss: 0.0046, val_mae: 0.0655, val_mse: 0.0092, val_r2: -369.8231, val_cc: 0.4420
Epoch 41, trian_loss: 0.0039, trian_mae: 0.0640, trian_mse:0.0079, trian_r2: -inf, trian_cc: nan
Epoch 41, val_loss: 0.0044, val_mae: 0.0688, val_mse: 0.0089, val_r2: -647.4451, val_cc: 0.3503
Epoch 42, trian_loss: 0.0041, trian_mae: 0.0655, trian_mse:0.0083, trian_r2: -inf, trian_cc: nan
Epoch 42, val_loss: 0.0044, val_mae: 0.0672, val_mse: 0.0087, val_r2: -540.6523, val_cc: 0.4217
Epoch 43, trian_loss: 0.0039, trian_mae: 0.0631, trian_mse:0.0078, trian_r2: -inf, trian_cc: nan
Epoch 43, val_loss: 0.0044, val_mae: 0.0659, val_mse: 0.0088, val_r2: -523.6174, val_cc: 0.4454
Epoch 44, trian_loss: 0.0039, trian_mae: 0.0635, trian_mse:0.0079, trian_r2: -inf, trian_cc: nan
Epoch 44, val_loss: 0.0045, val_mae: 0.0691, val_mse: 0.0089, val_r2: -607.6428, val_cc: 0.4484
Epoch 45, trian_loss: 0.0040, trian_mae: 0.0639, trian_mse:0.0079, trian_r2: -inf, trian_cc: nan
Epoch 45, val_loss: 0.0045, val_mae: 0.0660, val_mse: 0.0090, val_r2: -513.8276, val_cc: 0.3855
Epoch 46, trian_loss: 0.0040, trian_mae: 0.0644, trian_mse:0.0080, trian_r2: -inf, trian_cc: nan
Epoch 46, val_loss: 0.0043, val_mae: 0.0667, val_mse: 0.0086, val_r2: -548.3961, val_cc: 0.4481
Epoch 47, trian_loss: 0.0039, trian_mae: 0.0633, trian_mse:0.0079, trian_r2: -inf, trian_cc: nan
Epoch 47, val_loss: 0.0049, val_mae: 0.0681, val_mse: 0.0097, val_r2: -451.0222, val_cc: 0.1970
Epoch 48, trian_loss: 0.0039, trian_mae: 0.0631, trian_mse:0.0077, trian_r2: -inf, trian_cc: nan
Epoch 48, val_loss: 0.0045, val_mae: 0.0688, val_mse: 0.0089, val_r2: -839.5119, val_cc: 0.4214
Epoch 49, trian_loss: 0.0038, trian_mae: 0.0627, trian_mse:0.0077, trian_r2: -inf, trian_cc: nan
Epoch 49, val_loss: 0.0044, val_mae: 0.0652, val_mse: 0.0087, val_r2: -555.1610, val_cc: 0.4380
Epoch 50, trian_loss: 0.0039, trian_mae: 0.0636, trian_mse:0.0078, trian_r2: -inf, trian_cc: nan
Epoch 50, val_loss: 0.0043, val_mae: 0.0668, val_mse: 0.0086, val_r2: -582.5562, val_cc: 0.4560
Epoch 51, trian_loss: 0.0039, trian_mae: 0.0626, trian_mse:0.0077, trian_r2: -inf, trian_cc: nan
Epoch 51, val_loss: 0.0045, val_mae: 0.0667, val_mse: 0.0090, val_r2: -829.9012, val_cc: 0.4401
Epoch 52, trian_loss: 0.0039, trian_mae: 0.0636, trian_mse:0.0078, trian_r2: -inf, trian_cc: nan
Epoch 52, val_loss: 0.0044, val_mae: 0.0713, val_mse: 0.0089, val_r2: -882.0099, val_cc: 0.4086
Epoch 53, trian_loss: 0.0039, trian_mae: 0.0644, trian_mse:0.0079, trian_r2: -inf, trian_cc: nan
Epoch 53, val_loss: 0.0044, val_mae: 0.0691, val_mse: 0.0088, val_r2: -501.3761, val_cc: 0.3221
Epoch 54, trian_loss: 0.0038, trian_mae: 0.0628, trian_mse:0.0077, trian_r2: -inf, trian_cc: nan
Epoch 54, val_loss: 0.0045, val_mae: 0.0663, val_mse: 0.0089, val_r2: -483.7181, val_cc: 0.4188
Epoch 55, trian_loss: 0.0039, trian_mae: 0.0627, trian_mse:0.0077, trian_r2: -inf, trian_cc: nan
Epoch 55, val_loss: 0.0043, val_mae: 0.0659, val_mse: 0.0087, val_r2: -564.7032, val_cc: 0.4598
Epoch 56, trian_loss: 0.0038, trian_mae: 0.0626, trian_mse:0.0076, trian_r2: -inf, trian_cc: nan
Epoch 56, val_loss: 0.0044, val_mae: 0.0653, val_mse: 0.0088, val_r2: -304.4137, val_cc: 0.4603
Epoch 57, trian_loss: 0.0039, trian_mae: 0.0633, trian_mse:0.0078, trian_r2: -inf, trian_cc: nan
Epoch 57, val_loss: 0.0044, val_mae: 0.0653, val_mse: 0.0088, val_r2: -922.0605, val_cc: 0.4518
Epoch 58, trian_loss: 0.0039, trian_mae: 0.0632, trian_mse:0.0077, trian_r2: -inf, trian_cc: nan
Epoch 58, val_loss: 0.0044, val_mae: 0.0663, val_mse: 0.0088, val_r2: -717.3915, val_cc: 0.4556
Epoch 59, trian_loss: 0.0039, trian_mae: 0.0634, trian_mse:0.0078, trian_r2: -inf, trian_cc: nan
Epoch 59, val_loss: 0.0044, val_mae: 0.0657, val_mse: 0.0089, val_r2: -402.5168, val_cc: 0.4378
Epoch 60, trian_loss: 0.0039, trian_mae: 0.0631, trian_mse:0.0077, trian_r2: -inf, trian_cc: nan
Epoch 60, val_loss: 0.0045, val_mae: 0.0654, val_mse: 0.0090, val_r2: -306.2733, val_cc: 0.4387
Epoch 61, trian_loss: 0.0038, trian_mae: 0.0626, trian_mse:0.0076, trian_r2: -inf, trian_cc: nan
Epoch 61, val_loss: 0.0044, val_mae: 0.0665, val_mse: 0.0089, val_r2: -777.6616, val_cc: 0.4517
Epoch 62, trian_loss: 0.0039, trian_mae: 0.0634, trian_mse:0.0077, trian_r2: -inf, trian_cc: nan
Epoch 62, val_loss: 0.0043, val_mae: 0.0670, val_mse: 0.0087, val_r2: -690.6474, val_cc: 0.4511
Epoch 63, trian_loss: 0.0038, trian_mae: 0.0625, trian_mse:0.0076, trian_r2: -inf, trian_cc: nan
Epoch 63, val_loss: 0.0044, val_mae: 0.0664, val_mse: 0.0087, val_r2: -536.3467, val_cc: 0.4336
Epoch 64, trian_loss: 0.0038, trian_mae: 0.0631, trian_mse:0.0077, trian_r2: -inf, trian_cc: nan
Epoch 64, val_loss: 0.0043, val_mae: 0.0666, val_mse: 0.0086, val_r2: -344.5271, val_cc: 0.4256
Epoch 65, trian_loss: 0.0038, trian_mae: 0.0625, trian_mse:0.0076, trian_r2: -inf, trian_cc: nan
Epoch 65, val_loss: 0.0045, val_mae: 0.0655, val_mse: 0.0090, val_r2: -237.6421, val_cc: 0.4610
Epoch 66, trian_loss: 0.0039, trian_mae: 0.0634, trian_mse:0.0078, trian_r2: -inf, trian_cc: nan
Epoch 66, val_loss: 0.0043, val_mae: 0.0669, val_mse: 0.0087, val_r2: -746.5038, val_cc: 0.4394
Epoch 67, trian_loss: 0.0039, trian_mae: 0.0631, trian_mse:0.0077, trian_r2: -inf, trian_cc: nan
Epoch 67, val_loss: 0.0043, val_mae: 0.0668, val_mse: 0.0087, val_r2: -585.6643, val_cc: 0.4333
Epoch 68, trian_loss: 0.0038, trian_mae: 0.0631, trian_mse:0.0077, trian_r2: -inf, trian_cc: nan
Epoch 68, val_loss: 0.0043, val_mae: 0.0669, val_mse: 0.0086, val_r2: -598.9465, val_cc: 0.4426
Epoch 69, trian_loss: 0.0038, trian_mae: 0.0629, trian_mse:0.0076, trian_r2: -inf, trian_cc: nan
Epoch 69, val_loss: 0.0043, val_mae: 0.0668, val_mse: 0.0086, val_r2: -519.5700, val_cc: 0.4443
Epoch 70, trian_loss: 0.0038, trian_mae: 0.0626, trian_mse:0.0076, trian_r2: -inf, trian_cc: nan
Epoch 70, val_loss: 0.0043, val_mae: 0.0659, val_mse: 0.0087, val_r2: -562.7800, val_cc: 0.4461
Epoch 71, trian_loss: 0.0037, trian_mae: 0.0619, trian_mse:0.0074, trian_r2: -inf, trian_cc: nan
Epoch 71, val_loss: 0.0044, val_mae: 0.0654, val_mse: 0.0088, val_r2: -420.6114, val_cc: 0.4548
Epoch 72, trian_loss: 0.0038, trian_mae: 0.0627, trian_mse:0.0076, trian_r2: -inf, trian_cc: nan
Epoch 72, val_loss: 0.0044, val_mae: 0.0674, val_mse: 0.0087, val_r2: -672.2327, val_cc: 0.4401
Epoch 73, trian_loss: 0.0038, trian_mae: 0.0629, trian_mse:0.0077, trian_r2: -inf, trian_cc: nan
Epoch 73, val_loss: 0.0043, val_mae: 0.0660, val_mse: 0.0087, val_r2: -554.5295, val_cc: 0.4448
Epoch 74, trian_loss: 0.0038, trian_mae: 0.0627, trian_mse:0.0076, trian_r2: -inf, trian_cc: nan
Epoch 74, val_loss: 0.0048, val_mae: 0.0689, val_mse: 0.0096, val_r2: -308.1293, val_cc: 0.4695
Epoch 75, trian_loss: 0.0038, trian_mae: 0.0626, trian_mse:0.0076, trian_r2: -inf, trian_cc: nan
Epoch 75, val_loss: 0.0044, val_mae: 0.0661, val_mse: 0.0087, val_r2: -357.0833, val_cc: 0.4483
Epoch 76, trian_loss: 0.0037, trian_mae: 0.0619, trian_mse:0.0075, trian_r2: -inf, trian_cc: nan
Epoch 76, val_loss: 0.0043, val_mae: 0.0688, val_mse: 0.0087, val_r2: -460.8615, val_cc: 0.4272
Epoch 77, trian_loss: 0.0037, trian_mae: 0.0615, trian_mse:0.0074, trian_r2: -inf, trian_cc: nan
Epoch 77, val_loss: 0.0042, val_mae: 0.0658, val_mse: 0.0085, val_r2: -307.0209, val_cc: 0.4677
Epoch 78, trian_loss: 0.0038, trian_mae: 0.0623, trian_mse:0.0075, trian_r2: -inf, trian_cc: nan
Epoch 78, val_loss: 0.0042, val_mae: 0.0663, val_mse: 0.0085, val_r2: -279.8272, val_cc: 0.4521
Epoch 79, trian_loss: 0.0037, trian_mae: 0.0623, trian_mse:0.0075, trian_r2: -inf, trian_cc: nan
Epoch 79, val_loss: 0.0043, val_mae: 0.0671, val_mse: 0.0086, val_r2: -347.4451, val_cc: 0.4470
Epoch 80, trian_loss: 0.0037, trian_mae: 0.0617, trian_mse:0.0074, trian_r2: -inf, trian_cc: nan
Epoch 80, val_loss: 0.0043, val_mae: 0.0698, val_mse: 0.0087, val_r2: -481.1153, val_cc: 0.3989
Epoch 81, trian_loss: 0.0037, trian_mae: 0.0615, trian_mse:0.0073, trian_r2: -inf, trian_cc: nan
Epoch 81, val_loss: 0.0044, val_mae: 0.0659, val_mse: 0.0087, val_r2: -217.4340, val_cc: 0.4396
Epoch 82, trian_loss: 0.0037, trian_mae: 0.0612, trian_mse:0.0073, trian_r2: -inf, trian_cc: nan
Epoch 82, val_loss: 0.0042, val_mae: 0.0660, val_mse: 0.0084, val_r2: -233.7424, val_cc: 0.4541
Epoch 83, trian_loss: 0.0037, trian_mae: 0.0614, trian_mse:0.0073, trian_r2: -inf, trian_cc: nan
Epoch 83, val_loss: 0.0042, val_mae: 0.0646, val_mse: 0.0084, val_r2: -164.5204, val_cc: 0.4470
Epoch 84, trian_loss: 0.0037, trian_mae: 0.0614, trian_mse:0.0073, trian_r2: -inf, trian_cc: nan
Epoch 84, val_loss: 0.0044, val_mae: 0.0658, val_mse: 0.0088, val_r2: -303.7225, val_cc: 0.4506
Epoch 85, trian_loss: 0.0037, trian_mae: 0.0611, trian_mse:0.0073, trian_r2: -inf, trian_cc: nan
Epoch 85, val_loss: 0.0042, val_mae: 0.0663, val_mse: 0.0085, val_r2: -380.8249, val_cc: 0.4345
Epoch 86, trian_loss: 0.0037, trian_mae: 0.0618, trian_mse:0.0074, trian_r2: -inf, trian_cc: nan
Epoch 86, val_loss: 0.0044, val_mae: 0.0659, val_mse: 0.0089, val_r2: -93.3686, val_cc: 0.4318
Epoch 87, trian_loss: 0.0038, trian_mae: 0.0622, trian_mse:0.0075, trian_r2: -inf, trian_cc: nan
Epoch 87, val_loss: 0.0045, val_mae: 0.0678, val_mse: 0.0091, val_r2: -142.0815, val_cc: 0.4639
Epoch 88, trian_loss: 0.0037, trian_mae: 0.0620, trian_mse:0.0074, trian_r2: -inf, trian_cc: nan
Epoch 88, val_loss: 0.0044, val_mae: 0.0662, val_mse: 0.0089, val_r2: -178.0529, val_cc: 0.4311
Epoch 89, trian_loss: 0.0036, trian_mae: 0.0609, trian_mse:0.0073, trian_r2: -inf, trian_cc: nan
Epoch 89, val_loss: 0.0044, val_mae: 0.0653, val_mse: 0.0088, val_r2: -165.1316, val_cc: 0.4518
Epoch 90, trian_loss: 0.0036, trian_mae: 0.0610, trian_mse:0.0073, trian_r2: -inf, trian_cc: nan
Epoch 90, val_loss: 0.0043, val_mae: 0.0640, val_mse: 0.0085, val_r2: -151.7273, val_cc: 0.4504
Epoch 91, trian_loss: 0.0036, trian_mae: 0.0604, trian_mse:0.0071, trian_r2: -inf, trian_cc: nan
Epoch 91, val_loss: 0.0042, val_mae: 0.0655, val_mse: 0.0084, val_r2: -250.6376, val_cc: 0.4268
Epoch 92, trian_loss: 0.0036, trian_mae: 0.0605, trian_mse:0.0072, trian_r2: -inf, trian_cc: nan
Epoch 92, val_loss: 0.0040, val_mae: 0.0640, val_mse: 0.0081, val_r2: -85.3349, val_cc: 0.4245
Epoch 93, trian_loss: 0.0035, trian_mae: 0.0601, trian_mse:0.0071, trian_r2: -inf, trian_cc: nan
Epoch 93, val_loss: 0.0044, val_mae: 0.0658, val_mse: 0.0087, val_r2: -43.9561, val_cc: 0.4492
Epoch 94, trian_loss: 0.0035, trian_mae: 0.0594, trian_mse:0.0070, trian_r2: -inf, trian_cc: nan
Epoch 94, val_loss: 0.0040, val_mae: 0.0630, val_mse: 0.0081, val_r2: -35.6776, val_cc: 0.4495
Epoch 95, trian_loss: 0.0034, trian_mae: 0.0585, trian_mse:0.0068, trian_r2: -inf, trian_cc: nan
Epoch 95, val_loss: 0.0043, val_mae: 0.0657, val_mse: 0.0086, val_r2: -109.7817, val_cc: 0.4270
Epoch 96, trian_loss: 0.0033, trian_mae: 0.0576, trian_mse:0.0067, trian_r2: -inf, trian_cc: nan
Epoch 96, val_loss: 0.0040, val_mae: 0.0630, val_mse: 0.0081, val_r2: -13.1521, val_cc: 0.4531
Epoch 97, trian_loss: 0.0034, trian_mae: 0.0581, trian_mse:0.0067, trian_r2: -inf, trian_cc: nan
Epoch 97, val_loss: 0.0040, val_mae: 0.0614, val_mse: 0.0079, val_r2: -25.3915, val_cc: 0.4689
Epoch 98, trian_loss: 0.0032, trian_mae: 0.0568, trian_mse:0.0065, trian_r2: -inf, trian_cc: nan
Epoch 98, val_loss: 0.0041, val_mae: 0.0625, val_mse: 0.0081, val_r2: -22.4457, val_cc: 0.4641
Epoch 99, trian_loss: 0.0032, trian_mae: 0.0564, trian_mse:0.0064, trian_r2: -inf, trian_cc: nan
Epoch 99, val_loss: 0.0042, val_mae: 0.0637, val_mse: 0.0083, val_r2: -35.5574, val_cc: 0.4495
