Trian Data: 532   Validation Data: 177  Test Data: 178
[1, 1]
[1, 1]
[1, 1]
[1, 1]
model SENet(
  (conv1): Conv2d(100, 64, kernel_size=(3, 3), stride=(1, 1), padding=(1, 1), bias=False)
  (bn1): BatchNorm2d(64, eps=1e-05, momentum=0.1, affine=True, track_running_stats=True)
  (layer1): Sequential(
    (0): BasicBlock(
      (conv1): Conv2d(64, 64, kernel_size=(3, 3), stride=(1, 1), padding=(1, 1), bias=False)
      (bn1): BatchNorm2d(64, eps=1e-05, momentum=0.1, affine=True, track_running_stats=True)
      (conv2): Conv2d(64, 64, kernel_size=(3, 3), stride=(1, 1), padding=(1, 1), bias=False)
      (bn2): BatchNorm2d(64, eps=1e-05, momentum=0.1, affine=True, track_running_stats=True)
      (shortcut): Sequential()
      (fc1): Conv2d(64, 4, kernel_size=(1, 1), stride=(1, 1))
      (fc2): Conv2d(4, 64, kernel_size=(1, 1), stride=(1, 1))
    )
    (1): BasicBlock(
      (conv1): Conv2d(64, 64, kernel_size=(3, 3), stride=(1, 1), padding=(1, 1), bias=False)
      (bn1): BatchNorm2d(64, eps=1e-05, momentum=0.1, affine=True, track_running_stats=True)
      (conv2): Conv2d(64, 64, kernel_size=(3, 3), stride=(1, 1), padding=(1, 1), bias=False)
      (bn2): BatchNorm2d(64, eps=1e-05, momentum=0.1, affine=True, track_running_stats=True)
      (shortcut): Sequential()
      (fc1): Conv2d(64, 4, kernel_size=(1, 1), stride=(1, 1))
      (fc2): Conv2d(4, 64, kernel_size=(1, 1), stride=(1, 1))
    )
  )
  (layer2): Sequential(
    (0): BasicBlock(
      (conv1): Conv2d(64, 64, kernel_size=(3, 3), stride=(1, 1), padding=(1, 1), bias=False)
      (bn1): BatchNorm2d(64, eps=1e-05, momentum=0.1, affine=True, track_running_stats=True)
      (conv2): Conv2d(64, 64, kernel_size=(3, 3), stride=(1, 1), padding=(1, 1), bias=False)
      (bn2): BatchNorm2d(64, eps=1e-05, momentum=0.1, affine=True, track_running_stats=True)
      (shortcut): Sequential()
      (fc1): Conv2d(64, 4, kernel_size=(1, 1), stride=(1, 1))
      (fc2): Conv2d(4, 64, kernel_size=(1, 1), stride=(1, 1))
    )
    (1): BasicBlock(
      (conv1): Conv2d(64, 64, kernel_size=(3, 3), stride=(1, 1), padding=(1, 1), bias=False)
      (bn1): BatchNorm2d(64, eps=1e-05, momentum=0.1, affine=True, track_running_stats=True)
      (conv2): Conv2d(64, 64, kernel_size=(3, 3), stride=(1, 1), padding=(1, 1), bias=False)
      (bn2): BatchNorm2d(64, eps=1e-05, momentum=0.1, affine=True, track_running_stats=True)
      (shortcut): Sequential()
      (fc1): Conv2d(64, 4, kernel_size=(1, 1), stride=(1, 1))
      (fc2): Conv2d(4, 64, kernel_size=(1, 1), stride=(1, 1))
    )
  )
  (layer3): Sequential(
    (0): BasicBlock(
      (conv1): Conv2d(64, 64, kernel_size=(3, 3), stride=(1, 1), padding=(1, 1), bias=False)
      (bn1): BatchNorm2d(64, eps=1e-05, momentum=0.1, affine=True, track_running_stats=True)
      (conv2): Conv2d(64, 64, kernel_size=(3, 3), stride=(1, 1), padding=(1, 1), bias=False)
      (bn2): BatchNorm2d(64, eps=1e-05, momentum=0.1, affine=True, track_running_stats=True)
      (shortcut): Sequential()
      (fc1): Conv2d(64, 4, kernel_size=(1, 1), stride=(1, 1))
      (fc2): Conv2d(4, 64, kernel_size=(1, 1), stride=(1, 1))
    )
    (1): BasicBlock(
      (conv1): Conv2d(64, 64, kernel_size=(3, 3), stride=(1, 1), padding=(1, 1), bias=False)
      (bn1): BatchNorm2d(64, eps=1e-05, momentum=0.1, affine=True, track_running_stats=True)
      (conv2): Conv2d(64, 64, kernel_size=(3, 3), stride=(1, 1), padding=(1, 1), bias=False)
      (bn2): BatchNorm2d(64, eps=1e-05, momentum=0.1, affine=True, track_running_stats=True)
      (shortcut): Sequential()
      (fc1): Conv2d(64, 4, kernel_size=(1, 1), stride=(1, 1))
      (fc2): Conv2d(4, 64, kernel_size=(1, 1), stride=(1, 1))
    )
  )
  (layer4): Sequential(
    (0): BasicBlock(
      (conv1): Conv2d(64, 64, kernel_size=(3, 3), stride=(1, 1), padding=(1, 1), bias=False)
      (bn1): BatchNorm2d(64, eps=1e-05, momentum=0.1, affine=True, track_running_stats=True)
      (conv2): Conv2d(64, 64, kernel_size=(3, 3), stride=(1, 1), padding=(1, 1), bias=False)
      (bn2): BatchNorm2d(64, eps=1e-05, momentum=0.1, affine=True, track_running_stats=True)
      (shortcut): Sequential()
      (fc1): Conv2d(64, 4, kernel_size=(1, 1), stride=(1, 1))
      (fc2): Conv2d(4, 64, kernel_size=(1, 1), stride=(1, 1))
    )
    (1): BasicBlock(
      (conv1): Conv2d(64, 64, kernel_size=(3, 3), stride=(1, 1), padding=(1, 1), bias=False)
      (bn1): BatchNorm2d(64, eps=1e-05, momentum=0.1, affine=True, track_running_stats=True)
      (conv2): Conv2d(64, 64, kernel_size=(3, 3), stride=(1, 1), padding=(1, 1), bias=False)
      (bn2): BatchNorm2d(64, eps=1e-05, momentum=0.1, affine=True, track_running_stats=True)
      (shortcut): Sequential()
      (fc1): Conv2d(64, 4, kernel_size=(1, 1), stride=(1, 1))
      (fc2): Conv2d(4, 64, kernel_size=(1, 1), stride=(1, 1))
    )
  )
  (cnn): CNNnet(
    (conv1): Sequential(
      (0): Conv2d(64, 32, kernel_size=(3, 3), stride=(1, 1), padding=(1, 1))
      (1): BatchNorm2d(32, eps=1e-05, momentum=0.1, affine=True, track_running_stats=True)
      (2): ReLU()
    )
    (conv2): Sequential(
      (0): Conv2d(32, 16, kernel_size=(3, 3), stride=(1, 1), padding=(1, 1))
      (1): BatchNorm2d(16, eps=1e-05, momentum=0.1, affine=True, track_running_stats=True)
      (2): ReLU()
    )
    (conv3): Sequential(
      (0): Conv2d(16, 1, kernel_size=(3, 3), stride=(1, 1), padding=(1, 1))
      (1): BatchNorm2d(1, eps=1e-05, momentum=0.1, affine=True, track_running_stats=True)
      (2): ReLU()
    )
  )
)
Epoch  0, trian_loss: 0.0081, trian_mae: 0.0918, trian_mse:0.0165, trian_r2: -22.2640, trian_cc: -0.0109
Epoch  0, val_loss: 0.0056, val_mae: 0.0794, val_mse: 0.0111, val_r2: -14.2894, val_cc: -0.0047
Epoch  1, trian_loss: 0.0051, trian_mae: 0.0750, trian_mse:0.0101, trian_r2: -2135.7034, trian_cc: 0.0411
Epoch  1, val_loss: 0.0049, val_mae: 0.0742, val_mse: 0.0098, val_r2: -1879.8979, val_cc: 0.0953
Epoch  2, trian_loss: 0.0049, trian_mae: 0.0741, trian_mse:0.0099, trian_r2: -1591.2199, trian_cc: 0.1199
Epoch  2, val_loss: 0.0049, val_mae: 0.0742, val_mse: 0.0098, val_r2: -1163.5738, val_cc: 0.1261
Epoch  3, trian_loss: 0.0049, trian_mae: 0.0740, trian_mse:0.0099, trian_r2: -1476.5824, trian_cc: 0.1380
Epoch  3, val_loss: 0.0049, val_mae: 0.0742, val_mse: 0.0098, val_r2: -607.5756, val_cc: 0.1315
Epoch  4, trian_loss: 0.0049, trian_mae: 0.0740, trian_mse:0.0098, trian_r2: -1918.7299, trian_cc: 0.1252
Epoch  4, val_loss: 0.0049, val_mae: 0.0742, val_mse: 0.0098, val_r2: -1042.0852, val_cc: 0.1170
Epoch  5, trian_loss: 0.0049, trian_mae: 0.0740, trian_mse:0.0098, trian_r2: -1200.0372, trian_cc: 0.1389
Epoch  5, val_loss: 0.0049, val_mae: 0.0741, val_mse: 0.0097, val_r2: -549.9316, val_cc: 0.1558
Epoch  6, trian_loss: 0.0049, trian_mae: 0.0738, trian_mse:0.0098, trian_r2: -598.7085, trian_cc: 0.1372
Epoch  6, val_loss: 0.0048, val_mae: 0.0736, val_mse: 0.0096, val_r2: -243.5138, val_cc: 0.1540
Epoch  7, trian_loss: 0.0048, trian_mae: 0.0728, trian_mse:0.0096, trian_r2: -195.1269, trian_cc: 0.1711
Epoch  7, val_loss: 0.0046, val_mae: 0.0733, val_mse: 0.0093, val_r2: -151.4154, val_cc: 0.1889
Epoch  8, trian_loss: 0.0047, trian_mae: 0.0717, trian_mse:0.0094, trian_r2: -144.0140, trian_cc: 0.2019
Epoch  8, val_loss: 0.0044, val_mae: 0.0690, val_mse: 0.0087, val_r2: -82.5300, val_cc: 0.2459
Epoch  9, trian_loss: 0.0045, trian_mae: 0.0704, trian_mse:0.0090, trian_r2: -206.9132, trian_cc: 0.2309
Epoch  9, val_loss: 0.0043, val_mae: 0.0681, val_mse: 0.0087, val_r2: -45.2224, val_cc: 0.2772
Epoch 10, trian_loss: 0.0044, trian_mae: 0.0693, trian_mse:0.0088, trian_r2: -91.4871, trian_cc: 0.2682
Epoch 10, val_loss: 0.0043, val_mae: 0.0673, val_mse: 0.0087, val_r2: -41.5468, val_cc: 0.2831
Epoch 11, trian_loss: 0.0043, trian_mae: 0.0683, trian_mse:0.0087, trian_r2: -102.5395, trian_cc: 0.2868
Epoch 11, val_loss: 0.0043, val_mae: 0.0670, val_mse: 0.0085, val_r2: -29.8953, val_cc: 0.2978
Epoch 12, trian_loss: 0.0043, trian_mae: 0.0683, trian_mse:0.0087, trian_r2: -63.6827, trian_cc: 0.2908
Epoch 12, val_loss: 0.0043, val_mae: 0.0670, val_mse: 0.0087, val_r2: -28.4388, val_cc: 0.3028
Epoch 13, trian_loss: 0.0042, trian_mae: 0.0673, trian_mse:0.0085, trian_r2: -59.5610, trian_cc: 0.3035
Epoch 13, val_loss: 0.0043, val_mae: 0.0668, val_mse: 0.0086, val_r2: -31.7360, val_cc: 0.3017
Epoch 14, trian_loss: 0.0043, trian_mae: 0.0676, trian_mse:0.0085, trian_r2: -73.1724, trian_cc: 0.3029
Epoch 14, val_loss: 0.0042, val_mae: 0.0662, val_mse: 0.0084, val_r2: -38.0610, val_cc: 0.3067
Epoch 15, trian_loss: 0.0042, trian_mae: 0.0666, trian_mse:0.0084, trian_r2: -47.4980, trian_cc: 0.3131
Epoch 15, val_loss: 0.0043, val_mae: 0.0663, val_mse: 0.0087, val_r2: -38.2132, val_cc: 0.3158
Epoch 16, trian_loss: 0.0042, trian_mae: 0.0666, trian_mse:0.0084, trian_r2: -44.7030, trian_cc: 0.3164
Epoch 16, val_loss: 0.0042, val_mae: 0.0658, val_mse: 0.0085, val_r2: -23.5141, val_cc: 0.3216
Epoch 17, trian_loss: 0.0042, trian_mae: 0.0664, trian_mse:0.0083, trian_r2: -51.0306, trian_cc: 0.3181
Epoch 17, val_loss: 0.0042, val_mae: 0.0661, val_mse: 0.0085, val_r2: -27.3789, val_cc: 0.3180
Epoch 18, trian_loss: 0.0042, trian_mae: 0.0662, trian_mse:0.0083, trian_r2: -46.9619, trian_cc: 0.3182
Epoch 18, val_loss: 0.0042, val_mae: 0.0661, val_mse: 0.0084, val_r2: -29.8574, val_cc: 0.3186
Epoch 19, trian_loss: 0.0041, trian_mae: 0.0659, trian_mse:0.0082, trian_r2: -47.3938, trian_cc: 0.3208
Epoch 19, val_loss: 0.0043, val_mae: 0.0656, val_mse: 0.0085, val_r2: -31.3135, val_cc: 0.3246
Epoch 20, trian_loss: 0.0041, trian_mae: 0.0658, trian_mse:0.0082, trian_r2: -45.0803, trian_cc: 0.3200
Epoch 20, val_loss: 0.0042, val_mae: 0.0655, val_mse: 0.0084, val_r2: -27.0382, val_cc: 0.3257
Epoch 21, trian_loss: 0.0041, trian_mae: 0.0658, trian_mse:0.0082, trian_r2: -43.5399, trian_cc: 0.3214
Epoch 21, val_loss: 0.0042, val_mae: 0.0656, val_mse: 0.0084, val_r2: -25.7097, val_cc: 0.3254
Epoch 22, trian_loss: 0.0041, trian_mae: 0.0657, trian_mse:0.0082, trian_r2: -41.6823, trian_cc: 0.3215
Epoch 22, val_loss: 0.0042, val_mae: 0.0658, val_mse: 0.0084, val_r2: -24.6750, val_cc: 0.3244
Epoch 23, trian_loss: 0.0041, trian_mae: 0.0658, trian_mse:0.0082, trian_r2: -43.3264, trian_cc: 0.3199
Epoch 23, val_loss: 0.0042, val_mae: 0.0656, val_mse: 0.0083, val_r2: -25.1796, val_cc: 0.3247
Epoch 24, trian_loss: 0.0041, trian_mae: 0.0655, trian_mse:0.0082, trian_r2: -38.3432, trian_cc: 0.3245
Epoch 24, val_loss: 0.0042, val_mae: 0.0654, val_mse: 0.0083, val_r2: -32.6519, val_cc: 0.3258
Epoch 25, trian_loss: 0.0041, trian_mae: 0.0660, trian_mse:0.0083, trian_r2: -35.5131, trian_cc: 0.3129
Epoch 25, val_loss: 0.0042, val_mae: 0.0665, val_mse: 0.0084, val_r2: -37.0602, val_cc: 0.3056
Epoch 26, trian_loss: 0.0041, trian_mae: 0.0662, trian_mse:0.0082, trian_r2: -38.7064, trian_cc: 0.3097
Epoch 26, val_loss: 0.0042, val_mae: 0.0658, val_mse: 0.0084, val_r2: -33.4442, val_cc: 0.3155
Epoch 27, trian_loss: 0.0041, trian_mae: 0.0656, trian_mse:0.0082, trian_r2: -37.6834, trian_cc: 0.3172
Epoch 27, val_loss: 0.0043, val_mae: 0.0669, val_mse: 0.0085, val_r2: -61.8243, val_cc: 0.3041
Epoch 28, trian_loss: 0.0041, trian_mae: 0.0657, trian_mse:0.0082, trian_r2: -37.6184, trian_cc: 0.3212
Epoch 28, val_loss: 0.0042, val_mae: 0.0655, val_mse: 0.0084, val_r2: -38.0298, val_cc: 0.3210
Epoch 29, trian_loss: 0.0040, trian_mae: 0.0651, trian_mse:0.0081, trian_r2: -33.8358, trian_cc: 0.3245
Epoch 29, val_loss: 0.0042, val_mae: 0.0655, val_mse: 0.0084, val_r2: -25.8060, val_cc: 0.3264
Epoch 30, trian_loss: 0.0041, trian_mae: 0.0655, trian_mse:0.0081, trian_r2: -42.1305, trian_cc: 0.3192
Epoch 30, val_loss: 0.0042, val_mae: 0.0656, val_mse: 0.0084, val_r2: -28.7951, val_cc: 0.3253
Epoch 31, trian_loss: 0.0040, trian_mae: 0.0651, trian_mse:0.0080, trian_r2: -39.0807, trian_cc: 0.3248
Epoch 31, val_loss: 0.0043, val_mae: 0.0652, val_mse: 0.0086, val_r2: -25.1154, val_cc: 0.3296
Epoch 32, trian_loss: 0.0040, trian_mae: 0.0653, trian_mse:0.0080, trian_r2: -37.7912, trian_cc: 0.3228
Epoch 32, val_loss: 0.0042, val_mae: 0.0652, val_mse: 0.0084, val_r2: -24.0735, val_cc: 0.3303
Epoch 33, trian_loss: 0.0040, trian_mae: 0.0652, trian_mse:0.0080, trian_r2: -34.9143, trian_cc: 0.3235
Epoch 33, val_loss: 0.0042, val_mae: 0.0651, val_mse: 0.0085, val_r2: -24.1264, val_cc: 0.3315
Epoch 34, trian_loss: 0.0040, trian_mae: 0.0649, trian_mse:0.0079, trian_r2: -30.1609, trian_cc: 0.3233
Epoch 34, val_loss: 0.0043, val_mae: 0.0657, val_mse: 0.0085, val_r2: -21.6951, val_cc: 0.3236
Epoch 35, trian_loss: 0.0039, trian_mae: 0.0648, trian_mse:0.0079, trian_r2: -33.5052, trian_cc: 0.3256
Epoch 35, val_loss: 0.0042, val_mae: 0.0653, val_mse: 0.0085, val_r2: -16.9748, val_cc: 0.3294
Epoch 36, trian_loss: 0.0039, trian_mae: 0.0648, trian_mse:0.0079, trian_r2: -29.6092, trian_cc: 0.3260
Epoch 36, val_loss: 0.0042, val_mae: 0.0653, val_mse: 0.0084, val_r2: -22.7452, val_cc: 0.3281
Epoch 37, trian_loss: 0.0039, trian_mae: 0.0643, trian_mse:0.0078, trian_r2: -31.2861, trian_cc: 0.3287
Epoch 37, val_loss: 0.0042, val_mae: 0.0653, val_mse: 0.0085, val_r2: -19.8781, val_cc: 0.3306
Epoch 38, trian_loss: 0.0039, trian_mae: 0.0645, trian_mse:0.0078, trian_r2: -29.8486, trian_cc: 0.3244
Epoch 38, val_loss: 0.0042, val_mae: 0.0653, val_mse: 0.0084, val_r2: -21.3781, val_cc: 0.3300
Epoch 39, trian_loss: 0.0039, trian_mae: 0.0644, trian_mse:0.0078, trian_r2: -28.5666, trian_cc: 0.3271
Epoch 39, val_loss: 0.0043, val_mae: 0.0657, val_mse: 0.0086, val_r2: -21.9579, val_cc: 0.3313
Epoch 40, trian_loss: 0.0039, trian_mae: 0.0644, trian_mse:0.0078, trian_r2: -31.0658, trian_cc: 0.3270
Epoch 40, val_loss: 0.0043, val_mae: 0.0655, val_mse: 0.0085, val_r2: -20.7739, val_cc: 0.3296
Epoch 41, trian_loss: 0.0039, trian_mae: 0.0645, trian_mse:0.0078, trian_r2: -30.2599, trian_cc: 0.3241
Epoch 41, val_loss: 0.0042, val_mae: 0.0654, val_mse: 0.0084, val_r2: -19.7502, val_cc: 0.3320
Epoch 42, trian_loss: 0.0039, trian_mae: 0.0644, trian_mse:0.0077, trian_r2: -30.2497, trian_cc: 0.3235
Epoch 42, val_loss: 0.0042, val_mae: 0.0653, val_mse: 0.0084, val_r2: -24.3474, val_cc: 0.3291
Epoch 43, trian_loss: 0.0039, trian_mae: 0.0643, trian_mse:0.0077, trian_r2: -29.1617, trian_cc: 0.3262
Epoch 43, val_loss: 0.0042, val_mae: 0.0655, val_mse: 0.0084, val_r2: -19.4480, val_cc: 0.3318
Epoch 44, trian_loss: 0.0039, trian_mae: 0.0640, trian_mse:0.0077, trian_r2: -27.5286, trian_cc: 0.3300
Epoch 44, val_loss: 0.0042, val_mae: 0.0651, val_mse: 0.0083, val_r2: -20.5630, val_cc: 0.3325
Epoch 45, trian_loss: 0.0038, trian_mae: 0.0636, trian_mse:0.0076, trian_r2: -25.9278, trian_cc: 0.3304
Epoch 45, val_loss: 0.0043, val_mae: 0.0657, val_mse: 0.0085, val_r2: -21.2849, val_cc: 0.3312
Epoch 46, trian_loss: 0.0038, trian_mae: 0.0639, trian_mse:0.0076, trian_r2: -32.0090, trian_cc: 0.3267
Epoch 46, val_loss: 0.0042, val_mae: 0.0661, val_mse: 0.0085, val_r2: -23.1915, val_cc: 0.3295
Epoch 47, trian_loss: 0.0038, trian_mae: 0.0636, trian_mse:0.0076, trian_r2: -25.2453, trian_cc: 0.3306
Epoch 47, val_loss: 0.0042, val_mae: 0.0662, val_mse: 0.0085, val_r2: -19.6902, val_cc: 0.3317
Epoch 48, trian_loss: 0.0038, trian_mae: 0.0637, trian_mse:0.0076, trian_r2: -27.0023, trian_cc: 0.3277
Epoch 48, val_loss: 0.0041, val_mae: 0.0650, val_mse: 0.0083, val_r2: -24.2894, val_cc: 0.3294
Epoch 49, trian_loss: 0.0039, trian_mae: 0.0645, trian_mse:0.0079, trian_r2: -27.8406, trian_cc: 0.3282
Epoch 49, val_loss: 0.0042, val_mae: 0.0652, val_mse: 0.0084, val_r2: -27.2567, val_cc: 0.3291
Epoch 50, trian_loss: 0.0038, trian_mae: 0.0637, trian_mse:0.0076, trian_r2: -27.3980, trian_cc: 0.3298
Epoch 50, val_loss: 0.0043, val_mae: 0.0656, val_mse: 0.0086, val_r2: -18.0290, val_cc: 0.3253
Epoch 51, trian_loss: 0.0037, trian_mae: 0.0636, trian_mse:0.0074, trian_r2: -27.2201, trian_cc: 0.3294
Epoch 51, val_loss: 0.0042, val_mae: 0.0653, val_mse: 0.0085, val_r2: -24.7774, val_cc: 0.3308
Epoch 52, trian_loss: 0.0038, trian_mae: 0.0637, trian_mse:0.0075, trian_r2: -27.8511, trian_cc: 0.3288
Epoch 52, val_loss: 0.0042, val_mae: 0.0658, val_mse: 0.0084, val_r2: -22.1158, val_cc: 0.3280
Epoch 53, trian_loss: 0.0038, trian_mae: 0.0637, trian_mse:0.0075, trian_r2: -28.3828, trian_cc: 0.3290
Epoch 53, val_loss: 0.0043, val_mae: 0.0660, val_mse: 0.0086, val_r2: -28.2577, val_cc: 0.3313
Epoch 54, trian_loss: 0.0037, trian_mae: 0.0632, trian_mse:0.0074, trian_r2: -24.7471, trian_cc: 0.3325
Epoch 54, val_loss: 0.0042, val_mae: 0.0662, val_mse: 0.0084, val_r2: -26.0142, val_cc: 0.3309
Epoch 55, trian_loss: 0.0037, trian_mae: 0.0635, trian_mse:0.0075, trian_r2: -24.2854, trian_cc: 0.3314
Epoch 55, val_loss: 0.0044, val_mae: 0.0656, val_mse: 0.0088, val_r2: -35.1354, val_cc: 0.3325
Epoch 56, trian_loss: 0.0037, trian_mae: 0.0633, trian_mse:0.0074, trian_r2: -28.7084, trian_cc: 0.3317
Epoch 56, val_loss: 0.0043, val_mae: 0.0669, val_mse: 0.0086, val_r2: -34.8697, val_cc: 0.3290
Epoch 57, trian_loss: 0.0036, trian_mae: 0.0628, trian_mse:0.0073, trian_r2: -24.5658, trian_cc: 0.3342
Epoch 57, val_loss: 0.0044, val_mae: 0.0669, val_mse: 0.0089, val_r2: -24.2130, val_cc: 0.3226
Epoch 58, trian_loss: 0.0037, trian_mae: 0.0632, trian_mse:0.0074, trian_r2: -28.0970, trian_cc: 0.3301
Epoch 58, val_loss: 0.0042, val_mae: 0.0656, val_mse: 0.0085, val_r2: -18.7569, val_cc: 0.3265
Epoch 59, trian_loss: 0.0037, trian_mae: 0.0632, trian_mse:0.0074, trian_r2: -23.3921, trian_cc: 0.3292
Epoch 59, val_loss: 0.0045, val_mae: 0.0675, val_mse: 0.0089, val_r2: -22.5332, val_cc: 0.3253
Epoch 60, trian_loss: 0.0037, trian_mae: 0.0633, trian_mse:0.0074, trian_r2: -25.4614, trian_cc: 0.3314
Epoch 60, val_loss: 0.0042, val_mae: 0.0653, val_mse: 0.0084, val_r2: -37.3111, val_cc: 0.3273
Epoch 61, trian_loss: 0.0036, trian_mae: 0.0629, trian_mse:0.0073, trian_r2: -23.7892, trian_cc: 0.3321
Epoch 61, val_loss: 0.0042, val_mae: 0.0665, val_mse: 0.0085, val_r2: -25.5446, val_cc: 0.3256
Epoch 62, trian_loss: 0.0036, trian_mae: 0.0627, trian_mse:0.0073, trian_r2: -21.9608, trian_cc: 0.3339
Epoch 62, val_loss: 0.0042, val_mae: 0.0659, val_mse: 0.0083, val_r2: -37.2907, val_cc: 0.3241
Epoch 63, trian_loss: 0.0037, trian_mae: 0.0631, trian_mse:0.0073, trian_r2: -25.0420, trian_cc: 0.3339
Epoch 63, val_loss: 0.0042, val_mae: 0.0657, val_mse: 0.0084, val_r2: -26.7262, val_cc: 0.3297
Epoch 64, trian_loss: 0.0037, trian_mae: 0.0630, trian_mse:0.0073, trian_r2: -24.8297, trian_cc: 0.3331
Epoch 64, val_loss: 0.0044, val_mae: 0.0673, val_mse: 0.0088, val_r2: -40.4658, val_cc: 0.3220
Epoch 65, trian_loss: 0.0037, trian_mae: 0.0631, trian_mse:0.0074, trian_r2: -26.7432, trian_cc: 0.3337
Epoch 65, val_loss: 0.0043, val_mae: 0.0677, val_mse: 0.0085, val_r2: -29.7214, val_cc: 0.3230
Epoch 66, trian_loss: 0.0036, trian_mae: 0.0627, trian_mse:0.0072, trian_r2: -24.5389, trian_cc: 0.3326
Epoch 66, val_loss: 0.0044, val_mae: 0.0675, val_mse: 0.0088, val_r2: -27.4525, val_cc: 0.3276
Epoch 67, trian_loss: 0.0036, trian_mae: 0.0624, trian_mse:0.0072, trian_r2: -24.3954, trian_cc: 0.3354
Epoch 67, val_loss: 0.0045, val_mae: 0.0671, val_mse: 0.0090, val_r2: -31.8724, val_cc: 0.3286
Epoch 68, trian_loss: 0.0036, trian_mae: 0.0624, trian_mse:0.0072, trian_r2: -23.9172, trian_cc: 0.3348
Epoch 68, val_loss: 0.0041, val_mae: 0.0661, val_mse: 0.0083, val_r2: -37.8808, val_cc: 0.3259
Epoch 69, trian_loss: 0.0036, trian_mae: 0.0627, trian_mse:0.0072, trian_r2: -27.5172, trian_cc: 0.3336
Epoch 69, val_loss: 0.0044, val_mae: 0.0666, val_mse: 0.0088, val_r2: -30.7781, val_cc: 0.3120
Epoch 70, trian_loss: 0.0036, trian_mae: 0.0623, trian_mse:0.0071, trian_r2: -24.4540, trian_cc: 0.3332
Epoch 70, val_loss: 0.0043, val_mae: 0.0657, val_mse: 0.0087, val_r2: -29.3683, val_cc: 0.3279
Epoch 71, trian_loss: 0.0036, trian_mae: 0.0624, trian_mse:0.0072, trian_r2: -23.0182, trian_cc: 0.3341
Epoch 71, val_loss: 0.0044, val_mae: 0.0660, val_mse: 0.0088, val_r2: -30.4571, val_cc: 0.3280
Epoch 72, trian_loss: 0.0035, trian_mae: 0.0623, trian_mse:0.0071, trian_r2: -26.1161, trian_cc: 0.3341
Epoch 72, val_loss: 0.0044, val_mae: 0.0664, val_mse: 0.0088, val_r2: -38.9850, val_cc: 0.3290
Epoch 73, trian_loss: 0.0035, trian_mae: 0.0621, trian_mse:0.0071, trian_r2: -22.5519, trian_cc: 0.3352
Epoch 73, val_loss: 0.0043, val_mae: 0.0668, val_mse: 0.0085, val_r2: -29.3074, val_cc: 0.3282
Epoch 74, trian_loss: 0.0036, trian_mae: 0.0623, trian_mse:0.0071, trian_r2: -24.5345, trian_cc: 0.3340
Epoch 74, val_loss: 0.0044, val_mae: 0.0663, val_mse: 0.0087, val_r2: -25.1635, val_cc: 0.3277
Epoch 75, trian_loss: 0.0035, trian_mae: 0.0620, trian_mse:0.0070, trian_r2: -24.1565, trian_cc: 0.3368
Epoch 75, val_loss: 0.0043, val_mae: 0.0665, val_mse: 0.0087, val_r2: -32.6697, val_cc: 0.3300
Epoch 76, trian_loss: 0.0035, trian_mae: 0.0618, trian_mse:0.0070, trian_r2: -23.1932, trian_cc: 0.3368
Epoch 76, val_loss: 0.0044, val_mae: 0.0658, val_mse: 0.0088, val_r2: -44.2837, val_cc: 0.3280
Epoch 77, trian_loss: 0.0035, trian_mae: 0.0620, trian_mse:0.0071, trian_r2: -24.2296, trian_cc: 0.3348
Epoch 77, val_loss: 0.0043, val_mae: 0.0672, val_mse: 0.0086, val_r2: -26.2937, val_cc: 0.3278
Epoch 78, trian_loss: 0.0035, trian_mae: 0.0618, trian_mse:0.0070, trian_r2: -21.7613, trian_cc: 0.3372
Epoch 78, val_loss: 0.0043, val_mae: 0.0671, val_mse: 0.0086, val_r2: -28.5476, val_cc: 0.3277
Epoch 79, trian_loss: 0.0035, trian_mae: 0.0616, trian_mse:0.0070, trian_r2: -23.3021, trian_cc: 0.3378
Epoch 79, val_loss: 0.0044, val_mae: 0.0673, val_mse: 0.0087, val_r2: -27.4299, val_cc: 0.3284
Epoch 80, trian_loss: 0.0035, trian_mae: 0.0617, trian_mse:0.0069, trian_r2: -24.0832, trian_cc: 0.3366
Epoch 80, val_loss: 0.0044, val_mae: 0.0672, val_mse: 0.0088, val_r2: -28.4697, val_cc: 0.3283
Epoch 81, trian_loss: 0.0034, trian_mae: 0.0613, trian_mse:0.0069, trian_r2: -21.8859, trian_cc: 0.3388
Epoch 81, val_loss: 0.0044, val_mae: 0.0677, val_mse: 0.0087, val_r2: -26.8469, val_cc: 0.3244
Epoch 82, trian_loss: 0.0035, trian_mae: 0.0615, trian_mse:0.0069, trian_r2: -23.4571, trian_cc: 0.3380
Epoch 82, val_loss: 0.0044, val_mae: 0.0678, val_mse: 0.0088, val_r2: -23.9098, val_cc: 0.3283
Epoch 83, trian_loss: 0.0035, trian_mae: 0.0615, trian_mse:0.0069, trian_r2: -23.8125, trian_cc: 0.3368
Epoch 83, val_loss: 0.0043, val_mae: 0.0663, val_mse: 0.0085, val_r2: -27.0316, val_cc: 0.3295
Epoch 84, trian_loss: 0.0035, trian_mae: 0.0616, trian_mse:0.0069, trian_r2: -24.0862, trian_cc: 0.3387
Epoch 84, val_loss: 0.0044, val_mae: 0.0677, val_mse: 0.0088, val_r2: -23.0416, val_cc: 0.3278
Epoch 85, trian_loss: 0.0035, trian_mae: 0.0615, trian_mse:0.0069, trian_r2: -23.4812, trian_cc: 0.3381
Epoch 85, val_loss: 0.0043, val_mae: 0.0676, val_mse: 0.0087, val_r2: -23.1989, val_cc: 0.3288
Epoch 86, trian_loss: 0.0034, trian_mae: 0.0611, trian_mse:0.0068, trian_r2: -23.2783, trian_cc: 0.3408
Epoch 86, val_loss: 0.0044, val_mae: 0.0684, val_mse: 0.0088, val_r2: -22.0723, val_cc: 0.3257
Epoch 87, trian_loss: 0.0034, trian_mae: 0.0609, trian_mse:0.0068, trian_r2: -22.9226, trian_cc: 0.3411
Epoch 87, val_loss: 0.0044, val_mae: 0.0678, val_mse: 0.0088, val_r2: -21.3338, val_cc: 0.3268
Epoch 88, trian_loss: 0.0034, trian_mae: 0.0608, trian_mse:0.0068, trian_r2: -22.5037, trian_cc: 0.3422
Epoch 88, val_loss: 0.0043, val_mae: 0.0674, val_mse: 0.0086, val_r2: -22.1475, val_cc: 0.3259
Epoch 89, trian_loss: 0.0034, trian_mae: 0.0611, trian_mse:0.0068, trian_r2: -23.1015, trian_cc: 0.3415
Epoch 89, val_loss: 0.0044, val_mae: 0.0683, val_mse: 0.0088, val_r2: -22.1942, val_cc: 0.3264
Epoch 90, trian_loss: 0.0034, trian_mae: 0.0609, trian_mse:0.0068, trian_r2: -22.1939, trian_cc: 0.3426
Epoch 90, val_loss: 0.0043, val_mae: 0.0675, val_mse: 0.0087, val_r2: -22.8959, val_cc: 0.3275
Epoch 91, trian_loss: 0.0034, trian_mae: 0.0613, trian_mse:0.0069, trian_r2: -21.1561, trian_cc: 0.3407
Epoch 91, val_loss: 0.0043, val_mae: 0.0676, val_mse: 0.0086, val_r2: -21.2057, val_cc: 0.3270
Epoch 92, trian_loss: 0.0034, trian_mae: 0.0611, trian_mse:0.0069, trian_r2: -21.4191, trian_cc: 0.3424
Epoch 92, val_loss: 0.0043, val_mae: 0.0682, val_mse: 0.0086, val_r2: -24.5616, val_cc: 0.3262
Epoch 93, trian_loss: 0.0034, trian_mae: 0.0608, trian_mse:0.0068, trian_r2: -21.7468, trian_cc: 0.3427
Epoch 93, val_loss: 0.0044, val_mae: 0.0692, val_mse: 0.0089, val_r2: -26.1790, val_cc: 0.3267
Epoch 94, trian_loss: 0.0034, trian_mae: 0.0609, trian_mse:0.0068, trian_r2: -22.4273, trian_cc: 0.3420
Epoch 94, val_loss: 0.0043, val_mae: 0.0672, val_mse: 0.0086, val_r2: -25.1119, val_cc: 0.3253
Epoch 95, trian_loss: 0.0034, trian_mae: 0.0605, trian_mse:0.0068, trian_r2: -22.4398, trian_cc: 0.3458
Epoch 95, val_loss: 0.0044, val_mae: 0.0691, val_mse: 0.0089, val_r2: -20.6299, val_cc: 0.3282
Epoch 96, trian_loss: 0.0033, trian_mae: 0.0602, trian_mse:0.0067, trian_r2: -21.5209, trian_cc: 0.3478
Epoch 96, val_loss: 0.0044, val_mae: 0.0687, val_mse: 0.0088, val_r2: -20.8612, val_cc: 0.3272
Epoch 97, trian_loss: 0.0033, trian_mae: 0.0600, trian_mse:0.0066, trian_r2: -21.7536, trian_cc: 0.3484
Epoch 97, val_loss: 0.0043, val_mae: 0.0677, val_mse: 0.0087, val_r2: -23.8432, val_cc: 0.3284
Epoch 98, trian_loss: 0.0033, trian_mae: 0.0601, trian_mse:0.0067, trian_r2: -21.5431, trian_cc: 0.3473
Epoch 98, val_loss: 0.0044, val_mae: 0.0681, val_mse: 0.0087, val_r2: -21.1669, val_cc: 0.3287
Epoch 99, trian_loss: 0.0033, trian_mae: 0.0602, trian_mse:0.0067, trian_r2: -21.3818, trian_cc: 0.3483
Epoch 99, val_loss: 0.0045, val_mae: 0.0698, val_mse: 0.0089, val_r2: -21.2970, val_cc: 0.3256
