Trian Data: 532   Validation Data: 177  Test Data: 178
[1, 1, 1, 1]
[1, 1, 1]
[1, 1, 1]
[1, 1, 1]
model SENet(
  (conv1): Conv2d(61, 64, kernel_size=(3, 3), stride=(1, 1), padding=(1, 1), bias=False)
  (bn1): BatchNorm2d(64, eps=1e-05, momentum=0.1, affine=True, track_running_stats=True)
  (layer1): Sequential(
    (0): BasicBlock(
      (conv1): Conv2d(64, 64, kernel_size=(3, 3), stride=(1, 1), padding=(1, 1), bias=False)
      (bn1): BatchNorm2d(64, eps=1e-05, momentum=0.1, affine=True, track_running_stats=True)
      (conv2): Conv2d(64, 64, kernel_size=(3, 3), stride=(1, 1), padding=(1, 1), bias=False)
      (bn2): BatchNorm2d(64, eps=1e-05, momentum=0.1, affine=True, track_running_stats=True)
      (shortcut): Sequential()
      (fc1): Conv2d(64, 4, kernel_size=(1, 1), stride=(1, 1))
      (fc2): Conv2d(4, 64, kernel_size=(1, 1), stride=(1, 1))
    )
    (1): BasicBlock(
      (conv1): Conv2d(64, 64, kernel_size=(3, 3), stride=(1, 1), padding=(1, 1), bias=False)
      (bn1): BatchNorm2d(64, eps=1e-05, momentum=0.1, affine=True, track_running_stats=True)
      (conv2): Conv2d(64, 64, kernel_size=(3, 3), stride=(1, 1), padding=(1, 1), bias=False)
      (bn2): BatchNorm2d(64, eps=1e-05, momentum=0.1, affine=True, track_running_stats=True)
      (shortcut): Sequential()
      (fc1): Conv2d(64, 4, kernel_size=(1, 1), stride=(1, 1))
      (fc2): Conv2d(4, 64, kernel_size=(1, 1), stride=(1, 1))
    )
    (2): BasicBlock(
      (conv1): Conv2d(64, 64, kernel_size=(3, 3), stride=(1, 1), padding=(1, 1), bias=False)
      (bn1): BatchNorm2d(64, eps=1e-05, momentum=0.1, affine=True, track_running_stats=True)
      (conv2): Conv2d(64, 64, kernel_size=(3, 3), stride=(1, 1), padding=(1, 1), bias=False)
      (bn2): BatchNorm2d(64, eps=1e-05, momentum=0.1, affine=True, track_running_stats=True)
      (shortcut): Sequential()
      (fc1): Conv2d(64, 4, kernel_size=(1, 1), stride=(1, 1))
      (fc2): Conv2d(4, 64, kernel_size=(1, 1), stride=(1, 1))
    )
    (3): BasicBlock(
      (conv1): Conv2d(64, 64, kernel_size=(3, 3), stride=(1, 1), padding=(1, 1), bias=False)
      (bn1): BatchNorm2d(64, eps=1e-05, momentum=0.1, affine=True, track_running_stats=True)
      (conv2): Conv2d(64, 64, kernel_size=(3, 3), stride=(1, 1), padding=(1, 1), bias=False)
      (bn2): BatchNorm2d(64, eps=1e-05, momentum=0.1, affine=True, track_running_stats=True)
      (shortcut): Sequential()
      (fc1): Conv2d(64, 4, kernel_size=(1, 1), stride=(1, 1))
      (fc2): Conv2d(4, 64, kernel_size=(1, 1), stride=(1, 1))
    )
  )
  (layer2): Sequential(
    (0): BasicBlock(
      (conv1): Conv2d(64, 64, kernel_size=(3, 3), stride=(1, 1), padding=(1, 1), bias=False)
      (bn1): BatchNorm2d(64, eps=1e-05, momentum=0.1, affine=True, track_running_stats=True)
      (conv2): Conv2d(64, 64, kernel_size=(3, 3), stride=(1, 1), padding=(1, 1), bias=False)
      (bn2): BatchNorm2d(64, eps=1e-05, momentum=0.1, affine=True, track_running_stats=True)
      (shortcut): Sequential()
      (fc1): Conv2d(64, 4, kernel_size=(1, 1), stride=(1, 1))
      (fc2): Conv2d(4, 64, kernel_size=(1, 1), stride=(1, 1))
    )
    (1): BasicBlock(
      (conv1): Conv2d(64, 64, kernel_size=(3, 3), stride=(1, 1), padding=(1, 1), bias=False)
      (bn1): BatchNorm2d(64, eps=1e-05, momentum=0.1, affine=True, track_running_stats=True)
      (conv2): Conv2d(64, 64, kernel_size=(3, 3), stride=(1, 1), padding=(1, 1), bias=False)
      (bn2): BatchNorm2d(64, eps=1e-05, momentum=0.1, affine=True, track_running_stats=True)
      (shortcut): Sequential()
      (fc1): Conv2d(64, 4, kernel_size=(1, 1), stride=(1, 1))
      (fc2): Conv2d(4, 64, kernel_size=(1, 1), stride=(1, 1))
    )
    (2): BasicBlock(
      (conv1): Conv2d(64, 64, kernel_size=(3, 3), stride=(1, 1), padding=(1, 1), bias=False)
      (bn1): BatchNorm2d(64, eps=1e-05, momentum=0.1, affine=True, track_running_stats=True)
      (conv2): Conv2d(64, 64, kernel_size=(3, 3), stride=(1, 1), padding=(1, 1), bias=False)
      (bn2): BatchNorm2d(64, eps=1e-05, momentum=0.1, affine=True, track_running_stats=True)
      (shortcut): Sequential()
      (fc1): Conv2d(64, 4, kernel_size=(1, 1), stride=(1, 1))
      (fc2): Conv2d(4, 64, kernel_size=(1, 1), stride=(1, 1))
    )
  )
  (layer3): Sequential(
    (0): BasicBlock(
      (conv1): Conv2d(64, 64, kernel_size=(3, 3), stride=(1, 1), padding=(1, 1), bias=False)
      (bn1): BatchNorm2d(64, eps=1e-05, momentum=0.1, affine=True, track_running_stats=True)
      (conv2): Conv2d(64, 64, kernel_size=(3, 3), stride=(1, 1), padding=(1, 1), bias=False)
      (bn2): BatchNorm2d(64, eps=1e-05, momentum=0.1, affine=True, track_running_stats=True)
      (shortcut): Sequential()
      (fc1): Conv2d(64, 4, kernel_size=(1, 1), stride=(1, 1))
      (fc2): Conv2d(4, 64, kernel_size=(1, 1), stride=(1, 1))
    )
    (1): BasicBlock(
      (conv1): Conv2d(64, 64, kernel_size=(3, 3), stride=(1, 1), padding=(1, 1), bias=False)
      (bn1): BatchNorm2d(64, eps=1e-05, momentum=0.1, affine=True, track_running_stats=True)
      (conv2): Conv2d(64, 64, kernel_size=(3, 3), stride=(1, 1), padding=(1, 1), bias=False)
      (bn2): BatchNorm2d(64, eps=1e-05, momentum=0.1, affine=True, track_running_stats=True)
      (shortcut): Sequential()
      (fc1): Conv2d(64, 4, kernel_size=(1, 1), stride=(1, 1))
      (fc2): Conv2d(4, 64, kernel_size=(1, 1), stride=(1, 1))
    )
    (2): BasicBlock(
      (conv1): Conv2d(64, 64, kernel_size=(3, 3), stride=(1, 1), padding=(1, 1), bias=False)
      (bn1): BatchNorm2d(64, eps=1e-05, momentum=0.1, affine=True, track_running_stats=True)
      (conv2): Conv2d(64, 64, kernel_size=(3, 3), stride=(1, 1), padding=(1, 1), bias=False)
      (bn2): BatchNorm2d(64, eps=1e-05, momentum=0.1, affine=True, track_running_stats=True)
      (shortcut): Sequential()
      (fc1): Conv2d(64, 4, kernel_size=(1, 1), stride=(1, 1))
      (fc2): Conv2d(4, 64, kernel_size=(1, 1), stride=(1, 1))
    )
  )
  (layer4): Sequential(
    (0): BasicBlock(
      (conv1): Conv2d(64, 64, kernel_size=(3, 3), stride=(1, 1), padding=(1, 1), bias=False)
      (bn1): BatchNorm2d(64, eps=1e-05, momentum=0.1, affine=True, track_running_stats=True)
      (conv2): Conv2d(64, 64, kernel_size=(3, 3), stride=(1, 1), padding=(1, 1), bias=False)
      (bn2): BatchNorm2d(64, eps=1e-05, momentum=0.1, affine=True, track_running_stats=True)
      (shortcut): Sequential()
      (fc1): Conv2d(64, 4, kernel_size=(1, 1), stride=(1, 1))
      (fc2): Conv2d(4, 64, kernel_size=(1, 1), stride=(1, 1))
    )
    (1): BasicBlock(
      (conv1): Conv2d(64, 64, kernel_size=(3, 3), stride=(1, 1), padding=(1, 1), bias=False)
      (bn1): BatchNorm2d(64, eps=1e-05, momentum=0.1, affine=True, track_running_stats=True)
      (conv2): Conv2d(64, 64, kernel_size=(3, 3), stride=(1, 1), padding=(1, 1), bias=False)
      (bn2): BatchNorm2d(64, eps=1e-05, momentum=0.1, affine=True, track_running_stats=True)
      (shortcut): Sequential()
      (fc1): Conv2d(64, 4, kernel_size=(1, 1), stride=(1, 1))
      (fc2): Conv2d(4, 64, kernel_size=(1, 1), stride=(1, 1))
    )
    (2): BasicBlock(
      (conv1): Conv2d(64, 64, kernel_size=(3, 3), stride=(1, 1), padding=(1, 1), bias=False)
      (bn1): BatchNorm2d(64, eps=1e-05, momentum=0.1, affine=True, track_running_stats=True)
      (conv2): Conv2d(64, 64, kernel_size=(3, 3), stride=(1, 1), padding=(1, 1), bias=False)
      (bn2): BatchNorm2d(64, eps=1e-05, momentum=0.1, affine=True, track_running_stats=True)
      (shortcut): Sequential()
      (fc1): Conv2d(64, 4, kernel_size=(1, 1), stride=(1, 1))
      (fc2): Conv2d(4, 64, kernel_size=(1, 1), stride=(1, 1))
    )
  )
  (cnn): CNNnet(
    (conv1): Sequential(
      (0): Conv2d(64, 32, kernel_size=(3, 3), stride=(1, 1), padding=(1, 1))
      (1): BatchNorm2d(32, eps=1e-05, momentum=0.1, affine=True, track_running_stats=True)
      (2): ReLU()
    )
    (conv2): Sequential(
      (0): Conv2d(32, 16, kernel_size=(3, 3), stride=(1, 1), padding=(1, 1))
      (1): BatchNorm2d(16, eps=1e-05, momentum=0.1, affine=True, track_running_stats=True)
      (2): ReLU()
    )
    (conv3): Sequential(
      (0): Conv2d(16, 1, kernel_size=(3, 3), stride=(1, 1), padding=(1, 1))
      (1): BatchNorm2d(1, eps=1e-05, momentum=0.1, affine=True, track_running_stats=True)
      (2): ReLU()
    )
  )
)
Epoch  0, trian_loss: 0.0073, trian_mae: 0.0911, trian_mse:0.0148, trian_r2: -28.3571, trian_cc: 0.1383
Epoch  0, val_loss: 0.0064, val_mae: 0.0919, val_mse: 0.0129, val_r2: -20.8672, val_cc: 0.1092
Epoch  1, trian_loss: 0.0060, trian_mae: 0.0877, trian_mse:0.0120, trian_r2: -178.9749, trian_cc: 0.1555
Epoch  1, val_loss: 0.0059, val_mae: 0.0872, val_mse: 0.0118, val_r2: -159.7575, val_cc: 0.1776
Epoch  2, trian_loss: 0.0059, trian_mae: 0.0873, trian_mse:0.0118, trian_r2: -147.4696, trian_cc: 0.1745
Epoch  2, val_loss: 0.0059, val_mae: 0.0871, val_mse: 0.0118, val_r2: -175.3217, val_cc: 0.1808
Epoch  3, trian_loss: 0.0059, trian_mae: 0.0873, trian_mse:0.0118, trian_r2: -155.4006, trian_cc: 0.1764
Epoch  3, val_loss: 0.0059, val_mae: 0.0871, val_mse: 0.0118, val_r2: -169.4086, val_cc: 0.1849
Epoch  4, trian_loss: 0.0059, trian_mae: 0.0872, trian_mse:0.0118, trian_r2: -132.0576, trian_cc: 0.1819
Epoch  4, val_loss: 0.0059, val_mae: 0.0869, val_mse: 0.0117, val_r2: -131.1144, val_cc: 0.1882
Epoch  5, trian_loss: 0.0059, trian_mae: 0.0871, trian_mse:0.0118, trian_r2: -125.0185, trian_cc: 0.1829
Epoch  5, val_loss: 0.0059, val_mae: 0.0868, val_mse: 0.0117, val_r2: -155.4326, val_cc: 0.1968
Epoch  6, trian_loss: 0.0059, trian_mae: 0.0869, trian_mse:0.0118, trian_r2: -103.8598, trian_cc: 0.1885
Epoch  6, val_loss: 0.0059, val_mae: 0.0867, val_mse: 0.0117, val_r2: -155.8306, val_cc: 0.1965
Epoch  7, trian_loss: 0.0059, trian_mae: 0.0866, trian_mse:0.0117, trian_r2: -89.0308, trian_cc: 0.1985
Epoch  7, val_loss: 0.0058, val_mae: 0.0862, val_mse: 0.0117, val_r2: -86.7482, val_cc: 0.2039
Epoch  8, trian_loss: 0.0058, trian_mae: 0.0864, trian_mse:0.0117, trian_r2: -74.0163, trian_cc: 0.2052
Epoch  8, val_loss: 0.0058, val_mae: 0.0858, val_mse: 0.0117, val_r2: -85.0509, val_cc: 0.2101
Epoch  9, trian_loss: 0.0058, trian_mae: 0.0861, trian_mse:0.0117, trian_r2: -64.0841, trian_cc: 0.2111
Epoch  9, val_loss: 0.0058, val_mae: 0.0861, val_mse: 0.0116, val_r2: -76.7625, val_cc: 0.2131
Epoch 10, trian_loss: 0.0058, trian_mae: 0.0861, trian_mse:0.0116, trian_r2: -64.6687, trian_cc: 0.2107
Epoch 10, val_loss: 0.0058, val_mae: 0.0861, val_mse: 0.0116, val_r2: -75.1629, val_cc: 0.2136
Epoch 11, trian_loss: 0.0058, trian_mae: 0.0858, trian_mse:0.0116, trian_r2: -56.1880, trian_cc: 0.2190
Epoch 11, val_loss: 0.0058, val_mae: 0.0859, val_mse: 0.0116, val_r2: -71.2305, val_cc: 0.2227
Epoch 12, trian_loss: 0.0058, trian_mae: 0.0857, trian_mse:0.0116, trian_r2: -55.1192, trian_cc: 0.2221
Epoch 12, val_loss: 0.0058, val_mae: 0.0850, val_mse: 0.0116, val_r2: -54.5312, val_cc: 0.2289
Epoch 13, trian_loss: 0.0058, trian_mae: 0.0856, trian_mse:0.0115, trian_r2: -53.8129, trian_cc: 0.2266
Epoch 13, val_loss: 0.0057, val_mae: 0.0854, val_mse: 0.0115, val_r2: -60.0805, val_cc: 0.2294
Epoch 14, trian_loss: 0.0058, trian_mae: 0.0853, trian_mse:0.0115, trian_r2: -52.5042, trian_cc: 0.2289
Epoch 14, val_loss: 0.0058, val_mae: 0.0845, val_mse: 0.0116, val_r2: -45.9071, val_cc: 0.2328
Epoch 15, trian_loss: 0.0057, trian_mae: 0.0851, trian_mse:0.0115, trian_r2: -52.0437, trian_cc: 0.2344
Epoch 15, val_loss: 0.0058, val_mae: 0.0843, val_mse: 0.0115, val_r2: -49.4034, val_cc: 0.2370
Epoch 16, trian_loss: 0.0057, trian_mae: 0.0853, trian_mse:0.0115, trian_r2: -53.6154, trian_cc: 0.2350
Epoch 16, val_loss: 0.0058, val_mae: 0.0863, val_mse: 0.0115, val_r2: -61.2851, val_cc: 0.2284
Epoch 17, trian_loss: 0.0057, trian_mae: 0.0850, trian_mse:0.0115, trian_r2: -51.2626, trian_cc: 0.2365
Epoch 17, val_loss: 0.0057, val_mae: 0.0846, val_mse: 0.0114, val_r2: -44.0577, val_cc: 0.2382
Epoch 18, trian_loss: 0.0057, trian_mae: 0.0850, trian_mse:0.0115, trian_r2: -52.4758, trian_cc: 0.2397
Epoch 18, val_loss: 0.0057, val_mae: 0.0842, val_mse: 0.0115, val_r2: -41.6207, val_cc: 0.2406
Epoch 19, trian_loss: 0.0057, trian_mae: 0.0849, trian_mse:0.0114, trian_r2: -51.7646, trian_cc: 0.2416
Epoch 19, val_loss: 0.0057, val_mae: 0.0842, val_mse: 0.0114, val_r2: -39.3180, val_cc: 0.2430
Epoch 20, trian_loss: 0.0057, trian_mae: 0.0849, trian_mse:0.0114, trian_r2: -48.4869, trian_cc: 0.2428
Epoch 20, val_loss: 0.0057, val_mae: 0.0843, val_mse: 0.0114, val_r2: -40.0680, val_cc: 0.2449
Epoch 21, trian_loss: 0.0057, trian_mae: 0.0849, trian_mse:0.0114, trian_r2: -46.0778, trian_cc: 0.2432
Epoch 21, val_loss: 0.0061, val_mae: 0.0835, val_mse: 0.0122, val_r2: -27.5334, val_cc: 0.2214
Epoch 22, trian_loss: 0.0057, trian_mae: 0.0849, trian_mse:0.0114, trian_r2: -45.2639, trian_cc: 0.2431
Epoch 22, val_loss: 0.0057, val_mae: 0.0839, val_mse: 0.0115, val_r2: -36.2110, val_cc: 0.2448
Epoch 23, trian_loss: 0.0057, trian_mae: 0.0846, trian_mse:0.0114, trian_r2: -36.8042, trian_cc: 0.2465
Epoch 23, val_loss: 0.0057, val_mae: 0.0842, val_mse: 0.0114, val_r2: -43.8882, val_cc: 0.2462
Epoch 24, trian_loss: 0.0057, trian_mae: 0.0847, trian_mse:0.0114, trian_r2: -37.1507, trian_cc: 0.2480
Epoch 24, val_loss: 0.0058, val_mae: 0.0840, val_mse: 0.0115, val_r2: -37.9058, val_cc: 0.2464
Epoch 25, trian_loss: 0.0057, trian_mae: 0.0847, trian_mse:0.0114, trian_r2: -41.0305, trian_cc: 0.2458
Epoch 25, val_loss: 0.0057, val_mae: 0.0838, val_mse: 0.0114, val_r2: -31.0014, val_cc: 0.2486
Epoch 26, trian_loss: 0.0057, trian_mae: 0.0846, trian_mse:0.0114, trian_r2: -36.3411, trian_cc: 0.2489
Epoch 26, val_loss: 0.0057, val_mae: 0.0840, val_mse: 0.0114, val_r2: -38.8379, val_cc: 0.2496
Epoch 27, trian_loss: 0.0057, trian_mae: 0.0846, trian_mse:0.0113, trian_r2: -36.0209, trian_cc: 0.2494
Epoch 27, val_loss: 0.0057, val_mae: 0.0839, val_mse: 0.0114, val_r2: -35.0073, val_cc: 0.2500
Epoch 28, trian_loss: 0.0057, trian_mae: 0.0846, trian_mse:0.0113, trian_r2: -34.9626, trian_cc: 0.2504
Epoch 28, val_loss: 0.0057, val_mae: 0.0839, val_mse: 0.0114, val_r2: -34.1917, val_cc: 0.2505
Epoch 29, trian_loss: 0.0057, trian_mae: 0.0849, trian_mse:0.0114, trian_r2: -42.1148, trian_cc: 0.2463
Epoch 29, val_loss: 0.0057, val_mae: 0.0838, val_mse: 0.0114, val_r2: -35.8348, val_cc: 0.2508
Epoch 30, trian_loss: 0.0057, trian_mae: 0.0849, trian_mse:0.0114, trian_r2: -47.1074, trian_cc: 0.2411
Epoch 30, val_loss: 0.0057, val_mae: 0.0845, val_mse: 0.0114, val_r2: -38.7486, val_cc: 0.2463
Epoch 31, trian_loss: 0.0057, trian_mae: 0.0848, trian_mse:0.0114, trian_r2: -44.4244, trian_cc: 0.2449
Epoch 31, val_loss: 0.0057, val_mae: 0.0846, val_mse: 0.0114, val_r2: -37.4932, val_cc: 0.2480
Epoch 32, trian_loss: 0.0057, trian_mae: 0.0849, trian_mse:0.0114, trian_r2: -46.3884, trian_cc: 0.2464
Epoch 32, val_loss: 0.0057, val_mae: 0.0840, val_mse: 0.0114, val_r2: -32.1564, val_cc: 0.2502
Epoch 33, trian_loss: 0.0057, trian_mae: 0.0846, trian_mse:0.0114, trian_r2: -39.4069, trian_cc: 0.2498
Epoch 33, val_loss: 0.0057, val_mae: 0.0841, val_mse: 0.0114, val_r2: -31.2267, val_cc: 0.2531
Epoch 34, trian_loss: 0.0057, trian_mae: 0.0846, trian_mse:0.0114, trian_r2: -37.2594, trian_cc: 0.2495
Epoch 34, val_loss: 0.0057, val_mae: 0.0838, val_mse: 0.0114, val_r2: -28.3277, val_cc: 0.2530
Epoch 35, trian_loss: 0.0056, trian_mae: 0.0844, trian_mse:0.0113, trian_r2: -31.3469, trian_cc: 0.2546
Epoch 35, val_loss: 0.0056, val_mae: 0.0840, val_mse: 0.0113, val_r2: -30.3423, val_cc: 0.2554
Epoch 36, trian_loss: 0.0056, trian_mae: 0.0842, trian_mse:0.0113, trian_r2: -31.6102, trian_cc: 0.2560
Epoch 36, val_loss: 0.0057, val_mae: 0.0839, val_mse: 0.0113, val_r2: -26.7801, val_cc: 0.2561
Epoch 37, trian_loss: 0.0056, trian_mae: 0.0843, trian_mse:0.0113, trian_r2: -31.4243, trian_cc: 0.2559
Epoch 37, val_loss: 0.0056, val_mae: 0.0839, val_mse: 0.0113, val_r2: -31.9843, val_cc: 0.2551
Epoch 38, trian_loss: 0.0056, trian_mae: 0.0842, trian_mse:0.0112, trian_r2: -31.4864, trian_cc: 0.2569
Epoch 38, val_loss: 0.0056, val_mae: 0.0840, val_mse: 0.0113, val_r2: -37.9258, val_cc: 0.2551
Epoch 39, trian_loss: 0.0056, trian_mae: 0.0842, trian_mse:0.0112, trian_r2: -33.7738, trian_cc: 0.2565
Epoch 39, val_loss: 0.0056, val_mae: 0.0842, val_mse: 0.0113, val_r2: -41.7575, val_cc: 0.2571
Epoch 40, trian_loss: 0.0056, trian_mae: 0.0842, trian_mse:0.0113, trian_r2: -35.1527, trian_cc: 0.2572
Epoch 40, val_loss: 0.0057, val_mae: 0.0838, val_mse: 0.0113, val_r2: -30.3181, val_cc: 0.2578
Epoch 41, trian_loss: 0.0056, trian_mae: 0.0842, trian_mse:0.0113, trian_r2: -34.1724, trian_cc: 0.2574
Epoch 41, val_loss: 0.0057, val_mae: 0.0845, val_mse: 0.0113, val_r2: -42.7965, val_cc: 0.2532
Epoch 42, trian_loss: 0.0056, trian_mae: 0.0842, trian_mse:0.0113, trian_r2: -35.7376, trian_cc: 0.2571
Epoch 42, val_loss: 0.0057, val_mae: 0.0837, val_mse: 0.0113, val_r2: -28.3530, val_cc: 0.2565
Epoch 43, trian_loss: 0.0056, trian_mae: 0.0841, trian_mse:0.0112, trian_r2: -31.2417, trian_cc: 0.2593
Epoch 43, val_loss: 0.0057, val_mae: 0.0838, val_mse: 0.0113, val_r2: -37.1269, val_cc: 0.2588
Epoch 44, trian_loss: 0.0056, trian_mae: 0.0841, trian_mse:0.0112, trian_r2: -33.4678, trian_cc: 0.2596
Epoch 44, val_loss: 0.0056, val_mae: 0.0840, val_mse: 0.0113, val_r2: -38.6545, val_cc: 0.2602
Epoch 45, trian_loss: 0.0056, trian_mae: 0.0841, trian_mse:0.0112, trian_r2: -33.9481, trian_cc: 0.2599
Epoch 45, val_loss: 0.0057, val_mae: 0.0836, val_mse: 0.0113, val_r2: -28.2174, val_cc: 0.2554
Epoch 46, trian_loss: 0.0057, trian_mae: 0.0842, trian_mse:0.0113, trian_r2: -42.5224, trian_cc: 0.2560
Epoch 46, val_loss: 0.0056, val_mae: 0.0838, val_mse: 0.0113, val_r2: -25.3430, val_cc: 0.2587
Epoch 47, trian_loss: 0.0056, trian_mae: 0.0840, trian_mse:0.0112, trian_r2: -30.8155, trian_cc: 0.2606
Epoch 47, val_loss: 0.0057, val_mae: 0.0836, val_mse: 0.0114, val_r2: -25.9175, val_cc: 0.2558
Epoch 48, trian_loss: 0.0056, trian_mae: 0.0842, trian_mse:0.0112, trian_r2: -33.8704, trian_cc: 0.2594
Epoch 48, val_loss: 0.0057, val_mae: 0.0837, val_mse: 0.0113, val_r2: -30.8767, val_cc: 0.2606
Epoch 49, trian_loss: 0.0056, trian_mae: 0.0841, trian_mse:0.0112, trian_r2: -33.0813, trian_cc: 0.2606
Epoch 49, val_loss: 0.0056, val_mae: 0.0837, val_mse: 0.0112, val_r2: -26.4305, val_cc: 0.2676
Epoch 50, trian_loss: 0.0056, trian_mae: 0.0841, trian_mse:0.0112, trian_r2: -36.1217, trian_cc: 0.2619
Epoch 50, val_loss: 0.0056, val_mae: 0.0836, val_mse: 0.0112, val_r2: -27.2760, val_cc: 0.2663
Epoch 51, trian_loss: 0.0056, trian_mae: 0.0838, trian_mse:0.0112, trian_r2: -29.1576, trian_cc: 0.2697
Epoch 51, val_loss: 0.0057, val_mae: 0.0831, val_mse: 0.0113, val_r2: -26.4210, val_cc: 0.2688
Epoch 52, trian_loss: 0.0056, trian_mae: 0.0834, trian_mse:0.0111, trian_r2: -28.0093, trian_cc: 0.2824
Epoch 52, val_loss: 0.0057, val_mae: 0.0833, val_mse: 0.0114, val_r2: -34.8300, val_cc: 0.2752
Epoch 53, trian_loss: 0.0055, trian_mae: 0.0832, trian_mse:0.0111, trian_r2: -27.1674, trian_cc: 0.2926
Epoch 53, val_loss: 0.0055, val_mae: 0.0828, val_mse: 0.0109, val_r2: -15.6120, val_cc: 0.3091
Epoch 54, trian_loss: 0.0055, trian_mae: 0.0828, trian_mse:0.0110, trian_r2: -18.1750, trian_cc: 0.3068
Epoch 54, val_loss: 0.0055, val_mae: 0.0826, val_mse: 0.0111, val_r2: -17.5880, val_cc: 0.3026
Epoch 55, trian_loss: 0.0055, trian_mae: 0.0827, trian_mse:0.0110, trian_r2: -18.4229, trian_cc: 0.3124
Epoch 55, val_loss: 0.0055, val_mae: 0.0823, val_mse: 0.0110, val_r2: -14.1315, val_cc: 0.3151
Epoch 56, trian_loss: 0.0054, trian_mae: 0.0823, trian_mse:0.0109, trian_r2: -15.0588, trian_cc: 0.3195
Epoch 56, val_loss: 0.0055, val_mae: 0.0822, val_mse: 0.0111, val_r2: -16.4267, val_cc: 0.3182
Epoch 57, trian_loss: 0.0055, trian_mae: 0.0825, trian_mse:0.0109, trian_r2: -15.8660, trian_cc: 0.3166
Epoch 57, val_loss: 0.0056, val_mae: 0.0830, val_mse: 0.0112, val_r2: -25.4443, val_cc: 0.2888
Epoch 58, trian_loss: 0.0055, trian_mae: 0.0827, trian_mse:0.0109, trian_r2: -18.8212, trian_cc: 0.3115
Epoch 58, val_loss: 0.0055, val_mae: 0.0825, val_mse: 0.0111, val_r2: -15.3223, val_cc: 0.3101
Epoch 59, trian_loss: 0.0054, trian_mae: 0.0823, trian_mse:0.0109, trian_r2: -14.7358, trian_cc: 0.3195
Epoch 59, val_loss: 0.0054, val_mae: 0.0821, val_mse: 0.0108, val_r2: -13.2813, val_cc: 0.3271
Epoch 60, trian_loss: 0.0054, trian_mae: 0.0821, trian_mse:0.0108, trian_r2: -12.9918, trian_cc: 0.3264
Epoch 60, val_loss: 0.0054, val_mae: 0.0821, val_mse: 0.0108, val_r2: -13.2924, val_cc: 0.3287
Epoch 61, trian_loss: 0.0054, trian_mae: 0.0822, trian_mse:0.0108, trian_r2: -13.4195, trian_cc: 0.3260
Epoch 61, val_loss: 0.0054, val_mae: 0.0821, val_mse: 0.0109, val_r2: -13.4606, val_cc: 0.3267
Epoch 62, trian_loss: 0.0054, trian_mae: 0.0821, trian_mse:0.0108, trian_r2: -13.7256, trian_cc: 0.3291
Epoch 62, val_loss: 0.0055, val_mae: 0.0821, val_mse: 0.0110, val_r2: -16.2422, val_cc: 0.3281
Epoch 63, trian_loss: 0.0054, trian_mae: 0.0819, trian_mse:0.0108, trian_r2: -11.7875, trian_cc: 0.3335
Epoch 63, val_loss: 0.0055, val_mae: 0.0820, val_mse: 0.0109, val_r2: -18.5084, val_cc: 0.3309
Epoch 64, trian_loss: 0.0054, trian_mae: 0.0819, trian_mse:0.0107, trian_r2: -12.0166, trian_cc: 0.3367
Epoch 64, val_loss: 0.0054, val_mae: 0.0815, val_mse: 0.0108, val_r2: -10.4087, val_cc: 0.3393
Epoch 65, trian_loss: 0.0054, trian_mae: 0.0818, trian_mse:0.0107, trian_r2: -11.6689, trian_cc: 0.3380
Epoch 65, val_loss: 0.0054, val_mae: 0.0815, val_mse: 0.0108, val_r2: -8.9071, val_cc: 0.3391
Epoch 66, trian_loss: 0.0054, trian_mae: 0.0818, trian_mse:0.0107, trian_r2: -11.6083, trian_cc: 0.3391
Epoch 66, val_loss: 0.0053, val_mae: 0.0815, val_mse: 0.0107, val_r2: -10.9786, val_cc: 0.3435
Epoch 67, trian_loss: 0.0053, trian_mae: 0.0816, trian_mse:0.0107, trian_r2: -10.8778, trian_cc: 0.3413
Epoch 67, val_loss: 0.0054, val_mae: 0.0816, val_mse: 0.0107, val_r2: -14.6069, val_cc: 0.3404
Epoch 68, trian_loss: 0.0053, trian_mae: 0.0815, trian_mse:0.0106, trian_r2: -11.2604, trian_cc: 0.3429
Epoch 68, val_loss: 0.0053, val_mae: 0.0813, val_mse: 0.0107, val_r2: -10.6831, val_cc: 0.3450
Epoch 69, trian_loss: 0.0053, trian_mae: 0.0815, trian_mse:0.0106, trian_r2: -10.9675, trian_cc: 0.3453
Epoch 69, val_loss: 0.0054, val_mae: 0.0816, val_mse: 0.0107, val_r2: -15.0192, val_cc: 0.3460
Epoch 70, trian_loss: 0.0053, trian_mae: 0.0816, trian_mse:0.0107, trian_r2: -11.0887, trian_cc: 0.3438
Epoch 70, val_loss: 0.0053, val_mae: 0.0813, val_mse: 0.0107, val_r2: -12.8943, val_cc: 0.3452
Epoch 71, trian_loss: 0.0053, trian_mae: 0.0814, trian_mse:0.0106, trian_r2: -10.4772, trian_cc: 0.3479
Epoch 71, val_loss: 0.0053, val_mae: 0.0814, val_mse: 0.0107, val_r2: -13.3461, val_cc: 0.3494
Epoch 72, trian_loss: 0.0053, trian_mae: 0.0811, trian_mse:0.0105, trian_r2: -10.1534, trian_cc: 0.3497
Epoch 72, val_loss: 0.0053, val_mae: 0.0812, val_mse: 0.0107, val_r2: -10.7626, val_cc: 0.3514
Epoch 73, trian_loss: 0.0052, trian_mae: 0.0810, trian_mse:0.0105, trian_r2: -10.0338, trian_cc: 0.3517
Epoch 73, val_loss: 0.0054, val_mae: 0.0814, val_mse: 0.0107, val_r2: -14.6000, val_cc: 0.3420
Epoch 74, trian_loss: 0.0053, trian_mae: 0.0812, trian_mse:0.0106, trian_r2: -12.0273, trian_cc: 0.3444
Epoch 74, val_loss: 0.0053, val_mae: 0.0812, val_mse: 0.0106, val_r2: -9.1162, val_cc: 0.3551
Epoch 75, trian_loss: 0.0052, trian_mae: 0.0810, trian_mse:0.0105, trian_r2: -11.2309, trian_cc: 0.3517
Epoch 75, val_loss: 0.0053, val_mae: 0.0817, val_mse: 0.0106, val_r2: -11.6852, val_cc: 0.3549
Epoch 76, trian_loss: 0.0052, trian_mae: 0.0809, trian_mse:0.0104, trian_r2: -9.6070, trian_cc: 0.3543
Epoch 76, val_loss: 0.0053, val_mae: 0.0817, val_mse: 0.0107, val_r2: -12.7929, val_cc: 0.3500
Epoch 77, trian_loss: 0.0052, trian_mae: 0.0808, trian_mse:0.0104, trian_r2: -9.1142, trian_cc: 0.3564
Epoch 77, val_loss: 0.0053, val_mae: 0.0811, val_mse: 0.0105, val_r2: -10.0677, val_cc: 0.3586
Epoch 78, trian_loss: 0.0052, trian_mae: 0.0806, trian_mse:0.0104, trian_r2: -9.5181, trian_cc: 0.3555
Epoch 78, val_loss: 0.0052, val_mae: 0.0815, val_mse: 0.0105, val_r2: -10.4336, val_cc: 0.3558
Epoch 79, trian_loss: 0.0052, trian_mae: 0.0806, trian_mse:0.0104, trian_r2: -9.2338, trian_cc: 0.3574
Epoch 79, val_loss: 0.0053, val_mae: 0.0808, val_mse: 0.0106, val_r2: -11.7023, val_cc: 0.3615
Epoch 80, trian_loss: 0.0052, trian_mae: 0.0807, trian_mse:0.0104, trian_r2: -9.8693, trian_cc: 0.3573
Epoch 80, val_loss: 0.0054, val_mae: 0.0814, val_mse: 0.0108, val_r2: -18.5747, val_cc: 0.3469
Epoch 81, trian_loss: 0.0052, trian_mae: 0.0805, trian_mse:0.0103, trian_r2: -9.0581, trian_cc: 0.3610
Epoch 81, val_loss: 0.0053, val_mae: 0.0809, val_mse: 0.0105, val_r2: -10.4751, val_cc: 0.3557
Epoch 82, trian_loss: 0.0051, trian_mae: 0.0804, trian_mse:0.0103, trian_r2: -9.0998, trian_cc: 0.3603
Epoch 82, val_loss: 0.0053, val_mae: 0.0809, val_mse: 0.0106, val_r2: -12.8609, val_cc: 0.3563
Epoch 83, trian_loss: 0.0051, trian_mae: 0.0803, trian_mse:0.0103, trian_r2: -8.9784, trian_cc: 0.3624
Epoch 83, val_loss: 0.0053, val_mae: 0.0809, val_mse: 0.0105, val_r2: -10.7852, val_cc: 0.3601
Epoch 84, trian_loss: 0.0052, trian_mae: 0.0806, trian_mse:0.0103, trian_r2: -9.5249, trian_cc: 0.3581
Epoch 84, val_loss: 0.0052, val_mae: 0.0811, val_mse: 0.0105, val_r2: -12.2498, val_cc: 0.3551
Epoch 85, trian_loss: 0.0052, trian_mae: 0.0806, trian_mse:0.0103, trian_r2: -9.9925, trian_cc: 0.3577
Epoch 85, val_loss: 0.0053, val_mae: 0.0809, val_mse: 0.0105, val_r2: -9.7535, val_cc: 0.3616
Epoch 86, trian_loss: 0.0051, trian_mae: 0.0802, trian_mse:0.0102, trian_r2: -9.0108, trian_cc: 0.3661
Epoch 86, val_loss: 0.0053, val_mae: 0.0808, val_mse: 0.0106, val_r2: -10.4261, val_cc: 0.3609
Epoch 87, trian_loss: 0.0051, trian_mae: 0.0801, trian_mse:0.0102, trian_r2: -8.7451, trian_cc: 0.3664
Epoch 87, val_loss: 0.0052, val_mae: 0.0809, val_mse: 0.0104, val_r2: -9.9765, val_cc: 0.3659
Epoch 88, trian_loss: 0.0051, trian_mae: 0.0801, trian_mse:0.0102, trian_r2: -8.6818, trian_cc: 0.3651
Epoch 88, val_loss: 0.0052, val_mae: 0.0810, val_mse: 0.0105, val_r2: -11.9214, val_cc: 0.3582
Epoch 89, trian_loss: 0.0051, trian_mae: 0.0801, trian_mse:0.0102, trian_r2: -9.2478, trian_cc: 0.3659
Epoch 89, val_loss: 0.0053, val_mae: 0.0812, val_mse: 0.0105, val_r2: -13.9604, val_cc: 0.3594
Epoch 90, trian_loss: 0.0052, trian_mae: 0.0804, trian_mse:0.0103, trian_r2: -10.0458, trian_cc: 0.3617
Epoch 90, val_loss: 0.0052, val_mae: 0.0806, val_mse: 0.0104, val_r2: -9.2592, val_cc: 0.3678
Epoch 91, trian_loss: 0.0051, trian_mae: 0.0799, trian_mse:0.0101, trian_r2: -8.3313, trian_cc: 0.3713
Epoch 91, val_loss: 0.0053, val_mae: 0.0806, val_mse: 0.0105, val_r2: -11.0989, val_cc: 0.3656
Epoch 92, trian_loss: 0.0051, trian_mae: 0.0799, trian_mse:0.0102, trian_r2: -8.5203, trian_cc: 0.3726
Epoch 92, val_loss: 0.0053, val_mae: 0.0806, val_mse: 0.0106, val_r2: -13.2812, val_cc: 0.3657
Epoch 93, trian_loss: 0.0051, trian_mae: 0.0798, trian_mse:0.0101, trian_r2: -8.6220, trian_cc: 0.3729
Epoch 93, val_loss: 0.0053, val_mae: 0.0809, val_mse: 0.0106, val_r2: -16.6153, val_cc: 0.3649
Epoch 94, trian_loss: 0.0051, trian_mae: 0.0798, trian_mse:0.0102, trian_r2: -8.4281, trian_cc: 0.3715
Epoch 94, val_loss: 0.0052, val_mae: 0.0809, val_mse: 0.0105, val_r2: -12.9102, val_cc: 0.3676
Epoch 95, trian_loss: 0.0050, trian_mae: 0.0797, trian_mse:0.0101, trian_r2: -8.2841, trian_cc: 0.3732
Epoch 95, val_loss: 0.0052, val_mae: 0.0807, val_mse: 0.0104, val_r2: -10.5983, val_cc: 0.3671
Epoch 96, trian_loss: 0.0050, trian_mae: 0.0796, trian_mse:0.0101, trian_r2: -8.2026, trian_cc: 0.3744
Epoch 96, val_loss: 0.0053, val_mae: 0.0807, val_mse: 0.0105, val_r2: -12.2844, val_cc: 0.3645
Epoch 97, trian_loss: 0.0050, trian_mae: 0.0795, trian_mse:0.0101, trian_r2: -7.9856, trian_cc: 0.3759
Epoch 97, val_loss: 0.0052, val_mae: 0.0806, val_mse: 0.0104, val_r2: -10.8426, val_cc: 0.3679
Epoch 98, trian_loss: 0.0051, trian_mae: 0.0799, trian_mse:0.0102, trian_r2: -10.9389, trian_cc: 0.3696
Epoch 98, val_loss: 0.0052, val_mae: 0.0809, val_mse: 0.0105, val_r2: -9.8406, val_cc: 0.3638
Epoch 99, trian_loss: 0.0050, trian_mae: 0.0797, trian_mse:0.0101, trian_r2: -8.2416, trian_cc: 0.3761
Epoch 99, val_loss: 0.0052, val_mae: 0.0805, val_mse: 0.0105, val_r2: -11.5136, val_cc: 0.3676
