Trian Data: 532   Validation Data: 177  Test Data: 178
[1, 1, 1, 1]
[1, 1, 1]
[1, 1, 1]
[1, 1, 1]
model SENet(
  (conv1): Conv2d(101, 64, kernel_size=(3, 3), stride=(1, 1), padding=(1, 1), bias=False)
  (bn1): BatchNorm2d(64, eps=1e-05, momentum=0.1, affine=True, track_running_stats=True)
  (layer1): Sequential(
    (0): BasicBlock(
      (conv1): Conv2d(64, 64, kernel_size=(3, 3), stride=(1, 1), padding=(1, 1), bias=False)
      (bn1): BatchNorm2d(64, eps=1e-05, momentum=0.1, affine=True, track_running_stats=True)
      (conv2): Conv2d(64, 64, kernel_size=(3, 3), stride=(1, 1), padding=(1, 1), bias=False)
      (bn2): BatchNorm2d(64, eps=1e-05, momentum=0.1, affine=True, track_running_stats=True)
      (shortcut): Sequential()
      (fc1): Conv2d(64, 4, kernel_size=(1, 1), stride=(1, 1))
      (fc2): Conv2d(4, 64, kernel_size=(1, 1), stride=(1, 1))
    )
    (1): BasicBlock(
      (conv1): Conv2d(64, 64, kernel_size=(3, 3), stride=(1, 1), padding=(1, 1), bias=False)
      (bn1): BatchNorm2d(64, eps=1e-05, momentum=0.1, affine=True, track_running_stats=True)
      (conv2): Conv2d(64, 64, kernel_size=(3, 3), stride=(1, 1), padding=(1, 1), bias=False)
      (bn2): BatchNorm2d(64, eps=1e-05, momentum=0.1, affine=True, track_running_stats=True)
      (shortcut): Sequential()
      (fc1): Conv2d(64, 4, kernel_size=(1, 1), stride=(1, 1))
      (fc2): Conv2d(4, 64, kernel_size=(1, 1), stride=(1, 1))
    )
    (2): BasicBlock(
      (conv1): Conv2d(64, 64, kernel_size=(3, 3), stride=(1, 1), padding=(1, 1), bias=False)
      (bn1): BatchNorm2d(64, eps=1e-05, momentum=0.1, affine=True, track_running_stats=True)
      (conv2): Conv2d(64, 64, kernel_size=(3, 3), stride=(1, 1), padding=(1, 1), bias=False)
      (bn2): BatchNorm2d(64, eps=1e-05, momentum=0.1, affine=True, track_running_stats=True)
      (shortcut): Sequential()
      (fc1): Conv2d(64, 4, kernel_size=(1, 1), stride=(1, 1))
      (fc2): Conv2d(4, 64, kernel_size=(1, 1), stride=(1, 1))
    )
    (3): BasicBlock(
      (conv1): Conv2d(64, 64, kernel_size=(3, 3), stride=(1, 1), padding=(1, 1), bias=False)
      (bn1): BatchNorm2d(64, eps=1e-05, momentum=0.1, affine=True, track_running_stats=True)
      (conv2): Conv2d(64, 64, kernel_size=(3, 3), stride=(1, 1), padding=(1, 1), bias=False)
      (bn2): BatchNorm2d(64, eps=1e-05, momentum=0.1, affine=True, track_running_stats=True)
      (shortcut): Sequential()
      (fc1): Conv2d(64, 4, kernel_size=(1, 1), stride=(1, 1))
      (fc2): Conv2d(4, 64, kernel_size=(1, 1), stride=(1, 1))
    )
  )
  (layer2): Sequential(
    (0): BasicBlock(
      (conv1): Conv2d(64, 64, kernel_size=(3, 3), stride=(1, 1), padding=(1, 1), bias=False)
      (bn1): BatchNorm2d(64, eps=1e-05, momentum=0.1, affine=True, track_running_stats=True)
      (conv2): Conv2d(64, 64, kernel_size=(3, 3), stride=(1, 1), padding=(1, 1), bias=False)
      (bn2): BatchNorm2d(64, eps=1e-05, momentum=0.1, affine=True, track_running_stats=True)
      (shortcut): Sequential()
      (fc1): Conv2d(64, 4, kernel_size=(1, 1), stride=(1, 1))
      (fc2): Conv2d(4, 64, kernel_size=(1, 1), stride=(1, 1))
    )
    (1): BasicBlock(
      (conv1): Conv2d(64, 64, kernel_size=(3, 3), stride=(1, 1), padding=(1, 1), bias=False)
      (bn1): BatchNorm2d(64, eps=1e-05, momentum=0.1, affine=True, track_running_stats=True)
      (conv2): Conv2d(64, 64, kernel_size=(3, 3), stride=(1, 1), padding=(1, 1), bias=False)
      (bn2): BatchNorm2d(64, eps=1e-05, momentum=0.1, affine=True, track_running_stats=True)
      (shortcut): Sequential()
      (fc1): Conv2d(64, 4, kernel_size=(1, 1), stride=(1, 1))
      (fc2): Conv2d(4, 64, kernel_size=(1, 1), stride=(1, 1))
    )
    (2): BasicBlock(
      (conv1): Conv2d(64, 64, kernel_size=(3, 3), stride=(1, 1), padding=(1, 1), bias=False)
      (bn1): BatchNorm2d(64, eps=1e-05, momentum=0.1, affine=True, track_running_stats=True)
      (conv2): Conv2d(64, 64, kernel_size=(3, 3), stride=(1, 1), padding=(1, 1), bias=False)
      (bn2): BatchNorm2d(64, eps=1e-05, momentum=0.1, affine=True, track_running_stats=True)
      (shortcut): Sequential()
      (fc1): Conv2d(64, 4, kernel_size=(1, 1), stride=(1, 1))
      (fc2): Conv2d(4, 64, kernel_size=(1, 1), stride=(1, 1))
    )
  )
  (layer3): Sequential(
    (0): BasicBlock(
      (conv1): Conv2d(64, 64, kernel_size=(3, 3), stride=(1, 1), padding=(1, 1), bias=False)
      (bn1): BatchNorm2d(64, eps=1e-05, momentum=0.1, affine=True, track_running_stats=True)
      (conv2): Conv2d(64, 64, kernel_size=(3, 3), stride=(1, 1), padding=(1, 1), bias=False)
      (bn2): BatchNorm2d(64, eps=1e-05, momentum=0.1, affine=True, track_running_stats=True)
      (shortcut): Sequential()
      (fc1): Conv2d(64, 4, kernel_size=(1, 1), stride=(1, 1))
      (fc2): Conv2d(4, 64, kernel_size=(1, 1), stride=(1, 1))
    )
    (1): BasicBlock(
      (conv1): Conv2d(64, 64, kernel_size=(3, 3), stride=(1, 1), padding=(1, 1), bias=False)
      (bn1): BatchNorm2d(64, eps=1e-05, momentum=0.1, affine=True, track_running_stats=True)
      (conv2): Conv2d(64, 64, kernel_size=(3, 3), stride=(1, 1), padding=(1, 1), bias=False)
      (bn2): BatchNorm2d(64, eps=1e-05, momentum=0.1, affine=True, track_running_stats=True)
      (shortcut): Sequential()
      (fc1): Conv2d(64, 4, kernel_size=(1, 1), stride=(1, 1))
      (fc2): Conv2d(4, 64, kernel_size=(1, 1), stride=(1, 1))
    )
    (2): BasicBlock(
      (conv1): Conv2d(64, 64, kernel_size=(3, 3), stride=(1, 1), padding=(1, 1), bias=False)
      (bn1): BatchNorm2d(64, eps=1e-05, momentum=0.1, affine=True, track_running_stats=True)
      (conv2): Conv2d(64, 64, kernel_size=(3, 3), stride=(1, 1), padding=(1, 1), bias=False)
      (bn2): BatchNorm2d(64, eps=1e-05, momentum=0.1, affine=True, track_running_stats=True)
      (shortcut): Sequential()
      (fc1): Conv2d(64, 4, kernel_size=(1, 1), stride=(1, 1))
      (fc2): Conv2d(4, 64, kernel_size=(1, 1), stride=(1, 1))
    )
  )
  (layer4): Sequential(
    (0): BasicBlock(
      (conv1): Conv2d(64, 64, kernel_size=(3, 3), stride=(1, 1), padding=(1, 1), bias=False)
      (bn1): BatchNorm2d(64, eps=1e-05, momentum=0.1, affine=True, track_running_stats=True)
      (conv2): Conv2d(64, 64, kernel_size=(3, 3), stride=(1, 1), padding=(1, 1), bias=False)
      (bn2): BatchNorm2d(64, eps=1e-05, momentum=0.1, affine=True, track_running_stats=True)
      (shortcut): Sequential()
      (fc1): Conv2d(64, 4, kernel_size=(1, 1), stride=(1, 1))
      (fc2): Conv2d(4, 64, kernel_size=(1, 1), stride=(1, 1))
    )
    (1): BasicBlock(
      (conv1): Conv2d(64, 64, kernel_size=(3, 3), stride=(1, 1), padding=(1, 1), bias=False)
      (bn1): BatchNorm2d(64, eps=1e-05, momentum=0.1, affine=True, track_running_stats=True)
      (conv2): Conv2d(64, 64, kernel_size=(3, 3), stride=(1, 1), padding=(1, 1), bias=False)
      (bn2): BatchNorm2d(64, eps=1e-05, momentum=0.1, affine=True, track_running_stats=True)
      (shortcut): Sequential()
      (fc1): Conv2d(64, 4, kernel_size=(1, 1), stride=(1, 1))
      (fc2): Conv2d(4, 64, kernel_size=(1, 1), stride=(1, 1))
    )
    (2): BasicBlock(
      (conv1): Conv2d(64, 64, kernel_size=(3, 3), stride=(1, 1), padding=(1, 1), bias=False)
      (bn1): BatchNorm2d(64, eps=1e-05, momentum=0.1, affine=True, track_running_stats=True)
      (conv2): Conv2d(64, 64, kernel_size=(3, 3), stride=(1, 1), padding=(1, 1), bias=False)
      (bn2): BatchNorm2d(64, eps=1e-05, momentum=0.1, affine=True, track_running_stats=True)
      (shortcut): Sequential()
      (fc1): Conv2d(64, 4, kernel_size=(1, 1), stride=(1, 1))
      (fc2): Conv2d(4, 64, kernel_size=(1, 1), stride=(1, 1))
    )
  )
  (cnn): CNNnet(
    (conv1): Sequential(
      (0): Conv2d(64, 32, kernel_size=(3, 3), stride=(1, 1), padding=(1, 1))
      (1): BatchNorm2d(32, eps=1e-05, momentum=0.1, affine=True, track_running_stats=True)
      (2): ReLU()
    )
    (conv2): Sequential(
      (0): Conv2d(32, 16, kernel_size=(3, 3), stride=(1, 1), padding=(1, 1))
      (1): BatchNorm2d(16, eps=1e-05, momentum=0.1, affine=True, track_running_stats=True)
      (2): ReLU()
    )
    (conv3): Sequential(
      (0): Conv2d(16, 1, kernel_size=(3, 3), stride=(1, 1), padding=(1, 1))
      (1): BatchNorm2d(1, eps=1e-05, momentum=0.1, affine=True, track_running_stats=True)
      (2): ReLU()
    )
  )
)
Epoch  0, trian_loss: 0.0080, trian_mae: 0.0920, trian_mse:0.0161, trian_r2: -40.8401, trian_cc: -0.0458
Epoch  0, val_loss: 0.0055, val_mae: 0.0779, val_mse: 0.0110, val_r2: -17.6537, val_cc: -0.0142
Epoch  1, trian_loss: 0.0050, trian_mae: 0.0745, trian_mse:0.0100, trian_r2: -2748.0034, trian_cc: 0.0810
Epoch  1, val_loss: 0.0049, val_mae: 0.0742, val_mse: 0.0098, val_r2: -1098.3730, val_cc: 0.1157
Epoch  2, trian_loss: 0.0049, trian_mae: 0.0741, trian_mse:0.0099, trian_r2: -1770.0423, trian_cc: 0.1251
Epoch  2, val_loss: 0.0049, val_mae: 0.0742, val_mse: 0.0098, val_r2: -649.8240, val_cc: 0.1401
Epoch  3, trian_loss: 0.0049, trian_mae: 0.0740, trian_mse:0.0098, trian_r2: -846.1078, trian_cc: 0.1285
Epoch  3, val_loss: 0.0049, val_mae: 0.0740, val_mse: 0.0097, val_r2: -274.4967, val_cc: 0.1363
Epoch  4, trian_loss: 0.0049, trian_mae: 0.0741, trian_mse:0.0099, trian_r2: -1381.2062, trian_cc: 0.0942
Epoch  4, val_loss: 0.0049, val_mae: 0.0739, val_mse: 0.0097, val_r2: -608.4982, val_cc: 0.1172
Epoch  5, trian_loss: 0.0049, trian_mae: 0.0738, trian_mse:0.0098, trian_r2: -1456.8672, trian_cc: 0.1134
Epoch  5, val_loss: 0.0049, val_mae: 0.0741, val_mse: 0.0098, val_r2: -957.4918, val_cc: 0.0871
Epoch  6, trian_loss: 0.0049, trian_mae: 0.0739, trian_mse:0.0098, trian_r2: -1655.9647, trian_cc: 0.1166
Epoch  6, val_loss: 0.0048, val_mae: 0.0737, val_mse: 0.0097, val_r2: -426.1656, val_cc: 0.1339
Epoch  7, trian_loss: 0.0049, trian_mae: 0.0735, trian_mse:0.0097, trian_r2: -407.3901, trian_cc: 0.1401
Epoch  7, val_loss: 0.0048, val_mae: 0.0731, val_mse: 0.0095, val_r2: -320.8409, val_cc: 0.1379
Epoch  8, trian_loss: 0.0049, trian_mae: 0.0736, trian_mse:0.0097, trian_r2: -436.0142, trian_cc: 0.1359
Epoch  8, val_loss: 0.0048, val_mae: 0.0734, val_mse: 0.0096, val_r2: -233.4929, val_cc: 0.1551
Epoch  9, trian_loss: 0.0048, trian_mae: 0.0729, trian_mse:0.0096, trian_r2: -266.0858, trian_cc: 0.1576
Epoch  9, val_loss: 0.0046, val_mae: 0.0709, val_mse: 0.0092, val_r2: -84.9698, val_cc: 0.1960
Epoch 10, trian_loss: 0.0047, trian_mae: 0.0719, trian_mse:0.0094, trian_r2: -265.5314, trian_cc: 0.1830
Epoch 10, val_loss: 0.0045, val_mae: 0.0698, val_mse: 0.0090, val_r2: -175.2530, val_cc: 0.2061
Epoch 11, trian_loss: 0.0046, trian_mae: 0.0709, trian_mse:0.0092, trian_r2: -245.2689, trian_cc: 0.2014
Epoch 11, val_loss: 0.0045, val_mae: 0.0692, val_mse: 0.0089, val_r2: -221.8230, val_cc: 0.2246
Epoch 12, trian_loss: 0.0045, trian_mae: 0.0700, trian_mse:0.0090, trian_r2: -212.8440, trian_cc: 0.2253
Epoch 12, val_loss: 0.0044, val_mae: 0.0684, val_mse: 0.0087, val_r2: -180.2350, val_cc: 0.2347
Epoch 13, trian_loss: 0.0044, trian_mae: 0.0692, trian_mse:0.0088, trian_r2: -150.9826, trian_cc: 0.2459
Epoch 13, val_loss: 0.0044, val_mae: 0.0685, val_mse: 0.0087, val_r2: -108.4973, val_cc: 0.2297
Epoch 14, trian_loss: 0.0043, trian_mae: 0.0686, trian_mse:0.0087, trian_r2: -126.0154, trian_cc: 0.2646
Epoch 14, val_loss: 0.0043, val_mae: 0.0676, val_mse: 0.0085, val_r2: -99.8710, val_cc: 0.2623
Epoch 15, trian_loss: 0.0043, trian_mae: 0.0679, trian_mse:0.0085, trian_r2: -109.7833, trian_cc: 0.2810
Epoch 15, val_loss: 0.0042, val_mae: 0.0669, val_mse: 0.0084, val_r2: -46.9930, val_cc: 0.3013
Epoch 16, trian_loss: 0.0042, trian_mae: 0.0674, trian_mse:0.0085, trian_r2: -82.2529, trian_cc: 0.2976
Epoch 16, val_loss: 0.0042, val_mae: 0.0661, val_mse: 0.0084, val_r2: -38.9178, val_cc: 0.3121
Epoch 17, trian_loss: 0.0042, trian_mae: 0.0668, trian_mse:0.0084, trian_r2: -75.3712, trian_cc: 0.3081
Epoch 17, val_loss: 0.0041, val_mae: 0.0659, val_mse: 0.0083, val_r2: -26.3200, val_cc: 0.3315
Epoch 18, trian_loss: 0.0042, trian_mae: 0.0663, trian_mse:0.0083, trian_r2: -135.4328, trian_cc: 0.3226
Epoch 18, val_loss: 0.0041, val_mae: 0.0655, val_mse: 0.0082, val_r2: -36.5505, val_cc: 0.3388
Epoch 19, trian_loss: 0.0041, trian_mae: 0.0657, trian_mse:0.0082, trian_r2: -70.0138, trian_cc: 0.3308
Epoch 19, val_loss: 0.0041, val_mae: 0.0651, val_mse: 0.0083, val_r2: -22.7391, val_cc: 0.3465
Epoch 20, trian_loss: 0.0041, trian_mae: 0.0652, trian_mse:0.0082, trian_r2: -37.8394, trian_cc: 0.3414
Epoch 20, val_loss: 0.0042, val_mae: 0.0647, val_mse: 0.0083, val_r2: -18.8499, val_cc: 0.3515
Epoch 21, trian_loss: 0.0041, trian_mae: 0.0653, trian_mse:0.0082, trian_r2: -40.1656, trian_cc: 0.3437
Epoch 21, val_loss: 0.0041, val_mae: 0.0647, val_mse: 0.0082, val_r2: -18.6563, val_cc: 0.3536
Epoch 22, trian_loss: 0.0041, trian_mae: 0.0652, trian_mse:0.0082, trian_r2: -40.8308, trian_cc: 0.3457
Epoch 22, val_loss: 0.0043, val_mae: 0.0648, val_mse: 0.0087, val_r2: -18.1609, val_cc: 0.3563
Epoch 23, trian_loss: 0.0041, trian_mae: 0.0647, trian_mse:0.0081, trian_r2: -36.2076, trian_cc: 0.3518
Epoch 23, val_loss: 0.0041, val_mae: 0.0642, val_mse: 0.0082, val_r2: -20.5485, val_cc: 0.3559
Epoch 24, trian_loss: 0.0040, trian_mae: 0.0645, trian_mse:0.0081, trian_r2: -33.7481, trian_cc: 0.3538
Epoch 24, val_loss: 0.0041, val_mae: 0.0644, val_mse: 0.0082, val_r2: -18.0140, val_cc: 0.3583
Epoch 25, trian_loss: 0.0040, trian_mae: 0.0643, trian_mse:0.0080, trian_r2: -35.0886, trian_cc: 0.3547
Epoch 25, val_loss: 0.0041, val_mae: 0.0640, val_mse: 0.0082, val_r2: -19.1357, val_cc: 0.3598
Epoch 26, trian_loss: 0.0040, trian_mae: 0.0645, trian_mse:0.0081, trian_r2: -34.6836, trian_cc: 0.3553
Epoch 26, val_loss: 0.0041, val_mae: 0.0643, val_mse: 0.0081, val_r2: -17.4816, val_cc: 0.3581
Epoch 27, trian_loss: 0.0040, trian_mae: 0.0642, trian_mse:0.0080, trian_r2: -31.1134, trian_cc: 0.3560
Epoch 27, val_loss: 0.0041, val_mae: 0.0639, val_mse: 0.0081, val_r2: -18.2756, val_cc: 0.3643
Epoch 28, trian_loss: 0.0040, trian_mae: 0.0640, trian_mse:0.0080, trian_r2: -29.1978, trian_cc: 0.3599
Epoch 28, val_loss: 0.0041, val_mae: 0.0633, val_mse: 0.0081, val_r2: -18.8508, val_cc: 0.3835
Epoch 29, trian_loss: 0.0039, trian_mae: 0.0633, trian_mse:0.0078, trian_r2: -29.3596, trian_cc: 0.4038
Epoch 29, val_loss: 0.0039, val_mae: 0.0622, val_mse: 0.0079, val_r2: -36.1577, val_cc: 0.4334
Epoch 30, trian_loss: 0.0039, trian_mae: 0.0634, trian_mse:0.0079, trian_r2: -24.8998, trian_cc: 0.4143
Epoch 30, val_loss: 0.0041, val_mae: 0.0623, val_mse: 0.0081, val_r2: -25.0736, val_cc: 0.4418
Epoch 31, trian_loss: 0.0039, trian_mae: 0.0626, trian_mse:0.0077, trian_r2: -23.9336, trian_cc: 0.4323
Epoch 31, val_loss: 0.0037, val_mae: 0.0600, val_mse: 0.0074, val_r2: -5.5507, val_cc: 0.5014
Epoch 32, trian_loss: 0.0037, trian_mae: 0.0604, trian_mse:0.0073, trian_r2: -13.5897, trian_cc: 0.5090
Epoch 32, val_loss: 0.0035, val_mae: 0.0580, val_mse: 0.0069, val_r2: -6.3807, val_cc: 0.5488
Epoch 33, trian_loss: 0.0036, trian_mae: 0.0601, trian_mse:0.0073, trian_r2: -15.4730, trian_cc: 0.5194
Epoch 33, val_loss: 0.0034, val_mae: 0.0564, val_mse: 0.0069, val_r2: -3.5472, val_cc: 0.5787
Epoch 34, trian_loss: 0.0035, trian_mae: 0.0588, trian_mse:0.0070, trian_r2: -8.8551, trian_cc: 0.5584
Epoch 34, val_loss: 0.0034, val_mae: 0.0563, val_mse: 0.0068, val_r2: -4.0844, val_cc: 0.5845
Epoch 35, trian_loss: 0.0035, trian_mae: 0.0583, trian_mse:0.0069, trian_r2: -10.5886, trian_cc: 0.5721
Epoch 35, val_loss: 0.0033, val_mae: 0.0564, val_mse: 0.0065, val_r2: -3.5755, val_cc: 0.5993
Epoch 36, trian_loss: 0.0033, trian_mae: 0.0570, trian_mse:0.0067, trian_r2: -4.4405, trian_cc: 0.5994
Epoch 36, val_loss: 0.0031, val_mae: 0.0547, val_mse: 0.0063, val_r2: -2.8644, val_cc: 0.6159
Epoch 37, trian_loss: 0.0034, trian_mae: 0.0574, trian_mse:0.0067, trian_r2: -7.5837, trian_cc: 0.5940
Epoch 37, val_loss: 0.0033, val_mae: 0.0557, val_mse: 0.0066, val_r2: -11.4756, val_cc: 0.5775
Epoch 38, trian_loss: 0.0033, trian_mae: 0.0565, trian_mse:0.0066, trian_r2: -3.5481, trian_cc: 0.6072
Epoch 38, val_loss: 0.0033, val_mae: 0.0582, val_mse: 0.0065, val_r2: -4.6302, val_cc: 0.6001
Epoch 39, trian_loss: 0.0033, trian_mae: 0.0574, trian_mse:0.0067, trian_r2: -7.1998, trian_cc: 0.5818
Epoch 39, val_loss: 0.0033, val_mae: 0.0547, val_mse: 0.0065, val_r2: -2.1515, val_cc: 0.6161
Epoch 40, trian_loss: 0.0032, trian_mae: 0.0557, trian_mse:0.0064, trian_r2: -2.7546, trian_cc: 0.6207
Epoch 40, val_loss: 0.0031, val_mae: 0.0538, val_mse: 0.0062, val_r2: -2.6793, val_cc: 0.6275
Epoch 41, trian_loss: 0.0032, trian_mae: 0.0554, trian_mse:0.0064, trian_r2: -3.6958, trian_cc: 0.6214
Epoch 41, val_loss: 0.0034, val_mae: 0.0572, val_mse: 0.0069, val_r2: -5.4772, val_cc: 0.5845
Epoch 42, trian_loss: 0.0032, trian_mae: 0.0553, trian_mse:0.0063, trian_r2: -2.1202, trian_cc: 0.6280
Epoch 42, val_loss: 0.0030, val_mae: 0.0532, val_mse: 0.0061, val_r2: -2.3292, val_cc: 0.6388
Epoch 43, trian_loss: 0.0031, trian_mae: 0.0544, trian_mse:0.0062, trian_r2: -2.5193, trian_cc: 0.6326
Epoch 43, val_loss: 0.0030, val_mae: 0.0529, val_mse: 0.0060, val_r2: -2.0973, val_cc: 0.6418
Epoch 44, trian_loss: 0.0031, trian_mae: 0.0546, trian_mse:0.0062, trian_r2: -2.3318, trian_cc: 0.6351
Epoch 44, val_loss: 0.0033, val_mae: 0.0552, val_mse: 0.0066, val_r2: -4.8563, val_cc: 0.5901
Epoch 45, trian_loss: 0.0030, trian_mae: 0.0538, trian_mse:0.0061, trian_r2: -1.7856, trian_cc: 0.6440
Epoch 45, val_loss: 0.0031, val_mae: 0.0528, val_mse: 0.0061, val_r2: -3.1360, val_cc: 0.6492
Epoch 46, trian_loss: 0.0030, trian_mae: 0.0536, trian_mse:0.0060, trian_r2: -1.7512, trian_cc: 0.6467
Epoch 46, val_loss: 0.0030, val_mae: 0.0523, val_mse: 0.0060, val_r2: -2.5524, val_cc: 0.6487
Epoch 47, trian_loss: 0.0030, trian_mae: 0.0535, trian_mse:0.0061, trian_r2: -1.9121, trian_cc: 0.6460
Epoch 47, val_loss: 0.0030, val_mae: 0.0523, val_mse: 0.0060, val_r2: -1.9443, val_cc: 0.6488
Epoch 48, trian_loss: 0.0030, trian_mae: 0.0529, trian_mse:0.0060, trian_r2: -1.5934, trian_cc: 0.6545
Epoch 48, val_loss: 0.0030, val_mae: 0.0520, val_mse: 0.0060, val_r2: -2.1640, val_cc: 0.6565
Epoch 49, trian_loss: 0.0030, trian_mae: 0.0526, trian_mse:0.0059, trian_r2: -1.4067, trian_cc: 0.6600
Epoch 49, val_loss: 0.0030, val_mae: 0.0519, val_mse: 0.0060, val_r2: -2.7172, val_cc: 0.6592
Epoch 50, trian_loss: 0.0030, trian_mae: 0.0525, trian_mse:0.0059, trian_r2: -1.6467, trian_cc: 0.6610
Epoch 50, val_loss: 0.0030, val_mae: 0.0520, val_mse: 0.0059, val_r2: -2.9261, val_cc: 0.6575
Epoch 51, trian_loss: 0.0029, trian_mae: 0.0518, trian_mse:0.0058, trian_r2: -1.2579, trian_cc: 0.6674
Epoch 51, val_loss: 0.0029, val_mae: 0.0515, val_mse: 0.0058, val_r2: -2.3244, val_cc: 0.6656
Epoch 52, trian_loss: 0.0029, trian_mae: 0.0514, trian_mse:0.0057, trian_r2: -1.1802, trian_cc: 0.6711
Epoch 52, val_loss: 0.0029, val_mae: 0.0512, val_mse: 0.0059, val_r2: -2.4052, val_cc: 0.6667
Epoch 53, trian_loss: 0.0029, trian_mae: 0.0517, trian_mse:0.0058, trian_r2: -1.2649, trian_cc: 0.6704
Epoch 53, val_loss: 0.0030, val_mae: 0.0536, val_mse: 0.0059, val_r2: -2.3429, val_cc: 0.6586
Epoch 54, trian_loss: 0.0029, trian_mae: 0.0514, trian_mse:0.0057, trian_r2: -1.1852, trian_cc: 0.6733
Epoch 54, val_loss: 0.0030, val_mae: 0.0522, val_mse: 0.0060, val_r2: -3.3208, val_cc: 0.6577
Epoch 55, trian_loss: 0.0029, trian_mae: 0.0516, trian_mse:0.0058, trian_r2: -1.2985, trian_cc: 0.6699
Epoch 55, val_loss: 0.0030, val_mae: 0.0517, val_mse: 0.0059, val_r2: -3.5740, val_cc: 0.6661
Epoch 56, trian_loss: 0.0029, trian_mae: 0.0519, trian_mse:0.0058, trian_r2: -1.6610, trian_cc: 0.6660
Epoch 56, val_loss: 0.0028, val_mae: 0.0503, val_mse: 0.0057, val_r2: -1.8974, val_cc: 0.6762
Epoch 57, trian_loss: 0.0028, trian_mae: 0.0509, trian_mse:0.0056, trian_r2: -1.1900, trian_cc: 0.6772
Epoch 57, val_loss: 0.0030, val_mae: 0.0533, val_mse: 0.0061, val_r2: -4.1915, val_cc: 0.6597
Epoch 58, trian_loss: 0.0028, trian_mae: 0.0512, trian_mse:0.0057, trian_r2: -1.4540, trian_cc: 0.6696
Epoch 58, val_loss: 0.0029, val_mae: 0.0526, val_mse: 0.0059, val_r2: -3.1255, val_cc: 0.6647
Epoch 59, trian_loss: 0.0028, trian_mae: 0.0505, trian_mse:0.0056, trian_r2: -1.1049, trian_cc: 0.6813
Epoch 59, val_loss: 0.0032, val_mae: 0.0543, val_mse: 0.0064, val_r2: -8.8083, val_cc: 0.6361
Epoch 60, trian_loss: 0.0028, trian_mae: 0.0503, trian_mse:0.0055, trian_r2: -1.1996, trian_cc: 0.6815
Epoch 60, val_loss: 0.0029, val_mae: 0.0514, val_mse: 0.0058, val_r2: -3.0419, val_cc: 0.6738
Epoch 61, trian_loss: 0.0027, trian_mae: 0.0500, trian_mse:0.0055, trian_r2: -0.9608, trian_cc: 0.6854
Epoch 61, val_loss: 0.0028, val_mae: 0.0502, val_mse: 0.0056, val_r2: -2.0581, val_cc: 0.6772
Epoch 62, trian_loss: 0.0027, trian_mae: 0.0498, trian_mse:0.0054, trian_r2: -0.8988, trian_cc: 0.6884
Epoch 62, val_loss: 0.0028, val_mae: 0.0497, val_mse: 0.0056, val_r2: -1.7239, val_cc: 0.6815
Epoch 63, trian_loss: 0.0027, trian_mae: 0.0495, trian_mse:0.0054, trian_r2: -0.9249, trian_cc: 0.6890
Epoch 63, val_loss: 0.0029, val_mae: 0.0505, val_mse: 0.0058, val_r2: -2.1785, val_cc: 0.6747
Epoch 64, trian_loss: 0.0027, trian_mae: 0.0497, trian_mse:0.0054, trian_r2: -0.9052, trian_cc: 0.6865
Epoch 64, val_loss: 0.0029, val_mae: 0.0507, val_mse: 0.0059, val_r2: -2.1163, val_cc: 0.6686
Epoch 65, trian_loss: 0.0027, trian_mae: 0.0502, trian_mse:0.0055, trian_r2: -1.3155, trian_cc: 0.6795
Epoch 65, val_loss: 0.0027, val_mae: 0.0489, val_mse: 0.0054, val_r2: -1.2839, val_cc: 0.6849
Epoch 66, trian_loss: 0.0027, trian_mae: 0.0503, trian_mse:0.0055, trian_r2: -2.4188, trian_cc: 0.6760
Epoch 66, val_loss: 0.0028, val_mae: 0.0497, val_mse: 0.0056, val_r2: -1.3220, val_cc: 0.6752
Epoch 67, trian_loss: 0.0026, trian_mae: 0.0491, trian_mse:0.0052, trian_r2: -0.8551, trian_cc: 0.6940
Epoch 67, val_loss: 0.0027, val_mae: 0.0495, val_mse: 0.0054, val_r2: -1.2162, val_cc: 0.6847
Epoch 68, trian_loss: 0.0026, trian_mae: 0.0487, trian_mse:0.0051, trian_r2: -0.6787, trian_cc: 0.6975
Epoch 68, val_loss: 0.0027, val_mae: 0.0493, val_mse: 0.0055, val_r2: -1.4656, val_cc: 0.6859
Epoch 69, trian_loss: 0.0026, trian_mae: 0.0488, trian_mse:0.0051, trian_r2: -0.8914, trian_cc: 0.6966
Epoch 69, val_loss: 0.0028, val_mae: 0.0500, val_mse: 0.0056, val_r2: -1.5144, val_cc: 0.6809
Epoch 70, trian_loss: 0.0026, trian_mae: 0.0488, trian_mse:0.0051, trian_r2: -0.8183, trian_cc: 0.6955
Epoch 70, val_loss: 0.0027, val_mae: 0.0496, val_mse: 0.0055, val_r2: -1.2601, val_cc: 0.6836
Epoch 71, trian_loss: 0.0026, trian_mae: 0.0495, trian_mse:0.0052, trian_r2: -1.1093, trian_cc: 0.6879
Epoch 71, val_loss: 0.0029, val_mae: 0.0518, val_mse: 0.0057, val_r2: -1.6550, val_cc: 0.6727
Epoch 72, trian_loss: 0.0025, trian_mae: 0.0488, trian_mse:0.0051, trian_r2: -0.7148, trian_cc: 0.6948
Epoch 72, val_loss: 0.0028, val_mae: 0.0507, val_mse: 0.0057, val_r2: -1.8737, val_cc: 0.6780
Epoch 73, trian_loss: 0.0025, trian_mae: 0.0484, trian_mse:0.0050, trian_r2: -0.7300, trian_cc: 0.6976
Epoch 73, val_loss: 0.0028, val_mae: 0.0504, val_mse: 0.0056, val_r2: -1.9367, val_cc: 0.6840
Epoch 74, trian_loss: 0.0025, trian_mae: 0.0485, trian_mse:0.0050, trian_r2: -0.7410, trian_cc: 0.6960
Epoch 74, val_loss: 0.0029, val_mae: 0.0510, val_mse: 0.0057, val_r2: -1.0486, val_cc: 0.6772
Epoch 75, trian_loss: 0.0025, trian_mae: 0.0480, trian_mse:0.0049, trian_r2: -0.6690, trian_cc: 0.6995
Epoch 75, val_loss: 0.0027, val_mae: 0.0498, val_mse: 0.0055, val_r2: -1.2902, val_cc: 0.6884
Epoch 76, trian_loss: 0.0025, trian_mae: 0.0480, trian_mse:0.0050, trian_r2: -0.9210, trian_cc: 0.6922
Epoch 76, val_loss: 0.0028, val_mae: 0.0518, val_mse: 0.0057, val_r2: -2.0119, val_cc: 0.6863
Epoch 77, trian_loss: 0.0024, trian_mae: 0.0476, trian_mse:0.0049, trian_r2: -0.6305, trian_cc: 0.7025
Epoch 77, val_loss: 0.0028, val_mae: 0.0507, val_mse: 0.0057, val_r2: -1.4202, val_cc: 0.6808
Epoch 78, trian_loss: 0.0024, trian_mae: 0.0477, trian_mse:0.0049, trian_r2: -0.7244, trian_cc: 0.7025
Epoch 78, val_loss: 0.0028, val_mae: 0.0500, val_mse: 0.0057, val_r2: -2.2728, val_cc: 0.6848
Epoch 79, trian_loss: 0.0025, trian_mae: 0.0477, trian_mse:0.0049, trian_r2: -0.7135, trian_cc: 0.7023
Epoch 79, val_loss: 0.0028, val_mae: 0.0491, val_mse: 0.0055, val_r2: -1.5521, val_cc: 0.6930
Epoch 80, trian_loss: 0.0024, trian_mae: 0.0469, trian_mse:0.0047, trian_r2: -0.5445, trian_cc: 0.7056
Epoch 80, val_loss: 0.0030, val_mae: 0.0519, val_mse: 0.0059, val_r2: -1.0549, val_cc: 0.6871
Epoch 81, trian_loss: 0.0024, trian_mae: 0.0472, trian_mse:0.0048, trian_r2: -0.7839, trian_cc: 0.7047
Epoch 81, val_loss: 0.0027, val_mae: 0.0485, val_mse: 0.0054, val_r2: -1.1056, val_cc: 0.6973
Epoch 82, trian_loss: 0.0024, trian_mae: 0.0472, trian_mse:0.0048, trian_r2: -0.6012, trian_cc: 0.7035
Epoch 82, val_loss: 0.0028, val_mae: 0.0493, val_mse: 0.0055, val_r2: -1.7003, val_cc: 0.6953
Epoch 83, trian_loss: 0.0023, trian_mae: 0.0468, trian_mse:0.0047, trian_r2: -0.6095, trian_cc: 0.7065
Epoch 83, val_loss: 0.0027, val_mae: 0.0484, val_mse: 0.0055, val_r2: -1.3764, val_cc: 0.6945
Epoch 84, trian_loss: 0.0023, trian_mae: 0.0466, trian_mse:0.0046, trian_r2: -0.4844, trian_cc: 0.7087
Epoch 84, val_loss: 0.0029, val_mae: 0.0505, val_mse: 0.0057, val_r2: -1.9790, val_cc: 0.6880
Epoch 85, trian_loss: 0.0023, trian_mae: 0.0465, trian_mse:0.0046, trian_r2: -0.5586, trian_cc: 0.7090
Epoch 85, val_loss: 0.0029, val_mae: 0.0500, val_mse: 0.0057, val_r2: -1.4554, val_cc: 0.6927
Epoch 86, trian_loss: 0.0023, trian_mae: 0.0461, trian_mse:0.0045, trian_r2: -0.4692, trian_cc: 0.7113
Epoch 86, val_loss: 0.0029, val_mae: 0.0490, val_mse: 0.0057, val_r2: -1.4689, val_cc: 0.6937
Epoch 87, trian_loss: 0.0023, trian_mae: 0.0463, trian_mse:0.0046, trian_r2: -0.5064, trian_cc: 0.7099
Epoch 87, val_loss: 0.0028, val_mae: 0.0495, val_mse: 0.0056, val_r2: -1.7286, val_cc: 0.6942
Epoch 88, trian_loss: 0.0023, trian_mae: 0.0462, trian_mse:0.0045, trian_r2: -0.5436, trian_cc: 0.7112
Epoch 88, val_loss: 0.0028, val_mae: 0.0488, val_mse: 0.0055, val_r2: -1.6085, val_cc: 0.6942
Epoch 89, trian_loss: 0.0023, trian_mae: 0.0460, trian_mse:0.0045, trian_r2: -0.4153, trian_cc: 0.7144
Epoch 89, val_loss: 0.0027, val_mae: 0.0480, val_mse: 0.0055, val_r2: -1.6316, val_cc: 0.6960
Epoch 90, trian_loss: 0.0022, trian_mae: 0.0460, trian_mse:0.0044, trian_r2: -0.5027, trian_cc: 0.7128
Epoch 90, val_loss: 0.0028, val_mae: 0.0489, val_mse: 0.0055, val_r2: -1.7903, val_cc: 0.6868
Epoch 91, trian_loss: 0.0022, trian_mae: 0.0456, trian_mse:0.0044, trian_r2: -0.5110, trian_cc: 0.7148
Epoch 91, val_loss: 0.0028, val_mae: 0.0499, val_mse: 0.0055, val_r2: -1.4972, val_cc: 0.6937
Epoch 92, trian_loss: 0.0022, trian_mae: 0.0458, trian_mse:0.0044, trian_r2: -0.4481, trian_cc: 0.7121
Epoch 92, val_loss: 0.0029, val_mae: 0.0508, val_mse: 0.0059, val_r2: -1.3000, val_cc: 0.6920
Epoch 93, trian_loss: 0.0022, trian_mae: 0.0458, trian_mse:0.0045, trian_r2: -0.5273, trian_cc: 0.7128
Epoch 93, val_loss: 0.0028, val_mae: 0.0498, val_mse: 0.0056, val_r2: -2.6006, val_cc: 0.6906
Epoch 94, trian_loss: 0.0021, trian_mae: 0.0451, trian_mse:0.0043, trian_r2: -0.4067, trian_cc: 0.7159
Epoch 94, val_loss: 0.0028, val_mae: 0.0494, val_mse: 0.0056, val_r2: -1.8596, val_cc: 0.6910
Epoch 95, trian_loss: 0.0022, trian_mae: 0.0456, trian_mse:0.0044, trian_r2: -0.4366, trian_cc: 0.7140
Epoch 95, val_loss: 0.0028, val_mae: 0.0486, val_mse: 0.0056, val_r2: -2.2479, val_cc: 0.6938
Epoch 96, trian_loss: 0.0022, trian_mae: 0.0452, trian_mse:0.0043, trian_r2: -0.4420, trian_cc: 0.7148
Epoch 96, val_loss: 0.0028, val_mae: 0.0489, val_mse: 0.0055, val_r2: -1.4965, val_cc: 0.6945
Epoch 97, trian_loss: 0.0022, trian_mae: 0.0456, trian_mse:0.0044, trian_r2: -0.5718, trian_cc: 0.7126
Epoch 97, val_loss: 0.0029, val_mae: 0.0491, val_mse: 0.0057, val_r2: -2.1471, val_cc: 0.6944
Epoch 98, trian_loss: 0.0022, trian_mae: 0.0452, trian_mse:0.0043, trian_r2: -0.4818, trian_cc: 0.7139
Epoch 98, val_loss: 0.0028, val_mae: 0.0489, val_mse: 0.0055, val_r2: -1.7734, val_cc: 0.6971
Epoch 99, trian_loss: 0.0022, trian_mae: 0.0453, trian_mse:0.0043, trian_r2: -0.5250, trian_cc: 0.7125
Epoch 99, val_loss: 0.0028, val_mae: 0.0490, val_mse: 0.0056, val_r2: -1.9374, val_cc: 0.6922
