Trian Data: 532   Validation Data: 177  Test Data: 178
[1, 1, 1, 1, 1]
[1, 1, 1, 1]
[1, 1, 1, 1]
[1, 1, 1, 1]
model SENet(
  (conv1): Conv2d(61, 64, kernel_size=(3, 3), stride=(1, 1), padding=(1, 1), bias=False)
  (bn1): BatchNorm2d(64, eps=1e-05, momentum=0.1, affine=True, track_running_stats=True)
  (layer1): Sequential(
    (0): BasicBlock(
      (conv1): Conv2d(64, 64, kernel_size=(3, 3), stride=(1, 1), padding=(1, 1), bias=False)
      (bn1): BatchNorm2d(64, eps=1e-05, momentum=0.1, affine=True, track_running_stats=True)
      (conv2): Conv2d(64, 64, kernel_size=(3, 3), stride=(1, 1), padding=(1, 1), bias=False)
      (bn2): BatchNorm2d(64, eps=1e-05, momentum=0.1, affine=True, track_running_stats=True)
      (shortcut): Sequential()
      (fc1): Conv2d(64, 4, kernel_size=(1, 1), stride=(1, 1))
      (fc2): Conv2d(4, 64, kernel_size=(1, 1), stride=(1, 1))
    )
    (1): BasicBlock(
      (conv1): Conv2d(64, 64, kernel_size=(3, 3), stride=(1, 1), padding=(1, 1), bias=False)
      (bn1): BatchNorm2d(64, eps=1e-05, momentum=0.1, affine=True, track_running_stats=True)
      (conv2): Conv2d(64, 64, kernel_size=(3, 3), stride=(1, 1), padding=(1, 1), bias=False)
      (bn2): BatchNorm2d(64, eps=1e-05, momentum=0.1, affine=True, track_running_stats=True)
      (shortcut): Sequential()
      (fc1): Conv2d(64, 4, kernel_size=(1, 1), stride=(1, 1))
      (fc2): Conv2d(4, 64, kernel_size=(1, 1), stride=(1, 1))
    )
    (2): BasicBlock(
      (conv1): Conv2d(64, 64, kernel_size=(3, 3), stride=(1, 1), padding=(1, 1), bias=False)
      (bn1): BatchNorm2d(64, eps=1e-05, momentum=0.1, affine=True, track_running_stats=True)
      (conv2): Conv2d(64, 64, kernel_size=(3, 3), stride=(1, 1), padding=(1, 1), bias=False)
      (bn2): BatchNorm2d(64, eps=1e-05, momentum=0.1, affine=True, track_running_stats=True)
      (shortcut): Sequential()
      (fc1): Conv2d(64, 4, kernel_size=(1, 1), stride=(1, 1))
      (fc2): Conv2d(4, 64, kernel_size=(1, 1), stride=(1, 1))
    )
    (3): BasicBlock(
      (conv1): Conv2d(64, 64, kernel_size=(3, 3), stride=(1, 1), padding=(1, 1), bias=False)
      (bn1): BatchNorm2d(64, eps=1e-05, momentum=0.1, affine=True, track_running_stats=True)
      (conv2): Conv2d(64, 64, kernel_size=(3, 3), stride=(1, 1), padding=(1, 1), bias=False)
      (bn2): BatchNorm2d(64, eps=1e-05, momentum=0.1, affine=True, track_running_stats=True)
      (shortcut): Sequential()
      (fc1): Conv2d(64, 4, kernel_size=(1, 1), stride=(1, 1))
      (fc2): Conv2d(4, 64, kernel_size=(1, 1), stride=(1, 1))
    )
    (4): BasicBlock(
      (conv1): Conv2d(64, 64, kernel_size=(3, 3), stride=(1, 1), padding=(1, 1), bias=False)
      (bn1): BatchNorm2d(64, eps=1e-05, momentum=0.1, affine=True, track_running_stats=True)
      (conv2): Conv2d(64, 64, kernel_size=(3, 3), stride=(1, 1), padding=(1, 1), bias=False)
      (bn2): BatchNorm2d(64, eps=1e-05, momentum=0.1, affine=True, track_running_stats=True)
      (shortcut): Sequential()
      (fc1): Conv2d(64, 4, kernel_size=(1, 1), stride=(1, 1))
      (fc2): Conv2d(4, 64, kernel_size=(1, 1), stride=(1, 1))
    )
  )
  (layer2): Sequential(
    (0): BasicBlock(
      (conv1): Conv2d(64, 64, kernel_size=(3, 3), stride=(1, 1), padding=(1, 1), bias=False)
      (bn1): BatchNorm2d(64, eps=1e-05, momentum=0.1, affine=True, track_running_stats=True)
      (conv2): Conv2d(64, 64, kernel_size=(3, 3), stride=(1, 1), padding=(1, 1), bias=False)
      (bn2): BatchNorm2d(64, eps=1e-05, momentum=0.1, affine=True, track_running_stats=True)
      (shortcut): Sequential()
      (fc1): Conv2d(64, 4, kernel_size=(1, 1), stride=(1, 1))
      (fc2): Conv2d(4, 64, kernel_size=(1, 1), stride=(1, 1))
    )
    (1): BasicBlock(
      (conv1): Conv2d(64, 64, kernel_size=(3, 3), stride=(1, 1), padding=(1, 1), bias=False)
      (bn1): BatchNorm2d(64, eps=1e-05, momentum=0.1, affine=True, track_running_stats=True)
      (conv2): Conv2d(64, 64, kernel_size=(3, 3), stride=(1, 1), padding=(1, 1), bias=False)
      (bn2): BatchNorm2d(64, eps=1e-05, momentum=0.1, affine=True, track_running_stats=True)
      (shortcut): Sequential()
      (fc1): Conv2d(64, 4, kernel_size=(1, 1), stride=(1, 1))
      (fc2): Conv2d(4, 64, kernel_size=(1, 1), stride=(1, 1))
    )
    (2): BasicBlock(
      (conv1): Conv2d(64, 64, kernel_size=(3, 3), stride=(1, 1), padding=(1, 1), bias=False)
      (bn1): BatchNorm2d(64, eps=1e-05, momentum=0.1, affine=True, track_running_stats=True)
      (conv2): Conv2d(64, 64, kernel_size=(3, 3), stride=(1, 1), padding=(1, 1), bias=False)
      (bn2): BatchNorm2d(64, eps=1e-05, momentum=0.1, affine=True, track_running_stats=True)
      (shortcut): Sequential()
      (fc1): Conv2d(64, 4, kernel_size=(1, 1), stride=(1, 1))
      (fc2): Conv2d(4, 64, kernel_size=(1, 1), stride=(1, 1))
    )
    (3): BasicBlock(
      (conv1): Conv2d(64, 64, kernel_size=(3, 3), stride=(1, 1), padding=(1, 1), bias=False)
      (bn1): BatchNorm2d(64, eps=1e-05, momentum=0.1, affine=True, track_running_stats=True)
      (conv2): Conv2d(64, 64, kernel_size=(3, 3), stride=(1, 1), padding=(1, 1), bias=False)
      (bn2): BatchNorm2d(64, eps=1e-05, momentum=0.1, affine=True, track_running_stats=True)
      (shortcut): Sequential()
      (fc1): Conv2d(64, 4, kernel_size=(1, 1), stride=(1, 1))
      (fc2): Conv2d(4, 64, kernel_size=(1, 1), stride=(1, 1))
    )
  )
  (layer3): Sequential(
    (0): BasicBlock(
      (conv1): Conv2d(64, 64, kernel_size=(3, 3), stride=(1, 1), padding=(1, 1), bias=False)
      (bn1): BatchNorm2d(64, eps=1e-05, momentum=0.1, affine=True, track_running_stats=True)
      (conv2): Conv2d(64, 64, kernel_size=(3, 3), stride=(1, 1), padding=(1, 1), bias=False)
      (bn2): BatchNorm2d(64, eps=1e-05, momentum=0.1, affine=True, track_running_stats=True)
      (shortcut): Sequential()
      (fc1): Conv2d(64, 4, kernel_size=(1, 1), stride=(1, 1))
      (fc2): Conv2d(4, 64, kernel_size=(1, 1), stride=(1, 1))
    )
    (1): BasicBlock(
      (conv1): Conv2d(64, 64, kernel_size=(3, 3), stride=(1, 1), padding=(1, 1), bias=False)
      (bn1): BatchNorm2d(64, eps=1e-05, momentum=0.1, affine=True, track_running_stats=True)
      (conv2): Conv2d(64, 64, kernel_size=(3, 3), stride=(1, 1), padding=(1, 1), bias=False)
      (bn2): BatchNorm2d(64, eps=1e-05, momentum=0.1, affine=True, track_running_stats=True)
      (shortcut): Sequential()
      (fc1): Conv2d(64, 4, kernel_size=(1, 1), stride=(1, 1))
      (fc2): Conv2d(4, 64, kernel_size=(1, 1), stride=(1, 1))
    )
    (2): BasicBlock(
      (conv1): Conv2d(64, 64, kernel_size=(3, 3), stride=(1, 1), padding=(1, 1), bias=False)
      (bn1): BatchNorm2d(64, eps=1e-05, momentum=0.1, affine=True, track_running_stats=True)
      (conv2): Conv2d(64, 64, kernel_size=(3, 3), stride=(1, 1), padding=(1, 1), bias=False)
      (bn2): BatchNorm2d(64, eps=1e-05, momentum=0.1, affine=True, track_running_stats=True)
      (shortcut): Sequential()
      (fc1): Conv2d(64, 4, kernel_size=(1, 1), stride=(1, 1))
      (fc2): Conv2d(4, 64, kernel_size=(1, 1), stride=(1, 1))
    )
    (3): BasicBlock(
      (conv1): Conv2d(64, 64, kernel_size=(3, 3), stride=(1, 1), padding=(1, 1), bias=False)
      (bn1): BatchNorm2d(64, eps=1e-05, momentum=0.1, affine=True, track_running_stats=True)
      (conv2): Conv2d(64, 64, kernel_size=(3, 3), stride=(1, 1), padding=(1, 1), bias=False)
      (bn2): BatchNorm2d(64, eps=1e-05, momentum=0.1, affine=True, track_running_stats=True)
      (shortcut): Sequential()
      (fc1): Conv2d(64, 4, kernel_size=(1, 1), stride=(1, 1))
      (fc2): Conv2d(4, 64, kernel_size=(1, 1), stride=(1, 1))
    )
  )
  (layer4): Sequential(
    (0): BasicBlock(
      (conv1): Conv2d(64, 64, kernel_size=(3, 3), stride=(1, 1), padding=(1, 1), bias=False)
      (bn1): BatchNorm2d(64, eps=1e-05, momentum=0.1, affine=True, track_running_stats=True)
      (conv2): Conv2d(64, 64, kernel_size=(3, 3), stride=(1, 1), padding=(1, 1), bias=False)
      (bn2): BatchNorm2d(64, eps=1e-05, momentum=0.1, affine=True, track_running_stats=True)
      (shortcut): Sequential()
      (fc1): Conv2d(64, 4, kernel_size=(1, 1), stride=(1, 1))
      (fc2): Conv2d(4, 64, kernel_size=(1, 1), stride=(1, 1))
    )
    (1): BasicBlock(
      (conv1): Conv2d(64, 64, kernel_size=(3, 3), stride=(1, 1), padding=(1, 1), bias=False)
      (bn1): BatchNorm2d(64, eps=1e-05, momentum=0.1, affine=True, track_running_stats=True)
      (conv2): Conv2d(64, 64, kernel_size=(3, 3), stride=(1, 1), padding=(1, 1), bias=False)
      (bn2): BatchNorm2d(64, eps=1e-05, momentum=0.1, affine=True, track_running_stats=True)
      (shortcut): Sequential()
      (fc1): Conv2d(64, 4, kernel_size=(1, 1), stride=(1, 1))
      (fc2): Conv2d(4, 64, kernel_size=(1, 1), stride=(1, 1))
    )
    (2): BasicBlock(
      (conv1): Conv2d(64, 64, kernel_size=(3, 3), stride=(1, 1), padding=(1, 1), bias=False)
      (bn1): BatchNorm2d(64, eps=1e-05, momentum=0.1, affine=True, track_running_stats=True)
      (conv2): Conv2d(64, 64, kernel_size=(3, 3), stride=(1, 1), padding=(1, 1), bias=False)
      (bn2): BatchNorm2d(64, eps=1e-05, momentum=0.1, affine=True, track_running_stats=True)
      (shortcut): Sequential()
      (fc1): Conv2d(64, 4, kernel_size=(1, 1), stride=(1, 1))
      (fc2): Conv2d(4, 64, kernel_size=(1, 1), stride=(1, 1))
    )
    (3): BasicBlock(
      (conv1): Conv2d(64, 64, kernel_size=(3, 3), stride=(1, 1), padding=(1, 1), bias=False)
      (bn1): BatchNorm2d(64, eps=1e-05, momentum=0.1, affine=True, track_running_stats=True)
      (conv2): Conv2d(64, 64, kernel_size=(3, 3), stride=(1, 1), padding=(1, 1), bias=False)
      (bn2): BatchNorm2d(64, eps=1e-05, momentum=0.1, affine=True, track_running_stats=True)
      (shortcut): Sequential()
      (fc1): Conv2d(64, 4, kernel_size=(1, 1), stride=(1, 1))
      (fc2): Conv2d(4, 64, kernel_size=(1, 1), stride=(1, 1))
    )
  )
  (cnn): CNNnet(
    (conv1): Sequential(
      (0): Conv2d(64, 32, kernel_size=(3, 3), stride=(1, 1), padding=(1, 1))
      (1): BatchNorm2d(32, eps=1e-05, momentum=0.1, affine=True, track_running_stats=True)
      (2): ReLU()
    )
    (conv2): Sequential(
      (0): Conv2d(32, 16, kernel_size=(3, 3), stride=(1, 1), padding=(1, 1))
      (1): BatchNorm2d(16, eps=1e-05, momentum=0.1, affine=True, track_running_stats=True)
      (2): ReLU()
    )
    (conv3): Sequential(
      (0): Conv2d(16, 1, kernel_size=(3, 3), stride=(1, 1), padding=(1, 1))
      (1): BatchNorm2d(1, eps=1e-05, momentum=0.1, affine=True, track_running_stats=True)
      (2): ReLU()
    )
  )
)
Epoch  0, trian_loss: 0.0082, trian_mae: 0.0905, trian_mse:0.0181, trian_r2: -10.0608, trian_cc: 0.1739
Epoch  0, val_loss: 0.0063, val_mae: 0.0878, val_mse: 0.0126, val_r2: -13.7987, val_cc: 0.2107
Epoch  1, trian_loss: 0.0051, trian_mae: 0.0756, trian_mse:0.0102, trian_r2: -1409.1619, trian_cc: -0.0042
Epoch  1, val_loss: 0.0049, val_mae: 0.0744, val_mse: 0.0098, val_r2: -2285.9053, val_cc: 0.0259
Epoch  2, trian_loss: 0.0050, trian_mae: 0.0747, trian_mse:0.0100, trian_r2: -1983.9121, trian_cc: 0.0550
Epoch  2, val_loss: 0.0049, val_mae: 0.0743, val_mse: 0.0098, val_r2: -1466.9373, val_cc: 0.0731
Epoch  3, trian_loss: 0.0050, trian_mae: 0.0747, trian_mse:0.0100, trian_r2: -1569.9153, trian_cc: 0.0837
Epoch  3, val_loss: 0.0049, val_mae: 0.0743, val_mse: 0.0098, val_r2: -3527.6495, val_cc: 0.0636
Epoch  4, trian_loss: 0.0050, trian_mae: 0.0744, trian_mse:0.0099, trian_r2: -1650.3098, trian_cc: 0.1010
Epoch  4, val_loss: 0.0048, val_mae: 0.0738, val_mse: 0.0097, val_r2: -1658.5705, val_cc: 0.1605
Epoch  5, trian_loss: 0.0050, trian_mae: 0.0744, trian_mse:0.0099, trian_r2: -945.1081, trian_cc: 0.1220
Epoch  5, val_loss: 0.0048, val_mae: 0.0730, val_mse: 0.0095, val_r2: -938.0779, val_cc: 0.2151
Epoch  6, trian_loss: 0.0050, trian_mae: 0.0742, trian_mse:0.0099, trian_r2: -686.6695, trian_cc: 0.1310
Epoch  6, val_loss: 0.0048, val_mae: 0.0740, val_mse: 0.0097, val_r2: -588.3525, val_cc: 0.1359
Epoch  7, trian_loss: 0.0049, trian_mae: 0.0740, trian_mse:0.0099, trian_r2: -264.3144, trian_cc: 0.1480
Epoch  7, val_loss: 0.0048, val_mae: 0.0731, val_mse: 0.0095, val_r2: -113.5053, val_cc: 0.1716
Epoch  8, trian_loss: 0.0049, trian_mae: 0.0733, trian_mse:0.0097, trian_r2: -194.6474, trian_cc: 0.1465
Epoch  8, val_loss: 0.0047, val_mae: 0.0724, val_mse: 0.0094, val_r2: -101.1963, val_cc: 0.1674
Epoch  9, trian_loss: 0.0047, trian_mae: 0.0722, trian_mse:0.0095, trian_r2: -142.5482, trian_cc: 0.1752
Epoch  9, val_loss: 0.0046, val_mae: 0.0702, val_mse: 0.0091, val_r2: -86.1126, val_cc: 0.2020
Epoch 10, trian_loss: 0.0046, trian_mae: 0.0709, trian_mse:0.0092, trian_r2: -89.2710, trian_cc: 0.2050
Epoch 10, val_loss: 0.0045, val_mae: 0.0692, val_mse: 0.0090, val_r2: -43.8825, val_cc: 0.2403
Epoch 11, trian_loss: 0.0044, trian_mae: 0.0695, trian_mse:0.0089, trian_r2: -73.8393, trian_cc: 0.2347
Epoch 11, val_loss: 0.0044, val_mae: 0.0678, val_mse: 0.0088, val_r2: -62.5577, val_cc: 0.2591
Epoch 12, trian_loss: 0.0044, trian_mae: 0.0695, trian_mse:0.0089, trian_r2: -76.8989, trian_cc: 0.2471
Epoch 12, val_loss: 0.0043, val_mae: 0.0681, val_mse: 0.0086, val_r2: -90.6628, val_cc: 0.2717
Epoch 13, trian_loss: 0.0043, trian_mae: 0.0683, trian_mse:0.0087, trian_r2: -73.1223, trian_cc: 0.2674
Epoch 13, val_loss: 0.0043, val_mae: 0.0670, val_mse: 0.0086, val_r2: -74.2031, val_cc: 0.2810
Epoch 14, trian_loss: 0.0043, trian_mae: 0.0681, trian_mse:0.0087, trian_r2: -58.0741, trian_cc: 0.2761
Epoch 14, val_loss: 0.0042, val_mae: 0.0669, val_mse: 0.0085, val_r2: -54.4465, val_cc: 0.2895
Epoch 15, trian_loss: 0.0042, trian_mae: 0.0672, trian_mse:0.0085, trian_r2: -43.8735, trian_cc: 0.2959
Epoch 15, val_loss: 0.0043, val_mae: 0.0658, val_mse: 0.0086, val_r2: -36.8315, val_cc: 0.3157
Epoch 16, trian_loss: 0.0042, trian_mae: 0.0665, trian_mse:0.0084, trian_r2: -38.3691, trian_cc: 0.3134
Epoch 16, val_loss: 0.0042, val_mae: 0.0655, val_mse: 0.0083, val_r2: -48.9179, val_cc: 0.3157
Epoch 17, trian_loss: 0.0042, trian_mae: 0.0663, trian_mse:0.0083, trian_r2: -40.6976, trian_cc: 0.3165
Epoch 17, val_loss: 0.0042, val_mae: 0.0654, val_mse: 0.0084, val_r2: -30.3990, val_cc: 0.3337
Epoch 18, trian_loss: 0.0041, trian_mae: 0.0658, trian_mse:0.0083, trian_r2: -46.2350, trian_cc: 0.3258
Epoch 18, val_loss: 0.0041, val_mae: 0.0650, val_mse: 0.0083, val_r2: -24.5639, val_cc: 0.3488
Epoch 19, trian_loss: 0.0041, trian_mae: 0.0654, trian_mse:0.0082, trian_r2: -31.1431, trian_cc: 0.3436
Epoch 19, val_loss: 0.0041, val_mae: 0.0643, val_mse: 0.0081, val_r2: -25.3640, val_cc: 0.3504
Epoch 20, trian_loss: 0.0041, trian_mae: 0.0650, trian_mse:0.0081, trian_r2: -30.3950, trian_cc: 0.3442
Epoch 20, val_loss: 0.0042, val_mae: 0.0645, val_mse: 0.0083, val_r2: -20.1117, val_cc: 0.3598
Epoch 21, trian_loss: 0.0041, trian_mae: 0.0649, trian_mse:0.0081, trian_r2: -30.4660, trian_cc: 0.3488
Epoch 21, val_loss: 0.0040, val_mae: 0.0638, val_mse: 0.0081, val_r2: -18.5066, val_cc: 0.3616
Epoch 22, trian_loss: 0.0041, trian_mae: 0.0648, trian_mse:0.0081, trian_r2: -24.9781, trian_cc: 0.3554
Epoch 22, val_loss: 0.0041, val_mae: 0.0637, val_mse: 0.0082, val_r2: -19.9573, val_cc: 0.3776
Epoch 23, trian_loss: 0.0039, trian_mae: 0.0637, trian_mse:0.0079, trian_r2: -24.7488, trian_cc: 0.4070
Epoch 23, val_loss: 0.0039, val_mae: 0.0636, val_mse: 0.0079, val_r2: -32.7040, val_cc: 0.3916
Epoch 24, trian_loss: 0.0039, trian_mae: 0.0630, trian_mse:0.0078, trian_r2: -23.5552, trian_cc: 0.4215
Epoch 24, val_loss: 0.0037, val_mae: 0.0599, val_mse: 0.0074, val_r2: -11.7742, val_cc: 0.5113
Epoch 25, trian_loss: 0.0038, trian_mae: 0.0624, trian_mse:0.0077, trian_r2: -20.1112, trian_cc: 0.4693
Epoch 25, val_loss: 0.0036, val_mae: 0.0599, val_mse: 0.0073, val_r2: -10.7733, val_cc: 0.5128
Epoch 26, trian_loss: 0.0036, trian_mae: 0.0603, trian_mse:0.0072, trian_r2: -8.4190, trian_cc: 0.5475
Epoch 26, val_loss: 0.0035, val_mae: 0.0574, val_mse: 0.0069, val_r2: -4.1441, val_cc: 0.5738
Epoch 27, trian_loss: 0.0035, trian_mae: 0.0590, trian_mse:0.0070, trian_r2: -5.1972, trian_cc: 0.5747
Epoch 27, val_loss: 0.0034, val_mae: 0.0572, val_mse: 0.0068, val_r2: -3.9887, val_cc: 0.5849
Epoch 28, trian_loss: 0.0034, trian_mae: 0.0576, trian_mse:0.0068, trian_r2: -5.6942, trian_cc: 0.5876
Epoch 28, val_loss: 0.0036, val_mae: 0.0590, val_mse: 0.0071, val_r2: -6.3322, val_cc: 0.5652
Epoch 29, trian_loss: 0.0034, trian_mae: 0.0582, trian_mse:0.0068, trian_r2: -4.0666, trian_cc: 0.5909
Epoch 29, val_loss: 0.0033, val_mae: 0.0576, val_mse: 0.0066, val_r2: -4.0692, val_cc: 0.5943
Epoch 30, trian_loss: 0.0033, trian_mae: 0.0569, trian_mse:0.0066, trian_r2: -4.2237, trian_cc: 0.6042
Epoch 30, val_loss: 0.0033, val_mae: 0.0562, val_mse: 0.0067, val_r2: -4.5657, val_cc: 0.5966
Epoch 31, trian_loss: 0.0032, trian_mae: 0.0560, trian_mse:0.0065, trian_r2: -3.1135, trian_cc: 0.6146
Epoch 31, val_loss: 0.0033, val_mae: 0.0561, val_mse: 0.0066, val_r2: -4.9321, val_cc: 0.6031
Epoch 32, trian_loss: 0.0032, trian_mae: 0.0556, trian_mse:0.0064, trian_r2: -2.4295, trian_cc: 0.6226
Epoch 32, val_loss: 0.0031, val_mae: 0.0537, val_mse: 0.0061, val_r2: -2.2340, val_cc: 0.6307
Epoch 33, trian_loss: 0.0031, trian_mae: 0.0546, trian_mse:0.0062, trian_r2: -2.0781, trian_cc: 0.6325
Epoch 33, val_loss: 0.0030, val_mae: 0.0526, val_mse: 0.0061, val_r2: -2.2181, val_cc: 0.6393
Epoch 34, trian_loss: 0.0031, trian_mae: 0.0542, trian_mse:0.0062, trian_r2: -1.7635, trian_cc: 0.6371
Epoch 34, val_loss: 0.0031, val_mae: 0.0542, val_mse: 0.0061, val_r2: -2.8462, val_cc: 0.6272
Epoch 35, trian_loss: 0.0031, trian_mae: 0.0539, trian_mse:0.0061, trian_r2: -2.0326, trian_cc: 0.6399
Epoch 35, val_loss: 0.0030, val_mae: 0.0526, val_mse: 0.0060, val_r2: -2.3182, val_cc: 0.6447
Epoch 36, trian_loss: 0.0031, trian_mae: 0.0546, trian_mse:0.0062, trian_r2: -2.8856, trian_cc: 0.6321
Epoch 36, val_loss: 0.0030, val_mae: 0.0536, val_mse: 0.0061, val_r2: -2.4534, val_cc: 0.6385
Epoch 37, trian_loss: 0.0031, trian_mae: 0.0538, trian_mse:0.0061, trian_r2: -1.9843, trian_cc: 0.6418
Epoch 37, val_loss: 0.0037, val_mae: 0.0656, val_mse: 0.0075, val_r2: -10.6446, val_cc: 0.5163
Epoch 38, trian_loss: 0.0033, trian_mae: 0.0562, trian_mse:0.0065, trian_r2: -2.9200, trian_cc: 0.6089
Epoch 38, val_loss: 0.0031, val_mae: 0.0551, val_mse: 0.0062, val_r2: -4.3772, val_cc: 0.6358
Epoch 39, trian_loss: 0.0030, trian_mae: 0.0526, trian_mse:0.0059, trian_r2: -1.5408, trian_cc: 0.6552
Epoch 39, val_loss: 0.0030, val_mae: 0.0538, val_mse: 0.0061, val_r2: -2.8400, val_cc: 0.6402
Epoch 40, trian_loss: 0.0029, trian_mae: 0.0515, trian_mse:0.0058, trian_r2: -1.2518, trian_cc: 0.6670
Epoch 40, val_loss: 0.0029, val_mae: 0.0525, val_mse: 0.0058, val_r2: -2.0766, val_cc: 0.6618
Epoch 41, trian_loss: 0.0029, trian_mae: 0.0517, trian_mse:0.0058, trian_r2: -1.7064, trian_cc: 0.6655
Epoch 41, val_loss: 0.0029, val_mae: 0.0523, val_mse: 0.0059, val_r2: -2.1590, val_cc: 0.6683
Epoch 42, trian_loss: 0.0035, trian_mae: 0.0582, trian_mse:0.0069, trian_r2: -16.0572, trian_cc: 0.5374
Epoch 42, val_loss: 0.0028, val_mae: 0.0512, val_mse: 0.0057, val_r2: -1.6519, val_cc: 0.6685
Epoch 43, trian_loss: 0.0030, trian_mae: 0.0529, trian_mse:0.0060, trian_r2: -2.9129, trian_cc: 0.6462
Epoch 43, val_loss: 0.0029, val_mae: 0.0515, val_mse: 0.0057, val_r2: -1.8611, val_cc: 0.6726
Epoch 44, trian_loss: 0.0028, trian_mae: 0.0510, trian_mse:0.0057, trian_r2: -1.3803, trian_cc: 0.6754
Epoch 44, val_loss: 0.0028, val_mae: 0.0507, val_mse: 0.0056, val_r2: -2.0133, val_cc: 0.6809
Epoch 45, trian_loss: 0.0028, trian_mae: 0.0508, trian_mse:0.0057, trian_r2: -1.4773, trian_cc: 0.6777
Epoch 45, val_loss: 0.0029, val_mae: 0.0514, val_mse: 0.0058, val_r2: -2.3907, val_cc: 0.6768
Epoch 46, trian_loss: 0.0028, trian_mae: 0.0508, trian_mse:0.0057, trian_r2: -1.1008, trian_cc: 0.6799
Epoch 46, val_loss: 0.0028, val_mae: 0.0510, val_mse: 0.0056, val_r2: -2.1050, val_cc: 0.6815
Epoch 47, trian_loss: 0.0028, trian_mae: 0.0505, trian_mse:0.0056, trian_r2: -1.2082, trian_cc: 0.6821
Epoch 47, val_loss: 0.0028, val_mae: 0.0502, val_mse: 0.0056, val_r2: -1.9637, val_cc: 0.6828
Epoch 48, trian_loss: 0.0027, trian_mae: 0.0499, trian_mse:0.0055, trian_r2: -1.0025, trian_cc: 0.6879
Epoch 48, val_loss: 0.0028, val_mae: 0.0500, val_mse: 0.0056, val_r2: -1.7802, val_cc: 0.6879
Epoch 49, trian_loss: 0.0027, trian_mae: 0.0498, trian_mse:0.0055, trian_r2: -1.0075, trian_cc: 0.6906
Epoch 49, val_loss: 0.0028, val_mae: 0.0500, val_mse: 0.0055, val_r2: -1.6715, val_cc: 0.6885
Epoch 50, trian_loss: 0.0027, trian_mae: 0.0496, trian_mse:0.0054, trian_r2: -0.9598, trian_cc: 0.6918
Epoch 50, val_loss: 0.0028, val_mae: 0.0501, val_mse: 0.0055, val_r2: -1.8907, val_cc: 0.6913
Epoch 51, trian_loss: 0.0027, trian_mae: 0.0501, trian_mse:0.0055, trian_r2: -0.9126, trian_cc: 0.6917
Epoch 51, val_loss: 0.0029, val_mae: 0.0506, val_mse: 0.0057, val_r2: -2.4962, val_cc: 0.6838
Epoch 52, trian_loss: 0.0027, trian_mae: 0.0494, trian_mse:0.0054, trian_r2: -1.1072, trian_cc: 0.6950
Epoch 52, val_loss: 0.0032, val_mae: 0.0537, val_mse: 0.0064, val_r2: -8.7541, val_cc: 0.5980
Epoch 53, trian_loss: 0.0027, trian_mae: 0.0493, trian_mse:0.0054, trian_r2: -1.2554, trian_cc: 0.6921
Epoch 53, val_loss: 0.0027, val_mae: 0.0491, val_mse: 0.0055, val_r2: -1.7370, val_cc: 0.6952
Epoch 54, trian_loss: 0.0027, trian_mae: 0.0492, trian_mse:0.0053, trian_r2: -0.8309, trian_cc: 0.6965
Epoch 54, val_loss: 0.0027, val_mae: 0.0485, val_mse: 0.0055, val_r2: -1.7207, val_cc: 0.6972
Epoch 55, trian_loss: 0.0026, trian_mae: 0.0490, trian_mse:0.0053, trian_r2: -1.1631, trian_cc: 0.6942
Epoch 55, val_loss: 0.0041, val_mae: 0.0570, val_mse: 0.0081, val_r2: -2.7418, val_cc: 0.5288
Epoch 56, trian_loss: 0.0027, trian_mae: 0.0489, trian_mse:0.0053, trian_r2: -1.9102, trian_cc: 0.6922
Epoch 56, val_loss: 0.0029, val_mae: 0.0494, val_mse: 0.0057, val_r2: -2.9187, val_cc: 0.6941
Epoch 57, trian_loss: 0.0026, trian_mae: 0.0484, trian_mse:0.0052, trian_r2: -0.9046, trian_cc: 0.7016
Epoch 57, val_loss: 0.0026, val_mae: 0.0488, val_mse: 0.0053, val_r2: -1.5847, val_cc: 0.6996
Epoch 58, trian_loss: 0.0026, trian_mae: 0.0483, trian_mse:0.0052, trian_r2: -0.7746, trian_cc: 0.7030
Epoch 58, val_loss: 0.0027, val_mae: 0.0488, val_mse: 0.0054, val_r2: -1.8744, val_cc: 0.6993
Epoch 59, trian_loss: 0.0026, trian_mae: 0.0483, trian_mse:0.0052, trian_r2: -0.7566, trian_cc: 0.7009
Epoch 59, val_loss: 0.0027, val_mae: 0.0497, val_mse: 0.0054, val_r2: -1.7818, val_cc: 0.6986
Epoch 60, trian_loss: 0.0026, trian_mae: 0.0482, trian_mse:0.0051, trian_r2: -0.7624, trian_cc: 0.7030
Epoch 60, val_loss: 0.0028, val_mae: 0.0494, val_mse: 0.0056, val_r2: -2.3617, val_cc: 0.6945
Epoch 61, trian_loss: 0.0026, trian_mae: 0.0482, trian_mse:0.0051, trian_r2: -0.8740, trian_cc: 0.7015
Epoch 61, val_loss: 0.0027, val_mae: 0.0506, val_mse: 0.0055, val_r2: -1.7753, val_cc: 0.6850
Epoch 62, trian_loss: 0.0026, trian_mae: 0.0489, trian_mse:0.0052, trian_r2: -2.3548, trian_cc: 0.6915
Epoch 62, val_loss: 0.0027, val_mae: 0.0499, val_mse: 0.0053, val_r2: -1.5491, val_cc: 0.6991
Epoch 63, trian_loss: 0.0025, trian_mae: 0.0476, trian_mse:0.0050, trian_r2: -0.7650, trian_cc: 0.7072
Epoch 63, val_loss: 0.0027, val_mae: 0.0489, val_mse: 0.0053, val_r2: -1.5230, val_cc: 0.7006
Epoch 64, trian_loss: 0.0025, trian_mae: 0.0478, trian_mse:0.0051, trian_r2: -0.7722, trian_cc: 0.7051
Epoch 64, val_loss: 0.0028, val_mae: 0.0488, val_mse: 0.0055, val_r2: -2.0060, val_cc: 0.6902
Epoch 65, trian_loss: 0.0026, trian_mae: 0.0482, trian_mse:0.0052, trian_r2: -1.2083, trian_cc: 0.6961
Epoch 65, val_loss: 0.0026, val_mae: 0.0480, val_mse: 0.0053, val_r2: -1.4030, val_cc: 0.7041
Epoch 66, trian_loss: 0.0025, trian_mae: 0.0473, trian_mse:0.0050, trian_r2: -0.7859, trian_cc: 0.7087
Epoch 66, val_loss: 0.0026, val_mae: 0.0478, val_mse: 0.0052, val_r2: -1.0773, val_cc: 0.7056
Epoch 67, trian_loss: 0.0024, trian_mae: 0.0470, trian_mse:0.0049, trian_r2: -0.8661, trian_cc: 0.7086
Epoch 67, val_loss: 0.0026, val_mae: 0.0473, val_mse: 0.0052, val_r2: -1.1812, val_cc: 0.7033
Epoch 68, trian_loss: 0.0025, trian_mae: 0.0480, trian_mse:0.0051, trian_r2: -1.5555, trian_cc: 0.6946
Epoch 68, val_loss: 0.0027, val_mae: 0.0484, val_mse: 0.0054, val_r2: -1.6976, val_cc: 0.6974
Epoch 69, trian_loss: 0.0025, trian_mae: 0.0469, trian_mse:0.0049, trian_r2: -0.6008, trian_cc: 0.7096
Epoch 69, val_loss: 0.0027, val_mae: 0.0508, val_mse: 0.0055, val_r2: -1.1606, val_cc: 0.6734
Epoch 70, trian_loss: 0.0026, trian_mae: 0.0479, trian_mse:0.0051, trian_r2: -1.3265, trian_cc: 0.6978
Epoch 70, val_loss: 0.0026, val_mae: 0.0466, val_mse: 0.0051, val_r2: -0.8981, val_cc: 0.7078
Epoch 71, trian_loss: 0.0024, trian_mae: 0.0464, trian_mse:0.0048, trian_r2: -0.5807, trian_cc: 0.7135
Epoch 71, val_loss: 0.0026, val_mae: 0.0477, val_mse: 0.0052, val_r2: -1.1060, val_cc: 0.7037
Epoch 72, trian_loss: 0.0024, trian_mae: 0.0465, trian_mse:0.0048, trian_r2: -0.6861, trian_cc: 0.7115
Epoch 72, val_loss: 0.0027, val_mae: 0.0485, val_mse: 0.0053, val_r2: -1.1837, val_cc: 0.6875
Epoch 73, trian_loss: 0.0027, trian_mae: 0.0490, trian_mse:0.0053, trian_r2: -5.2999, trian_cc: 0.6787
Epoch 73, val_loss: 0.0026, val_mae: 0.0472, val_mse: 0.0052, val_r2: -0.9875, val_cc: 0.7051
Epoch 74, trian_loss: 0.0024, trian_mae: 0.0467, trian_mse:0.0048, trian_r2: -0.6275, trian_cc: 0.7122
Epoch 74, val_loss: 0.0027, val_mae: 0.0479, val_mse: 0.0053, val_r2: -1.3531, val_cc: 0.7027
Epoch 75, trian_loss: 0.0023, trian_mae: 0.0459, trian_mse:0.0046, trian_r2: -0.6120, trian_cc: 0.7143
Epoch 75, val_loss: 0.0026, val_mae: 0.0477, val_mse: 0.0052, val_r2: -0.6533, val_cc: 0.7024
Epoch 76, trian_loss: 0.0024, trian_mae: 0.0466, trian_mse:0.0048, trian_r2: -0.7703, trian_cc: 0.7112
Epoch 76, val_loss: 0.0026, val_mae: 0.0477, val_mse: 0.0053, val_r2: -0.9611, val_cc: 0.7002
Epoch 77, trian_loss: 0.0024, trian_mae: 0.0465, trian_mse:0.0048, trian_r2: -0.5881, trian_cc: 0.7129
Epoch 77, val_loss: 0.0026, val_mae: 0.0478, val_mse: 0.0052, val_r2: -1.1392, val_cc: 0.7054
Epoch 78, trian_loss: 0.0024, trian_mae: 0.0465, trian_mse:0.0047, trian_r2: -0.6066, trian_cc: 0.7132
Epoch 78, val_loss: 0.0026, val_mae: 0.0473, val_mse: 0.0052, val_r2: -0.8292, val_cc: 0.7032
Epoch 79, trian_loss: 0.0024, trian_mae: 0.0469, trian_mse:0.0048, trian_r2: -1.0931, trian_cc: 0.7075
Epoch 79, val_loss: 0.0026, val_mae: 0.0478, val_mse: 0.0052, val_r2: -1.0766, val_cc: 0.7046
Epoch 80, trian_loss: 0.0023, trian_mae: 0.0464, trian_mse:0.0047, trian_r2: -0.6151, trian_cc: 0.7115
Epoch 80, val_loss: 0.0026, val_mae: 0.0478, val_mse: 0.0051, val_r2: -1.0303, val_cc: 0.7084
Epoch 81, trian_loss: 0.0024, trian_mae: 0.0463, trian_mse:0.0047, trian_r2: -0.7114, trian_cc: 0.7140
Epoch 81, val_loss: 0.0026, val_mae: 0.0493, val_mse: 0.0053, val_r2: -1.2902, val_cc: 0.7034
Epoch 82, trian_loss: 0.0023, trian_mae: 0.0451, trian_mse:0.0045, trian_r2: -0.7746, trian_cc: 0.7178
Epoch 82, val_loss: 0.0026, val_mae: 0.0463, val_mse: 0.0051, val_r2: -0.7961, val_cc: 0.7115
Epoch 83, trian_loss: 0.0022, trian_mae: 0.0443, trian_mse:0.0044, trian_r2: -0.3998, trian_cc: 0.7226
Epoch 83, val_loss: 0.0027, val_mae: 0.0470, val_mse: 0.0053, val_r2: -1.0257, val_cc: 0.7061
Epoch 84, trian_loss: 0.0022, trian_mae: 0.0442, trian_mse:0.0043, trian_r2: -0.4106, trian_cc: 0.7234
Epoch 84, val_loss: 0.0026, val_mae: 0.0469, val_mse: 0.0053, val_r2: -0.9569, val_cc: 0.7074
Epoch 85, trian_loss: 0.0022, trian_mae: 0.0442, trian_mse:0.0044, trian_r2: -0.5308, trian_cc: 0.7231
Epoch 85, val_loss: 0.0027, val_mae: 0.0468, val_mse: 0.0053, val_r2: -0.9996, val_cc: 0.7080
Epoch 86, trian_loss: 0.0022, trian_mae: 0.0440, trian_mse:0.0043, trian_r2: -0.4188, trian_cc: 0.7228
Epoch 86, val_loss: 0.0026, val_mae: 0.0473, val_mse: 0.0053, val_r2: -1.0137, val_cc: 0.7046
Epoch 87, trian_loss: 0.0022, trian_mae: 0.0442, trian_mse:0.0044, trian_r2: -0.4173, trian_cc: 0.7241
Epoch 87, val_loss: 0.0026, val_mae: 0.0467, val_mse: 0.0053, val_r2: -0.8190, val_cc: 0.7096
Epoch 88, trian_loss: 0.0021, trian_mae: 0.0437, trian_mse:0.0043, trian_r2: -0.4169, trian_cc: 0.7262
Epoch 88, val_loss: 0.0026, val_mae: 0.0468, val_mse: 0.0053, val_r2: -0.8590, val_cc: 0.7099
Epoch 89, trian_loss: 0.0022, trian_mae: 0.0439, trian_mse:0.0043, trian_r2: -0.4142, trian_cc: 0.7261
Epoch 89, val_loss: 0.0027, val_mae: 0.0469, val_mse: 0.0054, val_r2: -0.9218, val_cc: 0.7089
Epoch 90, trian_loss: 0.0021, trian_mae: 0.0435, trian_mse:0.0042, trian_r2: -0.3720, trian_cc: 0.7279
Epoch 90, val_loss: 0.0026, val_mae: 0.0467, val_mse: 0.0052, val_r2: -0.8075, val_cc: 0.7103
Epoch 91, trian_loss: 0.0022, trian_mae: 0.0439, trian_mse:0.0043, trian_r2: -0.4547, trian_cc: 0.7256
Epoch 91, val_loss: 0.0026, val_mae: 0.0467, val_mse: 0.0053, val_r2: -0.8796, val_cc: 0.7095
Epoch 92, trian_loss: 0.0021, trian_mae: 0.0431, trian_mse:0.0042, trian_r2: -0.3403, trian_cc: 0.7292
Epoch 92, val_loss: 0.0026, val_mae: 0.0467, val_mse: 0.0053, val_r2: -0.7964, val_cc: 0.7113
Epoch 93, trian_loss: 0.0021, trian_mae: 0.0432, trian_mse:0.0042, trian_r2: -0.3625, trian_cc: 0.7295
Epoch 93, val_loss: 0.0026, val_mae: 0.0467, val_mse: 0.0053, val_r2: -0.7951, val_cc: 0.7114
Epoch 94, trian_loss: 0.0021, trian_mae: 0.0433, trian_mse:0.0042, trian_r2: -0.3776, trian_cc: 0.7289
Epoch 94, val_loss: 0.0026, val_mae: 0.0468, val_mse: 0.0053, val_r2: -0.7975, val_cc: 0.7088
Epoch 95, trian_loss: 0.0021, trian_mae: 0.0434, trian_mse:0.0042, trian_r2: -0.3410, trian_cc: 0.7285
Epoch 95, val_loss: 0.0027, val_mae: 0.0469, val_mse: 0.0053, val_r2: -0.8745, val_cc: 0.7093
Epoch 96, trian_loss: 0.0021, trian_mae: 0.0430, trian_mse:0.0042, trian_r2: -0.2866, trian_cc: 0.7303
Epoch 96, val_loss: 0.0027, val_mae: 0.0468, val_mse: 0.0053, val_r2: -0.8086, val_cc: 0.7101
Epoch 97, trian_loss: 0.0021, trian_mae: 0.0432, trian_mse:0.0042, trian_r2: -0.3320, trian_cc: 0.7293
Epoch 97, val_loss: 0.0026, val_mae: 0.0466, val_mse: 0.0053, val_r2: -0.8895, val_cc: 0.7088
Epoch 98, trian_loss: 0.0020, trian_mae: 0.0427, trian_mse:0.0041, trian_r2: -0.2752, trian_cc: 0.7316
Epoch 98, val_loss: 0.0026, val_mae: 0.0465, val_mse: 0.0053, val_r2: -0.8757, val_cc: 0.7105
Epoch 99, trian_loss: 0.0020, trian_mae: 0.0425, trian_mse:0.0040, trian_r2: -0.2653, trian_cc: 0.7335
Epoch 99, val_loss: 0.0026, val_mae: 0.0464, val_mse: 0.0052, val_r2: -0.9260, val_cc: 0.7104
