Trian Data: 532   Validation Data: 177  Test Data: 178
[1, 1, 1, 1, 1]
[1, 1, 1, 1]
[1, 1, 1, 1]
[1, 1, 1, 1]
model SENet(
  (conv1): Conv2d(61, 64, kernel_size=(3, 3), stride=(1, 1), padding=(1, 1), bias=False)
  (bn1): BatchNorm2d(64, eps=1e-05, momentum=0.1, affine=True, track_running_stats=True)
  (layer1): Sequential(
    (0): BasicBlock(
      (conv1): Conv2d(64, 64, kernel_size=(3, 3), stride=(1, 1), padding=(1, 1), bias=False)
      (bn1): BatchNorm2d(64, eps=1e-05, momentum=0.1, affine=True, track_running_stats=True)
      (conv2): Conv2d(64, 64, kernel_size=(3, 3), stride=(1, 1), padding=(1, 1), bias=False)
      (bn2): BatchNorm2d(64, eps=1e-05, momentum=0.1, affine=True, track_running_stats=True)
      (shortcut): Sequential()
      (fc1): Conv2d(64, 4, kernel_size=(1, 1), stride=(1, 1))
      (fc2): Conv2d(4, 64, kernel_size=(1, 1), stride=(1, 1))
    )
    (1): BasicBlock(
      (conv1): Conv2d(64, 64, kernel_size=(3, 3), stride=(1, 1), padding=(1, 1), bias=False)
      (bn1): BatchNorm2d(64, eps=1e-05, momentum=0.1, affine=True, track_running_stats=True)
      (conv2): Conv2d(64, 64, kernel_size=(3, 3), stride=(1, 1), padding=(1, 1), bias=False)
      (bn2): BatchNorm2d(64, eps=1e-05, momentum=0.1, affine=True, track_running_stats=True)
      (shortcut): Sequential()
      (fc1): Conv2d(64, 4, kernel_size=(1, 1), stride=(1, 1))
      (fc2): Conv2d(4, 64, kernel_size=(1, 1), stride=(1, 1))
    )
    (2): BasicBlock(
      (conv1): Conv2d(64, 64, kernel_size=(3, 3), stride=(1, 1), padding=(1, 1), bias=False)
      (bn1): BatchNorm2d(64, eps=1e-05, momentum=0.1, affine=True, track_running_stats=True)
      (conv2): Conv2d(64, 64, kernel_size=(3, 3), stride=(1, 1), padding=(1, 1), bias=False)
      (bn2): BatchNorm2d(64, eps=1e-05, momentum=0.1, affine=True, track_running_stats=True)
      (shortcut): Sequential()
      (fc1): Conv2d(64, 4, kernel_size=(1, 1), stride=(1, 1))
      (fc2): Conv2d(4, 64, kernel_size=(1, 1), stride=(1, 1))
    )
    (3): BasicBlock(
      (conv1): Conv2d(64, 64, kernel_size=(3, 3), stride=(1, 1), padding=(1, 1), bias=False)
      (bn1): BatchNorm2d(64, eps=1e-05, momentum=0.1, affine=True, track_running_stats=True)
      (conv2): Conv2d(64, 64, kernel_size=(3, 3), stride=(1, 1), padding=(1, 1), bias=False)
      (bn2): BatchNorm2d(64, eps=1e-05, momentum=0.1, affine=True, track_running_stats=True)
      (shortcut): Sequential()
      (fc1): Conv2d(64, 4, kernel_size=(1, 1), stride=(1, 1))
      (fc2): Conv2d(4, 64, kernel_size=(1, 1), stride=(1, 1))
    )
    (4): BasicBlock(
      (conv1): Conv2d(64, 64, kernel_size=(3, 3), stride=(1, 1), padding=(1, 1), bias=False)
      (bn1): BatchNorm2d(64, eps=1e-05, momentum=0.1, affine=True, track_running_stats=True)
      (conv2): Conv2d(64, 64, kernel_size=(3, 3), stride=(1, 1), padding=(1, 1), bias=False)
      (bn2): BatchNorm2d(64, eps=1e-05, momentum=0.1, affine=True, track_running_stats=True)
      (shortcut): Sequential()
      (fc1): Conv2d(64, 4, kernel_size=(1, 1), stride=(1, 1))
      (fc2): Conv2d(4, 64, kernel_size=(1, 1), stride=(1, 1))
    )
  )
  (layer2): Sequential(
    (0): BasicBlock(
      (conv1): Conv2d(64, 64, kernel_size=(3, 3), stride=(1, 1), padding=(1, 1), bias=False)
      (bn1): BatchNorm2d(64, eps=1e-05, momentum=0.1, affine=True, track_running_stats=True)
      (conv2): Conv2d(64, 64, kernel_size=(3, 3), stride=(1, 1), padding=(1, 1), bias=False)
      (bn2): BatchNorm2d(64, eps=1e-05, momentum=0.1, affine=True, track_running_stats=True)
      (shortcut): Sequential()
      (fc1): Conv2d(64, 4, kernel_size=(1, 1), stride=(1, 1))
      (fc2): Conv2d(4, 64, kernel_size=(1, 1), stride=(1, 1))
    )
    (1): BasicBlock(
      (conv1): Conv2d(64, 64, kernel_size=(3, 3), stride=(1, 1), padding=(1, 1), bias=False)
      (bn1): BatchNorm2d(64, eps=1e-05, momentum=0.1, affine=True, track_running_stats=True)
      (conv2): Conv2d(64, 64, kernel_size=(3, 3), stride=(1, 1), padding=(1, 1), bias=False)
      (bn2): BatchNorm2d(64, eps=1e-05, momentum=0.1, affine=True, track_running_stats=True)
      (shortcut): Sequential()
      (fc1): Conv2d(64, 4, kernel_size=(1, 1), stride=(1, 1))
      (fc2): Conv2d(4, 64, kernel_size=(1, 1), stride=(1, 1))
    )
    (2): BasicBlock(
      (conv1): Conv2d(64, 64, kernel_size=(3, 3), stride=(1, 1), padding=(1, 1), bias=False)
      (bn1): BatchNorm2d(64, eps=1e-05, momentum=0.1, affine=True, track_running_stats=True)
      (conv2): Conv2d(64, 64, kernel_size=(3, 3), stride=(1, 1), padding=(1, 1), bias=False)
      (bn2): BatchNorm2d(64, eps=1e-05, momentum=0.1, affine=True, track_running_stats=True)
      (shortcut): Sequential()
      (fc1): Conv2d(64, 4, kernel_size=(1, 1), stride=(1, 1))
      (fc2): Conv2d(4, 64, kernel_size=(1, 1), stride=(1, 1))
    )
    (3): BasicBlock(
      (conv1): Conv2d(64, 64, kernel_size=(3, 3), stride=(1, 1), padding=(1, 1), bias=False)
      (bn1): BatchNorm2d(64, eps=1e-05, momentum=0.1, affine=True, track_running_stats=True)
      (conv2): Conv2d(64, 64, kernel_size=(3, 3), stride=(1, 1), padding=(1, 1), bias=False)
      (bn2): BatchNorm2d(64, eps=1e-05, momentum=0.1, affine=True, track_running_stats=True)
      (shortcut): Sequential()
      (fc1): Conv2d(64, 4, kernel_size=(1, 1), stride=(1, 1))
      (fc2): Conv2d(4, 64, kernel_size=(1, 1), stride=(1, 1))
    )
  )
  (layer3): Sequential(
    (0): BasicBlock(
      (conv1): Conv2d(64, 64, kernel_size=(3, 3), stride=(1, 1), padding=(1, 1), bias=False)
      (bn1): BatchNorm2d(64, eps=1e-05, momentum=0.1, affine=True, track_running_stats=True)
      (conv2): Conv2d(64, 64, kernel_size=(3, 3), stride=(1, 1), padding=(1, 1), bias=False)
      (bn2): BatchNorm2d(64, eps=1e-05, momentum=0.1, affine=True, track_running_stats=True)
      (shortcut): Sequential()
      (fc1): Conv2d(64, 4, kernel_size=(1, 1), stride=(1, 1))
      (fc2): Conv2d(4, 64, kernel_size=(1, 1), stride=(1, 1))
    )
    (1): BasicBlock(
      (conv1): Conv2d(64, 64, kernel_size=(3, 3), stride=(1, 1), padding=(1, 1), bias=False)
      (bn1): BatchNorm2d(64, eps=1e-05, momentum=0.1, affine=True, track_running_stats=True)
      (conv2): Conv2d(64, 64, kernel_size=(3, 3), stride=(1, 1), padding=(1, 1), bias=False)
      (bn2): BatchNorm2d(64, eps=1e-05, momentum=0.1, affine=True, track_running_stats=True)
      (shortcut): Sequential()
      (fc1): Conv2d(64, 4, kernel_size=(1, 1), stride=(1, 1))
      (fc2): Conv2d(4, 64, kernel_size=(1, 1), stride=(1, 1))
    )
    (2): BasicBlock(
      (conv1): Conv2d(64, 64, kernel_size=(3, 3), stride=(1, 1), padding=(1, 1), bias=False)
      (bn1): BatchNorm2d(64, eps=1e-05, momentum=0.1, affine=True, track_running_stats=True)
      (conv2): Conv2d(64, 64, kernel_size=(3, 3), stride=(1, 1), padding=(1, 1), bias=False)
      (bn2): BatchNorm2d(64, eps=1e-05, momentum=0.1, affine=True, track_running_stats=True)
      (shortcut): Sequential()
      (fc1): Conv2d(64, 4, kernel_size=(1, 1), stride=(1, 1))
      (fc2): Conv2d(4, 64, kernel_size=(1, 1), stride=(1, 1))
    )
    (3): BasicBlock(
      (conv1): Conv2d(64, 64, kernel_size=(3, 3), stride=(1, 1), padding=(1, 1), bias=False)
      (bn1): BatchNorm2d(64, eps=1e-05, momentum=0.1, affine=True, track_running_stats=True)
      (conv2): Conv2d(64, 64, kernel_size=(3, 3), stride=(1, 1), padding=(1, 1), bias=False)
      (bn2): BatchNorm2d(64, eps=1e-05, momentum=0.1, affine=True, track_running_stats=True)
      (shortcut): Sequential()
      (fc1): Conv2d(64, 4, kernel_size=(1, 1), stride=(1, 1))
      (fc2): Conv2d(4, 64, kernel_size=(1, 1), stride=(1, 1))
    )
  )
  (layer4): Sequential(
    (0): BasicBlock(
      (conv1): Conv2d(64, 64, kernel_size=(3, 3), stride=(1, 1), padding=(1, 1), bias=False)
      (bn1): BatchNorm2d(64, eps=1e-05, momentum=0.1, affine=True, track_running_stats=True)
      (conv2): Conv2d(64, 64, kernel_size=(3, 3), stride=(1, 1), padding=(1, 1), bias=False)
      (bn2): BatchNorm2d(64, eps=1e-05, momentum=0.1, affine=True, track_running_stats=True)
      (shortcut): Sequential()
      (fc1): Conv2d(64, 4, kernel_size=(1, 1), stride=(1, 1))
      (fc2): Conv2d(4, 64, kernel_size=(1, 1), stride=(1, 1))
    )
    (1): BasicBlock(
      (conv1): Conv2d(64, 64, kernel_size=(3, 3), stride=(1, 1), padding=(1, 1), bias=False)
      (bn1): BatchNorm2d(64, eps=1e-05, momentum=0.1, affine=True, track_running_stats=True)
      (conv2): Conv2d(64, 64, kernel_size=(3, 3), stride=(1, 1), padding=(1, 1), bias=False)
      (bn2): BatchNorm2d(64, eps=1e-05, momentum=0.1, affine=True, track_running_stats=True)
      (shortcut): Sequential()
      (fc1): Conv2d(64, 4, kernel_size=(1, 1), stride=(1, 1))
      (fc2): Conv2d(4, 64, kernel_size=(1, 1), stride=(1, 1))
    )
    (2): BasicBlock(
      (conv1): Conv2d(64, 64, kernel_size=(3, 3), stride=(1, 1), padding=(1, 1), bias=False)
      (bn1): BatchNorm2d(64, eps=1e-05, momentum=0.1, affine=True, track_running_stats=True)
      (conv2): Conv2d(64, 64, kernel_size=(3, 3), stride=(1, 1), padding=(1, 1), bias=False)
      (bn2): BatchNorm2d(64, eps=1e-05, momentum=0.1, affine=True, track_running_stats=True)
      (shortcut): Sequential()
      (fc1): Conv2d(64, 4, kernel_size=(1, 1), stride=(1, 1))
      (fc2): Conv2d(4, 64, kernel_size=(1, 1), stride=(1, 1))
    )
    (3): BasicBlock(
      (conv1): Conv2d(64, 64, kernel_size=(3, 3), stride=(1, 1), padding=(1, 1), bias=False)
      (bn1): BatchNorm2d(64, eps=1e-05, momentum=0.1, affine=True, track_running_stats=True)
      (conv2): Conv2d(64, 64, kernel_size=(3, 3), stride=(1, 1), padding=(1, 1), bias=False)
      (bn2): BatchNorm2d(64, eps=1e-05, momentum=0.1, affine=True, track_running_stats=True)
      (shortcut): Sequential()
      (fc1): Conv2d(64, 4, kernel_size=(1, 1), stride=(1, 1))
      (fc2): Conv2d(4, 64, kernel_size=(1, 1), stride=(1, 1))
    )
  )
  (cnn): CNNnet(
    (conv1): Sequential(
      (0): Conv2d(64, 32, kernel_size=(3, 3), stride=(1, 1), padding=(1, 1))
      (1): BatchNorm2d(32, eps=1e-05, momentum=0.1, affine=True, track_running_stats=True)
      (2): ReLU()
    )
    (conv2): Sequential(
      (0): Conv2d(32, 16, kernel_size=(3, 3), stride=(1, 1), padding=(1, 1))
      (1): BatchNorm2d(16, eps=1e-05, momentum=0.1, affine=True, track_running_stats=True)
      (2): ReLU()
    )
    (conv3): Sequential(
      (0): Conv2d(16, 1, kernel_size=(3, 3), stride=(1, 1), padding=(1, 1))
      (1): BatchNorm2d(1, eps=1e-05, momentum=0.1, affine=True, track_running_stats=True)
      (2): ReLU()
    )
  )
)
Epoch  0, trian_loss: 0.0075, trian_mae: 0.0911, trian_mse:0.0151, trian_r2: -39.4160, trian_cc: 0.0630
Epoch  0, val_loss: 0.0064, val_mae: 0.0917, val_mse: 0.0129, val_r2: -24.6235, val_cc: 0.0958
Epoch  1, trian_loss: 0.0089, trian_mae: 0.0868, trian_mse:0.0178, trian_r2: -37793.9310, trian_cc: 0.0399
Epoch  1, val_loss: 0.0061, val_mae: 0.0861, val_mse: 0.0122, val_r2: -141.9965, val_cc: 0.1172
Epoch  2, trian_loss: 0.0060, trian_mae: 0.0878, trian_mse:0.0120, trian_r2: -292.7684, trian_cc: 0.1616
Epoch  2, val_loss: 0.0059, val_mae: 0.0863, val_mse: 0.0119, val_r2: -137.2849, val_cc: 0.1820
Epoch  3, trian_loss: 0.0059, trian_mae: 0.0875, trian_mse:0.0119, trian_r2: -160.3724, trian_cc: 0.1774
Epoch  3, val_loss: 0.0059, val_mae: 0.0862, val_mse: 0.0119, val_r2: -127.2963, val_cc: 0.1873
Epoch  4, trian_loss: 0.0059, trian_mae: 0.0874, trian_mse:0.0119, trian_r2: -152.0536, trian_cc: 0.1789
Epoch  4, val_loss: 0.0059, val_mae: 0.0862, val_mse: 0.0118, val_r2: -127.6749, val_cc: 0.1925
Epoch  5, trian_loss: 0.0059, trian_mae: 0.0872, trian_mse:0.0118, trian_r2: -116.6187, trian_cc: 0.1858
Epoch  5, val_loss: 0.0059, val_mae: 0.0862, val_mse: 0.0118, val_r2: -127.5814, val_cc: 0.1932
Epoch  6, trian_loss: 0.0059, trian_mae: 0.0870, trian_mse:0.0118, trian_r2: -102.5919, trian_cc: 0.1888
Epoch  6, val_loss: 0.0059, val_mae: 0.0861, val_mse: 0.0118, val_r2: -112.8394, val_cc: 0.1986
Epoch  7, trian_loss: 0.0059, trian_mae: 0.0867, trian_mse:0.0118, trian_r2: -76.3438, trian_cc: 0.1997
Epoch  7, val_loss: 0.0059, val_mae: 0.0860, val_mse: 0.0117, val_r2: -93.2579, val_cc: 0.2051
Epoch  8, trian_loss: 0.0059, trian_mae: 0.0865, trian_mse:0.0117, trian_r2: -66.5636, trian_cc: 0.2033
Epoch  8, val_loss: 0.0058, val_mae: 0.0860, val_mse: 0.0117, val_r2: -72.9071, val_cc: 0.2036
Epoch  9, trian_loss: 0.0058, trian_mae: 0.0864, trian_mse:0.0117, trian_r2: -60.5218, trian_cc: 0.2068
Epoch  9, val_loss: 0.0058, val_mae: 0.0857, val_mse: 0.0117, val_r2: -65.3335, val_cc: 0.2082
Epoch 10, trian_loss: 0.0058, trian_mae: 0.0863, trian_mse:0.0117, trian_r2: -58.0529, trian_cc: 0.2112
Epoch 10, val_loss: 0.0058, val_mae: 0.0856, val_mse: 0.0116, val_r2: -60.0621, val_cc: 0.2144
Epoch 11, trian_loss: 0.0058, trian_mae: 0.0861, trian_mse:0.0117, trian_r2: -51.4466, trian_cc: 0.2133
Epoch 11, val_loss: 0.0059, val_mae: 0.0863, val_mse: 0.0117, val_r2: -84.8871, val_cc: 0.1845
Epoch 12, trian_loss: 0.0058, trian_mae: 0.0863, trian_mse:0.0117, trian_r2: -64.6030, trian_cc: 0.2035
Epoch 12, val_loss: 0.0058, val_mae: 0.0859, val_mse: 0.0115, val_r2: -76.9964, val_cc: 0.2194
Epoch 13, trian_loss: 0.0058, trian_mae: 0.0857, trian_mse:0.0116, trian_r2: -50.9403, trian_cc: 0.2224
Epoch 13, val_loss: 0.0057, val_mae: 0.0857, val_mse: 0.0115, val_r2: -55.4873, val_cc: 0.2291
Epoch 14, trian_loss: 0.0058, trian_mae: 0.0854, trian_mse:0.0115, trian_r2: -48.3485, trian_cc: 0.2289
Epoch 14, val_loss: 0.0057, val_mae: 0.0852, val_mse: 0.0115, val_r2: -51.0220, val_cc: 0.2312
Epoch 15, trian_loss: 0.0057, trian_mae: 0.0851, trian_mse:0.0115, trian_r2: -46.0993, trian_cc: 0.2358
Epoch 15, val_loss: 0.0057, val_mae: 0.0855, val_mse: 0.0115, val_r2: -49.6893, val_cc: 0.2318
Epoch 16, trian_loss: 0.0057, trian_mae: 0.0851, trian_mse:0.0115, trian_r2: -50.1229, trian_cc: 0.2354
Epoch 16, val_loss: 0.0057, val_mae: 0.0854, val_mse: 0.0114, val_r2: -50.3592, val_cc: 0.2364
Epoch 17, trian_loss: 0.0057, trian_mae: 0.0849, trian_mse:0.0115, trian_r2: -46.8949, trian_cc: 0.2393
Epoch 17, val_loss: 0.0057, val_mae: 0.0843, val_mse: 0.0115, val_r2: -40.5816, val_cc: 0.2433
Epoch 18, trian_loss: 0.0058, trian_mae: 0.0851, trian_mse:0.0115, trian_r2: -49.2683, trian_cc: 0.2377
Epoch 18, val_loss: 0.0057, val_mae: 0.0842, val_mse: 0.0115, val_r2: -36.0587, val_cc: 0.2469
Epoch 19, trian_loss: 0.0057, trian_mae: 0.0849, trian_mse:0.0114, trian_r2: -44.2890, trian_cc: 0.2446
Epoch 19, val_loss: 0.0057, val_mae: 0.0845, val_mse: 0.0114, val_r2: -41.0471, val_cc: 0.2467
Epoch 20, trian_loss: 0.0057, trian_mae: 0.0848, trian_mse:0.0114, trian_r2: -43.5692, trian_cc: 0.2479
Epoch 20, val_loss: 0.0057, val_mae: 0.0846, val_mse: 0.0114, val_r2: -39.5111, val_cc: 0.2496
Epoch 21, trian_loss: 0.0057, trian_mae: 0.0847, trian_mse:0.0114, trian_r2: -41.0347, trian_cc: 0.2487
Epoch 21, val_loss: 0.0057, val_mae: 0.0841, val_mse: 0.0115, val_r2: -33.5172, val_cc: 0.2446
Epoch 22, trian_loss: 0.0057, trian_mae: 0.0847, trian_mse:0.0114, trian_r2: -40.0006, trian_cc: 0.2432
Epoch 22, val_loss: 0.0057, val_mae: 0.0841, val_mse: 0.0114, val_r2: -34.8281, val_cc: 0.2485
Epoch 23, trian_loss: 0.0057, trian_mae: 0.0849, trian_mse:0.0114, trian_r2: -40.8904, trian_cc: 0.2478
Epoch 23, val_loss: 0.0057, val_mae: 0.0842, val_mse: 0.0114, val_r2: -39.6820, val_cc: 0.2528
Epoch 24, trian_loss: 0.0057, trian_mae: 0.0846, trian_mse:0.0113, trian_r2: -36.5610, trian_cc: 0.2517
Epoch 24, val_loss: 0.0057, val_mae: 0.0840, val_mse: 0.0114, val_r2: -29.7819, val_cc: 0.2551
Epoch 25, trian_loss: 0.0057, trian_mae: 0.0846, trian_mse:0.0113, trian_r2: -36.7936, trian_cc: 0.2526
Epoch 25, val_loss: 0.0057, val_mae: 0.0840, val_mse: 0.0114, val_r2: -32.4156, val_cc: 0.2554
Epoch 26, trian_loss: 0.0057, trian_mae: 0.0844, trian_mse:0.0113, trian_r2: -35.8764, trian_cc: 0.2539
Epoch 26, val_loss: 0.0057, val_mae: 0.0838, val_mse: 0.0114, val_r2: -32.3290, val_cc: 0.2519
Epoch 27, trian_loss: 0.0057, trian_mae: 0.0846, trian_mse:0.0114, trian_r2: -37.3936, trian_cc: 0.2521
Epoch 27, val_loss: 0.0057, val_mae: 0.0838, val_mse: 0.0114, val_r2: -31.0655, val_cc: 0.2556
Epoch 28, trian_loss: 0.0057, trian_mae: 0.0844, trian_mse:0.0113, trian_r2: -35.6913, trian_cc: 0.2564
Epoch 28, val_loss: 0.0057, val_mae: 0.0841, val_mse: 0.0113, val_r2: -36.4066, val_cc: 0.2553
Epoch 29, trian_loss: 0.0056, trian_mae: 0.0845, trian_mse:0.0113, trian_r2: -34.8748, trian_cc: 0.2563
Epoch 29, val_loss: 0.0057, val_mae: 0.0838, val_mse: 0.0114, val_r2: -29.8559, val_cc: 0.2570
Epoch 30, trian_loss: 0.0057, trian_mae: 0.0845, trian_mse:0.0113, trian_r2: -35.1261, trian_cc: 0.2553
Epoch 30, val_loss: 0.0057, val_mae: 0.0838, val_mse: 0.0114, val_r2: -32.7049, val_cc: 0.2574
Epoch 31, trian_loss: 0.0056, trian_mae: 0.0844, trian_mse:0.0113, trian_r2: -34.7004, trian_cc: 0.2568
Epoch 31, val_loss: 0.0057, val_mae: 0.0838, val_mse: 0.0113, val_r2: -34.9516, val_cc: 0.2585
Epoch 32, trian_loss: 0.0056, trian_mae: 0.0843, trian_mse:0.0113, trian_r2: -33.4737, trian_cc: 0.2584
Epoch 32, val_loss: 0.0057, val_mae: 0.0837, val_mse: 0.0114, val_r2: -32.6684, val_cc: 0.2584
Epoch 33, trian_loss: 0.0056, trian_mae: 0.0843, trian_mse:0.0113, trian_r2: -32.8641, trian_cc: 0.2603
Epoch 33, val_loss: 0.0057, val_mae: 0.0837, val_mse: 0.0113, val_r2: -33.5490, val_cc: 0.2584
Epoch 34, trian_loss: 0.0056, trian_mae: 0.0843, trian_mse:0.0113, trian_r2: -33.5675, trian_cc: 0.2589
Epoch 34, val_loss: 0.0057, val_mae: 0.0838, val_mse: 0.0114, val_r2: -35.0974, val_cc: 0.2560
Epoch 35, trian_loss: 0.0056, trian_mae: 0.0844, trian_mse:0.0113, trian_r2: -32.8470, trian_cc: 0.2588
Epoch 35, val_loss: 0.0057, val_mae: 0.0843, val_mse: 0.0114, val_r2: -46.1189, val_cc: 0.2537
Epoch 36, trian_loss: 0.0056, trian_mae: 0.0845, trian_mse:0.0113, trian_r2: -35.9982, trian_cc: 0.2572
Epoch 36, val_loss: 0.0056, val_mae: 0.0840, val_mse: 0.0113, val_r2: -39.2798, val_cc: 0.2594
Epoch 37, trian_loss: 0.0056, trian_mae: 0.0841, trian_mse:0.0112, trian_r2: -30.9616, trian_cc: 0.2610
Epoch 37, val_loss: 0.0057, val_mae: 0.0836, val_mse: 0.0114, val_r2: -33.4732, val_cc: 0.2574
Epoch 38, trian_loss: 0.0056, trian_mae: 0.0842, trian_mse:0.0113, trian_r2: -31.7727, trian_cc: 0.2606
Epoch 38, val_loss: 0.0056, val_mae: 0.0839, val_mse: 0.0113, val_r2: -38.2368, val_cc: 0.2597
Epoch 39, trian_loss: 0.0056, trian_mae: 0.0842, trian_mse:0.0113, trian_r2: -32.6849, trian_cc: 0.2615
Epoch 39, val_loss: 0.0057, val_mae: 0.0837, val_mse: 0.0113, val_r2: -33.9267, val_cc: 0.2595
Epoch 40, trian_loss: 0.0056, trian_mae: 0.0841, trian_mse:0.0112, trian_r2: -31.0486, trian_cc: 0.2620
Epoch 40, val_loss: 0.0057, val_mae: 0.0838, val_mse: 0.0114, val_r2: -36.7937, val_cc: 0.2597
Epoch 41, trian_loss: 0.0056, trian_mae: 0.0841, trian_mse:0.0112, trian_r2: -33.1184, trian_cc: 0.2595
Epoch 41, val_loss: 0.0057, val_mae: 0.0841, val_mse: 0.0113, val_r2: -39.9817, val_cc: 0.2581
Epoch 42, trian_loss: 0.0056, trian_mae: 0.0842, trian_mse:0.0113, trian_r2: -35.1068, trian_cc: 0.2601
Epoch 42, val_loss: 0.0057, val_mae: 0.0838, val_mse: 0.0113, val_r2: -35.1797, val_cc: 0.2591
Epoch 43, trian_loss: 0.0056, trian_mae: 0.0841, trian_mse:0.0112, trian_r2: -32.0980, trian_cc: 0.2628
Epoch 43, val_loss: 0.0057, val_mae: 0.0838, val_mse: 0.0114, val_r2: -37.2012, val_cc: 0.2584
Epoch 44, trian_loss: 0.0056, trian_mae: 0.0840, trian_mse:0.0112, trian_r2: -29.7419, trian_cc: 0.2650
Epoch 44, val_loss: 0.0056, val_mae: 0.0838, val_mse: 0.0113, val_r2: -29.9075, val_cc: 0.2599
Epoch 45, trian_loss: 0.0056, trian_mae: 0.0840, trian_mse:0.0112, trian_r2: -29.0153, trian_cc: 0.2657
Epoch 45, val_loss: 0.0057, val_mae: 0.0837, val_mse: 0.0113, val_r2: -30.2875, val_cc: 0.2604
Epoch 46, trian_loss: 0.0056, trian_mae: 0.0840, trian_mse:0.0112, trian_r2: -29.2356, trian_cc: 0.2663
Epoch 46, val_loss: 0.0056, val_mae: 0.0838, val_mse: 0.0112, val_r2: -29.2663, val_cc: 0.2598
Epoch 47, trian_loss: 0.0056, trian_mae: 0.0839, trian_mse:0.0112, trian_r2: -29.4342, trian_cc: 0.2655
Epoch 47, val_loss: 0.0057, val_mae: 0.0839, val_mse: 0.0114, val_r2: -33.5431, val_cc: 0.2464
Epoch 48, trian_loss: 0.0056, trian_mae: 0.0839, trian_mse:0.0112, trian_r2: -28.6735, trian_cc: 0.2661
Epoch 48, val_loss: 0.0056, val_mae: 0.0837, val_mse: 0.0113, val_r2: -30.0638, val_cc: 0.2591
Epoch 49, trian_loss: 0.0056, trian_mae: 0.0839, trian_mse:0.0112, trian_r2: -29.4720, trian_cc: 0.2667
Epoch 49, val_loss: 0.0056, val_mae: 0.0838, val_mse: 0.0113, val_r2: -29.5347, val_cc: 0.2561
Epoch 50, trian_loss: 0.0056, trian_mae: 0.0839, trian_mse:0.0112, trian_r2: -29.0646, trian_cc: 0.2674
Epoch 50, val_loss: 0.0056, val_mae: 0.0839, val_mse: 0.0112, val_r2: -28.1512, val_cc: 0.2575
Epoch 51, trian_loss: 0.0056, trian_mae: 0.0838, trian_mse:0.0112, trian_r2: -28.8981, trian_cc: 0.2684
Epoch 51, val_loss: 0.0056, val_mae: 0.0837, val_mse: 0.0113, val_r2: -27.0547, val_cc: 0.2579
Epoch 52, trian_loss: 0.0056, trian_mae: 0.0839, trian_mse:0.0112, trian_r2: -28.7667, trian_cc: 0.2684
Epoch 52, val_loss: 0.0056, val_mae: 0.0838, val_mse: 0.0112, val_r2: -27.3598, val_cc: 0.2592
Epoch 53, trian_loss: 0.0056, trian_mae: 0.0838, trian_mse:0.0112, trian_r2: -28.3254, trian_cc: 0.2687
Epoch 53, val_loss: 0.0056, val_mae: 0.0837, val_mse: 0.0112, val_r2: -25.3615, val_cc: 0.2634
Epoch 54, trian_loss: 0.0056, trian_mae: 0.0837, trian_mse:0.0111, trian_r2: -27.7433, trian_cc: 0.2723
Epoch 54, val_loss: 0.0056, val_mae: 0.0832, val_mse: 0.0112, val_r2: -25.6096, val_cc: 0.2707
Epoch 55, trian_loss: 0.0056, trian_mae: 0.0834, trian_mse:0.0111, trian_r2: -26.9048, trian_cc: 0.2784
Epoch 55, val_loss: 0.0056, val_mae: 0.0830, val_mse: 0.0111, val_r2: -24.0471, val_cc: 0.2844
Epoch 56, trian_loss: 0.0055, trian_mae: 0.0831, trian_mse:0.0111, trian_r2: -23.8264, trian_cc: 0.2884
Epoch 56, val_loss: 0.0055, val_mae: 0.0832, val_mse: 0.0110, val_r2: -21.0105, val_cc: 0.2936
Epoch 57, trian_loss: 0.0056, trian_mae: 0.0839, trian_mse:0.0112, trian_r2: -30.5127, trian_cc: 0.2739
Epoch 57, val_loss: 0.0055, val_mae: 0.0830, val_mse: 0.0111, val_r2: -21.8679, val_cc: 0.2942
Epoch 58, trian_loss: 0.0055, trian_mae: 0.0828, trian_mse:0.0110, trian_r2: -20.1475, trian_cc: 0.3004
Epoch 58, val_loss: 0.0055, val_mae: 0.0825, val_mse: 0.0110, val_r2: -16.6124, val_cc: 0.3080
Epoch 59, trian_loss: 0.0055, trian_mae: 0.0825, trian_mse:0.0109, trian_r2: -16.8631, trian_cc: 0.3099
Epoch 59, val_loss: 0.0055, val_mae: 0.0824, val_mse: 0.0109, val_r2: -16.0384, val_cc: 0.3110
Epoch 60, trian_loss: 0.0055, trian_mae: 0.0824, trian_mse:0.0109, trian_r2: -16.9679, trian_cc: 0.3151
Epoch 60, val_loss: 0.0055, val_mae: 0.0821, val_mse: 0.0109, val_r2: -13.6422, val_cc: 0.3162
Epoch 61, trian_loss: 0.0055, trian_mae: 0.0826, trian_mse:0.0109, trian_r2: -17.9018, trian_cc: 0.3135
Epoch 61, val_loss: 0.0055, val_mae: 0.0827, val_mse: 0.0110, val_r2: -26.0048, val_cc: 0.3172
Epoch 62, trian_loss: 0.0054, trian_mae: 0.0822, trian_mse:0.0109, trian_r2: -15.4227, trian_cc: 0.3242
Epoch 62, val_loss: 0.0055, val_mae: 0.0819, val_mse: 0.0109, val_r2: -12.4619, val_cc: 0.3271
Epoch 63, trian_loss: 0.0054, trian_mae: 0.0821, trian_mse:0.0108, trian_r2: -13.0795, trian_cc: 0.3292
Epoch 63, val_loss: 0.0055, val_mae: 0.0817, val_mse: 0.0109, val_r2: -12.7296, val_cc: 0.3289
Epoch 64, trian_loss: 0.0054, trian_mae: 0.0821, trian_mse:0.0108, trian_r2: -13.5448, trian_cc: 0.3294
Epoch 64, val_loss: 0.0054, val_mae: 0.0822, val_mse: 0.0108, val_r2: -13.6002, val_cc: 0.3298
Epoch 65, trian_loss: 0.0054, trian_mae: 0.0820, trian_mse:0.0108, trian_r2: -13.2867, trian_cc: 0.3316
Epoch 65, val_loss: 0.0054, val_mae: 0.0821, val_mse: 0.0107, val_r2: -15.9655, val_cc: 0.3342
Epoch 66, trian_loss: 0.0054, trian_mae: 0.0820, trian_mse:0.0108, trian_r2: -12.1802, trian_cc: 0.3341
Epoch 66, val_loss: 0.0054, val_mae: 0.0819, val_mse: 0.0108, val_r2: -12.5403, val_cc: 0.3355
Epoch 67, trian_loss: 0.0054, trian_mae: 0.0820, trian_mse:0.0108, trian_r2: -13.7377, trian_cc: 0.3337
Epoch 67, val_loss: 0.0054, val_mae: 0.0818, val_mse: 0.0108, val_r2: -13.0121, val_cc: 0.3378
Epoch 68, trian_loss: 0.0054, trian_mae: 0.0817, trian_mse:0.0107, trian_r2: -11.5235, trian_cc: 0.3382
Epoch 68, val_loss: 0.0053, val_mae: 0.0820, val_mse: 0.0107, val_r2: -14.4607, val_cc: 0.3351
Epoch 69, trian_loss: 0.0054, trian_mae: 0.0817, trian_mse:0.0107, trian_r2: -11.6004, trian_cc: 0.3399
Epoch 69, val_loss: 0.0053, val_mae: 0.0817, val_mse: 0.0107, val_r2: -12.1195, val_cc: 0.3416
Epoch 70, trian_loss: 0.0054, trian_mae: 0.0817, trian_mse:0.0107, trian_r2: -12.0607, trian_cc: 0.3398
Epoch 70, val_loss: 0.0054, val_mae: 0.0816, val_mse: 0.0108, val_r2: -12.9109, val_cc: 0.3397
Epoch 71, trian_loss: 0.0053, trian_mae: 0.0816, trian_mse:0.0107, trian_r2: -10.9893, trian_cc: 0.3426
Epoch 71, val_loss: 0.0054, val_mae: 0.0816, val_mse: 0.0107, val_r2: -12.6338, val_cc: 0.3412
Epoch 72, trian_loss: 0.0053, trian_mae: 0.0816, trian_mse:0.0107, trian_r2: -10.8285, trian_cc: 0.3438
Epoch 72, val_loss: 0.0054, val_mae: 0.0818, val_mse: 0.0108, val_r2: -13.7886, val_cc: 0.3411
Epoch 73, trian_loss: 0.0053, trian_mae: 0.0815, trian_mse:0.0106, trian_r2: -10.4271, trian_cc: 0.3464
Epoch 73, val_loss: 0.0053, val_mae: 0.0815, val_mse: 0.0107, val_r2: -10.9961, val_cc: 0.3462
Epoch 74, trian_loss: 0.0053, trian_mae: 0.0814, trian_mse:0.0106, trian_r2: -10.4108, trian_cc: 0.3479
Epoch 74, val_loss: 0.0053, val_mae: 0.0815, val_mse: 0.0107, val_r2: -11.8682, val_cc: 0.3463
Epoch 75, trian_loss: 0.0053, trian_mae: 0.0814, trian_mse:0.0106, trian_r2: -10.2294, trian_cc: 0.3485
Epoch 75, val_loss: 0.0054, val_mae: 0.0814, val_mse: 0.0107, val_r2: -13.3994, val_cc: 0.3504
Epoch 76, trian_loss: 0.0053, trian_mae: 0.0813, trian_mse:0.0106, trian_r2: -10.0757, trian_cc: 0.3504
Epoch 76, val_loss: 0.0053, val_mae: 0.0815, val_mse: 0.0107, val_r2: -11.6617, val_cc: 0.3479
Epoch 77, trian_loss: 0.0053, trian_mae: 0.0812, trian_mse:0.0106, trian_r2: -10.1775, trian_cc: 0.3518
Epoch 77, val_loss: 0.0053, val_mae: 0.0812, val_mse: 0.0107, val_r2: -12.1091, val_cc: 0.3511
Epoch 78, trian_loss: 0.0053, trian_mae: 0.0812, trian_mse:0.0106, trian_r2: -9.8959, trian_cc: 0.3523
Epoch 78, val_loss: 0.0054, val_mae: 0.0813, val_mse: 0.0107, val_r2: -11.3583, val_cc: 0.3477
Epoch 79, trian_loss: 0.0053, trian_mae: 0.0811, trian_mse:0.0105, trian_r2: -9.8517, trian_cc: 0.3537
Epoch 79, val_loss: 0.0053, val_mae: 0.0815, val_mse: 0.0107, val_r2: -12.8398, val_cc: 0.3516
Epoch 80, trian_loss: 0.0053, trian_mae: 0.0811, trian_mse:0.0106, trian_r2: -9.7948, trian_cc: 0.3538
Epoch 80, val_loss: 0.0053, val_mae: 0.0812, val_mse: 0.0106, val_r2: -12.0083, val_cc: 0.3525
Epoch 81, trian_loss: 0.0053, trian_mae: 0.0810, trian_mse:0.0105, trian_r2: -9.6913, trian_cc: 0.3557
Epoch 81, val_loss: 0.0053, val_mae: 0.0811, val_mse: 0.0107, val_r2: -11.6906, val_cc: 0.3555
Epoch 82, trian_loss: 0.0053, trian_mae: 0.0809, trian_mse:0.0105, trian_r2: -9.5225, trian_cc: 0.3582
Epoch 82, val_loss: 0.0053, val_mae: 0.0809, val_mse: 0.0106, val_r2: -10.9017, val_cc: 0.3582
Epoch 83, trian_loss: 0.0052, trian_mae: 0.0808, trian_mse:0.0105, trian_r2: -9.0917, trian_cc: 0.3600
Epoch 83, val_loss: 0.0053, val_mae: 0.0812, val_mse: 0.0106, val_r2: -12.0613, val_cc: 0.3567
Epoch 84, trian_loss: 0.0052, trian_mae: 0.0808, trian_mse:0.0105, trian_r2: -9.3841, trian_cc: 0.3591
Epoch 84, val_loss: 0.0053, val_mae: 0.0815, val_mse: 0.0107, val_r2: -14.0855, val_cc: 0.3478
Epoch 85, trian_loss: 0.0052, trian_mae: 0.0809, trian_mse:0.0105, trian_r2: -9.9876, trian_cc: 0.3576
Epoch 85, val_loss: 0.0053, val_mae: 0.0810, val_mse: 0.0106, val_r2: -12.0109, val_cc: 0.3569
Epoch 86, trian_loss: 0.0052, trian_mae: 0.0807, trian_mse:0.0105, trian_r2: -9.0488, trian_cc: 0.3610
Epoch 86, val_loss: 0.0053, val_mae: 0.0810, val_mse: 0.0105, val_r2: -11.9595, val_cc: 0.3585
Epoch 87, trian_loss: 0.0052, trian_mae: 0.0806, trian_mse:0.0104, trian_r2: -9.0813, trian_cc: 0.3627
Epoch 87, val_loss: 0.0053, val_mae: 0.0808, val_mse: 0.0106, val_r2: -11.1527, val_cc: 0.3582
Epoch 88, trian_loss: 0.0052, trian_mae: 0.0806, trian_mse:0.0104, trian_r2: -8.8332, trian_cc: 0.3644
Epoch 88, val_loss: 0.0053, val_mae: 0.0810, val_mse: 0.0106, val_r2: -11.9480, val_cc: 0.3558
Epoch 89, trian_loss: 0.0052, trian_mae: 0.0805, trian_mse:0.0104, trian_r2: -8.5652, trian_cc: 0.3649
Epoch 89, val_loss: 0.0053, val_mae: 0.0810, val_mse: 0.0105, val_r2: -11.4317, val_cc: 0.3575
Epoch 90, trian_loss: 0.0052, trian_mae: 0.0805, trian_mse:0.0104, trian_r2: -9.4582, trian_cc: 0.3645
Epoch 90, val_loss: 0.0053, val_mae: 0.0811, val_mse: 0.0106, val_r2: -12.6667, val_cc: 0.3554
Epoch 91, trian_loss: 0.0052, trian_mae: 0.0804, trian_mse:0.0103, trian_r2: -9.4760, trian_cc: 0.3625
Epoch 91, val_loss: 0.0053, val_mae: 0.0813, val_mse: 0.0106, val_r2: -13.1211, val_cc: 0.3510
Epoch 92, trian_loss: 0.0052, trian_mae: 0.0804, trian_mse:0.0103, trian_r2: -8.6588, trian_cc: 0.3652
Epoch 92, val_loss: 0.0053, val_mae: 0.0812, val_mse: 0.0106, val_r2: -12.8786, val_cc: 0.3516
Epoch 93, trian_loss: 0.0052, trian_mae: 0.0803, trian_mse:0.0103, trian_r2: -9.0556, trian_cc: 0.3651
Epoch 93, val_loss: 0.0053, val_mae: 0.0813, val_mse: 0.0107, val_r2: -14.2674, val_cc: 0.3507
Epoch 94, trian_loss: 0.0052, trian_mae: 0.0804, trian_mse:0.0103, trian_r2: -11.3959, trian_cc: 0.3599
Epoch 94, val_loss: 0.0053, val_mae: 0.0813, val_mse: 0.0106, val_r2: -12.3359, val_cc: 0.3499
Epoch 95, trian_loss: 0.0051, trian_mae: 0.0801, trian_mse:0.0103, trian_r2: -9.0436, trian_cc: 0.3671
Epoch 95, val_loss: 0.0053, val_mae: 0.0810, val_mse: 0.0106, val_r2: -11.0710, val_cc: 0.3545
Epoch 96, trian_loss: 0.0051, trian_mae: 0.0800, trian_mse:0.0102, trian_r2: -8.3642, trian_cc: 0.3706
Epoch 96, val_loss: 0.0053, val_mae: 0.0811, val_mse: 0.0107, val_r2: -11.6007, val_cc: 0.3554
Epoch 97, trian_loss: 0.0051, trian_mae: 0.0801, trian_mse:0.0102, trian_r2: -8.9533, trian_cc: 0.3664
Epoch 97, val_loss: 0.0053, val_mae: 0.0809, val_mse: 0.0106, val_r2: -11.3685, val_cc: 0.3560
Epoch 98, trian_loss: 0.0051, trian_mae: 0.0798, trian_mse:0.0102, trian_r2: -8.5904, trian_cc: 0.3712
Epoch 98, val_loss: 0.0053, val_mae: 0.0809, val_mse: 0.0105, val_r2: -11.5845, val_cc: 0.3585
Epoch 99, trian_loss: 0.0051, trian_mae: 0.0798, trian_mse:0.0102, trian_r2: -8.6483, trian_cc: 0.3709
Epoch 99, val_loss: 0.0052, val_mae: 0.0805, val_mse: 0.0105, val_r2: -9.6542, val_cc: 0.3639
