Trian Data: 532   Validation Data: 177  Test Data: 178
[1, 1, 1, 1, 1]
[1, 1, 1, 1]
[1, 1, 1, 1]
[1, 1, 1, 1]
model SENet(
  (conv1): Conv2d(101, 64, kernel_size=(3, 3), stride=(1, 1), padding=(1, 1), bias=False)
  (bn1): BatchNorm2d(64, eps=1e-05, momentum=0.1, affine=True, track_running_stats=True)
  (layer1): Sequential(
    (0): BasicBlock(
      (conv1): Conv2d(64, 64, kernel_size=(3, 3), stride=(1, 1), padding=(1, 1), bias=False)
      (bn1): BatchNorm2d(64, eps=1e-05, momentum=0.1, affine=True, track_running_stats=True)
      (conv2): Conv2d(64, 64, kernel_size=(3, 3), stride=(1, 1), padding=(1, 1), bias=False)
      (bn2): BatchNorm2d(64, eps=1e-05, momentum=0.1, affine=True, track_running_stats=True)
      (shortcut): Sequential()
      (fc1): Conv2d(64, 4, kernel_size=(1, 1), stride=(1, 1))
      (fc2): Conv2d(4, 64, kernel_size=(1, 1), stride=(1, 1))
    )
    (1): BasicBlock(
      (conv1): Conv2d(64, 64, kernel_size=(3, 3), stride=(1, 1), padding=(1, 1), bias=False)
      (bn1): BatchNorm2d(64, eps=1e-05, momentum=0.1, affine=True, track_running_stats=True)
      (conv2): Conv2d(64, 64, kernel_size=(3, 3), stride=(1, 1), padding=(1, 1), bias=False)
      (bn2): BatchNorm2d(64, eps=1e-05, momentum=0.1, affine=True, track_running_stats=True)
      (shortcut): Sequential()
      (fc1): Conv2d(64, 4, kernel_size=(1, 1), stride=(1, 1))
      (fc2): Conv2d(4, 64, kernel_size=(1, 1), stride=(1, 1))
    )
    (2): BasicBlock(
      (conv1): Conv2d(64, 64, kernel_size=(3, 3), stride=(1, 1), padding=(1, 1), bias=False)
      (bn1): BatchNorm2d(64, eps=1e-05, momentum=0.1, affine=True, track_running_stats=True)
      (conv2): Conv2d(64, 64, kernel_size=(3, 3), stride=(1, 1), padding=(1, 1), bias=False)
      (bn2): BatchNorm2d(64, eps=1e-05, momentum=0.1, affine=True, track_running_stats=True)
      (shortcut): Sequential()
      (fc1): Conv2d(64, 4, kernel_size=(1, 1), stride=(1, 1))
      (fc2): Conv2d(4, 64, kernel_size=(1, 1), stride=(1, 1))
    )
    (3): BasicBlock(
      (conv1): Conv2d(64, 64, kernel_size=(3, 3), stride=(1, 1), padding=(1, 1), bias=False)
      (bn1): BatchNorm2d(64, eps=1e-05, momentum=0.1, affine=True, track_running_stats=True)
      (conv2): Conv2d(64, 64, kernel_size=(3, 3), stride=(1, 1), padding=(1, 1), bias=False)
      (bn2): BatchNorm2d(64, eps=1e-05, momentum=0.1, affine=True, track_running_stats=True)
      (shortcut): Sequential()
      (fc1): Conv2d(64, 4, kernel_size=(1, 1), stride=(1, 1))
      (fc2): Conv2d(4, 64, kernel_size=(1, 1), stride=(1, 1))
    )
    (4): BasicBlock(
      (conv1): Conv2d(64, 64, kernel_size=(3, 3), stride=(1, 1), padding=(1, 1), bias=False)
      (bn1): BatchNorm2d(64, eps=1e-05, momentum=0.1, affine=True, track_running_stats=True)
      (conv2): Conv2d(64, 64, kernel_size=(3, 3), stride=(1, 1), padding=(1, 1), bias=False)
      (bn2): BatchNorm2d(64, eps=1e-05, momentum=0.1, affine=True, track_running_stats=True)
      (shortcut): Sequential()
      (fc1): Conv2d(64, 4, kernel_size=(1, 1), stride=(1, 1))
      (fc2): Conv2d(4, 64, kernel_size=(1, 1), stride=(1, 1))
    )
  )
  (layer2): Sequential(
    (0): BasicBlock(
      (conv1): Conv2d(64, 64, kernel_size=(3, 3), stride=(1, 1), padding=(1, 1), bias=False)
      (bn1): BatchNorm2d(64, eps=1e-05, momentum=0.1, affine=True, track_running_stats=True)
      (conv2): Conv2d(64, 64, kernel_size=(3, 3), stride=(1, 1), padding=(1, 1), bias=False)
      (bn2): BatchNorm2d(64, eps=1e-05, momentum=0.1, affine=True, track_running_stats=True)
      (shortcut): Sequential()
      (fc1): Conv2d(64, 4, kernel_size=(1, 1), stride=(1, 1))
      (fc2): Conv2d(4, 64, kernel_size=(1, 1), stride=(1, 1))
    )
    (1): BasicBlock(
      (conv1): Conv2d(64, 64, kernel_size=(3, 3), stride=(1, 1), padding=(1, 1), bias=False)
      (bn1): BatchNorm2d(64, eps=1e-05, momentum=0.1, affine=True, track_running_stats=True)
      (conv2): Conv2d(64, 64, kernel_size=(3, 3), stride=(1, 1), padding=(1, 1), bias=False)
      (bn2): BatchNorm2d(64, eps=1e-05, momentum=0.1, affine=True, track_running_stats=True)
      (shortcut): Sequential()
      (fc1): Conv2d(64, 4, kernel_size=(1, 1), stride=(1, 1))
      (fc2): Conv2d(4, 64, kernel_size=(1, 1), stride=(1, 1))
    )
    (2): BasicBlock(
      (conv1): Conv2d(64, 64, kernel_size=(3, 3), stride=(1, 1), padding=(1, 1), bias=False)
      (bn1): BatchNorm2d(64, eps=1e-05, momentum=0.1, affine=True, track_running_stats=True)
      (conv2): Conv2d(64, 64, kernel_size=(3, 3), stride=(1, 1), padding=(1, 1), bias=False)
      (bn2): BatchNorm2d(64, eps=1e-05, momentum=0.1, affine=True, track_running_stats=True)
      (shortcut): Sequential()
      (fc1): Conv2d(64, 4, kernel_size=(1, 1), stride=(1, 1))
      (fc2): Conv2d(4, 64, kernel_size=(1, 1), stride=(1, 1))
    )
    (3): BasicBlock(
      (conv1): Conv2d(64, 64, kernel_size=(3, 3), stride=(1, 1), padding=(1, 1), bias=False)
      (bn1): BatchNorm2d(64, eps=1e-05, momentum=0.1, affine=True, track_running_stats=True)
      (conv2): Conv2d(64, 64, kernel_size=(3, 3), stride=(1, 1), padding=(1, 1), bias=False)
      (bn2): BatchNorm2d(64, eps=1e-05, momentum=0.1, affine=True, track_running_stats=True)
      (shortcut): Sequential()
      (fc1): Conv2d(64, 4, kernel_size=(1, 1), stride=(1, 1))
      (fc2): Conv2d(4, 64, kernel_size=(1, 1), stride=(1, 1))
    )
  )
  (layer3): Sequential(
    (0): BasicBlock(
      (conv1): Conv2d(64, 64, kernel_size=(3, 3), stride=(1, 1), padding=(1, 1), bias=False)
      (bn1): BatchNorm2d(64, eps=1e-05, momentum=0.1, affine=True, track_running_stats=True)
      (conv2): Conv2d(64, 64, kernel_size=(3, 3), stride=(1, 1), padding=(1, 1), bias=False)
      (bn2): BatchNorm2d(64, eps=1e-05, momentum=0.1, affine=True, track_running_stats=True)
      (shortcut): Sequential()
      (fc1): Conv2d(64, 4, kernel_size=(1, 1), stride=(1, 1))
      (fc2): Conv2d(4, 64, kernel_size=(1, 1), stride=(1, 1))
    )
    (1): BasicBlock(
      (conv1): Conv2d(64, 64, kernel_size=(3, 3), stride=(1, 1), padding=(1, 1), bias=False)
      (bn1): BatchNorm2d(64, eps=1e-05, momentum=0.1, affine=True, track_running_stats=True)
      (conv2): Conv2d(64, 64, kernel_size=(3, 3), stride=(1, 1), padding=(1, 1), bias=False)
      (bn2): BatchNorm2d(64, eps=1e-05, momentum=0.1, affine=True, track_running_stats=True)
      (shortcut): Sequential()
      (fc1): Conv2d(64, 4, kernel_size=(1, 1), stride=(1, 1))
      (fc2): Conv2d(4, 64, kernel_size=(1, 1), stride=(1, 1))
    )
    (2): BasicBlock(
      (conv1): Conv2d(64, 64, kernel_size=(3, 3), stride=(1, 1), padding=(1, 1), bias=False)
      (bn1): BatchNorm2d(64, eps=1e-05, momentum=0.1, affine=True, track_running_stats=True)
      (conv2): Conv2d(64, 64, kernel_size=(3, 3), stride=(1, 1), padding=(1, 1), bias=False)
      (bn2): BatchNorm2d(64, eps=1e-05, momentum=0.1, affine=True, track_running_stats=True)
      (shortcut): Sequential()
      (fc1): Conv2d(64, 4, kernel_size=(1, 1), stride=(1, 1))
      (fc2): Conv2d(4, 64, kernel_size=(1, 1), stride=(1, 1))
    )
    (3): BasicBlock(
      (conv1): Conv2d(64, 64, kernel_size=(3, 3), stride=(1, 1), padding=(1, 1), bias=False)
      (bn1): BatchNorm2d(64, eps=1e-05, momentum=0.1, affine=True, track_running_stats=True)
      (conv2): Conv2d(64, 64, kernel_size=(3, 3), stride=(1, 1), padding=(1, 1), bias=False)
      (bn2): BatchNorm2d(64, eps=1e-05, momentum=0.1, affine=True, track_running_stats=True)
      (shortcut): Sequential()
      (fc1): Conv2d(64, 4, kernel_size=(1, 1), stride=(1, 1))
      (fc2): Conv2d(4, 64, kernel_size=(1, 1), stride=(1, 1))
    )
  )
  (layer4): Sequential(
    (0): BasicBlock(
      (conv1): Conv2d(64, 64, kernel_size=(3, 3), stride=(1, 1), padding=(1, 1), bias=False)
      (bn1): BatchNorm2d(64, eps=1e-05, momentum=0.1, affine=True, track_running_stats=True)
      (conv2): Conv2d(64, 64, kernel_size=(3, 3), stride=(1, 1), padding=(1, 1), bias=False)
      (bn2): BatchNorm2d(64, eps=1e-05, momentum=0.1, affine=True, track_running_stats=True)
      (shortcut): Sequential()
      (fc1): Conv2d(64, 4, kernel_size=(1, 1), stride=(1, 1))
      (fc2): Conv2d(4, 64, kernel_size=(1, 1), stride=(1, 1))
    )
    (1): BasicBlock(
      (conv1): Conv2d(64, 64, kernel_size=(3, 3), stride=(1, 1), padding=(1, 1), bias=False)
      (bn1): BatchNorm2d(64, eps=1e-05, momentum=0.1, affine=True, track_running_stats=True)
      (conv2): Conv2d(64, 64, kernel_size=(3, 3), stride=(1, 1), padding=(1, 1), bias=False)
      (bn2): BatchNorm2d(64, eps=1e-05, momentum=0.1, affine=True, track_running_stats=True)
      (shortcut): Sequential()
      (fc1): Conv2d(64, 4, kernel_size=(1, 1), stride=(1, 1))
      (fc2): Conv2d(4, 64, kernel_size=(1, 1), stride=(1, 1))
    )
    (2): BasicBlock(
      (conv1): Conv2d(64, 64, kernel_size=(3, 3), stride=(1, 1), padding=(1, 1), bias=False)
      (bn1): BatchNorm2d(64, eps=1e-05, momentum=0.1, affine=True, track_running_stats=True)
      (conv2): Conv2d(64, 64, kernel_size=(3, 3), stride=(1, 1), padding=(1, 1), bias=False)
      (bn2): BatchNorm2d(64, eps=1e-05, momentum=0.1, affine=True, track_running_stats=True)
      (shortcut): Sequential()
      (fc1): Conv2d(64, 4, kernel_size=(1, 1), stride=(1, 1))
      (fc2): Conv2d(4, 64, kernel_size=(1, 1), stride=(1, 1))
    )
    (3): BasicBlock(
      (conv1): Conv2d(64, 64, kernel_size=(3, 3), stride=(1, 1), padding=(1, 1), bias=False)
      (bn1): BatchNorm2d(64, eps=1e-05, momentum=0.1, affine=True, track_running_stats=True)
      (conv2): Conv2d(64, 64, kernel_size=(3, 3), stride=(1, 1), padding=(1, 1), bias=False)
      (bn2): BatchNorm2d(64, eps=1e-05, momentum=0.1, affine=True, track_running_stats=True)
      (shortcut): Sequential()
      (fc1): Conv2d(64, 4, kernel_size=(1, 1), stride=(1, 1))
      (fc2): Conv2d(4, 64, kernel_size=(1, 1), stride=(1, 1))
    )
  )
  (cnn): CNNnet(
    (conv1): Sequential(
      (0): Conv2d(64, 32, kernel_size=(3, 3), stride=(1, 1), padding=(1, 1))
      (1): BatchNorm2d(32, eps=1e-05, momentum=0.1, affine=True, track_running_stats=True)
      (2): ReLU()
    )
    (conv2): Sequential(
      (0): Conv2d(32, 16, kernel_size=(3, 3), stride=(1, 1), padding=(1, 1))
      (1): BatchNorm2d(16, eps=1e-05, momentum=0.1, affine=True, track_running_stats=True)
      (2): ReLU()
    )
    (conv3): Sequential(
      (0): Conv2d(16, 1, kernel_size=(3, 3), stride=(1, 1), padding=(1, 1))
      (1): BatchNorm2d(1, eps=1e-05, momentum=0.1, affine=True, track_running_stats=True)
      (2): ReLU()
    )
  )
)
Epoch  0, trian_loss: 0.0082, trian_mae: 0.0920, trian_mse:0.0165, trian_r2: -20.5267, trian_cc: 0.1127
Epoch  0, val_loss: 0.0058, val_mae: 0.0848, val_mse: 0.0115, val_r2: -12.7881, val_cc: 0.1785
Epoch  1, trian_loss: 0.0053, trian_mae: 0.0772, trian_mse:0.0107, trian_r2: -3022.5468, trian_cc: 0.0967
Epoch  1, val_loss: 0.0049, val_mae: 0.0741, val_mse: 0.0098, val_r2: -1606.5414, val_cc: 0.1290
Epoch  2, trian_loss: 0.0050, trian_mae: 0.0744, trian_mse:0.0099, trian_r2: -2586.8343, trian_cc: 0.1295
Epoch  2, val_loss: 0.0049, val_mae: 0.0741, val_mse: 0.0098, val_r2: -1436.6261, val_cc: 0.1264
Epoch  3, trian_loss: 0.0050, trian_mae: 0.0743, trian_mse:0.0099, trian_r2: -2699.8624, trian_cc: 0.1263
Epoch  3, val_loss: 0.0049, val_mae: 0.0741, val_mse: 0.0098, val_r2: -1898.5516, val_cc: 0.1411
Epoch  4, trian_loss: 0.0049, trian_mae: 0.0742, trian_mse:0.0099, trian_r2: -2108.9573, trian_cc: 0.1355
Epoch  4, val_loss: 0.0049, val_mae: 0.0742, val_mse: 0.0098, val_r2: -1252.1048, val_cc: 0.1457
Epoch  5, trian_loss: 0.0049, trian_mae: 0.0742, trian_mse:0.0099, trian_r2: -2589.3410, trian_cc: 0.1375
Epoch  5, val_loss: 0.0049, val_mae: 0.0742, val_mse: 0.0098, val_r2: -1920.8692, val_cc: 0.1444
Epoch  6, trian_loss: 0.0049, trian_mae: 0.0739, trian_mse:0.0099, trian_r2: -1386.0661, trian_cc: 0.1312
Epoch  6, val_loss: 0.0048, val_mae: 0.0734, val_mse: 0.0096, val_r2: -246.1795, val_cc: 0.1353
Epoch  7, trian_loss: 0.0049, trian_mae: 0.0737, trian_mse:0.0098, trian_r2: -3087.6494, trian_cc: 0.1341
Epoch  7, val_loss: 0.0048, val_mae: 0.0729, val_mse: 0.0095, val_r2: -107.8994, val_cc: 0.1785
Epoch  8, trian_loss: 0.0047, trian_mae: 0.0720, trian_mse:0.0094, trian_r2: -130.9050, trian_cc: 0.1977
Epoch  8, val_loss: 0.0043, val_mae: 0.0692, val_mse: 0.0087, val_r2: -56.8229, val_cc: 0.2294
Epoch  9, trian_loss: 0.0045, trian_mae: 0.0705, trian_mse:0.0091, trian_r2: -80.6602, trian_cc: 0.2363
Epoch  9, val_loss: 0.0044, val_mae: 0.0679, val_mse: 0.0089, val_r2: -53.4970, val_cc: 0.2613
Epoch 10, trian_loss: 0.0044, trian_mae: 0.0696, trian_mse:0.0089, trian_r2: -64.3417, trian_cc: 0.2567
Epoch 10, val_loss: 0.0044, val_mae: 0.0696, val_mse: 0.0088, val_r2: -56.6088, val_cc: 0.2517
Epoch 11, trian_loss: 0.0044, trian_mae: 0.0691, trian_mse:0.0088, trian_r2: -66.2099, trian_cc: 0.2587
Epoch 11, val_loss: 0.0044, val_mae: 0.0677, val_mse: 0.0087, val_r2: -45.8879, val_cc: 0.2753
Epoch 12, trian_loss: 0.0042, trian_mae: 0.0676, trian_mse:0.0085, trian_r2: -44.3907, trian_cc: 0.3034
Epoch 12, val_loss: 0.0044, val_mae: 0.0671, val_mse: 0.0088, val_r2: -35.3869, val_cc: 0.3137
Epoch 13, trian_loss: 0.0043, trian_mae: 0.0677, trian_mse:0.0086, trian_r2: -43.9878, trian_cc: 0.3116
Epoch 13, val_loss: 0.0042, val_mae: 0.0676, val_mse: 0.0084, val_r2: -36.9846, val_cc: 0.3199
Epoch 14, trian_loss: 0.0042, trian_mae: 0.0668, trian_mse:0.0084, trian_r2: -35.4067, trian_cc: 0.3264
Epoch 14, val_loss: 0.0041, val_mae: 0.0652, val_mse: 0.0082, val_r2: -33.2916, val_cc: 0.3306
Epoch 15, trian_loss: 0.0042, trian_mae: 0.0668, trian_mse:0.0084, trian_r2: -33.6378, trian_cc: 0.3322
Epoch 15, val_loss: 0.0042, val_mae: 0.0657, val_mse: 0.0083, val_r2: -23.2868, val_cc: 0.3433
Epoch 16, trian_loss: 0.0041, trian_mae: 0.0661, trian_mse:0.0082, trian_r2: -33.2086, trian_cc: 0.3390
Epoch 16, val_loss: 0.0042, val_mae: 0.0650, val_mse: 0.0084, val_r2: -22.7872, val_cc: 0.3529
Epoch 17, trian_loss: 0.0041, trian_mae: 0.0656, trian_mse:0.0081, trian_r2: -26.5399, trian_cc: 0.3465
Epoch 17, val_loss: 0.0042, val_mae: 0.0648, val_mse: 0.0083, val_r2: -24.6974, val_cc: 0.3561
Epoch 18, trian_loss: 0.0040, trian_mae: 0.0651, trian_mse:0.0081, trian_r2: -28.3734, trian_cc: 0.3508
Epoch 18, val_loss: 0.0041, val_mae: 0.0652, val_mse: 0.0082, val_r2: -16.6822, val_cc: 0.3618
Epoch 19, trian_loss: 0.0040, trian_mae: 0.0651, trian_mse:0.0080, trian_r2: -29.9358, trian_cc: 0.3523
Epoch 19, val_loss: 0.0041, val_mae: 0.0646, val_mse: 0.0081, val_r2: -27.0093, val_cc: 0.3583
Epoch 20, trian_loss: 0.0039, trian_mae: 0.0648, trian_mse:0.0079, trian_r2: -21.4343, trian_cc: 0.3565
Epoch 20, val_loss: 0.0041, val_mae: 0.0644, val_mse: 0.0082, val_r2: -15.6131, val_cc: 0.3686
Epoch 21, trian_loss: 0.0040, trian_mae: 0.0649, trian_mse:0.0080, trian_r2: -28.2051, trian_cc: 0.3544
Epoch 21, val_loss: 0.0040, val_mae: 0.0647, val_mse: 0.0080, val_r2: -15.9297, val_cc: 0.3692
Epoch 22, trian_loss: 0.0039, trian_mae: 0.0637, trian_mse:0.0077, trian_r2: -20.0925, trian_cc: 0.3646
Epoch 22, val_loss: 0.0041, val_mae: 0.0642, val_mse: 0.0082, val_r2: -16.3757, val_cc: 0.3746
Epoch 23, trian_loss: 0.0039, trian_mae: 0.0637, trian_mse:0.0077, trian_r2: -19.5633, trian_cc: 0.3661
Epoch 23, val_loss: 0.0041, val_mae: 0.0637, val_mse: 0.0082, val_r2: -14.4282, val_cc: 0.3745
Epoch 24, trian_loss: 0.0039, trian_mae: 0.0641, trian_mse:0.0078, trian_r2: -20.7417, trian_cc: 0.3647
Epoch 24, val_loss: 0.0041, val_mae: 0.0648, val_mse: 0.0081, val_r2: -24.5760, val_cc: 0.3656
Epoch 25, trian_loss: 0.0038, trian_mae: 0.0632, trian_mse:0.0076, trian_r2: -19.6996, trian_cc: 0.3692
Epoch 25, val_loss: 0.0040, val_mae: 0.0637, val_mse: 0.0080, val_r2: -18.0559, val_cc: 0.3744
Epoch 26, trian_loss: 0.0038, trian_mae: 0.0631, trian_mse:0.0076, trian_r2: -17.9927, trian_cc: 0.3677
Epoch 26, val_loss: 0.0040, val_mae: 0.0645, val_mse: 0.0081, val_r2: -12.9253, val_cc: 0.3775
Epoch 27, trian_loss: 0.0038, trian_mae: 0.0630, trian_mse:0.0076, trian_r2: -18.1246, trian_cc: 0.3713
Epoch 27, val_loss: 0.0041, val_mae: 0.0641, val_mse: 0.0082, val_r2: -17.2199, val_cc: 0.3783
Epoch 28, trian_loss: 0.0038, trian_mae: 0.0629, trian_mse:0.0075, trian_r2: -18.1942, trian_cc: 0.3709
Epoch 28, val_loss: 0.0040, val_mae: 0.0643, val_mse: 0.0080, val_r2: -13.2851, val_cc: 0.3808
Epoch 29, trian_loss: 0.0037, trian_mae: 0.0625, trian_mse:0.0074, trian_r2: -17.6945, trian_cc: 0.3752
Epoch 29, val_loss: 0.0039, val_mae: 0.0640, val_mse: 0.0079, val_r2: -13.8358, val_cc: 0.3802
Epoch 30, trian_loss: 0.0037, trian_mae: 0.0624, trian_mse:0.0074, trian_r2: -16.5425, trian_cc: 0.3782
Epoch 30, val_loss: 0.0041, val_mae: 0.0648, val_mse: 0.0082, val_r2: -13.7264, val_cc: 0.3804
Epoch 31, trian_loss: 0.0037, trian_mae: 0.0628, trian_mse:0.0075, trian_r2: -17.6959, trian_cc: 0.3753
Epoch 31, val_loss: 0.0039, val_mae: 0.0636, val_mse: 0.0079, val_r2: -15.6442, val_cc: 0.3835
Epoch 32, trian_loss: 0.0037, trian_mae: 0.0625, trian_mse:0.0075, trian_r2: -17.5051, trian_cc: 0.3783
Epoch 32, val_loss: 0.0039, val_mae: 0.0635, val_mse: 0.0079, val_r2: -14.8052, val_cc: 0.3836
Epoch 33, trian_loss: 0.0037, trian_mae: 0.0626, trian_mse:0.0074, trian_r2: -15.9737, trian_cc: 0.3782
Epoch 33, val_loss: 0.0040, val_mae: 0.0634, val_mse: 0.0079, val_r2: -11.2315, val_cc: 0.3830
Epoch 34, trian_loss: 0.0037, trian_mae: 0.0624, trian_mse:0.0074, trian_r2: -16.7322, trian_cc: 0.3779
Epoch 34, val_loss: 0.0039, val_mae: 0.0631, val_mse: 0.0078, val_r2: -12.7759, val_cc: 0.3851
Epoch 35, trian_loss: 0.0037, trian_mae: 0.0621, trian_mse:0.0074, trian_r2: -16.6097, trian_cc: 0.3758
Epoch 35, val_loss: 0.0040, val_mae: 0.0632, val_mse: 0.0079, val_r2: -11.5193, val_cc: 0.3851
Epoch 36, trian_loss: 0.0037, trian_mae: 0.0618, trian_mse:0.0073, trian_r2: -14.6729, trian_cc: 0.3818
Epoch 36, val_loss: 0.0040, val_mae: 0.0637, val_mse: 0.0080, val_r2: -19.9263, val_cc: 0.3843
Epoch 37, trian_loss: 0.0036, trian_mae: 0.0618, trian_mse:0.0073, trian_r2: -13.5409, trian_cc: 0.3821
Epoch 37, val_loss: 0.0040, val_mae: 0.0637, val_mse: 0.0080, val_r2: -13.7771, val_cc: 0.3903
Epoch 38, trian_loss: 0.0036, trian_mae: 0.0617, trian_mse:0.0073, trian_r2: -13.6178, trian_cc: 0.3821
Epoch 38, val_loss: 0.0039, val_mae: 0.0631, val_mse: 0.0078, val_r2: -13.9109, val_cc: 0.3891
Epoch 39, trian_loss: 0.0037, trian_mae: 0.0622, trian_mse:0.0074, trian_r2: -16.0939, trian_cc: 0.3803
Epoch 39, val_loss: 0.0039, val_mae: 0.0638, val_mse: 0.0079, val_r2: -22.8424, val_cc: 0.3758
Epoch 40, trian_loss: 0.0036, trian_mae: 0.0614, trian_mse:0.0073, trian_r2: -14.8651, trian_cc: 0.3847
Epoch 40, val_loss: 0.0039, val_mae: 0.0629, val_mse: 0.0079, val_r2: -11.6746, val_cc: 0.3885
Epoch 41, trian_loss: 0.0037, trian_mae: 0.0620, trian_mse:0.0073, trian_r2: -17.0010, trian_cc: 0.3828
Epoch 41, val_loss: 0.0039, val_mae: 0.0635, val_mse: 0.0078, val_r2: -12.8610, val_cc: 0.3897
Epoch 42, trian_loss: 0.0036, trian_mae: 0.0615, trian_mse:0.0072, trian_r2: -15.2271, trian_cc: 0.3840
Epoch 42, val_loss: 0.0039, val_mae: 0.0632, val_mse: 0.0079, val_r2: -18.0807, val_cc: 0.3861
Epoch 43, trian_loss: 0.0036, trian_mae: 0.0612, trian_mse:0.0071, trian_r2: -14.1718, trian_cc: 0.3861
Epoch 43, val_loss: 0.0039, val_mae: 0.0627, val_mse: 0.0079, val_r2: -15.1279, val_cc: 0.3877
Epoch 44, trian_loss: 0.0036, trian_mae: 0.0611, trian_mse:0.0071, trian_r2: -12.9118, trian_cc: 0.3847
Epoch 44, val_loss: 0.0039, val_mae: 0.0628, val_mse: 0.0079, val_r2: -14.3277, val_cc: 0.3894
Epoch 45, trian_loss: 0.0035, trian_mae: 0.0611, trian_mse:0.0071, trian_r2: -13.1144, trian_cc: 0.3851
Epoch 45, val_loss: 0.0041, val_mae: 0.0629, val_mse: 0.0081, val_r2: -14.6534, val_cc: 0.3892
Epoch 46, trian_loss: 0.0036, trian_mae: 0.0612, trian_mse:0.0071, trian_r2: -13.3687, trian_cc: 0.3861
Epoch 46, val_loss: 0.0039, val_mae: 0.0631, val_mse: 0.0078, val_r2: -11.2892, val_cc: 0.3925
Epoch 47, trian_loss: 0.0035, trian_mae: 0.0609, trian_mse:0.0071, trian_r2: -13.3151, trian_cc: 0.3871
Epoch 47, val_loss: 0.0039, val_mae: 0.0625, val_mse: 0.0078, val_r2: -16.8485, val_cc: 0.3912
Epoch 48, trian_loss: 0.0035, trian_mae: 0.0611, trian_mse:0.0071, trian_r2: -11.9555, trian_cc: 0.3867
Epoch 48, val_loss: 0.0039, val_mae: 0.0627, val_mse: 0.0079, val_r2: -12.6673, val_cc: 0.3920
Epoch 49, trian_loss: 0.0035, trian_mae: 0.0607, trian_mse:0.0070, trian_r2: -11.9542, trian_cc: 0.3893
Epoch 49, val_loss: 0.0040, val_mae: 0.0631, val_mse: 0.0079, val_r2: -13.0167, val_cc: 0.3925
Epoch 50, trian_loss: 0.0035, trian_mae: 0.0604, trian_mse:0.0069, trian_r2: -12.2745, trian_cc: 0.3899
Epoch 50, val_loss: 0.0040, val_mae: 0.0627, val_mse: 0.0080, val_r2: -13.7316, val_cc: 0.3923
Epoch 51, trian_loss: 0.0035, trian_mae: 0.0609, trian_mse:0.0070, trian_r2: -14.1681, trian_cc: 0.3878
Epoch 51, val_loss: 0.0041, val_mae: 0.0637, val_mse: 0.0081, val_r2: -13.3360, val_cc: 0.3893
Epoch 52, trian_loss: 0.0035, trian_mae: 0.0605, trian_mse:0.0069, trian_r2: -12.2538, trian_cc: 0.3905
Epoch 52, val_loss: 0.0040, val_mae: 0.0633, val_mse: 0.0080, val_r2: -14.1477, val_cc: 0.3934
Epoch 53, trian_loss: 0.0035, trian_mae: 0.0606, trian_mse:0.0070, trian_r2: -12.6569, trian_cc: 0.3888
Epoch 53, val_loss: 0.0041, val_mae: 0.0637, val_mse: 0.0081, val_r2: -14.0219, val_cc: 0.3942
Epoch 54, trian_loss: 0.0035, trian_mae: 0.0605, trian_mse:0.0069, trian_r2: -13.1879, trian_cc: 0.3910
Epoch 54, val_loss: 0.0039, val_mae: 0.0627, val_mse: 0.0078, val_r2: -15.4705, val_cc: 0.3926
Epoch 55, trian_loss: 0.0035, trian_mae: 0.0603, trian_mse:0.0069, trian_r2: -12.4304, trian_cc: 0.3916
Epoch 55, val_loss: 0.0039, val_mae: 0.0624, val_mse: 0.0078, val_r2: -14.6559, val_cc: 0.3937
Epoch 56, trian_loss: 0.0034, trian_mae: 0.0603, trian_mse:0.0069, trian_r2: -11.9696, trian_cc: 0.3903
Epoch 56, val_loss: 0.0040, val_mae: 0.0627, val_mse: 0.0079, val_r2: -12.4622, val_cc: 0.3938
Epoch 57, trian_loss: 0.0035, trian_mae: 0.0607, trian_mse:0.0069, trian_r2: -12.9229, trian_cc: 0.3854
Epoch 57, val_loss: 0.0039, val_mae: 0.0632, val_mse: 0.0079, val_r2: -12.4886, val_cc: 0.3893
Epoch 58, trian_loss: 0.0035, trian_mae: 0.0604, trian_mse:0.0069, trian_r2: -12.4792, trian_cc: 0.3893
Epoch 58, val_loss: 0.0040, val_mae: 0.0637, val_mse: 0.0080, val_r2: -11.9181, val_cc: 0.3921
Epoch 59, trian_loss: 0.0035, trian_mae: 0.0604, trian_mse:0.0069, trian_r2: -12.6956, trian_cc: 0.3880
Epoch 59, val_loss: 0.0040, val_mae: 0.0631, val_mse: 0.0079, val_r2: -13.8806, val_cc: 0.3906
Epoch 60, trian_loss: 0.0034, trian_mae: 0.0604, trian_mse:0.0069, trian_r2: -12.3904, trian_cc: 0.3917
Epoch 60, val_loss: 0.0040, val_mae: 0.0642, val_mse: 0.0080, val_r2: -12.0465, val_cc: 0.3905
Epoch 61, trian_loss: 0.0034, trian_mae: 0.0601, trian_mse:0.0069, trian_r2: -12.6695, trian_cc: 0.4062
Epoch 61, val_loss: 0.0039, val_mae: 0.0627, val_mse: 0.0079, val_r2: -16.6575, val_cc: 0.4079
Epoch 62, trian_loss: 0.0035, trian_mae: 0.0605, trian_mse:0.0069, trian_r2: -13.4957, trian_cc: 0.3994
Epoch 62, val_loss: 0.0040, val_mae: 0.0629, val_mse: 0.0079, val_r2: -15.5690, val_cc: 0.3906
Epoch 63, trian_loss: 0.0033, trian_mae: 0.0589, trian_mse:0.0066, trian_r2: -10.0008, trian_cc: 0.4463
Epoch 63, val_loss: 0.0036, val_mae: 0.0589, val_mse: 0.0072, val_r2: -3.9068, val_cc: 0.5539
Epoch 64, trian_loss: 0.0033, trian_mae: 0.0590, trian_mse:0.0066, trian_r2: -9.5459, trian_cc: 0.4373
Epoch 64, val_loss: 0.0040, val_mae: 0.0632, val_mse: 0.0080, val_r2: -12.1782, val_cc: 0.3900
Epoch 65, trian_loss: 0.0034, trian_mae: 0.0603, trian_mse:0.0069, trian_r2: -11.8675, trian_cc: 0.3894
Epoch 65, val_loss: 0.0040, val_mae: 0.0628, val_mse: 0.0080, val_r2: -14.1996, val_cc: 0.3911
Epoch 66, trian_loss: 0.0032, trian_mae: 0.0580, trian_mse:0.0064, trian_r2: -7.3502, trian_cc: 0.4769
Epoch 66, val_loss: 0.0035, val_mae: 0.0581, val_mse: 0.0071, val_r2: -4.5463, val_cc: 0.5749
Epoch 67, trian_loss: 0.0035, trian_mae: 0.0605, trian_mse:0.0070, trian_r2: -13.8768, trian_cc: 0.3949
Epoch 67, val_loss: 0.0040, val_mae: 0.0629, val_mse: 0.0080, val_r2: -13.3430, val_cc: 0.3912
Epoch 68, trian_loss: 0.0035, trian_mae: 0.0605, trian_mse:0.0069, trian_r2: -14.2966, trian_cc: 0.3878
Epoch 68, val_loss: 0.0040, val_mae: 0.0629, val_mse: 0.0079, val_r2: -16.0717, val_cc: 0.3917
Epoch 69, trian_loss: 0.0035, trian_mae: 0.0604, trian_mse:0.0069, trian_r2: -14.1812, trian_cc: 0.3866
Epoch 69, val_loss: 0.0040, val_mae: 0.0638, val_mse: 0.0080, val_r2: -18.3243, val_cc: 0.3862
Epoch 70, trian_loss: 0.0032, trian_mae: 0.0582, trian_mse:0.0065, trian_r2: -8.6766, trian_cc: 0.4640
Epoch 70, val_loss: 0.0038, val_mae: 0.0618, val_mse: 0.0076, val_r2: -10.7442, val_cc: 0.5265
Epoch 71, trian_loss: 0.0028, trian_mae: 0.0532, trian_mse:0.0056, trian_r2: -2.4126, trian_cc: 0.5888
Epoch 71, val_loss: 0.0039, val_mae: 0.0604, val_mse: 0.0078, val_r2: -3.1756, val_cc: 0.5984
Epoch 72, trian_loss: 0.0028, trian_mae: 0.0532, trian_mse:0.0056, trian_r2: -2.4745, trian_cc: 0.5936
Epoch 72, val_loss: 0.0036, val_mae: 0.0581, val_mse: 0.0072, val_r2: -7.6424, val_cc: 0.5850
Epoch 73, trian_loss: 0.0027, trian_mae: 0.0518, trian_mse:0.0053, trian_r2: -1.8426, trian_cc: 0.6182
Epoch 73, val_loss: 0.0034, val_mae: 0.0580, val_mse: 0.0068, val_r2: -4.5328, val_cc: 0.6064
Epoch 74, trian_loss: 0.0027, trian_mae: 0.0521, trian_mse:0.0054, trian_r2: -1.9760, trian_cc: 0.6133
Epoch 74, val_loss: 0.0033, val_mae: 0.0561, val_mse: 0.0067, val_r2: -3.9668, val_cc: 0.6088
Epoch 75, trian_loss: 0.0026, trian_mae: 0.0507, trian_mse:0.0051, trian_r2: -1.4217, trian_cc: 0.6292
Epoch 75, val_loss: 0.0034, val_mae: 0.0576, val_mse: 0.0068, val_r2: -2.4805, val_cc: 0.6226
Epoch 76, trian_loss: 0.0026, trian_mae: 0.0512, trian_mse:0.0052, trian_r2: -1.7154, trian_cc: 0.6246
Epoch 76, val_loss: 0.0033, val_mae: 0.0551, val_mse: 0.0065, val_r2: -2.4730, val_cc: 0.6251
Epoch 77, trian_loss: 0.0026, trian_mae: 0.0511, trian_mse:0.0052, trian_r2: -1.8922, trian_cc: 0.6266
Epoch 77, val_loss: 0.0033, val_mae: 0.0557, val_mse: 0.0067, val_r2: -3.4239, val_cc: 0.6230
Epoch 78, trian_loss: 0.0025, trian_mae: 0.0504, trian_mse:0.0051, trian_r2: -1.4567, trian_cc: 0.6335
Epoch 78, val_loss: 0.0034, val_mae: 0.0569, val_mse: 0.0067, val_r2: -2.3956, val_cc: 0.6332
Epoch 79, trian_loss: 0.0025, trian_mae: 0.0500, trian_mse:0.0050, trian_r2: -1.2549, trian_cc: 0.6400
Epoch 79, val_loss: 0.0033, val_mae: 0.0554, val_mse: 0.0066, val_r2: -2.0151, val_cc: 0.6415
Epoch 80, trian_loss: 0.0024, trian_mae: 0.0491, trian_mse:0.0049, trian_r2: -1.2698, trian_cc: 0.6487
Epoch 80, val_loss: 0.0031, val_mae: 0.0534, val_mse: 0.0063, val_r2: -2.5567, val_cc: 0.6473
Epoch 81, trian_loss: 0.0024, trian_mae: 0.0492, trian_mse:0.0049, trian_r2: -1.1283, trian_cc: 0.6482
Epoch 81, val_loss: 0.0034, val_mae: 0.0555, val_mse: 0.0068, val_r2: -1.7791, val_cc: 0.6404
Epoch 82, trian_loss: 0.0024, trian_mae: 0.0488, trian_mse:0.0048, trian_r2: -1.1003, trian_cc: 0.6529
Epoch 82, val_loss: 0.0032, val_mae: 0.0537, val_mse: 0.0064, val_r2: -2.0053, val_cc: 0.6508
Epoch 83, trian_loss: 0.0031, trian_mae: 0.0559, trian_mse:0.0062, trian_r2: -16.4017, trian_cc: 0.5305
Epoch 83, val_loss: 0.0041, val_mae: 0.0656, val_mse: 0.0083, val_r2: -25.7681, val_cc: 0.3381
Epoch 84, trian_loss: 0.0040, trian_mae: 0.0656, trian_mse:0.0080, trian_r2: -24.1655, trian_cc: 0.3330
Epoch 84, val_loss: 0.0041, val_mae: 0.0647, val_mse: 0.0082, val_r2: -17.2267, val_cc: 0.3454
Epoch 85, trian_loss: 0.0038, trian_mae: 0.0640, trian_mse:0.0076, trian_r2: -18.4796, trian_cc: 0.3392
Epoch 85, val_loss: 0.0041, val_mae: 0.0654, val_mse: 0.0081, val_r2: -15.6799, val_cc: 0.3467
Epoch 86, trian_loss: 0.0036, trian_mae: 0.0619, trian_mse:0.0072, trian_r2: -16.3238, trian_cc: 0.4064
Epoch 86, val_loss: 0.0040, val_mae: 0.0654, val_mse: 0.0081, val_r2: -18.6979, val_cc: 0.3485
Epoch 87, trian_loss: 0.0038, trian_mae: 0.0639, trian_mse:0.0076, trian_r2: -18.8781, trian_cc: 0.3455
Epoch 87, val_loss: 0.0041, val_mae: 0.0646, val_mse: 0.0081, val_r2: -16.7313, val_cc: 0.3568
Epoch 88, trian_loss: 0.0036, trian_mae: 0.0617, trian_mse:0.0072, trian_r2: -13.7497, trian_cc: 0.3689
Epoch 88, val_loss: 0.0040, val_mae: 0.0634, val_mse: 0.0080, val_r2: -12.1905, val_cc: 0.3734
Epoch 89, trian_loss: 0.0035, trian_mae: 0.0604, trian_mse:0.0069, trian_r2: -11.4105, trian_cc: 0.3841
Epoch 89, val_loss: 0.0036, val_mae: 0.0598, val_mse: 0.0072, val_r2: -5.0471, val_cc: 0.5482
Epoch 90, trian_loss: 0.0026, trian_mae: 0.0504, trian_mse:0.0051, trian_r2: -1.3103, trian_cc: 0.6307
Epoch 90, val_loss: 0.0032, val_mae: 0.0552, val_mse: 0.0065, val_r2: -2.4314, val_cc: 0.6357
Epoch 91, trian_loss: 0.0024, trian_mae: 0.0485, trian_mse:0.0048, trian_r2: -0.9568, trian_cc: 0.6553
Epoch 91, val_loss: 0.0031, val_mae: 0.0537, val_mse: 0.0063, val_r2: -2.1872, val_cc: 0.6440
Epoch 92, trian_loss: 0.0024, trian_mae: 0.0479, trian_mse:0.0047, trian_r2: -0.8906, trian_cc: 0.6621
Epoch 92, val_loss: 0.0032, val_mae: 0.0542, val_mse: 0.0064, val_r2: -2.1330, val_cc: 0.6428
Epoch 93, trian_loss: 0.0023, trian_mae: 0.0477, trian_mse:0.0047, trian_r2: -0.7581, trian_cc: 0.6639
Epoch 93, val_loss: 0.0032, val_mae: 0.0540, val_mse: 0.0063, val_r2: -2.2366, val_cc: 0.6512
Epoch 94, trian_loss: 0.0023, trian_mae: 0.0474, trian_mse:0.0046, trian_r2: -0.7609, trian_cc: 0.6676
Epoch 94, val_loss: 0.0032, val_mae: 0.0548, val_mse: 0.0064, val_r2: -2.4402, val_cc: 0.6478
Epoch 95, trian_loss: 0.0023, trian_mae: 0.0469, trian_mse:0.0045, trian_r2: -0.7266, trian_cc: 0.6714
Epoch 95, val_loss: 0.0033, val_mae: 0.0554, val_mse: 0.0066, val_r2: -2.3933, val_cc: 0.6525
Epoch 96, trian_loss: 0.0022, trian_mae: 0.0466, trian_mse:0.0045, trian_r2: -0.7730, trian_cc: 0.6755
Epoch 96, val_loss: 0.0032, val_mae: 0.0535, val_mse: 0.0064, val_r2: -2.1409, val_cc: 0.6576
Epoch 97, trian_loss: 0.0022, trian_mae: 0.0463, trian_mse:0.0045, trian_r2: -0.7308, trian_cc: 0.6782
Epoch 97, val_loss: 0.0031, val_mae: 0.0526, val_mse: 0.0062, val_r2: -1.9680, val_cc: 0.6626
Epoch 98, trian_loss: 0.0022, trian_mae: 0.0455, trian_mse:0.0043, trian_r2: -0.6115, trian_cc: 0.6859
Epoch 98, val_loss: 0.0031, val_mae: 0.0527, val_mse: 0.0063, val_r2: -2.1011, val_cc: 0.6657
Epoch 99, trian_loss: 0.0021, trian_mae: 0.0452, trian_mse:0.0043, trian_r2: -0.6115, trian_cc: 0.6870
Epoch 99, val_loss: 0.0032, val_mae: 0.0524, val_mse: 0.0063, val_r2: -2.0123, val_cc: 0.6702
