Trian Data: 532   Validation Data: 177  Test Data: 178
[1, 1, 1]
[1, 1, 1]
[1, 1, 1]
[1, 1, 1]
model SENet(
  (conv1): Conv2d(61, 64, kernel_size=(3, 3), stride=(1, 1), padding=(1, 1), bias=False)
  (bn1): BatchNorm2d(64, eps=1e-05, momentum=0.1, affine=True, track_running_stats=True)
  (layer1): Sequential(
    (0): BasicBlock(
      (conv1): Conv2d(64, 64, kernel_size=(3, 3), stride=(1, 1), padding=(1, 1), bias=False)
      (bn1): BatchNorm2d(64, eps=1e-05, momentum=0.1, affine=True, track_running_stats=True)
      (conv2): Conv2d(64, 64, kernel_size=(3, 3), stride=(1, 1), padding=(1, 1), bias=False)
      (bn2): BatchNorm2d(64, eps=1e-05, momentum=0.1, affine=True, track_running_stats=True)
      (shortcut): Sequential()
      (fc1): Conv2d(64, 4, kernel_size=(1, 1), stride=(1, 1))
      (fc2): Conv2d(4, 64, kernel_size=(1, 1), stride=(1, 1))
    )
    (1): BasicBlock(
      (conv1): Conv2d(64, 64, kernel_size=(3, 3), stride=(1, 1), padding=(1, 1), bias=False)
      (bn1): BatchNorm2d(64, eps=1e-05, momentum=0.1, affine=True, track_running_stats=True)
      (conv2): Conv2d(64, 64, kernel_size=(3, 3), stride=(1, 1), padding=(1, 1), bias=False)
      (bn2): BatchNorm2d(64, eps=1e-05, momentum=0.1, affine=True, track_running_stats=True)
      (shortcut): Sequential()
      (fc1): Conv2d(64, 4, kernel_size=(1, 1), stride=(1, 1))
      (fc2): Conv2d(4, 64, kernel_size=(1, 1), stride=(1, 1))
    )
    (2): BasicBlock(
      (conv1): Conv2d(64, 64, kernel_size=(3, 3), stride=(1, 1), padding=(1, 1), bias=False)
      (bn1): BatchNorm2d(64, eps=1e-05, momentum=0.1, affine=True, track_running_stats=True)
      (conv2): Conv2d(64, 64, kernel_size=(3, 3), stride=(1, 1), padding=(1, 1), bias=False)
      (bn2): BatchNorm2d(64, eps=1e-05, momentum=0.1, affine=True, track_running_stats=True)
      (shortcut): Sequential()
      (fc1): Conv2d(64, 4, kernel_size=(1, 1), stride=(1, 1))
      (fc2): Conv2d(4, 64, kernel_size=(1, 1), stride=(1, 1))
    )
  )
  (layer2): Sequential(
    (0): BasicBlock(
      (conv1): Conv2d(64, 64, kernel_size=(3, 3), stride=(1, 1), padding=(1, 1), bias=False)
      (bn1): BatchNorm2d(64, eps=1e-05, momentum=0.1, affine=True, track_running_stats=True)
      (conv2): Conv2d(64, 64, kernel_size=(3, 3), stride=(1, 1), padding=(1, 1), bias=False)
      (bn2): BatchNorm2d(64, eps=1e-05, momentum=0.1, affine=True, track_running_stats=True)
      (shortcut): Sequential()
      (fc1): Conv2d(64, 4, kernel_size=(1, 1), stride=(1, 1))
      (fc2): Conv2d(4, 64, kernel_size=(1, 1), stride=(1, 1))
    )
    (1): BasicBlock(
      (conv1): Conv2d(64, 64, kernel_size=(3, 3), stride=(1, 1), padding=(1, 1), bias=False)
      (bn1): BatchNorm2d(64, eps=1e-05, momentum=0.1, affine=True, track_running_stats=True)
      (conv2): Conv2d(64, 64, kernel_size=(3, 3), stride=(1, 1), padding=(1, 1), bias=False)
      (bn2): BatchNorm2d(64, eps=1e-05, momentum=0.1, affine=True, track_running_stats=True)
      (shortcut): Sequential()
      (fc1): Conv2d(64, 4, kernel_size=(1, 1), stride=(1, 1))
      (fc2): Conv2d(4, 64, kernel_size=(1, 1), stride=(1, 1))
    )
    (2): BasicBlock(
      (conv1): Conv2d(64, 64, kernel_size=(3, 3), stride=(1, 1), padding=(1, 1), bias=False)
      (bn1): BatchNorm2d(64, eps=1e-05, momentum=0.1, affine=True, track_running_stats=True)
      (conv2): Conv2d(64, 64, kernel_size=(3, 3), stride=(1, 1), padding=(1, 1), bias=False)
      (bn2): BatchNorm2d(64, eps=1e-05, momentum=0.1, affine=True, track_running_stats=True)
      (shortcut): Sequential()
      (fc1): Conv2d(64, 4, kernel_size=(1, 1), stride=(1, 1))
      (fc2): Conv2d(4, 64, kernel_size=(1, 1), stride=(1, 1))
    )
  )
  (layer3): Sequential(
    (0): BasicBlock(
      (conv1): Conv2d(64, 64, kernel_size=(3, 3), stride=(1, 1), padding=(1, 1), bias=False)
      (bn1): BatchNorm2d(64, eps=1e-05, momentum=0.1, affine=True, track_running_stats=True)
      (conv2): Conv2d(64, 64, kernel_size=(3, 3), stride=(1, 1), padding=(1, 1), bias=False)
      (bn2): BatchNorm2d(64, eps=1e-05, momentum=0.1, affine=True, track_running_stats=True)
      (shortcut): Sequential()
      (fc1): Conv2d(64, 4, kernel_size=(1, 1), stride=(1, 1))
      (fc2): Conv2d(4, 64, kernel_size=(1, 1), stride=(1, 1))
    )
    (1): BasicBlock(
      (conv1): Conv2d(64, 64, kernel_size=(3, 3), stride=(1, 1), padding=(1, 1), bias=False)
      (bn1): BatchNorm2d(64, eps=1e-05, momentum=0.1, affine=True, track_running_stats=True)
      (conv2): Conv2d(64, 64, kernel_size=(3, 3), stride=(1, 1), padding=(1, 1), bias=False)
      (bn2): BatchNorm2d(64, eps=1e-05, momentum=0.1, affine=True, track_running_stats=True)
      (shortcut): Sequential()
      (fc1): Conv2d(64, 4, kernel_size=(1, 1), stride=(1, 1))
      (fc2): Conv2d(4, 64, kernel_size=(1, 1), stride=(1, 1))
    )
    (2): BasicBlock(
      (conv1): Conv2d(64, 64, kernel_size=(3, 3), stride=(1, 1), padding=(1, 1), bias=False)
      (bn1): BatchNorm2d(64, eps=1e-05, momentum=0.1, affine=True, track_running_stats=True)
      (conv2): Conv2d(64, 64, kernel_size=(3, 3), stride=(1, 1), padding=(1, 1), bias=False)
      (bn2): BatchNorm2d(64, eps=1e-05, momentum=0.1, affine=True, track_running_stats=True)
      (shortcut): Sequential()
      (fc1): Conv2d(64, 4, kernel_size=(1, 1), stride=(1, 1))
      (fc2): Conv2d(4, 64, kernel_size=(1, 1), stride=(1, 1))
    )
  )
  (layer4): Sequential(
    (0): BasicBlock(
      (conv1): Conv2d(64, 64, kernel_size=(3, 3), stride=(1, 1), padding=(1, 1), bias=False)
      (bn1): BatchNorm2d(64, eps=1e-05, momentum=0.1, affine=True, track_running_stats=True)
      (conv2): Conv2d(64, 64, kernel_size=(3, 3), stride=(1, 1), padding=(1, 1), bias=False)
      (bn2): BatchNorm2d(64, eps=1e-05, momentum=0.1, affine=True, track_running_stats=True)
      (shortcut): Sequential()
      (fc1): Conv2d(64, 4, kernel_size=(1, 1), stride=(1, 1))
      (fc2): Conv2d(4, 64, kernel_size=(1, 1), stride=(1, 1))
    )
    (1): BasicBlock(
      (conv1): Conv2d(64, 64, kernel_size=(3, 3), stride=(1, 1), padding=(1, 1), bias=False)
      (bn1): BatchNorm2d(64, eps=1e-05, momentum=0.1, affine=True, track_running_stats=True)
      (conv2): Conv2d(64, 64, kernel_size=(3, 3), stride=(1, 1), padding=(1, 1), bias=False)
      (bn2): BatchNorm2d(64, eps=1e-05, momentum=0.1, affine=True, track_running_stats=True)
      (shortcut): Sequential()
      (fc1): Conv2d(64, 4, kernel_size=(1, 1), stride=(1, 1))
      (fc2): Conv2d(4, 64, kernel_size=(1, 1), stride=(1, 1))
    )
    (2): BasicBlock(
      (conv1): Conv2d(64, 64, kernel_size=(3, 3), stride=(1, 1), padding=(1, 1), bias=False)
      (bn1): BatchNorm2d(64, eps=1e-05, momentum=0.1, affine=True, track_running_stats=True)
      (conv2): Conv2d(64, 64, kernel_size=(3, 3), stride=(1, 1), padding=(1, 1), bias=False)
      (bn2): BatchNorm2d(64, eps=1e-05, momentum=0.1, affine=True, track_running_stats=True)
      (shortcut): Sequential()
      (fc1): Conv2d(64, 4, kernel_size=(1, 1), stride=(1, 1))
      (fc2): Conv2d(4, 64, kernel_size=(1, 1), stride=(1, 1))
    )
  )
  (cnn): CNNnet(
    (conv1): Sequential(
      (0): Conv2d(64, 32, kernel_size=(3, 3), stride=(1, 1), padding=(1, 1))
      (1): BatchNorm2d(32, eps=1e-05, momentum=0.1, affine=True, track_running_stats=True)
      (2): ReLU()
    )
    (conv2): Sequential(
      (0): Conv2d(32, 16, kernel_size=(3, 3), stride=(1, 1), padding=(1, 1))
      (1): BatchNorm2d(16, eps=1e-05, momentum=0.1, affine=True, track_running_stats=True)
      (2): ReLU()
    )
    (conv3): Sequential(
      (0): Conv2d(16, 1, kernel_size=(3, 3), stride=(1, 1), padding=(1, 1))
      (1): BatchNorm2d(1, eps=1e-05, momentum=0.1, affine=True, track_running_stats=True)
      (2): ReLU()
    )
  )
)
Epoch  0, trian_loss: 0.0072, trian_mae: 0.0859, trian_mse:0.0145, trian_r2: -11.9119, trian_cc: 0.1360
Epoch  0, val_loss: 0.0061, val_mae: 0.0870, val_mse: 0.0122, val_r2: -8.1672, val_cc: 0.1877
Epoch  1, trian_loss: 0.0052, trian_mae: 0.0760, trian_mse:0.0103, trian_r2: -3337.3800, trian_cc: -0.0017
Epoch  1, val_loss: 0.0049, val_mae: 0.0742, val_mse: 0.0098, val_r2: -3577.9442, val_cc: 0.0327
Epoch  2, trian_loss: 0.0050, trian_mae: 0.0743, trian_mse:0.0099, trian_r2: -2701.9037, trian_cc: 0.0689
Epoch  2, val_loss: 0.0049, val_mae: 0.0742, val_mse: 0.0098, val_r2: -2079.5472, val_cc: 0.0806
Epoch  3, trian_loss: 0.0050, trian_mae: 0.0743, trian_mse:0.0099, trian_r2: -2281.7008, trian_cc: 0.0919
Epoch  3, val_loss: 0.0049, val_mae: 0.0743, val_mse: 0.0098, val_r2: -1075.5210, val_cc: 0.0882
Epoch  4, trian_loss: 0.0049, trian_mae: 0.0741, trian_mse:0.0099, trian_r2: -1775.0526, trian_cc: 0.0967
Epoch  4, val_loss: 0.0049, val_mae: 0.0742, val_mse: 0.0098, val_r2: -1065.5636, val_cc: 0.1025
Epoch  5, trian_loss: 0.0049, trian_mae: 0.0741, trian_mse:0.0099, trian_r2: -1779.6347, trian_cc: 0.1174
Epoch  5, val_loss: 0.0049, val_mae: 0.0742, val_mse: 0.0098, val_r2: -748.0425, val_cc: 0.1245
Epoch  6, trian_loss: 0.0049, trian_mae: 0.0741, trian_mse:0.0099, trian_r2: -1126.6207, trian_cc: 0.1103
Epoch  6, val_loss: 0.0049, val_mae: 0.0741, val_mse: 0.0097, val_r2: -467.5210, val_cc: 0.1325
Epoch  7, trian_loss: 0.0049, trian_mae: 0.0738, trian_mse:0.0098, trian_r2: -397.3935, trian_cc: 0.1274
Epoch  7, val_loss: 0.0048, val_mae: 0.0733, val_mse: 0.0096, val_r2: -240.4399, val_cc: 0.1464
Epoch  8, trian_loss: 0.0048, trian_mae: 0.0723, trian_mse:0.0095, trian_r2: -173.4793, trian_cc: 0.1817
Epoch  8, val_loss: 0.0046, val_mae: 0.0695, val_mse: 0.0092, val_r2: -103.7164, val_cc: 0.2156
Epoch  9, trian_loss: 0.0046, trian_mae: 0.0710, trian_mse:0.0092, trian_r2: -120.8854, trian_cc: 0.2096
Epoch  9, val_loss: 0.0044, val_mae: 0.0686, val_mse: 0.0087, val_r2: -61.6799, val_cc: 0.2474
Epoch 10, trian_loss: 0.0044, trian_mae: 0.0695, trian_mse:0.0089, trian_r2: -82.0573, trian_cc: 0.2478
Epoch 10, val_loss: 0.0044, val_mae: 0.0682, val_mse: 0.0088, val_r2: -47.4168, val_cc: 0.2612
Epoch 11, trian_loss: 0.0044, trian_mae: 0.0687, trian_mse:0.0087, trian_r2: -65.1374, trian_cc: 0.2776
Epoch 11, val_loss: 0.0042, val_mae: 0.0681, val_mse: 0.0085, val_r2: -49.0864, val_cc: 0.2900
Epoch 12, trian_loss: 0.0042, trian_mae: 0.0674, trian_mse:0.0085, trian_r2: -50.9490, trian_cc: 0.3066
Epoch 12, val_loss: 0.0042, val_mae: 0.0662, val_mse: 0.0084, val_r2: -33.7560, val_cc: 0.3176
Epoch 13, trian_loss: 0.0042, trian_mae: 0.0664, trian_mse:0.0083, trian_r2: -47.4877, trian_cc: 0.3211
Epoch 13, val_loss: 0.0044, val_mae: 0.0665, val_mse: 0.0087, val_r2: -38.0756, val_cc: 0.3093
Epoch 14, trian_loss: 0.0042, trian_mae: 0.0662, trian_mse:0.0083, trian_r2: -38.6878, trian_cc: 0.3252
Epoch 14, val_loss: 0.0043, val_mae: 0.0659, val_mse: 0.0085, val_r2: -28.3220, val_cc: 0.3303
Epoch 15, trian_loss: 0.0041, trian_mae: 0.0657, trian_mse:0.0082, trian_r2: -38.8778, trian_cc: 0.3337
Epoch 15, val_loss: 0.0042, val_mae: 0.0657, val_mse: 0.0083, val_r2: -26.6047, val_cc: 0.3341
Epoch 16, trian_loss: 0.0041, trian_mae: 0.0655, trian_mse:0.0082, trian_r2: -36.2946, trian_cc: 0.3362
Epoch 16, val_loss: 0.0041, val_mae: 0.0651, val_mse: 0.0083, val_r2: -21.8982, val_cc: 0.3461
Epoch 17, trian_loss: 0.0041, trian_mae: 0.0649, trian_mse:0.0081, trian_r2: -35.6495, trian_cc: 0.3460
Epoch 17, val_loss: 0.0041, val_mae: 0.0641, val_mse: 0.0083, val_r2: -17.8380, val_cc: 0.3578
Epoch 18, trian_loss: 0.0040, trian_mae: 0.0645, trian_mse:0.0080, trian_r2: -31.7067, trian_cc: 0.3625
Epoch 18, val_loss: 0.0040, val_mae: 0.0630, val_mse: 0.0080, val_r2: -25.8269, val_cc: 0.4265
Epoch 19, trian_loss: 0.0041, trian_mae: 0.0654, trian_mse:0.0082, trian_r2: -40.2270, trian_cc: 0.4056
Epoch 19, val_loss: 0.0041, val_mae: 0.0647, val_mse: 0.0082, val_r2: -21.9197, val_cc: 0.3510
Epoch 20, trian_loss: 0.0040, trian_mae: 0.0647, trian_mse:0.0081, trian_r2: -25.9070, trian_cc: 0.3879
Epoch 20, val_loss: 0.0041, val_mae: 0.0640, val_mse: 0.0081, val_r2: -17.4476, val_cc: 0.3626
Epoch 21, trian_loss: 0.0039, trian_mae: 0.0635, trian_mse:0.0078, trian_r2: -25.7628, trian_cc: 0.4369
Epoch 21, val_loss: 0.0037, val_mae: 0.0594, val_mse: 0.0074, val_r2: -9.1992, val_cc: 0.5384
Epoch 22, trian_loss: 0.0036, trian_mae: 0.0602, trian_mse:0.0072, trian_r2: -8.3453, trian_cc: 0.5357
Epoch 22, val_loss: 0.0037, val_mae: 0.0583, val_mse: 0.0074, val_r2: -6.1816, val_cc: 0.5616
Epoch 23, trian_loss: 0.0035, trian_mae: 0.0593, trian_mse:0.0071, trian_r2: -5.8340, trian_cc: 0.5601
Epoch 23, val_loss: 0.0036, val_mae: 0.0583, val_mse: 0.0072, val_r2: -5.8636, val_cc: 0.5586
Epoch 24, trian_loss: 0.0035, trian_mae: 0.0591, trian_mse:0.0070, trian_r2: -4.4162, trian_cc: 0.5682
Epoch 24, val_loss: 0.0038, val_mae: 0.0602, val_mse: 0.0075, val_r2: -18.2544, val_cc: 0.5022
Epoch 25, trian_loss: 0.0034, trian_mae: 0.0582, trian_mse:0.0069, trian_r2: -6.1584, trian_cc: 0.5721
Epoch 25, val_loss: 0.0033, val_mae: 0.0558, val_mse: 0.0066, val_r2: -3.6335, val_cc: 0.6012
Epoch 26, trian_loss: 0.0034, trian_mae: 0.0576, trian_mse:0.0067, trian_r2: -3.4919, trian_cc: 0.5925
Epoch 26, val_loss: 0.0033, val_mae: 0.0557, val_mse: 0.0066, val_r2: -3.7343, val_cc: 0.6008
Epoch 27, trian_loss: 0.0033, trian_mae: 0.0572, trian_mse:0.0067, trian_r2: -3.3053, trian_cc: 0.5989
Epoch 27, val_loss: 0.0033, val_mae: 0.0551, val_mse: 0.0065, val_r2: -3.0323, val_cc: 0.6120
Epoch 28, trian_loss: 0.0033, trian_mae: 0.0571, trian_mse:0.0067, trian_r2: -4.0367, trian_cc: 0.5978
Epoch 28, val_loss: 0.0035, val_mae: 0.0590, val_mse: 0.0070, val_r2: -14.8790, val_cc: 0.5737
Epoch 29, trian_loss: 0.0036, trian_mae: 0.0606, trian_mse:0.0073, trian_r2: -14.2103, trian_cc: 0.5308
Epoch 29, val_loss: 0.0036, val_mae: 0.0583, val_mse: 0.0073, val_r2: -14.2740, val_cc: 0.5340
Epoch 30, trian_loss: 0.0034, trian_mae: 0.0580, trian_mse:0.0068, trian_r2: -7.0850, trian_cc: 0.5782
Epoch 30, val_loss: 0.0034, val_mae: 0.0562, val_mse: 0.0068, val_r2: -7.5181, val_cc: 0.5832
Epoch 31, trian_loss: 0.0033, trian_mae: 0.0561, trian_mse:0.0065, trian_r2: -2.8732, trian_cc: 0.6115
Epoch 31, val_loss: 0.0033, val_mae: 0.0557, val_mse: 0.0065, val_r2: -3.4981, val_cc: 0.6155
Epoch 32, trian_loss: 0.0033, trian_mae: 0.0561, trian_mse:0.0065, trian_r2: -3.6374, trian_cc: 0.6127
Epoch 32, val_loss: 0.0032, val_mae: 0.0538, val_mse: 0.0063, val_r2: -2.6145, val_cc: 0.6288
Epoch 33, trian_loss: 0.0032, trian_mae: 0.0554, trian_mse:0.0064, trian_r2: -2.3538, trian_cc: 0.6240
Epoch 33, val_loss: 0.0034, val_mae: 0.0568, val_mse: 0.0068, val_r2: -8.0708, val_cc: 0.5898
Epoch 34, trian_loss: 0.0032, trian_mae: 0.0561, trian_mse:0.0065, trian_r2: -2.9063, trian_cc: 0.6187
Epoch 34, val_loss: 0.0034, val_mae: 0.0565, val_mse: 0.0067, val_r2: -5.6436, val_cc: 0.5929
Epoch 35, trian_loss: 0.0032, trian_mae: 0.0557, trian_mse:0.0064, trian_r2: -4.8002, trian_cc: 0.6134
Epoch 35, val_loss: 0.0031, val_mae: 0.0531, val_mse: 0.0062, val_r2: -2.9000, val_cc: 0.6387
Epoch 36, trian_loss: 0.0031, trian_mae: 0.0548, trian_mse:0.0063, trian_r2: -2.3015, trian_cc: 0.6356
Epoch 36, val_loss: 0.0031, val_mae: 0.0526, val_mse: 0.0061, val_r2: -3.1338, val_cc: 0.6519
Epoch 37, trian_loss: 0.0031, trian_mae: 0.0542, trian_mse:0.0062, trian_r2: -3.1110, trian_cc: 0.6400
Epoch 37, val_loss: 0.0030, val_mae: 0.0523, val_mse: 0.0060, val_r2: -2.1294, val_cc: 0.6575
Epoch 38, trian_loss: 0.0031, trian_mae: 0.0545, trian_mse:0.0062, trian_r2: -2.5277, trian_cc: 0.6394
Epoch 38, val_loss: 0.0031, val_mae: 0.0556, val_mse: 0.0062, val_r2: -1.8944, val_cc: 0.6360
Epoch 39, trian_loss: 0.0036, trian_mae: 0.0600, trian_mse:0.0072, trian_r2: -21.1306, trian_cc: 0.5443
Epoch 39, val_loss: 0.0031, val_mae: 0.0532, val_mse: 0.0062, val_r2: -4.7051, val_cc: 0.6308
Epoch 40, trian_loss: 0.0032, trian_mae: 0.0546, trian_mse:0.0063, trian_r2: -3.6842, trian_cc: 0.6296
Epoch 40, val_loss: 0.0030, val_mae: 0.0523, val_mse: 0.0060, val_r2: -3.4380, val_cc: 0.6588
Epoch 41, trian_loss: 0.0030, trian_mae: 0.0525, trian_mse:0.0059, trian_r2: -1.7224, trian_cc: 0.6579
Epoch 41, val_loss: 0.0029, val_mae: 0.0512, val_mse: 0.0059, val_r2: -2.4097, val_cc: 0.6643
Epoch 42, trian_loss: 0.0030, trian_mae: 0.0529, trian_mse:0.0060, trian_r2: -2.0801, trian_cc: 0.6558
Epoch 42, val_loss: 0.0029, val_mae: 0.0513, val_mse: 0.0059, val_r2: -2.0157, val_cc: 0.6605
Epoch 43, trian_loss: 0.0030, trian_mae: 0.0528, trian_mse:0.0059, trian_r2: -1.4808, trian_cc: 0.6615
Epoch 43, val_loss: 0.0030, val_mae: 0.0520, val_mse: 0.0059, val_r2: -2.1926, val_cc: 0.6587
Epoch 44, trian_loss: 0.0030, trian_mae: 0.0525, trian_mse:0.0059, trian_r2: -2.0972, trian_cc: 0.6580
Epoch 44, val_loss: 0.0029, val_mae: 0.0511, val_mse: 0.0058, val_r2: -2.5997, val_cc: 0.6694
Epoch 45, trian_loss: 0.0030, trian_mae: 0.0534, trian_mse:0.0060, trian_r2: -2.2761, trian_cc: 0.6519
Epoch 45, val_loss: 0.0030, val_mae: 0.0532, val_mse: 0.0060, val_r2: -3.0397, val_cc: 0.6561
Epoch 46, trian_loss: 0.0030, trian_mae: 0.0527, trian_mse:0.0059, trian_r2: -1.7926, trian_cc: 0.6618
Epoch 46, val_loss: 0.0029, val_mae: 0.0527, val_mse: 0.0059, val_r2: -2.8789, val_cc: 0.6600
Epoch 47, trian_loss: 0.0030, trian_mae: 0.0525, trian_mse:0.0059, trian_r2: -2.0662, trian_cc: 0.6595
Epoch 47, val_loss: 0.0029, val_mae: 0.0514, val_mse: 0.0057, val_r2: -2.1877, val_cc: 0.6777
Epoch 48, trian_loss: 0.0029, trian_mae: 0.0523, trian_mse:0.0059, trian_r2: -1.5924, trian_cc: 0.6623
Epoch 48, val_loss: 0.0029, val_mae: 0.0513, val_mse: 0.0059, val_r2: -2.9355, val_cc: 0.6770
Epoch 49, trian_loss: 0.0030, trian_mae: 0.0530, trian_mse:0.0061, trian_r2: -3.0328, trian_cc: 0.6512
Epoch 49, val_loss: 0.0029, val_mae: 0.0512, val_mse: 0.0058, val_r2: -5.9799, val_cc: 0.6539
Epoch 50, trian_loss: 0.0028, trian_mae: 0.0510, trian_mse:0.0057, trian_r2: -1.2792, trian_cc: 0.6776
Epoch 50, val_loss: 0.0028, val_mae: 0.0497, val_mse: 0.0055, val_r2: -1.8077, val_cc: 0.6851
Epoch 51, trian_loss: 0.0029, trian_mae: 0.0519, trian_mse:0.0058, trian_r2: -1.6960, trian_cc: 0.6663
Epoch 51, val_loss: 0.0029, val_mae: 0.0514, val_mse: 0.0058, val_r2: -2.1084, val_cc: 0.6673
Epoch 52, trian_loss: 0.0029, trian_mae: 0.0515, trian_mse:0.0058, trian_r2: -2.0879, trian_cc: 0.6690
Epoch 52, val_loss: 0.0030, val_mae: 0.0530, val_mse: 0.0061, val_r2: -7.9176, val_cc: 0.6263
Epoch 53, trian_loss: 0.0028, trian_mae: 0.0509, trian_mse:0.0057, trian_r2: -1.3045, trian_cc: 0.6798
Epoch 53, val_loss: 0.0028, val_mae: 0.0501, val_mse: 0.0056, val_r2: -2.1978, val_cc: 0.6786
Epoch 54, trian_loss: 0.0028, trian_mae: 0.0505, trian_mse:0.0056, trian_r2: -1.2776, trian_cc: 0.6805
Epoch 54, val_loss: 0.0029, val_mae: 0.0525, val_mse: 0.0058, val_r2: -2.4595, val_cc: 0.6747
Epoch 55, trian_loss: 0.0028, trian_mae: 0.0504, trian_mse:0.0055, trian_r2: -1.0036, trian_cc: 0.6861
Epoch 55, val_loss: 0.0028, val_mae: 0.0502, val_mse: 0.0056, val_r2: -2.3082, val_cc: 0.6627
Epoch 56, trian_loss: 0.0028, trian_mae: 0.0507, trian_mse:0.0056, trian_r2: -1.4086, trian_cc: 0.6796
Epoch 56, val_loss: 0.0027, val_mae: 0.0495, val_mse: 0.0055, val_r2: -1.6736, val_cc: 0.6888
Epoch 57, trian_loss: 0.0028, trian_mae: 0.0506, trian_mse:0.0056, trian_r2: -1.5399, trian_cc: 0.6835
Epoch 57, val_loss: 0.0031, val_mae: 0.0550, val_mse: 0.0063, val_r2: -6.7290, val_cc: 0.6078
Epoch 58, trian_loss: 0.0028, trian_mae: 0.0502, trian_mse:0.0055, trian_r2: -1.2798, trian_cc: 0.6829
Epoch 58, val_loss: 0.0027, val_mae: 0.0493, val_mse: 0.0055, val_r2: -2.5618, val_cc: 0.6941
Epoch 59, trian_loss: 0.0028, trian_mae: 0.0509, trian_mse:0.0057, trian_r2: -1.4220, trian_cc: 0.6799
Epoch 59, val_loss: 0.0028, val_mae: 0.0497, val_mse: 0.0055, val_r2: -2.0171, val_cc: 0.6907
Epoch 60, trian_loss: 0.0027, trian_mae: 0.0498, trian_mse:0.0055, trian_r2: -1.1115, trian_cc: 0.6890
Epoch 60, val_loss: 0.0027, val_mae: 0.0494, val_mse: 0.0053, val_r2: -1.5264, val_cc: 0.6980
Epoch 61, trian_loss: 0.0027, trian_mae: 0.0496, trian_mse:0.0054, trian_r2: -1.0436, trian_cc: 0.6898
Epoch 61, val_loss: 0.0027, val_mae: 0.0487, val_mse: 0.0053, val_r2: -1.2983, val_cc: 0.6968
Epoch 62, trian_loss: 0.0027, trian_mae: 0.0503, trian_mse:0.0055, trian_r2: -2.0594, trian_cc: 0.6860
Epoch 62, val_loss: 0.0027, val_mae: 0.0492, val_mse: 0.0054, val_r2: -1.9748, val_cc: 0.6941
Epoch 63, trian_loss: 0.0027, trian_mae: 0.0497, trian_mse:0.0053, trian_r2: -1.0302, trian_cc: 0.6897
Epoch 63, val_loss: 0.0027, val_mae: 0.0495, val_mse: 0.0055, val_r2: -2.1938, val_cc: 0.6914
Epoch 64, trian_loss: 0.0027, trian_mae: 0.0493, trian_mse:0.0054, trian_r2: -0.9490, trian_cc: 0.6940
Epoch 64, val_loss: 0.0026, val_mae: 0.0494, val_mse: 0.0052, val_r2: -1.2990, val_cc: 0.7002
Epoch 65, trian_loss: 0.0026, trian_mae: 0.0485, trian_mse:0.0051, trian_r2: -0.7760, trian_cc: 0.6981
Epoch 65, val_loss: 0.0027, val_mae: 0.0484, val_mse: 0.0053, val_r2: -1.2932, val_cc: 0.6966
Epoch 66, trian_loss: 0.0028, trian_mae: 0.0501, trian_mse:0.0056, trian_r2: -2.7437, trian_cc: 0.6770
Epoch 66, val_loss: 0.0026, val_mae: 0.0474, val_mse: 0.0052, val_r2: -0.9164, val_cc: 0.7014
Epoch 67, trian_loss: 0.0026, trian_mae: 0.0486, trian_mse:0.0052, trian_r2: -1.0533, trian_cc: 0.6955
Epoch 67, val_loss: 0.0026, val_mae: 0.0485, val_mse: 0.0053, val_r2: -1.1961, val_cc: 0.6993
Epoch 68, trian_loss: 0.0026, trian_mae: 0.0491, trian_mse:0.0053, trian_r2: -1.4864, trian_cc: 0.6930
Epoch 68, val_loss: 0.0028, val_mae: 0.0524, val_mse: 0.0057, val_r2: -2.0478, val_cc: 0.6720
Epoch 69, trian_loss: 0.0027, trian_mae: 0.0496, trian_mse:0.0054, trian_r2: -1.1761, trian_cc: 0.6904
Epoch 69, val_loss: 0.0026, val_mae: 0.0481, val_mse: 0.0052, val_r2: -1.1409, val_cc: 0.7021
Epoch 70, trian_loss: 0.0026, trian_mae: 0.0492, trian_mse:0.0053, trian_r2: -2.7390, trian_cc: 0.6824
Epoch 70, val_loss: 0.0026, val_mae: 0.0482, val_mse: 0.0053, val_r2: -0.9969, val_cc: 0.6991
Epoch 71, trian_loss: 0.0026, trian_mae: 0.0494, trian_mse:0.0053, trian_r2: -1.2624, trian_cc: 0.6906
Epoch 71, val_loss: 0.0028, val_mae: 0.0506, val_mse: 0.0055, val_r2: -1.9463, val_cc: 0.6910
Epoch 72, trian_loss: 0.0026, trian_mae: 0.0478, trian_mse:0.0051, trian_r2: -0.7517, trian_cc: 0.7021
Epoch 72, val_loss: 0.0027, val_mae: 0.0475, val_mse: 0.0053, val_r2: -0.8701, val_cc: 0.7028
Epoch 73, trian_loss: 0.0025, trian_mae: 0.0468, trian_mse:0.0049, trian_r2: -0.6060, trian_cc: 0.7083
Epoch 73, val_loss: 0.0026, val_mae: 0.0477, val_mse: 0.0052, val_r2: -0.8403, val_cc: 0.7055
Epoch 74, trian_loss: 0.0024, trian_mae: 0.0466, trian_mse:0.0049, trian_r2: -0.5702, trian_cc: 0.7097
Epoch 74, val_loss: 0.0026, val_mae: 0.0476, val_mse: 0.0052, val_r2: -0.9069, val_cc: 0.7077
Epoch 75, trian_loss: 0.0024, trian_mae: 0.0468, trian_mse:0.0049, trian_r2: -0.5827, trian_cc: 0.7096
Epoch 75, val_loss: 0.0026, val_mae: 0.0475, val_mse: 0.0052, val_r2: -0.9521, val_cc: 0.7050
Epoch 76, trian_loss: 0.0025, trian_mae: 0.0475, trian_mse:0.0050, trian_r2: -1.5753, trian_cc: 0.7005
Epoch 76, val_loss: 0.0026, val_mae: 0.0473, val_mse: 0.0052, val_r2: -0.8090, val_cc: 0.7047
Epoch 77, trian_loss: 0.0024, trian_mae: 0.0467, trian_mse:0.0049, trian_r2: -0.5760, trian_cc: 0.7113
Epoch 77, val_loss: 0.0026, val_mae: 0.0476, val_mse: 0.0052, val_r2: -0.7270, val_cc: 0.7086
Epoch 78, trian_loss: 0.0024, trian_mae: 0.0463, trian_mse:0.0048, trian_r2: -0.5524, trian_cc: 0.7124
Epoch 78, val_loss: 0.0026, val_mae: 0.0482, val_mse: 0.0052, val_r2: -0.8520, val_cc: 0.7070
Epoch 79, trian_loss: 0.0024, trian_mae: 0.0464, trian_mse:0.0048, trian_r2: -0.5513, trian_cc: 0.7126
Epoch 79, val_loss: 0.0026, val_mae: 0.0471, val_mse: 0.0052, val_r2: -1.2084, val_cc: 0.7085
Epoch 80, trian_loss: 0.0024, trian_mae: 0.0460, trian_mse:0.0048, trian_r2: -0.6138, trian_cc: 0.7136
Epoch 80, val_loss: 0.0026, val_mae: 0.0476, val_mse: 0.0051, val_r2: -0.8684, val_cc: 0.7081
Epoch 81, trian_loss: 0.0024, trian_mae: 0.0461, trian_mse:0.0047, trian_r2: -0.5211, trian_cc: 0.7136
Epoch 81, val_loss: 0.0026, val_mae: 0.0479, val_mse: 0.0051, val_r2: -0.8018, val_cc: 0.7086
Epoch 82, trian_loss: 0.0024, trian_mae: 0.0459, trian_mse:0.0047, trian_r2: -0.5210, trian_cc: 0.7157
Epoch 82, val_loss: 0.0026, val_mae: 0.0473, val_mse: 0.0051, val_r2: -0.9927, val_cc: 0.7091
Epoch 83, trian_loss: 0.0024, trian_mae: 0.0459, trian_mse:0.0047, trian_r2: -0.5957, trian_cc: 0.7159
Epoch 83, val_loss: 0.0026, val_mae: 0.0484, val_mse: 0.0052, val_r2: -1.0380, val_cc: 0.7099
Epoch 84, trian_loss: 0.0024, trian_mae: 0.0467, trian_mse:0.0048, trian_r2: -0.7496, trian_cc: 0.7093
Epoch 84, val_loss: 0.0026, val_mae: 0.0474, val_mse: 0.0051, val_r2: -0.9630, val_cc: 0.7072
Epoch 85, trian_loss: 0.0023, trian_mae: 0.0457, trian_mse:0.0047, trian_r2: -0.4999, trian_cc: 0.7166
Epoch 85, val_loss: 0.0026, val_mae: 0.0480, val_mse: 0.0052, val_r2: -0.9029, val_cc: 0.7101
Epoch 86, trian_loss: 0.0023, trian_mae: 0.0456, trian_mse:0.0047, trian_r2: -0.4759, trian_cc: 0.7184
Epoch 86, val_loss: 0.0026, val_mae: 0.0474, val_mse: 0.0052, val_r2: -1.0407, val_cc: 0.7126
Epoch 87, trian_loss: 0.0024, trian_mae: 0.0459, trian_mse:0.0047, trian_r2: -0.7439, trian_cc: 0.7149
Epoch 87, val_loss: 0.0026, val_mae: 0.0471, val_mse: 0.0052, val_r2: -0.8888, val_cc: 0.7072
Epoch 88, trian_loss: 0.0023, trian_mae: 0.0453, trian_mse:0.0046, trian_r2: -0.4402, trian_cc: 0.7195
Epoch 88, val_loss: 0.0026, val_mae: 0.0473, val_mse: 0.0052, val_r2: -1.0044, val_cc: 0.7104
Epoch 89, trian_loss: 0.0023, trian_mae: 0.0452, trian_mse:0.0046, trian_r2: -0.4383, trian_cc: 0.7177
Epoch 89, val_loss: 0.0026, val_mae: 0.0480, val_mse: 0.0052, val_r2: -1.0151, val_cc: 0.7100
Epoch 90, trian_loss: 0.0023, trian_mae: 0.0458, trian_mse:0.0047, trian_r2: -0.5026, trian_cc: 0.7165
Epoch 90, val_loss: 0.0026, val_mae: 0.0485, val_mse: 0.0053, val_r2: -1.0658, val_cc: 0.7085
Epoch 91, trian_loss: 0.0023, trian_mae: 0.0452, trian_mse:0.0046, trian_r2: -0.4689, trian_cc: 0.7184
Epoch 91, val_loss: 0.0027, val_mae: 0.0485, val_mse: 0.0054, val_r2: -1.0861, val_cc: 0.7101
Epoch 92, trian_loss: 0.0023, trian_mae: 0.0452, trian_mse:0.0046, trian_r2: -0.4384, trian_cc: 0.7184
Epoch 92, val_loss: 0.0026, val_mae: 0.0476, val_mse: 0.0052, val_r2: -0.7033, val_cc: 0.7118
Epoch 93, trian_loss: 0.0023, trian_mae: 0.0454, trian_mse:0.0046, trian_r2: -0.8395, trian_cc: 0.7153
Epoch 93, val_loss: 0.0026, val_mae: 0.0478, val_mse: 0.0052, val_r2: -1.4191, val_cc: 0.7061
Epoch 94, trian_loss: 0.0023, trian_mae: 0.0450, trian_mse:0.0045, trian_r2: -0.4528, trian_cc: 0.7201
Epoch 94, val_loss: 0.0026, val_mae: 0.0476, val_mse: 0.0052, val_r2: -1.1159, val_cc: 0.7106
Epoch 95, trian_loss: 0.0023, trian_mae: 0.0449, trian_mse:0.0045, trian_r2: -0.4757, trian_cc: 0.7213
Epoch 95, val_loss: 0.0026, val_mae: 0.0479, val_mse: 0.0051, val_r2: -0.6249, val_cc: 0.7110
Epoch 96, trian_loss: 0.0022, trian_mae: 0.0448, trian_mse:0.0045, trian_r2: -0.4317, trian_cc: 0.7219
Epoch 96, val_loss: 0.0026, val_mae: 0.0487, val_mse: 0.0052, val_r2: -0.6763, val_cc: 0.7135
Epoch 97, trian_loss: 0.0022, trian_mae: 0.0446, trian_mse:0.0045, trian_r2: -0.3965, trian_cc: 0.7225
Epoch 97, val_loss: 0.0026, val_mae: 0.0481, val_mse: 0.0051, val_r2: -0.8424, val_cc: 0.7143
Epoch 98, trian_loss: 0.0022, trian_mae: 0.0448, trian_mse:0.0045, trian_r2: -0.4172, trian_cc: 0.7209
Epoch 98, val_loss: 0.0026, val_mae: 0.0481, val_mse: 0.0051, val_r2: -0.7132, val_cc: 0.7128
Epoch 99, trian_loss: 0.0022, trian_mae: 0.0447, trian_mse:0.0045, trian_r2: -0.3997, trian_cc: 0.7222
Epoch 99, val_loss: 0.0026, val_mae: 0.0483, val_mse: 0.0052, val_r2: -0.9289, val_cc: 0.7105
