Trian Data: 532   Validation Data: 177  Test Data: 178
[1, 1, 1]
[1, 1]
[1, 1]
[1, 1]
model SENet(
  (conv1): Conv2d(61, 64, kernel_size=(3, 3), stride=(1, 1), padding=(1, 1), bias=False)
  (bn1): BatchNorm2d(64, eps=1e-05, momentum=0.1, affine=True, track_running_stats=True)
  (layer1): Sequential(
    (0): BasicBlock(
      (conv1): Conv2d(64, 64, kernel_size=(3, 3), stride=(1, 1), padding=(1, 1), bias=False)
      (bn1): BatchNorm2d(64, eps=1e-05, momentum=0.1, affine=True, track_running_stats=True)
      (conv2): Conv2d(64, 64, kernel_size=(3, 3), stride=(1, 1), padding=(1, 1), bias=False)
      (bn2): BatchNorm2d(64, eps=1e-05, momentum=0.1, affine=True, track_running_stats=True)
      (shortcut): Sequential()
      (fc1): Conv2d(64, 4, kernel_size=(1, 1), stride=(1, 1))
      (fc2): Conv2d(4, 64, kernel_size=(1, 1), stride=(1, 1))
    )
    (1): BasicBlock(
      (conv1): Conv2d(64, 64, kernel_size=(3, 3), stride=(1, 1), padding=(1, 1), bias=False)
      (bn1): BatchNorm2d(64, eps=1e-05, momentum=0.1, affine=True, track_running_stats=True)
      (conv2): Conv2d(64, 64, kernel_size=(3, 3), stride=(1, 1), padding=(1, 1), bias=False)
      (bn2): BatchNorm2d(64, eps=1e-05, momentum=0.1, affine=True, track_running_stats=True)
      (shortcut): Sequential()
      (fc1): Conv2d(64, 4, kernel_size=(1, 1), stride=(1, 1))
      (fc2): Conv2d(4, 64, kernel_size=(1, 1), stride=(1, 1))
    )
    (2): BasicBlock(
      (conv1): Conv2d(64, 64, kernel_size=(3, 3), stride=(1, 1), padding=(1, 1), bias=False)
      (bn1): BatchNorm2d(64, eps=1e-05, momentum=0.1, affine=True, track_running_stats=True)
      (conv2): Conv2d(64, 64, kernel_size=(3, 3), stride=(1, 1), padding=(1, 1), bias=False)
      (bn2): BatchNorm2d(64, eps=1e-05, momentum=0.1, affine=True, track_running_stats=True)
      (shortcut): Sequential()
      (fc1): Conv2d(64, 4, kernel_size=(1, 1), stride=(1, 1))
      (fc2): Conv2d(4, 64, kernel_size=(1, 1), stride=(1, 1))
    )
  )
  (layer2): Sequential(
    (0): BasicBlock(
      (conv1): Conv2d(64, 64, kernel_size=(3, 3), stride=(1, 1), padding=(1, 1), bias=False)
      (bn1): BatchNorm2d(64, eps=1e-05, momentum=0.1, affine=True, track_running_stats=True)
      (conv2): Conv2d(64, 64, kernel_size=(3, 3), stride=(1, 1), padding=(1, 1), bias=False)
      (bn2): BatchNorm2d(64, eps=1e-05, momentum=0.1, affine=True, track_running_stats=True)
      (shortcut): Sequential()
      (fc1): Conv2d(64, 4, kernel_size=(1, 1), stride=(1, 1))
      (fc2): Conv2d(4, 64, kernel_size=(1, 1), stride=(1, 1))
    )
    (1): BasicBlock(
      (conv1): Conv2d(64, 64, kernel_size=(3, 3), stride=(1, 1), padding=(1, 1), bias=False)
      (bn1): BatchNorm2d(64, eps=1e-05, momentum=0.1, affine=True, track_running_stats=True)
      (conv2): Conv2d(64, 64, kernel_size=(3, 3), stride=(1, 1), padding=(1, 1), bias=False)
      (bn2): BatchNorm2d(64, eps=1e-05, momentum=0.1, affine=True, track_running_stats=True)
      (shortcut): Sequential()
      (fc1): Conv2d(64, 4, kernel_size=(1, 1), stride=(1, 1))
      (fc2): Conv2d(4, 64, kernel_size=(1, 1), stride=(1, 1))
    )
  )
  (layer3): Sequential(
    (0): BasicBlock(
      (conv1): Conv2d(64, 64, kernel_size=(3, 3), stride=(1, 1), padding=(1, 1), bias=False)
      (bn1): BatchNorm2d(64, eps=1e-05, momentum=0.1, affine=True, track_running_stats=True)
      (conv2): Conv2d(64, 64, kernel_size=(3, 3), stride=(1, 1), padding=(1, 1), bias=False)
      (bn2): BatchNorm2d(64, eps=1e-05, momentum=0.1, affine=True, track_running_stats=True)
      (shortcut): Sequential()
      (fc1): Conv2d(64, 4, kernel_size=(1, 1), stride=(1, 1))
      (fc2): Conv2d(4, 64, kernel_size=(1, 1), stride=(1, 1))
    )
    (1): BasicBlock(
      (conv1): Conv2d(64, 64, kernel_size=(3, 3), stride=(1, 1), padding=(1, 1), bias=False)
      (bn1): BatchNorm2d(64, eps=1e-05, momentum=0.1, affine=True, track_running_stats=True)
      (conv2): Conv2d(64, 64, kernel_size=(3, 3), stride=(1, 1), padding=(1, 1), bias=False)
      (bn2): BatchNorm2d(64, eps=1e-05, momentum=0.1, affine=True, track_running_stats=True)
      (shortcut): Sequential()
      (fc1): Conv2d(64, 4, kernel_size=(1, 1), stride=(1, 1))
      (fc2): Conv2d(4, 64, kernel_size=(1, 1), stride=(1, 1))
    )
  )
  (layer4): Sequential(
    (0): BasicBlock(
      (conv1): Conv2d(64, 64, kernel_size=(3, 3), stride=(1, 1), padding=(1, 1), bias=False)
      (bn1): BatchNorm2d(64, eps=1e-05, momentum=0.1, affine=True, track_running_stats=True)
      (conv2): Conv2d(64, 64, kernel_size=(3, 3), stride=(1, 1), padding=(1, 1), bias=False)
      (bn2): BatchNorm2d(64, eps=1e-05, momentum=0.1, affine=True, track_running_stats=True)
      (shortcut): Sequential()
      (fc1): Conv2d(64, 4, kernel_size=(1, 1), stride=(1, 1))
      (fc2): Conv2d(4, 64, kernel_size=(1, 1), stride=(1, 1))
    )
    (1): BasicBlock(
      (conv1): Conv2d(64, 64, kernel_size=(3, 3), stride=(1, 1), padding=(1, 1), bias=False)
      (bn1): BatchNorm2d(64, eps=1e-05, momentum=0.1, affine=True, track_running_stats=True)
      (conv2): Conv2d(64, 64, kernel_size=(3, 3), stride=(1, 1), padding=(1, 1), bias=False)
      (bn2): BatchNorm2d(64, eps=1e-05, momentum=0.1, affine=True, track_running_stats=True)
      (shortcut): Sequential()
      (fc1): Conv2d(64, 4, kernel_size=(1, 1), stride=(1, 1))
      (fc2): Conv2d(4, 64, kernel_size=(1, 1), stride=(1, 1))
    )
  )
  (cnn): CNNnet(
    (conv1): Sequential(
      (0): Conv2d(64, 32, kernel_size=(3, 3), stride=(1, 1), padding=(1, 1))
      (1): BatchNorm2d(32, eps=1e-05, momentum=0.1, affine=True, track_running_stats=True)
      (2): ReLU()
    )
    (conv2): Sequential(
      (0): Conv2d(32, 16, kernel_size=(3, 3), stride=(1, 1), padding=(1, 1))
      (1): BatchNorm2d(16, eps=1e-05, momentum=0.1, affine=True, track_running_stats=True)
      (2): ReLU()
    )
    (conv3): Sequential(
      (0): Conv2d(16, 1, kernel_size=(3, 3), stride=(1, 1), padding=(1, 1))
      (1): BatchNorm2d(1, eps=1e-05, momentum=0.1, affine=True, track_running_stats=True)
      (2): ReLU()
    )
  )
)
Epoch  0, trian_loss: 0.0073, trian_mae: 0.0867, trian_mse:0.0146, trian_r2: -21.7548, trian_cc: 0.2658
Epoch  0, val_loss: 0.0064, val_mae: 0.0898, val_mse: 0.0127, val_r2: -22.7776, val_cc: 0.2343
Epoch  1, trian_loss: 0.0051, trian_mae: 0.0757, trian_mse:0.0103, trian_r2: -2963.7530, trian_cc: 0.0746
Epoch  1, val_loss: 0.0049, val_mae: 0.0743, val_mse: 0.0098, val_r2: -2748.6315, val_cc: 0.0960
Epoch  2, trian_loss: 0.0049, trian_mae: 0.0741, trian_mse:0.0099, trian_r2: -3162.7988, trian_cc: 0.0969
Epoch  2, val_loss: 0.0049, val_mae: 0.0742, val_mse: 0.0098, val_r2: -2039.0957, val_cc: 0.1022
Epoch  3, trian_loss: 0.0049, trian_mae: 0.0741, trian_mse:0.0099, trian_r2: -2395.2714, trian_cc: 0.1123
Epoch  3, val_loss: 0.0049, val_mae: 0.0742, val_mse: 0.0098, val_r2: -1398.1055, val_cc: 0.1214
Epoch  4, trian_loss: 0.0049, trian_mae: 0.0741, trian_mse:0.0099, trian_r2: -1644.2885, trian_cc: 0.1194
Epoch  4, val_loss: 0.0049, val_mae: 0.0742, val_mse: 0.0098, val_r2: -813.6521, val_cc: 0.1285
Epoch  5, trian_loss: 0.0049, trian_mae: 0.0741, trian_mse:0.0099, trian_r2: -1448.0970, trian_cc: 0.1195
Epoch  5, val_loss: 0.0049, val_mae: 0.0742, val_mse: 0.0097, val_r2: -812.1204, val_cc: 0.1341
Epoch  6, trian_loss: 0.0050, trian_mae: 0.0744, trian_mse:0.0099, trian_r2: -1715.2758, trian_cc: 0.0986
Epoch  6, val_loss: 0.0049, val_mae: 0.0741, val_mse: 0.0098, val_r2: -1378.1493, val_cc: 0.0983
Epoch  7, trian_loss: 0.0049, trian_mae: 0.0740, trian_mse:0.0098, trian_r2: -999.9334, trian_cc: 0.1131
Epoch  7, val_loss: 0.0049, val_mae: 0.0740, val_mse: 0.0097, val_r2: -859.8862, val_cc: 0.1187
Epoch  8, trian_loss: 0.0049, trian_mae: 0.0739, trian_mse:0.0098, trian_r2: -851.4718, trian_cc: 0.1198
Epoch  8, val_loss: 0.0049, val_mae: 0.0739, val_mse: 0.0097, val_r2: -638.0791, val_cc: 0.1229
Epoch  9, trian_loss: 0.0049, trian_mae: 0.0735, trian_mse:0.0097, trian_r2: -359.2274, trian_cc: 0.1438
Epoch  9, val_loss: 0.0048, val_mae: 0.0733, val_mse: 0.0096, val_r2: -216.5138, val_cc: 0.1605
Epoch 10, trian_loss: 0.0048, trian_mae: 0.0730, trian_mse:0.0096, trian_r2: -185.7704, trian_cc: 0.1691
Epoch 10, val_loss: 0.0047, val_mae: 0.0730, val_mse: 0.0095, val_r2: -150.1088, val_cc: 0.1781
Epoch 11, trian_loss: 0.0048, trian_mae: 0.0726, trian_mse:0.0096, trian_r2: -145.0670, trian_cc: 0.1854
Epoch 11, val_loss: 0.0048, val_mae: 0.0735, val_mse: 0.0096, val_r2: -174.8354, val_cc: 0.1809
Epoch 12, trian_loss: 0.0048, trian_mae: 0.0725, trian_mse:0.0096, trian_r2: -142.8333, trian_cc: 0.1906
Epoch 12, val_loss: 0.0047, val_mae: 0.0712, val_mse: 0.0093, val_r2: -127.9995, val_cc: 0.1603
Epoch 13, trian_loss: 0.0046, trian_mae: 0.0709, trian_mse:0.0092, trian_r2: -124.1960, trian_cc: 0.2100
Epoch 13, val_loss: 0.0044, val_mae: 0.0687, val_mse: 0.0088, val_r2: -81.8052, val_cc: 0.2449
Epoch 14, trian_loss: 0.0044, trian_mae: 0.0694, trian_mse:0.0088, trian_r2: -102.9109, trian_cc: 0.2453
Epoch 14, val_loss: 0.0044, val_mae: 0.0705, val_mse: 0.0089, val_r2: -74.1746, val_cc: 0.2412
Epoch 15, trian_loss: 0.0044, trian_mae: 0.0692, trian_mse:0.0088, trian_r2: -114.0415, trian_cc: 0.2490
Epoch 15, val_loss: 0.0044, val_mae: 0.0701, val_mse: 0.0087, val_r2: -102.8912, val_cc: 0.2428
Epoch 16, trian_loss: 0.0043, trian_mae: 0.0686, trian_mse:0.0087, trian_r2: -108.0163, trian_cc: 0.2667
Epoch 16, val_loss: 0.0043, val_mae: 0.0672, val_mse: 0.0086, val_r2: -61.8917, val_cc: 0.2910
Epoch 17, trian_loss: 0.0042, trian_mae: 0.0668, trian_mse:0.0083, trian_r2: -71.0028, trian_cc: 0.3775
Epoch 17, val_loss: 0.0039, val_mae: 0.0638, val_mse: 0.0078, val_r2: -60.9160, val_cc: 0.4419
Epoch 18, trian_loss: 0.0043, trian_mae: 0.0686, trian_mse:0.0086, trian_r2: -94.6389, trian_cc: 0.3278
Epoch 18, val_loss: 0.0039, val_mae: 0.0625, val_mse: 0.0078, val_r2: -41.0583, val_cc: 0.4716
Epoch 19, trian_loss: 0.0041, trian_mae: 0.0660, trian_mse:0.0082, trian_r2: -54.1819, trian_cc: 0.4047
Epoch 19, val_loss: 0.0039, val_mae: 0.0632, val_mse: 0.0077, val_r2: -8.4435, val_cc: 0.5275
Epoch 20, trian_loss: 0.0039, trian_mae: 0.0638, trian_mse:0.0077, trian_r2: -27.4038, trian_cc: 0.5023
Epoch 20, val_loss: 0.0037, val_mae: 0.0626, val_mse: 0.0073, val_r2: -22.4389, val_cc: 0.5271
Epoch 21, trian_loss: 0.0038, trian_mae: 0.0622, trian_mse:0.0075, trian_r2: -11.7386, trian_cc: 0.5433
Epoch 21, val_loss: 0.0035, val_mae: 0.0587, val_mse: 0.0070, val_r2: -6.5601, val_cc: 0.5680
Epoch 22, trian_loss: 0.0036, trian_mae: 0.0607, trian_mse:0.0072, trian_r2: -8.5619, trian_cc: 0.5593
Epoch 22, val_loss: 0.0035, val_mae: 0.0601, val_mse: 0.0071, val_r2: -6.2493, val_cc: 0.5700
Epoch 23, trian_loss: 0.0035, trian_mae: 0.0602, trian_mse:0.0071, trian_r2: -6.1184, trian_cc: 0.5697
Epoch 23, val_loss: 0.0039, val_mae: 0.0632, val_mse: 0.0078, val_r2: -12.7872, val_cc: 0.5359
Epoch 24, trian_loss: 0.0036, trian_mae: 0.0606, trian_mse:0.0071, trian_r2: -7.8334, trian_cc: 0.5660
Epoch 24, val_loss: 0.0038, val_mae: 0.0647, val_mse: 0.0075, val_r2: -42.0637, val_cc: 0.4817
Epoch 25, trian_loss: 0.0035, trian_mae: 0.0599, trian_mse:0.0070, trian_r2: -6.4279, trian_cc: 0.5736
Epoch 25, val_loss: 0.0035, val_mae: 0.0599, val_mse: 0.0070, val_r2: -5.7849, val_cc: 0.5581
Epoch 26, trian_loss: 0.0035, trian_mae: 0.0594, trian_mse:0.0069, trian_r2: -4.5191, trian_cc: 0.5810
Epoch 26, val_loss: 0.0036, val_mae: 0.0613, val_mse: 0.0071, val_r2: -6.9965, val_cc: 0.5654
Epoch 27, trian_loss: 0.0035, trian_mae: 0.0593, trian_mse:0.0069, trian_r2: -9.4394, trian_cc: 0.5712
Epoch 27, val_loss: 0.0032, val_mae: 0.0570, val_mse: 0.0065, val_r2: -4.0818, val_cc: 0.6045
Epoch 28, trian_loss: 0.0033, trian_mae: 0.0577, trian_mse:0.0067, trian_r2: -4.6477, trian_cc: 0.5979
Epoch 28, val_loss: 0.0033, val_mae: 0.0573, val_mse: 0.0066, val_r2: -5.0519, val_cc: 0.6046
Epoch 29, trian_loss: 0.0032, trian_mae: 0.0566, trian_mse:0.0065, trian_r2: -2.6276, trian_cc: 0.6124
Epoch 29, val_loss: 0.0032, val_mae: 0.0550, val_mse: 0.0064, val_r2: -5.2851, val_cc: 0.6140
Epoch 30, trian_loss: 0.0032, trian_mae: 0.0563, trian_mse:0.0064, trian_r2: -3.3335, trian_cc: 0.6187
Epoch 30, val_loss: 0.0031, val_mae: 0.0553, val_mse: 0.0063, val_r2: -2.9843, val_cc: 0.6176
Epoch 31, trian_loss: 0.0032, trian_mae: 0.0564, trian_mse:0.0065, trian_r2: -2.9027, trian_cc: 0.6182
Epoch 31, val_loss: 0.0031, val_mae: 0.0547, val_mse: 0.0062, val_r2: -3.3889, val_cc: 0.6263
Epoch 32, trian_loss: 0.0031, trian_mae: 0.0551, trian_mse:0.0063, trian_r2: -1.9843, trian_cc: 0.6312
Epoch 32, val_loss: 0.0031, val_mae: 0.0539, val_mse: 0.0062, val_r2: -2.2816, val_cc: 0.6290
Epoch 33, trian_loss: 0.0031, trian_mae: 0.0550, trian_mse:0.0063, trian_r2: -2.3323, trian_cc: 0.6325
Epoch 33, val_loss: 0.0032, val_mae: 0.0547, val_mse: 0.0064, val_r2: -4.0545, val_cc: 0.6223
Epoch 34, trian_loss: 0.0031, trian_mae: 0.0543, trian_mse:0.0062, trian_r2: -2.0709, trian_cc: 0.6412
Epoch 34, val_loss: 0.0030, val_mae: 0.0528, val_mse: 0.0061, val_r2: -3.2561, val_cc: 0.6478
Epoch 35, trian_loss: 0.0031, trian_mae: 0.0545, trian_mse:0.0062, trian_r2: -3.1393, trian_cc: 0.6399
Epoch 35, val_loss: 0.0031, val_mae: 0.0541, val_mse: 0.0062, val_r2: -4.7194, val_cc: 0.6452
Epoch 36, trian_loss: 0.0031, trian_mae: 0.0539, trian_mse:0.0061, trian_r2: -1.9887, trian_cc: 0.6492
Epoch 36, val_loss: 0.0030, val_mae: 0.0528, val_mse: 0.0060, val_r2: -2.9044, val_cc: 0.6524
Epoch 37, trian_loss: 0.0030, trian_mae: 0.0536, trian_mse:0.0061, trian_r2: -2.3676, trian_cc: 0.6471
Epoch 37, val_loss: 0.0030, val_mae: 0.0527, val_mse: 0.0060, val_r2: -3.1085, val_cc: 0.6474
Epoch 38, trian_loss: 0.0030, trian_mae: 0.0532, trian_mse:0.0060, trian_r2: -2.8404, trian_cc: 0.6492
Epoch 38, val_loss: 0.0030, val_mae: 0.0518, val_mse: 0.0059, val_r2: -2.5414, val_cc: 0.6603
Epoch 39, trian_loss: 0.0030, trian_mae: 0.0532, trian_mse:0.0060, trian_r2: -2.5754, trian_cc: 0.6542
Epoch 39, val_loss: 0.0030, val_mae: 0.0519, val_mse: 0.0060, val_r2: -2.7806, val_cc: 0.6597
Epoch 40, trian_loss: 0.0030, trian_mae: 0.0532, trian_mse:0.0060, trian_r2: -2.1414, trian_cc: 0.6547
Epoch 40, val_loss: 0.0030, val_mae: 0.0518, val_mse: 0.0059, val_r2: -2.4631, val_cc: 0.6594
Epoch 41, trian_loss: 0.0030, trian_mae: 0.0524, trian_mse:0.0059, trian_r2: -1.6904, trian_cc: 0.6616
Epoch 41, val_loss: 0.0031, val_mae: 0.0536, val_mse: 0.0062, val_r2: -3.4460, val_cc: 0.6526
Epoch 42, trian_loss: 0.0029, trian_mae: 0.0525, trian_mse:0.0059, trian_r2: -1.7674, trian_cc: 0.6596
Epoch 42, val_loss: 0.0030, val_mae: 0.0525, val_mse: 0.0060, val_r2: -3.0559, val_cc: 0.6585
Epoch 43, trian_loss: 0.0030, trian_mae: 0.0527, trian_mse:0.0060, trian_r2: -1.6912, trian_cc: 0.6597
Epoch 43, val_loss: 0.0030, val_mae: 0.0517, val_mse: 0.0059, val_r2: -2.6518, val_cc: 0.6606
Epoch 44, trian_loss: 0.0029, trian_mae: 0.0523, trian_mse:0.0059, trian_r2: -1.7606, trian_cc: 0.6628
Epoch 44, val_loss: 0.0030, val_mae: 0.0519, val_mse: 0.0060, val_r2: -2.6988, val_cc: 0.6571
Epoch 45, trian_loss: 0.0029, trian_mae: 0.0521, trian_mse:0.0059, trian_r2: -2.0951, trian_cc: 0.6593
Epoch 45, val_loss: 0.0030, val_mae: 0.0533, val_mse: 0.0061, val_r2: -3.7186, val_cc: 0.6579
Epoch 46, trian_loss: 0.0029, trian_mae: 0.0522, trian_mse:0.0059, trian_r2: -2.8003, trian_cc: 0.6650
Epoch 46, val_loss: 0.0030, val_mae: 0.0513, val_mse: 0.0059, val_r2: -2.3479, val_cc: 0.6650
Epoch 47, trian_loss: 0.0029, trian_mae: 0.0516, trian_mse:0.0058, trian_r2: -1.6635, trian_cc: 0.6684
Epoch 47, val_loss: 0.0036, val_mae: 0.0606, val_mse: 0.0072, val_r2: -46.3550, val_cc: 0.5235
Epoch 48, trian_loss: 0.0029, trian_mae: 0.0517, trian_mse:0.0058, trian_r2: -1.8424, trian_cc: 0.6687
Epoch 48, val_loss: 0.0029, val_mae: 0.0506, val_mse: 0.0059, val_r2: -2.1958, val_cc: 0.6737
Epoch 49, trian_loss: 0.0029, trian_mae: 0.0514, trian_mse:0.0057, trian_r2: -1.4182, trian_cc: 0.6703
Epoch 49, val_loss: 0.0033, val_mae: 0.0531, val_mse: 0.0066, val_r2: -2.1726, val_cc: 0.6169
Epoch 50, trian_loss: 0.0029, trian_mae: 0.0513, trian_mse:0.0057, trian_r2: -1.2996, trian_cc: 0.6744
Epoch 50, val_loss: 0.0029, val_mae: 0.0509, val_mse: 0.0058, val_r2: -2.2597, val_cc: 0.6707
Epoch 51, trian_loss: 0.0028, trian_mae: 0.0510, trian_mse:0.0057, trian_r2: -1.5157, trian_cc: 0.6743
Epoch 51, val_loss: 0.0031, val_mae: 0.0531, val_mse: 0.0062, val_r2: -10.8103, val_cc: 0.6269
Epoch 52, trian_loss: 0.0028, trian_mae: 0.0510, trian_mse:0.0057, trian_r2: -1.1602, trian_cc: 0.6759
Epoch 52, val_loss: 0.0029, val_mae: 0.0512, val_mse: 0.0058, val_r2: -2.4032, val_cc: 0.6758
Epoch 53, trian_loss: 0.0028, trian_mae: 0.0511, trian_mse:0.0056, trian_r2: -1.6106, trian_cc: 0.6752
Epoch 53, val_loss: 0.0030, val_mae: 0.0529, val_mse: 0.0061, val_r2: -3.5890, val_cc: 0.6582
Epoch 54, trian_loss: 0.0028, trian_mae: 0.0512, trian_mse:0.0056, trian_r2: -1.3980, trian_cc: 0.6727
Epoch 54, val_loss: 0.0030, val_mae: 0.0526, val_mse: 0.0060, val_r2: -3.7406, val_cc: 0.6579
Epoch 55, trian_loss: 0.0028, trian_mae: 0.0508, trian_mse:0.0056, trian_r2: -1.1178, trian_cc: 0.6771
Epoch 55, val_loss: 0.0030, val_mae: 0.0513, val_mse: 0.0059, val_r2: -3.0732, val_cc: 0.6681
Epoch 56, trian_loss: 0.0028, trian_mae: 0.0508, trian_mse:0.0055, trian_r2: -1.4793, trian_cc: 0.6735
Epoch 56, val_loss: 0.0029, val_mae: 0.0511, val_mse: 0.0058, val_r2: -2.9564, val_cc: 0.6722
Epoch 57, trian_loss: 0.0028, trian_mae: 0.0510, trian_mse:0.0056, trian_r2: -2.3364, trian_cc: 0.6667
Epoch 57, val_loss: 0.0030, val_mae: 0.0511, val_mse: 0.0060, val_r2: -7.6368, val_cc: 0.6482
Epoch 58, trian_loss: 0.0028, trian_mae: 0.0513, trian_mse:0.0057, trian_r2: -1.4139, trian_cc: 0.6741
Epoch 58, val_loss: 0.0031, val_mae: 0.0535, val_mse: 0.0063, val_r2: -3.7131, val_cc: 0.6517
Epoch 59, trian_loss: 0.0028, trian_mae: 0.0512, trian_mse:0.0056, trian_r2: -1.7072, trian_cc: 0.6709
Epoch 59, val_loss: 0.0028, val_mae: 0.0500, val_mse: 0.0056, val_r2: -4.5700, val_cc: 0.6716
Epoch 60, trian_loss: 0.0027, trian_mae: 0.0502, trian_mse:0.0054, trian_r2: -1.2225, trian_cc: 0.6792
Epoch 60, val_loss: 0.0030, val_mae: 0.0555, val_mse: 0.0061, val_r2: -3.2690, val_cc: 0.6680
Epoch 61, trian_loss: 0.0027, trian_mae: 0.0502, trian_mse:0.0054, trian_r2: -1.0739, trian_cc: 0.6811
Epoch 61, val_loss: 0.0028, val_mae: 0.0500, val_mse: 0.0056, val_r2: -2.4612, val_cc: 0.6800
Epoch 62, trian_loss: 0.0027, trian_mae: 0.0497, trian_mse:0.0053, trian_r2: -0.9452, trian_cc: 0.6831
Epoch 62, val_loss: 0.0029, val_mae: 0.0508, val_mse: 0.0057, val_r2: -2.4841, val_cc: 0.6772
Epoch 63, trian_loss: 0.0027, trian_mae: 0.0506, trian_mse:0.0055, trian_r2: -1.4890, trian_cc: 0.6763
Epoch 63, val_loss: 0.0028, val_mae: 0.0502, val_mse: 0.0057, val_r2: -2.8115, val_cc: 0.6803
Epoch 64, trian_loss: 0.0028, trian_mae: 0.0509, trian_mse:0.0055, trian_r2: -2.9195, trian_cc: 0.6641
Epoch 64, val_loss: 0.0028, val_mae: 0.0502, val_mse: 0.0057, val_r2: -2.5145, val_cc: 0.6780
Epoch 65, trian_loss: 0.0027, trian_mae: 0.0499, trian_mse:0.0053, trian_r2: -1.0290, trian_cc: 0.6804
Epoch 65, val_loss: 0.0029, val_mae: 0.0512, val_mse: 0.0058, val_r2: -2.8651, val_cc: 0.6772
Epoch 66, trian_loss: 0.0026, trian_mae: 0.0495, trian_mse:0.0052, trian_r2: -0.9217, trian_cc: 0.6854
Epoch 66, val_loss: 0.0029, val_mae: 0.0508, val_mse: 0.0057, val_r2: -2.7361, val_cc: 0.6778
Epoch 67, trian_loss: 0.0026, trian_mae: 0.0494, trian_mse:0.0052, trian_r2: -1.2906, trian_cc: 0.6800
Epoch 67, val_loss: 0.0028, val_mae: 0.0494, val_mse: 0.0055, val_r2: -1.9380, val_cc: 0.6881
Epoch 68, trian_loss: 0.0026, trian_mae: 0.0490, trian_mse:0.0052, trian_r2: -0.8041, trian_cc: 0.6874
Epoch 68, val_loss: 0.0028, val_mae: 0.0501, val_mse: 0.0056, val_r2: -2.5237, val_cc: 0.6876
Epoch 69, trian_loss: 0.0025, trian_mae: 0.0487, trian_mse:0.0051, trian_r2: -0.8236, trian_cc: 0.6886
Epoch 69, val_loss: 0.0028, val_mae: 0.0498, val_mse: 0.0055, val_r2: -2.2318, val_cc: 0.6841
Epoch 70, trian_loss: 0.0026, trian_mae: 0.0492, trian_mse:0.0052, trian_r2: -1.1013, trian_cc: 0.6872
Epoch 70, val_loss: 0.0028, val_mae: 0.0501, val_mse: 0.0056, val_r2: -1.5434, val_cc: 0.6854
Epoch 71, trian_loss: 0.0025, trian_mae: 0.0486, trian_mse:0.0050, trian_r2: -0.7758, trian_cc: 0.6883
Epoch 71, val_loss: 0.0029, val_mae: 0.0518, val_mse: 0.0058, val_r2: -2.6195, val_cc: 0.6724
Epoch 72, trian_loss: 0.0026, trian_mae: 0.0491, trian_mse:0.0052, trian_r2: -0.8982, trian_cc: 0.6868
Epoch 72, val_loss: 0.0028, val_mae: 0.0505, val_mse: 0.0056, val_r2: -1.9953, val_cc: 0.6879
Epoch 73, trian_loss: 0.0025, trian_mae: 0.0487, trian_mse:0.0051, trian_r2: -0.8394, trian_cc: 0.6879
Epoch 73, val_loss: 0.0028, val_mae: 0.0507, val_mse: 0.0056, val_r2: -2.0250, val_cc: 0.6879
Epoch 74, trian_loss: 0.0025, trian_mae: 0.0490, trian_mse:0.0051, trian_r2: -1.7481, trian_cc: 0.6828
Epoch 74, val_loss: 0.0028, val_mae: 0.0504, val_mse: 0.0056, val_r2: -2.2438, val_cc: 0.6860
Epoch 75, trian_loss: 0.0026, trian_mae: 0.0490, trian_mse:0.0051, trian_r2: -0.8571, trian_cc: 0.6866
Epoch 75, val_loss: 0.0029, val_mae: 0.0503, val_mse: 0.0057, val_r2: -1.7973, val_cc: 0.6876
Epoch 76, trian_loss: 0.0025, trian_mae: 0.0484, trian_mse:0.0049, trian_r2: -0.8171, trian_cc: 0.6883
Epoch 76, val_loss: 0.0029, val_mae: 0.0504, val_mse: 0.0059, val_r2: -2.0766, val_cc: 0.6859
Epoch 77, trian_loss: 0.0025, trian_mae: 0.0485, trian_mse:0.0049, trian_r2: -0.9054, trian_cc: 0.6871
Epoch 77, val_loss: 0.0028, val_mae: 0.0500, val_mse: 0.0056, val_r2: -1.8696, val_cc: 0.6891
Epoch 78, trian_loss: 0.0024, trian_mae: 0.0481, trian_mse:0.0049, trian_r2: -0.7604, trian_cc: 0.6911
Epoch 78, val_loss: 0.0029, val_mae: 0.0505, val_mse: 0.0058, val_r2: -2.2445, val_cc: 0.6884
Epoch 79, trian_loss: 0.0025, trian_mae: 0.0480, trian_mse:0.0049, trian_r2: -0.7440, trian_cc: 0.6921
Epoch 79, val_loss: 0.0028, val_mae: 0.0503, val_mse: 0.0057, val_r2: -1.9191, val_cc: 0.6894
Epoch 80, trian_loss: 0.0025, trian_mae: 0.0483, trian_mse:0.0049, trian_r2: -0.8401, trian_cc: 0.6910
Epoch 80, val_loss: 0.0027, val_mae: 0.0496, val_mse: 0.0054, val_r2: -1.8759, val_cc: 0.6891
Epoch 81, trian_loss: 0.0026, trian_mae: 0.0490, trian_mse:0.0051, trian_r2: -3.8257, trian_cc: 0.6751
Epoch 81, val_loss: 0.0029, val_mae: 0.0503, val_mse: 0.0058, val_r2: -1.6755, val_cc: 0.6917
Epoch 82, trian_loss: 0.0024, trian_mae: 0.0477, trian_mse:0.0048, trian_r2: -0.9373, trian_cc: 0.6903
Epoch 82, val_loss: 0.0029, val_mae: 0.0509, val_mse: 0.0058, val_r2: -1.4202, val_cc: 0.6916
Epoch 83, trian_loss: 0.0024, trian_mae: 0.0477, trian_mse:0.0048, trian_r2: -0.7900, trian_cc: 0.6945
Epoch 83, val_loss: 0.0028, val_mae: 0.0500, val_mse: 0.0056, val_r2: -2.1138, val_cc: 0.6953
Epoch 84, trian_loss: 0.0025, trian_mae: 0.0484, trian_mse:0.0050, trian_r2: -1.0369, trian_cc: 0.6900
Epoch 84, val_loss: 0.0029, val_mae: 0.0508, val_mse: 0.0058, val_r2: -1.5798, val_cc: 0.6954
Epoch 85, trian_loss: 0.0024, trian_mae: 0.0473, trian_mse:0.0047, trian_r2: -0.6976, trian_cc: 0.6964
Epoch 85, val_loss: 0.0029, val_mae: 0.0505, val_mse: 0.0058, val_r2: -1.7725, val_cc: 0.6940
Epoch 86, trian_loss: 0.0024, trian_mae: 0.0481, trian_mse:0.0049, trian_r2: -2.7122, trian_cc: 0.6867
Epoch 86, val_loss: 0.0029, val_mae: 0.0512, val_mse: 0.0058, val_r2: -1.5591, val_cc: 0.6914
Epoch 87, trian_loss: 0.0024, trian_mae: 0.0475, trian_mse:0.0048, trian_r2: -0.6941, trian_cc: 0.6964
Epoch 87, val_loss: 0.0027, val_mae: 0.0493, val_mse: 0.0055, val_r2: -1.6613, val_cc: 0.6902
Epoch 88, trian_loss: 0.0023, trian_mae: 0.0471, trian_mse:0.0047, trian_r2: -0.6047, trian_cc: 0.6970
Epoch 88, val_loss: 0.0028, val_mae: 0.0498, val_mse: 0.0055, val_r2: -1.7509, val_cc: 0.6905
Epoch 89, trian_loss: 0.0024, trian_mae: 0.0478, trian_mse:0.0048, trian_r2: -1.2938, trian_cc: 0.6887
Epoch 89, val_loss: 0.0030, val_mae: 0.0506, val_mse: 0.0059, val_r2: -1.6663, val_cc: 0.6936
Epoch 90, trian_loss: 0.0023, trian_mae: 0.0471, trian_mse:0.0047, trian_r2: -1.1400, trian_cc: 0.6954
Epoch 90, val_loss: 0.0030, val_mae: 0.0509, val_mse: 0.0061, val_r2: -1.6267, val_cc: 0.6949
Epoch 91, trian_loss: 0.0023, trian_mae: 0.0466, trian_mse:0.0046, trian_r2: -0.5969, trian_cc: 0.7004
Epoch 91, val_loss: 0.0028, val_mae: 0.0495, val_mse: 0.0055, val_r2: -1.8209, val_cc: 0.6938
Epoch 92, trian_loss: 0.0023, trian_mae: 0.0463, trian_mse:0.0045, trian_r2: -0.5825, trian_cc: 0.7007
Epoch 92, val_loss: 0.0030, val_mae: 0.0508, val_mse: 0.0061, val_r2: -2.0348, val_cc: 0.6911
Epoch 93, trian_loss: 0.0023, trian_mae: 0.0467, trian_mse:0.0046, trian_r2: -0.6188, trian_cc: 0.6997
Epoch 93, val_loss: 0.0031, val_mae: 0.0526, val_mse: 0.0063, val_r2: -9.4233, val_cc: 0.6477
Epoch 94, trian_loss: 0.0023, trian_mae: 0.0470, trian_mse:0.0046, trian_r2: -0.7164, trian_cc: 0.6990
Epoch 94, val_loss: 0.0030, val_mae: 0.0504, val_mse: 0.0060, val_r2: -1.8090, val_cc: 0.6933
Epoch 95, trian_loss: 0.0024, trian_mae: 0.0472, trian_mse:0.0048, trian_r2: -1.9168, trian_cc: 0.6898
Epoch 95, val_loss: 0.0029, val_mae: 0.0500, val_mse: 0.0059, val_r2: -1.3791, val_cc: 0.7001
Epoch 96, trian_loss: 0.0023, trian_mae: 0.0463, trian_mse:0.0046, trian_r2: -0.5719, trian_cc: 0.7036
Epoch 96, val_loss: 0.0029, val_mae: 0.0496, val_mse: 0.0057, val_r2: -1.3452, val_cc: 0.6957
Epoch 97, trian_loss: 0.0022, trian_mae: 0.0463, trian_mse:0.0045, trian_r2: -0.7047, trian_cc: 0.7008
Epoch 97, val_loss: 0.0030, val_mae: 0.0506, val_mse: 0.0060, val_r2: -2.0321, val_cc: 0.6916
Epoch 98, trian_loss: 0.0023, trian_mae: 0.0471, trian_mse:0.0046, trian_r2: -0.7185, trian_cc: 0.6980
Epoch 98, val_loss: 0.0030, val_mae: 0.0500, val_mse: 0.0060, val_r2: -1.9801, val_cc: 0.6989
Epoch 99, trian_loss: 0.0023, trian_mae: 0.0471, trian_mse:0.0047, trian_r2: -1.1563, trian_cc: 0.6972
Epoch 99, val_loss: 0.0029, val_mae: 0.0493, val_mse: 0.0058, val_r2: -1.5493, val_cc: 0.6980
