Trian Data: 515   Validation Data: 172  Test Data: 172
model ResNet_2D(
  (conv1): Sequential(
    (0): Conv2d(61, 64, kernel_size=(3, 3), stride=(1, 1), padding=(1, 1), bias=False)
    (1): BatchNorm2d(64, eps=1e-05, momentum=0.1, affine=True, track_running_stats=True)
  )
  (layer1): Sequential(
    (0): BasicBlock(
      (conv1): Conv2d(64, 64, kernel_size=(3, 3), stride=(1, 1), padding=(1, 1), bias=False)
      (bn1): BatchNorm2d(64, eps=1e-05, momentum=0.1, affine=True, track_running_stats=True)
      (conv2): Conv2d(64, 64, kernel_size=(3, 3), stride=(1, 1), padding=(1, 1), bias=False)
      (bn2): BatchNorm2d(64, eps=1e-05, momentum=0.1, affine=True, track_running_stats=True)
      (shortcut): Sequential()
    )
    (1): BasicBlock(
      (conv1): Conv2d(64, 64, kernel_size=(3, 3), stride=(1, 1), padding=(1, 1), bias=False)
      (bn1): BatchNorm2d(64, eps=1e-05, momentum=0.1, affine=True, track_running_stats=True)
      (conv2): Conv2d(64, 64, kernel_size=(3, 3), stride=(1, 1), padding=(1, 1), bias=False)
      (bn2): BatchNorm2d(64, eps=1e-05, momentum=0.1, affine=True, track_running_stats=True)
      (shortcut): Sequential()
    )
    (2): BasicBlock(
      (conv1): Conv2d(64, 64, kernel_size=(3, 3), stride=(1, 1), padding=(1, 1), bias=False)
      (bn1): BatchNorm2d(64, eps=1e-05, momentum=0.1, affine=True, track_running_stats=True)
      (conv2): Conv2d(64, 64, kernel_size=(3, 3), stride=(1, 1), padding=(1, 1), bias=False)
      (bn2): BatchNorm2d(64, eps=1e-05, momentum=0.1, affine=True, track_running_stats=True)
      (shortcut): Sequential()
    )
  )
  (layer2): Sequential(
    (0): BasicBlock(
      (conv1): Conv2d(64, 64, kernel_size=(3, 3), stride=(1, 1), padding=(1, 1), bias=False)
      (bn1): BatchNorm2d(64, eps=1e-05, momentum=0.1, affine=True, track_running_stats=True)
      (conv2): Conv2d(64, 64, kernel_size=(3, 3), stride=(1, 1), padding=(1, 1), bias=False)
      (bn2): BatchNorm2d(64, eps=1e-05, momentum=0.1, affine=True, track_running_stats=True)
      (shortcut): Sequential()
    )
    (1): BasicBlock(
      (conv1): Conv2d(64, 64, kernel_size=(3, 3), stride=(1, 1), padding=(1, 1), bias=False)
      (bn1): BatchNorm2d(64, eps=1e-05, momentum=0.1, affine=True, track_running_stats=True)
      (conv2): Conv2d(64, 64, kernel_size=(3, 3), stride=(1, 1), padding=(1, 1), bias=False)
      (bn2): BatchNorm2d(64, eps=1e-05, momentum=0.1, affine=True, track_running_stats=True)
      (shortcut): Sequential()
    )
    (2): BasicBlock(
      (conv1): Conv2d(64, 64, kernel_size=(3, 3), stride=(1, 1), padding=(1, 1), bias=False)
      (bn1): BatchNorm2d(64, eps=1e-05, momentum=0.1, affine=True, track_running_stats=True)
      (conv2): Conv2d(64, 64, kernel_size=(3, 3), stride=(1, 1), padding=(1, 1), bias=False)
      (bn2): BatchNorm2d(64, eps=1e-05, momentum=0.1, affine=True, track_running_stats=True)
      (shortcut): Sequential()
    )
  )
  (layer3): Sequential(
    (0): BasicBlock(
      (conv1): Conv2d(64, 64, kernel_size=(3, 3), stride=(1, 1), padding=(1, 1), bias=False)
      (bn1): BatchNorm2d(64, eps=1e-05, momentum=0.1, affine=True, track_running_stats=True)
      (conv2): Conv2d(64, 64, kernel_size=(3, 3), stride=(1, 1), padding=(1, 1), bias=False)
      (bn2): BatchNorm2d(64, eps=1e-05, momentum=0.1, affine=True, track_running_stats=True)
      (shortcut): Sequential()
    )
    (1): BasicBlock(
      (conv1): Conv2d(64, 64, kernel_size=(3, 3), stride=(1, 1), padding=(1, 1), bias=False)
      (bn1): BatchNorm2d(64, eps=1e-05, momentum=0.1, affine=True, track_running_stats=True)
      (conv2): Conv2d(64, 64, kernel_size=(3, 3), stride=(1, 1), padding=(1, 1), bias=False)
      (bn2): BatchNorm2d(64, eps=1e-05, momentum=0.1, affine=True, track_running_stats=True)
      (shortcut): Sequential()
    )
    (2): BasicBlock(
      (conv1): Conv2d(64, 64, kernel_size=(3, 3), stride=(1, 1), padding=(1, 1), bias=False)
      (bn1): BatchNorm2d(64, eps=1e-05, momentum=0.1, affine=True, track_running_stats=True)
      (conv2): Conv2d(64, 64, kernel_size=(3, 3), stride=(1, 1), padding=(1, 1), bias=False)
      (bn2): BatchNorm2d(64, eps=1e-05, momentum=0.1, affine=True, track_running_stats=True)
      (shortcut): Sequential()
    )
  )
  (layer4): Sequential(
    (0): BasicBlock(
      (conv1): Conv2d(64, 64, kernel_size=(3, 3), stride=(1, 1), padding=(1, 1), bias=False)
      (bn1): BatchNorm2d(64, eps=1e-05, momentum=0.1, affine=True, track_running_stats=True)
      (conv2): Conv2d(64, 64, kernel_size=(3, 3), stride=(1, 1), padding=(1, 1), bias=False)
      (bn2): BatchNorm2d(64, eps=1e-05, momentum=0.1, affine=True, track_running_stats=True)
      (shortcut): Sequential()
    )
    (1): BasicBlock(
      (conv1): Conv2d(64, 64, kernel_size=(3, 3), stride=(1, 1), padding=(1, 1), bias=False)
      (bn1): BatchNorm2d(64, eps=1e-05, momentum=0.1, affine=True, track_running_stats=True)
      (conv2): Conv2d(64, 64, kernel_size=(3, 3), stride=(1, 1), padding=(1, 1), bias=False)
      (bn2): BatchNorm2d(64, eps=1e-05, momentum=0.1, affine=True, track_running_stats=True)
      (shortcut): Sequential()
    )
    (2): BasicBlock(
      (conv1): Conv2d(64, 64, kernel_size=(3, 3), stride=(1, 1), padding=(1, 1), bias=False)
      (bn1): BatchNorm2d(64, eps=1e-05, momentum=0.1, affine=True, track_running_stats=True)
      (conv2): Conv2d(64, 64, kernel_size=(3, 3), stride=(1, 1), padding=(1, 1), bias=False)
      (bn2): BatchNorm2d(64, eps=1e-05, momentum=0.1, affine=True, track_running_stats=True)
      (shortcut): Sequential()
    )
    (3): BasicBlock(
      (conv1): Conv2d(64, 64, kernel_size=(3, 3), stride=(1, 1), padding=(1, 1), bias=False)
      (bn1): BatchNorm2d(64, eps=1e-05, momentum=0.1, affine=True, track_running_stats=True)
      (conv2): Conv2d(64, 64, kernel_size=(3, 3), stride=(1, 1), padding=(1, 1), bias=False)
      (bn2): BatchNorm2d(64, eps=1e-05, momentum=0.1, affine=True, track_running_stats=True)
      (shortcut): Sequential()
    )
  )
  (conv2): Sequential(
    (0): Conv2d(64, 32, kernel_size=(3, 3), stride=(1, 1), padding=(1, 1))
    (1): BatchNorm2d(32, eps=1e-05, momentum=0.1, affine=True, track_running_stats=True)
  )
  (conv3): Sequential(
    (0): Conv2d(32, 16, kernel_size=(3, 3), stride=(1, 1), padding=(1, 1))
    (1): BatchNorm2d(16, eps=1e-05, momentum=0.1, affine=True, track_running_stats=True)
  )
  (conv4): Sequential(
    (0): Conv2d(16, 1, kernel_size=(3, 3), stride=(1, 1), padding=(1, 1))
    (1): BatchNorm2d(1, eps=1e-05, momentum=0.1, affine=True, track_running_stats=True)
  )
)
Epoch  0, trian_loss: 0.0133, trian_mae: 0.1070, trian_mse:0.0271, trian_r2: -1.2698, trian_cc: 0.2912
Epoch  0, val_loss: 0.0079, val_mae: 0.1025, val_mse: 0.0158, val_r2: -inf, val_cc: nan
Epoch  1, trian_loss: 0.0050, trian_mae: 0.0750, trian_mse:0.0101, trian_r2: -220.7047, trian_cc: -0.0681
Epoch  1, val_loss: 0.0047, val_mae: 0.0731, val_mse: 0.0095, val_r2: -298.4774, val_cc: -0.0679
Epoch  2, trian_loss: 0.0044, trian_mae: 0.0704, trian_mse:0.0088, trian_r2: -577.6724, trian_cc: -0.0511
Epoch  2, val_loss: 0.0048, val_mae: 0.0740, val_mse: 0.0096, val_r2: -691.4296, val_cc: -0.0388
Epoch  3, trian_loss: 0.0043, trian_mae: 0.0691, trian_mse:0.0086, trian_r2: -767.4591, trian_cc: -0.0108
Epoch  3, val_loss: 0.0046, val_mae: 0.0722, val_mse: 0.0092, val_r2: -473.2824, val_cc: 0.0305
Epoch  4, trian_loss: 0.0043, trian_mae: 0.0689, trian_mse:0.0085, trian_r2: -988.2543, trian_cc: 0.0183
Epoch  4, val_loss: 0.0047, val_mae: 0.0737, val_mse: 0.0093, val_r2: -1117.0530, val_cc: 0.0146
Epoch  5, trian_loss: 0.0042, trian_mae: 0.0684, trian_mse:0.0084, trian_r2: -1289.2274, trian_cc: 0.0396
Epoch  5, val_loss: 0.0046, val_mae: 0.0716, val_mse: 0.0091, val_r2: -1266.6100, val_cc: 0.0344
Epoch  6, trian_loss: 0.0042, trian_mae: 0.0681, trian_mse:0.0083, trian_r2: -1177.4174, trian_cc: 0.0600
Epoch  6, val_loss: 0.0045, val_mae: 0.0717, val_mse: 0.0091, val_r2: -1298.8773, val_cc: 0.0562
Epoch  7, trian_loss: 0.0042, trian_mae: 0.0683, trian_mse:0.0084, trian_r2: -1251.2981, trian_cc: 0.0668
Epoch  7, val_loss: 0.0046, val_mae: 0.0720, val_mse: 0.0091, val_r2: -1195.0494, val_cc: 0.0729
Epoch  8, trian_loss: 0.0042, trian_mae: 0.0680, trian_mse:0.0083, trian_r2: -1165.6314, trian_cc: 0.0810
Epoch  8, val_loss: 0.0046, val_mae: 0.0719, val_mse: 0.0091, val_r2: -1744.5861, val_cc: 0.0656
Epoch  9, trian_loss: 0.0041, trian_mae: 0.0679, trian_mse:0.0083, trian_r2: -1101.9956, trian_cc: 0.0963
Epoch  9, val_loss: 0.0045, val_mae: 0.0712, val_mse: 0.0091, val_r2: -929.2347, val_cc: 0.1016
Epoch 10, trian_loss: 0.0041, trian_mae: 0.0679, trian_mse:0.0083, trian_r2: -1202.8070, trian_cc: 0.0980
Epoch 10, val_loss: 0.0045, val_mae: 0.0714, val_mse: 0.0091, val_r2: -1008.2426, val_cc: 0.0979
Epoch 11, trian_loss: 0.0041, trian_mae: 0.0678, trian_mse:0.0082, trian_r2: -1034.3489, trian_cc: 0.1045
Epoch 11, val_loss: 0.0045, val_mae: 0.0716, val_mse: 0.0091, val_r2: -642.3970, val_cc: 0.1152
Epoch 12, trian_loss: 0.0041, trian_mae: 0.0680, trian_mse:0.0083, trian_r2: -836.3978, trian_cc: 0.1007
Epoch 12, val_loss: 0.0045, val_mae: 0.0718, val_mse: 0.0091, val_r2: -1215.8066, val_cc: 0.1076
Epoch 13, trian_loss: 0.0041, trian_mae: 0.0678, trian_mse:0.0082, trian_r2: -887.2981, trian_cc: 0.1198
Epoch 13, val_loss: 0.0046, val_mae: 0.0718, val_mse: 0.0091, val_r2: -845.2146, val_cc: 0.1168
Epoch 14, trian_loss: 0.0041, trian_mae: 0.0677, trian_mse:0.0082, trian_r2: -732.2847, trian_cc: 0.1256
Epoch 14, val_loss: 0.0045, val_mae: 0.0717, val_mse: 0.0091, val_r2: -976.2325, val_cc: 0.1237
Epoch 15, trian_loss: 0.0041, trian_mae: 0.0680, trian_mse:0.0082, trian_r2: -646.0998, trian_cc: 0.1186
Epoch 15, val_loss: 0.0046, val_mae: 0.0732, val_mse: 0.0093, val_r2: -523.9545, val_cc: 0.1083
Epoch 16, trian_loss: 0.0041, trian_mae: 0.0676, trian_mse:0.0082, trian_r2: -726.5801, trian_cc: 0.1326
Epoch 16, val_loss: 0.0045, val_mae: 0.0716, val_mse: 0.0090, val_r2: -552.5957, val_cc: 0.1333
Epoch 17, trian_loss: 0.0041, trian_mae: 0.0676, trian_mse:0.0082, trian_r2: -635.8342, trian_cc: 0.1415
Epoch 17, val_loss: 0.0045, val_mae: 0.0718, val_mse: 0.0090, val_r2: -728.5693, val_cc: 0.1267
Epoch 18, trian_loss: 0.0041, trian_mae: 0.0676, trian_mse:0.0082, trian_r2: -596.2582, trian_cc: 0.1404
Epoch 18, val_loss: 0.0045, val_mae: 0.0717, val_mse: 0.0091, val_r2: -525.1948, val_cc: 0.1181
Epoch 19, trian_loss: 0.0041, trian_mae: 0.0676, trian_mse:0.0082, trian_r2: -556.5508, trian_cc: 0.1341
Epoch 19, val_loss: 0.0045, val_mae: 0.0716, val_mse: 0.0090, val_r2: -483.1254, val_cc: 0.1343
Epoch 20, trian_loss: 0.0041, trian_mae: 0.0675, trian_mse:0.0082, trian_r2: -465.5628, trian_cc: 0.1405
Epoch 20, val_loss: 0.0045, val_mae: 0.0719, val_mse: 0.0091, val_r2: -428.5321, val_cc: 0.1281
Epoch 21, trian_loss: 0.0041, trian_mae: 0.0675, trian_mse:0.0082, trian_r2: -361.9933, trian_cc: 0.1400
Epoch 21, val_loss: 0.0045, val_mae: 0.0718, val_mse: 0.0090, val_r2: -276.3764, val_cc: 0.1557
Epoch 22, trian_loss: 0.0041, trian_mae: 0.0672, trian_mse:0.0081, trian_r2: -301.7785, trian_cc: 0.1611
Epoch 22, val_loss: 0.0045, val_mae: 0.0710, val_mse: 0.0089, val_r2: -243.5091, val_cc: 0.1598
Epoch 23, trian_loss: 0.0040, trian_mae: 0.0669, trian_mse:0.0080, trian_r2: -170.6096, trian_cc: 0.1759
Epoch 23, val_loss: 0.0044, val_mae: 0.0699, val_mse: 0.0088, val_r2: -91.9438, val_cc: 0.1842
Epoch 24, trian_loss: 0.0040, trian_mae: 0.0667, trian_mse:0.0080, trian_r2: -120.5467, trian_cc: 0.1915
Epoch 24, val_loss: 0.0044, val_mae: 0.0700, val_mse: 0.0088, val_r2: -90.7804, val_cc: 0.1972
Epoch 25, trian_loss: 0.0040, trian_mae: 0.0662, trian_mse:0.0079, trian_r2: -106.2723, trian_cc: 0.2032
Epoch 25, val_loss: 0.0044, val_mae: 0.0699, val_mse: 0.0088, val_r2: -85.2392, val_cc: 0.1996
Epoch 26, trian_loss: 0.0040, trian_mae: 0.0660, trian_mse:0.0079, trian_r2: -92.7143, trian_cc: 0.2084
Epoch 26, val_loss: 0.0044, val_mae: 0.0694, val_mse: 0.0087, val_r2: -66.8958, val_cc: 0.2125
Epoch 27, trian_loss: 0.0039, trian_mae: 0.0658, trian_mse:0.0079, trian_r2: -86.7467, trian_cc: 0.2150
Epoch 27, val_loss: 0.0044, val_mae: 0.0695, val_mse: 0.0087, val_r2: -62.0005, val_cc: 0.2106
Epoch 28, trian_loss: 0.0039, trian_mae: 0.0656, trian_mse:0.0078, trian_r2: -77.8833, trian_cc: 0.2246
Epoch 28, val_loss: 0.0043, val_mae: 0.0690, val_mse: 0.0086, val_r2: -51.9998, val_cc: 0.2189
Epoch 29, trian_loss: 0.0039, trian_mae: 0.0656, trian_mse:0.0078, trian_r2: -76.4638, trian_cc: 0.2254
Epoch 29, val_loss: 0.0043, val_mae: 0.0693, val_mse: 0.0087, val_r2: -65.4919, val_cc: 0.2179
Epoch 30, trian_loss: 0.0039, trian_mae: 0.0654, trian_mse:0.0078, trian_r2: -74.7195, trian_cc: 0.2303
Epoch 30, val_loss: 0.0043, val_mae: 0.0689, val_mse: 0.0086, val_r2: -56.9155, val_cc: 0.2225
Epoch 31, trian_loss: 0.0039, trian_mae: 0.0654, trian_mse:0.0078, trian_r2: -76.2212, trian_cc: 0.2282
Epoch 31, val_loss: 0.0043, val_mae: 0.0689, val_mse: 0.0087, val_r2: -51.6663, val_cc: 0.2182
Epoch 32, trian_loss: 0.0039, trian_mae: 0.0653, trian_mse:0.0078, trian_r2: -72.8941, trian_cc: 0.2293
Epoch 32, val_loss: 0.0043, val_mae: 0.0689, val_mse: 0.0087, val_r2: -55.8204, val_cc: 0.2102
Epoch 33, trian_loss: 0.0039, trian_mae: 0.0653, trian_mse:0.0078, trian_r2: -77.3473, trian_cc: 0.2311
Epoch 33, val_loss: 0.0043, val_mae: 0.0688, val_mse: 0.0087, val_r2: -50.6261, val_cc: 0.2130
Epoch 34, trian_loss: 0.0039, trian_mae: 0.0652, trian_mse:0.0078, trian_r2: -70.4296, trian_cc: 0.2294
Epoch 34, val_loss: 0.0043, val_mae: 0.0689, val_mse: 0.0087, val_r2: -56.3522, val_cc: 0.2223
Epoch 35, trian_loss: 0.0039, trian_mae: 0.0652, trian_mse:0.0078, trian_r2: -72.1044, trian_cc: 0.2325
Epoch 35, val_loss: 0.0043, val_mae: 0.0686, val_mse: 0.0086, val_r2: -62.2496, val_cc: 0.2258
Epoch 36, trian_loss: 0.0039, trian_mae: 0.0651, trian_mse:0.0078, trian_r2: -72.6201, trian_cc: 0.2341
Epoch 36, val_loss: 0.0043, val_mae: 0.0686, val_mse: 0.0086, val_r2: -55.6954, val_cc: 0.2278
Epoch 37, trian_loss: 0.0039, trian_mae: 0.0651, trian_mse:0.0078, trian_r2: -69.4309, trian_cc: 0.2336
Epoch 37, val_loss: 0.0043, val_mae: 0.0685, val_mse: 0.0086, val_r2: -49.2000, val_cc: 0.2248
Epoch 38, trian_loss: 0.0039, trian_mae: 0.0652, trian_mse:0.0078, trian_r2: -73.5118, trian_cc: 0.2382
Epoch 38, val_loss: 0.0043, val_mae: 0.0690, val_mse: 0.0086, val_r2: -55.3113, val_cc: 0.2246
Epoch 39, trian_loss: 0.0039, trian_mae: 0.0651, trian_mse:0.0078, trian_r2: -71.0632, trian_cc: 0.2358
Epoch 39, val_loss: 0.0043, val_mae: 0.0685, val_mse: 0.0086, val_r2: -54.4947, val_cc: 0.2182
Epoch 40, trian_loss: 0.0039, trian_mae: 0.0650, trian_mse:0.0078, trian_r2: -68.8153, trian_cc: 0.2337
Epoch 40, val_loss: 0.0043, val_mae: 0.0687, val_mse: 0.0086, val_r2: -53.2670, val_cc: 0.2101
Epoch 41, trian_loss: 0.0039, trian_mae: 0.0654, trian_mse:0.0078, trian_r2: -74.5070, trian_cc: 0.2385
Epoch 41, val_loss: 0.0043, val_mae: 0.0683, val_mse: 0.0086, val_r2: -53.2655, val_cc: 0.2345
Epoch 42, trian_loss: 0.0039, trian_mae: 0.0650, trian_mse:0.0077, trian_r2: -68.5379, trian_cc: 0.2569
Epoch 42, val_loss: 0.0045, val_mae: 0.0680, val_mse: 0.0089, val_r2: -49.5686, val_cc: 0.2394
Epoch 43, trian_loss: 0.0039, trian_mae: 0.0651, trian_mse:0.0078, trian_r2: -67.3089, trian_cc: 0.2414
Epoch 43, val_loss: 0.0043, val_mae: 0.0683, val_mse: 0.0085, val_r2: -50.5684, val_cc: 0.2380
Epoch 44, trian_loss: 0.0039, trian_mae: 0.0650, trian_mse:0.0077, trian_r2: -63.9153, trian_cc: 0.2520
Epoch 44, val_loss: 0.0041, val_mae: 0.0675, val_mse: 0.0083, val_r2: -47.6630, val_cc: 0.2869
Epoch 45, trian_loss: 0.0038, trian_mae: 0.0649, trian_mse:0.0077, trian_r2: -70.8690, trian_cc: 0.2722
Epoch 45, val_loss: 0.0042, val_mae: 0.0676, val_mse: 0.0085, val_r2: -67.3470, val_cc: 0.2770
Epoch 46, trian_loss: 0.0038, trian_mae: 0.0649, trian_mse:0.0077, trian_r2: -73.6537, trian_cc: 0.2743
Epoch 46, val_loss: 0.0043, val_mae: 0.0690, val_mse: 0.0086, val_r2: -90.7965, val_cc: 0.2401
Epoch 47, trian_loss: 0.0039, trian_mae: 0.0653, trian_mse:0.0077, trian_r2: -92.9139, trian_cc: 0.2717
Epoch 47, val_loss: 0.0043, val_mae: 0.0691, val_mse: 0.0086, val_r2: -70.3227, val_cc: 0.2326
Epoch 48, trian_loss: 0.0038, trian_mae: 0.0649, trian_mse:0.0077, trian_r2: -80.6326, trian_cc: 0.2634
Epoch 48, val_loss: 0.0043, val_mae: 0.0685, val_mse: 0.0085, val_r2: -56.7252, val_cc: 0.2517
Epoch 49, trian_loss: 0.0038, trian_mae: 0.0647, trian_mse:0.0076, trian_r2: -78.2227, trian_cc: 0.2776
Epoch 49, val_loss: 0.0043, val_mae: 0.0687, val_mse: 0.0085, val_r2: -53.6622, val_cc: 0.2519
Epoch 50, trian_loss: 0.0037, trian_mae: 0.0639, trian_mse:0.0075, trian_r2: -72.7194, trian_cc: 0.3226
Epoch 50, val_loss: 0.0040, val_mae: 0.0652, val_mse: 0.0079, val_r2: -41.8183, val_cc: 0.3852
Epoch 51, trian_loss: 0.0038, trian_mae: 0.0643, trian_mse:0.0076, trian_r2: -63.2274, trian_cc: 0.3109
Epoch 51, val_loss: 0.0040, val_mae: 0.0649, val_mse: 0.0080, val_r2: -37.3207, val_cc: 0.3984
Epoch 52, trian_loss: 0.0037, trian_mae: 0.0632, trian_mse:0.0073, trian_r2: -inf, trian_cc: nan
Epoch 52, val_loss: 0.0040, val_mae: 0.0651, val_mse: 0.0081, val_r2: -27.6468, val_cc: 0.3653
Epoch 53, trian_loss: 0.0036, trian_mae: 0.0621, trian_mse:0.0071, trian_r2: -inf, trian_cc: nan
Epoch 53, val_loss: 0.0040, val_mae: 0.0669, val_mse: 0.0079, val_r2: -32.3294, val_cc: 0.4022
Epoch 54, trian_loss: 0.0034, trian_mae: 0.0607, trian_mse:0.0069, trian_r2: -inf, trian_cc: nan
Epoch 54, val_loss: 0.0038, val_mae: 0.0634, val_mse: 0.0076, val_r2: -33.0093, val_cc: 0.4385
Epoch 55, trian_loss: 0.0035, trian_mae: 0.0618, trian_mse:0.0070, trian_r2: -inf, trian_cc: nan
Epoch 55, val_loss: 0.0041, val_mae: 0.0684, val_mse: 0.0083, val_r2: -64.6672, val_cc: 0.3048
Epoch 56, trian_loss: 0.0034, trian_mae: 0.0602, trian_mse:0.0068, trian_r2: -inf, trian_cc: nan
Epoch 56, val_loss: 0.0039, val_mae: 0.0637, val_mse: 0.0078, val_r2: -25.4079, val_cc: 0.4336
Epoch 57, trian_loss: 0.0034, trian_mae: 0.0603, trian_mse:0.0068, trian_r2: -inf, trian_cc: nan
Epoch 57, val_loss: 0.0047, val_mae: 0.0724, val_mse: 0.0094, val_r2: -17.1093, val_cc: 0.4634
Epoch 58, trian_loss: 0.0034, trian_mae: 0.0605, trian_mse:0.0068, trian_r2: -inf, trian_cc: nan
Epoch 58, val_loss: 0.0040, val_mae: 0.0648, val_mse: 0.0079, val_r2: -18.3763, val_cc: 0.4464
Epoch 59, trian_loss: 0.0033, trian_mae: 0.0598, trian_mse:0.0067, trian_r2: -inf, trian_cc: nan
Epoch 59, val_loss: 0.0038, val_mae: 0.0634, val_mse: 0.0077, val_r2: -22.2979, val_cc: 0.4525
Epoch 60, trian_loss: 0.0033, trian_mae: 0.0599, trian_mse:0.0066, trian_r2: -inf, trian_cc: nan
Epoch 60, val_loss: 0.0042, val_mae: 0.0670, val_mse: 0.0083, val_r2: -13.3136, val_cc: 0.4567
Epoch 61, trian_loss: 0.0033, trian_mae: 0.0593, trian_mse:0.0066, trian_r2: -inf, trian_cc: nan
Epoch 61, val_loss: 0.0037, val_mae: 0.0624, val_mse: 0.0075, val_r2: -23.5651, val_cc: 0.4535
Epoch 62, trian_loss: 0.0033, trian_mae: 0.0590, trian_mse:0.0066, trian_r2: -inf, trian_cc: nan
Epoch 62, val_loss: 0.0039, val_mae: 0.0639, val_mse: 0.0078, val_r2: -16.9176, val_cc: 0.4698
Epoch 63, trian_loss: 0.0033, trian_mae: 0.0592, trian_mse:0.0066, trian_r2: -inf, trian_cc: nan
Epoch 63, val_loss: 0.0037, val_mae: 0.0637, val_mse: 0.0074, val_r2: -26.3837, val_cc: 0.4535
Epoch 64, trian_loss: 0.0032, trian_mae: 0.0584, trian_mse:0.0065, trian_r2: -inf, trian_cc: nan
Epoch 64, val_loss: 0.0037, val_mae: 0.0618, val_mse: 0.0074, val_r2: -13.6971, val_cc: 0.4845
Epoch 65, trian_loss: 0.0032, trian_mae: 0.0580, trian_mse:0.0064, trian_r2: -inf, trian_cc: nan
Epoch 65, val_loss: 0.0037, val_mae: 0.0626, val_mse: 0.0073, val_r2: -19.6265, val_cc: 0.4626
Epoch 66, trian_loss: 0.0032, trian_mae: 0.0581, trian_mse:0.0064, trian_r2: -inf, trian_cc: nan
Epoch 66, val_loss: 0.0036, val_mae: 0.0622, val_mse: 0.0072, val_r2: -14.0685, val_cc: 0.4724
Epoch 67, trian_loss: 0.0032, trian_mae: 0.0578, trian_mse:0.0064, trian_r2: -inf, trian_cc: nan
Epoch 67, val_loss: 0.0037, val_mae: 0.0626, val_mse: 0.0074, val_r2: -14.3509, val_cc: 0.4725
Epoch 68, trian_loss: 0.0032, trian_mae: 0.0584, trian_mse:0.0064, trian_r2: -inf, trian_cc: nan
Epoch 68, val_loss: 0.0039, val_mae: 0.0636, val_mse: 0.0078, val_r2: -14.4647, val_cc: 0.4502
Epoch 69, trian_loss: 0.0032, trian_mae: 0.0580, trian_mse:0.0064, trian_r2: -inf, trian_cc: nan
Epoch 69, val_loss: 0.0036, val_mae: 0.0618, val_mse: 0.0072, val_r2: -12.5830, val_cc: 0.4866
Epoch 70, trian_loss: 0.0032, trian_mae: 0.0580, trian_mse:0.0064, trian_r2: -inf, trian_cc: nan
Epoch 70, val_loss: 0.0037, val_mae: 0.0619, val_mse: 0.0074, val_r2: -15.1948, val_cc: 0.4731
Epoch 71, trian_loss: 0.0031, trian_mae: 0.0574, trian_mse:0.0063, trian_r2: -inf, trian_cc: nan
Epoch 71, val_loss: 0.0037, val_mae: 0.0626, val_mse: 0.0074, val_r2: -9.9113, val_cc: 0.4805
Epoch 72, trian_loss: 0.0031, trian_mae: 0.0571, trian_mse:0.0062, trian_r2: -inf, trian_cc: nan
Epoch 72, val_loss: 0.0036, val_mae: 0.0606, val_mse: 0.0071, val_r2: -10.5554, val_cc: 0.4827
Epoch 73, trian_loss: 0.0031, trian_mae: 0.0566, trian_mse:0.0061, trian_r2: -inf, trian_cc: nan
Epoch 73, val_loss: 0.0036, val_mae: 0.0614, val_mse: 0.0072, val_r2: -9.5027, val_cc: 0.4910
Epoch 74, trian_loss: 0.0032, trian_mae: 0.0575, trian_mse:0.0063, trian_r2: -inf, trian_cc: nan
Epoch 74, val_loss: 0.0038, val_mae: 0.0631, val_mse: 0.0075, val_r2: -24.8833, val_cc: 0.4392
Epoch 75, trian_loss: 0.0031, trian_mae: 0.0570, trian_mse:0.0063, trian_r2: -inf, trian_cc: nan
Epoch 75, val_loss: 0.0037, val_mae: 0.0619, val_mse: 0.0073, val_r2: -14.7692, val_cc: 0.4803
Epoch 76, trian_loss: 0.0031, trian_mae: 0.0567, trian_mse:0.0062, trian_r2: -inf, trian_cc: nan
Epoch 76, val_loss: 0.0035, val_mae: 0.0601, val_mse: 0.0070, val_r2: -15.3161, val_cc: 0.4964
Epoch 77, trian_loss: 0.0031, trian_mae: 0.0564, trian_mse:0.0061, trian_r2: -inf, trian_cc: nan
Epoch 77, val_loss: 0.0034, val_mae: 0.0596, val_mse: 0.0069, val_r2: -12.2198, val_cc: 0.5052
Epoch 78, trian_loss: 0.0031, trian_mae: 0.0564, trian_mse:0.0062, trian_r2: -inf, trian_cc: nan
Epoch 78, val_loss: 0.0036, val_mae: 0.0599, val_mse: 0.0071, val_r2: -13.1332, val_cc: 0.4968
Epoch 79, trian_loss: 0.0031, trian_mae: 0.0563, trian_mse:0.0061, trian_r2: -inf, trian_cc: nan
Epoch 79, val_loss: 0.0036, val_mae: 0.0596, val_mse: 0.0071, val_r2: -13.9830, val_cc: 0.4957
Epoch 80, trian_loss: 0.0030, trian_mae: 0.0558, trian_mse:0.0061, trian_r2: -inf, trian_cc: nan
Epoch 80, val_loss: 0.0035, val_mae: 0.0595, val_mse: 0.0069, val_r2: -11.4771, val_cc: 0.5063
Epoch 81, trian_loss: 0.0030, trian_mae: 0.0559, trian_mse:0.0061, trian_r2: -inf, trian_cc: nan
Epoch 81, val_loss: 0.0036, val_mae: 0.0606, val_mse: 0.0072, val_r2: -13.8361, val_cc: 0.4876
Epoch 82, trian_loss: 0.0030, trian_mae: 0.0554, trian_mse:0.0060, trian_r2: -inf, trian_cc: nan
Epoch 82, val_loss: 0.0035, val_mae: 0.0599, val_mse: 0.0069, val_r2: -10.6202, val_cc: 0.5002
Epoch 83, trian_loss: 0.0031, trian_mae: 0.0561, trian_mse:0.0061, trian_r2: -inf, trian_cc: nan
Epoch 83, val_loss: 0.0036, val_mae: 0.0607, val_mse: 0.0072, val_r2: -22.9063, val_cc: 0.5059
Epoch 84, trian_loss: 0.0031, trian_mae: 0.0565, trian_mse:0.0063, trian_r2: -inf, trian_cc: nan
Epoch 84, val_loss: 0.0036, val_mae: 0.0591, val_mse: 0.0071, val_r2: -15.7509, val_cc: 0.5216
Epoch 85, trian_loss: 0.0030, trian_mae: 0.0550, trian_mse:0.0060, trian_r2: -inf, trian_cc: nan
Epoch 85, val_loss: 0.0037, val_mae: 0.0603, val_mse: 0.0074, val_r2: -11.0074, val_cc: 0.4924
Epoch 86, trian_loss: 0.0029, trian_mae: 0.0544, trian_mse:0.0058, trian_r2: -inf, trian_cc: nan
Epoch 86, val_loss: 0.0035, val_mae: 0.0594, val_mse: 0.0071, val_r2: -12.0073, val_cc: 0.5194
Epoch 87, trian_loss: 0.0029, trian_mae: 0.0539, trian_mse:0.0058, trian_r2: -inf, trian_cc: nan
Epoch 87, val_loss: 0.0033, val_mae: 0.0582, val_mse: 0.0067, val_r2: -12.3506, val_cc: 0.5334
Epoch 88, trian_loss: 0.0029, trian_mae: 0.0536, trian_mse:0.0057, trian_r2: -inf, trian_cc: nan
Epoch 88, val_loss: 0.0034, val_mae: 0.0585, val_mse: 0.0069, val_r2: -9.1403, val_cc: 0.5336
Epoch 89, trian_loss: 0.0029, trian_mae: 0.0537, trian_mse:0.0057, trian_r2: -inf, trian_cc: nan
Epoch 89, val_loss: 0.0035, val_mae: 0.0581, val_mse: 0.0071, val_r2: -11.1738, val_cc: 0.5289
Epoch 90, trian_loss: 0.0029, trian_mae: 0.0534, trian_mse:0.0057, trian_r2: -inf, trian_cc: nan
Epoch 90, val_loss: 0.0033, val_mae: 0.0567, val_mse: 0.0065, val_r2: -7.1621, val_cc: 0.5490
Epoch 91, trian_loss: 0.0028, trian_mae: 0.0533, trian_mse:0.0056, trian_r2: -inf, trian_cc: nan
Epoch 91, val_loss: 0.0035, val_mae: 0.0590, val_mse: 0.0069, val_r2: -8.7102, val_cc: 0.5288
Epoch 92, trian_loss: 0.0028, trian_mae: 0.0528, trian_mse:0.0056, trian_r2: -inf, trian_cc: nan
Epoch 92, val_loss: 0.0033, val_mae: 0.0565, val_mse: 0.0066, val_r2: -6.6290, val_cc: 0.5499
Epoch 93, trian_loss: 0.0028, trian_mae: 0.0526, trian_mse:0.0056, trian_r2: -inf, trian_cc: nan
Epoch 93, val_loss: 0.0033, val_mae: 0.0563, val_mse: 0.0065, val_r2: -5.5584, val_cc: 0.5705
Epoch 94, trian_loss: 0.0028, trian_mae: 0.0520, trian_mse:0.0055, trian_r2: -inf, trian_cc: nan
Epoch 94, val_loss: 0.0033, val_mae: 0.0563, val_mse: 0.0066, val_r2: -6.5571, val_cc: 0.5610
Epoch 95, trian_loss: 0.0028, trian_mae: 0.0521, trian_mse:0.0055, trian_r2: -inf, trian_cc: nan
Epoch 95, val_loss: 0.0033, val_mae: 0.0564, val_mse: 0.0066, val_r2: -5.6438, val_cc: 0.5542
Epoch 96, trian_loss: 0.0027, trian_mae: 0.0517, trian_mse:0.0055, trian_r2: -inf, trian_cc: nan
Epoch 96, val_loss: 0.0032, val_mae: 0.0562, val_mse: 0.0065, val_r2: -4.6289, val_cc: 0.5644
Epoch 97, trian_loss: 0.0027, trian_mae: 0.0516, trian_mse:0.0055, trian_r2: -inf, trian_cc: nan
Epoch 97, val_loss: 0.0032, val_mae: 0.0553, val_mse: 0.0065, val_r2: -4.7330, val_cc: 0.5726
Epoch 98, trian_loss: 0.0027, trian_mae: 0.0516, trian_mse:0.0054, trian_r2: -inf, trian_cc: nan
Epoch 98, val_loss: 0.0034, val_mae: 0.0574, val_mse: 0.0068, val_r2: -10.5702, val_cc: 0.5626
Epoch 99, trian_loss: 0.0027, trian_mae: 0.0517, trian_mse:0.0055, trian_r2: -inf, trian_cc: nan
Epoch 99, val_loss: 0.0032, val_mae: 0.0558, val_mse: 0.0063, val_r2: -4.3421, val_cc: 0.5738
