Trian Data: 532   Validation Data: 177  Test Data: 178
[1, 1, 1]
[1, 1, 1]
[1, 1, 1]
[1, 1, 1]
model SENet(
  (conv1): Conv2d(101, 64, kernel_size=(3, 3), stride=(1, 1), padding=(1, 1), bias=False)
  (bn1): BatchNorm2d(64, eps=1e-05, momentum=0.1, affine=True, track_running_stats=True)
  (layer1): Sequential(
    (0): BasicBlock(
      (conv1): Conv2d(64, 64, kernel_size=(3, 3), stride=(1, 1), padding=(1, 1), bias=False)
      (bn1): BatchNorm2d(64, eps=1e-05, momentum=0.1, affine=True, track_running_stats=True)
      (conv2): Conv2d(64, 64, kernel_size=(3, 3), stride=(1, 1), padding=(1, 1), bias=False)
      (bn2): BatchNorm2d(64, eps=1e-05, momentum=0.1, affine=True, track_running_stats=True)
      (shortcut): Sequential()
      (fc1): Conv2d(64, 4, kernel_size=(1, 1), stride=(1, 1))
      (fc2): Conv2d(4, 64, kernel_size=(1, 1), stride=(1, 1))
    )
    (1): BasicBlock(
      (conv1): Conv2d(64, 64, kernel_size=(3, 3), stride=(1, 1), padding=(1, 1), bias=False)
      (bn1): BatchNorm2d(64, eps=1e-05, momentum=0.1, affine=True, track_running_stats=True)
      (conv2): Conv2d(64, 64, kernel_size=(3, 3), stride=(1, 1), padding=(1, 1), bias=False)
      (bn2): BatchNorm2d(64, eps=1e-05, momentum=0.1, affine=True, track_running_stats=True)
      (shortcut): Sequential()
      (fc1): Conv2d(64, 4, kernel_size=(1, 1), stride=(1, 1))
      (fc2): Conv2d(4, 64, kernel_size=(1, 1), stride=(1, 1))
    )
    (2): BasicBlock(
      (conv1): Conv2d(64, 64, kernel_size=(3, 3), stride=(1, 1), padding=(1, 1), bias=False)
      (bn1): BatchNorm2d(64, eps=1e-05, momentum=0.1, affine=True, track_running_stats=True)
      (conv2): Conv2d(64, 64, kernel_size=(3, 3), stride=(1, 1), padding=(1, 1), bias=False)
      (bn2): BatchNorm2d(64, eps=1e-05, momentum=0.1, affine=True, track_running_stats=True)
      (shortcut): Sequential()
      (fc1): Conv2d(64, 4, kernel_size=(1, 1), stride=(1, 1))
      (fc2): Conv2d(4, 64, kernel_size=(1, 1), stride=(1, 1))
    )
  )
  (layer2): Sequential(
    (0): BasicBlock(
      (conv1): Conv2d(64, 64, kernel_size=(3, 3), stride=(1, 1), padding=(1, 1), bias=False)
      (bn1): BatchNorm2d(64, eps=1e-05, momentum=0.1, affine=True, track_running_stats=True)
      (conv2): Conv2d(64, 64, kernel_size=(3, 3), stride=(1, 1), padding=(1, 1), bias=False)
      (bn2): BatchNorm2d(64, eps=1e-05, momentum=0.1, affine=True, track_running_stats=True)
      (shortcut): Sequential()
      (fc1): Conv2d(64, 4, kernel_size=(1, 1), stride=(1, 1))
      (fc2): Conv2d(4, 64, kernel_size=(1, 1), stride=(1, 1))
    )
    (1): BasicBlock(
      (conv1): Conv2d(64, 64, kernel_size=(3, 3), stride=(1, 1), padding=(1, 1), bias=False)
      (bn1): BatchNorm2d(64, eps=1e-05, momentum=0.1, affine=True, track_running_stats=True)
      (conv2): Conv2d(64, 64, kernel_size=(3, 3), stride=(1, 1), padding=(1, 1), bias=False)
      (bn2): BatchNorm2d(64, eps=1e-05, momentum=0.1, affine=True, track_running_stats=True)
      (shortcut): Sequential()
      (fc1): Conv2d(64, 4, kernel_size=(1, 1), stride=(1, 1))
      (fc2): Conv2d(4, 64, kernel_size=(1, 1), stride=(1, 1))
    )
    (2): BasicBlock(
      (conv1): Conv2d(64, 64, kernel_size=(3, 3), stride=(1, 1), padding=(1, 1), bias=False)
      (bn1): BatchNorm2d(64, eps=1e-05, momentum=0.1, affine=True, track_running_stats=True)
      (conv2): Conv2d(64, 64, kernel_size=(3, 3), stride=(1, 1), padding=(1, 1), bias=False)
      (bn2): BatchNorm2d(64, eps=1e-05, momentum=0.1, affine=True, track_running_stats=True)
      (shortcut): Sequential()
      (fc1): Conv2d(64, 4, kernel_size=(1, 1), stride=(1, 1))
      (fc2): Conv2d(4, 64, kernel_size=(1, 1), stride=(1, 1))
    )
  )
  (layer3): Sequential(
    (0): BasicBlock(
      (conv1): Conv2d(64, 64, kernel_size=(3, 3), stride=(1, 1), padding=(1, 1), bias=False)
      (bn1): BatchNorm2d(64, eps=1e-05, momentum=0.1, affine=True, track_running_stats=True)
      (conv2): Conv2d(64, 64, kernel_size=(3, 3), stride=(1, 1), padding=(1, 1), bias=False)
      (bn2): BatchNorm2d(64, eps=1e-05, momentum=0.1, affine=True, track_running_stats=True)
      (shortcut): Sequential()
      (fc1): Conv2d(64, 4, kernel_size=(1, 1), stride=(1, 1))
      (fc2): Conv2d(4, 64, kernel_size=(1, 1), stride=(1, 1))
    )
    (1): BasicBlock(
      (conv1): Conv2d(64, 64, kernel_size=(3, 3), stride=(1, 1), padding=(1, 1), bias=False)
      (bn1): BatchNorm2d(64, eps=1e-05, momentum=0.1, affine=True, track_running_stats=True)
      (conv2): Conv2d(64, 64, kernel_size=(3, 3), stride=(1, 1), padding=(1, 1), bias=False)
      (bn2): BatchNorm2d(64, eps=1e-05, momentum=0.1, affine=True, track_running_stats=True)
      (shortcut): Sequential()
      (fc1): Conv2d(64, 4, kernel_size=(1, 1), stride=(1, 1))
      (fc2): Conv2d(4, 64, kernel_size=(1, 1), stride=(1, 1))
    )
    (2): BasicBlock(
      (conv1): Conv2d(64, 64, kernel_size=(3, 3), stride=(1, 1), padding=(1, 1), bias=False)
      (bn1): BatchNorm2d(64, eps=1e-05, momentum=0.1, affine=True, track_running_stats=True)
      (conv2): Conv2d(64, 64, kernel_size=(3, 3), stride=(1, 1), padding=(1, 1), bias=False)
      (bn2): BatchNorm2d(64, eps=1e-05, momentum=0.1, affine=True, track_running_stats=True)
      (shortcut): Sequential()
      (fc1): Conv2d(64, 4, kernel_size=(1, 1), stride=(1, 1))
      (fc2): Conv2d(4, 64, kernel_size=(1, 1), stride=(1, 1))
    )
  )
  (layer4): Sequential(
    (0): BasicBlock(
      (conv1): Conv2d(64, 64, kernel_size=(3, 3), stride=(1, 1), padding=(1, 1), bias=False)
      (bn1): BatchNorm2d(64, eps=1e-05, momentum=0.1, affine=True, track_running_stats=True)
      (conv2): Conv2d(64, 64, kernel_size=(3, 3), stride=(1, 1), padding=(1, 1), bias=False)
      (bn2): BatchNorm2d(64, eps=1e-05, momentum=0.1, affine=True, track_running_stats=True)
      (shortcut): Sequential()
      (fc1): Conv2d(64, 4, kernel_size=(1, 1), stride=(1, 1))
      (fc2): Conv2d(4, 64, kernel_size=(1, 1), stride=(1, 1))
    )
    (1): BasicBlock(
      (conv1): Conv2d(64, 64, kernel_size=(3, 3), stride=(1, 1), padding=(1, 1), bias=False)
      (bn1): BatchNorm2d(64, eps=1e-05, momentum=0.1, affine=True, track_running_stats=True)
      (conv2): Conv2d(64, 64, kernel_size=(3, 3), stride=(1, 1), padding=(1, 1), bias=False)
      (bn2): BatchNorm2d(64, eps=1e-05, momentum=0.1, affine=True, track_running_stats=True)
      (shortcut): Sequential()
      (fc1): Conv2d(64, 4, kernel_size=(1, 1), stride=(1, 1))
      (fc2): Conv2d(4, 64, kernel_size=(1, 1), stride=(1, 1))
    )
    (2): BasicBlock(
      (conv1): Conv2d(64, 64, kernel_size=(3, 3), stride=(1, 1), padding=(1, 1), bias=False)
      (bn1): BatchNorm2d(64, eps=1e-05, momentum=0.1, affine=True, track_running_stats=True)
      (conv2): Conv2d(64, 64, kernel_size=(3, 3), stride=(1, 1), padding=(1, 1), bias=False)
      (bn2): BatchNorm2d(64, eps=1e-05, momentum=0.1, affine=True, track_running_stats=True)
      (shortcut): Sequential()
      (fc1): Conv2d(64, 4, kernel_size=(1, 1), stride=(1, 1))
      (fc2): Conv2d(4, 64, kernel_size=(1, 1), stride=(1, 1))
    )
  )
  (cnn): CNNnet(
    (conv1): Sequential(
      (0): Conv2d(64, 32, kernel_size=(3, 3), stride=(1, 1), padding=(1, 1))
      (1): BatchNorm2d(32, eps=1e-05, momentum=0.1, affine=True, track_running_stats=True)
      (2): ReLU()
    )
    (conv2): Sequential(
      (0): Conv2d(32, 16, kernel_size=(3, 3), stride=(1, 1), padding=(1, 1))
      (1): BatchNorm2d(16, eps=1e-05, momentum=0.1, affine=True, track_running_stats=True)
      (2): ReLU()
    )
    (conv3): Sequential(
      (0): Conv2d(16, 1, kernel_size=(3, 3), stride=(1, 1), padding=(1, 1))
      (1): BatchNorm2d(1, eps=1e-05, momentum=0.1, affine=True, track_running_stats=True)
      (2): ReLU()
    )
  )
)
Epoch  0, trian_loss: 0.0073, trian_mae: 0.0910, trian_mse:0.0146, trian_r2: -60.1316, trian_cc: 0.0957
Epoch  0, val_loss: 0.0062, val_mae: 0.0907, val_mse: 0.0124, val_r2: -32.0195, val_cc: 0.1486
Epoch  1, trian_loss: 0.0060, trian_mae: 0.0881, trian_mse:0.0120, trian_r2: -895.2977, trian_cc: 0.1218
Epoch  1, val_loss: 0.0060, val_mae: 0.0867, val_mse: 0.0119, val_r2: -230.9849, val_cc: 0.1643
Epoch  2, trian_loss: 0.0059, trian_mae: 0.0875, trian_mse:0.0119, trian_r2: -162.7857, trian_cc: 0.1636
Epoch  2, val_loss: 0.0059, val_mae: 0.0871, val_mse: 0.0118, val_r2: -182.9067, val_cc: 0.1706
Epoch  3, trian_loss: 0.0059, trian_mae: 0.0874, trian_mse:0.0118, trian_r2: -156.6839, trian_cc: 0.1684
Epoch  3, val_loss: 0.0059, val_mae: 0.0873, val_mse: 0.0118, val_r2: -188.6850, val_cc: 0.1718
Epoch  4, trian_loss: 0.0059, trian_mae: 0.0874, trian_mse:0.0118, trian_r2: -153.0819, trian_cc: 0.1699
Epoch  4, val_loss: 0.0059, val_mae: 0.0872, val_mse: 0.0118, val_r2: -178.4980, val_cc: 0.1764
Epoch  5, trian_loss: 0.0059, trian_mae: 0.0873, trian_mse:0.0118, trian_r2: -148.4242, trian_cc: 0.1774
Epoch  5, val_loss: 0.0059, val_mae: 0.0871, val_mse: 0.0118, val_r2: -189.2552, val_cc: 0.1820
Epoch  6, trian_loss: 0.0059, trian_mae: 0.0871, trian_mse:0.0118, trian_r2: -130.5228, trian_cc: 0.1849
Epoch  6, val_loss: 0.0059, val_mae: 0.0869, val_mse: 0.0118, val_r2: -139.7478, val_cc: 0.1846
Epoch  7, trian_loss: 0.0059, trian_mae: 0.0870, trian_mse:0.0118, trian_r2: -117.9935, trian_cc: 0.1892
Epoch  7, val_loss: 0.0059, val_mae: 0.0869, val_mse: 0.0118, val_r2: -150.6032, val_cc: 0.1895
Epoch  8, trian_loss: 0.0059, trian_mae: 0.0867, trian_mse:0.0117, trian_r2: -88.6153, trian_cc: 0.1972
Epoch  8, val_loss: 0.0059, val_mae: 0.0865, val_mse: 0.0117, val_r2: -116.2098, val_cc: 0.2015
Epoch  9, trian_loss: 0.0059, trian_mae: 0.0864, trian_mse:0.0117, trian_r2: -75.7278, trian_cc: 0.2033
Epoch  9, val_loss: 0.0058, val_mae: 0.0862, val_mse: 0.0117, val_r2: -91.7508, val_cc: 0.2029
Epoch 10, trian_loss: 0.0058, trian_mae: 0.0860, trian_mse:0.0116, trian_r2: -67.9908, trian_cc: 0.2118
Epoch 10, val_loss: 0.0058, val_mae: 0.0855, val_mse: 0.0115, val_r2: -76.9133, val_cc: 0.2179
Epoch 11, trian_loss: 0.0058, trian_mae: 0.0858, trian_mse:0.0116, trian_r2: -61.8766, trian_cc: 0.2176
Epoch 11, val_loss: 0.0058, val_mae: 0.0852, val_mse: 0.0115, val_r2: -56.2699, val_cc: 0.2245
Epoch 12, trian_loss: 0.0058, trian_mae: 0.0856, trian_mse:0.0116, trian_r2: -59.1199, trian_cc: 0.2228
Epoch 12, val_loss: 0.0057, val_mae: 0.0856, val_mse: 0.0115, val_r2: -71.1532, val_cc: 0.2255
Epoch 13, trian_loss: 0.0058, trian_mae: 0.0855, trian_mse:0.0116, trian_r2: -61.4153, trian_cc: 0.2245
Epoch 13, val_loss: 0.0058, val_mae: 0.0854, val_mse: 0.0115, val_r2: -66.2073, val_cc: 0.2285
Epoch 14, trian_loss: 0.0058, trian_mae: 0.0852, trian_mse:0.0115, trian_r2: -54.8028, trian_cc: 0.2296
Epoch 14, val_loss: 0.0058, val_mae: 0.0846, val_mse: 0.0115, val_r2: -53.5852, val_cc: 0.2355
Epoch 15, trian_loss: 0.0057, trian_mae: 0.0852, trian_mse:0.0115, trian_r2: -50.8623, trian_cc: 0.2353
Epoch 15, val_loss: 0.0057, val_mae: 0.0856, val_mse: 0.0115, val_r2: -66.5837, val_cc: 0.2312
Epoch 16, trian_loss: 0.0057, trian_mae: 0.0850, trian_mse:0.0115, trian_r2: -48.7472, trian_cc: 0.2376
Epoch 16, val_loss: 0.0057, val_mae: 0.0845, val_mse: 0.0114, val_r2: -45.2209, val_cc: 0.2439
Epoch 17, trian_loss: 0.0057, trian_mae: 0.0850, trian_mse:0.0115, trian_r2: -48.2705, trian_cc: 0.2386
Epoch 17, val_loss: 0.0057, val_mae: 0.0843, val_mse: 0.0115, val_r2: -40.0297, val_cc: 0.2456
Epoch 18, trian_loss: 0.0057, trian_mae: 0.0849, trian_mse:0.0115, trian_r2: -43.7513, trian_cc: 0.2424
Epoch 18, val_loss: 0.0057, val_mae: 0.0844, val_mse: 0.0114, val_r2: -42.5125, val_cc: 0.2451
Epoch 19, trian_loss: 0.0057, trian_mae: 0.0848, trian_mse:0.0114, trian_r2: -43.6018, trian_cc: 0.2437
Epoch 19, val_loss: 0.0057, val_mae: 0.0844, val_mse: 0.0115, val_r2: -39.5464, val_cc: 0.2437
Epoch 20, trian_loss: 0.0057, trian_mae: 0.0849, trian_mse:0.0114, trian_r2: -43.2009, trian_cc: 0.2443
Epoch 20, val_loss: 0.0059, val_mae: 0.0842, val_mse: 0.0118, val_r2: -37.2484, val_cc: 0.2140
Epoch 21, trian_loss: 0.0057, trian_mae: 0.0847, trian_mse:0.0114, trian_r2: -38.1078, trian_cc: 0.2453
Epoch 21, val_loss: 0.0058, val_mae: 0.0840, val_mse: 0.0115, val_r2: -40.3658, val_cc: 0.2463
Epoch 22, trian_loss: 0.0057, trian_mae: 0.0848, trian_mse:0.0114, trian_r2: -41.8413, trian_cc: 0.2466
Epoch 22, val_loss: 0.0057, val_mae: 0.0840, val_mse: 0.0115, val_r2: -38.9921, val_cc: 0.2467
Epoch 23, trian_loss: 0.0057, trian_mae: 0.0848, trian_mse:0.0114, trian_r2: -40.1634, trian_cc: 0.2458
Epoch 23, val_loss: 0.0058, val_mae: 0.0842, val_mse: 0.0115, val_r2: -41.2042, val_cc: 0.2418
Epoch 24, trian_loss: 0.0057, trian_mae: 0.0847, trian_mse:0.0114, trian_r2: -37.1893, trian_cc: 0.2472
Epoch 24, val_loss: 0.0057, val_mae: 0.0841, val_mse: 0.0114, val_r2: -37.1046, val_cc: 0.2510
Epoch 25, trian_loss: 0.0057, trian_mae: 0.0848, trian_mse:0.0114, trian_r2: -42.7337, trian_cc: 0.2450
Epoch 25, val_loss: 0.0057, val_mae: 0.0842, val_mse: 0.0115, val_r2: -43.5972, val_cc: 0.2434
Epoch 26, trian_loss: 0.0057, trian_mae: 0.0847, trian_mse:0.0114, trian_r2: -37.9970, trian_cc: 0.2471
Epoch 26, val_loss: 0.0057, val_mae: 0.0841, val_mse: 0.0114, val_r2: -27.1364, val_cc: 0.2517
Epoch 27, trian_loss: 0.0057, trian_mae: 0.0845, trian_mse:0.0113, trian_r2: -34.6341, trian_cc: 0.2492
Epoch 27, val_loss: 0.0057, val_mae: 0.0840, val_mse: 0.0114, val_r2: -38.7064, val_cc: 0.2482
Epoch 28, trian_loss: 0.0057, trian_mae: 0.0846, trian_mse:0.0114, trian_r2: -38.4130, trian_cc: 0.2490
Epoch 28, val_loss: 0.0057, val_mae: 0.0843, val_mse: 0.0114, val_r2: -43.6707, val_cc: 0.2495
Epoch 29, trian_loss: 0.0057, trian_mae: 0.0848, trian_mse:0.0114, trian_r2: -41.3608, trian_cc: 0.2489
Epoch 29, val_loss: 0.0058, val_mae: 0.0839, val_mse: 0.0117, val_r2: -46.1226, val_cc: 0.2346
Epoch 30, trian_loss: 0.0057, trian_mae: 0.0846, trian_mse:0.0113, trian_r2: -35.0680, trian_cc: 0.2499
Epoch 30, val_loss: 0.0057, val_mae: 0.0838, val_mse: 0.0114, val_r2: -31.5046, val_cc: 0.2527
Epoch 31, trian_loss: 0.0057, trian_mae: 0.0846, trian_mse:0.0113, trian_r2: -37.5582, trian_cc: 0.2499
Epoch 31, val_loss: 0.0057, val_mae: 0.0838, val_mse: 0.0114, val_r2: -32.5435, val_cc: 0.2514
Epoch 32, trian_loss: 0.0056, trian_mae: 0.0844, trian_mse:0.0113, trian_r2: -33.8410, trian_cc: 0.2501
Epoch 32, val_loss: 0.0057, val_mae: 0.0839, val_mse: 0.0113, val_r2: -29.0480, val_cc: 0.2518
Epoch 33, trian_loss: 0.0057, trian_mae: 0.0845, trian_mse:0.0113, trian_r2: -38.7564, trian_cc: 0.2475
Epoch 33, val_loss: 0.0057, val_mae: 0.0841, val_mse: 0.0114, val_r2: -39.7914, val_cc: 0.2499
Epoch 34, trian_loss: 0.0056, trian_mae: 0.0846, trian_mse:0.0113, trian_r2: -37.7789, trian_cc: 0.2491
Epoch 34, val_loss: 0.0058, val_mae: 0.0843, val_mse: 0.0116, val_r2: -42.4624, val_cc: 0.2234
Epoch 35, trian_loss: 0.0056, trian_mae: 0.0843, trian_mse:0.0112, trian_r2: -34.8972, trian_cc: 0.2493
Epoch 35, val_loss: 0.0057, val_mae: 0.0836, val_mse: 0.0115, val_r2: -34.2725, val_cc: 0.2495
Epoch 36, trian_loss: 0.0056, trian_mae: 0.0842, trian_mse:0.0112, trian_r2: -32.3914, trian_cc: 0.2495
Epoch 36, val_loss: 0.0057, val_mae: 0.0840, val_mse: 0.0114, val_r2: -33.1446, val_cc: 0.2494
Epoch 37, trian_loss: 0.0056, trian_mae: 0.0845, trian_mse:0.0113, trian_r2: -36.0100, trian_cc: 0.2492
Epoch 37, val_loss: 0.0057, val_mae: 0.0839, val_mse: 0.0114, val_r2: -37.8340, val_cc: 0.2490
Epoch 38, trian_loss: 0.0056, trian_mae: 0.0843, trian_mse:0.0113, trian_r2: -36.1025, trian_cc: 0.2492
Epoch 38, val_loss: 0.0057, val_mae: 0.0839, val_mse: 0.0115, val_r2: -34.8570, val_cc: 0.2454
Epoch 39, trian_loss: 0.0056, trian_mae: 0.0843, trian_mse:0.0113, trian_r2: -36.1258, trian_cc: 0.2493
Epoch 39, val_loss: 0.0057, val_mae: 0.0840, val_mse: 0.0114, val_r2: -34.8969, val_cc: 0.2490
Epoch 40, trian_loss: 0.0056, trian_mae: 0.0842, trian_mse:0.0112, trian_r2: -35.7357, trian_cc: 0.2488
Epoch 40, val_loss: 0.0057, val_mae: 0.0841, val_mse: 0.0114, val_r2: -35.4502, val_cc: 0.2484
Epoch 41, trian_loss: 0.0055, trian_mae: 0.0838, trian_mse:0.0111, trian_r2: -29.8873, trian_cc: 0.2507
Epoch 41, val_loss: 0.0057, val_mae: 0.0839, val_mse: 0.0113, val_r2: -28.3844, val_cc: 0.2509
Epoch 42, trian_loss: 0.0055, trian_mae: 0.0838, trian_mse:0.0110, trian_r2: -27.0820, trian_cc: 0.2502
Epoch 42, val_loss: 0.0057, val_mae: 0.0840, val_mse: 0.0115, val_r2: -39.4251, val_cc: 0.2475
Epoch 43, trian_loss: 0.0055, trian_mae: 0.0839, trian_mse:0.0111, trian_r2: -31.0853, trian_cc: 0.2514
Epoch 43, val_loss: 0.0058, val_mae: 0.0838, val_mse: 0.0115, val_r2: -43.2351, val_cc: 0.2477
Epoch 44, trian_loss: 0.0055, trian_mae: 0.0835, trian_mse:0.0110, trian_r2: -28.3140, trian_cc: 0.2525
Epoch 44, val_loss: 0.0057, val_mae: 0.0840, val_mse: 0.0115, val_r2: -32.3772, val_cc: 0.2437
Epoch 45, trian_loss: 0.0055, trian_mae: 0.0837, trian_mse:0.0110, trian_r2: -29.2087, trian_cc: 0.2507
Epoch 45, val_loss: 0.0057, val_mae: 0.0837, val_mse: 0.0114, val_r2: -28.4950, val_cc: 0.2499
Epoch 46, trian_loss: 0.0055, trian_mae: 0.0834, trian_mse:0.0110, trian_r2: -28.9080, trian_cc: 0.2525
Epoch 46, val_loss: 0.0057, val_mae: 0.0842, val_mse: 0.0115, val_r2: -24.5054, val_cc: 0.2483
Epoch 47, trian_loss: 0.0055, trian_mae: 0.0833, trian_mse:0.0109, trian_r2: -28.0161, trian_cc: 0.2537
Epoch 47, val_loss: 0.0058, val_mae: 0.0837, val_mse: 0.0115, val_r2: -37.3159, val_cc: 0.2464
Epoch 48, trian_loss: 0.0054, trian_mae: 0.0833, trian_mse:0.0109, trian_r2: -28.3214, trian_cc: 0.2541
Epoch 48, val_loss: 0.0058, val_mae: 0.0841, val_mse: 0.0115, val_r2: -30.5896, val_cc: 0.2459
Epoch 49, trian_loss: 0.0054, trian_mae: 0.0834, trian_mse:0.0109, trian_r2: -29.1058, trian_cc: 0.2538
Epoch 49, val_loss: 0.0058, val_mae: 0.0837, val_mse: 0.0115, val_r2: -38.3990, val_cc: 0.2454
Epoch 50, trian_loss: 0.0055, trian_mae: 0.0836, trian_mse:0.0109, trian_r2: -33.1171, trian_cc: 0.2530
Epoch 50, val_loss: 0.0057, val_mae: 0.0841, val_mse: 0.0115, val_r2: -27.5472, val_cc: 0.2468
Epoch 51, trian_loss: 0.0054, trian_mae: 0.0831, trian_mse:0.0108, trian_r2: -26.4803, trian_cc: 0.2559
Epoch 51, val_loss: 0.0058, val_mae: 0.0847, val_mse: 0.0116, val_r2: -27.1675, val_cc: 0.2460
Epoch 52, trian_loss: 0.0054, trian_mae: 0.0831, trian_mse:0.0109, trian_r2: -29.7211, trian_cc: 0.2568
Epoch 52, val_loss: 0.0058, val_mae: 0.0847, val_mse: 0.0116, val_r2: -26.1122, val_cc: 0.2443
Epoch 53, trian_loss: 0.0054, trian_mae: 0.0830, trian_mse:0.0108, trian_r2: -28.2827, trian_cc: 0.2568
Epoch 53, val_loss: 0.0059, val_mae: 0.0857, val_mse: 0.0117, val_r2: -26.1577, val_cc: 0.2421
Epoch 54, trian_loss: 0.0054, trian_mae: 0.0829, trian_mse:0.0107, trian_r2: -29.3736, trian_cc: 0.2569
Epoch 54, val_loss: 0.0058, val_mae: 0.0850, val_mse: 0.0117, val_r2: -25.2117, val_cc: 0.2457
Epoch 55, trian_loss: 0.0054, trian_mae: 0.0828, trian_mse:0.0107, trian_r2: -27.6207, trian_cc: 0.2579
Epoch 55, val_loss: 0.0058, val_mae: 0.0844, val_mse: 0.0116, val_r2: -26.5481, val_cc: 0.2471
Epoch 56, trian_loss: 0.0054, trian_mae: 0.0828, trian_mse:0.0107, trian_r2: -29.6016, trian_cc: 0.2590
Epoch 56, val_loss: 0.0058, val_mae: 0.0850, val_mse: 0.0117, val_r2: -25.8051, val_cc: 0.2455
Epoch 57, trian_loss: 0.0053, trian_mae: 0.0827, trian_mse:0.0107, trian_r2: -30.0666, trian_cc: 0.2600
Epoch 57, val_loss: 0.0058, val_mae: 0.0842, val_mse: 0.0115, val_r2: -26.1650, val_cc: 0.2480
Epoch 58, trian_loss: 0.0053, trian_mae: 0.0826, trian_mse:0.0106, trian_r2: -28.0064, trian_cc: 0.2608
Epoch 58, val_loss: 0.0058, val_mae: 0.0844, val_mse: 0.0116, val_r2: -27.5500, val_cc: 0.2435
Epoch 59, trian_loss: 0.0053, trian_mae: 0.0827, trian_mse:0.0107, trian_r2: -29.3579, trian_cc: 0.2588
Epoch 59, val_loss: 0.0058, val_mae: 0.0844, val_mse: 0.0115, val_r2: -27.4840, val_cc: 0.2452
Epoch 60, trian_loss: 0.0053, trian_mae: 0.0825, trian_mse:0.0106, trian_r2: -28.5342, trian_cc: 0.2603
Epoch 60, val_loss: 0.0058, val_mae: 0.0840, val_mse: 0.0116, val_r2: -28.6887, val_cc: 0.2453
Epoch 61, trian_loss: 0.0053, trian_mae: 0.0824, trian_mse:0.0106, trian_r2: -28.5793, trian_cc: 0.2606
Epoch 61, val_loss: 0.0059, val_mae: 0.0847, val_mse: 0.0119, val_r2: -27.6516, val_cc: 0.2444
Epoch 62, trian_loss: 0.0053, trian_mae: 0.0824, trian_mse:0.0106, trian_r2: -28.7083, trian_cc: 0.2608
Epoch 62, val_loss: 0.0057, val_mae: 0.0841, val_mse: 0.0115, val_r2: -29.4896, val_cc: 0.2445
Epoch 63, trian_loss: 0.0053, trian_mae: 0.0824, trian_mse:0.0106, trian_r2: -29.6006, trian_cc: 0.2620
Epoch 63, val_loss: 0.0058, val_mae: 0.0852, val_mse: 0.0117, val_r2: -25.5636, val_cc: 0.2441
Epoch 64, trian_loss: 0.0053, trian_mae: 0.0824, trian_mse:0.0106, trian_r2: -28.6394, trian_cc: 0.2620
Epoch 64, val_loss: 0.0058, val_mae: 0.0850, val_mse: 0.0117, val_r2: -21.9162, val_cc: 0.2462
Epoch 65, trian_loss: 0.0053, trian_mae: 0.0820, trian_mse:0.0105, trian_r2: -26.7118, trian_cc: 0.2646
Epoch 65, val_loss: 0.0058, val_mae: 0.0854, val_mse: 0.0117, val_r2: -23.2153, val_cc: 0.2436
Epoch 66, trian_loss: 0.0053, trian_mae: 0.0821, trian_mse:0.0105, trian_r2: -27.0664, trian_cc: 0.2643
Epoch 66, val_loss: 0.0059, val_mae: 0.0856, val_mse: 0.0118, val_r2: -24.9649, val_cc: 0.2455
Epoch 67, trian_loss: 0.0053, trian_mae: 0.0821, trian_mse:0.0105, trian_r2: -27.0000, trian_cc: 0.2649
Epoch 67, val_loss: 0.0059, val_mae: 0.0854, val_mse: 0.0118, val_r2: -24.7401, val_cc: 0.2421
Epoch 68, trian_loss: 0.0053, trian_mae: 0.0819, trian_mse:0.0105, trian_r2: -28.0163, trian_cc: 0.2657
Epoch 68, val_loss: 0.0058, val_mae: 0.0857, val_mse: 0.0117, val_r2: -23.7142, val_cc: 0.2431
Epoch 69, trian_loss: 0.0053, trian_mae: 0.0821, trian_mse:0.0106, trian_r2: -30.3874, trian_cc: 0.2629
Epoch 69, val_loss: 0.0059, val_mae: 0.0860, val_mse: 0.0118, val_r2: -25.2496, val_cc: 0.2442
Epoch 70, trian_loss: 0.0053, trian_mae: 0.0819, trian_mse:0.0105, trian_r2: -26.3777, trian_cc: 0.2671
Epoch 70, val_loss: 0.0059, val_mae: 0.0855, val_mse: 0.0117, val_r2: -25.6547, val_cc: 0.2476
Epoch 71, trian_loss: 0.0053, trian_mae: 0.0819, trian_mse:0.0105, trian_r2: -27.0008, trian_cc: 0.2656
Epoch 71, val_loss: 0.0060, val_mae: 0.0857, val_mse: 0.0119, val_r2: -25.8979, val_cc: 0.2387
Epoch 72, trian_loss: 0.0052, trian_mae: 0.0818, trian_mse:0.0105, trian_r2: -27.6572, trian_cc: 0.2673
Epoch 72, val_loss: 0.0059, val_mae: 0.0856, val_mse: 0.0117, val_r2: -18.8612, val_cc: 0.2445
Epoch 73, trian_loss: 0.0053, trian_mae: 0.0819, trian_mse:0.0105, trian_r2: -27.1248, trian_cc: 0.2672
Epoch 73, val_loss: 0.0057, val_mae: 0.0840, val_mse: 0.0114, val_r2: -25.6476, val_cc: 0.2450
Epoch 74, trian_loss: 0.0052, trian_mae: 0.0815, trian_mse:0.0104, trian_r2: -26.2575, trian_cc: 0.2706
Epoch 74, val_loss: 0.0059, val_mae: 0.0859, val_mse: 0.0117, val_r2: -28.2796, val_cc: 0.2454
Epoch 75, trian_loss: 0.0052, trian_mae: 0.0816, trian_mse:0.0104, trian_r2: -27.0058, trian_cc: 0.2714
Epoch 75, val_loss: 0.0059, val_mae: 0.0855, val_mse: 0.0117, val_r2: -34.0123, val_cc: 0.2475
Epoch 76, trian_loss: 0.0052, trian_mae: 0.0818, trian_mse:0.0105, trian_r2: -29.8177, trian_cc: 0.2723
Epoch 76, val_loss: 0.0059, val_mae: 0.0861, val_mse: 0.0119, val_r2: -30.1478, val_cc: 0.2458
Epoch 77, trian_loss: 0.0052, trian_mae: 0.0814, trian_mse:0.0104, trian_r2: -27.3600, trian_cc: 0.2768
Epoch 77, val_loss: 0.0060, val_mae: 0.0855, val_mse: 0.0119, val_r2: -22.3912, val_cc: 0.2514
Epoch 78, trian_loss: 0.0052, trian_mae: 0.0818, trian_mse:0.0105, trian_r2: -29.3138, trian_cc: 0.2713
Epoch 78, val_loss: 0.0060, val_mae: 0.0859, val_mse: 0.0120, val_r2: -27.3675, val_cc: 0.2403
Epoch 79, trian_loss: 0.0052, trian_mae: 0.0815, trian_mse:0.0104, trian_r2: -26.5037, trian_cc: 0.2746
Epoch 79, val_loss: 0.0059, val_mae: 0.0850, val_mse: 0.0118, val_r2: -24.9005, val_cc: 0.2406
Epoch 80, trian_loss: 0.0052, trian_mae: 0.0812, trian_mse:0.0104, trian_r2: -25.7926, trian_cc: 0.2797
Epoch 80, val_loss: 0.0059, val_mae: 0.0852, val_mse: 0.0118, val_r2: -26.3429, val_cc: 0.2494
Epoch 81, trian_loss: 0.0052, trian_mae: 0.0812, trian_mse:0.0104, trian_r2: -25.0461, trian_cc: 0.2799
Epoch 81, val_loss: 0.0059, val_mae: 0.0861, val_mse: 0.0119, val_r2: -24.1281, val_cc: 0.2572
Epoch 82, trian_loss: 0.0052, trian_mae: 0.0815, trian_mse:0.0104, trian_r2: -26.9600, trian_cc: 0.2741
Epoch 82, val_loss: 0.0060, val_mae: 0.0861, val_mse: 0.0119, val_r2: -21.7719, val_cc: 0.2412
Epoch 83, trian_loss: 0.0052, trian_mae: 0.0812, trian_mse:0.0104, trian_r2: -26.8857, trian_cc: 0.2807
Epoch 83, val_loss: 0.0058, val_mae: 0.0853, val_mse: 0.0116, val_r2: -23.1227, val_cc: 0.2569
Epoch 84, trian_loss: 0.0052, trian_mae: 0.0810, trian_mse:0.0103, trian_r2: -25.3442, trian_cc: 0.2841
Epoch 84, val_loss: 0.0057, val_mae: 0.0844, val_mse: 0.0114, val_r2: -25.4061, val_cc: 0.2517
Epoch 85, trian_loss: 0.0052, trian_mae: 0.0811, trian_mse:0.0103, trian_r2: -24.6602, trian_cc: 0.2832
Epoch 85, val_loss: 0.0058, val_mae: 0.0855, val_mse: 0.0115, val_r2: -23.5960, val_cc: 0.2588
Epoch 86, trian_loss: 0.0051, trian_mae: 0.0808, trian_mse:0.0103, trian_r2: -24.2918, trian_cc: 0.2905
Epoch 86, val_loss: 0.0059, val_mae: 0.0854, val_mse: 0.0118, val_r2: -20.0732, val_cc: 0.2696
Epoch 87, trian_loss: 0.0051, trian_mae: 0.0806, trian_mse:0.0103, trian_r2: -24.3182, trian_cc: 0.2893
Epoch 87, val_loss: 0.0058, val_mae: 0.0852, val_mse: 0.0117, val_r2: -21.7483, val_cc: 0.2691
Epoch 88, trian_loss: 0.0051, trian_mae: 0.0807, trian_mse:0.0103, trian_r2: -22.6307, trian_cc: 0.2941
Epoch 88, val_loss: 0.0057, val_mae: 0.0840, val_mse: 0.0114, val_r2: -25.1478, val_cc: 0.2718
Epoch 89, trian_loss: 0.0051, trian_mae: 0.0806, trian_mse:0.0102, trian_r2: -22.5799, trian_cc: 0.2969
Epoch 89, val_loss: 0.0058, val_mae: 0.0851, val_mse: 0.0116, val_r2: -21.2051, val_cc: 0.2629
Epoch 90, trian_loss: 0.0051, trian_mae: 0.0802, trian_mse:0.0102, trian_r2: -20.3983, trian_cc: 0.3067
Epoch 90, val_loss: 0.0059, val_mae: 0.0857, val_mse: 0.0117, val_r2: -21.2808, val_cc: 0.2855
Epoch 91, trian_loss: 0.0051, trian_mae: 0.0803, trian_mse:0.0101, trian_r2: -20.6302, trian_cc: 0.3057
Epoch 91, val_loss: 0.0057, val_mae: 0.0852, val_mse: 0.0115, val_r2: -26.4809, val_cc: 0.2607
Epoch 92, trian_loss: 0.0051, trian_mae: 0.0800, trian_mse:0.0101, trian_r2: -17.9489, trian_cc: 0.3163
Epoch 92, val_loss: 0.0058, val_mae: 0.0858, val_mse: 0.0116, val_r2: -21.6740, val_cc: 0.2856
Epoch 93, trian_loss: 0.0050, trian_mae: 0.0795, trian_mse:0.0100, trian_r2: -16.9771, trian_cc: 0.3242
Epoch 93, val_loss: 0.0057, val_mae: 0.0839, val_mse: 0.0114, val_r2: -14.4738, val_cc: 0.3048
Epoch 94, trian_loss: 0.0050, trian_mae: 0.0793, trian_mse:0.0099, trian_r2: -14.8850, trian_cc: 0.3321
Epoch 94, val_loss: 0.0056, val_mae: 0.0834, val_mse: 0.0112, val_r2: -13.8600, val_cc: 0.3100
Epoch 95, trian_loss: 0.0050, trian_mae: 0.0797, trian_mse:0.0100, trian_r2: -16.8731, trian_cc: 0.3287
Epoch 95, val_loss: 0.0057, val_mae: 0.0846, val_mse: 0.0114, val_r2: -21.3983, val_cc: 0.2641
Epoch 96, trian_loss: 0.0051, trian_mae: 0.0798, trian_mse:0.0102, trian_r2: -16.3084, trian_cc: 0.3226
Epoch 96, val_loss: 0.0060, val_mae: 0.0854, val_mse: 0.0119, val_r2: -11.5800, val_cc: 0.3093
Epoch 97, trian_loss: 0.0049, trian_mae: 0.0788, trian_mse:0.0098, trian_r2: -10.9276, trian_cc: 0.3487
Epoch 97, val_loss: 0.0057, val_mae: 0.0837, val_mse: 0.0114, val_r2: -12.2397, val_cc: 0.3189
Epoch 98, trian_loss: 0.0049, trian_mae: 0.0789, trian_mse:0.0098, trian_r2: -11.8922, trian_cc: 0.3477
Epoch 98, val_loss: 0.0057, val_mae: 0.0841, val_mse: 0.0115, val_r2: -12.1053, val_cc: 0.3126
Epoch 99, trian_loss: 0.0049, trian_mae: 0.0785, trian_mse:0.0098, trian_r2: -10.8403, trian_cc: 0.3532
Epoch 99, val_loss: 0.0058, val_mae: 0.0839, val_mse: 0.0116, val_r2: -12.8492, val_cc: 0.3187
