Trian Data: 515   Validation Data: 172  Test Data: 172
model ResNet_2D(
  (conv1): Sequential(
    (0): Conv2d(61, 64, kernel_size=(3, 3), stride=(1, 1), padding=(1, 1), bias=False)
    (1): BatchNorm2d(64, eps=1e-05, momentum=0.1, affine=True, track_running_stats=True)
  )
  (layer1): Sequential(
    (0): BasicBlock(
      (conv1): Conv2d(64, 64, kernel_size=(3, 3), stride=(1, 1), padding=(1, 1), bias=False)
      (bn1): BatchNorm2d(64, eps=1e-05, momentum=0.1, affine=True, track_running_stats=True)
      (conv2): Conv2d(64, 64, kernel_size=(3, 3), stride=(1, 1), padding=(1, 1), bias=False)
      (bn2): BatchNorm2d(64, eps=1e-05, momentum=0.1, affine=True, track_running_stats=True)
      (shortcut): Sequential()
    )
    (1): BasicBlock(
      (conv1): Conv2d(64, 64, kernel_size=(3, 3), stride=(1, 1), padding=(1, 1), bias=False)
      (bn1): BatchNorm2d(64, eps=1e-05, momentum=0.1, affine=True, track_running_stats=True)
      (conv2): Conv2d(64, 64, kernel_size=(3, 3), stride=(1, 1), padding=(1, 1), bias=False)
      (bn2): BatchNorm2d(64, eps=1e-05, momentum=0.1, affine=True, track_running_stats=True)
      (shortcut): Sequential()
    )
  )
  (layer2): Sequential(
    (0): BasicBlock(
      (conv1): Conv2d(64, 64, kernel_size=(3, 3), stride=(1, 1), padding=(1, 1), bias=False)
      (bn1): BatchNorm2d(64, eps=1e-05, momentum=0.1, affine=True, track_running_stats=True)
      (conv2): Conv2d(64, 64, kernel_size=(3, 3), stride=(1, 1), padding=(1, 1), bias=False)
      (bn2): BatchNorm2d(64, eps=1e-05, momentum=0.1, affine=True, track_running_stats=True)
      (shortcut): Sequential()
    )
    (1): BasicBlock(
      (conv1): Conv2d(64, 64, kernel_size=(3, 3), stride=(1, 1), padding=(1, 1), bias=False)
      (bn1): BatchNorm2d(64, eps=1e-05, momentum=0.1, affine=True, track_running_stats=True)
      (conv2): Conv2d(64, 64, kernel_size=(3, 3), stride=(1, 1), padding=(1, 1), bias=False)
      (bn2): BatchNorm2d(64, eps=1e-05, momentum=0.1, affine=True, track_running_stats=True)
      (shortcut): Sequential()
    )
    (2): BasicBlock(
      (conv1): Conv2d(64, 64, kernel_size=(3, 3), stride=(1, 1), padding=(1, 1), bias=False)
      (bn1): BatchNorm2d(64, eps=1e-05, momentum=0.1, affine=True, track_running_stats=True)
      (conv2): Conv2d(64, 64, kernel_size=(3, 3), stride=(1, 1), padding=(1, 1), bias=False)
      (bn2): BatchNorm2d(64, eps=1e-05, momentum=0.1, affine=True, track_running_stats=True)
      (shortcut): Sequential()
    )
  )
  (layer3): Sequential(
    (0): BasicBlock(
      (conv1): Conv2d(64, 64, kernel_size=(3, 3), stride=(1, 1), padding=(1, 1), bias=False)
      (bn1): BatchNorm2d(64, eps=1e-05, momentum=0.1, affine=True, track_running_stats=True)
      (conv2): Conv2d(64, 64, kernel_size=(3, 3), stride=(1, 1), padding=(1, 1), bias=False)
      (bn2): BatchNorm2d(64, eps=1e-05, momentum=0.1, affine=True, track_running_stats=True)
      (shortcut): Sequential()
    )
    (1): BasicBlock(
      (conv1): Conv2d(64, 64, kernel_size=(3, 3), stride=(1, 1), padding=(1, 1), bias=False)
      (bn1): BatchNorm2d(64, eps=1e-05, momentum=0.1, affine=True, track_running_stats=True)
      (conv2): Conv2d(64, 64, kernel_size=(3, 3), stride=(1, 1), padding=(1, 1), bias=False)
      (bn2): BatchNorm2d(64, eps=1e-05, momentum=0.1, affine=True, track_running_stats=True)
      (shortcut): Sequential()
    )
    (2): BasicBlock(
      (conv1): Conv2d(64, 64, kernel_size=(3, 3), stride=(1, 1), padding=(1, 1), bias=False)
      (bn1): BatchNorm2d(64, eps=1e-05, momentum=0.1, affine=True, track_running_stats=True)
      (conv2): Conv2d(64, 64, kernel_size=(3, 3), stride=(1, 1), padding=(1, 1), bias=False)
      (bn2): BatchNorm2d(64, eps=1e-05, momentum=0.1, affine=True, track_running_stats=True)
      (shortcut): Sequential()
    )
  )
  (layer4): Sequential(
    (0): BasicBlock(
      (conv1): Conv2d(64, 64, kernel_size=(3, 3), stride=(1, 1), padding=(1, 1), bias=False)
      (bn1): BatchNorm2d(64, eps=1e-05, momentum=0.1, affine=True, track_running_stats=True)
      (conv2): Conv2d(64, 64, kernel_size=(3, 3), stride=(1, 1), padding=(1, 1), bias=False)
      (bn2): BatchNorm2d(64, eps=1e-05, momentum=0.1, affine=True, track_running_stats=True)
      (shortcut): Sequential()
    )
    (1): BasicBlock(
      (conv1): Conv2d(64, 64, kernel_size=(3, 3), stride=(1, 1), padding=(1, 1), bias=False)
      (bn1): BatchNorm2d(64, eps=1e-05, momentum=0.1, affine=True, track_running_stats=True)
      (conv2): Conv2d(64, 64, kernel_size=(3, 3), stride=(1, 1), padding=(1, 1), bias=False)
      (bn2): BatchNorm2d(64, eps=1e-05, momentum=0.1, affine=True, track_running_stats=True)
      (shortcut): Sequential()
    )
    (2): BasicBlock(
      (conv1): Conv2d(64, 64, kernel_size=(3, 3), stride=(1, 1), padding=(1, 1), bias=False)
      (bn1): BatchNorm2d(64, eps=1e-05, momentum=0.1, affine=True, track_running_stats=True)
      (conv2): Conv2d(64, 64, kernel_size=(3, 3), stride=(1, 1), padding=(1, 1), bias=False)
      (bn2): BatchNorm2d(64, eps=1e-05, momentum=0.1, affine=True, track_running_stats=True)
      (shortcut): Sequential()
    )
  )
  (conv2): Sequential(
    (0): Conv2d(64, 32, kernel_size=(3, 3), stride=(1, 1), padding=(1, 1))
    (1): BatchNorm2d(32, eps=1e-05, momentum=0.1, affine=True, track_running_stats=True)
  )
  (conv3): Sequential(
    (0): Conv2d(32, 16, kernel_size=(3, 3), stride=(1, 1), padding=(1, 1))
    (1): BatchNorm2d(16, eps=1e-05, momentum=0.1, affine=True, track_running_stats=True)
  )
  (conv4): Sequential(
    (0): Conv2d(16, 1, kernel_size=(3, 3), stride=(1, 1), padding=(1, 1))
    (1): BatchNorm2d(1, eps=1e-05, momentum=0.1, affine=True, track_running_stats=True)
  )
)
Epoch  0, trian_loss: 0.0091, trian_mae: 0.0908, trian_mse:0.0185, trian_r2: -3.6759, trian_cc: 0.3019
Epoch  0, val_loss: 0.0083, val_mae: 0.1045, val_mse: 0.0166, val_r2: -37.4433, val_cc: 0.1698
Epoch  1, trian_loss: 0.0046, trian_mae: 0.0716, trian_mse:0.0092, trian_r2: -401.8774, trian_cc: -0.0220
Epoch  1, val_loss: 0.0048, val_mae: 0.0734, val_mse: 0.0095, val_r2: -776.8271, val_cc: -0.0455
Epoch  2, trian_loss: 0.0042, trian_mae: 0.0688, trian_mse:0.0084, trian_r2: -978.0567, trian_cc: 0.0269
Epoch  2, val_loss: 0.0046, val_mae: 0.0716, val_mse: 0.0092, val_r2: -1004.2220, val_cc: 0.1516
Epoch  3, trian_loss: 0.0042, trian_mae: 0.0684, trian_mse:0.0084, trian_r2: -1369.8264, trian_cc: 0.0418
Epoch  3, val_loss: 0.0046, val_mae: 0.0725, val_mse: 0.0092, val_r2: -1816.5805, val_cc: 0.0263
Epoch  4, trian_loss: 0.0042, trian_mae: 0.0680, trian_mse:0.0083, trian_r2: -2031.9048, trian_cc: 0.0508
Epoch  4, val_loss: 0.0046, val_mae: 0.0719, val_mse: 0.0092, val_r2: -1871.1722, val_cc: 0.0469
Epoch  5, trian_loss: 0.0041, trian_mae: 0.0679, trian_mse:0.0083, trian_r2: -1373.1747, trian_cc: 0.0783
Epoch  5, val_loss: 0.0045, val_mae: 0.0713, val_mse: 0.0091, val_r2: -1304.7691, val_cc: 0.0919
Epoch  6, trian_loss: 0.0041, trian_mae: 0.0679, trian_mse:0.0083, trian_r2: -1312.4944, trian_cc: 0.0975
Epoch  6, val_loss: 0.0045, val_mae: 0.0715, val_mse: 0.0091, val_r2: -1874.0749, val_cc: 0.0888
Epoch  7, trian_loss: 0.0041, trian_mae: 0.0680, trian_mse:0.0083, trian_r2: -1079.8235, trian_cc: 0.1051
Epoch  7, val_loss: 0.0045, val_mae: 0.0719, val_mse: 0.0091, val_r2: -1506.7137, val_cc: 0.0943
Epoch  8, trian_loss: 0.0041, trian_mae: 0.0678, trian_mse:0.0082, trian_r2: -1389.9756, trian_cc: 0.0910
Epoch  8, val_loss: 0.0045, val_mae: 0.0715, val_mse: 0.0091, val_r2: -1296.9911, val_cc: 0.0950
Epoch  9, trian_loss: 0.0041, trian_mae: 0.0677, trian_mse:0.0082, trian_r2: -1150.5306, trian_cc: 0.1028
Epoch  9, val_loss: 0.0045, val_mae: 0.0718, val_mse: 0.0091, val_r2: -1498.2988, val_cc: 0.0624
Epoch 10, trian_loss: 0.0041, trian_mae: 0.0677, trian_mse:0.0082, trian_r2: -1502.9455, trian_cc: 0.0854
Epoch 10, val_loss: 0.0046, val_mae: 0.0722, val_mse: 0.0093, val_r2: -1183.7648, val_cc: 0.0849
Epoch 11, trian_loss: 0.0041, trian_mae: 0.0677, trian_mse:0.0082, trian_r2: -1149.6589, trian_cc: 0.1020
Epoch 11, val_loss: 0.0045, val_mae: 0.0717, val_mse: 0.0091, val_r2: -758.4296, val_cc: 0.1061
Epoch 12, trian_loss: 0.0041, trian_mae: 0.0676, trian_mse:0.0082, trian_r2: -1128.1305, trian_cc: 0.1088
Epoch 12, val_loss: 0.0045, val_mae: 0.0714, val_mse: 0.0091, val_r2: -1054.1376, val_cc: 0.1074
Epoch 13, trian_loss: 0.0041, trian_mae: 0.0676, trian_mse:0.0082, trian_r2: -1044.1552, trian_cc: 0.1172
Epoch 13, val_loss: 0.0045, val_mae: 0.0716, val_mse: 0.0090, val_r2: -663.5131, val_cc: 0.1203
Epoch 14, trian_loss: 0.0041, trian_mae: 0.0677, trian_mse:0.0082, trian_r2: -1058.0432, trian_cc: 0.1142
Epoch 14, val_loss: 0.0045, val_mae: 0.0718, val_mse: 0.0091, val_r2: -635.1419, val_cc: 0.1093
Epoch 15, trian_loss: 0.0041, trian_mae: 0.0676, trian_mse:0.0082, trian_r2: -998.2701, trian_cc: 0.1212
Epoch 15, val_loss: 0.0045, val_mae: 0.0714, val_mse: 0.0090, val_r2: -718.0210, val_cc: 0.1139
Epoch 16, trian_loss: 0.0041, trian_mae: 0.0675, trian_mse:0.0082, trian_r2: -842.7336, trian_cc: 0.1262
Epoch 16, val_loss: 0.0045, val_mae: 0.0715, val_mse: 0.0091, val_r2: -445.0680, val_cc: 0.1273
Epoch 17, trian_loss: 0.0041, trian_mae: 0.0676, trian_mse:0.0082, trian_r2: -745.0932, trian_cc: 0.1320
Epoch 17, val_loss: 0.0045, val_mae: 0.0713, val_mse: 0.0090, val_r2: -710.0665, val_cc: 0.1206
Epoch 18, trian_loss: 0.0041, trian_mae: 0.0676, trian_mse:0.0082, trian_r2: -957.1725, trian_cc: 0.1315
Epoch 18, val_loss: 0.0046, val_mae: 0.0723, val_mse: 0.0091, val_r2: -639.6119, val_cc: 0.1092
Epoch 19, trian_loss: 0.0041, trian_mae: 0.0676, trian_mse:0.0082, trian_r2: -746.7783, trian_cc: 0.1342
Epoch 19, val_loss: 0.0045, val_mae: 0.0711, val_mse: 0.0090, val_r2: -566.1101, val_cc: 0.1244
Epoch 20, trian_loss: 0.0041, trian_mae: 0.0675, trian_mse:0.0082, trian_r2: -598.3731, trian_cc: 0.1369
Epoch 20, val_loss: 0.0045, val_mae: 0.0714, val_mse: 0.0091, val_r2: -409.0152, val_cc: 0.1428
Epoch 21, trian_loss: 0.0041, trian_mae: 0.0674, trian_mse:0.0081, trian_r2: -491.6412, trian_cc: 0.1472
Epoch 21, val_loss: 0.0045, val_mae: 0.0711, val_mse: 0.0090, val_r2: -338.2004, val_cc: 0.1517
Epoch 22, trian_loss: 0.0041, trian_mae: 0.0674, trian_mse:0.0081, trian_r2: -438.1422, trian_cc: 0.1550
Epoch 22, val_loss: 0.0045, val_mae: 0.0707, val_mse: 0.0090, val_r2: -254.3348, val_cc: 0.1511
Epoch 23, trian_loss: 0.0040, trian_mae: 0.0672, trian_mse:0.0081, trian_r2: -279.0570, trian_cc: 0.1788
Epoch 23, val_loss: 0.0045, val_mae: 0.0707, val_mse: 0.0090, val_r2: -193.0368, val_cc: 0.1622
Epoch 24, trian_loss: 0.0041, trian_mae: 0.0676, trian_mse:0.0082, trian_r2: -281.7062, trian_cc: 0.1710
Epoch 24, val_loss: 0.0045, val_mae: 0.0707, val_mse: 0.0090, val_r2: -304.0010, val_cc: 0.1703
Epoch 25, trian_loss: 0.0040, trian_mae: 0.0668, trian_mse:0.0080, trian_r2: -219.3369, trian_cc: 0.1930
Epoch 25, val_loss: 0.0044, val_mae: 0.0716, val_mse: 0.0089, val_r2: -187.3388, val_cc: 0.1725
Epoch 26, trian_loss: 0.0040, trian_mae: 0.0667, trian_mse:0.0080, trian_r2: -154.8993, trian_cc: 0.1842
Epoch 26, val_loss: 0.0044, val_mae: 0.0708, val_mse: 0.0089, val_r2: -136.8227, val_cc: 0.1751
Epoch 27, trian_loss: 0.0040, trian_mae: 0.0666, trian_mse:0.0080, trian_r2: -135.2108, trian_cc: 0.2104
Epoch 27, val_loss: 0.0044, val_mae: 0.0699, val_mse: 0.0088, val_r2: -117.4005, val_cc: 0.1863
Epoch 28, trian_loss: 0.0040, trian_mae: 0.0662, trian_mse:0.0079, trian_r2: -119.1789, trian_cc: 0.2138
Epoch 28, val_loss: 0.0043, val_mae: 0.0702, val_mse: 0.0086, val_r2: -88.0707, val_cc: 0.2278
Epoch 29, trian_loss: 0.0039, trian_mae: 0.0658, trian_mse:0.0078, trian_r2: -93.7495, trian_cc: 0.2587
Epoch 29, val_loss: 0.0042, val_mae: 0.0687, val_mse: 0.0085, val_r2: -83.3253, val_cc: 0.2533
Epoch 30, trian_loss: 0.0039, trian_mae: 0.0656, trian_mse:0.0078, trian_r2: -90.0387, trian_cc: 0.2553
Epoch 30, val_loss: 0.0042, val_mae: 0.0687, val_mse: 0.0085, val_r2: -76.5183, val_cc: 0.2610
Epoch 31, trian_loss: 0.0038, trian_mae: 0.0645, trian_mse:0.0075, trian_r2: -78.8808, trian_cc: 0.3148
Epoch 31, val_loss: 0.0042, val_mae: 0.0671, val_mse: 0.0084, val_r2: -73.7289, val_cc: 0.2839
Epoch 32, trian_loss: 0.0038, trian_mae: 0.0648, trian_mse:0.0076, trian_r2: -71.8322, trian_cc: 0.2954
Epoch 32, val_loss: 0.0045, val_mae: 0.0688, val_mse: 0.0091, val_r2: -58.3042, val_cc: 0.2126
Epoch 33, trian_loss: 0.0040, trian_mae: 0.0661, trian_mse:0.0079, trian_r2: -84.8296, trian_cc: 0.2120
Epoch 33, val_loss: 0.0044, val_mae: 0.0693, val_mse: 0.0087, val_r2: -69.6862, val_cc: 0.2124
Epoch 34, trian_loss: 0.0039, trian_mae: 0.0659, trian_mse:0.0079, trian_r2: -81.7817, trian_cc: 0.2131
Epoch 34, val_loss: 0.0044, val_mae: 0.0693, val_mse: 0.0087, val_r2: -65.4798, val_cc: 0.2119
Epoch 35, trian_loss: 0.0039, trian_mae: 0.0657, trian_mse:0.0078, trian_r2: -75.4991, trian_cc: 0.2195
Epoch 35, val_loss: 0.0043, val_mae: 0.0693, val_mse: 0.0087, val_r2: -75.0657, val_cc: 0.2094
Epoch 36, trian_loss: 0.0039, trian_mae: 0.0657, trian_mse:0.0078, trian_r2: -80.2126, trian_cc: 0.2231
Epoch 36, val_loss: 0.0043, val_mae: 0.0681, val_mse: 0.0085, val_r2: -54.8410, val_cc: 0.2480
Epoch 37, trian_loss: 0.0039, trian_mae: 0.0657, trian_mse:0.0078, trian_r2: -81.4532, trian_cc: 0.2526
Epoch 37, val_loss: 0.0043, val_mae: 0.0687, val_mse: 0.0085, val_r2: -75.2895, val_cc: 0.2419
Epoch 38, trian_loss: 0.0037, trian_mae: 0.0642, trian_mse:0.0075, trian_r2: -70.8632, trian_cc: 0.3178
Epoch 38, val_loss: 0.0042, val_mae: 0.0684, val_mse: 0.0084, val_r2: -75.9429, val_cc: 0.2690
Epoch 39, trian_loss: 0.0038, trian_mae: 0.0652, trian_mse:0.0077, trian_r2: -79.6758, trian_cc: 0.2503
Epoch 39, val_loss: 0.0043, val_mae: 0.0689, val_mse: 0.0086, val_r2: -80.1984, val_cc: 0.2248
Epoch 40, trian_loss: 0.0038, trian_mae: 0.0649, trian_mse:0.0076, trian_r2: -75.4858, trian_cc: 0.2706
Epoch 40, val_loss: 0.0049, val_mae: 0.0710, val_mse: 0.0099, val_r2: -30.3031, val_cc: 0.3148
Epoch 41, trian_loss: 0.0037, trian_mae: 0.0636, trian_mse:0.0074, trian_r2: -67.7178, trian_cc: 0.3318
Epoch 41, val_loss: 0.0043, val_mae: 0.0686, val_mse: 0.0085, val_r2: -71.5843, val_cc: 0.2418
Epoch 42, trian_loss: 0.0037, trian_mae: 0.0638, trian_mse:0.0074, trian_r2: -68.9009, trian_cc: 0.3306
Epoch 42, val_loss: 0.0041, val_mae: 0.0683, val_mse: 0.0082, val_r2: -69.6522, val_cc: 0.3025
Epoch 43, trian_loss: 0.0037, trian_mae: 0.0633, trian_mse:0.0073, trian_r2: -63.4243, trian_cc: 0.3428
Epoch 43, val_loss: 0.0041, val_mae: 0.0667, val_mse: 0.0082, val_r2: -58.4746, val_cc: 0.3079
Epoch 44, trian_loss: 0.0037, trian_mae: 0.0639, trian_mse:0.0074, trian_r2: -67.4921, trian_cc: 0.3171
Epoch 44, val_loss: 0.0042, val_mae: 0.0695, val_mse: 0.0084, val_r2: -66.5424, val_cc: 0.2967
Epoch 45, trian_loss: 0.0037, trian_mae: 0.0641, trian_mse:0.0075, trian_r2: -67.4462, trian_cc: 0.3278
Epoch 45, val_loss: 0.0041, val_mae: 0.0671, val_mse: 0.0083, val_r2: -68.5066, val_cc: 0.2898
Epoch 46, trian_loss: 0.0037, trian_mae: 0.0636, trian_mse:0.0074, trian_r2: -66.5506, trian_cc: 0.3415
Epoch 46, val_loss: 0.0040, val_mae: 0.0666, val_mse: 0.0080, val_r2: -62.9623, val_cc: 0.3294
Epoch 47, trian_loss: 0.0037, trian_mae: 0.0631, trian_mse:0.0073, trian_r2: -61.9608, trian_cc: 0.3569
Epoch 47, val_loss: 0.0041, val_mae: 0.0670, val_mse: 0.0082, val_r2: -60.0570, val_cc: 0.3011
Epoch 48, trian_loss: 0.0037, trian_mae: 0.0632, trian_mse:0.0073, trian_r2: -67.1800, trian_cc: 0.3527
Epoch 48, val_loss: 0.0040, val_mae: 0.0656, val_mse: 0.0080, val_r2: -54.6451, val_cc: 0.3504
Epoch 49, trian_loss: 0.0036, trian_mae: 0.0631, trian_mse:0.0073, trian_r2: -61.3728, trian_cc: 0.3646
Epoch 49, val_loss: 0.0041, val_mae: 0.0668, val_mse: 0.0081, val_r2: -51.9000, val_cc: 0.3132
Epoch 50, trian_loss: 0.0037, trian_mae: 0.0634, trian_mse:0.0074, trian_r2: -61.1862, trian_cc: 0.3455
Epoch 50, val_loss: 0.0041, val_mae: 0.0662, val_mse: 0.0082, val_r2: -61.4027, val_cc: 0.3145
Epoch 51, trian_loss: 0.0036, trian_mae: 0.0632, trian_mse:0.0073, trian_r2: -65.5945, trian_cc: 0.3550
Epoch 51, val_loss: 0.0041, val_mae: 0.0665, val_mse: 0.0081, val_r2: -57.2765, val_cc: 0.3392
Epoch 52, trian_loss: 0.0036, trian_mae: 0.0629, trian_mse:0.0072, trian_r2: -63.6570, trian_cc: 0.3675
Epoch 52, val_loss: 0.0040, val_mae: 0.0650, val_mse: 0.0081, val_r2: -53.9651, val_cc: 0.3664
Epoch 53, trian_loss: 0.0036, trian_mae: 0.0627, trian_mse:0.0072, trian_r2: -62.2222, trian_cc: 0.3727
Epoch 53, val_loss: 0.0041, val_mae: 0.0650, val_mse: 0.0081, val_r2: -54.2146, val_cc: 0.3870
Epoch 54, trian_loss: 0.0036, trian_mae: 0.0626, trian_mse:0.0072, trian_r2: -60.1123, trian_cc: 0.3756
Epoch 54, val_loss: 0.0040, val_mae: 0.0657, val_mse: 0.0080, val_r2: -55.0582, val_cc: 0.3494
Epoch 55, trian_loss: 0.0037, trian_mae: 0.0635, trian_mse:0.0074, trian_r2: -63.3569, trian_cc: 0.3382
Epoch 55, val_loss: 0.0041, val_mae: 0.0661, val_mse: 0.0082, val_r2: -71.1843, val_cc: 0.3442
Epoch 56, trian_loss: 0.0037, trian_mae: 0.0638, trian_mse:0.0074, trian_r2: -67.0139, trian_cc: 0.3315
Epoch 56, val_loss: 0.0041, val_mae: 0.0664, val_mse: 0.0082, val_r2: -58.9100, val_cc: 0.3034
Epoch 57, trian_loss: 0.0037, trian_mae: 0.0631, trian_mse:0.0073, trian_r2: -69.0973, trian_cc: 0.3363
Epoch 57, val_loss: 0.0041, val_mae: 0.0652, val_mse: 0.0082, val_r2: -68.0673, val_cc: 0.3345
Epoch 58, trian_loss: 0.0037, trian_mae: 0.0636, trian_mse:0.0074, trian_r2: -65.3304, trian_cc: 0.3381
Epoch 58, val_loss: 0.0041, val_mae: 0.0654, val_mse: 0.0081, val_r2: -60.7506, val_cc: 0.3446
Epoch 59, trian_loss: 0.0036, trian_mae: 0.0628, trian_mse:0.0072, trian_r2: -63.3869, trian_cc: 0.3742
Epoch 59, val_loss: 0.0040, val_mae: 0.0664, val_mse: 0.0079, val_r2: -51.9641, val_cc: 0.3560
Epoch 60, trian_loss: 0.0036, trian_mae: 0.0625, trian_mse:0.0072, trian_r2: -56.2628, trian_cc: 0.3665
Epoch 60, val_loss: 0.0040, val_mae: 0.0662, val_mse: 0.0080, val_r2: -48.1206, val_cc: 0.3392
Epoch 61, trian_loss: 0.0036, trian_mae: 0.0630, trian_mse:0.0072, trian_r2: -58.8757, trian_cc: 0.3639
Epoch 61, val_loss: 0.0040, val_mae: 0.0662, val_mse: 0.0081, val_r2: -51.3417, val_cc: 0.3563
Epoch 62, trian_loss: 0.0036, trian_mae: 0.0629, trian_mse:0.0073, trian_r2: -58.7983, trian_cc: 0.3523
Epoch 62, val_loss: 0.0042, val_mae: 0.0698, val_mse: 0.0085, val_r2: -53.0851, val_cc: 0.2457
Epoch 63, trian_loss: 0.0037, trian_mae: 0.0635, trian_mse:0.0073, trian_r2: -60.3344, trian_cc: 0.3398
Epoch 63, val_loss: 0.0040, val_mae: 0.0668, val_mse: 0.0080, val_r2: -52.7765, val_cc: 0.3493
Epoch 64, trian_loss: 0.0036, trian_mae: 0.0627, trian_mse:0.0072, trian_r2: -56.3981, trian_cc: 0.3645
Epoch 64, val_loss: 0.0039, val_mae: 0.0653, val_mse: 0.0079, val_r2: -60.8621, val_cc: 0.3759
Epoch 65, trian_loss: 0.0036, trian_mae: 0.0633, trian_mse:0.0073, trian_r2: -62.0032, trian_cc: 0.3491
Epoch 65, val_loss: 0.0040, val_mae: 0.0658, val_mse: 0.0079, val_r2: -59.7514, val_cc: 0.3578
Epoch 66, trian_loss: 0.0036, trian_mae: 0.0622, trian_mse:0.0072, trian_r2: -58.9076, trian_cc: 0.3693
Epoch 66, val_loss: 0.0040, val_mae: 0.0660, val_mse: 0.0080, val_r2: -61.2805, val_cc: 0.3376
Epoch 67, trian_loss: 0.0036, trian_mae: 0.0632, trian_mse:0.0072, trian_r2: -58.2731, trian_cc: 0.3609
Epoch 67, val_loss: 0.0040, val_mae: 0.0660, val_mse: 0.0080, val_r2: -54.8631, val_cc: 0.3655
Epoch 68, trian_loss: 0.0035, trian_mae: 0.0615, trian_mse:0.0070, trian_r2: -59.7262, trian_cc: 0.4099
Epoch 68, val_loss: 0.0039, val_mae: 0.0637, val_mse: 0.0079, val_r2: -51.7212, val_cc: 0.4105
Epoch 69, trian_loss: 0.0035, trian_mae: 0.0606, trian_mse:0.0069, trian_r2: -53.6382, trian_cc: 0.4309
Epoch 69, val_loss: 0.0038, val_mae: 0.0631, val_mse: 0.0077, val_r2: -49.2579, val_cc: 0.4149
Epoch 70, trian_loss: 0.0034, trian_mae: 0.0600, trian_mse:0.0068, trian_r2: -44.0751, trian_cc: 0.4468
Epoch 70, val_loss: 0.0038, val_mae: 0.0619, val_mse: 0.0076, val_r2: -24.3920, val_cc: 0.4596
Epoch 71, trian_loss: 0.0033, trian_mae: 0.0595, trian_mse:0.0067, trian_r2: -35.8368, trian_cc: 0.4629
Epoch 71, val_loss: 0.0036, val_mae: 0.0608, val_mse: 0.0072, val_r2: -27.2748, val_cc: 0.4576
Epoch 72, trian_loss: 0.0032, trian_mae: 0.0585, trian_mse:0.0065, trian_r2: -28.4889, trian_cc: 0.4888
Epoch 72, val_loss: 0.0036, val_mae: 0.0608, val_mse: 0.0073, val_r2: -15.0556, val_cc: 0.4886
Epoch 73, trian_loss: 0.0032, trian_mae: 0.0579, trian_mse:0.0063, trian_r2: -22.8636, trian_cc: 0.5060
Epoch 73, val_loss: 0.0036, val_mae: 0.0606, val_mse: 0.0072, val_r2: -20.2943, val_cc: 0.4921
Epoch 74, trian_loss: 0.0031, trian_mae: 0.0573, trian_mse:0.0063, trian_r2: -18.6441, trian_cc: 0.5153
Epoch 74, val_loss: 0.0037, val_mae: 0.0602, val_mse: 0.0074, val_r2: -14.7858, val_cc: 0.4964
Epoch 75, trian_loss: 0.0031, trian_mae: 0.0569, trian_mse:0.0062, trian_r2: -18.7024, trian_cc: 0.5222
Epoch 75, val_loss: 0.0035, val_mae: 0.0609, val_mse: 0.0071, val_r2: -15.8760, val_cc: 0.4933
Epoch 76, trian_loss: 0.0031, trian_mae: 0.0563, trian_mse:0.0061, trian_r2: -18.9161, trian_cc: 0.5268
Epoch 76, val_loss: 0.0035, val_mae: 0.0588, val_mse: 0.0070, val_r2: -11.7975, val_cc: 0.5102
Epoch 77, trian_loss: 0.0030, trian_mae: 0.0557, trian_mse:0.0060, trian_r2: -16.0217, trian_cc: 0.5378
Epoch 77, val_loss: 0.0035, val_mae: 0.0588, val_mse: 0.0071, val_r2: -7.2841, val_cc: 0.5142
Epoch 78, trian_loss: 0.0030, trian_mae: 0.0557, trian_mse:0.0060, trian_r2: -13.8737, trian_cc: 0.5388
Epoch 78, val_loss: 0.0036, val_mae: 0.0595, val_mse: 0.0071, val_r2: -10.8666, val_cc: 0.5078
Epoch 79, trian_loss: 0.0030, trian_mae: 0.0554, trian_mse:0.0059, trian_r2: -13.3115, trian_cc: 0.5450
Epoch 79, val_loss: 0.0034, val_mae: 0.0582, val_mse: 0.0068, val_r2: -12.3654, val_cc: 0.5289
Epoch 80, trian_loss: 0.0030, trian_mae: 0.0550, trian_mse:0.0059, trian_r2: -14.1072, trian_cc: 0.5503
Epoch 80, val_loss: 0.0034, val_mae: 0.0586, val_mse: 0.0068, val_r2: -12.3267, val_cc: 0.5296
Epoch 81, trian_loss: 0.0030, trian_mae: 0.0553, trian_mse:0.0059, trian_r2: -13.1841, trian_cc: 0.5452
Epoch 81, val_loss: 0.0034, val_mae: 0.0588, val_mse: 0.0068, val_r2: -11.5159, val_cc: 0.5225
Epoch 82, trian_loss: 0.0029, trian_mae: 0.0545, trian_mse:0.0059, trian_r2: -14.8264, trian_cc: 0.5542
Epoch 82, val_loss: 0.0037, val_mae: 0.0612, val_mse: 0.0074, val_r2: -26.6661, val_cc: 0.5036
Epoch 83, trian_loss: 0.0029, trian_mae: 0.0547, trian_mse:0.0059, trian_r2: -14.6982, trian_cc: 0.5493
Epoch 83, val_loss: 0.0034, val_mae: 0.0588, val_mse: 0.0068, val_r2: -7.6616, val_cc: 0.5275
Epoch 84, trian_loss: 0.0029, trian_mae: 0.0543, trian_mse:0.0058, trian_r2: -11.5159, trian_cc: 0.5586
Epoch 84, val_loss: 0.0034, val_mae: 0.0585, val_mse: 0.0068, val_r2: -8.7420, val_cc: 0.5343
Epoch 85, trian_loss: 0.0029, trian_mae: 0.0542, trian_mse:0.0058, trian_r2: -10.1882, trian_cc: 0.5606
Epoch 85, val_loss: 0.0033, val_mae: 0.0575, val_mse: 0.0066, val_r2: -7.8787, val_cc: 0.5413
Epoch 86, trian_loss: 0.0029, trian_mae: 0.0542, trian_mse:0.0058, trian_r2: -9.6181, trian_cc: 0.5641
Epoch 86, val_loss: 0.0033, val_mae: 0.0579, val_mse: 0.0067, val_r2: -8.3942, val_cc: 0.5386
Epoch 87, trian_loss: 0.0028, trian_mae: 0.0533, trian_mse:0.0057, trian_r2: -7.9441, trian_cc: 0.5733
Epoch 87, val_loss: 0.0033, val_mae: 0.0575, val_mse: 0.0066, val_r2: -7.6971, val_cc: 0.5485
Epoch 88, trian_loss: 0.0028, trian_mae: 0.0533, trian_mse:0.0056, trian_r2: -8.3516, trian_cc: 0.5740
Epoch 88, val_loss: 0.0032, val_mae: 0.0567, val_mse: 0.0065, val_r2: -6.6248, val_cc: 0.5541
Epoch 89, trian_loss: 0.0028, trian_mae: 0.0531, trian_mse:0.0056, trian_r2: -7.9809, trian_cc: 0.5790
Epoch 89, val_loss: 0.0035, val_mae: 0.0599, val_mse: 0.0070, val_r2: -18.5134, val_cc: 0.5237
Epoch 90, trian_loss: 0.0029, trian_mae: 0.0538, trian_mse:0.0058, trian_r2: -14.2921, trian_cc: 0.5666
Epoch 90, val_loss: 0.0033, val_mae: 0.0562, val_mse: 0.0065, val_r2: -5.5393, val_cc: 0.5605
Epoch 91, trian_loss: 0.0028, trian_mae: 0.0523, trian_mse:0.0056, trian_r2: -10.2852, trian_cc: 0.5858
Epoch 91, val_loss: 0.0033, val_mae: 0.0565, val_mse: 0.0065, val_r2: -5.9889, val_cc: 0.5663
Epoch 92, trian_loss: 0.0028, trian_mae: 0.0520, trian_mse:0.0055, trian_r2: -7.8798, trian_cc: 0.5978
Epoch 92, val_loss: 0.0032, val_mae: 0.0564, val_mse: 0.0065, val_r2: -6.5593, val_cc: 0.5686
Epoch 93, trian_loss: 0.0027, trian_mae: 0.0522, trian_mse:0.0055, trian_r2: -6.9649, trian_cc: 0.5975
Epoch 93, val_loss: 0.0032, val_mae: 0.0560, val_mse: 0.0064, val_r2: -4.5144, val_cc: 0.5707
Epoch 94, trian_loss: 0.0027, trian_mae: 0.0519, trian_mse:0.0055, trian_r2: -7.5742, trian_cc: 0.6012
Epoch 94, val_loss: 0.0031, val_mae: 0.0550, val_mse: 0.0063, val_r2: -4.5997, val_cc: 0.5723
Epoch 95, trian_loss: 0.0027, trian_mae: 0.0517, trian_mse:0.0055, trian_r2: -6.9404, trian_cc: 0.6029
Epoch 95, val_loss: 0.0032, val_mae: 0.0558, val_mse: 0.0064, val_r2: -5.9789, val_cc: 0.5727
Epoch 96, trian_loss: 0.0027, trian_mae: 0.0513, trian_mse:0.0054, trian_r2: -5.6675, trian_cc: 0.6044
Epoch 96, val_loss: 0.0032, val_mae: 0.0573, val_mse: 0.0065, val_r2: -6.1615, val_cc: 0.5695
Epoch 97, trian_loss: 0.0027, trian_mae: 0.0512, trian_mse:0.0054, trian_r2: -5.9346, trian_cc: 0.6097
Epoch 97, val_loss: 0.0031, val_mae: 0.0555, val_mse: 0.0063, val_r2: -4.9808, val_cc: 0.5825
Epoch 98, trian_loss: 0.0027, trian_mae: 0.0508, trian_mse:0.0053, trian_r2: -5.3831, trian_cc: 0.6131
Epoch 98, val_loss: 0.0031, val_mae: 0.0555, val_mse: 0.0063, val_r2: -4.3467, val_cc: 0.5863
Epoch 99, trian_loss: 0.0027, trian_mae: 0.0509, trian_mse:0.0053, trian_r2: -5.6050, trian_cc: 0.6147
Epoch 99, val_loss: 0.0031, val_mae: 0.0551, val_mse: 0.0062, val_r2: -4.1875, val_cc: 0.5889
