Trian Data: 515   Validation Data: 172  Test Data: 172
model ResNet_2D(
  (conv1): Sequential(
    (0): Conv2d(401, 64, kernel_size=(3, 3), stride=(1, 1), padding=(1, 1), bias=False)
    (1): BatchNorm2d(64, eps=1e-05, momentum=0.1, affine=True, track_running_stats=True)
  )
  (layer1): Sequential(
    (0): BasicBlock(
      (conv1): Conv2d(64, 64, kernel_size=(3, 3), stride=(1, 1), padding=(1, 1), bias=False)
      (bn1): BatchNorm2d(64, eps=1e-05, momentum=0.1, affine=True, track_running_stats=True)
      (conv2): Conv2d(64, 64, kernel_size=(3, 3), stride=(1, 1), padding=(1, 1), bias=False)
      (bn2): BatchNorm2d(64, eps=1e-05, momentum=0.1, affine=True, track_running_stats=True)
      (shortcut): Sequential()
    )
    (1): BasicBlock(
      (conv1): Conv2d(64, 64, kernel_size=(3, 3), stride=(1, 1), padding=(1, 1), bias=False)
      (bn1): BatchNorm2d(64, eps=1e-05, momentum=0.1, affine=True, track_running_stats=True)
      (conv2): Conv2d(64, 64, kernel_size=(3, 3), stride=(1, 1), padding=(1, 1), bias=False)
      (bn2): BatchNorm2d(64, eps=1e-05, momentum=0.1, affine=True, track_running_stats=True)
      (shortcut): Sequential()
    )
  )
  (layer2): Sequential(
    (0): BasicBlock(
      (conv1): Conv2d(64, 64, kernel_size=(3, 3), stride=(1, 1), padding=(1, 1), bias=False)
      (bn1): BatchNorm2d(64, eps=1e-05, momentum=0.1, affine=True, track_running_stats=True)
      (conv2): Conv2d(64, 64, kernel_size=(3, 3), stride=(1, 1), padding=(1, 1), bias=False)
      (bn2): BatchNorm2d(64, eps=1e-05, momentum=0.1, affine=True, track_running_stats=True)
      (shortcut): Sequential()
    )
    (1): BasicBlock(
      (conv1): Conv2d(64, 64, kernel_size=(3, 3), stride=(1, 1), padding=(1, 1), bias=False)
      (bn1): BatchNorm2d(64, eps=1e-05, momentum=0.1, affine=True, track_running_stats=True)
      (conv2): Conv2d(64, 64, kernel_size=(3, 3), stride=(1, 1), padding=(1, 1), bias=False)
      (bn2): BatchNorm2d(64, eps=1e-05, momentum=0.1, affine=True, track_running_stats=True)
      (shortcut): Sequential()
    )
  )
  (layer3): Sequential(
    (0): BasicBlock(
      (conv1): Conv2d(64, 64, kernel_size=(3, 3), stride=(1, 1), padding=(1, 1), bias=False)
      (bn1): BatchNorm2d(64, eps=1e-05, momentum=0.1, affine=True, track_running_stats=True)
      (conv2): Conv2d(64, 64, kernel_size=(3, 3), stride=(1, 1), padding=(1, 1), bias=False)
      (bn2): BatchNorm2d(64, eps=1e-05, momentum=0.1, affine=True, track_running_stats=True)
      (shortcut): Sequential()
    )
    (1): BasicBlock(
      (conv1): Conv2d(64, 64, kernel_size=(3, 3), stride=(1, 1), padding=(1, 1), bias=False)
      (bn1): BatchNorm2d(64, eps=1e-05, momentum=0.1, affine=True, track_running_stats=True)
      (conv2): Conv2d(64, 64, kernel_size=(3, 3), stride=(1, 1), padding=(1, 1), bias=False)
      (bn2): BatchNorm2d(64, eps=1e-05, momentum=0.1, affine=True, track_running_stats=True)
      (shortcut): Sequential()
    )
  )
  (layer4): Sequential(
    (0): BasicBlock(
      (conv1): Conv2d(64, 64, kernel_size=(3, 3), stride=(1, 1), padding=(1, 1), bias=False)
      (bn1): BatchNorm2d(64, eps=1e-05, momentum=0.1, affine=True, track_running_stats=True)
      (conv2): Conv2d(64, 64, kernel_size=(3, 3), stride=(1, 1), padding=(1, 1), bias=False)
      (bn2): BatchNorm2d(64, eps=1e-05, momentum=0.1, affine=True, track_running_stats=True)
      (shortcut): Sequential()
    )
    (1): BasicBlock(
      (conv1): Conv2d(64, 64, kernel_size=(3, 3), stride=(1, 1), padding=(1, 1), bias=False)
      (bn1): BatchNorm2d(64, eps=1e-05, momentum=0.1, affine=True, track_running_stats=True)
      (conv2): Conv2d(64, 64, kernel_size=(3, 3), stride=(1, 1), padding=(1, 1), bias=False)
      (bn2): BatchNorm2d(64, eps=1e-05, momentum=0.1, affine=True, track_running_stats=True)
      (shortcut): Sequential()
    )
  )
  (conv2): Sequential(
    (0): Conv2d(64, 32, kernel_size=(3, 3), stride=(1, 1), padding=(1, 1))
    (1): BatchNorm2d(32, eps=1e-05, momentum=0.1, affine=True, track_running_stats=True)
  )
  (conv3): Sequential(
    (0): Conv2d(32, 16, kernel_size=(3, 3), stride=(1, 1), padding=(1, 1))
    (1): BatchNorm2d(16, eps=1e-05, momentum=0.1, affine=True, track_running_stats=True)
  )
  (conv4): Sequential(
    (0): Conv2d(16, 1, kernel_size=(3, 3), stride=(1, 1), padding=(1, 1))
    (1): BatchNorm2d(1, eps=1e-05, momentum=0.1, affine=True, track_running_stats=True)
  )
)
Epoch  0, trian_loss: 0.0095, trian_mae: 0.0949, trian_mse:0.0191, trian_r2: -2.5146, trian_cc: 0.4452
Epoch  0, val_loss: 0.0135, val_mae: 0.1376, val_mse: 0.0270, val_r2: -inf, val_cc: nan
Epoch  1, trian_loss: 0.0076, trian_mae: 0.0890, trian_mse:0.0152, trian_r2: -inf, trian_cc: nan
Epoch  1, val_loss: 0.0056, val_mae: 0.0750, val_mse: 0.0112, val_r2: -188.0486, val_cc: 0.3905
Epoch  2, trian_loss: 0.0066, trian_mae: 0.0823, trian_mse:0.0132, trian_r2: -inf, trian_cc: nan
Epoch  2, val_loss: 0.0057, val_mae: 0.0739, val_mse: 0.0115, val_r2: -323.8444, val_cc: 0.4006
Epoch  3, trian_loss: 0.0065, trian_mae: 0.0816, trian_mse:0.0131, trian_r2: -inf, trian_cc: nan
Epoch  3, val_loss: 0.0057, val_mae: 0.0740, val_mse: 0.0115, val_r2: -259.0531, val_cc: 0.3938
Epoch  4, trian_loss: 0.0065, trian_mae: 0.0810, trian_mse:0.0129, trian_r2: -inf, trian_cc: nan
Epoch  4, val_loss: 0.0056, val_mae: 0.0742, val_mse: 0.0112, val_r2: -162.5727, val_cc: 0.4504
Epoch  5, trian_loss: 0.0065, trian_mae: 0.0817, trian_mse:0.0131, trian_r2: -inf, trian_cc: nan
Epoch  5, val_loss: 0.0054, val_mae: 0.0725, val_mse: 0.0108, val_r2: -265.3614, val_cc: 0.4322
Epoch  6, trian_loss: 0.0064, trian_mae: 0.0807, trian_mse:0.0128, trian_r2: -inf, trian_cc: nan
Epoch  6, val_loss: 0.0055, val_mae: 0.0749, val_mse: 0.0110, val_r2: -350.4656, val_cc: 0.3668
Epoch  7, trian_loss: 0.0063, trian_mae: 0.0807, trian_mse:0.0126, trian_r2: -inf, trian_cc: nan
Epoch  7, val_loss: 0.0053, val_mae: 0.0730, val_mse: 0.0106, val_r2: -221.2448, val_cc: 0.4484
Epoch  8, trian_loss: 0.0063, trian_mae: 0.0809, trian_mse:0.0127, trian_r2: -inf, trian_cc: nan
Epoch  8, val_loss: 0.0054, val_mae: 0.0733, val_mse: 0.0107, val_r2: -217.0718, val_cc: 0.4466
Epoch  9, trian_loss: 0.0063, trian_mae: 0.0801, trian_mse:0.0125, trian_r2: -inf, trian_cc: nan
Epoch  9, val_loss: 0.0055, val_mae: 0.0730, val_mse: 0.0109, val_r2: -168.1465, val_cc: 0.4506
Epoch 10, trian_loss: 0.0063, trian_mae: 0.0805, trian_mse:0.0125, trian_r2: -inf, trian_cc: nan
Epoch 10, val_loss: 0.0054, val_mae: 0.0732, val_mse: 0.0109, val_r2: -206.6005, val_cc: 0.4482
Epoch 11, trian_loss: 0.0063, trian_mae: 0.0803, trian_mse:0.0126, trian_r2: -inf, trian_cc: nan
Epoch 11, val_loss: 0.0052, val_mae: 0.0722, val_mse: 0.0104, val_r2: -158.8533, val_cc: 0.4479
Epoch 12, trian_loss: 0.0063, trian_mae: 0.0799, trian_mse:0.0125, trian_r2: -inf, trian_cc: nan
Epoch 12, val_loss: 0.0055, val_mae: 0.0732, val_mse: 0.0111, val_r2: -186.5562, val_cc: 0.4342
Epoch 13, trian_loss: 0.0063, trian_mae: 0.0795, trian_mse:0.0126, trian_r2: -inf, trian_cc: nan
Epoch 13, val_loss: 0.0054, val_mae: 0.0730, val_mse: 0.0108, val_r2: -108.9203, val_cc: 0.4308
Epoch 14, trian_loss: 0.0060, trian_mae: 0.0789, trian_mse:0.0121, trian_r2: -inf, trian_cc: nan
Epoch 14, val_loss: 0.0054, val_mae: 0.0726, val_mse: 0.0109, val_r2: -144.6977, val_cc: 0.4295
Epoch 15, trian_loss: 0.0061, trian_mae: 0.0791, trian_mse:0.0122, trian_r2: -inf, trian_cc: nan
Epoch 15, val_loss: 0.0055, val_mae: 0.0751, val_mse: 0.0109, val_r2: -103.2960, val_cc: 0.3860
Epoch 16, trian_loss: 0.0061, trian_mae: 0.0793, trian_mse:0.0123, trian_r2: -inf, trian_cc: nan
Epoch 16, val_loss: 0.0055, val_mae: 0.0735, val_mse: 0.0110, val_r2: -52.2880, val_cc: 0.4016
Epoch 17, trian_loss: 0.0060, trian_mae: 0.0787, trian_mse:0.0120, trian_r2: -inf, trian_cc: nan
Epoch 17, val_loss: 0.0058, val_mae: 0.0746, val_mse: 0.0116, val_r2: -55.2244, val_cc: 0.3942
Epoch 18, trian_loss: 0.0059, trian_mae: 0.0782, trian_mse:0.0118, trian_r2: -inf, trian_cc: nan
Epoch 18, val_loss: 0.0061, val_mae: 0.0756, val_mse: 0.0121, val_r2: -78.3340, val_cc: 0.3861
Epoch 19, trian_loss: 0.0059, trian_mae: 0.0778, trian_mse:0.0117, trian_r2: -inf, trian_cc: nan
Epoch 19, val_loss: 0.0055, val_mae: 0.0732, val_mse: 0.0110, val_r2: -53.4819, val_cc: 0.3746
Epoch 20, trian_loss: 0.0058, trian_mae: 0.0776, trian_mse:0.0115, trian_r2: -inf, trian_cc: nan
Epoch 20, val_loss: 0.0055, val_mae: 0.0734, val_mse: 0.0110, val_r2: -59.9782, val_cc: 0.3690
Epoch 21, trian_loss: 0.0056, trian_mae: 0.0765, trian_mse:0.0111, trian_r2: -inf, trian_cc: nan
Epoch 21, val_loss: 0.0055, val_mae: 0.0734, val_mse: 0.0111, val_r2: -44.0175, val_cc: 0.3238
Epoch 22, trian_loss: 0.0054, trian_mae: 0.0758, trian_mse:0.0109, trian_r2: -inf, trian_cc: nan
Epoch 22, val_loss: 0.0059, val_mae: 0.0755, val_mse: 0.0118, val_r2: -31.7205, val_cc: 0.3514
Epoch 23, trian_loss: 0.0051, trian_mae: 0.0742, trian_mse:0.0102, trian_r2: -inf, trian_cc: nan
Epoch 23, val_loss: 0.0058, val_mae: 0.0740, val_mse: 0.0115, val_r2: -31.7717, val_cc: 0.3240
Epoch 24, trian_loss: 0.0049, trian_mae: 0.0735, trian_mse:0.0099, trian_r2: -inf, trian_cc: nan
Epoch 24, val_loss: 0.0055, val_mae: 0.0732, val_mse: 0.0111, val_r2: -38.6850, val_cc: 0.3173
Epoch 25, trian_loss: 0.0044, trian_mae: 0.0702, trian_mse:0.0089, trian_r2: -inf, trian_cc: nan
Epoch 25, val_loss: 0.0054, val_mae: 0.0733, val_mse: 0.0109, val_r2: -33.5615, val_cc: 0.3098
Epoch 26, trian_loss: 0.0042, trian_mae: 0.0688, trian_mse:0.0084, trian_r2: -inf, trian_cc: nan
Epoch 26, val_loss: 0.0056, val_mae: 0.0743, val_mse: 0.0113, val_r2: -33.0637, val_cc: 0.3180
Epoch 27, trian_loss: 0.0042, trian_mae: 0.0684, trian_mse:0.0084, trian_r2: -inf, trian_cc: nan
Epoch 27, val_loss: 0.0057, val_mae: 0.0740, val_mse: 0.0115, val_r2: -87.1339, val_cc: 0.3096
Epoch 28, trian_loss: 0.0038, trian_mae: 0.0664, trian_mse:0.0077, trian_r2: -inf, trian_cc: nan
Epoch 28, val_loss: 0.0056, val_mae: 0.0734, val_mse: 0.0112, val_r2: -55.9609, val_cc: 0.3168
Epoch 29, trian_loss: 0.0040, trian_mae: 0.0669, trian_mse:0.0080, trian_r2: -inf, trian_cc: nan
Epoch 29, val_loss: 0.0060, val_mae: 0.0761, val_mse: 0.0121, val_r2: -28.2506, val_cc: 0.3012
Epoch 30, trian_loss: 0.0037, trian_mae: 0.0643, trian_mse:0.0073, trian_r2: -inf, trian_cc: nan
Epoch 30, val_loss: 0.0063, val_mae: 0.0776, val_mse: 0.0125, val_r2: -20.9953, val_cc: 0.3194
Epoch 31, trian_loss: 0.0037, trian_mae: 0.0652, trian_mse:0.0075, trian_r2: -inf, trian_cc: nan
Epoch 31, val_loss: 0.0059, val_mae: 0.0762, val_mse: 0.0117, val_r2: -17.0351, val_cc: 0.3188
Epoch 32, trian_loss: 0.0037, trian_mae: 0.0649, trian_mse:0.0074, trian_r2: -inf, trian_cc: nan
Epoch 32, val_loss: 0.0059, val_mae: 0.0761, val_mse: 0.0117, val_r2: -15.2690, val_cc: 0.2800
Epoch 33, trian_loss: 0.0032, trian_mae: 0.0613, trian_mse:0.0065, trian_r2: -inf, trian_cc: nan
Epoch 33, val_loss: 0.0058, val_mae: 0.0756, val_mse: 0.0116, val_r2: -19.2038, val_cc: 0.2586
Epoch 34, trian_loss: 0.0033, trian_mae: 0.0618, trian_mse:0.0066, trian_r2: -inf, trian_cc: nan
Epoch 34, val_loss: 0.0053, val_mae: 0.0742, val_mse: 0.0106, val_r2: -17.9676, val_cc: 0.2846
Epoch 35, trian_loss: 0.0032, trian_mae: 0.0611, trian_mse:0.0065, trian_r2: -inf, trian_cc: nan
Epoch 35, val_loss: 0.0060, val_mae: 0.0766, val_mse: 0.0121, val_r2: -14.4552, val_cc: 0.2674
Epoch 36, trian_loss: 0.0030, trian_mae: 0.0594, trian_mse:0.0061, trian_r2: -inf, trian_cc: nan
Epoch 36, val_loss: 0.0060, val_mae: 0.0773, val_mse: 0.0121, val_r2: -9.3202, val_cc: 0.2607
Epoch 37, trian_loss: 0.0031, trian_mae: 0.0597, trian_mse:0.0062, trian_r2: -inf, trian_cc: nan
Epoch 37, val_loss: 0.0065, val_mae: 0.0806, val_mse: 0.0130, val_r2: -8.7868, val_cc: 0.2954
Epoch 38, trian_loss: 0.0029, trian_mae: 0.0578, trian_mse:0.0058, trian_r2: -inf, trian_cc: nan
Epoch 38, val_loss: 0.0057, val_mae: 0.0755, val_mse: 0.0114, val_r2: -8.3977, val_cc: 0.3122
Epoch 39, trian_loss: 0.0028, trian_mae: 0.0565, trian_mse:0.0056, trian_r2: -inf, trian_cc: nan
Epoch 39, val_loss: 0.0054, val_mae: 0.0722, val_mse: 0.0108, val_r2: -10.7788, val_cc: 0.3378
Epoch 40, trian_loss: 0.0024, trian_mae: 0.0531, trian_mse:0.0048, trian_r2: -inf, trian_cc: nan
Epoch 40, val_loss: 0.0059, val_mae: 0.0755, val_mse: 0.0119, val_r2: -8.1118, val_cc: 0.3457
Epoch 41, trian_loss: 0.0025, trian_mae: 0.0527, trian_mse:0.0050, trian_r2: -inf, trian_cc: nan
Epoch 41, val_loss: 0.0062, val_mae: 0.0772, val_mse: 0.0123, val_r2: -6.6455, val_cc: 0.3936
Epoch 42, trian_loss: 0.0023, trian_mae: 0.0519, trian_mse:0.0046, trian_r2: -inf, trian_cc: nan
Epoch 42, val_loss: 0.0053, val_mae: 0.0741, val_mse: 0.0107, val_r2: -6.6122, val_cc: 0.3476
Epoch 43, trian_loss: 0.0022, trian_mae: 0.0511, trian_mse:0.0045, trian_r2: -inf, trian_cc: nan
Epoch 43, val_loss: 0.0056, val_mae: 0.0715, val_mse: 0.0111, val_r2: -5.8052, val_cc: 0.3959
Epoch 44, trian_loss: 0.0023, trian_mae: 0.0511, trian_mse:0.0045, trian_r2: -inf, trian_cc: nan
Epoch 44, val_loss: 0.0051, val_mae: 0.0694, val_mse: 0.0102, val_r2: -5.4570, val_cc: 0.3988
Epoch 45, trian_loss: 0.0021, trian_mae: 0.0488, trian_mse:0.0042, trian_r2: -inf, trian_cc: nan
Epoch 45, val_loss: 0.0058, val_mae: 0.0739, val_mse: 0.0116, val_r2: -4.4935, val_cc: 0.4202
Epoch 46, trian_loss: 0.0021, trian_mae: 0.0489, trian_mse:0.0042, trian_r2: -inf, trian_cc: nan
Epoch 46, val_loss: 0.0057, val_mae: 0.0733, val_mse: 0.0114, val_r2: -5.0816, val_cc: 0.4033
Epoch 47, trian_loss: 0.0022, trian_mae: 0.0498, trian_mse:0.0044, trian_r2: -inf, trian_cc: nan
Epoch 47, val_loss: 0.0054, val_mae: 0.0710, val_mse: 0.0108, val_r2: -4.3982, val_cc: 0.4084
Epoch 48, trian_loss: 0.0020, trian_mae: 0.0469, trian_mse:0.0039, trian_r2: -inf, trian_cc: nan
Epoch 48, val_loss: 0.0052, val_mae: 0.0707, val_mse: 0.0103, val_r2: -4.8300, val_cc: 0.3974
Epoch 49, trian_loss: 0.0026, trian_mae: 0.0532, trian_mse:0.0052, trian_r2: -inf, trian_cc: nan
Epoch 49, val_loss: 0.0054, val_mae: 0.0706, val_mse: 0.0109, val_r2: -6.1821, val_cc: 0.4018
Epoch 50, trian_loss: 0.0017, trian_mae: 0.0438, trian_mse:0.0033, trian_r2: -inf, trian_cc: nan
Epoch 50, val_loss: 0.0055, val_mae: 0.0709, val_mse: 0.0110, val_r2: -4.7269, val_cc: 0.4169
Epoch 51, trian_loss: 0.0018, trian_mae: 0.0455, trian_mse:0.0037, trian_r2: -inf, trian_cc: nan
Epoch 51, val_loss: 0.0055, val_mae: 0.0720, val_mse: 0.0110, val_r2: -7.0472, val_cc: 0.3642
Epoch 52, trian_loss: 0.0017, trian_mae: 0.0441, trian_mse:0.0034, trian_r2: -inf, trian_cc: nan
Epoch 52, val_loss: 0.0059, val_mae: 0.0740, val_mse: 0.0117, val_r2: -5.3227, val_cc: 0.4262
Epoch 53, trian_loss: 0.0016, trian_mae: 0.0434, trian_mse:0.0033, trian_r2: -inf, trian_cc: nan
Epoch 53, val_loss: 0.0055, val_mae: 0.0721, val_mse: 0.0110, val_r2: -3.5295, val_cc: 0.4085
Epoch 54, trian_loss: 0.0016, trian_mae: 0.0428, trian_mse:0.0032, trian_r2: -inf, trian_cc: nan
Epoch 54, val_loss: 0.0053, val_mae: 0.0716, val_mse: 0.0105, val_r2: -5.3916, val_cc: 0.3708
Epoch 55, trian_loss: 0.0015, trian_mae: 0.0417, trian_mse:0.0030, trian_r2: -inf, trian_cc: nan
Epoch 55, val_loss: 0.0054, val_mae: 0.0696, val_mse: 0.0108, val_r2: -6.0488, val_cc: 0.4305
Epoch 56, trian_loss: 0.0016, trian_mae: 0.0427, trian_mse:0.0032, trian_r2: -inf, trian_cc: nan
Epoch 56, val_loss: 0.0054, val_mae: 0.0705, val_mse: 0.0109, val_r2: -4.7880, val_cc: 0.4104
Epoch 57, trian_loss: 0.0016, trian_mae: 0.0417, trian_mse:0.0032, trian_r2: -inf, trian_cc: nan
Epoch 57, val_loss: 0.0061, val_mae: 0.0749, val_mse: 0.0121, val_r2: -6.7524, val_cc: 0.3986
Epoch 58, trian_loss: 0.0016, trian_mae: 0.0425, trian_mse:0.0032, trian_r2: -inf, trian_cc: nan
Epoch 58, val_loss: 0.0062, val_mae: 0.0775, val_mse: 0.0124, val_r2: -4.9519, val_cc: 0.3812
Epoch 59, trian_loss: 0.0015, trian_mae: 0.0408, trian_mse:0.0029, trian_r2: -inf, trian_cc: nan
Epoch 59, val_loss: 0.0062, val_mae: 0.0768, val_mse: 0.0125, val_r2: -4.3841, val_cc: 0.3968
Epoch 60, trian_loss: 0.0015, trian_mae: 0.0412, trian_mse:0.0031, trian_r2: -inf, trian_cc: nan
Epoch 60, val_loss: 0.0063, val_mae: 0.0771, val_mse: 0.0126, val_r2: -4.0907, val_cc: 0.3989
Epoch 61, trian_loss: 0.0013, trian_mae: 0.0389, trian_mse:0.0027, trian_r2: -inf, trian_cc: nan
Epoch 61, val_loss: 0.0051, val_mae: 0.0711, val_mse: 0.0102, val_r2: -2.3811, val_cc: 0.4310
Epoch 62, trian_loss: 0.0014, trian_mae: 0.0396, trian_mse:0.0028, trian_r2: -inf, trian_cc: nan
Epoch 62, val_loss: 0.0056, val_mae: 0.0735, val_mse: 0.0112, val_r2: -2.9436, val_cc: 0.4062
Epoch 63, trian_loss: 0.0014, trian_mae: 0.0392, trian_mse:0.0028, trian_r2: -inf, trian_cc: nan
Epoch 63, val_loss: 0.0056, val_mae: 0.0719, val_mse: 0.0111, val_r2: -2.8742, val_cc: 0.3773
Epoch 64, trian_loss: 0.0013, trian_mae: 0.0377, trian_mse:0.0025, trian_r2: -inf, trian_cc: nan
Epoch 64, val_loss: 0.0055, val_mae: 0.0715, val_mse: 0.0109, val_r2: -2.7868, val_cc: 0.4019
Epoch 65, trian_loss: 0.0013, trian_mae: 0.0377, trian_mse:0.0025, trian_r2: -inf, trian_cc: nan
Epoch 65, val_loss: 0.0060, val_mae: 0.0759, val_mse: 0.0119, val_r2: -2.9228, val_cc: 0.3970
Epoch 66, trian_loss: 0.0013, trian_mae: 0.0379, trian_mse:0.0026, trian_r2: -inf, trian_cc: nan
Epoch 66, val_loss: 0.0052, val_mae: 0.0696, val_mse: 0.0104, val_r2: -2.6063, val_cc: 0.4345
Epoch 67, trian_loss: 0.0012, trian_mae: 0.0365, trian_mse:0.0023, trian_r2: -inf, trian_cc: nan
Epoch 67, val_loss: 0.0049, val_mae: 0.0699, val_mse: 0.0097, val_r2: -3.9742, val_cc: 0.4498
Epoch 68, trian_loss: 0.0014, trian_mae: 0.0387, trian_mse:0.0027, trian_r2: -inf, trian_cc: nan
Epoch 68, val_loss: 0.0052, val_mae: 0.0698, val_mse: 0.0104, val_r2: -2.8776, val_cc: 0.4271
Epoch 69, trian_loss: 0.0012, trian_mae: 0.0373, trian_mse:0.0025, trian_r2: -inf, trian_cc: nan
Epoch 69, val_loss: 0.0055, val_mae: 0.0732, val_mse: 0.0111, val_r2: -2.1051, val_cc: 0.4107
Epoch 70, trian_loss: 0.0011, trian_mae: 0.0356, trian_mse:0.0023, trian_r2: -inf, trian_cc: nan
Epoch 70, val_loss: 0.0053, val_mae: 0.0704, val_mse: 0.0107, val_r2: -2.7335, val_cc: 0.4401
Epoch 71, trian_loss: 0.0012, trian_mae: 0.0361, trian_mse:0.0023, trian_r2: -inf, trian_cc: nan
Epoch 71, val_loss: 0.0050, val_mae: 0.0692, val_mse: 0.0100, val_r2: -3.0011, val_cc: 0.4452
Epoch 72, trian_loss: 0.0011, trian_mae: 0.0346, trian_mse:0.0022, trian_r2: -inf, trian_cc: nan
Epoch 72, val_loss: 0.0054, val_mae: 0.0696, val_mse: 0.0108, val_r2: -3.4380, val_cc: 0.4178
Epoch 73, trian_loss: 0.0011, trian_mae: 0.0349, trian_mse:0.0022, trian_r2: -inf, trian_cc: nan
Epoch 73, val_loss: 0.0054, val_mae: 0.0696, val_mse: 0.0108, val_r2: -3.4950, val_cc: 0.4150
Epoch 74, trian_loss: 0.0011, trian_mae: 0.0353, trian_mse:0.0023, trian_r2: -inf, trian_cc: nan
Epoch 74, val_loss: 0.0056, val_mae: 0.0713, val_mse: 0.0111, val_r2: -3.2833, val_cc: 0.4183
Epoch 75, trian_loss: 0.0011, trian_mae: 0.0352, trian_mse:0.0022, trian_r2: -inf, trian_cc: nan
Epoch 75, val_loss: 0.0052, val_mae: 0.0711, val_mse: 0.0105, val_r2: -2.4101, val_cc: 0.4294
Epoch 76, trian_loss: 0.0011, trian_mae: 0.0341, trian_mse:0.0021, trian_r2: -inf, trian_cc: nan
Epoch 76, val_loss: 0.0052, val_mae: 0.0695, val_mse: 0.0104, val_r2: -2.6224, val_cc: 0.4296
Epoch 77, trian_loss: 0.0011, trian_mae: 0.0347, trian_mse:0.0022, trian_r2: -inf, trian_cc: nan
Epoch 77, val_loss: 0.0051, val_mae: 0.0680, val_mse: 0.0101, val_r2: -3.5456, val_cc: 0.4427
Epoch 78, trian_loss: 0.0009, trian_mae: 0.0325, trian_mse:0.0019, trian_r2: -inf, trian_cc: nan
Epoch 78, val_loss: 0.0056, val_mae: 0.0713, val_mse: 0.0112, val_r2: -3.7448, val_cc: 0.4035
Epoch 79, trian_loss: 0.0009, trian_mae: 0.0320, trian_mse:0.0018, trian_r2: -inf, trian_cc: nan
Epoch 79, val_loss: 0.0051, val_mae: 0.0694, val_mse: 0.0102, val_r2: -2.2059, val_cc: 0.4374
Epoch 80, trian_loss: 0.0010, trian_mae: 0.0335, trian_mse:0.0020, trian_r2: -inf, trian_cc: nan
Epoch 80, val_loss: 0.0049, val_mae: 0.0681, val_mse: 0.0098, val_r2: -2.2469, val_cc: 0.4539
Epoch 81, trian_loss: 0.0009, trian_mae: 0.0317, trian_mse:0.0018, trian_r2: -inf, trian_cc: nan
Epoch 81, val_loss: 0.0049, val_mae: 0.0677, val_mse: 0.0099, val_r2: -2.9068, val_cc: 0.4598
Epoch 82, trian_loss: 0.0011, trian_mae: 0.0339, trian_mse:0.0021, trian_r2: -inf, trian_cc: nan
Epoch 82, val_loss: 0.0055, val_mae: 0.0699, val_mse: 0.0109, val_r2: -3.9529, val_cc: 0.4306
Epoch 83, trian_loss: 0.0010, trian_mae: 0.0328, trian_mse:0.0019, trian_r2: -inf, trian_cc: nan
Epoch 83, val_loss: 0.0058, val_mae: 0.0724, val_mse: 0.0116, val_r2: -4.3284, val_cc: 0.4217
Epoch 84, trian_loss: 0.0011, trian_mae: 0.0344, trian_mse:0.0022, trian_r2: -inf, trian_cc: nan
Epoch 84, val_loss: 0.0054, val_mae: 0.0713, val_mse: 0.0107, val_r2: -2.0649, val_cc: 0.4306
Epoch 85, trian_loss: 0.0009, trian_mae: 0.0316, trian_mse:0.0018, trian_r2: -inf, trian_cc: nan
Epoch 85, val_loss: 0.0054, val_mae: 0.0710, val_mse: 0.0107, val_r2: -2.3614, val_cc: 0.4221
Epoch 86, trian_loss: 0.0009, trian_mae: 0.0314, trian_mse:0.0019, trian_r2: -inf, trian_cc: nan
Epoch 86, val_loss: 0.0052, val_mae: 0.0702, val_mse: 0.0104, val_r2: -2.1788, val_cc: 0.4419
Epoch 87, trian_loss: 0.0010, trian_mae: 0.0338, trian_mse:0.0021, trian_r2: -inf, trian_cc: nan
Epoch 87, val_loss: 0.0059, val_mae: 0.0742, val_mse: 0.0118, val_r2: -2.8196, val_cc: 0.4073
Epoch 88, trian_loss: 0.0008, trian_mae: 0.0308, trian_mse:0.0017, trian_r2: -inf, trian_cc: nan
Epoch 88, val_loss: 0.0048, val_mae: 0.0660, val_mse: 0.0097, val_r2: -3.2518, val_cc: 0.4684
Epoch 89, trian_loss: 0.0007, trian_mae: 0.0284, trian_mse:0.0015, trian_r2: -inf, trian_cc: nan
Epoch 89, val_loss: 0.0054, val_mae: 0.0708, val_mse: 0.0108, val_r2: -2.1869, val_cc: 0.4349
Epoch 90, trian_loss: 0.0007, trian_mae: 0.0281, trian_mse:0.0015, trian_r2: -inf, trian_cc: nan
Epoch 90, val_loss: 0.0049, val_mae: 0.0676, val_mse: 0.0097, val_r2: -2.8579, val_cc: 0.4639
Epoch 91, trian_loss: 0.0007, trian_mae: 0.0276, trian_mse:0.0014, trian_r2: -inf, trian_cc: nan
Epoch 91, val_loss: 0.0052, val_mae: 0.0693, val_mse: 0.0105, val_r2: -2.2033, val_cc: 0.4253
Epoch 92, trian_loss: 0.0007, trian_mae: 0.0272, trian_mse:0.0013, trian_r2: -inf, trian_cc: nan
Epoch 92, val_loss: 0.0049, val_mae: 0.0676, val_mse: 0.0099, val_r2: -3.3923, val_cc: 0.4523
Epoch 93, trian_loss: 0.0006, trian_mae: 0.0266, trian_mse:0.0013, trian_r2: -inf, trian_cc: nan
Epoch 93, val_loss: 0.0050, val_mae: 0.0685, val_mse: 0.0100, val_r2: -2.8581, val_cc: 0.4629
Epoch 94, trian_loss: 0.0006, trian_mae: 0.0261, trian_mse:0.0013, trian_r2: -inf, trian_cc: nan
Epoch 94, val_loss: 0.0052, val_mae: 0.0686, val_mse: 0.0103, val_r2: -2.8023, val_cc: 0.4399
Epoch 95, trian_loss: 0.0006, trian_mae: 0.0267, trian_mse:0.0013, trian_r2: -inf, trian_cc: nan
Epoch 95, val_loss: 0.0050, val_mae: 0.0681, val_mse: 0.0100, val_r2: -4.0910, val_cc: 0.4643
Epoch 96, trian_loss: 0.0007, trian_mae: 0.0273, trian_mse:0.0014, trian_r2: -inf, trian_cc: nan
Epoch 96, val_loss: 0.0049, val_mae: 0.0664, val_mse: 0.0098, val_r2: -3.0884, val_cc: 0.4588
Epoch 97, trian_loss: 0.0006, trian_mae: 0.0260, trian_mse:0.0012, trian_r2: -inf, trian_cc: nan
Epoch 97, val_loss: 0.0052, val_mae: 0.0691, val_mse: 0.0105, val_r2: -2.5905, val_cc: 0.4346
Epoch 98, trian_loss: 0.0006, trian_mae: 0.0262, trian_mse:0.0013, trian_r2: -inf, trian_cc: nan
Epoch 98, val_loss: 0.0052, val_mae: 0.0689, val_mse: 0.0103, val_r2: -2.4870, val_cc: 0.4390
Epoch 99, trian_loss: 0.0006, trian_mae: 0.0258, trian_mse:0.0012, trian_r2: -inf, trian_cc: nan
Epoch 99, val_loss: 0.0048, val_mae: 0.0678, val_mse: 0.0097, val_r2: -2.4850, val_cc: 0.4624
