Trian Data: 515   Validation Data: 172  Test Data: 172
model ResNet_2D(
  (conv1): Sequential(
    (0): Conv2d(438, 64, kernel_size=(3, 3), stride=(1, 1), padding=(1, 1), bias=False)
    (1): BatchNorm2d(64, eps=1e-05, momentum=0.1, affine=True, track_running_stats=True)
  )
  (layer1): Sequential(
    (0): BasicBlock(
      (conv1): Conv2d(64, 64, kernel_size=(3, 3), stride=(1, 1), padding=(1, 1), bias=False)
      (bn1): BatchNorm2d(64, eps=1e-05, momentum=0.1, affine=True, track_running_stats=True)
      (conv2): Conv2d(64, 64, kernel_size=(3, 3), stride=(1, 1), padding=(1, 1), bias=False)
      (bn2): BatchNorm2d(64, eps=1e-05, momentum=0.1, affine=True, track_running_stats=True)
      (shortcut): Sequential()
    )
    (1): BasicBlock(
      (conv1): Conv2d(64, 64, kernel_size=(3, 3), stride=(1, 1), padding=(1, 1), bias=False)
      (bn1): BatchNorm2d(64, eps=1e-05, momentum=0.1, affine=True, track_running_stats=True)
      (conv2): Conv2d(64, 64, kernel_size=(3, 3), stride=(1, 1), padding=(1, 1), bias=False)
      (bn2): BatchNorm2d(64, eps=1e-05, momentum=0.1, affine=True, track_running_stats=True)
      (shortcut): Sequential()
    )
  )
  (layer2): Sequential(
    (0): BasicBlock(
      (conv1): Conv2d(64, 64, kernel_size=(3, 3), stride=(1, 1), padding=(1, 1), bias=False)
      (bn1): BatchNorm2d(64, eps=1e-05, momentum=0.1, affine=True, track_running_stats=True)
      (conv2): Conv2d(64, 64, kernel_size=(3, 3), stride=(1, 1), padding=(1, 1), bias=False)
      (bn2): BatchNorm2d(64, eps=1e-05, momentum=0.1, affine=True, track_running_stats=True)
      (shortcut): Sequential()
    )
    (1): BasicBlock(
      (conv1): Conv2d(64, 64, kernel_size=(3, 3), stride=(1, 1), padding=(1, 1), bias=False)
      (bn1): BatchNorm2d(64, eps=1e-05, momentum=0.1, affine=True, track_running_stats=True)
      (conv2): Conv2d(64, 64, kernel_size=(3, 3), stride=(1, 1), padding=(1, 1), bias=False)
      (bn2): BatchNorm2d(64, eps=1e-05, momentum=0.1, affine=True, track_running_stats=True)
      (shortcut): Sequential()
    )
  )
  (layer3): Sequential(
    (0): BasicBlock(
      (conv1): Conv2d(64, 64, kernel_size=(3, 3), stride=(1, 1), padding=(1, 1), bias=False)
      (bn1): BatchNorm2d(64, eps=1e-05, momentum=0.1, affine=True, track_running_stats=True)
      (conv2): Conv2d(64, 64, kernel_size=(3, 3), stride=(1, 1), padding=(1, 1), bias=False)
      (bn2): BatchNorm2d(64, eps=1e-05, momentum=0.1, affine=True, track_running_stats=True)
      (shortcut): Sequential()
    )
    (1): BasicBlock(
      (conv1): Conv2d(64, 64, kernel_size=(3, 3), stride=(1, 1), padding=(1, 1), bias=False)
      (bn1): BatchNorm2d(64, eps=1e-05, momentum=0.1, affine=True, track_running_stats=True)
      (conv2): Conv2d(64, 64, kernel_size=(3, 3), stride=(1, 1), padding=(1, 1), bias=False)
      (bn2): BatchNorm2d(64, eps=1e-05, momentum=0.1, affine=True, track_running_stats=True)
      (shortcut): Sequential()
    )
  )
  (layer4): Sequential(
    (0): BasicBlock(
      (conv1): Conv2d(64, 64, kernel_size=(3, 3), stride=(1, 1), padding=(1, 1), bias=False)
      (bn1): BatchNorm2d(64, eps=1e-05, momentum=0.1, affine=True, track_running_stats=True)
      (conv2): Conv2d(64, 64, kernel_size=(3, 3), stride=(1, 1), padding=(1, 1), bias=False)
      (bn2): BatchNorm2d(64, eps=1e-05, momentum=0.1, affine=True, track_running_stats=True)
      (shortcut): Sequential()
    )
    (1): BasicBlock(
      (conv1): Conv2d(64, 64, kernel_size=(3, 3), stride=(1, 1), padding=(1, 1), bias=False)
      (bn1): BatchNorm2d(64, eps=1e-05, momentum=0.1, affine=True, track_running_stats=True)
      (conv2): Conv2d(64, 64, kernel_size=(3, 3), stride=(1, 1), padding=(1, 1), bias=False)
      (bn2): BatchNorm2d(64, eps=1e-05, momentum=0.1, affine=True, track_running_stats=True)
      (shortcut): Sequential()
    )
  )
  (conv2): Sequential(
    (0): Conv2d(64, 32, kernel_size=(3, 3), stride=(1, 1), padding=(1, 1))
    (1): BatchNorm2d(32, eps=1e-05, momentum=0.1, affine=True, track_running_stats=True)
  )
  (conv3): Sequential(
    (0): Conv2d(32, 16, kernel_size=(3, 3), stride=(1, 1), padding=(1, 1))
    (1): BatchNorm2d(16, eps=1e-05, momentum=0.1, affine=True, track_running_stats=True)
  )
  (conv4): Sequential(
    (0): Conv2d(16, 1, kernel_size=(3, 3), stride=(1, 1), padding=(1, 1))
    (1): BatchNorm2d(1, eps=1e-05, momentum=0.1, affine=True, track_running_stats=True)
  )
)
Epoch  0, trian_loss: 0.0118, trian_mae: 0.1041, trian_mse:0.0241, trian_r2: -2.3262, trian_cc: 0.4399
Epoch  0, val_loss: 0.0101, val_mae: 0.1194, val_mse: 0.0203, val_r2: -inf, val_cc: nan
Epoch  1, trian_loss: 0.0085, trian_mae: 0.0954, trian_mse:0.0171, trian_r2: -inf, trian_cc: nan
Epoch  1, val_loss: 0.0102, val_mae: 0.1203, val_mse: 0.0204, val_r2: -84.8076, val_cc: 0.3028
Epoch  2, trian_loss: 0.0078, trian_mae: 0.0882, trian_mse:0.0155, trian_r2: -inf, trian_cc: nan
Epoch  2, val_loss: 0.0062, val_mae: 0.0907, val_mse: 0.0124, val_r2: -107.3424, val_cc: 0.3556
Epoch  3, trian_loss: 0.0074, trian_mae: 0.0863, trian_mse:0.0148, trian_r2: -inf, trian_cc: nan
Epoch  3, val_loss: 0.0060, val_mae: 0.0888, val_mse: 0.0120, val_r2: -166.9763, val_cc: 0.3746
Epoch  4, trian_loss: 0.0074, trian_mae: 0.0856, trian_mse:0.0148, trian_r2: -inf, trian_cc: nan
Epoch  4, val_loss: 0.0068, val_mae: 0.0957, val_mse: 0.0137, val_r2: -226.7532, val_cc: 0.3683
Epoch  5, trian_loss: 0.0072, trian_mae: 0.0851, trian_mse:0.0145, trian_r2: -inf, trian_cc: nan
Epoch  5, val_loss: 0.0067, val_mae: 0.0962, val_mse: 0.0135, val_r2: -263.2495, val_cc: 0.3797
Epoch  6, trian_loss: 0.0074, trian_mae: 0.0858, trian_mse:0.0148, trian_r2: -inf, trian_cc: nan
Epoch  6, val_loss: 0.0065, val_mae: 0.0950, val_mse: 0.0130, val_r2: -308.9525, val_cc: 0.4271
Epoch  7, trian_loss: 0.0071, trian_mae: 0.0840, trian_mse:0.0142, trian_r2: -inf, trian_cc: nan
Epoch  7, val_loss: 0.0062, val_mae: 0.0916, val_mse: 0.0124, val_r2: -250.3905, val_cc: 0.4376
Epoch  8, trian_loss: 0.0070, trian_mae: 0.0837, trian_mse:0.0141, trian_r2: -inf, trian_cc: nan
Epoch  8, val_loss: 0.0065, val_mae: 0.0931, val_mse: 0.0130, val_r2: -283.7124, val_cc: 0.4446
Epoch  9, trian_loss: 0.0072, trian_mae: 0.0846, trian_mse:0.0143, trian_r2: -inf, trian_cc: nan
Epoch  9, val_loss: 0.0063, val_mae: 0.0903, val_mse: 0.0125, val_r2: -103.9532, val_cc: 0.4020
Epoch 10, trian_loss: 0.0070, trian_mae: 0.0839, trian_mse:0.0141, trian_r2: -inf, trian_cc: nan
Epoch 10, val_loss: 0.0055, val_mae: 0.0843, val_mse: 0.0110, val_r2: -336.5116, val_cc: 0.4526
Epoch 11, trian_loss: 0.0068, trian_mae: 0.0829, trian_mse:0.0137, trian_r2: -inf, trian_cc: nan
Epoch 11, val_loss: 0.0054, val_mae: 0.0818, val_mse: 0.0109, val_r2: -242.8025, val_cc: 0.4511
Epoch 12, trian_loss: 0.0069, trian_mae: 0.0833, trian_mse:0.0138, trian_r2: -inf, trian_cc: nan
Epoch 12, val_loss: 0.0057, val_mae: 0.0868, val_mse: 0.0114, val_r2: -203.8225, val_cc: 0.4346
Epoch 13, trian_loss: 0.0068, trian_mae: 0.0829, trian_mse:0.0136, trian_r2: -inf, trian_cc: nan
Epoch 13, val_loss: 0.0053, val_mae: 0.0808, val_mse: 0.0106, val_r2: -197.4728, val_cc: 0.4458
Epoch 14, trian_loss: 0.0068, trian_mae: 0.0825, trian_mse:0.0135, trian_r2: -inf, trian_cc: nan
Epoch 14, val_loss: 0.0053, val_mae: 0.0819, val_mse: 0.0106, val_r2: -188.0983, val_cc: 0.4241
Epoch 15, trian_loss: 0.0066, trian_mae: 0.0823, trian_mse:0.0133, trian_r2: -inf, trian_cc: nan
Epoch 15, val_loss: 0.0048, val_mae: 0.0761, val_mse: 0.0097, val_r2: -138.2736, val_cc: 0.4242
Epoch 16, trian_loss: 0.0065, trian_mae: 0.0813, trian_mse:0.0130, trian_r2: -inf, trian_cc: nan
Epoch 16, val_loss: 0.0049, val_mae: 0.0764, val_mse: 0.0098, val_r2: -99.1875, val_cc: 0.4138
Epoch 17, trian_loss: 0.0065, trian_mae: 0.0812, trian_mse:0.0130, trian_r2: -inf, trian_cc: nan
Epoch 17, val_loss: 0.0056, val_mae: 0.0820, val_mse: 0.0112, val_r2: -100.1398, val_cc: 0.4096
Epoch 18, trian_loss: 0.0064, trian_mae: 0.0810, trian_mse:0.0129, trian_r2: -inf, trian_cc: nan
Epoch 18, val_loss: 0.0063, val_mae: 0.0869, val_mse: 0.0126, val_r2: -84.9417, val_cc: 0.4128
Epoch 19, trian_loss: 0.0063, trian_mae: 0.0804, trian_mse:0.0125, trian_r2: -inf, trian_cc: nan
Epoch 19, val_loss: 0.0083, val_mae: 0.1026, val_mse: 0.0165, val_r2: -78.2655, val_cc: 0.3819
Epoch 20, trian_loss: 0.0062, trian_mae: 0.0804, trian_mse:0.0125, trian_r2: -inf, trian_cc: nan
Epoch 20, val_loss: 0.0056, val_mae: 0.0808, val_mse: 0.0113, val_r2: -75.1015, val_cc: 0.4063
Epoch 21, trian_loss: 0.0062, trian_mae: 0.0800, trian_mse:0.0124, trian_r2: -inf, trian_cc: nan
Epoch 21, val_loss: 0.0061, val_mae: 0.0840, val_mse: 0.0122, val_r2: -75.8043, val_cc: 0.3902
Epoch 22, trian_loss: 0.0060, trian_mae: 0.0787, trian_mse:0.0120, trian_r2: -inf, trian_cc: nan
Epoch 22, val_loss: 0.0062, val_mae: 0.0849, val_mse: 0.0125, val_r2: -60.2715, val_cc: 0.3967
Epoch 23, trian_loss: 0.0059, trian_mae: 0.0782, trian_mse:0.0119, trian_r2: -inf, trian_cc: nan
Epoch 23, val_loss: 0.0064, val_mae: 0.0842, val_mse: 0.0127, val_r2: -49.3232, val_cc: 0.3941
Epoch 24, trian_loss: 0.0058, trian_mae: 0.0776, trian_mse:0.0117, trian_r2: -inf, trian_cc: nan
Epoch 24, val_loss: 0.0063, val_mae: 0.0829, val_mse: 0.0126, val_r2: -44.0005, val_cc: 0.3935
Epoch 25, trian_loss: 0.0057, trian_mae: 0.0769, trian_mse:0.0114, trian_r2: -inf, trian_cc: nan
Epoch 25, val_loss: 0.0056, val_mae: 0.0806, val_mse: 0.0111, val_r2: -56.3406, val_cc: 0.3746
Epoch 26, trian_loss: 0.0056, trian_mae: 0.0767, trian_mse:0.0112, trian_r2: -inf, trian_cc: nan
Epoch 26, val_loss: 0.0065, val_mae: 0.0846, val_mse: 0.0131, val_r2: -49.4098, val_cc: 0.3560
Epoch 27, trian_loss: 0.0055, trian_mae: 0.0755, trian_mse:0.0110, trian_r2: -inf, trian_cc: nan
Epoch 27, val_loss: 0.0058, val_mae: 0.0794, val_mse: 0.0117, val_r2: -42.7497, val_cc: 0.3518
Epoch 28, trian_loss: 0.0054, trian_mae: 0.0757, trian_mse:0.0107, trian_r2: -inf, trian_cc: nan
Epoch 28, val_loss: 0.0061, val_mae: 0.0842, val_mse: 0.0123, val_r2: -37.9734, val_cc: 0.3825
Epoch 29, trian_loss: 0.0052, trian_mae: 0.0738, trian_mse:0.0103, trian_r2: -inf, trian_cc: nan
Epoch 29, val_loss: 0.0079, val_mae: 0.0940, val_mse: 0.0158, val_r2: -22.8347, val_cc: 0.3340
Epoch 30, trian_loss: 0.0049, trian_mae: 0.0726, trian_mse:0.0098, trian_r2: -inf, trian_cc: nan
Epoch 30, val_loss: 0.0072, val_mae: 0.0859, val_mse: 0.0144, val_r2: -29.5208, val_cc: 0.3420
Epoch 31, trian_loss: 0.0048, trian_mae: 0.0717, trian_mse:0.0096, trian_r2: -inf, trian_cc: nan
Epoch 31, val_loss: 0.0070, val_mae: 0.0925, val_mse: 0.0139, val_r2: -32.8690, val_cc: 0.3472
Epoch 32, trian_loss: 0.0049, trian_mae: 0.0723, trian_mse:0.0097, trian_r2: -inf, trian_cc: nan
Epoch 32, val_loss: 0.0048, val_mae: 0.0715, val_mse: 0.0097, val_r2: -19.6216, val_cc: 0.3374
Epoch 33, trian_loss: 0.0047, trian_mae: 0.0706, trian_mse:0.0094, trian_r2: -inf, trian_cc: nan
Epoch 33, val_loss: 0.0047, val_mae: 0.0704, val_mse: 0.0093, val_r2: -26.2023, val_cc: 0.3725
Epoch 34, trian_loss: 0.0043, trian_mae: 0.0685, trian_mse:0.0086, trian_r2: -inf, trian_cc: nan
Epoch 34, val_loss: 0.0052, val_mae: 0.0736, val_mse: 0.0104, val_r2: -11.4845, val_cc: 0.3561
Epoch 35, trian_loss: 0.0043, trian_mae: 0.0676, trian_mse:0.0086, trian_r2: -inf, trian_cc: nan
Epoch 35, val_loss: 0.0051, val_mae: 0.0755, val_mse: 0.0103, val_r2: -20.4951, val_cc: 0.3307
Epoch 36, trian_loss: 0.0038, trian_mae: 0.0654, trian_mse:0.0077, trian_r2: -inf, trian_cc: nan
Epoch 36, val_loss: 0.0052, val_mae: 0.0716, val_mse: 0.0104, val_r2: -10.3217, val_cc: 0.3701
Epoch 37, trian_loss: 0.0039, trian_mae: 0.0652, trian_mse:0.0077, trian_r2: -inf, trian_cc: nan
Epoch 37, val_loss: 0.0053, val_mae: 0.0737, val_mse: 0.0106, val_r2: -9.7935, val_cc: 0.3871
Epoch 38, trian_loss: 0.0039, trian_mae: 0.0648, trian_mse:0.0077, trian_r2: -inf, trian_cc: nan
Epoch 38, val_loss: 0.0066, val_mae: 0.0876, val_mse: 0.0132, val_r2: -10.9691, val_cc: 0.4010
Epoch 39, trian_loss: 0.0036, trian_mae: 0.0633, trian_mse:0.0073, trian_r2: -inf, trian_cc: nan
Epoch 39, val_loss: 0.0045, val_mae: 0.0669, val_mse: 0.0089, val_r2: -12.5352, val_cc: 0.4000
Epoch 40, trian_loss: 0.0032, trian_mae: 0.0601, trian_mse:0.0065, trian_r2: -inf, trian_cc: nan
Epoch 40, val_loss: 0.0047, val_mae: 0.0653, val_mse: 0.0093, val_r2: -22.7235, val_cc: 0.4098
Epoch 41, trian_loss: 0.0033, trian_mae: 0.0606, trian_mse:0.0066, trian_r2: -inf, trian_cc: nan
Epoch 41, val_loss: 0.0057, val_mae: 0.0744, val_mse: 0.0115, val_r2: -11.0998, val_cc: 0.4228
Epoch 42, trian_loss: 0.0031, trian_mae: 0.0588, trian_mse:0.0062, trian_r2: -inf, trian_cc: nan
Epoch 42, val_loss: 0.0048, val_mae: 0.0674, val_mse: 0.0096, val_r2: -8.0005, val_cc: 0.4490
Epoch 43, trian_loss: 0.0032, trian_mae: 0.0585, trian_mse:0.0063, trian_r2: -inf, trian_cc: nan
Epoch 43, val_loss: 0.0065, val_mae: 0.0793, val_mse: 0.0129, val_r2: -3.5979, val_cc: 0.4631
Epoch 44, trian_loss: 0.0031, trian_mae: 0.0578, trian_mse:0.0061, trian_r2: -inf, trian_cc: nan
Epoch 44, val_loss: 0.0055, val_mae: 0.0741, val_mse: 0.0109, val_r2: -7.6946, val_cc: 0.4488
Epoch 45, trian_loss: 0.0028, trian_mae: 0.0557, trian_mse:0.0056, trian_r2: -inf, trian_cc: nan
Epoch 45, val_loss: 0.0072, val_mae: 0.0812, val_mse: 0.0144, val_r2: -5.4622, val_cc: 0.4480
Epoch 46, trian_loss: 0.0028, trian_mae: 0.0554, trian_mse:0.0056, trian_r2: -inf, trian_cc: nan
Epoch 46, val_loss: 0.0070, val_mae: 0.0816, val_mse: 0.0140, val_r2: -4.5444, val_cc: 0.4791
Epoch 47, trian_loss: 0.0026, trian_mae: 0.0539, trian_mse:0.0053, trian_r2: -inf, trian_cc: nan
Epoch 47, val_loss: 0.0045, val_mae: 0.0651, val_mse: 0.0090, val_r2: -7.9628, val_cc: 0.4527
Epoch 48, trian_loss: 0.0025, trian_mae: 0.0528, trian_mse:0.0051, trian_r2: -inf, trian_cc: nan
Epoch 48, val_loss: 0.0047, val_mae: 0.0659, val_mse: 0.0094, val_r2: -5.5832, val_cc: 0.4911
Epoch 49, trian_loss: 0.0025, trian_mae: 0.0523, trian_mse:0.0050, trian_r2: -inf, trian_cc: nan
Epoch 49, val_loss: 0.0062, val_mae: 0.0758, val_mse: 0.0124, val_r2: -4.1458, val_cc: 0.4693
Epoch 50, trian_loss: 0.0025, trian_mae: 0.0523, trian_mse:0.0050, trian_r2: -inf, trian_cc: nan
Epoch 50, val_loss: 0.0057, val_mae: 0.0705, val_mse: 0.0113, val_r2: -4.5969, val_cc: 0.4787
Epoch 51, trian_loss: 0.0022, trian_mae: 0.0493, trian_mse:0.0045, trian_r2: -inf, trian_cc: nan
Epoch 51, val_loss: 0.0060, val_mae: 0.0726, val_mse: 0.0120, val_r2: -4.1836, val_cc: 0.4991
Epoch 52, trian_loss: 0.0023, trian_mae: 0.0497, trian_mse:0.0046, trian_r2: -inf, trian_cc: nan
Epoch 52, val_loss: 0.0068, val_mae: 0.0800, val_mse: 0.0136, val_r2: -3.3809, val_cc: 0.4658
Epoch 53, trian_loss: 0.0022, trian_mae: 0.0501, trian_mse:0.0045, trian_r2: -inf, trian_cc: nan
Epoch 53, val_loss: 0.0089, val_mae: 0.0961, val_mse: 0.0178, val_r2: -4.8099, val_cc: 0.4851
Epoch 54, trian_loss: 0.0021, trian_mae: 0.0485, trian_mse:0.0042, trian_r2: -inf, trian_cc: nan
Epoch 54, val_loss: 0.0121, val_mae: 0.1023, val_mse: 0.0243, val_r2: -4.2077, val_cc: 0.4810
Epoch 55, trian_loss: 0.0021, trian_mae: 0.0477, trian_mse:0.0041, trian_r2: -inf, trian_cc: nan
Epoch 55, val_loss: 0.0047, val_mae: 0.0671, val_mse: 0.0094, val_r2: -3.5125, val_cc: 0.5090
Epoch 56, trian_loss: 0.0019, trian_mae: 0.0459, trian_mse:0.0038, trian_r2: -inf, trian_cc: nan
Epoch 56, val_loss: 0.0046, val_mae: 0.0646, val_mse: 0.0092, val_r2: -5.1558, val_cc: 0.5037
Epoch 57, trian_loss: 0.0020, trian_mae: 0.0473, trian_mse:0.0040, trian_r2: -inf, trian_cc: nan
Epoch 57, val_loss: 0.0055, val_mae: 0.0713, val_mse: 0.0110, val_r2: -4.5006, val_cc: 0.4976
Epoch 58, trian_loss: 0.0020, trian_mae: 0.0461, trian_mse:0.0039, trian_r2: -inf, trian_cc: nan
Epoch 58, val_loss: 0.0079, val_mae: 0.0810, val_mse: 0.0158, val_r2: -2.6164, val_cc: 0.4784
Epoch 59, trian_loss: 0.0017, trian_mae: 0.0434, trian_mse:0.0034, trian_r2: -inf, trian_cc: nan
Epoch 59, val_loss: 0.0046, val_mae: 0.0648, val_mse: 0.0091, val_r2: -4.4419, val_cc: 0.5054
Epoch 60, trian_loss: 0.0018, trian_mae: 0.0444, trian_mse:0.0037, trian_r2: -inf, trian_cc: nan
Epoch 60, val_loss: 0.0051, val_mae: 0.0673, val_mse: 0.0102, val_r2: -5.5431, val_cc: 0.4771
Epoch 61, trian_loss: 0.0018, trian_mae: 0.0435, trian_mse:0.0036, trian_r2: -inf, trian_cc: nan
Epoch 61, val_loss: 0.0053, val_mae: 0.0694, val_mse: 0.0106, val_r2: -3.9262, val_cc: 0.4929
Epoch 62, trian_loss: 0.0017, trian_mae: 0.0430, trian_mse:0.0034, trian_r2: -inf, trian_cc: nan
Epoch 62, val_loss: 0.0100, val_mae: 0.0944, val_mse: 0.0200, val_r2: -4.1216, val_cc: 0.5020
Epoch 63, trian_loss: 0.0016, trian_mae: 0.0428, trian_mse:0.0033, trian_r2: -inf, trian_cc: nan
Epoch 63, val_loss: 0.0090, val_mae: 0.0891, val_mse: 0.0181, val_r2: -3.1623, val_cc: 0.4950
Epoch 64, trian_loss: 0.0016, trian_mae: 0.0421, trian_mse:0.0033, trian_r2: -inf, trian_cc: nan
Epoch 64, val_loss: 0.0047, val_mae: 0.0642, val_mse: 0.0093, val_r2: -3.2889, val_cc: 0.5060
Epoch 65, trian_loss: 0.0017, trian_mae: 0.0419, trian_mse:0.0034, trian_r2: -inf, trian_cc: nan
Epoch 65, val_loss: 0.0040, val_mae: 0.0615, val_mse: 0.0080, val_r2: -3.9767, val_cc: 0.5219
Epoch 66, trian_loss: 0.0016, trian_mae: 0.0408, trian_mse:0.0031, trian_r2: -inf, trian_cc: nan
Epoch 66, val_loss: 0.0058, val_mae: 0.0707, val_mse: 0.0115, val_r2: -3.3202, val_cc: 0.4958
Epoch 67, trian_loss: 0.0015, trian_mae: 0.0408, trian_mse:0.0031, trian_r2: -inf, trian_cc: nan
Epoch 67, val_loss: 0.0059, val_mae: 0.0715, val_mse: 0.0119, val_r2: -3.3151, val_cc: 0.5115
Epoch 68, trian_loss: 0.0014, trian_mae: 0.0395, trian_mse:0.0028, trian_r2: -inf, trian_cc: nan
Epoch 68, val_loss: 0.0086, val_mae: 0.0856, val_mse: 0.0172, val_r2: -2.5956, val_cc: 0.4963
Epoch 69, trian_loss: 0.0014, trian_mae: 0.0387, trian_mse:0.0028, trian_r2: -inf, trian_cc: nan
Epoch 69, val_loss: 0.0044, val_mae: 0.0637, val_mse: 0.0088, val_r2: -2.7381, val_cc: 0.5164
Epoch 70, trian_loss: 0.0014, trian_mae: 0.0393, trian_mse:0.0028, trian_r2: -inf, trian_cc: nan
Epoch 70, val_loss: 0.0064, val_mae: 0.0743, val_mse: 0.0128, val_r2: -2.2628, val_cc: 0.4804
Epoch 71, trian_loss: 0.0014, trian_mae: 0.0394, trian_mse:0.0029, trian_r2: -inf, trian_cc: nan
Epoch 71, val_loss: 0.0066, val_mae: 0.0783, val_mse: 0.0132, val_r2: -3.2760, val_cc: 0.5258
Epoch 72, trian_loss: 0.0014, trian_mae: 0.0382, trian_mse:0.0027, trian_r2: -inf, trian_cc: nan
Epoch 72, val_loss: 0.0042, val_mae: 0.0620, val_mse: 0.0083, val_r2: -4.4231, val_cc: 0.4967
Epoch 73, trian_loss: 0.0013, trian_mae: 0.0378, trian_mse:0.0027, trian_r2: -inf, trian_cc: nan
Epoch 73, val_loss: 0.0065, val_mae: 0.0739, val_mse: 0.0130, val_r2: -2.7231, val_cc: 0.5071
Epoch 74, trian_loss: 0.0013, trian_mae: 0.0377, trian_mse:0.0026, trian_r2: -inf, trian_cc: nan
Epoch 74, val_loss: 0.0094, val_mae: 0.0867, val_mse: 0.0188, val_r2: -3.2066, val_cc: 0.4946
Epoch 75, trian_loss: 0.0013, trian_mae: 0.0384, trian_mse:0.0027, trian_r2: -inf, trian_cc: nan
Epoch 75, val_loss: 0.0041, val_mae: 0.0629, val_mse: 0.0082, val_r2: -3.1207, val_cc: 0.5138
Epoch 76, trian_loss: 0.0013, trian_mae: 0.0379, trian_mse:0.0026, trian_r2: -inf, trian_cc: nan
Epoch 76, val_loss: 0.0051, val_mae: 0.0673, val_mse: 0.0101, val_r2: -3.5017, val_cc: 0.4736
Epoch 77, trian_loss: 0.0014, trian_mae: 0.0389, trian_mse:0.0028, trian_r2: -inf, trian_cc: nan
Epoch 77, val_loss: 0.0130, val_mae: 0.1105, val_mse: 0.0260, val_r2: -4.2036, val_cc: 0.4858
Epoch 78, trian_loss: 0.0014, trian_mae: 0.0387, trian_mse:0.0028, trian_r2: -inf, trian_cc: nan
Epoch 78, val_loss: 0.0092, val_mae: 0.0960, val_mse: 0.0184, val_r2: -3.7184, val_cc: 0.4920
Epoch 79, trian_loss: 0.0012, trian_mae: 0.0368, trian_mse:0.0025, trian_r2: -inf, trian_cc: nan
Epoch 79, val_loss: 0.0101, val_mae: 0.0975, val_mse: 0.0202, val_r2: -2.4793, val_cc: 0.5127
Epoch 80, trian_loss: 0.0014, trian_mae: 0.0377, trian_mse:0.0028, trian_r2: -inf, trian_cc: nan
Epoch 80, val_loss: 0.0043, val_mae: 0.0615, val_mse: 0.0085, val_r2: -3.2930, val_cc: 0.5146
Epoch 81, trian_loss: 0.0011, trian_mae: 0.0348, trian_mse:0.0022, trian_r2: -inf, trian_cc: nan
Epoch 81, val_loss: 0.0055, val_mae: 0.0700, val_mse: 0.0111, val_r2: -2.2904, val_cc: 0.5129
Epoch 82, trian_loss: 0.0011, trian_mae: 0.0347, trian_mse:0.0022, trian_r2: -inf, trian_cc: nan
Epoch 82, val_loss: 0.0046, val_mae: 0.0638, val_mse: 0.0091, val_r2: -4.6246, val_cc: 0.4924
Epoch 83, trian_loss: 0.0012, trian_mae: 0.0358, trian_mse:0.0023, trian_r2: -inf, trian_cc: nan
Epoch 83, val_loss: 0.0080, val_mae: 0.0840, val_mse: 0.0160, val_r2: -2.4864, val_cc: 0.5027
Epoch 84, trian_loss: 0.0012, trian_mae: 0.0361, trian_mse:0.0024, trian_r2: -inf, trian_cc: nan
Epoch 84, val_loss: 0.0042, val_mae: 0.0628, val_mse: 0.0084, val_r2: -2.5714, val_cc: 0.5212
Epoch 85, trian_loss: 0.0012, trian_mae: 0.0343, trian_mse:0.0023, trian_r2: -inf, trian_cc: nan
Epoch 85, val_loss: 0.0048, val_mae: 0.0656, val_mse: 0.0096, val_r2: -2.8269, val_cc: 0.5084
Epoch 86, trian_loss: 0.0011, trian_mae: 0.0343, trian_mse:0.0022, trian_r2: -inf, trian_cc: nan
Epoch 86, val_loss: 0.0046, val_mae: 0.0645, val_mse: 0.0093, val_r2: -1.9954, val_cc: 0.5122
Epoch 87, trian_loss: 0.0010, trian_mae: 0.0327, trian_mse:0.0020, trian_r2: -inf, trian_cc: nan
Epoch 87, val_loss: 0.0083, val_mae: 0.0835, val_mse: 0.0167, val_r2: -2.8016, val_cc: 0.5024
Epoch 88, trian_loss: 0.0010, trian_mae: 0.0333, trian_mse:0.0021, trian_r2: -inf, trian_cc: nan
Epoch 88, val_loss: 0.0050, val_mae: 0.0664, val_mse: 0.0099, val_r2: -2.4749, val_cc: 0.4932
Epoch 89, trian_loss: 0.0011, trian_mae: 0.0342, trian_mse:0.0022, trian_r2: -inf, trian_cc: nan
Epoch 89, val_loss: 0.0069, val_mae: 0.0786, val_mse: 0.0137, val_r2: -1.8885, val_cc: 0.4813
Epoch 90, trian_loss: 0.0011, trian_mae: 0.0338, trian_mse:0.0021, trian_r2: -inf, trian_cc: nan
Epoch 90, val_loss: 0.0066, val_mae: 0.0780, val_mse: 0.0132, val_r2: -2.0840, val_cc: 0.5012
Epoch 91, trian_loss: 0.0011, trian_mae: 0.0349, trian_mse:0.0022, trian_r2: -inf, trian_cc: nan
Epoch 91, val_loss: 0.0078, val_mae: 0.0850, val_mse: 0.0155, val_r2: -2.7309, val_cc: 0.5054
Epoch 92, trian_loss: 0.0011, trian_mae: 0.0342, trian_mse:0.0022, trian_r2: -inf, trian_cc: nan
Epoch 92, val_loss: 0.0054, val_mae: 0.0710, val_mse: 0.0109, val_r2: -1.7723, val_cc: 0.5199
Epoch 93, trian_loss: 0.0010, trian_mae: 0.0334, trian_mse:0.0021, trian_r2: -inf, trian_cc: nan
Epoch 93, val_loss: 0.0055, val_mae: 0.0703, val_mse: 0.0111, val_r2: -1.6295, val_cc: 0.4961
Epoch 94, trian_loss: 0.0010, trian_mae: 0.0323, trian_mse:0.0019, trian_r2: -inf, trian_cc: nan
Epoch 94, val_loss: 0.0047, val_mae: 0.0657, val_mse: 0.0095, val_r2: -2.0184, val_cc: 0.5160
Epoch 95, trian_loss: 0.0008, trian_mae: 0.0304, trian_mse:0.0017, trian_r2: -inf, trian_cc: nan
Epoch 95, val_loss: 0.0047, val_mae: 0.0654, val_mse: 0.0093, val_r2: -2.1303, val_cc: 0.5137
Epoch 96, trian_loss: 0.0008, trian_mae: 0.0305, trian_mse:0.0017, trian_r2: -inf, trian_cc: nan
Epoch 96, val_loss: 0.0048, val_mae: 0.0658, val_mse: 0.0097, val_r2: -2.0956, val_cc: 0.5165
Epoch 97, trian_loss: 0.0008, trian_mae: 0.0296, trian_mse:0.0016, trian_r2: -inf, trian_cc: nan
Epoch 97, val_loss: 0.0053, val_mae: 0.0684, val_mse: 0.0106, val_r2: -2.1496, val_cc: 0.5116
Epoch 98, trian_loss: 0.0008, trian_mae: 0.0290, trian_mse:0.0016, trian_r2: -inf, trian_cc: nan
Epoch 98, val_loss: 0.0077, val_mae: 0.0815, val_mse: 0.0155, val_r2: -1.8634, val_cc: 0.4984
Epoch 99, trian_loss: 0.0008, trian_mae: 0.0294, trian_mse:0.0016, trian_r2: -inf, trian_cc: nan
Epoch 99, val_loss: 0.0054, val_mae: 0.0703, val_mse: 0.0108, val_r2: -1.6874, val_cc: 0.5112
