Trian Data: 515   Validation Data: 172  Test Data: 172
model ResNet_2D(
  (conv1): Sequential(
    (0): Conv2d(437, 64, kernel_size=(3, 3), stride=(1, 1), padding=(1, 1), bias=False)
    (1): BatchNorm2d(64, eps=1e-05, momentum=0.1, affine=True, track_running_stats=True)
  )
  (layer1): Sequential(
    (0): BasicBlock(
      (conv1): Conv2d(64, 64, kernel_size=(3, 3), stride=(1, 1), padding=(1, 1), bias=False)
      (bn1): BatchNorm2d(64, eps=1e-05, momentum=0.1, affine=True, track_running_stats=True)
      (conv2): Conv2d(64, 64, kernel_size=(3, 3), stride=(1, 1), padding=(1, 1), bias=False)
      (bn2): BatchNorm2d(64, eps=1e-05, momentum=0.1, affine=True, track_running_stats=True)
      (shortcut): Sequential()
    )
    (1): BasicBlock(
      (conv1): Conv2d(64, 64, kernel_size=(3, 3), stride=(1, 1), padding=(1, 1), bias=False)
      (bn1): BatchNorm2d(64, eps=1e-05, momentum=0.1, affine=True, track_running_stats=True)
      (conv2): Conv2d(64, 64, kernel_size=(3, 3), stride=(1, 1), padding=(1, 1), bias=False)
      (bn2): BatchNorm2d(64, eps=1e-05, momentum=0.1, affine=True, track_running_stats=True)
      (shortcut): Sequential()
    )
  )
  (layer2): Sequential(
    (0): BasicBlock(
      (conv1): Conv2d(64, 64, kernel_size=(3, 3), stride=(1, 1), padding=(1, 1), bias=False)
      (bn1): BatchNorm2d(64, eps=1e-05, momentum=0.1, affine=True, track_running_stats=True)
      (conv2): Conv2d(64, 64, kernel_size=(3, 3), stride=(1, 1), padding=(1, 1), bias=False)
      (bn2): BatchNorm2d(64, eps=1e-05, momentum=0.1, affine=True, track_running_stats=True)
      (shortcut): Sequential()
    )
    (1): BasicBlock(
      (conv1): Conv2d(64, 64, kernel_size=(3, 3), stride=(1, 1), padding=(1, 1), bias=False)
      (bn1): BatchNorm2d(64, eps=1e-05, momentum=0.1, affine=True, track_running_stats=True)
      (conv2): Conv2d(64, 64, kernel_size=(3, 3), stride=(1, 1), padding=(1, 1), bias=False)
      (bn2): BatchNorm2d(64, eps=1e-05, momentum=0.1, affine=True, track_running_stats=True)
      (shortcut): Sequential()
    )
  )
  (layer3): Sequential(
    (0): BasicBlock(
      (conv1): Conv2d(64, 64, kernel_size=(3, 3), stride=(1, 1), padding=(1, 1), bias=False)
      (bn1): BatchNorm2d(64, eps=1e-05, momentum=0.1, affine=True, track_running_stats=True)
      (conv2): Conv2d(64, 64, kernel_size=(3, 3), stride=(1, 1), padding=(1, 1), bias=False)
      (bn2): BatchNorm2d(64, eps=1e-05, momentum=0.1, affine=True, track_running_stats=True)
      (shortcut): Sequential()
    )
    (1): BasicBlock(
      (conv1): Conv2d(64, 64, kernel_size=(3, 3), stride=(1, 1), padding=(1, 1), bias=False)
      (bn1): BatchNorm2d(64, eps=1e-05, momentum=0.1, affine=True, track_running_stats=True)
      (conv2): Conv2d(64, 64, kernel_size=(3, 3), stride=(1, 1), padding=(1, 1), bias=False)
      (bn2): BatchNorm2d(64, eps=1e-05, momentum=0.1, affine=True, track_running_stats=True)
      (shortcut): Sequential()
    )
  )
  (layer4): Sequential(
    (0): BasicBlock(
      (conv1): Conv2d(64, 64, kernel_size=(3, 3), stride=(1, 1), padding=(1, 1), bias=False)
      (bn1): BatchNorm2d(64, eps=1e-05, momentum=0.1, affine=True, track_running_stats=True)
      (conv2): Conv2d(64, 64, kernel_size=(3, 3), stride=(1, 1), padding=(1, 1), bias=False)
      (bn2): BatchNorm2d(64, eps=1e-05, momentum=0.1, affine=True, track_running_stats=True)
      (shortcut): Sequential()
    )
    (1): BasicBlock(
      (conv1): Conv2d(64, 64, kernel_size=(3, 3), stride=(1, 1), padding=(1, 1), bias=False)
      (bn1): BatchNorm2d(64, eps=1e-05, momentum=0.1, affine=True, track_running_stats=True)
      (conv2): Conv2d(64, 64, kernel_size=(3, 3), stride=(1, 1), padding=(1, 1), bias=False)
      (bn2): BatchNorm2d(64, eps=1e-05, momentum=0.1, affine=True, track_running_stats=True)
      (shortcut): Sequential()
    )
  )
  (conv2): Sequential(
    (0): Conv2d(64, 32, kernel_size=(3, 3), stride=(1, 1), padding=(1, 1))
    (1): BatchNorm2d(32, eps=1e-05, momentum=0.1, affine=True, track_running_stats=True)
  )
  (conv3): Sequential(
    (0): Conv2d(32, 16, kernel_size=(3, 3), stride=(1, 1), padding=(1, 1))
    (1): BatchNorm2d(16, eps=1e-05, momentum=0.1, affine=True, track_running_stats=True)
  )
  (conv4): Sequential(
    (0): Conv2d(16, 1, kernel_size=(3, 3), stride=(1, 1), padding=(1, 1))
    (1): BatchNorm2d(1, eps=1e-05, momentum=0.1, affine=True, track_running_stats=True)
  )
)
Epoch  0, trian_loss: 0.0121, trian_mae: 0.1066, trian_mse:0.0245, trian_r2: -5.6025, trian_cc: -0.0022
Epoch  0, val_loss: 0.0092, val_mae: 0.0995, val_mse: 0.0183, val_r2: -9.5428, val_cc: -0.0006
Epoch  1, trian_loss: 0.0078, trian_mae: 0.0891, trian_mse:0.0157, trian_r2: -430.0546, trian_cc: -0.0572
Epoch  1, val_loss: 0.0079, val_mae: 0.0982, val_mse: 0.0157, val_r2: -323.0446, val_cc: -0.0737
Epoch  2, trian_loss: 0.0075, trian_mae: 0.0867, trian_mse:0.0150, trian_r2: -596.2087, trian_cc: -0.0563
Epoch  2, val_loss: 0.0069, val_mae: 0.0873, val_mse: 0.0137, val_r2: -498.7553, val_cc: -0.0644
Epoch  3, trian_loss: 0.0074, trian_mae: 0.0864, trian_mse:0.0148, trian_r2: -699.2578, trian_cc: -0.0534
Epoch  3, val_loss: 0.0069, val_mae: 0.0877, val_mse: 0.0137, val_r2: -608.3392, val_cc: -0.0655
Epoch  4, trian_loss: 0.0073, trian_mae: 0.0856, trian_mse:0.0146, trian_r2: -1057.2862, trian_cc: -0.0536
Epoch  4, val_loss: 0.0068, val_mae: 0.0878, val_mse: 0.0136, val_r2: -952.2918, val_cc: -0.0667
Epoch  5, trian_loss: 0.0072, trian_mae: 0.0851, trian_mse:0.0144, trian_r2: -1304.8219, trian_cc: -0.0441
Epoch  5, val_loss: 0.0068, val_mae: 0.0882, val_mse: 0.0137, val_r2: -959.4284, val_cc: -0.0536
Epoch  6, trian_loss: 0.0072, trian_mae: 0.0851, trian_mse:0.0144, trian_r2: -1217.7863, trian_cc: -0.0325
Epoch  6, val_loss: 0.0068, val_mae: 0.0887, val_mse: 0.0137, val_r2: -1018.6417, val_cc: -0.0533
Epoch  7, trian_loss: 0.0071, trian_mae: 0.0846, trian_mse:0.0142, trian_r2: -1572.2466, trian_cc: -0.0337
Epoch  7, val_loss: 0.0068, val_mae: 0.0874, val_mse: 0.0136, val_r2: -1448.4291, val_cc: -0.0438
Epoch  8, trian_loss: 0.0071, trian_mae: 0.0842, trian_mse:0.0141, trian_r2: -1548.9201, trian_cc: -0.0245
Epoch  8, val_loss: 0.0067, val_mae: 0.0869, val_mse: 0.0135, val_r2: -1201.5186, val_cc: -0.0237
Epoch  9, trian_loss: 0.0070, trian_mae: 0.0841, trian_mse:0.0141, trian_r2: -1512.1343, trian_cc: -0.0134
Epoch  9, val_loss: 0.0067, val_mae: 0.0864, val_mse: 0.0135, val_r2: -1162.9860, val_cc: -0.0162
Epoch 10, trian_loss: 0.0070, trian_mae: 0.0842, trian_mse:0.0141, trian_r2: -1322.8317, trian_cc: -0.0021
Epoch 10, val_loss: 0.0067, val_mae: 0.0863, val_mse: 0.0135, val_r2: -1281.1726, val_cc: -0.0139
Epoch 11, trian_loss: 0.0070, trian_mae: 0.0841, trian_mse:0.0140, trian_r2: -1248.3234, trian_cc: 0.0079
Epoch 11, val_loss: 0.0068, val_mae: 0.0878, val_mse: 0.0136, val_r2: -853.1161, val_cc: -0.0079
Epoch 12, trian_loss: 0.0069, trian_mae: 0.0836, trian_mse:0.0139, trian_r2: -1040.3305, trian_cc: 0.0240
Epoch 12, val_loss: 0.0067, val_mae: 0.0862, val_mse: 0.0134, val_r2: -864.7420, val_cc: -0.0040
Epoch 13, trian_loss: 0.0069, trian_mae: 0.0833, trian_mse:0.0138, trian_r2: -1214.0063, trian_cc: 0.0452
Epoch 13, val_loss: 0.0069, val_mae: 0.0898, val_mse: 0.0137, val_r2: -768.0117, val_cc: -0.0132
Epoch 14, trian_loss: 0.0069, trian_mae: 0.0835, trian_mse:0.0137, trian_r2: -980.4918, trian_cc: 0.0482
Epoch 14, val_loss: 0.0069, val_mae: 0.0894, val_mse: 0.0137, val_r2: -722.3451, val_cc: -0.0052
Epoch 15, trian_loss: 0.0068, trian_mae: 0.0827, trian_mse:0.0135, trian_r2: -1166.7758, trian_cc: 0.0663
Epoch 15, val_loss: 0.0069, val_mae: 0.0891, val_mse: 0.0138, val_r2: -764.0748, val_cc: -0.0006
Epoch 16, trian_loss: 0.0067, trian_mae: 0.0824, trian_mse:0.0135, trian_r2: -810.5316, trian_cc: 0.0862
Epoch 16, val_loss: 0.0069, val_mae: 0.0908, val_mse: 0.0139, val_r2: -375.5287, val_cc: -0.0037
Epoch 17, trian_loss: 0.0066, trian_mae: 0.0820, trian_mse:0.0133, trian_r2: -637.5336, trian_cc: 0.0963
Epoch 17, val_loss: 0.0068, val_mae: 0.0880, val_mse: 0.0135, val_r2: -496.2175, val_cc: 0.0089
Epoch 18, trian_loss: 0.0066, trian_mae: 0.0819, trian_mse:0.0132, trian_r2: -634.7689, trian_cc: 0.1173
Epoch 18, val_loss: 0.0067, val_mae: 0.0865, val_mse: 0.0134, val_r2: -320.6881, val_cc: 0.0275
Epoch 19, trian_loss: 0.0066, trian_mae: 0.0816, trian_mse:0.0131, trian_r2: -381.6097, trian_cc: 0.1383
Epoch 19, val_loss: 0.0069, val_mae: 0.0888, val_mse: 0.0137, val_r2: -291.0780, val_cc: 0.0295
Epoch 20, trian_loss: 0.0064, trian_mae: 0.0805, trian_mse:0.0127, trian_r2: -311.4289, trian_cc: 0.1544
Epoch 20, val_loss: 0.0067, val_mae: 0.0859, val_mse: 0.0134, val_r2: -177.3015, val_cc: 0.0341
Epoch 21, trian_loss: 0.0063, trian_mae: 0.0802, trian_mse:0.0126, trian_r2: -217.9258, trian_cc: 0.1702
Epoch 21, val_loss: 0.0074, val_mae: 0.0935, val_mse: 0.0148, val_r2: -74.5059, val_cc: 0.0087
Epoch 22, trian_loss: 0.0062, trian_mae: 0.0792, trian_mse:0.0124, trian_r2: -199.6028, trian_cc: 0.1921
Epoch 22, val_loss: 0.0074, val_mae: 0.0942, val_mse: 0.0147, val_r2: -91.8423, val_cc: 0.0153
Epoch 23, trian_loss: 0.0060, trian_mae: 0.0788, trian_mse:0.0121, trian_r2: -120.8173, trian_cc: 0.2133
Epoch 23, val_loss: 0.0066, val_mae: 0.0822, val_mse: 0.0132, val_r2: -121.7328, val_cc: 0.0431
Epoch 24, trian_loss: 0.0059, trian_mae: 0.0773, trian_mse:0.0118, trian_r2: -91.2342, trian_cc: 0.2351
Epoch 24, val_loss: 0.0075, val_mae: 0.0933, val_mse: 0.0149, val_r2: -35.8768, val_cc: 0.0202
Epoch 25, trian_loss: 0.0057, trian_mae: 0.0764, trian_mse:0.0114, trian_r2: -51.4609, trian_cc: 0.2594
Epoch 25, val_loss: 0.0067, val_mae: 0.0846, val_mse: 0.0133, val_r2: -46.6994, val_cc: 0.0332
Epoch 26, trian_loss: 0.0053, trian_mae: 0.0737, trian_mse:0.0106, trian_r2: -33.0226, trian_cc: 0.2910
Epoch 26, val_loss: 0.0073, val_mae: 0.0921, val_mse: 0.0145, val_r2: -25.7220, val_cc: 0.0224
Epoch 27, trian_loss: 0.0051, trian_mae: 0.0724, trian_mse:0.0101, trian_r2: -23.9865, trian_cc: 0.3152
Epoch 27, val_loss: 0.0075, val_mae: 0.0933, val_mse: 0.0150, val_r2: -22.8205, val_cc: 0.0244
Epoch 28, trian_loss: 0.0048, trian_mae: 0.0707, trian_mse:0.0096, trian_r2: -21.8764, trian_cc: 0.3439
Epoch 28, val_loss: 0.0066, val_mae: 0.0854, val_mse: 0.0133, val_r2: -28.4744, val_cc: 0.0339
Epoch 29, trian_loss: 0.0044, trian_mae: 0.0682, trian_mse:0.0087, trian_r2: -15.6611, trian_cc: 0.3707
Epoch 29, val_loss: 0.0067, val_mae: 0.0858, val_mse: 0.0135, val_r2: -25.4161, val_cc: 0.0468
Epoch 30, trian_loss: 0.0045, trian_mae: 0.0688, trian_mse:0.0090, trian_r2: -16.6235, trian_cc: 0.3878
Epoch 30, val_loss: 0.0081, val_mae: 0.0973, val_mse: 0.0161, val_r2: -14.2908, val_cc: 0.0368
Epoch 31, trian_loss: 0.0038, trian_mae: 0.0648, trian_mse:0.0077, trian_r2: -15.3038, trian_cc: 0.4194
Epoch 31, val_loss: 0.0069, val_mae: 0.0864, val_mse: 0.0138, val_r2: -18.1080, val_cc: 0.0465
Epoch 32, trian_loss: 0.0039, trian_mae: 0.0647, trian_mse:0.0077, trian_r2: -13.7345, trian_cc: 0.4294
Epoch 32, val_loss: 0.0071, val_mae: 0.0856, val_mse: 0.0142, val_r2: -14.9756, val_cc: 0.0483
Epoch 33, trian_loss: 0.0036, trian_mae: 0.0636, trian_mse:0.0072, trian_r2: -14.9719, trian_cc: 0.4464
Epoch 33, val_loss: 0.0075, val_mae: 0.0911, val_mse: 0.0150, val_r2: -26.2501, val_cc: 0.0548
Epoch 34, trian_loss: 0.0034, trian_mae: 0.0620, trian_mse:0.0069, trian_r2: -10.1990, trian_cc: 0.4735
Epoch 34, val_loss: 0.0068, val_mae: 0.0839, val_mse: 0.0136, val_r2: -23.8768, val_cc: 0.0576
Epoch 35, trian_loss: 0.0037, trian_mae: 0.0614, trian_mse:0.0074, trian_r2: -10.4651, trian_cc: 0.4866
Epoch 35, val_loss: 0.0067, val_mae: 0.0853, val_mse: 0.0133, val_r2: -14.4191, val_cc: 0.0560
Epoch 36, trian_loss: 0.0030, trian_mae: 0.0580, trian_mse:0.0060, trian_r2: -6.3610, trian_cc: 0.5158
Epoch 36, val_loss: 0.0067, val_mae: 0.0828, val_mse: 0.0135, val_r2: -16.3503, val_cc: 0.0608
Epoch 37, trian_loss: 0.0030, trian_mae: 0.0584, trian_mse:0.0061, trian_r2: -6.7383, trian_cc: 0.5233
Epoch 37, val_loss: 0.0066, val_mae: 0.0839, val_mse: 0.0131, val_r2: -15.3393, val_cc: 0.0655
Epoch 38, trian_loss: 0.0028, trian_mae: 0.0561, trian_mse:0.0055, trian_r2: -5.5457, trian_cc: 0.5402
Epoch 38, val_loss: 0.0065, val_mae: 0.0829, val_mse: 0.0130, val_r2: -14.6674, val_cc: 0.0536
Epoch 39, trian_loss: 0.0029, trian_mae: 0.0568, trian_mse:0.0057, trian_r2: -5.5249, trian_cc: 0.5512
Epoch 39, val_loss: 0.0063, val_mae: 0.0800, val_mse: 0.0127, val_r2: -27.4675, val_cc: 0.0660
Epoch 40, trian_loss: 0.0029, trian_mae: 0.0571, trian_mse:0.0058, trian_r2: -5.1109, trian_cc: 0.5583
Epoch 40, val_loss: 0.0068, val_mae: 0.0862, val_mse: 0.0137, val_r2: -12.0258, val_cc: 0.0435
Epoch 41, trian_loss: 0.0026, trian_mae: 0.0547, trian_mse:0.0052, trian_r2: -4.6645, trian_cc: 0.5731
Epoch 41, val_loss: 0.0079, val_mae: 0.0965, val_mse: 0.0159, val_r2: -12.3339, val_cc: 0.0428
Epoch 42, trian_loss: 0.0026, trian_mae: 0.0552, trian_mse:0.0053, trian_r2: -5.9250, trian_cc: 0.5792
Epoch 42, val_loss: 0.0064, val_mae: 0.0811, val_mse: 0.0127, val_r2: -24.2295, val_cc: 0.0627
Epoch 43, trian_loss: 0.0025, trian_mae: 0.0533, trian_mse:0.0049, trian_r2: -3.6884, trian_cc: 0.5978
Epoch 43, val_loss: 0.0072, val_mae: 0.0858, val_mse: 0.0144, val_r2: -11.4014, val_cc: 0.0546
Epoch 44, trian_loss: 0.0025, trian_mae: 0.0530, trian_mse:0.0050, trian_r2: -3.7669, trian_cc: 0.6093
Epoch 44, val_loss: 0.0069, val_mae: 0.0865, val_mse: 0.0138, val_r2: -9.2437, val_cc: 0.0517
Epoch 45, trian_loss: 0.0024, trian_mae: 0.0524, trian_mse:0.0048, trian_r2: -3.6030, trian_cc: 0.6235
Epoch 45, val_loss: 0.0068, val_mae: 0.0865, val_mse: 0.0136, val_r2: -9.6638, val_cc: 0.0429
Epoch 46, trian_loss: 0.0024, trian_mae: 0.0523, trian_mse:0.0047, trian_r2: -3.8221, trian_cc: 0.6280
Epoch 46, val_loss: 0.0063, val_mae: 0.0809, val_mse: 0.0126, val_r2: -13.0725, val_cc: 0.0490
Epoch 47, trian_loss: 0.0024, trian_mae: 0.0522, trian_mse:0.0048, trian_r2: -3.0688, trian_cc: 0.6343
Epoch 47, val_loss: 0.0069, val_mae: 0.0860, val_mse: 0.0139, val_r2: -9.2664, val_cc: 0.0521
Epoch 48, trian_loss: 0.0020, trian_mae: 0.0490, trian_mse:0.0041, trian_r2: -2.2561, trian_cc: 0.6612
Epoch 48, val_loss: 0.0064, val_mae: 0.0813, val_mse: 0.0129, val_r2: -12.1794, val_cc: 0.0558
Epoch 49, trian_loss: 0.0025, trian_mae: 0.0492, trian_mse:0.0050, trian_r2: -2.0868, trian_cc: 0.6659
Epoch 49, val_loss: 0.0066, val_mae: 0.0818, val_mse: 0.0131, val_r2: -9.9922, val_cc: 0.0529
Epoch 50, trian_loss: 0.0020, trian_mae: 0.0474, trian_mse:0.0039, trian_r2: -1.7732, trian_cc: 0.6877
Epoch 50, val_loss: 0.0069, val_mae: 0.0832, val_mse: 0.0138, val_r2: -7.6902, val_cc: 0.0512
Epoch 51, trian_loss: 0.0017, trian_mae: 0.0442, trian_mse:0.0033, trian_r2: -1.3006, trian_cc: 0.7039
Epoch 51, val_loss: 0.0068, val_mae: 0.0830, val_mse: 0.0137, val_r2: -8.0032, val_cc: 0.0474
Epoch 52, trian_loss: 0.0017, trian_mae: 0.0446, trian_mse:0.0034, trian_r2: -1.4615, trian_cc: 0.7108
Epoch 52, val_loss: 0.0068, val_mae: 0.0827, val_mse: 0.0135, val_r2: -7.5201, val_cc: 0.0506
Epoch 53, trian_loss: 0.0019, trian_mae: 0.0467, trian_mse:0.0037, trian_r2: -1.2327, trian_cc: 0.7104
Epoch 53, val_loss: 0.0066, val_mae: 0.0815, val_mse: 0.0132, val_r2: -10.5266, val_cc: 0.0528
Epoch 54, trian_loss: 0.0020, trian_mae: 0.0479, trian_mse:0.0040, trian_r2: -1.8501, trian_cc: 0.7060
Epoch 54, val_loss: 0.0067, val_mae: 0.0798, val_mse: 0.0134, val_r2: -16.9081, val_cc: 0.0625
Epoch 55, trian_loss: 0.0021, trian_mae: 0.0487, trian_mse:0.0042, trian_r2: -1.9006, trian_cc: 0.7092
Epoch 55, val_loss: 0.0072, val_mae: 0.0840, val_mse: 0.0145, val_r2: -9.0079, val_cc: 0.0474
Epoch 56, trian_loss: 0.0017, trian_mae: 0.0449, trian_mse:0.0034, trian_r2: -1.0684, trian_cc: 0.7264
Epoch 56, val_loss: 0.0069, val_mae: 0.0817, val_mse: 0.0138, val_r2: -10.7025, val_cc: 0.0486
Epoch 57, trian_loss: 0.0018, trian_mae: 0.0460, trian_mse:0.0037, trian_r2: -1.2483, trian_cc: 0.7280
Epoch 57, val_loss: 0.0070, val_mae: 0.0869, val_mse: 0.0141, val_r2: -10.0538, val_cc: 0.0357
Epoch 58, trian_loss: 0.0018, trian_mae: 0.0449, trian_mse:0.0037, trian_r2: -0.9662, trian_cc: 0.7448
Epoch 58, val_loss: 0.0069, val_mae: 0.0827, val_mse: 0.0137, val_r2: -8.1076, val_cc: 0.0464
Epoch 59, trian_loss: 0.0016, trian_mae: 0.0421, trian_mse:0.0031, trian_r2: -0.6320, trian_cc: 0.7616
Epoch 59, val_loss: 0.0070, val_mae: 0.0837, val_mse: 0.0139, val_r2: -7.6638, val_cc: 0.0444
Epoch 60, trian_loss: 0.0015, trian_mae: 0.0398, trian_mse:0.0030, trian_r2: -0.4223, trian_cc: 0.7750
Epoch 60, val_loss: 0.0069, val_mae: 0.0833, val_mse: 0.0138, val_r2: -6.4652, val_cc: 0.0446
Epoch 61, trian_loss: 0.0012, trian_mae: 0.0380, trian_mse:0.0025, trian_r2: -0.2599, trian_cc: 0.7843
Epoch 61, val_loss: 0.0072, val_mae: 0.0861, val_mse: 0.0144, val_r2: -5.5091, val_cc: 0.0391
Epoch 62, trian_loss: 0.0012, trian_mae: 0.0372, trian_mse:0.0024, trian_r2: -0.2312, trian_cc: 0.7929
Epoch 62, val_loss: 0.0068, val_mae: 0.0834, val_mse: 0.0136, val_r2: -7.7177, val_cc: 0.0440
Epoch 63, trian_loss: 0.0012, trian_mae: 0.0370, trian_mse:0.0023, trian_r2: -0.0428, trian_cc: 0.7996
Epoch 63, val_loss: 0.0069, val_mae: 0.0839, val_mse: 0.0138, val_r2: -8.8893, val_cc: 0.0390
Epoch 64, trian_loss: 0.0013, trian_mae: 0.0374, trian_mse:0.0025, trian_r2: -0.1097, trian_cc: 0.8034
Epoch 64, val_loss: 0.0070, val_mae: 0.0855, val_mse: 0.0139, val_r2: -6.3058, val_cc: 0.0379
Epoch 65, trian_loss: 0.0012, trian_mae: 0.0371, trian_mse:0.0024, trian_r2: -0.1149, trian_cc: 0.8099
Epoch 65, val_loss: 0.0069, val_mae: 0.0847, val_mse: 0.0138, val_r2: -6.7105, val_cc: 0.0375
Epoch 66, trian_loss: 0.0011, trian_mae: 0.0360, trian_mse:0.0023, trian_r2: 0.0538, trian_cc: 0.8165
Epoch 66, val_loss: 0.0070, val_mae: 0.0857, val_mse: 0.0139, val_r2: -6.8277, val_cc: 0.0361
Epoch 67, trian_loss: 0.0011, trian_mae: 0.0359, trian_mse:0.0023, trian_r2: 0.1015, trian_cc: 0.8212
Epoch 67, val_loss: 0.0066, val_mae: 0.0825, val_mse: 0.0131, val_r2: -9.0388, val_cc: 0.0456
Epoch 68, trian_loss: 0.0012, trian_mae: 0.0372, trian_mse:0.0024, trian_r2: -0.0997, trian_cc: 0.8216
Epoch 68, val_loss: 0.0076, val_mae: 0.0841, val_mse: 0.0152, val_r2: -13.9517, val_cc: 0.0524
Epoch 69, trian_loss: 0.0012, trian_mae: 0.0366, trian_mse:0.0024, trian_r2: -0.1042, trian_cc: 0.8250
Epoch 69, val_loss: 0.0073, val_mae: 0.0847, val_mse: 0.0146, val_r2: -6.2946, val_cc: 0.0475
Epoch 70, trian_loss: 0.0011, trian_mae: 0.0347, trian_mse:0.0021, trian_r2: 0.1927, trian_cc: 0.8351
Epoch 70, val_loss: 0.0074, val_mae: 0.0848, val_mse: 0.0148, val_r2: -7.2793, val_cc: 0.0537
Epoch 71, trian_loss: 0.0010, trian_mae: 0.0336, trian_mse:0.0020, trian_r2: 0.1232, trian_cc: 0.8399
Epoch 71, val_loss: 0.0072, val_mae: 0.0827, val_mse: 0.0144, val_r2: -8.8132, val_cc: 0.0581
Epoch 72, trian_loss: 0.0010, trian_mae: 0.0335, trian_mse:0.0020, trian_r2: 0.2564, trian_cc: 0.8433
Epoch 72, val_loss: 0.0070, val_mae: 0.0832, val_mse: 0.0141, val_r2: -7.8812, val_cc: 0.0454
Epoch 73, trian_loss: 0.0012, trian_mae: 0.0367, trian_mse:0.0024, trian_r2: 0.0834, trian_cc: 0.8385
Epoch 73, val_loss: 0.0078, val_mae: 0.0861, val_mse: 0.0155, val_r2: -7.9891, val_cc: 0.0537
Epoch 74, trian_loss: 0.0010, trian_mae: 0.0341, trian_mse:0.0020, trian_r2: 0.2198, trian_cc: 0.8470
Epoch 74, val_loss: 0.0073, val_mae: 0.0839, val_mse: 0.0146, val_r2: -8.1140, val_cc: 0.0511
Epoch 75, trian_loss: 0.0010, trian_mae: 0.0344, trian_mse:0.0021, trian_r2: 0.1974, trian_cc: 0.8474
Epoch 75, val_loss: 0.0074, val_mae: 0.0860, val_mse: 0.0148, val_r2: -5.9120, val_cc: 0.0448
Epoch 76, trian_loss: 0.0011, trian_mae: 0.0348, trian_mse:0.0021, trian_r2: 0.1934, trian_cc: 0.8485
Epoch 76, val_loss: 0.0069, val_mae: 0.0850, val_mse: 0.0138, val_r2: -6.9543, val_cc: 0.0418
Epoch 77, trian_loss: 0.0010, trian_mae: 0.0347, trian_mse:0.0021, trian_r2: 0.1337, trian_cc: 0.8522
Epoch 77, val_loss: 0.0068, val_mae: 0.0826, val_mse: 0.0135, val_r2: -8.8994, val_cc: 0.0476
Epoch 78, trian_loss: 0.0012, trian_mae: 0.0356, trian_mse:0.0024, trian_r2: 0.1680, trian_cc: 0.8549
Epoch 78, val_loss: 0.0070, val_mae: 0.0851, val_mse: 0.0141, val_r2: -6.7086, val_cc: 0.0403
Epoch 79, trian_loss: 0.0009, trian_mae: 0.0323, trian_mse:0.0019, trian_r2: 0.2651, trian_cc: 0.8641
Epoch 79, val_loss: 0.0072, val_mae: 0.0864, val_mse: 0.0144, val_r2: -5.6029, val_cc: 0.0392
Epoch 80, trian_loss: 0.0009, trian_mae: 0.0322, trian_mse:0.0018, trian_r2: 0.3584, trian_cc: 0.8671
Epoch 80, val_loss: 0.0071, val_mae: 0.0865, val_mse: 0.0143, val_r2: -5.2144, val_cc: 0.0403
Epoch 81, trian_loss: 0.0009, trian_mae: 0.0324, trian_mse:0.0018, trian_r2: 0.2659, trian_cc: 0.8657
Epoch 81, val_loss: 0.0074, val_mae: 0.0879, val_mse: 0.0147, val_r2: -5.1748, val_cc: 0.0371
Epoch 82, trian_loss: 0.0010, trian_mae: 0.0328, trian_mse:0.0019, trian_r2: 0.3555, trian_cc: 0.8679
Epoch 82, val_loss: 0.0070, val_mae: 0.0834, val_mse: 0.0139, val_r2: -7.6140, val_cc: 0.0472
Epoch 83, trian_loss: 0.0010, trian_mae: 0.0331, trian_mse:0.0020, trian_r2: 0.3083, trian_cc: 0.8682
Epoch 83, val_loss: 0.0077, val_mae: 0.0908, val_mse: 0.0154, val_r2: -5.2028, val_cc: 0.0326
Epoch 84, trian_loss: 0.0010, trian_mae: 0.0331, trian_mse:0.0019, trian_r2: 0.2550, trian_cc: 0.8689
Epoch 84, val_loss: 0.0072, val_mae: 0.0913, val_mse: 0.0145, val_r2: -6.3368, val_cc: 0.0321
Epoch 85, trian_loss: 0.0010, trian_mae: 0.0329, trian_mse:0.0020, trian_r2: 0.3061, trian_cc: 0.8706
Epoch 85, val_loss: 0.0074, val_mae: 0.0898, val_mse: 0.0148, val_r2: -4.8760, val_cc: 0.0288
Epoch 86, trian_loss: 0.0009, trian_mae: 0.0322, trian_mse:0.0018, trian_r2: 0.3711, trian_cc: 0.8752
Epoch 86, val_loss: 0.0072, val_mae: 0.0898, val_mse: 0.0144, val_r2: -5.8087, val_cc: 0.0307
Epoch 87, trian_loss: 0.0009, trian_mae: 0.0318, trian_mse:0.0018, trian_r2: 0.3833, trian_cc: 0.8756
Epoch 87, val_loss: 0.0074, val_mae: 0.0882, val_mse: 0.0148, val_r2: -5.0242, val_cc: 0.0343
Epoch 88, trian_loss: 0.0009, trian_mae: 0.0325, trian_mse:0.0019, trian_r2: 0.3385, trian_cc: 0.8750
Epoch 88, val_loss: 0.0071, val_mae: 0.0886, val_mse: 0.0142, val_r2: -5.5010, val_cc: 0.0322
Epoch 89, trian_loss: 0.0009, trian_mae: 0.0323, trian_mse:0.0018, trian_r2: 0.3253, trian_cc: 0.8764
Epoch 89, val_loss: 0.0074, val_mae: 0.0899, val_mse: 0.0149, val_r2: -4.4518, val_cc: 0.0307
Epoch 90, trian_loss: 0.0010, trian_mae: 0.0339, trian_mse:0.0021, trian_r2: 0.2532, trian_cc: 0.8749
Epoch 90, val_loss: 0.0074, val_mae: 0.0890, val_mse: 0.0148, val_r2: -5.3811, val_cc: 0.0327
Epoch 91, trian_loss: 0.0010, trian_mae: 0.0328, trian_mse:0.0019, trian_r2: 0.3177, trian_cc: 0.8797
Epoch 91, val_loss: 0.0070, val_mae: 0.0836, val_mse: 0.0139, val_r2: -6.9090, val_cc: 0.0425
Epoch 92, trian_loss: 0.0008, trian_mae: 0.0310, trian_mse:0.0017, trian_r2: 0.3933, trian_cc: 0.8849
Epoch 92, val_loss: 0.0071, val_mae: 0.0833, val_mse: 0.0141, val_r2: -7.6389, val_cc: 0.0498
Epoch 93, trian_loss: 0.0009, trian_mae: 0.0314, trian_mse:0.0017, trian_r2: 0.3747, trian_cc: 0.8847
Epoch 93, val_loss: 0.0071, val_mae: 0.0848, val_mse: 0.0143, val_r2: -5.7964, val_cc: 0.0524
Epoch 94, trian_loss: 0.0009, trian_mae: 0.0313, trian_mse:0.0018, trian_r2: 0.3749, trian_cc: 0.8858
Epoch 94, val_loss: 0.0073, val_mae: 0.0844, val_mse: 0.0147, val_r2: -6.8097, val_cc: 0.0501
Epoch 95, trian_loss: 0.0009, trian_mae: 0.0320, trian_mse:0.0018, trian_r2: 0.3139, trian_cc: 0.8874
Epoch 95, val_loss: 0.0072, val_mae: 0.0840, val_mse: 0.0145, val_r2: -6.6901, val_cc: 0.0526
Epoch 96, trian_loss: 0.0009, trian_mae: 0.0317, trian_mse:0.0018, trian_r2: 0.3420, trian_cc: 0.8878
Epoch 96, val_loss: 0.0074, val_mae: 0.0857, val_mse: 0.0149, val_r2: -5.9055, val_cc: 0.0446
Epoch 97, trian_loss: 0.0009, trian_mae: 0.0316, trian_mse:0.0018, trian_r2: 0.4306, trian_cc: 0.8890
Epoch 97, val_loss: 0.0077, val_mae: 0.0920, val_mse: 0.0153, val_r2: -4.5013, val_cc: 0.0307
Epoch 98, trian_loss: 0.0009, trian_mae: 0.0310, trian_mse:0.0017, trian_r2: 0.4397, trian_cc: 0.8916
Epoch 98, val_loss: 0.0072, val_mae: 0.0886, val_mse: 0.0144, val_r2: -4.9823, val_cc: 0.0309
Epoch 99, trian_loss: 0.0008, trian_mae: 0.0303, trian_mse:0.0017, trian_r2: 0.4194, trian_cc: 0.8941
Epoch 99, val_loss: 0.0069, val_mae: 0.0864, val_mse: 0.0139, val_r2: -5.5641, val_cc: 0.0382
