Trian Data: 515   Validation Data: 172  Test Data: 172
model ResNet_2D(
  (conv1): Sequential(
    (0): Conv2d(38, 64, kernel_size=(3, 3), stride=(1, 1), padding=(1, 1), bias=False)
    (1): BatchNorm2d(64, eps=1e-05, momentum=0.1, affine=True, track_running_stats=True)
  )
  (layer1): Sequential(
    (0): BasicBlock(
      (conv1): Conv2d(64, 64, kernel_size=(3, 3), stride=(1, 1), padding=(1, 1), bias=False)
      (bn1): BatchNorm2d(64, eps=1e-05, momentum=0.1, affine=True, track_running_stats=True)
      (conv2): Conv2d(64, 64, kernel_size=(3, 3), stride=(1, 1), padding=(1, 1), bias=False)
      (bn2): BatchNorm2d(64, eps=1e-05, momentum=0.1, affine=True, track_running_stats=True)
      (shortcut): Sequential()
    )
    (1): BasicBlock(
      (conv1): Conv2d(64, 64, kernel_size=(3, 3), stride=(1, 1), padding=(1, 1), bias=False)
      (bn1): BatchNorm2d(64, eps=1e-05, momentum=0.1, affine=True, track_running_stats=True)
      (conv2): Conv2d(64, 64, kernel_size=(3, 3), stride=(1, 1), padding=(1, 1), bias=False)
      (bn2): BatchNorm2d(64, eps=1e-05, momentum=0.1, affine=True, track_running_stats=True)
      (shortcut): Sequential()
    )
  )
  (layer2): Sequential(
    (0): BasicBlock(
      (conv1): Conv2d(64, 64, kernel_size=(3, 3), stride=(1, 1), padding=(1, 1), bias=False)
      (bn1): BatchNorm2d(64, eps=1e-05, momentum=0.1, affine=True, track_running_stats=True)
      (conv2): Conv2d(64, 64, kernel_size=(3, 3), stride=(1, 1), padding=(1, 1), bias=False)
      (bn2): BatchNorm2d(64, eps=1e-05, momentum=0.1, affine=True, track_running_stats=True)
      (shortcut): Sequential()
    )
    (1): BasicBlock(
      (conv1): Conv2d(64, 64, kernel_size=(3, 3), stride=(1, 1), padding=(1, 1), bias=False)
      (bn1): BatchNorm2d(64, eps=1e-05, momentum=0.1, affine=True, track_running_stats=True)
      (conv2): Conv2d(64, 64, kernel_size=(3, 3), stride=(1, 1), padding=(1, 1), bias=False)
      (bn2): BatchNorm2d(64, eps=1e-05, momentum=0.1, affine=True, track_running_stats=True)
      (shortcut): Sequential()
    )
  )
  (layer3): Sequential(
    (0): BasicBlock(
      (conv1): Conv2d(64, 64, kernel_size=(3, 3), stride=(1, 1), padding=(1, 1), bias=False)
      (bn1): BatchNorm2d(64, eps=1e-05, momentum=0.1, affine=True, track_running_stats=True)
      (conv2): Conv2d(64, 64, kernel_size=(3, 3), stride=(1, 1), padding=(1, 1), bias=False)
      (bn2): BatchNorm2d(64, eps=1e-05, momentum=0.1, affine=True, track_running_stats=True)
      (shortcut): Sequential()
    )
    (1): BasicBlock(
      (conv1): Conv2d(64, 64, kernel_size=(3, 3), stride=(1, 1), padding=(1, 1), bias=False)
      (bn1): BatchNorm2d(64, eps=1e-05, momentum=0.1, affine=True, track_running_stats=True)
      (conv2): Conv2d(64, 64, kernel_size=(3, 3), stride=(1, 1), padding=(1, 1), bias=False)
      (bn2): BatchNorm2d(64, eps=1e-05, momentum=0.1, affine=True, track_running_stats=True)
      (shortcut): Sequential()
    )
  )
  (layer4): Sequential(
    (0): BasicBlock(
      (conv1): Conv2d(64, 64, kernel_size=(3, 3), stride=(1, 1), padding=(1, 1), bias=False)
      (bn1): BatchNorm2d(64, eps=1e-05, momentum=0.1, affine=True, track_running_stats=True)
      (conv2): Conv2d(64, 64, kernel_size=(3, 3), stride=(1, 1), padding=(1, 1), bias=False)
      (bn2): BatchNorm2d(64, eps=1e-05, momentum=0.1, affine=True, track_running_stats=True)
      (shortcut): Sequential()
    )
    (1): BasicBlock(
      (conv1): Conv2d(64, 64, kernel_size=(3, 3), stride=(1, 1), padding=(1, 1), bias=False)
      (bn1): BatchNorm2d(64, eps=1e-05, momentum=0.1, affine=True, track_running_stats=True)
      (conv2): Conv2d(64, 64, kernel_size=(3, 3), stride=(1, 1), padding=(1, 1), bias=False)
      (bn2): BatchNorm2d(64, eps=1e-05, momentum=0.1, affine=True, track_running_stats=True)
      (shortcut): Sequential()
    )
    (2): BasicBlock(
      (conv1): Conv2d(64, 64, kernel_size=(3, 3), stride=(1, 1), padding=(1, 1), bias=False)
      (bn1): BatchNorm2d(64, eps=1e-05, momentum=0.1, affine=True, track_running_stats=True)
      (conv2): Conv2d(64, 64, kernel_size=(3, 3), stride=(1, 1), padding=(1, 1), bias=False)
      (bn2): BatchNorm2d(64, eps=1e-05, momentum=0.1, affine=True, track_running_stats=True)
      (shortcut): Sequential()
    )
  )
  (conv2): Sequential(
    (0): Conv2d(64, 32, kernel_size=(3, 3), stride=(1, 1), padding=(1, 1))
    (1): BatchNorm2d(32, eps=1e-05, momentum=0.1, affine=True, track_running_stats=True)
  )
  (conv3): Sequential(
    (0): Conv2d(32, 16, kernel_size=(3, 3), stride=(1, 1), padding=(1, 1))
    (1): BatchNorm2d(16, eps=1e-05, momentum=0.1, affine=True, track_running_stats=True)
  )
  (conv4): Sequential(
    (0): Conv2d(16, 1, kernel_size=(3, 3), stride=(1, 1), padding=(1, 1))
    (1): BatchNorm2d(1, eps=1e-05, momentum=0.1, affine=True, track_running_stats=True)
  )
)
Epoch  0, trian_loss: 0.0427, trian_mae: 0.1690, trian_mse:0.0871, trian_r2: -0.5852, trian_cc: 0.2724
Epoch  0, val_loss: 0.0826, val_mae: 0.2217, val_mse: 0.1663, val_r2: -6450.2253, val_cc: 0.2618
Epoch  1, trian_loss: 0.0047, trian_mae: 0.0681, trian_mse:0.0095, trian_r2: -97.2907, trian_cc: 0.2294
Epoch  1, val_loss: 0.0047, val_mae: 0.0721, val_mse: 0.0095, val_r2: -91.3168, val_cc: 0.3228
Epoch  2, trian_loss: 0.0040, trian_mae: 0.0638, trian_mse:0.0080, trian_r2: -103.8816, trian_cc: 0.2929
Epoch  2, val_loss: 0.0049, val_mae: 0.0734, val_mse: 0.0097, val_r2: -91.5897, val_cc: 0.3479
Epoch  3, trian_loss: 0.0039, trian_mae: 0.0634, trian_mse:0.0078, trian_r2: -101.8709, trian_cc: 0.2920
Epoch  3, val_loss: 0.0048, val_mae: 0.0734, val_mse: 0.0096, val_r2: -57.1684, val_cc: 0.3974
Epoch  4, trian_loss: 0.0042, trian_mae: 0.0645, trian_mse:0.0084, trian_r2: -126.3385, trian_cc: 0.3387
Epoch  4, val_loss: 0.0047, val_mae: 0.0718, val_mse: 0.0093, val_r2: -76.7227, val_cc: 0.3915
Epoch  5, trian_loss: 0.0037, trian_mae: 0.0621, trian_mse:0.0074, trian_r2: -118.5199, trian_cc: 0.3437
Epoch  5, val_loss: 0.0047, val_mae: 0.0719, val_mse: 0.0094, val_r2: -67.3879, val_cc: 0.3779
Epoch  6, trian_loss: 0.0037, trian_mae: 0.0621, trian_mse:0.0074, trian_r2: -143.7884, trian_cc: 0.3528
Epoch  6, val_loss: 0.0053, val_mae: 0.0783, val_mse: 0.0106, val_r2: -71.1642, val_cc: 0.3676
Epoch  7, trian_loss: 0.0037, trian_mae: 0.0618, trian_mse:0.0074, trian_r2: -124.6247, trian_cc: 0.3816
Epoch  7, val_loss: 0.0045, val_mae: 0.0715, val_mse: 0.0091, val_r2: -65.3042, val_cc: 0.3895
Epoch  8, trian_loss: 0.0037, trian_mae: 0.0619, trian_mse:0.0074, trian_r2: -152.5788, trian_cc: 0.3901
Epoch  8, val_loss: 0.0044, val_mae: 0.0689, val_mse: 0.0088, val_r2: -70.7494, val_cc: 0.3811
Epoch  9, trian_loss: 0.0038, trian_mae: 0.0628, trian_mse:0.0075, trian_r2: -216.9805, trian_cc: 0.4050
Epoch  9, val_loss: 0.0044, val_mae: 0.0680, val_mse: 0.0089, val_r2: -107.0961, val_cc: 0.4178
Epoch 10, trian_loss: 0.0035, trian_mae: 0.0608, trian_mse:0.0071, trian_r2: -173.8311, trian_cc: 0.4055
Epoch 10, val_loss: 0.0045, val_mae: 0.0710, val_mse: 0.0091, val_r2: -90.4496, val_cc: 0.3636
Epoch 11, trian_loss: 0.0036, trian_mae: 0.0613, trian_mse:0.0072, trian_r2: -238.1030, trian_cc: 0.4135
Epoch 11, val_loss: 0.0047, val_mae: 0.0746, val_mse: 0.0095, val_r2: -141.5388, val_cc: 0.4232
Epoch 12, trian_loss: 0.0035, trian_mae: 0.0605, trian_mse:0.0070, trian_r2: -158.1765, trian_cc: 0.4208
Epoch 12, val_loss: 0.0043, val_mae: 0.0674, val_mse: 0.0085, val_r2: -91.3826, val_cc: 0.3931
Epoch 13, trian_loss: 0.0035, trian_mae: 0.0603, trian_mse:0.0069, trian_r2: -166.6744, trian_cc: 0.4199
Epoch 13, val_loss: 0.0043, val_mae: 0.0677, val_mse: 0.0087, val_r2: -121.6053, val_cc: 0.3629
Epoch 14, trian_loss: 0.0034, trian_mae: 0.0601, trian_mse:0.0069, trian_r2: -199.8420, trian_cc: 0.4132
Epoch 14, val_loss: 0.0045, val_mae: 0.0706, val_mse: 0.0090, val_r2: -92.3426, val_cc: 0.4091
Epoch 15, trian_loss: 0.0034, trian_mae: 0.0603, trian_mse:0.0069, trian_r2: -178.0702, trian_cc: 0.4100
Epoch 15, val_loss: 0.0042, val_mae: 0.0674, val_mse: 0.0084, val_r2: -134.8569, val_cc: 0.3776
Epoch 16, trian_loss: 0.0034, trian_mae: 0.0598, trian_mse:0.0069, trian_r2: -139.7261, trian_cc: 0.4159
Epoch 16, val_loss: 0.0044, val_mae: 0.0687, val_mse: 0.0088, val_r2: -87.9394, val_cc: 0.4088
Epoch 17, trian_loss: 0.0034, trian_mae: 0.0596, trian_mse:0.0068, trian_r2: -173.7532, trian_cc: 0.4261
Epoch 17, val_loss: 0.0049, val_mae: 0.0733, val_mse: 0.0097, val_r2: -74.2862, val_cc: 0.3868
Epoch 18, trian_loss: 0.0033, trian_mae: 0.0589, trian_mse:0.0066, trian_r2: -134.5834, trian_cc: 0.4169
Epoch 18, val_loss: 0.0043, val_mae: 0.0668, val_mse: 0.0086, val_r2: -112.2989, val_cc: 0.3863
Epoch 19, trian_loss: 0.0034, trian_mae: 0.0595, trian_mse:0.0068, trian_r2: -135.0828, trian_cc: 0.4233
Epoch 19, val_loss: 0.0041, val_mae: 0.0656, val_mse: 0.0083, val_r2: -97.7817, val_cc: 0.3828
Epoch 20, trian_loss: 0.0033, trian_mae: 0.0594, trian_mse:0.0067, trian_r2: -140.1009, trian_cc: 0.4191
Epoch 20, val_loss: 0.0043, val_mae: 0.0685, val_mse: 0.0086, val_r2: -105.4189, val_cc: 0.3833
Epoch 21, trian_loss: 0.0033, trian_mae: 0.0588, trian_mse:0.0066, trian_r2: -103.9134, trian_cc: 0.4236
Epoch 21, val_loss: 0.0042, val_mae: 0.0667, val_mse: 0.0085, val_r2: -70.2970, val_cc: 0.3764
Epoch 22, trian_loss: 0.0033, trian_mae: 0.0591, trian_mse:0.0066, trian_r2: -109.7547, trian_cc: 0.4073
Epoch 22, val_loss: 0.0041, val_mae: 0.0649, val_mse: 0.0082, val_r2: -76.0985, val_cc: 0.3870
Epoch 23, trian_loss: 0.0033, trian_mae: 0.0591, trian_mse:0.0066, trian_r2: -123.7552, trian_cc: 0.4019
Epoch 23, val_loss: 0.0043, val_mae: 0.0674, val_mse: 0.0085, val_r2: -81.3439, val_cc: 0.3971
Epoch 24, trian_loss: 0.0033, trian_mae: 0.0591, trian_mse:0.0066, trian_r2: -106.3663, trian_cc: 0.4010
Epoch 24, val_loss: 0.0043, val_mae: 0.0667, val_mse: 0.0086, val_r2: -63.3305, val_cc: 0.3513
Epoch 25, trian_loss: 0.0033, trian_mae: 0.0589, trian_mse:0.0066, trian_r2: -89.0020, trian_cc: 0.4003
Epoch 25, val_loss: 0.0041, val_mae: 0.0638, val_mse: 0.0082, val_r2: -74.8278, val_cc: 0.3530
Epoch 26, trian_loss: 0.0033, trian_mae: 0.0587, trian_mse:0.0065, trian_r2: -94.5236, trian_cc: 0.3966
Epoch 26, val_loss: 0.0041, val_mae: 0.0639, val_mse: 0.0081, val_r2: -61.1282, val_cc: 0.3863
Epoch 27, trian_loss: 0.0032, trian_mae: 0.0586, trian_mse:0.0065, trian_r2: -79.1768, trian_cc: 0.3909
Epoch 27, val_loss: 0.0040, val_mae: 0.0632, val_mse: 0.0080, val_r2: -73.4930, val_cc: 0.3531
Epoch 28, trian_loss: 0.0032, trian_mae: 0.0583, trian_mse:0.0064, trian_r2: -85.8426, trian_cc: 0.3883
Epoch 28, val_loss: 0.0041, val_mae: 0.0642, val_mse: 0.0083, val_r2: -79.9964, val_cc: 0.3544
Epoch 29, trian_loss: 0.0033, trian_mae: 0.0587, trian_mse:0.0066, trian_r2: -94.8367, trian_cc: 0.3849
Epoch 29, val_loss: 0.0041, val_mae: 0.0655, val_mse: 0.0083, val_r2: -76.2106, val_cc: 0.3907
Epoch 30, trian_loss: 0.0032, trian_mae: 0.0582, trian_mse:0.0065, trian_r2: -81.1634, trian_cc: 0.4035
Epoch 30, val_loss: 0.0042, val_mae: 0.0639, val_mse: 0.0084, val_r2: -66.2820, val_cc: 0.3510
Epoch 31, trian_loss: 0.0032, trian_mae: 0.0578, trian_mse:0.0064, trian_r2: -69.3299, trian_cc: 0.3983
Epoch 31, val_loss: 0.0043, val_mae: 0.0652, val_mse: 0.0086, val_r2: -61.1951, val_cc: 0.3775
Epoch 32, trian_loss: 0.0031, trian_mae: 0.0577, trian_mse:0.0062, trian_r2: -76.5100, trian_cc: 0.3842
Epoch 32, val_loss: 0.0041, val_mae: 0.0641, val_mse: 0.0083, val_r2: -109.2956, val_cc: 0.3245
Epoch 33, trian_loss: 0.0032, trian_mae: 0.0576, trian_mse:0.0063, trian_r2: -77.1821, trian_cc: 0.3909
Epoch 33, val_loss: 0.0044, val_mae: 0.0655, val_mse: 0.0087, val_r2: -70.7553, val_cc: 0.3472
Epoch 34, trian_loss: 0.0031, trian_mae: 0.0574, trian_mse:0.0063, trian_r2: -84.0252, trian_cc: 0.3923
Epoch 34, val_loss: 0.0044, val_mae: 0.0662, val_mse: 0.0087, val_r2: -60.8357, val_cc: 0.3714
Epoch 35, trian_loss: 0.0031, trian_mae: 0.0574, trian_mse:0.0062, trian_r2: -71.0576, trian_cc: 0.3859
Epoch 35, val_loss: 0.0041, val_mae: 0.0655, val_mse: 0.0083, val_r2: -61.0270, val_cc: 0.3659
Epoch 36, trian_loss: 0.0032, trian_mae: 0.0578, trian_mse:0.0063, trian_r2: -76.2977, trian_cc: 0.3823
Epoch 36, val_loss: 0.0041, val_mae: 0.0646, val_mse: 0.0081, val_r2: -83.0006, val_cc: 0.3306
Epoch 37, trian_loss: 0.0031, trian_mae: 0.0574, trian_mse:0.0062, trian_r2: -58.6901, trian_cc: 0.3917
Epoch 37, val_loss: 0.0040, val_mae: 0.0644, val_mse: 0.0080, val_r2: -70.8110, val_cc: 0.3523
Epoch 38, trian_loss: 0.0031, trian_mae: 0.0573, trian_mse:0.0062, trian_r2: -68.1202, trian_cc: 0.3818
Epoch 38, val_loss: 0.0040, val_mae: 0.0632, val_mse: 0.0081, val_r2: -85.1657, val_cc: 0.3502
Epoch 39, trian_loss: 0.0031, trian_mae: 0.0573, trian_mse:0.0062, trian_r2: -70.2248, trian_cc: 0.3785
Epoch 39, val_loss: 0.0041, val_mae: 0.0650, val_mse: 0.0082, val_r2: -63.7120, val_cc: 0.3133
Epoch 40, trian_loss: 0.0031, trian_mae: 0.0574, trian_mse:0.0062, trian_r2: -64.6836, trian_cc: 0.3805
Epoch 40, val_loss: 0.0043, val_mae: 0.0661, val_mse: 0.0085, val_r2: -85.3791, val_cc: 0.3281
Epoch 41, trian_loss: 0.0031, trian_mae: 0.0572, trian_mse:0.0062, trian_r2: -67.2931, trian_cc: 0.3840
Epoch 41, val_loss: 0.0042, val_mae: 0.0658, val_mse: 0.0084, val_r2: -63.5278, val_cc: 0.3240
Epoch 42, trian_loss: 0.0031, trian_mae: 0.0570, trian_mse:0.0061, trian_r2: -59.9067, trian_cc: 0.3741
Epoch 42, val_loss: 0.0042, val_mae: 0.0648, val_mse: 0.0084, val_r2: -74.4510, val_cc: 0.3402
Epoch 43, trian_loss: 0.0031, trian_mae: 0.0568, trian_mse:0.0061, trian_r2: -56.8524, trian_cc: 0.3757
Epoch 43, val_loss: 0.0041, val_mae: 0.0645, val_mse: 0.0082, val_r2: -71.8992, val_cc: 0.3329
Epoch 44, trian_loss: 0.0031, trian_mae: 0.0571, trian_mse:0.0061, trian_r2: -57.5221, trian_cc: 0.3742
Epoch 44, val_loss: 0.0042, val_mae: 0.0648, val_mse: 0.0085, val_r2: -75.6216, val_cc: 0.3389
Epoch 45, trian_loss: 0.0030, trian_mae: 0.0567, trian_mse:0.0061, trian_r2: -58.2839, trian_cc: 0.3740
Epoch 45, val_loss: 0.0042, val_mae: 0.0643, val_mse: 0.0084, val_r2: -78.9025, val_cc: 0.3570
Epoch 46, trian_loss: 0.0031, trian_mae: 0.0569, trian_mse:0.0061, trian_r2: -58.7377, trian_cc: 0.3774
Epoch 46, val_loss: 0.0043, val_mae: 0.0676, val_mse: 0.0085, val_r2: -68.1606, val_cc: 0.3515
Epoch 47, trian_loss: 0.0030, trian_mae: 0.0562, trian_mse:0.0059, trian_r2: -52.3526, trian_cc: 0.3832
Epoch 47, val_loss: 0.0042, val_mae: 0.0652, val_mse: 0.0084, val_r2: -54.1555, val_cc: 0.3309
Epoch 48, trian_loss: 0.0030, trian_mae: 0.0567, trian_mse:0.0061, trian_r2: -64.3837, trian_cc: 0.3880
Epoch 48, val_loss: 0.0042, val_mae: 0.0652, val_mse: 0.0084, val_r2: -74.4504, val_cc: 0.3479
Epoch 49, trian_loss: 0.0030, trian_mae: 0.0567, trian_mse:0.0061, trian_r2: -59.6522, trian_cc: 0.3747
Epoch 49, val_loss: 0.0041, val_mae: 0.0637, val_mse: 0.0082, val_r2: -63.5714, val_cc: 0.3254
Epoch 50, trian_loss: 0.0031, trian_mae: 0.0569, trian_mse:0.0061, trian_r2: -66.3107, trian_cc: 0.3722
Epoch 50, val_loss: 0.0043, val_mae: 0.0652, val_mse: 0.0085, val_r2: -46.1597, val_cc: 0.2998
Epoch 51, trian_loss: 0.0029, trian_mae: 0.0561, trian_mse:0.0059, trian_r2: -52.8142, trian_cc: 0.3712
Epoch 51, val_loss: 0.0044, val_mae: 0.0672, val_mse: 0.0088, val_r2: -64.5722, val_cc: 0.3364
Epoch 52, trian_loss: 0.0030, trian_mae: 0.0566, trian_mse:0.0061, trian_r2: -72.5100, trian_cc: 0.3783
Epoch 52, val_loss: 0.0042, val_mae: 0.0658, val_mse: 0.0084, val_r2: -77.1446, val_cc: 0.3492
Epoch 53, trian_loss: 0.0030, trian_mae: 0.0566, trian_mse:0.0060, trian_r2: -54.3025, trian_cc: 0.3822
Epoch 53, val_loss: 0.0045, val_mae: 0.0696, val_mse: 0.0090, val_r2: -53.3703, val_cc: 0.3159
Epoch 54, trian_loss: 0.0029, trian_mae: 0.0561, trian_mse:0.0059, trian_r2: -45.8871, trian_cc: 0.3875
Epoch 54, val_loss: 0.0041, val_mae: 0.0642, val_mse: 0.0082, val_r2: -64.6518, val_cc: 0.3440
Epoch 55, trian_loss: 0.0030, trian_mae: 0.0565, trian_mse:0.0060, trian_r2: -51.4355, trian_cc: 0.3808
Epoch 55, val_loss: 0.0042, val_mae: 0.0646, val_mse: 0.0083, val_r2: -69.8269, val_cc: 0.3294
Epoch 56, trian_loss: 0.0030, trian_mae: 0.0564, trian_mse:0.0059, trian_r2: -56.1407, trian_cc: 0.3817
Epoch 56, val_loss: 0.0042, val_mae: 0.0640, val_mse: 0.0083, val_r2: -72.6719, val_cc: 0.3418
Epoch 57, trian_loss: 0.0030, trian_mae: 0.0560, trian_mse:0.0059, trian_r2: -53.2846, trian_cc: 0.3799
Epoch 57, val_loss: 0.0042, val_mae: 0.0643, val_mse: 0.0083, val_r2: -60.9702, val_cc: 0.3256
Epoch 58, trian_loss: 0.0029, trian_mae: 0.0552, trian_mse:0.0057, trian_r2: -43.6410, trian_cc: 0.3785
Epoch 58, val_loss: 0.0044, val_mae: 0.0660, val_mse: 0.0088, val_r2: -48.2757, val_cc: 0.3280
Epoch 59, trian_loss: 0.0028, trian_mae: 0.0548, trian_mse:0.0057, trian_r2: -43.8861, trian_cc: 0.3825
Epoch 59, val_loss: 0.0043, val_mae: 0.0654, val_mse: 0.0086, val_r2: -48.7104, val_cc: 0.3263
Epoch 60, trian_loss: 0.0028, trian_mae: 0.0546, trian_mse:0.0056, trian_r2: -38.9104, trian_cc: 0.3851
Epoch 60, val_loss: 0.0046, val_mae: 0.0671, val_mse: 0.0092, val_r2: -45.9832, val_cc: 0.3348
Epoch 61, trian_loss: 0.0027, trian_mae: 0.0540, trian_mse:0.0055, trian_r2: -34.9618, trian_cc: 0.3900
Epoch 61, val_loss: 0.0045, val_mae: 0.0660, val_mse: 0.0090, val_r2: -45.9081, val_cc: 0.3324
Epoch 62, trian_loss: 0.0027, trian_mae: 0.0535, trian_mse:0.0053, trian_r2: -32.8817, trian_cc: 0.4047
Epoch 62, val_loss: 0.0046, val_mae: 0.0672, val_mse: 0.0093, val_r2: -46.0125, val_cc: 0.3473
Epoch 63, trian_loss: 0.0027, trian_mae: 0.0532, trian_mse:0.0053, trian_r2: -30.2175, trian_cc: 0.4179
Epoch 63, val_loss: 0.0045, val_mae: 0.0661, val_mse: 0.0090, val_r2: -45.5209, val_cc: 0.3640
Epoch 64, trian_loss: 0.0026, trian_mae: 0.0531, trian_mse:0.0053, trian_r2: -30.2904, trian_cc: 0.4315
Epoch 64, val_loss: 0.0047, val_mae: 0.0666, val_mse: 0.0094, val_r2: -42.7711, val_cc: 0.3670
Epoch 65, trian_loss: 0.0026, trian_mae: 0.0525, trian_mse:0.0053, trian_r2: -25.6342, trian_cc: 0.4448
Epoch 65, val_loss: 0.0044, val_mae: 0.0642, val_mse: 0.0088, val_r2: -40.6941, val_cc: 0.3837
Epoch 66, trian_loss: 0.0026, trian_mae: 0.0522, trian_mse:0.0052, trian_r2: -24.7454, trian_cc: 0.4597
Epoch 66, val_loss: 0.0043, val_mae: 0.0630, val_mse: 0.0085, val_r2: -48.2764, val_cc: 0.4108
Epoch 67, trian_loss: 0.0025, trian_mae: 0.0516, trian_mse:0.0050, trian_r2: -22.7922, trian_cc: 0.4730
Epoch 67, val_loss: 0.0048, val_mae: 0.0660, val_mse: 0.0096, val_r2: -45.3291, val_cc: 0.4028
Epoch 68, trian_loss: 0.0025, trian_mae: 0.0508, trian_mse:0.0050, trian_r2: -19.8833, trian_cc: 0.4852
Epoch 68, val_loss: 0.0052, val_mae: 0.0675, val_mse: 0.0103, val_r2: -33.5573, val_cc: 0.4245
Epoch 69, trian_loss: 0.0025, trian_mae: 0.0508, trian_mse:0.0050, trian_r2: -23.2315, trian_cc: 0.4923
Epoch 69, val_loss: 0.0044, val_mae: 0.0640, val_mse: 0.0089, val_r2: -34.8439, val_cc: 0.4349
Epoch 70, trian_loss: 0.0024, trian_mae: 0.0504, trian_mse:0.0049, trian_r2: -15.9290, trian_cc: 0.5017
Epoch 70, val_loss: 0.0041, val_mae: 0.0609, val_mse: 0.0081, val_r2: -39.1137, val_cc: 0.4415
Epoch 71, trian_loss: 0.0024, trian_mae: 0.0501, trian_mse:0.0049, trian_r2: -17.8801, trian_cc: 0.5107
Epoch 71, val_loss: 0.0043, val_mae: 0.0634, val_mse: 0.0087, val_r2: -28.7662, val_cc: 0.4491
Epoch 72, trian_loss: 0.0024, trian_mae: 0.0498, trian_mse:0.0048, trian_r2: -16.7381, trian_cc: 0.5224
Epoch 72, val_loss: 0.0054, val_mae: 0.0664, val_mse: 0.0108, val_r2: -28.8954, val_cc: 0.4625
Epoch 73, trian_loss: 0.0024, trian_mae: 0.0492, trian_mse:0.0047, trian_r2: -14.9025, trian_cc: 0.5305
Epoch 73, val_loss: 0.0051, val_mae: 0.0663, val_mse: 0.0103, val_r2: -32.2726, val_cc: 0.4594
Epoch 74, trian_loss: 0.0024, trian_mae: 0.0492, trian_mse:0.0048, trian_r2: -14.8400, trian_cc: 0.5312
Epoch 74, val_loss: 0.0042, val_mae: 0.0616, val_mse: 0.0084, val_r2: -32.1456, val_cc: 0.4683
Epoch 75, trian_loss: 0.0024, trian_mae: 0.0488, trian_mse:0.0047, trian_r2: -16.1384, trian_cc: 0.5404
Epoch 75, val_loss: 0.0043, val_mae: 0.0629, val_mse: 0.0085, val_r2: -25.6351, val_cc: 0.4711
Epoch 76, trian_loss: 0.0023, trian_mae: 0.0482, trian_mse:0.0045, trian_r2: -13.1886, trian_cc: 0.5478
Epoch 76, val_loss: 0.0050, val_mae: 0.0654, val_mse: 0.0101, val_r2: -28.6763, val_cc: 0.4860
Epoch 77, trian_loss: 0.0024, trian_mae: 0.0489, trian_mse:0.0047, trian_r2: -12.0998, trian_cc: 0.5492
Epoch 77, val_loss: 0.0044, val_mae: 0.0635, val_mse: 0.0089, val_r2: -29.9065, val_cc: 0.4797
Epoch 78, trian_loss: 0.0023, trian_mae: 0.0478, trian_mse:0.0045, trian_r2: -11.2794, trian_cc: 0.5581
Epoch 78, val_loss: 0.0050, val_mae: 0.0656, val_mse: 0.0100, val_r2: -22.1294, val_cc: 0.4797
Epoch 79, trian_loss: 0.0022, trian_mae: 0.0479, trian_mse:0.0045, trian_r2: -11.3724, trian_cc: 0.5597
Epoch 79, val_loss: 0.0048, val_mae: 0.0642, val_mse: 0.0096, val_r2: -20.6672, val_cc: 0.4967
Epoch 80, trian_loss: 0.0023, trian_mae: 0.0476, trian_mse:0.0045, trian_r2: -10.6523, trian_cc: 0.5627
Epoch 80, val_loss: 0.0044, val_mae: 0.0613, val_mse: 0.0087, val_r2: -24.5368, val_cc: 0.4950
Epoch 81, trian_loss: 0.0022, trian_mae: 0.0469, trian_mse:0.0044, trian_r2: -11.0484, trian_cc: 0.5720
Epoch 81, val_loss: 0.0051, val_mae: 0.0648, val_mse: 0.0102, val_r2: -16.7506, val_cc: 0.4972
Epoch 82, trian_loss: 0.0022, trian_mae: 0.0470, trian_mse:0.0043, trian_r2: -10.4704, trian_cc: 0.5750
Epoch 82, val_loss: 0.0052, val_mae: 0.0666, val_mse: 0.0104, val_r2: -16.4225, val_cc: 0.4968
Epoch 83, trian_loss: 0.0021, trian_mae: 0.0465, trian_mse:0.0043, trian_r2: -8.5619, trian_cc: 0.5809
Epoch 83, val_loss: 0.0047, val_mae: 0.0633, val_mse: 0.0094, val_r2: -20.4319, val_cc: 0.5025
Epoch 84, trian_loss: 0.0021, trian_mae: 0.0463, trian_mse:0.0042, trian_r2: -7.9077, trian_cc: 0.5807
Epoch 84, val_loss: 0.0055, val_mae: 0.0667, val_mse: 0.0110, val_r2: -14.0643, val_cc: 0.5019
Epoch 85, trian_loss: 0.0022, trian_mae: 0.0465, trian_mse:0.0043, trian_r2: -7.6602, trian_cc: 0.5888
Epoch 85, val_loss: 0.0046, val_mae: 0.0624, val_mse: 0.0093, val_r2: -15.5377, val_cc: 0.5056
Epoch 86, trian_loss: 0.0022, trian_mae: 0.0465, trian_mse:0.0044, trian_r2: -7.7680, trian_cc: 0.5852
Epoch 86, val_loss: 0.0048, val_mae: 0.0639, val_mse: 0.0096, val_r2: -14.3101, val_cc: 0.4843
Epoch 87, trian_loss: 0.0021, trian_mae: 0.0462, trian_mse:0.0042, trian_r2: -9.4141, trian_cc: 0.5907
Epoch 87, val_loss: 0.0042, val_mae: 0.0626, val_mse: 0.0085, val_r2: -21.6861, val_cc: 0.5128
Epoch 88, trian_loss: 0.0021, trian_mae: 0.0461, trian_mse:0.0042, trian_r2: -7.4822, trian_cc: 0.5923
Epoch 88, val_loss: 0.0074, val_mae: 0.0709, val_mse: 0.0148, val_r2: -13.9955, val_cc: 0.5096
Epoch 89, trian_loss: 0.0021, trian_mae: 0.0459, trian_mse:0.0042, trian_r2: -7.9436, trian_cc: 0.5978
Epoch 89, val_loss: 0.0048, val_mae: 0.0640, val_mse: 0.0097, val_r2: -16.7641, val_cc: 0.5077
Epoch 90, trian_loss: 0.0021, trian_mae: 0.0455, trian_mse:0.0042, trian_r2: -6.6977, trian_cc: 0.5974
Epoch 90, val_loss: 0.0042, val_mae: 0.0603, val_mse: 0.0084, val_r2: -21.4747, val_cc: 0.5101
Epoch 91, trian_loss: 0.0020, trian_mae: 0.0451, trian_mse:0.0040, trian_r2: -7.5951, trian_cc: 0.6043
Epoch 91, val_loss: 0.0044, val_mae: 0.0610, val_mse: 0.0088, val_r2: -24.1002, val_cc: 0.5191
Epoch 92, trian_loss: 0.0020, trian_mae: 0.0451, trian_mse:0.0041, trian_r2: -7.1302, trian_cc: 0.6051
Epoch 92, val_loss: 0.0054, val_mae: 0.0648, val_mse: 0.0108, val_r2: -12.6228, val_cc: 0.5190
Epoch 93, trian_loss: 0.0021, trian_mae: 0.0452, trian_mse:0.0042, trian_r2: -6.3379, trian_cc: 0.6095
Epoch 93, val_loss: 0.0044, val_mae: 0.0607, val_mse: 0.0087, val_r2: -19.5064, val_cc: 0.5124
Epoch 94, trian_loss: 0.0020, trian_mae: 0.0444, trian_mse:0.0039, trian_r2: -5.5482, trian_cc: 0.6149
Epoch 94, val_loss: 0.0052, val_mae: 0.0634, val_mse: 0.0103, val_r2: -12.9642, val_cc: 0.5163
Epoch 95, trian_loss: 0.0020, trian_mae: 0.0447, trian_mse:0.0040, trian_r2: -5.6874, trian_cc: 0.6133
Epoch 95, val_loss: 0.0048, val_mae: 0.0621, val_mse: 0.0095, val_r2: -14.3229, val_cc: 0.5193
Epoch 96, trian_loss: 0.0020, trian_mae: 0.0443, trian_mse:0.0039, trian_r2: -7.2172, trian_cc: 0.6203
Epoch 96, val_loss: 0.0049, val_mae: 0.0619, val_mse: 0.0098, val_r2: -13.9409, val_cc: 0.5272
Epoch 97, trian_loss: 0.0019, trian_mae: 0.0439, trian_mse:0.0038, trian_r2: -6.1077, trian_cc: 0.6193
Epoch 97, val_loss: 0.0077, val_mae: 0.0707, val_mse: 0.0155, val_r2: -13.0773, val_cc: 0.5254
Epoch 98, trian_loss: 0.0020, trian_mae: 0.0444, trian_mse:0.0040, trian_r2: -5.3059, trian_cc: 0.6235
Epoch 98, val_loss: 0.0047, val_mae: 0.0612, val_mse: 0.0094, val_r2: -13.4597, val_cc: 0.5385
Epoch 99, trian_loss: 0.0019, trian_mae: 0.0439, trian_mse:0.0038, trian_r2: -5.6895, trian_cc: 0.6257
Epoch 99, val_loss: 0.0046, val_mae: 0.0602, val_mse: 0.0092, val_r2: -14.6070, val_cc: 0.5432
