Trian Data: 515   Validation Data: 172  Test Data: 172
model ResNet_2D(
  (conv1): Sequential(
    (0): Conv2d(97, 64, kernel_size=(3, 3), stride=(1, 1), padding=(1, 1), bias=False)
    (1): BatchNorm2d(64, eps=1e-05, momentum=0.1, affine=True, track_running_stats=True)
  )
  (layer1): Sequential(
    (0): BasicBlock(
      (conv1): Conv2d(64, 64, kernel_size=(3, 3), stride=(1, 1), padding=(1, 1), bias=False)
      (bn1): BatchNorm2d(64, eps=1e-05, momentum=0.1, affine=True, track_running_stats=True)
      (conv2): Conv2d(64, 64, kernel_size=(3, 3), stride=(1, 1), padding=(1, 1), bias=False)
      (bn2): BatchNorm2d(64, eps=1e-05, momentum=0.1, affine=True, track_running_stats=True)
      (shortcut): Sequential()
    )
    (1): BasicBlock(
      (conv1): Conv2d(64, 64, kernel_size=(3, 3), stride=(1, 1), padding=(1, 1), bias=False)
      (bn1): BatchNorm2d(64, eps=1e-05, momentum=0.1, affine=True, track_running_stats=True)
      (conv2): Conv2d(64, 64, kernel_size=(3, 3), stride=(1, 1), padding=(1, 1), bias=False)
      (bn2): BatchNorm2d(64, eps=1e-05, momentum=0.1, affine=True, track_running_stats=True)
      (shortcut): Sequential()
    )
  )
  (layer2): Sequential(
    (0): BasicBlock(
      (conv1): Conv2d(64, 64, kernel_size=(3, 3), stride=(1, 1), padding=(1, 1), bias=False)
      (bn1): BatchNorm2d(64, eps=1e-05, momentum=0.1, affine=True, track_running_stats=True)
      (conv2): Conv2d(64, 64, kernel_size=(3, 3), stride=(1, 1), padding=(1, 1), bias=False)
      (bn2): BatchNorm2d(64, eps=1e-05, momentum=0.1, affine=True, track_running_stats=True)
      (shortcut): Sequential()
    )
    (1): BasicBlock(
      (conv1): Conv2d(64, 64, kernel_size=(3, 3), stride=(1, 1), padding=(1, 1), bias=False)
      (bn1): BatchNorm2d(64, eps=1e-05, momentum=0.1, affine=True, track_running_stats=True)
      (conv2): Conv2d(64, 64, kernel_size=(3, 3), stride=(1, 1), padding=(1, 1), bias=False)
      (bn2): BatchNorm2d(64, eps=1e-05, momentum=0.1, affine=True, track_running_stats=True)
      (shortcut): Sequential()
    )
  )
  (layer3): Sequential(
    (0): BasicBlock(
      (conv1): Conv2d(64, 64, kernel_size=(3, 3), stride=(1, 1), padding=(1, 1), bias=False)
      (bn1): BatchNorm2d(64, eps=1e-05, momentum=0.1, affine=True, track_running_stats=True)
      (conv2): Conv2d(64, 64, kernel_size=(3, 3), stride=(1, 1), padding=(1, 1), bias=False)
      (bn2): BatchNorm2d(64, eps=1e-05, momentum=0.1, affine=True, track_running_stats=True)
      (shortcut): Sequential()
    )
    (1): BasicBlock(
      (conv1): Conv2d(64, 64, kernel_size=(3, 3), stride=(1, 1), padding=(1, 1), bias=False)
      (bn1): BatchNorm2d(64, eps=1e-05, momentum=0.1, affine=True, track_running_stats=True)
      (conv2): Conv2d(64, 64, kernel_size=(3, 3), stride=(1, 1), padding=(1, 1), bias=False)
      (bn2): BatchNorm2d(64, eps=1e-05, momentum=0.1, affine=True, track_running_stats=True)
      (shortcut): Sequential()
    )
  )
  (layer4): Sequential(
    (0): BasicBlock(
      (conv1): Conv2d(64, 64, kernel_size=(3, 3), stride=(1, 1), padding=(1, 1), bias=False)
      (bn1): BatchNorm2d(64, eps=1e-05, momentum=0.1, affine=True, track_running_stats=True)
      (conv2): Conv2d(64, 64, kernel_size=(3, 3), stride=(1, 1), padding=(1, 1), bias=False)
      (bn2): BatchNorm2d(64, eps=1e-05, momentum=0.1, affine=True, track_running_stats=True)
      (shortcut): Sequential()
    )
    (1): BasicBlock(
      (conv1): Conv2d(64, 64, kernel_size=(3, 3), stride=(1, 1), padding=(1, 1), bias=False)
      (bn1): BatchNorm2d(64, eps=1e-05, momentum=0.1, affine=True, track_running_stats=True)
      (conv2): Conv2d(64, 64, kernel_size=(3, 3), stride=(1, 1), padding=(1, 1), bias=False)
      (bn2): BatchNorm2d(64, eps=1e-05, momentum=0.1, affine=True, track_running_stats=True)
      (shortcut): Sequential()
    )
    (2): BasicBlock(
      (conv1): Conv2d(64, 64, kernel_size=(3, 3), stride=(1, 1), padding=(1, 1), bias=False)
      (bn1): BatchNorm2d(64, eps=1e-05, momentum=0.1, affine=True, track_running_stats=True)
      (conv2): Conv2d(64, 64, kernel_size=(3, 3), stride=(1, 1), padding=(1, 1), bias=False)
      (bn2): BatchNorm2d(64, eps=1e-05, momentum=0.1, affine=True, track_running_stats=True)
      (shortcut): Sequential()
    )
  )
  (conv2): Sequential(
    (0): Conv2d(64, 32, kernel_size=(3, 3), stride=(1, 1), padding=(1, 1))
    (1): BatchNorm2d(32, eps=1e-05, momentum=0.1, affine=True, track_running_stats=True)
  )
  (conv3): Sequential(
    (0): Conv2d(32, 16, kernel_size=(3, 3), stride=(1, 1), padding=(1, 1))
    (1): BatchNorm2d(16, eps=1e-05, momentum=0.1, affine=True, track_running_stats=True)
  )
  (conv4): Sequential(
    (0): Conv2d(16, 1, kernel_size=(3, 3), stride=(1, 1), padding=(1, 1))
    (1): BatchNorm2d(1, eps=1e-05, momentum=0.1, affine=True, track_running_stats=True)
  )
)
Epoch  0, trian_loss: 0.0092, trian_mae: 0.0859, trian_mse:0.0187, trian_r2: -26.3763, trian_cc: 0.0125
Epoch  0, val_loss: 0.0054, val_mae: 0.0729, val_mse: 0.0109, val_r2: -94.2033, val_cc: 0.0346
Epoch  1, trian_loss: 0.0047, trian_mae: 0.0689, trian_mse:0.0093, trian_r2: -782.2646, trian_cc: -0.0029
Epoch  1, val_loss: 0.0049, val_mae: 0.0715, val_mse: 0.0097, val_r2: -1809.3492, val_cc: -0.0137
Epoch  2, trian_loss: 0.0043, trian_mae: 0.0667, trian_mse:0.0086, trian_r2: -1348.2886, trian_cc: 0.0064
Epoch  2, val_loss: 0.0048, val_mae: 0.0725, val_mse: 0.0097, val_r2: -1969.7523, val_cc: -0.0096
Epoch  3, trian_loss: 0.0043, trian_mae: 0.0665, trian_mse:0.0086, trian_r2: -2129.7349, trian_cc: 0.0127
Epoch  3, val_loss: 0.0048, val_mae: 0.0713, val_mse: 0.0097, val_r2: -2602.2252, val_cc: -0.0022
Epoch  4, trian_loss: 0.0043, trian_mae: 0.0665, trian_mse:0.0086, trian_r2: -2739.6915, trian_cc: 0.0223
Epoch  4, val_loss: 0.0049, val_mae: 0.0719, val_mse: 0.0098, val_r2: -4390.1112, val_cc: -0.0074
Epoch  5, trian_loss: 0.0043, trian_mae: 0.0666, trian_mse:0.0086, trian_r2: -2740.4278, trian_cc: 0.0341
Epoch  5, val_loss: 0.0048, val_mae: 0.0712, val_mse: 0.0096, val_r2: -3474.5509, val_cc: 0.0048
Epoch  6, trian_loss: 0.0043, trian_mae: 0.0665, trian_mse:0.0086, trian_r2: -3152.6632, trian_cc: 0.0307
Epoch  6, val_loss: 0.0048, val_mae: 0.0711, val_mse: 0.0096, val_r2: -1902.9480, val_cc: 0.0086
Epoch  7, trian_loss: 0.0043, trian_mae: 0.0663, trian_mse:0.0086, trian_r2: -5127.1576, trian_cc: 0.0541
Epoch  7, val_loss: 0.0048, val_mae: 0.0709, val_mse: 0.0096, val_r2: -6319.1930, val_cc: 0.0630
Epoch  8, trian_loss: 0.0043, trian_mae: 0.0663, trian_mse:0.0085, trian_r2: -4609.6447, trian_cc: 0.0651
Epoch  8, val_loss: 0.0048, val_mae: 0.0704, val_mse: 0.0096, val_r2: -3009.7719, val_cc: 0.0813
Epoch  9, trian_loss: 0.0043, trian_mae: 0.0664, trian_mse:0.0086, trian_r2: -2657.1127, trian_cc: 0.0793
Epoch  9, val_loss: 0.0048, val_mae: 0.0704, val_mse: 0.0096, val_r2: -1987.3163, val_cc: 0.0689
Epoch 10, trian_loss: 0.0043, trian_mae: 0.0662, trian_mse:0.0085, trian_r2: -3164.2299, trian_cc: 0.0868
Epoch 10, val_loss: 0.0048, val_mae: 0.0706, val_mse: 0.0096, val_r2: -3253.1700, val_cc: 0.0720
Epoch 11, trian_loss: 0.0043, trian_mae: 0.0662, trian_mse:0.0085, trian_r2: -3504.6908, trian_cc: 0.0897
Epoch 11, val_loss: 0.0048, val_mae: 0.0701, val_mse: 0.0097, val_r2: -2724.9365, val_cc: 0.0942
Epoch 12, trian_loss: 0.0043, trian_mae: 0.0663, trian_mse:0.0085, trian_r2: -2861.1478, trian_cc: 0.0916
Epoch 12, val_loss: 0.0048, val_mae: 0.0704, val_mse: 0.0097, val_r2: -3602.0220, val_cc: 0.0781
Epoch 13, trian_loss: 0.0043, trian_mae: 0.0663, trian_mse:0.0085, trian_r2: -3405.8968, trian_cc: 0.0959
Epoch 13, val_loss: 0.0048, val_mae: 0.0717, val_mse: 0.0096, val_r2: -4084.7603, val_cc: 0.0787
Epoch 14, trian_loss: 0.0043, trian_mae: 0.0664, trian_mse:0.0085, trian_r2: -2966.2521, trian_cc: 0.0934
Epoch 14, val_loss: 0.0048, val_mae: 0.0701, val_mse: 0.0097, val_r2: -3626.2386, val_cc: 0.0979
Epoch 15, trian_loss: 0.0042, trian_mae: 0.0661, trian_mse:0.0085, trian_r2: -2829.2425, trian_cc: 0.1004
Epoch 15, val_loss: 0.0048, val_mae: 0.0703, val_mse: 0.0096, val_r2: -2793.5485, val_cc: 0.0979
Epoch 16, trian_loss: 0.0042, trian_mae: 0.0662, trian_mse:0.0085, trian_r2: -3003.4760, trian_cc: 0.0939
Epoch 16, val_loss: 0.0049, val_mae: 0.0699, val_mse: 0.0097, val_r2: -2569.8169, val_cc: 0.1039
Epoch 17, trian_loss: 0.0042, trian_mae: 0.0660, trian_mse:0.0085, trian_r2: -2886.6623, trian_cc: 0.1042
Epoch 17, val_loss: 0.0049, val_mae: 0.0698, val_mse: 0.0097, val_r2: -2803.7088, val_cc: 0.1021
Epoch 18, trian_loss: 0.0042, trian_mae: 0.0661, trian_mse:0.0085, trian_r2: -3046.7642, trian_cc: 0.1040
Epoch 18, val_loss: 0.0048, val_mae: 0.0698, val_mse: 0.0097, val_r2: -3502.7538, val_cc: 0.1046
Epoch 19, trian_loss: 0.0043, trian_mae: 0.0661, trian_mse:0.0085, trian_r2: -2051.0506, trian_cc: 0.1020
Epoch 19, val_loss: 0.0048, val_mae: 0.0702, val_mse: 0.0097, val_r2: -3176.2841, val_cc: 0.1045
Epoch 20, trian_loss: 0.0042, trian_mae: 0.0662, trian_mse:0.0085, trian_r2: -2193.3155, trian_cc: 0.0968
Epoch 20, val_loss: 0.0048, val_mae: 0.0702, val_mse: 0.0096, val_r2: -2820.0000, val_cc: 0.0975
Epoch 21, trian_loss: 0.0042, trian_mae: 0.0662, trian_mse:0.0085, trian_r2: -1991.6513, trian_cc: 0.0981
Epoch 21, val_loss: 0.0048, val_mae: 0.0699, val_mse: 0.0097, val_r2: -3081.2185, val_cc: 0.1063
Epoch 22, trian_loss: 0.0042, trian_mae: 0.0660, trian_mse:0.0085, trian_r2: -2003.5206, trian_cc: 0.1102
Epoch 22, val_loss: 0.0048, val_mae: 0.0701, val_mse: 0.0097, val_r2: -3483.6841, val_cc: 0.1045
Epoch 23, trian_loss: 0.0043, trian_mae: 0.0662, trian_mse:0.0085, trian_r2: -2573.8890, trian_cc: 0.1089
Epoch 23, val_loss: 0.0048, val_mae: 0.0700, val_mse: 0.0097, val_r2: -2963.2385, val_cc: 0.1073
Epoch 24, trian_loss: 0.0042, trian_mae: 0.0659, trian_mse:0.0085, trian_r2: -2380.0464, trian_cc: 0.1085
Epoch 24, val_loss: 0.0048, val_mae: 0.0705, val_mse: 0.0096, val_r2: -2585.8513, val_cc: 0.1013
Epoch 25, trian_loss: 0.0042, trian_mae: 0.0662, trian_mse:0.0085, trian_r2: -2096.2167, trian_cc: 0.1103
Epoch 25, val_loss: 0.0048, val_mae: 0.0701, val_mse: 0.0097, val_r2: -2176.2205, val_cc: 0.1092
Epoch 26, trian_loss: 0.0042, trian_mae: 0.0662, trian_mse:0.0085, trian_r2: -1992.8615, trian_cc: 0.1066
Epoch 26, val_loss: 0.0048, val_mae: 0.0699, val_mse: 0.0097, val_r2: -2678.6347, val_cc: 0.1041
Epoch 27, trian_loss: 0.0042, trian_mae: 0.0660, trian_mse:0.0085, trian_r2: -2280.1976, trian_cc: 0.1062
Epoch 27, val_loss: 0.0048, val_mae: 0.0702, val_mse: 0.0097, val_r2: -3151.4824, val_cc: 0.1078
Epoch 28, trian_loss: 0.0042, trian_mae: 0.0661, trian_mse:0.0085, trian_r2: -2061.4481, trian_cc: 0.1112
Epoch 28, val_loss: 0.0048, val_mae: 0.0702, val_mse: 0.0097, val_r2: -2816.8893, val_cc: 0.1016
Epoch 29, trian_loss: 0.0042, trian_mae: 0.0663, trian_mse:0.0085, trian_r2: -2230.1273, trian_cc: 0.0891
Epoch 29, val_loss: 0.0048, val_mae: 0.0699, val_mse: 0.0097, val_r2: -2298.4189, val_cc: 0.0983
Epoch 30, trian_loss: 0.0042, trian_mae: 0.0660, trian_mse:0.0085, trian_r2: -1478.3583, trian_cc: 0.0999
Epoch 30, val_loss: 0.0048, val_mae: 0.0703, val_mse: 0.0096, val_r2: -2167.5081, val_cc: 0.0918
Epoch 31, trian_loss: 0.0042, trian_mae: 0.0662, trian_mse:0.0085, trian_r2: -1633.8495, trian_cc: 0.0994
Epoch 31, val_loss: 0.0048, val_mae: 0.0697, val_mse: 0.0097, val_r2: -1679.7913, val_cc: 0.1035
Epoch 32, trian_loss: 0.0042, trian_mae: 0.0661, trian_mse:0.0085, trian_r2: -1442.4171, trian_cc: 0.0911
Epoch 32, val_loss: 0.0048, val_mae: 0.0700, val_mse: 0.0097, val_r2: -2247.2916, val_cc: 0.0837
Epoch 33, trian_loss: 0.0042, trian_mae: 0.0661, trian_mse:0.0085, trian_r2: -1550.0725, trian_cc: 0.0892
Epoch 33, val_loss: 0.0048, val_mae: 0.0697, val_mse: 0.0097, val_r2: -1561.2595, val_cc: 0.1008
Epoch 34, trian_loss: 0.0042, trian_mae: 0.0660, trian_mse:0.0085, trian_r2: -1118.9840, trian_cc: 0.0880
Epoch 34, val_loss: 0.0048, val_mae: 0.0700, val_mse: 0.0096, val_r2: -1707.3221, val_cc: 0.1078
Epoch 35, trian_loss: 0.0042, trian_mae: 0.0661, trian_mse:0.0085, trian_r2: -916.9834, trian_cc: 0.0963
Epoch 35, val_loss: 0.0048, val_mae: 0.0697, val_mse: 0.0097, val_r2: -834.1651, val_cc: 0.0931
Epoch 36, trian_loss: 0.0042, trian_mae: 0.0659, trian_mse:0.0084, trian_r2: -772.9335, trian_cc: 0.0876
Epoch 36, val_loss: 0.0048, val_mae: 0.0696, val_mse: 0.0096, val_r2: -834.2734, val_cc: 0.0955
Epoch 37, trian_loss: 0.0042, trian_mae: 0.0657, trian_mse:0.0084, trian_r2: -706.4171, trian_cc: 0.0954
Epoch 37, val_loss: 0.0048, val_mae: 0.0698, val_mse: 0.0096, val_r2: -1035.7674, val_cc: 0.1162
Epoch 38, trian_loss: 0.0042, trian_mae: 0.0658, trian_mse:0.0084, trian_r2: -803.0434, trian_cc: 0.0948
Epoch 38, val_loss: 0.0048, val_mae: 0.0699, val_mse: 0.0096, val_r2: -1615.5834, val_cc: 0.1081
Epoch 39, trian_loss: 0.0042, trian_mae: 0.0659, trian_mse:0.0084, trian_r2: -546.6434, trian_cc: 0.0965
Epoch 39, val_loss: 0.0048, val_mae: 0.0695, val_mse: 0.0096, val_r2: -543.5469, val_cc: 0.1064
Epoch 40, trian_loss: 0.0042, trian_mae: 0.0657, trian_mse:0.0084, trian_r2: -451.7070, trian_cc: 0.1015
Epoch 40, val_loss: 0.0048, val_mae: 0.0693, val_mse: 0.0096, val_r2: -413.4513, val_cc: 0.1189
Epoch 41, trian_loss: 0.0042, trian_mae: 0.0657, trian_mse:0.0084, trian_r2: -392.8388, trian_cc: 0.0972
Epoch 41, val_loss: 0.0048, val_mae: 0.0692, val_mse: 0.0096, val_r2: -378.0205, val_cc: 0.1073
Epoch 42, trian_loss: 0.0042, trian_mae: 0.0656, trian_mse:0.0084, trian_r2: -478.5555, trian_cc: 0.1137
Epoch 42, val_loss: 0.0048, val_mae: 0.0693, val_mse: 0.0096, val_r2: -539.8064, val_cc: 0.1205
Epoch 43, trian_loss: 0.0042, trian_mae: 0.0656, trian_mse:0.0084, trian_r2: -550.9841, trian_cc: 0.1130
Epoch 43, val_loss: 0.0048, val_mae: 0.0692, val_mse: 0.0096, val_r2: -328.6726, val_cc: 0.0939
Epoch 44, trian_loss: 0.0042, trian_mae: 0.0656, trian_mse:0.0084, trian_r2: -382.3729, trian_cc: 0.1163
Epoch 44, val_loss: 0.0048, val_mae: 0.0690, val_mse: 0.0096, val_r2: -358.6827, val_cc: 0.1277
Epoch 45, trian_loss: 0.0042, trian_mae: 0.0654, trian_mse:0.0084, trian_r2: -400.7475, trian_cc: 0.1191
Epoch 45, val_loss: 0.0048, val_mae: 0.0690, val_mse: 0.0096, val_r2: -334.1174, val_cc: 0.1161
Epoch 46, trian_loss: 0.0042, trian_mae: 0.0654, trian_mse:0.0084, trian_r2: -486.9657, trian_cc: 0.1239
Epoch 46, val_loss: 0.0048, val_mae: 0.0690, val_mse: 0.0095, val_r2: -397.8610, val_cc: 0.1092
Epoch 47, trian_loss: 0.0042, trian_mae: 0.0654, trian_mse:0.0084, trian_r2: -393.4098, trian_cc: 0.1251
Epoch 47, val_loss: 0.0048, val_mae: 0.0695, val_mse: 0.0096, val_r2: -617.8872, val_cc: 0.1505
Epoch 48, trian_loss: 0.0042, trian_mae: 0.0655, trian_mse:0.0084, trian_r2: -394.9722, trian_cc: 0.1255
Epoch 48, val_loss: 0.0048, val_mae: 0.0689, val_mse: 0.0095, val_r2: -329.7311, val_cc: 0.1157
Epoch 49, trian_loss: 0.0042, trian_mae: 0.0653, trian_mse:0.0084, trian_r2: -369.0021, trian_cc: 0.1267
Epoch 49, val_loss: 0.0048, val_mae: 0.0690, val_mse: 0.0095, val_r2: -290.0246, val_cc: 0.1162
Epoch 50, trian_loss: 0.0042, trian_mae: 0.0653, trian_mse:0.0083, trian_r2: -321.3031, trian_cc: 0.1353
Epoch 50, val_loss: 0.0048, val_mae: 0.0690, val_mse: 0.0095, val_r2: -324.1512, val_cc: 0.1267
Epoch 51, trian_loss: 0.0042, trian_mae: 0.0653, trian_mse:0.0083, trian_r2: -280.5484, trian_cc: 0.1417
Epoch 51, val_loss: 0.0047, val_mae: 0.0688, val_mse: 0.0095, val_r2: -225.9149, val_cc: 0.1473
Epoch 52, trian_loss: 0.0042, trian_mae: 0.0651, trian_mse:0.0083, trian_r2: -297.3654, trian_cc: 0.1525
Epoch 52, val_loss: 0.0047, val_mae: 0.0687, val_mse: 0.0095, val_r2: -211.2254, val_cc: 0.1228
Epoch 53, trian_loss: 0.0041, trian_mae: 0.0650, trian_mse:0.0083, trian_r2: -237.3376, trian_cc: 0.1617
Epoch 53, val_loss: 0.0047, val_mae: 0.0687, val_mse: 0.0095, val_r2: -253.3085, val_cc: 0.1477
Epoch 54, trian_loss: 0.0041, trian_mae: 0.0650, trian_mse:0.0083, trian_r2: -232.8182, trian_cc: 0.1609
Epoch 54, val_loss: 0.0047, val_mae: 0.0684, val_mse: 0.0094, val_r2: -180.8495, val_cc: 0.1640
Epoch 55, trian_loss: 0.0041, trian_mae: 0.0650, trian_mse:0.0083, trian_r2: -176.4473, trian_cc: 0.1675
Epoch 55, val_loss: 0.0047, val_mae: 0.0684, val_mse: 0.0094, val_r2: -175.5501, val_cc: 0.1584
Epoch 56, trian_loss: 0.0041, trian_mae: 0.0650, trian_mse:0.0083, trian_r2: -207.6597, trian_cc: 0.1619
Epoch 56, val_loss: 0.0047, val_mae: 0.0689, val_mse: 0.0094, val_r2: -192.5518, val_cc: 0.1500
Epoch 57, trian_loss: 0.0041, trian_mae: 0.0649, trian_mse:0.0083, trian_r2: -166.4985, trian_cc: 0.1641
Epoch 57, val_loss: 0.0047, val_mae: 0.0685, val_mse: 0.0094, val_r2: -174.1192, val_cc: 0.1485
Epoch 58, trian_loss: 0.0041, trian_mae: 0.0648, trian_mse:0.0082, trian_r2: -156.0521, trian_cc: 0.1684
Epoch 58, val_loss: 0.0047, val_mae: 0.0682, val_mse: 0.0094, val_r2: -159.5305, val_cc: 0.1599
Epoch 59, trian_loss: 0.0041, trian_mae: 0.0649, trian_mse:0.0083, trian_r2: -171.6517, trian_cc: 0.1707
Epoch 59, val_loss: 0.0047, val_mae: 0.0684, val_mse: 0.0094, val_r2: -132.6647, val_cc: 0.1557
Epoch 60, trian_loss: 0.0041, trian_mae: 0.0647, trian_mse:0.0082, trian_r2: -160.4399, trian_cc: 0.1777
Epoch 60, val_loss: 0.0047, val_mae: 0.0686, val_mse: 0.0094, val_r2: -127.3831, val_cc: 0.1538
Epoch 61, trian_loss: 0.0041, trian_mae: 0.0647, trian_mse:0.0082, trian_r2: -131.0184, trian_cc: 0.1704
Epoch 61, val_loss: 0.0047, val_mae: 0.0685, val_mse: 0.0094, val_r2: -136.0425, val_cc: 0.1409
Epoch 62, trian_loss: 0.0041, trian_mae: 0.0647, trian_mse:0.0082, trian_r2: -151.0919, trian_cc: 0.1756
Epoch 62, val_loss: 0.0047, val_mae: 0.0684, val_mse: 0.0094, val_r2: -135.9853, val_cc: 0.1580
Epoch 63, trian_loss: 0.0041, trian_mae: 0.0647, trian_mse:0.0082, trian_r2: -140.9705, trian_cc: 0.1770
Epoch 63, val_loss: 0.0047, val_mae: 0.0686, val_mse: 0.0095, val_r2: -125.2106, val_cc: 0.1384
Epoch 64, trian_loss: 0.0041, trian_mae: 0.0647, trian_mse:0.0082, trian_r2: -151.9960, trian_cc: 0.1746
Epoch 64, val_loss: 0.0047, val_mae: 0.0683, val_mse: 0.0094, val_r2: -117.5247, val_cc: 0.1449
Epoch 65, trian_loss: 0.0041, trian_mae: 0.0647, trian_mse:0.0082, trian_r2: -148.6980, trian_cc: 0.1683
Epoch 65, val_loss: 0.0047, val_mae: 0.0683, val_mse: 0.0094, val_r2: -140.5054, val_cc: 0.1514
Epoch 66, trian_loss: 0.0041, trian_mae: 0.0645, trian_mse:0.0082, trian_r2: -179.3740, trian_cc: 0.1816
Epoch 66, val_loss: 0.0047, val_mae: 0.0682, val_mse: 0.0094, val_r2: -151.3195, val_cc: 0.1643
Epoch 67, trian_loss: 0.0041, trian_mae: 0.0646, trian_mse:0.0082, trian_r2: -162.9077, trian_cc: 0.1772
Epoch 67, val_loss: 0.0047, val_mae: 0.0682, val_mse: 0.0094, val_r2: -128.1472, val_cc: 0.1629
Epoch 68, trian_loss: 0.0041, trian_mae: 0.0646, trian_mse:0.0082, trian_r2: -133.4152, trian_cc: 0.1802
Epoch 68, val_loss: 0.0047, val_mae: 0.0685, val_mse: 0.0094, val_r2: -116.8966, val_cc: 0.1372
Epoch 69, trian_loss: 0.0041, trian_mae: 0.0647, trian_mse:0.0082, trian_r2: -146.8998, trian_cc: 0.1694
Epoch 69, val_loss: 0.0047, val_mae: 0.0682, val_mse: 0.0094, val_r2: -152.7717, val_cc: 0.1682
Epoch 70, trian_loss: 0.0041, trian_mae: 0.0646, trian_mse:0.0082, trian_r2: -144.4578, trian_cc: 0.1807
Epoch 70, val_loss: 0.0047, val_mae: 0.0681, val_mse: 0.0094, val_r2: -134.0897, val_cc: 0.1598
Epoch 71, trian_loss: 0.0041, trian_mae: 0.0645, trian_mse:0.0082, trian_r2: -139.2275, trian_cc: 0.1804
Epoch 71, val_loss: 0.0047, val_mae: 0.0681, val_mse: 0.0094, val_r2: -115.0252, val_cc: 0.1676
Epoch 72, trian_loss: 0.0041, trian_mae: 0.0646, trian_mse:0.0082, trian_r2: -135.1266, trian_cc: 0.1897
Epoch 72, val_loss: 0.0047, val_mae: 0.0682, val_mse: 0.0095, val_r2: -123.4716, val_cc: 0.1426
Epoch 73, trian_loss: 0.0041, trian_mae: 0.0646, trian_mse:0.0082, trian_r2: -152.0930, trian_cc: 0.1803
Epoch 73, val_loss: 0.0047, val_mae: 0.0682, val_mse: 0.0094, val_r2: -130.5261, val_cc: 0.1897
Epoch 74, trian_loss: 0.0041, trian_mae: 0.0645, trian_mse:0.0082, trian_r2: -147.2918, trian_cc: 0.1882
Epoch 74, val_loss: 0.0047, val_mae: 0.0681, val_mse: 0.0094, val_r2: -125.2838, val_cc: 0.1654
Epoch 75, trian_loss: 0.0041, trian_mae: 0.0644, trian_mse:0.0082, trian_r2: -137.1155, trian_cc: 0.1780
Epoch 75, val_loss: 0.0047, val_mae: 0.0685, val_mse: 0.0094, val_r2: -124.4055, val_cc: 0.1564
Epoch 76, trian_loss: 0.0041, trian_mae: 0.0647, trian_mse:0.0082, trian_r2: -134.9124, trian_cc: 0.1774
Epoch 76, val_loss: 0.0047, val_mae: 0.0682, val_mse: 0.0094, val_r2: -118.1108, val_cc: 0.1727
Epoch 77, trian_loss: 0.0041, trian_mae: 0.0645, trian_mse:0.0082, trian_r2: -127.0742, trian_cc: 0.1920
Epoch 77, val_loss: 0.0047, val_mae: 0.0681, val_mse: 0.0094, val_r2: -105.7062, val_cc: 0.1724
Epoch 78, trian_loss: 0.0041, trian_mae: 0.0644, trian_mse:0.0082, trian_r2: -142.7816, trian_cc: 0.1839
Epoch 78, val_loss: 0.0047, val_mae: 0.0690, val_mse: 0.0095, val_r2: -145.4918, val_cc: 0.1791
Epoch 79, trian_loss: 0.0041, trian_mae: 0.0644, trian_mse:0.0082, trian_r2: -127.2960, trian_cc: 0.1853
Epoch 79, val_loss: 0.0047, val_mae: 0.0687, val_mse: 0.0094, val_r2: -101.9390, val_cc: 0.1262
Epoch 80, trian_loss: 0.0041, trian_mae: 0.0646, trian_mse:0.0082, trian_r2: -126.2676, trian_cc: 0.1831
Epoch 80, val_loss: 0.0047, val_mae: 0.0682, val_mse: 0.0094, val_r2: -116.1595, val_cc: 0.1557
Epoch 81, trian_loss: 0.0041, trian_mae: 0.0644, trian_mse:0.0082, trian_r2: -129.1707, trian_cc: 0.1884
Epoch 81, val_loss: 0.0047, val_mae: 0.0681, val_mse: 0.0094, val_r2: -122.1233, val_cc: 0.1532
Epoch 82, trian_loss: 0.0041, trian_mae: 0.0644, trian_mse:0.0082, trian_r2: -121.2514, trian_cc: 0.1860
Epoch 82, val_loss: 0.0047, val_mae: 0.0682, val_mse: 0.0094, val_r2: -117.1658, val_cc: 0.1603
Epoch 83, trian_loss: 0.0041, trian_mae: 0.0645, trian_mse:0.0082, trian_r2: -123.3705, trian_cc: 0.1859
Epoch 83, val_loss: 0.0047, val_mae: 0.0682, val_mse: 0.0094, val_r2: -106.2886, val_cc: 0.1571
Epoch 84, trian_loss: 0.0041, trian_mae: 0.0645, trian_mse:0.0082, trian_r2: -129.9346, trian_cc: 0.1758
Epoch 84, val_loss: 0.0047, val_mae: 0.0682, val_mse: 0.0095, val_r2: -95.8264, val_cc: 0.1505
Epoch 85, trian_loss: 0.0041, trian_mae: 0.0643, trian_mse:0.0082, trian_r2: -103.1504, trian_cc: 0.1903
Epoch 85, val_loss: 0.0047, val_mae: 0.0683, val_mse: 0.0095, val_r2: -84.0084, val_cc: 0.1414
Epoch 86, trian_loss: 0.0041, trian_mae: 0.0644, trian_mse:0.0082, trian_r2: -112.5256, trian_cc: 0.1825
Epoch 86, val_loss: 0.0047, val_mae: 0.0682, val_mse: 0.0095, val_r2: -92.0790, val_cc: 0.1448
Epoch 87, trian_loss: 0.0041, trian_mae: 0.0644, trian_mse:0.0082, trian_r2: -124.4071, trian_cc: 0.1874
Epoch 87, val_loss: 0.0047, val_mae: 0.0684, val_mse: 0.0095, val_r2: -103.7382, val_cc: 0.1408
Epoch 88, trian_loss: 0.0041, trian_mae: 0.0644, trian_mse:0.0082, trian_r2: -120.1917, trian_cc: 0.1902
Epoch 88, val_loss: 0.0047, val_mae: 0.0684, val_mse: 0.0094, val_r2: -100.9305, val_cc: 0.1488
Epoch 89, trian_loss: 0.0041, trian_mae: 0.0643, trian_mse:0.0082, trian_r2: -111.6683, trian_cc: 0.1877
Epoch 89, val_loss: 0.0047, val_mae: 0.0683, val_mse: 0.0094, val_r2: -109.4025, val_cc: 0.1593
Epoch 90, trian_loss: 0.0041, trian_mae: 0.0643, trian_mse:0.0082, trian_r2: -112.9171, trian_cc: 0.1953
Epoch 90, val_loss: 0.0047, val_mae: 0.0682, val_mse: 0.0094, val_r2: -101.8286, val_cc: 0.1533
Epoch 91, trian_loss: 0.0041, trian_mae: 0.0642, trian_mse:0.0082, trian_r2: -115.9316, trian_cc: 0.1868
Epoch 91, val_loss: 0.0047, val_mae: 0.0681, val_mse: 0.0095, val_r2: -106.3173, val_cc: 0.1623
Epoch 92, trian_loss: 0.0041, trian_mae: 0.0643, trian_mse:0.0082, trian_r2: -106.8697, trian_cc: 0.1931
Epoch 92, val_loss: 0.0047, val_mae: 0.0685, val_mse: 0.0095, val_r2: -98.3006, val_cc: 0.1493
Epoch 93, trian_loss: 0.0041, trian_mae: 0.0643, trian_mse:0.0082, trian_r2: -115.9529, trian_cc: 0.1875
Epoch 93, val_loss: 0.0047, val_mae: 0.0688, val_mse: 0.0094, val_r2: -86.3566, val_cc: 0.1493
Epoch 94, trian_loss: 0.0041, trian_mae: 0.0644, trian_mse:0.0082, trian_r2: -109.0789, trian_cc: 0.1861
Epoch 94, val_loss: 0.0047, val_mae: 0.0683, val_mse: 0.0094, val_r2: -104.7312, val_cc: 0.1579
Epoch 95, trian_loss: 0.0041, trian_mae: 0.0643, trian_mse:0.0082, trian_r2: -103.1416, trian_cc: 0.1953
Epoch 95, val_loss: 0.0047, val_mae: 0.0683, val_mse: 0.0094, val_r2: -98.0825, val_cc: 0.1458
Epoch 96, trian_loss: 0.0041, trian_mae: 0.0642, trian_mse:0.0082, trian_r2: -123.0733, trian_cc: 0.1921
Epoch 96, val_loss: 0.0047, val_mae: 0.0685, val_mse: 0.0095, val_r2: -83.6198, val_cc: 0.1422
Epoch 97, trian_loss: 0.0041, trian_mae: 0.0642, trian_mse:0.0081, trian_r2: -112.0005, trian_cc: 0.1924
Epoch 97, val_loss: 0.0047, val_mae: 0.0683, val_mse: 0.0095, val_r2: -96.4472, val_cc: 0.1398
Epoch 98, trian_loss: 0.0041, trian_mae: 0.0642, trian_mse:0.0081, trian_r2: -100.0846, trian_cc: 0.1913
Epoch 98, val_loss: 0.0047, val_mae: 0.0688, val_mse: 0.0095, val_r2: -91.8002, val_cc: 0.1336
Epoch 99, trian_loss: 0.0041, trian_mae: 0.0642, trian_mse:0.0081, trian_r2: -99.1635, trian_cc: 0.1948
Epoch 99, val_loss: 0.0047, val_mae: 0.0683, val_mse: 0.0095, val_r2: -110.3264, val_cc: 0.1602
