Trian Data: 515   Validation Data: 172  Test Data: 172
model ResNet_2D(
  (conv1): Sequential(
    (0): Conv2d(98, 64, kernel_size=(3, 3), stride=(1, 1), padding=(1, 1), bias=False)
    (1): BatchNorm2d(64, eps=1e-05, momentum=0.1, affine=True, track_running_stats=True)
  )
  (layer1): Sequential(
    (0): BasicBlock(
      (conv1): Conv2d(64, 64, kernel_size=(3, 3), stride=(1, 1), padding=(1, 1), bias=False)
      (bn1): BatchNorm2d(64, eps=1e-05, momentum=0.1, affine=True, track_running_stats=True)
      (conv2): Conv2d(64, 64, kernel_size=(3, 3), stride=(1, 1), padding=(1, 1), bias=False)
      (bn2): BatchNorm2d(64, eps=1e-05, momentum=0.1, affine=True, track_running_stats=True)
      (shortcut): Sequential()
    )
    (1): BasicBlock(
      (conv1): Conv2d(64, 64, kernel_size=(3, 3), stride=(1, 1), padding=(1, 1), bias=False)
      (bn1): BatchNorm2d(64, eps=1e-05, momentum=0.1, affine=True, track_running_stats=True)
      (conv2): Conv2d(64, 64, kernel_size=(3, 3), stride=(1, 1), padding=(1, 1), bias=False)
      (bn2): BatchNorm2d(64, eps=1e-05, momentum=0.1, affine=True, track_running_stats=True)
      (shortcut): Sequential()
    )
  )
  (layer2): Sequential(
    (0): BasicBlock(
      (conv1): Conv2d(64, 64, kernel_size=(3, 3), stride=(1, 1), padding=(1, 1), bias=False)
      (bn1): BatchNorm2d(64, eps=1e-05, momentum=0.1, affine=True, track_running_stats=True)
      (conv2): Conv2d(64, 64, kernel_size=(3, 3), stride=(1, 1), padding=(1, 1), bias=False)
      (bn2): BatchNorm2d(64, eps=1e-05, momentum=0.1, affine=True, track_running_stats=True)
      (shortcut): Sequential()
    )
    (1): BasicBlock(
      (conv1): Conv2d(64, 64, kernel_size=(3, 3), stride=(1, 1), padding=(1, 1), bias=False)
      (bn1): BatchNorm2d(64, eps=1e-05, momentum=0.1, affine=True, track_running_stats=True)
      (conv2): Conv2d(64, 64, kernel_size=(3, 3), stride=(1, 1), padding=(1, 1), bias=False)
      (bn2): BatchNorm2d(64, eps=1e-05, momentum=0.1, affine=True, track_running_stats=True)
      (shortcut): Sequential()
    )
  )
  (layer3): Sequential(
    (0): BasicBlock(
      (conv1): Conv2d(64, 64, kernel_size=(3, 3), stride=(1, 1), padding=(1, 1), bias=False)
      (bn1): BatchNorm2d(64, eps=1e-05, momentum=0.1, affine=True, track_running_stats=True)
      (conv2): Conv2d(64, 64, kernel_size=(3, 3), stride=(1, 1), padding=(1, 1), bias=False)
      (bn2): BatchNorm2d(64, eps=1e-05, momentum=0.1, affine=True, track_running_stats=True)
      (shortcut): Sequential()
    )
    (1): BasicBlock(
      (conv1): Conv2d(64, 64, kernel_size=(3, 3), stride=(1, 1), padding=(1, 1), bias=False)
      (bn1): BatchNorm2d(64, eps=1e-05, momentum=0.1, affine=True, track_running_stats=True)
      (conv2): Conv2d(64, 64, kernel_size=(3, 3), stride=(1, 1), padding=(1, 1), bias=False)
      (bn2): BatchNorm2d(64, eps=1e-05, momentum=0.1, affine=True, track_running_stats=True)
      (shortcut): Sequential()
    )
  )
  (layer4): Sequential(
    (0): BasicBlock(
      (conv1): Conv2d(64, 64, kernel_size=(3, 3), stride=(1, 1), padding=(1, 1), bias=False)
      (bn1): BatchNorm2d(64, eps=1e-05, momentum=0.1, affine=True, track_running_stats=True)
      (conv2): Conv2d(64, 64, kernel_size=(3, 3), stride=(1, 1), padding=(1, 1), bias=False)
      (bn2): BatchNorm2d(64, eps=1e-05, momentum=0.1, affine=True, track_running_stats=True)
      (shortcut): Sequential()
    )
    (1): BasicBlock(
      (conv1): Conv2d(64, 64, kernel_size=(3, 3), stride=(1, 1), padding=(1, 1), bias=False)
      (bn1): BatchNorm2d(64, eps=1e-05, momentum=0.1, affine=True, track_running_stats=True)
      (conv2): Conv2d(64, 64, kernel_size=(3, 3), stride=(1, 1), padding=(1, 1), bias=False)
      (bn2): BatchNorm2d(64, eps=1e-05, momentum=0.1, affine=True, track_running_stats=True)
      (shortcut): Sequential()
    )
    (2): BasicBlock(
      (conv1): Conv2d(64, 64, kernel_size=(3, 3), stride=(1, 1), padding=(1, 1), bias=False)
      (bn1): BatchNorm2d(64, eps=1e-05, momentum=0.1, affine=True, track_running_stats=True)
      (conv2): Conv2d(64, 64, kernel_size=(3, 3), stride=(1, 1), padding=(1, 1), bias=False)
      (bn2): BatchNorm2d(64, eps=1e-05, momentum=0.1, affine=True, track_running_stats=True)
      (shortcut): Sequential()
    )
  )
  (conv2): Sequential(
    (0): Conv2d(64, 32, kernel_size=(3, 3), stride=(1, 1), padding=(1, 1))
    (1): BatchNorm2d(32, eps=1e-05, momentum=0.1, affine=True, track_running_stats=True)
  )
  (conv3): Sequential(
    (0): Conv2d(32, 16, kernel_size=(3, 3), stride=(1, 1), padding=(1, 1))
    (1): BatchNorm2d(16, eps=1e-05, momentum=0.1, affine=True, track_running_stats=True)
  )
  (conv4): Sequential(
    (0): Conv2d(16, 1, kernel_size=(3, 3), stride=(1, 1), padding=(1, 1))
    (1): BatchNorm2d(1, eps=1e-05, momentum=0.1, affine=True, track_running_stats=True)
  )
)
Epoch  0, trian_loss: 0.0092, trian_mae: 0.0839, trian_mse:0.0187, trian_r2: -12.8767, trian_cc: 0.2216
Epoch  0, val_loss: 0.0081, val_mae: 0.1008, val_mse: 0.0162, val_r2: -33.4913, val_cc: 0.3775
Epoch  1, trian_loss: 0.0046, trian_mae: 0.0686, trian_mse:0.0091, trian_r2: -967.7926, trian_cc: -0.0170
Epoch  1, val_loss: 0.0049, val_mae: 0.0735, val_mse: 0.0097, val_r2: -1019.6308, val_cc: -0.0363
Epoch  2, trian_loss: 0.0043, trian_mae: 0.0668, trian_mse:0.0087, trian_r2: -1839.7396, trian_cc: -0.0188
Epoch  2, val_loss: 0.0048, val_mae: 0.0712, val_mse: 0.0097, val_r2: -1810.0218, val_cc: -0.0188
Epoch  3, trian_loss: 0.0043, trian_mae: 0.0665, trian_mse:0.0086, trian_r2: -1785.2940, trian_cc: -0.0007
Epoch  3, val_loss: 0.0050, val_mae: 0.0740, val_mse: 0.0099, val_r2: -1708.8297, val_cc: -0.0149
Epoch  4, trian_loss: 0.0043, trian_mae: 0.0667, trian_mse:0.0086, trian_r2: -2006.0312, trian_cc: 0.0135
Epoch  4, val_loss: 0.0048, val_mae: 0.0714, val_mse: 0.0096, val_r2: -2763.7597, val_cc: 0.0079
Epoch  5, trian_loss: 0.0043, trian_mae: 0.0665, trian_mse:0.0086, trian_r2: -5195.1544, trian_cc: 0.0304
Epoch  5, val_loss: 0.0048, val_mae: 0.0716, val_mse: 0.0096, val_r2: -7081.3770, val_cc: 0.0224
Epoch  6, trian_loss: 0.0043, trian_mae: 0.0664, trian_mse:0.0086, trian_r2: -5519.9135, trian_cc: 0.0512
Epoch  6, val_loss: 0.0048, val_mae: 0.0714, val_mse: 0.0096, val_r2: -3252.2064, val_cc: 0.0514
Epoch  7, trian_loss: 0.0043, trian_mae: 0.0663, trian_mse:0.0085, trian_r2: -3825.1908, trian_cc: 0.0607
Epoch  7, val_loss: 0.0048, val_mae: 0.0705, val_mse: 0.0096, val_r2: -4061.9972, val_cc: 0.0727
Epoch  8, trian_loss: 0.0043, trian_mae: 0.0662, trian_mse:0.0086, trian_r2: -2603.7748, trian_cc: 0.0788
Epoch  8, val_loss: 0.0048, val_mae: 0.0706, val_mse: 0.0096, val_r2: -2938.1331, val_cc: 0.0839
Epoch  9, trian_loss: 0.0043, trian_mae: 0.0662, trian_mse:0.0085, trian_r2: -2329.3309, trian_cc: 0.0854
Epoch  9, val_loss: 0.0048, val_mae: 0.0705, val_mse: 0.0097, val_r2: -2303.6193, val_cc: 0.0912
Epoch 10, trian_loss: 0.0043, trian_mae: 0.0663, trian_mse:0.0085, trian_r2: -3096.8361, trian_cc: 0.0899
Epoch 10, val_loss: 0.0048, val_mae: 0.0703, val_mse: 0.0096, val_r2: -2967.6012, val_cc: 0.0958
Epoch 11, trian_loss: 0.0043, trian_mae: 0.0663, trian_mse:0.0085, trian_r2: -3082.3339, trian_cc: 0.0970
Epoch 11, val_loss: 0.0048, val_mae: 0.0709, val_mse: 0.0096, val_r2: -4055.1362, val_cc: 0.0986
Epoch 12, trian_loss: 0.0043, trian_mae: 0.0664, trian_mse:0.0085, trian_r2: -2955.9764, trian_cc: 0.0968
Epoch 12, val_loss: 0.0048, val_mae: 0.0703, val_mse: 0.0096, val_r2: -3287.9208, val_cc: 0.1019
Epoch 13, trian_loss: 0.0043, trian_mae: 0.0663, trian_mse:0.0085, trian_r2: -2836.4183, trian_cc: 0.0981
Epoch 13, val_loss: 0.0048, val_mae: 0.0702, val_mse: 0.0096, val_r2: -2287.5120, val_cc: 0.1013
Epoch 14, trian_loss: 0.0042, trian_mae: 0.0662, trian_mse:0.0085, trian_r2: -2725.5906, trian_cc: 0.1043
Epoch 14, val_loss: 0.0048, val_mae: 0.0704, val_mse: 0.0096, val_r2: -2389.3096, val_cc: 0.1019
Epoch 15, trian_loss: 0.0043, trian_mae: 0.0663, trian_mse:0.0085, trian_r2: -3085.0860, trian_cc: 0.1003
Epoch 15, val_loss: 0.0048, val_mae: 0.0703, val_mse: 0.0096, val_r2: -2431.4193, val_cc: 0.1068
Epoch 16, trian_loss: 0.0043, trian_mae: 0.0663, trian_mse:0.0085, trian_r2: -2364.1158, trian_cc: 0.1002
Epoch 16, val_loss: 0.0048, val_mae: 0.0705, val_mse: 0.0097, val_r2: -3163.6030, val_cc: 0.0895
Epoch 17, trian_loss: 0.0043, trian_mae: 0.0663, trian_mse:0.0085, trian_r2: -3449.5750, trian_cc: 0.1032
Epoch 17, val_loss: 0.0048, val_mae: 0.0703, val_mse: 0.0096, val_r2: -4115.7296, val_cc: 0.0966
Epoch 18, trian_loss: 0.0043, trian_mae: 0.0666, trian_mse:0.0086, trian_r2: -2587.8404, trian_cc: 0.0949
Epoch 18, val_loss: 0.0048, val_mae: 0.0711, val_mse: 0.0097, val_r2: -3676.0147, val_cc: 0.0621
Epoch 19, trian_loss: 0.0043, trian_mae: 0.0664, trian_mse:0.0085, trian_r2: -2024.9240, trian_cc: 0.0937
Epoch 19, val_loss: 0.0048, val_mae: 0.0701, val_mse: 0.0097, val_r2: -3181.7746, val_cc: 0.0963
Epoch 20, trian_loss: 0.0042, trian_mae: 0.0662, trian_mse:0.0085, trian_r2: -2867.8245, trian_cc: 0.1007
Epoch 20, val_loss: 0.0048, val_mae: 0.0701, val_mse: 0.0097, val_r2: -3245.7115, val_cc: 0.1037
Epoch 21, trian_loss: 0.0043, trian_mae: 0.0662, trian_mse:0.0085, trian_r2: -2414.5736, trian_cc: 0.1067
Epoch 21, val_loss: 0.0048, val_mae: 0.0702, val_mse: 0.0096, val_r2: -2578.5806, val_cc: 0.1043
Epoch 22, trian_loss: 0.0043, trian_mae: 0.0663, trian_mse:0.0085, trian_r2: -2548.4160, trian_cc: 0.0844
Epoch 22, val_loss: 0.0050, val_mae: 0.0710, val_mse: 0.0100, val_r2: -1414.4948, val_cc: 0.0651
Epoch 23, trian_loss: 0.0043, trian_mae: 0.0664, trian_mse:0.0085, trian_r2: -1750.2133, trian_cc: 0.0967
Epoch 23, val_loss: 0.0048, val_mae: 0.0707, val_mse: 0.0097, val_r2: -2699.0758, val_cc: 0.0949
Epoch 24, trian_loss: 0.0043, trian_mae: 0.0663, trian_mse:0.0085, trian_r2: -2703.9314, trian_cc: 0.1018
Epoch 24, val_loss: 0.0048, val_mae: 0.0704, val_mse: 0.0096, val_r2: -3370.4562, val_cc: 0.1031
Epoch 25, trian_loss: 0.0043, trian_mae: 0.0663, trian_mse:0.0085, trian_r2: -2185.0746, trian_cc: 0.1053
Epoch 25, val_loss: 0.0048, val_mae: 0.0700, val_mse: 0.0097, val_r2: -1892.1621, val_cc: 0.1088
Epoch 26, trian_loss: 0.0043, trian_mae: 0.0662, trian_mse:0.0085, trian_r2: -2349.4846, trian_cc: 0.1061
Epoch 26, val_loss: 0.0048, val_mae: 0.0707, val_mse: 0.0096, val_r2: -3714.7521, val_cc: 0.0966
Epoch 27, trian_loss: 0.0042, trian_mae: 0.0661, trian_mse:0.0085, trian_r2: -2373.1777, trian_cc: 0.1063
Epoch 27, val_loss: 0.0048, val_mae: 0.0699, val_mse: 0.0097, val_r2: -2539.2311, val_cc: 0.1066
Epoch 28, trian_loss: 0.0042, trian_mae: 0.0660, trian_mse:0.0085, trian_r2: -2071.6181, trian_cc: 0.1113
Epoch 28, val_loss: 0.0048, val_mae: 0.0701, val_mse: 0.0097, val_r2: -3550.0379, val_cc: 0.1054
Epoch 29, trian_loss: 0.0042, trian_mae: 0.0661, trian_mse:0.0085, trian_r2: -2367.1806, trian_cc: 0.1058
Epoch 29, val_loss: 0.0048, val_mae: 0.0700, val_mse: 0.0097, val_r2: -2168.3301, val_cc: 0.1062
Epoch 30, trian_loss: 0.0042, trian_mae: 0.0661, trian_mse:0.0085, trian_r2: -1618.5741, trian_cc: 0.0986
Epoch 30, val_loss: 0.0048, val_mae: 0.0698, val_mse: 0.0096, val_r2: -2434.4590, val_cc: 0.1011
Epoch 31, trian_loss: 0.0042, trian_mae: 0.0661, trian_mse:0.0085, trian_r2: -1372.9708, trian_cc: 0.1072
Epoch 31, val_loss: 0.0048, val_mae: 0.0699, val_mse: 0.0097, val_r2: -2100.5476, val_cc: 0.1014
Epoch 32, trian_loss: 0.0042, trian_mae: 0.0661, trian_mse:0.0085, trian_r2: -1170.2472, trian_cc: 0.1019
Epoch 32, val_loss: 0.0048, val_mae: 0.0698, val_mse: 0.0097, val_r2: -1168.2243, val_cc: 0.1004
Epoch 33, trian_loss: 0.0042, trian_mae: 0.0660, trian_mse:0.0085, trian_r2: -1011.3115, trian_cc: 0.0944
Epoch 33, val_loss: 0.0048, val_mae: 0.0697, val_mse: 0.0097, val_r2: -844.8927, val_cc: 0.0951
Epoch 34, trian_loss: 0.0042, trian_mae: 0.0659, trian_mse:0.0085, trian_r2: -759.6717, trian_cc: 0.0921
Epoch 34, val_loss: 0.0048, val_mae: 0.0698, val_mse: 0.0097, val_r2: -780.1237, val_cc: 0.0890
Epoch 35, trian_loss: 0.0042, trian_mae: 0.0659, trian_mse:0.0084, trian_r2: -570.5564, trian_cc: 0.0888
Epoch 35, val_loss: 0.0048, val_mae: 0.0696, val_mse: 0.0096, val_r2: -691.7576, val_cc: 0.0973
Epoch 36, trian_loss: 0.0042, trian_mae: 0.0658, trian_mse:0.0084, trian_r2: -519.3581, trian_cc: 0.0943
Epoch 36, val_loss: 0.0048, val_mae: 0.0696, val_mse: 0.0096, val_r2: -654.5800, val_cc: 0.1103
Epoch 37, trian_loss: 0.0042, trian_mae: 0.0658, trian_mse:0.0084, trian_r2: -511.3705, trian_cc: 0.0991
Epoch 37, val_loss: 0.0048, val_mae: 0.0693, val_mse: 0.0096, val_r2: -453.5938, val_cc: 0.0916
Epoch 38, trian_loss: 0.0042, trian_mae: 0.0656, trian_mse:0.0084, trian_r2: -470.0453, trian_cc: 0.1076
Epoch 38, val_loss: 0.0048, val_mae: 0.0694, val_mse: 0.0096, val_r2: -510.2021, val_cc: 0.1154
Epoch 39, trian_loss: 0.0042, trian_mae: 0.0656, trian_mse:0.0084, trian_r2: -372.0739, trian_cc: 0.1067
Epoch 39, val_loss: 0.0048, val_mae: 0.0693, val_mse: 0.0096, val_r2: -383.9413, val_cc: 0.0918
Epoch 40, trian_loss: 0.0042, trian_mae: 0.0657, trian_mse:0.0084, trian_r2: -495.1987, trian_cc: 0.1034
Epoch 40, val_loss: 0.0048, val_mae: 0.0692, val_mse: 0.0096, val_r2: -317.3496, val_cc: 0.1075
Epoch 41, trian_loss: 0.0042, trian_mae: 0.0658, trian_mse:0.0084, trian_r2: -418.4468, trian_cc: 0.0960
Epoch 41, val_loss: 0.0048, val_mae: 0.0699, val_mse: 0.0095, val_r2: -554.4807, val_cc: 0.1237
Epoch 42, trian_loss: 0.0042, trian_mae: 0.0655, trian_mse:0.0083, trian_r2: -450.3868, trian_cc: 0.1262
Epoch 42, val_loss: 0.0048, val_mae: 0.0696, val_mse: 0.0096, val_r2: -456.6091, val_cc: 0.1340
Epoch 43, trian_loss: 0.0042, trian_mae: 0.0656, trian_mse:0.0084, trian_r2: -409.0497, trian_cc: 0.1093
Epoch 43, val_loss: 0.0048, val_mae: 0.0691, val_mse: 0.0096, val_r2: -356.5060, val_cc: 0.0748
Epoch 44, trian_loss: 0.0042, trian_mae: 0.0655, trian_mse:0.0084, trian_r2: -419.9702, trian_cc: 0.1177
Epoch 44, val_loss: 0.0047, val_mae: 0.0692, val_mse: 0.0095, val_r2: -251.2355, val_cc: 0.1125
Epoch 45, trian_loss: 0.0042, trian_mae: 0.0655, trian_mse:0.0084, trian_r2: -519.5377, trian_cc: 0.1587
Epoch 45, val_loss: 0.0047, val_mae: 0.0708, val_mse: 0.0094, val_r2: -401.8178, val_cc: 0.1287
Epoch 46, trian_loss: 0.0041, trian_mae: 0.0654, trian_mse:0.0083, trian_r2: -319.2629, trian_cc: 0.1414
Epoch 46, val_loss: 0.0045, val_mae: 0.0661, val_mse: 0.0090, val_r2: -106.2378, val_cc: 0.2090
Epoch 47, trian_loss: 0.0041, trian_mae: 0.0652, trian_mse:0.0082, trian_r2: -319.6341, trian_cc: 0.1666
Epoch 47, val_loss: 0.0047, val_mae: 0.0698, val_mse: 0.0094, val_r2: -369.2194, val_cc: 0.1439
Epoch 48, trian_loss: 0.0040, trian_mae: 0.0642, trian_mse:0.0081, trian_r2: -308.3905, trian_cc: 0.2397
Epoch 48, val_loss: 0.0045, val_mae: 0.0690, val_mse: 0.0090, val_r2: -405.0755, val_cc: 0.1949
Epoch 49, trian_loss: 0.0040, trian_mae: 0.0645, trian_mse:0.0081, trian_r2: -593.6584, trian_cc: 0.2419
Epoch 49, val_loss: 0.0046, val_mae: 0.0661, val_mse: 0.0092, val_r2: -125.1295, val_cc: 0.3218
Epoch 50, trian_loss: 0.0040, trian_mae: 0.0638, trian_mse:0.0079, trian_r2: -331.6088, trian_cc: 0.3242
Epoch 50, val_loss: 0.0045, val_mae: 0.0659, val_mse: 0.0089, val_r2: -154.5974, val_cc: 0.2951
Epoch 51, trian_loss: 0.0040, trian_mae: 0.0640, trian_mse:0.0079, trian_r2: -293.6653, trian_cc: 0.3199
Epoch 51, val_loss: 0.0044, val_mae: 0.0652, val_mse: 0.0089, val_r2: -180.4257, val_cc: 0.3769
Epoch 52, trian_loss: 0.0039, trian_mae: 0.0634, trian_mse:0.0078, trian_r2: -233.5607, trian_cc: 0.3165
Epoch 52, val_loss: 0.0048, val_mae: 0.0669, val_mse: 0.0096, val_r2: -142.7336, val_cc: 0.3872
Epoch 53, trian_loss: 0.0039, trian_mae: 0.0636, trian_mse:0.0078, trian_r2: -298.8122, trian_cc: 0.3359
Epoch 53, val_loss: 0.0044, val_mae: 0.0651, val_mse: 0.0089, val_r2: -219.3954, val_cc: 0.3716
Epoch 54, trian_loss: 0.0040, trian_mae: 0.0647, trian_mse:0.0081, trian_r2: -348.8577, trian_cc: 0.2446
Epoch 54, val_loss: 0.0046, val_mae: 0.0725, val_mse: 0.0092, val_r2: -901.1689, val_cc: 0.2565
Epoch 55, trian_loss: 0.0040, trian_mae: 0.0644, trian_mse:0.0079, trian_r2: -402.2052, trian_cc: 0.3060
Epoch 55, val_loss: 0.0045, val_mae: 0.0658, val_mse: 0.0090, val_r2: -201.0358, val_cc: 0.3491
Epoch 56, trian_loss: 0.0038, trian_mae: 0.0629, trian_mse:0.0077, trian_r2: -339.5745, trian_cc: 0.3514
Epoch 56, val_loss: 0.0044, val_mae: 0.0690, val_mse: 0.0088, val_r2: -282.7280, val_cc: 0.3916
Epoch 57, trian_loss: 0.0039, trian_mae: 0.0633, trian_mse:0.0078, trian_r2: -363.3090, trian_cc: 0.3343
Epoch 57, val_loss: 0.0044, val_mae: 0.0657, val_mse: 0.0088, val_r2: -268.0217, val_cc: 0.3835
Epoch 58, trian_loss: 0.0039, trian_mae: 0.0633, trian_mse:0.0077, trian_r2: -190.3216, trian_cc: 0.3585
Epoch 58, val_loss: 0.0044, val_mae: 0.0653, val_mse: 0.0088, val_r2: -183.1405, val_cc: 0.3667
Epoch 59, trian_loss: 0.0038, trian_mae: 0.0626, trian_mse:0.0076, trian_r2: -187.7017, trian_cc: 0.3761
Epoch 59, val_loss: 0.0047, val_mae: 0.0665, val_mse: 0.0093, val_r2: -123.0647, val_cc: 0.4137
Epoch 60, trian_loss: 0.0038, trian_mae: 0.0626, trian_mse:0.0076, trian_r2: -186.3732, trian_cc: 0.3821
Epoch 60, val_loss: 0.0043, val_mae: 0.0672, val_mse: 0.0086, val_r2: -96.5514, val_cc: 0.3296
Epoch 61, trian_loss: 0.0038, trian_mae: 0.0628, trian_mse:0.0077, trian_r2: -181.0423, trian_cc: 0.3767
Epoch 61, val_loss: 0.0043, val_mae: 0.0650, val_mse: 0.0086, val_r2: -86.1908, val_cc: 0.3696
Epoch 62, trian_loss: 0.0039, trian_mae: 0.0635, trian_mse:0.0079, trian_r2: -176.5530, trian_cc: 0.3261
Epoch 62, val_loss: 0.0045, val_mae: 0.0653, val_mse: 0.0090, val_r2: -106.6325, val_cc: 0.3452
Epoch 63, trian_loss: 0.0038, trian_mae: 0.0623, trian_mse:0.0076, trian_r2: -163.3260, trian_cc: 0.3683
Epoch 63, val_loss: 0.0042, val_mae: 0.0650, val_mse: 0.0085, val_r2: -131.1821, val_cc: 0.3890
Epoch 64, trian_loss: 0.0038, trian_mae: 0.0629, trian_mse:0.0076, trian_r2: -149.2781, trian_cc: 0.3802
Epoch 64, val_loss: 0.0043, val_mae: 0.0654, val_mse: 0.0087, val_r2: -146.7637, val_cc: 0.3645
Epoch 65, trian_loss: 0.0039, trian_mae: 0.0635, trian_mse:0.0078, trian_r2: -170.1540, trian_cc: 0.3309
Epoch 65, val_loss: 0.0045, val_mae: 0.0646, val_mse: 0.0089, val_r2: -70.0974, val_cc: 0.3382
Epoch 66, trian_loss: 0.0039, trian_mae: 0.0631, trian_mse:0.0077, trian_r2: -163.3435, trian_cc: 0.3279
Epoch 66, val_loss: 0.0045, val_mae: 0.0645, val_mse: 0.0089, val_r2: -61.7862, val_cc: 0.3496
Epoch 67, trian_loss: 0.0038, trian_mae: 0.0630, trian_mse:0.0077, trian_r2: -114.7615, trian_cc: 0.3472
Epoch 67, val_loss: 0.0044, val_mae: 0.0645, val_mse: 0.0088, val_r2: -89.0867, val_cc: 0.3727
Epoch 68, trian_loss: 0.0038, trian_mae: 0.0623, trian_mse:0.0076, trian_r2: -108.9180, trian_cc: 0.3504
Epoch 68, val_loss: 0.0044, val_mae: 0.0645, val_mse: 0.0088, val_r2: -61.2158, val_cc: 0.3710
Epoch 69, trian_loss: 0.0038, trian_mae: 0.0621, trian_mse:0.0075, trian_r2: -129.6343, trian_cc: 0.3633
Epoch 69, val_loss: 0.0045, val_mae: 0.0647, val_mse: 0.0089, val_r2: -78.7218, val_cc: 0.3876
Epoch 70, trian_loss: 0.0038, trian_mae: 0.0623, trian_mse:0.0076, trian_r2: -152.5010, trian_cc: 0.3522
Epoch 70, val_loss: 0.0043, val_mae: 0.0646, val_mse: 0.0085, val_r2: -94.9056, val_cc: 0.3827
Epoch 71, trian_loss: 0.0037, trian_mae: 0.0618, trian_mse:0.0075, trian_r2: -97.2174, trian_cc: 0.3808
Epoch 71, val_loss: 0.0043, val_mae: 0.0644, val_mse: 0.0086, val_r2: -99.8104, val_cc: 0.3930
Epoch 72, trian_loss: 0.0037, trian_mae: 0.0621, trian_mse:0.0075, trian_r2: -86.8416, trian_cc: 0.3776
Epoch 72, val_loss: 0.0042, val_mae: 0.0644, val_mse: 0.0084, val_r2: -91.7924, val_cc: 0.3974
Epoch 73, trian_loss: 0.0037, trian_mae: 0.0614, trian_mse:0.0074, trian_r2: -118.3031, trian_cc: 0.3758
Epoch 73, val_loss: 0.0043, val_mae: 0.0635, val_mse: 0.0086, val_r2: -58.3341, val_cc: 0.3784
Epoch 74, trian_loss: 0.0036, trian_mae: 0.0603, trian_mse:0.0072, trian_r2: -66.3877, trian_cc: 0.4081
Epoch 74, val_loss: 0.0042, val_mae: 0.0627, val_mse: 0.0084, val_r2: -55.7555, val_cc: 0.3954
Epoch 75, trian_loss: 0.0037, trian_mae: 0.0610, trian_mse:0.0074, trian_r2: -79.5118, trian_cc: 0.3978
Epoch 75, val_loss: 0.0042, val_mae: 0.0641, val_mse: 0.0084, val_r2: -41.5159, val_cc: 0.3806
Epoch 76, trian_loss: 0.0036, trian_mae: 0.0605, trian_mse:0.0072, trian_r2: -56.4281, trian_cc: 0.4224
Epoch 76, val_loss: 0.0042, val_mae: 0.0617, val_mse: 0.0085, val_r2: -24.8741, val_cc: 0.3895
Epoch 77, trian_loss: 0.0035, trian_mae: 0.0588, trian_mse:0.0070, trian_r2: -127.2013, trian_cc: 0.4469
Epoch 77, val_loss: 0.0042, val_mae: 0.0629, val_mse: 0.0084, val_r2: -31.1178, val_cc: 0.4186
Epoch 78, trian_loss: 0.0035, trian_mae: 0.0590, trian_mse:0.0070, trian_r2: -61.4681, trian_cc: 0.4419
Epoch 78, val_loss: 0.0042, val_mae: 0.0645, val_mse: 0.0085, val_r2: -26.8787, val_cc: 0.4309
Epoch 79, trian_loss: 0.0035, trian_mae: 0.0588, trian_mse:0.0069, trian_r2: -72.2757, trian_cc: 0.4660
Epoch 79, val_loss: 0.0040, val_mae: 0.0601, val_mse: 0.0080, val_r2: -36.7271, val_cc: 0.4715
Epoch 80, trian_loss: 0.0033, trian_mae: 0.0574, trian_mse:0.0067, trian_r2: -38.9623, trian_cc: 0.4961
Epoch 80, val_loss: 0.0039, val_mae: 0.0612, val_mse: 0.0079, val_r2: -18.4154, val_cc: 0.4691
Epoch 81, trian_loss: 0.0033, trian_mae: 0.0572, trian_mse:0.0067, trian_r2: -51.0790, trian_cc: 0.4929
Epoch 81, val_loss: 0.0039, val_mae: 0.0606, val_mse: 0.0078, val_r2: -20.1910, val_cc: 0.4856
Epoch 82, trian_loss: 0.0033, trian_mae: 0.0569, trian_mse:0.0066, trian_r2: -36.3229, trian_cc: 0.5088
Epoch 82, val_loss: 0.0041, val_mae: 0.0616, val_mse: 0.0082, val_r2: -12.1702, val_cc: 0.4785
Epoch 83, trian_loss: 0.0032, trian_mae: 0.0558, trian_mse:0.0064, trian_r2: -27.9787, trian_cc: 0.5159
Epoch 83, val_loss: 0.0040, val_mae: 0.0611, val_mse: 0.0080, val_r2: -13.4050, val_cc: 0.4925
Epoch 84, trian_loss: 0.0032, trian_mae: 0.0557, trian_mse:0.0063, trian_r2: -36.9088, trian_cc: 0.5239
Epoch 84, val_loss: 0.0038, val_mae: 0.0605, val_mse: 0.0076, val_r2: -12.6760, val_cc: 0.4921
Epoch 85, trian_loss: 0.0032, trian_mae: 0.0561, trian_mse:0.0065, trian_r2: -34.9163, trian_cc: 0.5235
Epoch 85, val_loss: 0.0038, val_mae: 0.0605, val_mse: 0.0076, val_r2: -24.8887, val_cc: 0.4981
Epoch 86, trian_loss: 0.0031, trian_mae: 0.0548, trian_mse:0.0062, trian_r2: -19.0491, trian_cc: 0.5318
Epoch 86, val_loss: 0.0039, val_mae: 0.0607, val_mse: 0.0079, val_r2: -12.2389, val_cc: 0.5111
Epoch 87, trian_loss: 0.0031, trian_mae: 0.0546, trian_mse:0.0062, trian_r2: -23.6707, trian_cc: 0.5349
Epoch 87, val_loss: 0.0039, val_mae: 0.0622, val_mse: 0.0079, val_r2: -16.4275, val_cc: 0.5000
Epoch 88, trian_loss: 0.0031, trian_mae: 0.0545, trian_mse:0.0062, trian_r2: -25.1787, trian_cc: 0.5344
Epoch 88, val_loss: 0.0039, val_mae: 0.0603, val_mse: 0.0077, val_r2: -12.0546, val_cc: 0.5199
Epoch 89, trian_loss: 0.0031, trian_mae: 0.0544, trian_mse:0.0062, trian_r2: -28.0252, trian_cc: 0.5399
Epoch 89, val_loss: 0.0037, val_mae: 0.0602, val_mse: 0.0075, val_r2: -12.1728, val_cc: 0.5220
Epoch 90, trian_loss: 0.0031, trian_mae: 0.0545, trian_mse:0.0061, trian_r2: -20.9208, trian_cc: 0.5411
Epoch 90, val_loss: 0.0038, val_mae: 0.0597, val_mse: 0.0076, val_r2: -10.0905, val_cc: 0.5232
Epoch 91, trian_loss: 0.0030, trian_mae: 0.0537, trian_mse:0.0060, trian_r2: -16.0091, trian_cc: 0.5407
Epoch 91, val_loss: 0.0038, val_mae: 0.0604, val_mse: 0.0077, val_r2: -14.8414, val_cc: 0.5323
Epoch 92, trian_loss: 0.0030, trian_mae: 0.0535, trian_mse:0.0060, trian_r2: -17.1026, trian_cc: 0.5478
Epoch 92, val_loss: 0.0038, val_mae: 0.0587, val_mse: 0.0076, val_r2: -14.2539, val_cc: 0.5097
Epoch 93, trian_loss: 0.0030, trian_mae: 0.0535, trian_mse:0.0060, trian_r2: -14.4828, trian_cc: 0.5493
Epoch 93, val_loss: 0.0038, val_mae: 0.0588, val_mse: 0.0075, val_r2: -11.1788, val_cc: 0.5244
Epoch 94, trian_loss: 0.0030, trian_mae: 0.0537, trian_mse:0.0060, trian_r2: -13.9264, trian_cc: 0.5465
Epoch 94, val_loss: 0.0039, val_mae: 0.0604, val_mse: 0.0077, val_r2: -10.0856, val_cc: 0.5276
Epoch 95, trian_loss: 0.0030, trian_mae: 0.0536, trian_mse:0.0060, trian_r2: -11.5444, trian_cc: 0.5481
Epoch 95, val_loss: 0.0037, val_mae: 0.0608, val_mse: 0.0074, val_r2: -11.1807, val_cc: 0.5246
Epoch 96, trian_loss: 0.0029, trian_mae: 0.0529, trian_mse:0.0059, trian_r2: -16.0286, trian_cc: 0.5557
Epoch 96, val_loss: 0.0039, val_mae: 0.0607, val_mse: 0.0078, val_r2: -10.4682, val_cc: 0.5311
Epoch 97, trian_loss: 0.0029, trian_mae: 0.0529, trian_mse:0.0059, trian_r2: -10.9106, trian_cc: 0.5547
Epoch 97, val_loss: 0.0037, val_mae: 0.0600, val_mse: 0.0075, val_r2: -9.9973, val_cc: 0.5259
Epoch 98, trian_loss: 0.0029, trian_mae: 0.0525, trian_mse:0.0058, trian_r2: -9.7055, trian_cc: 0.5572
Epoch 98, val_loss: 0.0038, val_mae: 0.0591, val_mse: 0.0075, val_r2: -9.7357, val_cc: 0.5264
Epoch 99, trian_loss: 0.0029, trian_mae: 0.0522, trian_mse:0.0057, trian_r2: -9.7243, trian_cc: 0.5602
Epoch 99, val_loss: 0.0039, val_mae: 0.0618, val_mse: 0.0077, val_r2: -9.6083, val_cc: 0.5305
