Trian Data: 515   Validation Data: 172  Test Data: 172
model ResNet_2D(
  (conv1): Sequential(
    (0): Conv2d(61, 64, kernel_size=(3, 3), stride=(1, 1), padding=(1, 1), bias=False)
    (1): BatchNorm2d(64, eps=1e-05, momentum=0.1, affine=True, track_running_stats=True)
  )
  (layer1): Sequential(
    (0): BasicBlock(
      (conv1): Conv2d(64, 64, kernel_size=(3, 3), stride=(1, 1), padding=(1, 1), bias=False)
      (bn1): BatchNorm2d(64, eps=1e-05, momentum=0.1, affine=True, track_running_stats=True)
      (conv2): Conv2d(64, 64, kernel_size=(3, 3), stride=(1, 1), padding=(1, 1), bias=False)
      (bn2): BatchNorm2d(64, eps=1e-05, momentum=0.1, affine=True, track_running_stats=True)
      (shortcut): Sequential()
    )
    (1): BasicBlock(
      (conv1): Conv2d(64, 64, kernel_size=(3, 3), stride=(1, 1), padding=(1, 1), bias=False)
      (bn1): BatchNorm2d(64, eps=1e-05, momentum=0.1, affine=True, track_running_stats=True)
      (conv2): Conv2d(64, 64, kernel_size=(3, 3), stride=(1, 1), padding=(1, 1), bias=False)
      (bn2): BatchNorm2d(64, eps=1e-05, momentum=0.1, affine=True, track_running_stats=True)
      (shortcut): Sequential()
    )
  )
  (layer2): Sequential(
    (0): BasicBlock(
      (conv1): Conv2d(64, 64, kernel_size=(3, 3), stride=(1, 1), padding=(1, 1), bias=False)
      (bn1): BatchNorm2d(64, eps=1e-05, momentum=0.1, affine=True, track_running_stats=True)
      (conv2): Conv2d(64, 64, kernel_size=(3, 3), stride=(1, 1), padding=(1, 1), bias=False)
      (bn2): BatchNorm2d(64, eps=1e-05, momentum=0.1, affine=True, track_running_stats=True)
      (shortcut): Sequential()
    )
    (1): BasicBlock(
      (conv1): Conv2d(64, 64, kernel_size=(3, 3), stride=(1, 1), padding=(1, 1), bias=False)
      (bn1): BatchNorm2d(64, eps=1e-05, momentum=0.1, affine=True, track_running_stats=True)
      (conv2): Conv2d(64, 64, kernel_size=(3, 3), stride=(1, 1), padding=(1, 1), bias=False)
      (bn2): BatchNorm2d(64, eps=1e-05, momentum=0.1, affine=True, track_running_stats=True)
      (shortcut): Sequential()
    )
  )
  (layer3): Sequential(
    (0): BasicBlock(
      (conv1): Conv2d(64, 64, kernel_size=(3, 3), stride=(1, 1), padding=(1, 1), bias=False)
      (bn1): BatchNorm2d(64, eps=1e-05, momentum=0.1, affine=True, track_running_stats=True)
      (conv2): Conv2d(64, 64, kernel_size=(3, 3), stride=(1, 1), padding=(1, 1), bias=False)
      (bn2): BatchNorm2d(64, eps=1e-05, momentum=0.1, affine=True, track_running_stats=True)
      (shortcut): Sequential()
    )
    (1): BasicBlock(
      (conv1): Conv2d(64, 64, kernel_size=(3, 3), stride=(1, 1), padding=(1, 1), bias=False)
      (bn1): BatchNorm2d(64, eps=1e-05, momentum=0.1, affine=True, track_running_stats=True)
      (conv2): Conv2d(64, 64, kernel_size=(3, 3), stride=(1, 1), padding=(1, 1), bias=False)
      (bn2): BatchNorm2d(64, eps=1e-05, momentum=0.1, affine=True, track_running_stats=True)
      (shortcut): Sequential()
    )
  )
  (layer4): Sequential(
    (0): BasicBlock(
      (conv1): Conv2d(64, 64, kernel_size=(3, 3), stride=(1, 1), padding=(1, 1), bias=False)
      (bn1): BatchNorm2d(64, eps=1e-05, momentum=0.1, affine=True, track_running_stats=True)
      (conv2): Conv2d(64, 64, kernel_size=(3, 3), stride=(1, 1), padding=(1, 1), bias=False)
      (bn2): BatchNorm2d(64, eps=1e-05, momentum=0.1, affine=True, track_running_stats=True)
      (shortcut): Sequential()
    )
    (1): BasicBlock(
      (conv1): Conv2d(64, 64, kernel_size=(3, 3), stride=(1, 1), padding=(1, 1), bias=False)
      (bn1): BatchNorm2d(64, eps=1e-05, momentum=0.1, affine=True, track_running_stats=True)
      (conv2): Conv2d(64, 64, kernel_size=(3, 3), stride=(1, 1), padding=(1, 1), bias=False)
      (bn2): BatchNorm2d(64, eps=1e-05, momentum=0.1, affine=True, track_running_stats=True)
      (shortcut): Sequential()
    )
    (2): BasicBlock(
      (conv1): Conv2d(64, 64, kernel_size=(3, 3), stride=(1, 1), padding=(1, 1), bias=False)
      (bn1): BatchNorm2d(64, eps=1e-05, momentum=0.1, affine=True, track_running_stats=True)
      (conv2): Conv2d(64, 64, kernel_size=(3, 3), stride=(1, 1), padding=(1, 1), bias=False)
      (bn2): BatchNorm2d(64, eps=1e-05, momentum=0.1, affine=True, track_running_stats=True)
      (shortcut): Sequential()
    )
  )
  (conv2): Sequential(
    (0): Conv2d(64, 32, kernel_size=(3, 3), stride=(1, 1), padding=(1, 1))
    (1): BatchNorm2d(32, eps=1e-05, momentum=0.1, affine=True, track_running_stats=True)
  )
  (conv3): Sequential(
    (0): Conv2d(32, 16, kernel_size=(3, 3), stride=(1, 1), padding=(1, 1))
    (1): BatchNorm2d(16, eps=1e-05, momentum=0.1, affine=True, track_running_stats=True)
  )
  (conv4): Sequential(
    (0): Conv2d(16, 1, kernel_size=(3, 3), stride=(1, 1), padding=(1, 1))
    (1): BatchNorm2d(1, eps=1e-05, momentum=0.1, affine=True, track_running_stats=True)
  )
)
Epoch  0, trian_loss: 0.0147, trian_mae: 0.0981, trian_mse:0.0304, trian_r2: -9.9048, trian_cc: 0.2400
Epoch  0, val_loss: 0.0062, val_mae: 0.0851, val_mse: 0.0125, val_r2: -31.1290, val_cc: 0.3486
Epoch  1, trian_loss: 0.0051, trian_mae: 0.0710, trian_mse:0.0102, trian_r2: -911.7954, trian_cc: -0.0075
Epoch  1, val_loss: 0.0049, val_mae: 0.0722, val_mse: 0.0097, val_r2: -1236.0553, val_cc: -0.0097
Epoch  2, trian_loss: 0.0043, trian_mae: 0.0669, trian_mse:0.0086, trian_r2: -1924.4914, trian_cc: 0.0002
Epoch  2, val_loss: 0.0048, val_mae: 0.0716, val_mse: 0.0096, val_r2: -2093.8987, val_cc: -0.0226
Epoch  3, trian_loss: 0.0043, trian_mae: 0.0667, trian_mse:0.0086, trian_r2: -3300.2998, trian_cc: -0.0105
Epoch  3, val_loss: 0.0049, val_mae: 0.0733, val_mse: 0.0098, val_r2: -3240.9248, val_cc: -0.0392
Epoch  4, trian_loss: 0.0043, trian_mae: 0.0667, trian_mse:0.0087, trian_r2: -5092.1220, trian_cc: 0.0156
Epoch  4, val_loss: 0.0048, val_mae: 0.0721, val_mse: 0.0097, val_r2: -4078.6251, val_cc: -0.0048
Epoch  5, trian_loss: 0.0043, trian_mae: 0.0666, trian_mse:0.0086, trian_r2: -4050.0003, trian_cc: 0.0235
Epoch  5, val_loss: 0.0048, val_mae: 0.0720, val_mse: 0.0096, val_r2: -4505.2488, val_cc: 0.0561
Epoch  6, trian_loss: 0.0043, trian_mae: 0.0665, trian_mse:0.0086, trian_r2: -3957.8182, trian_cc: 0.0510
Epoch  6, val_loss: 0.0048, val_mae: 0.0712, val_mse: 0.0096, val_r2: -3592.6041, val_cc: 0.0608
Epoch  7, trian_loss: 0.0043, trian_mae: 0.0664, trian_mse:0.0086, trian_r2: -3184.2692, trian_cc: 0.0744
Epoch  7, val_loss: 0.0049, val_mae: 0.0719, val_mse: 0.0097, val_r2: -4033.1304, val_cc: 0.0761
Epoch  8, trian_loss: 0.0043, trian_mae: 0.0665, trian_mse:0.0086, trian_r2: -3043.7394, trian_cc: 0.0746
Epoch  8, val_loss: 0.0048, val_mae: 0.0706, val_mse: 0.0096, val_r2: -2767.6035, val_cc: 0.0857
Epoch  9, trian_loss: 0.0043, trian_mae: 0.0663, trian_mse:0.0085, trian_r2: -2788.5248, trian_cc: 0.0902
Epoch  9, val_loss: 0.0048, val_mae: 0.0707, val_mse: 0.0096, val_r2: -2474.0389, val_cc: 0.0879
Epoch 10, trian_loss: 0.0043, trian_mae: 0.0665, trian_mse:0.0086, trian_r2: -3125.4252, trian_cc: 0.0937
Epoch 10, val_loss: 0.0048, val_mae: 0.0726, val_mse: 0.0097, val_r2: -5421.3815, val_cc: 0.0359
Epoch 11, trian_loss: 0.0043, trian_mae: 0.0663, trian_mse:0.0085, trian_r2: -3127.7180, trian_cc: 0.0835
Epoch 11, val_loss: 0.0048, val_mae: 0.0705, val_mse: 0.0096, val_r2: -3197.2421, val_cc: 0.0729
Epoch 12, trian_loss: 0.0043, trian_mae: 0.0662, trian_mse:0.0085, trian_r2: -2798.8283, trian_cc: 0.0957
Epoch 12, val_loss: 0.0048, val_mae: 0.0706, val_mse: 0.0096, val_r2: -2086.2276, val_cc: 0.1010
Epoch 13, trian_loss: 0.0043, trian_mae: 0.0662, trian_mse:0.0085, trian_r2: -4023.6931, trian_cc: 0.0986
Epoch 13, val_loss: 0.0048, val_mae: 0.0707, val_mse: 0.0097, val_r2: -4675.6577, val_cc: 0.0972
Epoch 14, trian_loss: 0.0043, trian_mae: 0.0662, trian_mse:0.0085, trian_r2: -3692.4218, trian_cc: 0.0956
Epoch 14, val_loss: 0.0048, val_mae: 0.0706, val_mse: 0.0096, val_r2: -6154.4739, val_cc: 0.0849
Epoch 15, trian_loss: 0.0043, trian_mae: 0.0664, trian_mse:0.0085, trian_r2: -6344.1154, trian_cc: 0.0916
Epoch 15, val_loss: 0.0048, val_mae: 0.0700, val_mse: 0.0097, val_r2: -2749.1340, val_cc: 0.1008
Epoch 16, trian_loss: 0.0043, trian_mae: 0.0662, trian_mse:0.0085, trian_r2: -3087.9115, trian_cc: 0.0972
Epoch 16, val_loss: 0.0048, val_mae: 0.0700, val_mse: 0.0096, val_r2: -2558.4518, val_cc: 0.0976
Epoch 17, trian_loss: 0.0043, trian_mae: 0.0663, trian_mse:0.0085, trian_r2: -3583.6160, trian_cc: 0.0944
Epoch 17, val_loss: 0.0050, val_mae: 0.0703, val_mse: 0.0100, val_r2: -3267.3455, val_cc: 0.0778
Epoch 18, trian_loss: 0.0043, trian_mae: 0.0664, trian_mse:0.0085, trian_r2: -2549.9559, trian_cc: 0.1010
Epoch 18, val_loss: 0.0048, val_mae: 0.0700, val_mse: 0.0097, val_r2: -4100.5298, val_cc: 0.0965
Epoch 19, trian_loss: 0.0043, trian_mae: 0.0661, trian_mse:0.0085, trian_r2: -2604.6614, trian_cc: 0.0975
Epoch 19, val_loss: 0.0048, val_mae: 0.0708, val_mse: 0.0096, val_r2: -4504.0185, val_cc: 0.1003
Epoch 20, trian_loss: 0.0042, trian_mae: 0.0664, trian_mse:0.0085, trian_r2: -2981.8268, trian_cc: 0.1003
Epoch 20, val_loss: 0.0048, val_mae: 0.0700, val_mse: 0.0097, val_r2: -3177.0649, val_cc: 0.1050
Epoch 21, trian_loss: 0.0042, trian_mae: 0.0661, trian_mse:0.0085, trian_r2: -2311.3100, trian_cc: 0.1050
Epoch 21, val_loss: 0.0048, val_mae: 0.0700, val_mse: 0.0097, val_r2: -3156.3604, val_cc: 0.1037
Epoch 22, trian_loss: 0.0042, trian_mae: 0.0661, trian_mse:0.0085, trian_r2: -2358.8307, trian_cc: 0.1057
Epoch 22, val_loss: 0.0048, val_mae: 0.0699, val_mse: 0.0097, val_r2: -3034.6441, val_cc: 0.1070
Epoch 23, trian_loss: 0.0042, trian_mae: 0.0658, trian_mse:0.0085, trian_r2: -2492.7693, trian_cc: 0.1060
Epoch 23, val_loss: 0.0048, val_mae: 0.0702, val_mse: 0.0096, val_r2: -3162.1583, val_cc: 0.1117
Epoch 24, trian_loss: 0.0042, trian_mae: 0.0663, trian_mse:0.0085, trian_r2: -2198.9983, trian_cc: 0.1050
Epoch 24, val_loss: 0.0048, val_mae: 0.0701, val_mse: 0.0096, val_r2: -2404.5258, val_cc: 0.1000
Epoch 25, trian_loss: 0.0042, trian_mae: 0.0662, trian_mse:0.0085, trian_r2: -2863.4124, trian_cc: 0.1007
Epoch 25, val_loss: 0.0048, val_mae: 0.0699, val_mse: 0.0097, val_r2: -2392.8270, val_cc: 0.1037
Epoch 26, trian_loss: 0.0042, trian_mae: 0.0661, trian_mse:0.0085, trian_r2: -2073.5312, trian_cc: 0.1022
Epoch 26, val_loss: 0.0048, val_mae: 0.0700, val_mse: 0.0097, val_r2: -2501.0597, val_cc: 0.1037
Epoch 27, trian_loss: 0.0042, trian_mae: 0.0661, trian_mse:0.0085, trian_r2: -2283.9523, trian_cc: 0.1027
Epoch 27, val_loss: 0.0048, val_mae: 0.0699, val_mse: 0.0097, val_r2: -2457.4487, val_cc: 0.0975
Epoch 28, trian_loss: 0.0043, trian_mae: 0.0661, trian_mse:0.0085, trian_r2: -1684.4123, trian_cc: 0.0958
Epoch 28, val_loss: 0.0048, val_mae: 0.0700, val_mse: 0.0096, val_r2: -1791.7174, val_cc: 0.0997
Epoch 29, trian_loss: 0.0042, trian_mae: 0.0661, trian_mse:0.0085, trian_r2: -1433.7810, trian_cc: 0.1017
Epoch 29, val_loss: 0.0048, val_mae: 0.0700, val_mse: 0.0096, val_r2: -2116.1953, val_cc: 0.1050
Epoch 30, trian_loss: 0.0043, trian_mae: 0.0662, trian_mse:0.0085, trian_r2: -1670.3954, trian_cc: 0.1014
Epoch 30, val_loss: 0.0048, val_mae: 0.0699, val_mse: 0.0097, val_r2: -1211.7366, val_cc: 0.1093
Epoch 31, trian_loss: 0.0042, trian_mae: 0.0660, trian_mse:0.0085, trian_r2: -1198.7982, trian_cc: 0.1066
Epoch 31, val_loss: 0.0048, val_mae: 0.0700, val_mse: 0.0096, val_r2: -1346.8519, val_cc: 0.0995
Epoch 32, trian_loss: 0.0042, trian_mae: 0.0661, trian_mse:0.0085, trian_r2: -841.0103, trian_cc: 0.0999
Epoch 32, val_loss: 0.0048, val_mae: 0.0698, val_mse: 0.0097, val_r2: -1031.5983, val_cc: 0.1022
Epoch 33, trian_loss: 0.0042, trian_mae: 0.0660, trian_mse:0.0085, trian_r2: -720.6960, trian_cc: 0.0922
Epoch 33, val_loss: 0.0048, val_mae: 0.0697, val_mse: 0.0096, val_r2: -607.1526, val_cc: 0.0757
Epoch 34, trian_loss: 0.0042, trian_mae: 0.0659, trian_mse:0.0085, trian_r2: -762.7030, trian_cc: 0.0820
Epoch 34, val_loss: 0.0048, val_mae: 0.0700, val_mse: 0.0096, val_r2: -630.8839, val_cc: 0.1174
Epoch 35, trian_loss: 0.0042, trian_mae: 0.0660, trian_mse:0.0085, trian_r2: -621.8438, trian_cc: 0.0918
Epoch 35, val_loss: 0.0048, val_mae: 0.0696, val_mse: 0.0096, val_r2: -651.0761, val_cc: 0.1028
Epoch 36, trian_loss: 0.0042, trian_mae: 0.0657, trian_mse:0.0084, trian_r2: -443.8431, trian_cc: 0.1093
Epoch 36, val_loss: 0.0048, val_mae: 0.0698, val_mse: 0.0096, val_r2: -451.0810, val_cc: 0.1107
Epoch 37, trian_loss: 0.0042, trian_mae: 0.0658, trian_mse:0.0084, trian_r2: -362.7563, trian_cc: 0.1037
Epoch 37, val_loss: 0.0048, val_mae: 0.0698, val_mse: 0.0096, val_r2: -521.8428, val_cc: 0.0829
Epoch 38, trian_loss: 0.0041, trian_mae: 0.0652, trian_mse:0.0083, trian_r2: -327.1114, trian_cc: 0.1739
Epoch 38, val_loss: 0.0046, val_mae: 0.0674, val_mse: 0.0093, val_r2: -159.7577, val_cc: 0.2928
Epoch 39, trian_loss: 0.0040, trian_mae: 0.0630, trian_mse:0.0079, trian_r2: -206.6850, trian_cc: 0.3236
Epoch 39, val_loss: 0.0045, val_mae: 0.0666, val_mse: 0.0090, val_r2: -271.3570, val_cc: 0.3295
Epoch 40, trian_loss: 0.0039, trian_mae: 0.0620, trian_mse:0.0078, trian_r2: -273.6626, trian_cc: 0.3430
Epoch 40, val_loss: 0.0044, val_mae: 0.0638, val_mse: 0.0087, val_r2: -276.6388, val_cc: 0.3702
Epoch 41, trian_loss: 0.0038, trian_mae: 0.0610, trian_mse:0.0076, trian_r2: -255.0069, trian_cc: 0.3973
Epoch 41, val_loss: 0.0043, val_mae: 0.0643, val_mse: 0.0087, val_r2: -109.8945, val_cc: 0.4012
Epoch 42, trian_loss: 0.0037, trian_mae: 0.0603, trian_mse:0.0074, trian_r2: -138.6989, trian_cc: 0.4141
Epoch 42, val_loss: 0.0043, val_mae: 0.0626, val_mse: 0.0086, val_r2: -49.5927, val_cc: 0.4200
Epoch 43, trian_loss: 0.0036, trian_mae: 0.0590, trian_mse:0.0071, trian_r2: -96.1425, trian_cc: 0.4546
Epoch 43, val_loss: 0.0043, val_mae: 0.0639, val_mse: 0.0085, val_r2: -55.6705, val_cc: 0.4698
Epoch 44, trian_loss: 0.0036, trian_mae: 0.0597, trian_mse:0.0072, trian_r2: -88.9081, trian_cc: 0.4465
Epoch 44, val_loss: 0.0041, val_mae: 0.0616, val_mse: 0.0082, val_r2: -58.4264, val_cc: 0.4560
Epoch 45, trian_loss: 0.0036, trian_mae: 0.0597, trian_mse:0.0073, trian_r2: -85.3958, trian_cc: 0.4362
Epoch 45, val_loss: 0.0040, val_mae: 0.0629, val_mse: 0.0081, val_r2: -58.6520, val_cc: 0.4454
Epoch 46, trian_loss: 0.0035, trian_mae: 0.0587, trian_mse:0.0071, trian_r2: -49.3618, trian_cc: 0.4629
Epoch 46, val_loss: 0.0041, val_mae: 0.0633, val_mse: 0.0081, val_r2: -45.9174, val_cc: 0.4868
Epoch 47, trian_loss: 0.0034, trian_mae: 0.0574, trian_mse:0.0068, trian_r2: -55.6955, trian_cc: 0.5027
Epoch 47, val_loss: 0.0039, val_mae: 0.0612, val_mse: 0.0078, val_r2: -34.9830, val_cc: 0.5048
Epoch 48, trian_loss: 0.0033, trian_mae: 0.0560, trian_mse:0.0066, trian_r2: -34.7324, trian_cc: 0.5211
Epoch 48, val_loss: 0.0039, val_mae: 0.0612, val_mse: 0.0078, val_r2: -17.6477, val_cc: 0.5148
Epoch 49, trian_loss: 0.0032, trian_mae: 0.0553, trian_mse:0.0064, trian_r2: -31.7303, trian_cc: 0.5350
Epoch 49, val_loss: 0.0037, val_mae: 0.0593, val_mse: 0.0075, val_r2: -20.7068, val_cc: 0.5196
Epoch 50, trian_loss: 0.0032, trian_mae: 0.0550, trian_mse:0.0063, trian_r2: -25.3903, trian_cc: 0.5406
Epoch 50, val_loss: 0.0038, val_mae: 0.0594, val_mse: 0.0076, val_r2: -19.6402, val_cc: 0.5262
Epoch 51, trian_loss: 0.0031, trian_mae: 0.0547, trian_mse:0.0062, trian_r2: -19.4815, trian_cc: 0.5548
Epoch 51, val_loss: 0.0039, val_mae: 0.0603, val_mse: 0.0078, val_r2: -8.7197, val_cc: 0.5355
Epoch 52, trian_loss: 0.0031, trian_mae: 0.0545, trian_mse:0.0063, trian_r2: -33.2024, trian_cc: 0.5557
Epoch 52, val_loss: 0.0037, val_mae: 0.0605, val_mse: 0.0073, val_r2: -20.2926, val_cc: 0.5379
Epoch 53, trian_loss: 0.0031, trian_mae: 0.0538, trian_mse:0.0061, trian_r2: -19.4420, trian_cc: 0.5653
Epoch 53, val_loss: 0.0039, val_mae: 0.0600, val_mse: 0.0078, val_r2: -23.6779, val_cc: 0.5251
Epoch 54, trian_loss: 0.0031, trian_mae: 0.0541, trian_mse:0.0061, trian_r2: -18.9485, trian_cc: 0.5671
Epoch 54, val_loss: 0.0037, val_mae: 0.0584, val_mse: 0.0073, val_r2: -17.6769, val_cc: 0.5511
Epoch 55, trian_loss: 0.0031, trian_mae: 0.0543, trian_mse:0.0062, trian_r2: -22.3650, trian_cc: 0.5680
Epoch 55, val_loss: 0.0038, val_mae: 0.0588, val_mse: 0.0076, val_r2: -23.7686, val_cc: 0.5355
Epoch 56, trian_loss: 0.0030, trian_mae: 0.0530, trian_mse:0.0060, trian_r2: -16.8075, trian_cc: 0.5737
Epoch 56, val_loss: 0.0037, val_mae: 0.0604, val_mse: 0.0075, val_r2: -16.8410, val_cc: 0.5444
Epoch 57, trian_loss: 0.0030, trian_mae: 0.0528, trian_mse:0.0060, trian_r2: -18.6157, trian_cc: 0.5749
Epoch 57, val_loss: 0.0036, val_mae: 0.0585, val_mse: 0.0072, val_r2: -15.5121, val_cc: 0.5490
Epoch 58, trian_loss: 0.0029, trian_mae: 0.0524, trian_mse:0.0058, trian_r2: -13.9372, trian_cc: 0.5784
Epoch 58, val_loss: 0.0036, val_mae: 0.0576, val_mse: 0.0072, val_r2: -14.3707, val_cc: 0.5479
Epoch 59, trian_loss: 0.0029, trian_mae: 0.0519, trian_mse:0.0058, trian_r2: -14.8888, trian_cc: 0.5821
Epoch 59, val_loss: 0.0036, val_mae: 0.0587, val_mse: 0.0071, val_r2: -17.0081, val_cc: 0.5430
Epoch 60, trian_loss: 0.0029, trian_mae: 0.0521, trian_mse:0.0058, trian_r2: -10.5311, trian_cc: 0.5808
Epoch 60, val_loss: 0.0036, val_mae: 0.0591, val_mse: 0.0073, val_r2: -14.0476, val_cc: 0.5467
Epoch 61, trian_loss: 0.0029, trian_mae: 0.0523, trian_mse:0.0057, trian_r2: -15.2366, trian_cc: 0.5774
Epoch 61, val_loss: 0.0038, val_mae: 0.0610, val_mse: 0.0077, val_r2: -10.1249, val_cc: 0.5471
Epoch 62, trian_loss: 0.0029, trian_mae: 0.0520, trian_mse:0.0058, trian_r2: -10.0293, trian_cc: 0.5815
Epoch 62, val_loss: 0.0036, val_mae: 0.0569, val_mse: 0.0072, val_r2: -10.2551, val_cc: 0.5518
Epoch 63, trian_loss: 0.0028, trian_mae: 0.0514, trian_mse:0.0056, trian_r2: -17.3184, trian_cc: 0.5835
Epoch 63, val_loss: 0.0036, val_mae: 0.0588, val_mse: 0.0072, val_r2: -11.3809, val_cc: 0.5532
Epoch 64, trian_loss: 0.0028, trian_mae: 0.0519, trian_mse:0.0057, trian_r2: -16.0884, trian_cc: 0.5791
Epoch 64, val_loss: 0.0036, val_mae: 0.0580, val_mse: 0.0071, val_r2: -13.0355, val_cc: 0.5553
Epoch 65, trian_loss: 0.0028, trian_mae: 0.0513, trian_mse:0.0056, trian_r2: -9.6027, trian_cc: 0.5845
Epoch 65, val_loss: 0.0037, val_mae: 0.0590, val_mse: 0.0074, val_r2: -9.3626, val_cc: 0.5553
Epoch 66, trian_loss: 0.0027, trian_mae: 0.0506, trian_mse:0.0054, trian_r2: -9.5938, trian_cc: 0.5888
Epoch 66, val_loss: 0.0037, val_mae: 0.0584, val_mse: 0.0074, val_r2: -6.8231, val_cc: 0.5508
Epoch 67, trian_loss: 0.0027, trian_mae: 0.0505, trian_mse:0.0054, trian_r2: -8.8462, trian_cc: 0.5861
Epoch 67, val_loss: 0.0037, val_mae: 0.0587, val_mse: 0.0074, val_r2: -7.7078, val_cc: 0.5578
Epoch 68, trian_loss: 0.0027, trian_mae: 0.0509, trian_mse:0.0055, trian_r2: -8.1857, trian_cc: 0.5857
Epoch 68, val_loss: 0.0038, val_mae: 0.0601, val_mse: 0.0077, val_r2: -6.1611, val_cc: 0.5505
Epoch 69, trian_loss: 0.0028, trian_mae: 0.0514, trian_mse:0.0056, trian_r2: -8.5293, trian_cc: 0.5798
Epoch 69, val_loss: 0.0038, val_mae: 0.0588, val_mse: 0.0076, val_r2: -7.2992, val_cc: 0.5439
Epoch 70, trian_loss: 0.0027, trian_mae: 0.0504, trian_mse:0.0054, trian_r2: -8.3036, trian_cc: 0.5854
Epoch 70, val_loss: 0.0038, val_mae: 0.0597, val_mse: 0.0076, val_r2: -5.5198, val_cc: 0.5541
Epoch 71, trian_loss: 0.0027, trian_mae: 0.0504, trian_mse:0.0054, trian_r2: -8.3877, trian_cc: 0.5856
Epoch 71, val_loss: 0.0040, val_mae: 0.0617, val_mse: 0.0081, val_r2: -6.1830, val_cc: 0.5419
Epoch 72, trian_loss: 0.0027, trian_mae: 0.0505, trian_mse:0.0054, trian_r2: -7.2887, trian_cc: 0.5797
Epoch 72, val_loss: 0.0036, val_mae: 0.0579, val_mse: 0.0072, val_r2: -7.7351, val_cc: 0.5547
Epoch 73, trian_loss: 0.0027, trian_mae: 0.0504, trian_mse:0.0054, trian_r2: -5.6707, trian_cc: 0.5861
Epoch 73, val_loss: 0.0037, val_mae: 0.0580, val_mse: 0.0074, val_r2: -7.4545, val_cc: 0.5476
Epoch 74, trian_loss: 0.0027, trian_mae: 0.0505, trian_mse:0.0054, trian_r2: -6.7205, trian_cc: 0.5844
Epoch 74, val_loss: 0.0036, val_mae: 0.0579, val_mse: 0.0073, val_r2: -7.8639, val_cc: 0.5565
Epoch 75, trian_loss: 0.0026, trian_mae: 0.0498, trian_mse:0.0052, trian_r2: -5.5710, trian_cc: 0.5863
Epoch 75, val_loss: 0.0038, val_mae: 0.0585, val_mse: 0.0076, val_r2: -7.0748, val_cc: 0.5472
Epoch 76, trian_loss: 0.0026, trian_mae: 0.0497, trian_mse:0.0052, trian_r2: -5.3510, trian_cc: 0.5861
Epoch 76, val_loss: 0.0038, val_mae: 0.0601, val_mse: 0.0077, val_r2: -6.1122, val_cc: 0.5568
Epoch 77, trian_loss: 0.0026, trian_mae: 0.0498, trian_mse:0.0052, trian_r2: -5.5270, trian_cc: 0.5881
Epoch 77, val_loss: 0.0040, val_mae: 0.0622, val_mse: 0.0080, val_r2: -6.6100, val_cc: 0.5549
Epoch 78, trian_loss: 0.0026, trian_mae: 0.0496, trian_mse:0.0052, trian_r2: -5.7872, trian_cc: 0.5872
Epoch 78, val_loss: 0.0039, val_mae: 0.0592, val_mse: 0.0078, val_r2: -6.8795, val_cc: 0.5422
Epoch 79, trian_loss: 0.0025, trian_mae: 0.0496, trian_mse:0.0051, trian_r2: -4.6279, trian_cc: 0.5858
Epoch 79, val_loss: 0.0038, val_mae: 0.0592, val_mse: 0.0075, val_r2: -5.8630, val_cc: 0.5534
Epoch 80, trian_loss: 0.0026, trian_mae: 0.0499, trian_mse:0.0052, trian_r2: -4.6342, trian_cc: 0.5870
Epoch 80, val_loss: 0.0037, val_mae: 0.0598, val_mse: 0.0074, val_r2: -6.1655, val_cc: 0.5562
Epoch 81, trian_loss: 0.0026, trian_mae: 0.0497, trian_mse:0.0052, trian_r2: -5.1351, trian_cc: 0.5854
Epoch 81, val_loss: 0.0036, val_mae: 0.0583, val_mse: 0.0072, val_r2: -5.3579, val_cc: 0.5544
Epoch 82, trian_loss: 0.0026, trian_mae: 0.0496, trian_mse:0.0051, trian_r2: -4.6532, trian_cc: 0.5843
Epoch 82, val_loss: 0.0043, val_mae: 0.0650, val_mse: 0.0086, val_r2: -3.9373, val_cc: 0.5465
Epoch 83, trian_loss: 0.0025, trian_mae: 0.0489, trian_mse:0.0049, trian_r2: -4.7091, trian_cc: 0.5910
Epoch 83, val_loss: 0.0063, val_mae: 0.0800, val_mse: 0.0126, val_r2: -4.4300, val_cc: 0.5271
Epoch 84, trian_loss: 0.0025, trian_mae: 0.0492, trian_mse:0.0050, trian_r2: -4.8534, trian_cc: 0.5882
Epoch 84, val_loss: 0.0038, val_mae: 0.0587, val_mse: 0.0075, val_r2: -6.9262, val_cc: 0.5551
Epoch 85, trian_loss: 0.0025, trian_mae: 0.0487, trian_mse:0.0049, trian_r2: -4.9469, trian_cc: 0.5908
Epoch 85, val_loss: 0.0037, val_mae: 0.0582, val_mse: 0.0074, val_r2: -5.8017, val_cc: 0.5506
Epoch 86, trian_loss: 0.0025, trian_mae: 0.0490, trian_mse:0.0051, trian_r2: -5.0533, trian_cc: 0.5895
Epoch 86, val_loss: 0.0037, val_mae: 0.0576, val_mse: 0.0073, val_r2: -5.9327, val_cc: 0.5502
Epoch 87, trian_loss: 0.0025, trian_mae: 0.0489, trian_mse:0.0049, trian_r2: -4.4689, trian_cc: 0.5917
Epoch 87, val_loss: 0.0039, val_mae: 0.0591, val_mse: 0.0078, val_r2: -5.5890, val_cc: 0.5549
Epoch 88, trian_loss: 0.0025, trian_mae: 0.0489, trian_mse:0.0050, trian_r2: -4.2419, trian_cc: 0.5898
Epoch 88, val_loss: 0.0040, val_mae: 0.0619, val_mse: 0.0080, val_r2: -4.2070, val_cc: 0.5510
Epoch 89, trian_loss: 0.0025, trian_mae: 0.0494, trian_mse:0.0051, trian_r2: -4.1993, trian_cc: 0.5889
Epoch 89, val_loss: 0.0037, val_mae: 0.0586, val_mse: 0.0073, val_r2: -4.7905, val_cc: 0.5565
Epoch 90, trian_loss: 0.0025, trian_mae: 0.0491, trian_mse:0.0051, trian_r2: -4.7820, trian_cc: 0.5929
Epoch 90, val_loss: 0.0036, val_mae: 0.0573, val_mse: 0.0071, val_r2: -5.7613, val_cc: 0.5553
Epoch 91, trian_loss: 0.0025, trian_mae: 0.0488, trian_mse:0.0050, trian_r2: -4.1839, trian_cc: 0.5920
Epoch 91, val_loss: 0.0036, val_mae: 0.0554, val_mse: 0.0072, val_r2: -7.2577, val_cc: 0.5573
Epoch 92, trian_loss: 0.0025, trian_mae: 0.0485, trian_mse:0.0049, trian_r2: -4.1441, trian_cc: 0.5949
Epoch 92, val_loss: 0.0038, val_mae: 0.0595, val_mse: 0.0076, val_r2: -5.2253, val_cc: 0.5480
Epoch 93, trian_loss: 0.0025, trian_mae: 0.0489, trian_mse:0.0050, trian_r2: -4.5057, trian_cc: 0.5916
Epoch 93, val_loss: 0.0037, val_mae: 0.0591, val_mse: 0.0075, val_r2: -5.2648, val_cc: 0.5588
Epoch 94, trian_loss: 0.0025, trian_mae: 0.0488, trian_mse:0.0050, trian_r2: -4.4182, trian_cc: 0.5893
Epoch 94, val_loss: 0.0036, val_mae: 0.0574, val_mse: 0.0072, val_r2: -5.8619, val_cc: 0.5389
Epoch 95, trian_loss: 0.0025, trian_mae: 0.0488, trian_mse:0.0049, trian_r2: -4.9962, trian_cc: 0.5895
Epoch 95, val_loss: 0.0037, val_mae: 0.0583, val_mse: 0.0074, val_r2: -4.9698, val_cc: 0.5513
Epoch 96, trian_loss: 0.0025, trian_mae: 0.0490, trian_mse:0.0050, trian_r2: -4.3359, trian_cc: 0.5896
Epoch 96, val_loss: 0.0036, val_mae: 0.0577, val_mse: 0.0072, val_r2: -5.3314, val_cc: 0.5553
Epoch 97, trian_loss: 0.0024, trian_mae: 0.0482, trian_mse:0.0048, trian_r2: -3.7410, trian_cc: 0.5941
Epoch 97, val_loss: 0.0036, val_mae: 0.0564, val_mse: 0.0071, val_r2: -5.1894, val_cc: 0.5507
Epoch 98, trian_loss: 0.0024, trian_mae: 0.0479, trian_mse:0.0047, trian_r2: -3.9872, trian_cc: 0.5943
Epoch 98, val_loss: 0.0045, val_mae: 0.0657, val_mse: 0.0090, val_r2: -3.2148, val_cc: 0.5549
Epoch 99, trian_loss: 0.0024, trian_mae: 0.0482, trian_mse:0.0048, trian_r2: -3.9774, trian_cc: 0.5946
Epoch 99, val_loss: 0.0036, val_mae: 0.0580, val_mse: 0.0073, val_r2: -4.0497, val_cc: 0.5474
