Trian Data: 515   Validation Data: 172  Test Data: 172
model ResNet_2D(
  (conv1): Sequential(
    (0): Conv2d(41, 64, kernel_size=(3, 3), stride=(1, 1), padding=(1, 1), bias=False)
    (1): BatchNorm2d(64, eps=1e-05, momentum=0.1, affine=True, track_running_stats=True)
  )
  (layer1): Sequential(
    (0): BasicBlock(
      (conv1): Conv2d(64, 64, kernel_size=(3, 3), stride=(1, 1), padding=(1, 1), bias=False)
      (bn1): BatchNorm2d(64, eps=1e-05, momentum=0.1, affine=True, track_running_stats=True)
      (conv2): Conv2d(64, 64, kernel_size=(3, 3), stride=(1, 1), padding=(1, 1), bias=False)
      (bn2): BatchNorm2d(64, eps=1e-05, momentum=0.1, affine=True, track_running_stats=True)
      (shortcut): Sequential()
    )
    (1): BasicBlock(
      (conv1): Conv2d(64, 64, kernel_size=(3, 3), stride=(1, 1), padding=(1, 1), bias=False)
      (bn1): BatchNorm2d(64, eps=1e-05, momentum=0.1, affine=True, track_running_stats=True)
      (conv2): Conv2d(64, 64, kernel_size=(3, 3), stride=(1, 1), padding=(1, 1), bias=False)
      (bn2): BatchNorm2d(64, eps=1e-05, momentum=0.1, affine=True, track_running_stats=True)
      (shortcut): Sequential()
    )
  )
  (layer2): Sequential(
    (0): BasicBlock(
      (conv1): Conv2d(64, 64, kernel_size=(3, 3), stride=(1, 1), padding=(1, 1), bias=False)
      (bn1): BatchNorm2d(64, eps=1e-05, momentum=0.1, affine=True, track_running_stats=True)
      (conv2): Conv2d(64, 64, kernel_size=(3, 3), stride=(1, 1), padding=(1, 1), bias=False)
      (bn2): BatchNorm2d(64, eps=1e-05, momentum=0.1, affine=True, track_running_stats=True)
      (shortcut): Sequential()
    )
    (1): BasicBlock(
      (conv1): Conv2d(64, 64, kernel_size=(3, 3), stride=(1, 1), padding=(1, 1), bias=False)
      (bn1): BatchNorm2d(64, eps=1e-05, momentum=0.1, affine=True, track_running_stats=True)
      (conv2): Conv2d(64, 64, kernel_size=(3, 3), stride=(1, 1), padding=(1, 1), bias=False)
      (bn2): BatchNorm2d(64, eps=1e-05, momentum=0.1, affine=True, track_running_stats=True)
      (shortcut): Sequential()
    )
  )
  (layer3): Sequential(
    (0): BasicBlock(
      (conv1): Conv2d(64, 64, kernel_size=(3, 3), stride=(1, 1), padding=(1, 1), bias=False)
      (bn1): BatchNorm2d(64, eps=1e-05, momentum=0.1, affine=True, track_running_stats=True)
      (conv2): Conv2d(64, 64, kernel_size=(3, 3), stride=(1, 1), padding=(1, 1), bias=False)
      (bn2): BatchNorm2d(64, eps=1e-05, momentum=0.1, affine=True, track_running_stats=True)
      (shortcut): Sequential()
    )
    (1): BasicBlock(
      (conv1): Conv2d(64, 64, kernel_size=(3, 3), stride=(1, 1), padding=(1, 1), bias=False)
      (bn1): BatchNorm2d(64, eps=1e-05, momentum=0.1, affine=True, track_running_stats=True)
      (conv2): Conv2d(64, 64, kernel_size=(3, 3), stride=(1, 1), padding=(1, 1), bias=False)
      (bn2): BatchNorm2d(64, eps=1e-05, momentum=0.1, affine=True, track_running_stats=True)
      (shortcut): Sequential()
    )
  )
  (layer4): Sequential(
    (0): BasicBlock(
      (conv1): Conv2d(64, 64, kernel_size=(3, 3), stride=(1, 1), padding=(1, 1), bias=False)
      (bn1): BatchNorm2d(64, eps=1e-05, momentum=0.1, affine=True, track_running_stats=True)
      (conv2): Conv2d(64, 64, kernel_size=(3, 3), stride=(1, 1), padding=(1, 1), bias=False)
      (bn2): BatchNorm2d(64, eps=1e-05, momentum=0.1, affine=True, track_running_stats=True)
      (shortcut): Sequential()
    )
    (1): BasicBlock(
      (conv1): Conv2d(64, 64, kernel_size=(3, 3), stride=(1, 1), padding=(1, 1), bias=False)
      (bn1): BatchNorm2d(64, eps=1e-05, momentum=0.1, affine=True, track_running_stats=True)
      (conv2): Conv2d(64, 64, kernel_size=(3, 3), stride=(1, 1), padding=(1, 1), bias=False)
      (bn2): BatchNorm2d(64, eps=1e-05, momentum=0.1, affine=True, track_running_stats=True)
      (shortcut): Sequential()
    )
    (2): BasicBlock(
      (conv1): Conv2d(64, 64, kernel_size=(3, 3), stride=(1, 1), padding=(1, 1), bias=False)
      (bn1): BatchNorm2d(64, eps=1e-05, momentum=0.1, affine=True, track_running_stats=True)
      (conv2): Conv2d(64, 64, kernel_size=(3, 3), stride=(1, 1), padding=(1, 1), bias=False)
      (bn2): BatchNorm2d(64, eps=1e-05, momentum=0.1, affine=True, track_running_stats=True)
      (shortcut): Sequential()
    )
  )
  (conv2): Sequential(
    (0): Conv2d(64, 32, kernel_size=(3, 3), stride=(1, 1), padding=(1, 1))
    (1): BatchNorm2d(32, eps=1e-05, momentum=0.1, affine=True, track_running_stats=True)
  )
  (conv3): Sequential(
    (0): Conv2d(32, 16, kernel_size=(3, 3), stride=(1, 1), padding=(1, 1))
    (1): BatchNorm2d(16, eps=1e-05, momentum=0.1, affine=True, track_running_stats=True)
  )
  (conv4): Sequential(
    (0): Conv2d(16, 1, kernel_size=(3, 3), stride=(1, 1), padding=(1, 1))
    (1): BatchNorm2d(1, eps=1e-05, momentum=0.1, affine=True, track_running_stats=True)
  )
)
Epoch  0, trian_loss: 0.0151, trian_mae: 0.0985, trian_mse:0.0307, trian_r2: -1.4868, trian_cc: 0.2500
Epoch  0, val_loss: 0.0902, val_mae: 0.2347, val_mse: 0.1819, val_r2: -83682.0237, val_cc: 0.2384
Epoch  1, trian_loss: 0.0054, trian_mae: 0.0694, trian_mse:0.0108, trian_r2: -94.4715, trian_cc: 0.2347
Epoch  1, val_loss: 0.0047, val_mae: 0.0721, val_mse: 0.0094, val_r2: -86.8291, val_cc: 0.2848
Epoch  2, trian_loss: 0.0040, trian_mae: 0.0649, trian_mse:0.0080, trian_r2: -96.3616, trian_cc: 0.2936
Epoch  2, val_loss: 0.0057, val_mae: 0.0815, val_mse: 0.0114, val_r2: -55.7562, val_cc: 0.3554
Epoch  3, trian_loss: 0.0040, trian_mae: 0.0646, trian_mse:0.0081, trian_r2: -123.7674, trian_cc: 0.2923
Epoch  3, val_loss: 0.0045, val_mae: 0.0695, val_mse: 0.0089, val_r2: -107.0862, val_cc: 0.3315
Epoch  4, trian_loss: 0.0040, trian_mae: 0.0639, trian_mse:0.0080, trian_r2: -145.8997, trian_cc: 0.3218
Epoch  4, val_loss: 0.0045, val_mae: 0.0669, val_mse: 0.0090, val_r2: -133.0400, val_cc: 0.3472
Epoch  5, trian_loss: 0.0040, trian_mae: 0.0647, trian_mse:0.0081, trian_r2: -270.7267, trian_cc: 0.3149
Epoch  5, val_loss: 0.0044, val_mae: 0.0696, val_mse: 0.0089, val_r2: -142.0881, val_cc: 0.3632
Epoch  6, trian_loss: 0.0039, trian_mae: 0.0634, trian_mse:0.0078, trian_r2: -193.5066, trian_cc: 0.3691
Epoch  6, val_loss: 0.0044, val_mae: 0.0685, val_mse: 0.0089, val_r2: -108.2102, val_cc: 0.3859
Epoch  7, trian_loss: 0.0039, trian_mae: 0.0630, trian_mse:0.0078, trian_r2: -220.7314, trian_cc: 0.3935
Epoch  7, val_loss: 0.0046, val_mae: 0.0700, val_mse: 0.0091, val_r2: -112.5569, val_cc: 0.4089
Epoch  8, trian_loss: 0.0039, trian_mae: 0.0638, trian_mse:0.0078, trian_r2: -249.0781, trian_cc: 0.3851
Epoch  8, val_loss: 0.0044, val_mae: 0.0673, val_mse: 0.0087, val_r2: -215.3631, val_cc: 0.4039
Epoch  9, trian_loss: 0.0039, trian_mae: 0.0630, trian_mse:0.0077, trian_r2: -255.5659, trian_cc: 0.4288
Epoch  9, val_loss: 0.0044, val_mae: 0.0663, val_mse: 0.0087, val_r2: -188.8825, val_cc: 0.4167
Epoch 10, trian_loss: 0.0039, trian_mae: 0.0641, trian_mse:0.0079, trian_r2: -469.2917, trian_cc: 0.3731
Epoch 10, val_loss: 0.0046, val_mae: 0.0698, val_mse: 0.0093, val_r2: -174.0685, val_cc: 0.4067
Epoch 11, trian_loss: 0.0038, trian_mae: 0.0628, trian_mse:0.0077, trian_r2: -298.7020, trian_cc: 0.4266
Epoch 11, val_loss: 0.0045, val_mae: 0.0673, val_mse: 0.0090, val_r2: -163.9084, val_cc: 0.4285
Epoch 12, trian_loss: 0.0038, trian_mae: 0.0624, trian_mse:0.0076, trian_r2: -289.8932, trian_cc: 0.4428
Epoch 12, val_loss: 0.0047, val_mae: 0.0691, val_mse: 0.0094, val_r2: -261.9755, val_cc: 0.4095
Epoch 13, trian_loss: 0.0038, trian_mae: 0.0623, trian_mse:0.0075, trian_r2: -265.7941, trian_cc: 0.4605
Epoch 13, val_loss: 0.0044, val_mae: 0.0662, val_mse: 0.0088, val_r2: -198.2500, val_cc: 0.4422
Epoch 14, trian_loss: 0.0039, trian_mae: 0.0632, trian_mse:0.0077, trian_r2: -320.1010, trian_cc: 0.4314
Epoch 14, val_loss: 0.0045, val_mae: 0.0670, val_mse: 0.0089, val_r2: -408.9373, val_cc: 0.4218
Epoch 15, trian_loss: 0.0037, trian_mae: 0.0620, trian_mse:0.0075, trian_r2: -309.7802, trian_cc: 0.4704
Epoch 15, val_loss: 0.0043, val_mae: 0.0666, val_mse: 0.0087, val_r2: -249.1287, val_cc: 0.4455
Epoch 16, trian_loss: 0.0038, trian_mae: 0.0624, trian_mse:0.0075, trian_r2: -284.5047, trian_cc: 0.4689
Epoch 16, val_loss: 0.0044, val_mae: 0.0671, val_mse: 0.0088, val_r2: -271.7555, val_cc: 0.4459
Epoch 17, trian_loss: 0.0037, trian_mae: 0.0623, trian_mse:0.0075, trian_r2: -313.0715, trian_cc: 0.4453
Epoch 17, val_loss: 0.0044, val_mae: 0.0670, val_mse: 0.0088, val_r2: -234.8768, val_cc: 0.4377
Epoch 18, trian_loss: 0.0038, trian_mae: 0.0625, trian_mse:0.0075, trian_r2: -257.5299, trian_cc: 0.4673
Epoch 18, val_loss: 0.0044, val_mae: 0.0668, val_mse: 0.0088, val_r2: -206.5282, val_cc: 0.4544
Epoch 19, trian_loss: 0.0038, trian_mae: 0.0624, trian_mse:0.0075, trian_r2: -381.0059, trian_cc: 0.4691
Epoch 19, val_loss: 0.0044, val_mae: 0.0676, val_mse: 0.0089, val_r2: -367.9517, val_cc: 0.4600
Epoch 20, trian_loss: 0.0038, trian_mae: 0.0626, trian_mse:0.0076, trian_r2: -287.7669, trian_cc: 0.4684
Epoch 20, val_loss: 0.0044, val_mae: 0.0663, val_mse: 0.0087, val_r2: -309.1585, val_cc: 0.4581
Epoch 21, trian_loss: 0.0037, trian_mae: 0.0618, trian_mse:0.0074, trian_r2: -189.9479, trian_cc: 0.4711
Epoch 21, val_loss: 0.0045, val_mae: 0.0659, val_mse: 0.0089, val_r2: -191.7982, val_cc: 0.4461
Epoch 22, trian_loss: 0.0037, trian_mae: 0.0615, trian_mse:0.0074, trian_r2: -263.3126, trian_cc: 0.4667
Epoch 22, val_loss: 0.0044, val_mae: 0.0660, val_mse: 0.0087, val_r2: -272.5133, val_cc: 0.4520
Epoch 23, trian_loss: 0.0037, trian_mae: 0.0623, trian_mse:0.0074, trian_r2: -219.6843, trian_cc: 0.4652
Epoch 23, val_loss: 0.0044, val_mae: 0.0661, val_mse: 0.0087, val_r2: -209.0245, val_cc: 0.4483
Epoch 24, trian_loss: 0.0037, trian_mae: 0.0618, trian_mse:0.0074, trian_r2: -181.3111, trian_cc: 0.4701
Epoch 24, val_loss: 0.0044, val_mae: 0.0665, val_mse: 0.0088, val_r2: -148.6916, val_cc: 0.4359
Epoch 25, trian_loss: 0.0037, trian_mae: 0.0618, trian_mse:0.0074, trian_r2: -183.6504, trian_cc: 0.4726
Epoch 25, val_loss: 0.0043, val_mae: 0.0663, val_mse: 0.0086, val_r2: -235.2066, val_cc: 0.4437
Epoch 26, trian_loss: 0.0036, trian_mae: 0.0616, trian_mse:0.0073, trian_r2: -157.4468, trian_cc: 0.4711
Epoch 26, val_loss: 0.0044, val_mae: 0.0657, val_mse: 0.0087, val_r2: -116.3132, val_cc: 0.4397
Epoch 27, trian_loss: 0.0036, trian_mae: 0.0615, trian_mse:0.0073, trian_r2: -142.3364, trian_cc: 0.4618
Epoch 27, val_loss: 0.0043, val_mae: 0.0654, val_mse: 0.0087, val_r2: -144.7532, val_cc: 0.4277
Epoch 28, trian_loss: 0.0036, trian_mae: 0.0614, trian_mse:0.0073, trian_r2: -116.2025, trian_cc: 0.4550
Epoch 28, val_loss: 0.0044, val_mae: 0.0656, val_mse: 0.0088, val_r2: -98.1377, val_cc: 0.4235
Epoch 29, trian_loss: 0.0036, trian_mae: 0.0612, trian_mse:0.0072, trian_r2: -102.6337, trian_cc: 0.4475
Epoch 29, val_loss: 0.0044, val_mae: 0.0662, val_mse: 0.0088, val_r2: -71.3307, val_cc: 0.4045
Epoch 30, trian_loss: 0.0036, trian_mae: 0.0609, trian_mse:0.0071, trian_r2: -93.2218, trian_cc: 0.4430
Epoch 30, val_loss: 0.0046, val_mae: 0.0669, val_mse: 0.0091, val_r2: -58.1462, val_cc: 0.4255
Epoch 31, trian_loss: 0.0035, trian_mae: 0.0610, trian_mse:0.0071, trian_r2: -77.2462, trian_cc: 0.4430
Epoch 31, val_loss: 0.0044, val_mae: 0.0663, val_mse: 0.0088, val_r2: -84.2080, val_cc: 0.3974
Epoch 32, trian_loss: 0.0035, trian_mae: 0.0606, trian_mse:0.0070, trian_r2: -65.0318, trian_cc: 0.4304
Epoch 32, val_loss: 0.0044, val_mae: 0.0664, val_mse: 0.0088, val_r2: -62.8289, val_cc: 0.3952
Epoch 33, trian_loss: 0.0034, trian_mae: 0.0597, trian_mse:0.0069, trian_r2: -56.0914, trian_cc: 0.4206
Epoch 33, val_loss: 0.0044, val_mae: 0.0664, val_mse: 0.0089, val_r2: -62.0870, val_cc: 0.3906
Epoch 34, trian_loss: 0.0034, trian_mae: 0.0594, trian_mse:0.0067, trian_r2: -42.9804, trian_cc: 0.4158
Epoch 34, val_loss: 0.0045, val_mae: 0.0667, val_mse: 0.0090, val_r2: -43.2198, val_cc: 0.3625
Epoch 35, trian_loss: 0.0033, trian_mae: 0.0590, trian_mse:0.0067, trian_r2: -38.3740, trian_cc: 0.4069
Epoch 35, val_loss: 0.0045, val_mae: 0.0676, val_mse: 0.0089, val_r2: -43.9233, val_cc: 0.3654
Epoch 36, trian_loss: 0.0032, trian_mae: 0.0581, trian_mse:0.0063, trian_r2: -36.9382, trian_cc: 0.4093
Epoch 36, val_loss: 0.0049, val_mae: 0.0709, val_mse: 0.0098, val_r2: -43.7761, val_cc: 0.3615
Epoch 37, trian_loss: 0.0031, trian_mae: 0.0575, trian_mse:0.0062, trian_r2: -30.3402, trian_cc: 0.4157
Epoch 37, val_loss: 0.0047, val_mae: 0.0683, val_mse: 0.0094, val_r2: -39.3431, val_cc: 0.3895
Epoch 38, trian_loss: 0.0031, trian_mae: 0.0580, trian_mse:0.0063, trian_r2: -36.4171, trian_cc: 0.4214
Epoch 38, val_loss: 0.0049, val_mae: 0.0704, val_mse: 0.0098, val_r2: -30.9133, val_cc: 0.3729
Epoch 39, trian_loss: 0.0031, trian_mae: 0.0574, trian_mse:0.0062, trian_r2: -31.2965, trian_cc: 0.4243
Epoch 39, val_loss: 0.0046, val_mae: 0.0687, val_mse: 0.0093, val_r2: -34.3379, val_cc: 0.3642
Epoch 40, trian_loss: 0.0029, trian_mae: 0.0567, trian_mse:0.0059, trian_r2: -25.5625, trian_cc: 0.4061
Epoch 40, val_loss: 0.0046, val_mae: 0.0679, val_mse: 0.0091, val_r2: -31.2162, val_cc: 0.3649
Epoch 41, trian_loss: 0.0029, trian_mae: 0.0560, trian_mse:0.0057, trian_r2: -31.1976, trian_cc: 0.4283
Epoch 41, val_loss: 0.0046, val_mae: 0.0664, val_mse: 0.0092, val_r2: -49.4666, val_cc: 0.3773
Epoch 42, trian_loss: 0.0029, trian_mae: 0.0561, trian_mse:0.0058, trian_r2: -24.8102, trian_cc: 0.4267
Epoch 42, val_loss: 0.0049, val_mae: 0.0720, val_mse: 0.0099, val_r2: -21.3642, val_cc: 0.3957
Epoch 43, trian_loss: 0.0029, trian_mae: 0.0563, trian_mse:0.0059, trian_r2: -37.4792, trian_cc: 0.4354
Epoch 43, val_loss: 0.0047, val_mae: 0.0714, val_mse: 0.0093, val_r2: -22.1720, val_cc: 0.4032
Epoch 44, trian_loss: 0.0028, trian_mae: 0.0556, trian_mse:0.0057, trian_r2: -19.7270, trian_cc: 0.4302
Epoch 44, val_loss: 0.0045, val_mae: 0.0674, val_mse: 0.0090, val_r2: -25.9417, val_cc: 0.3884
Epoch 45, trian_loss: 0.0028, trian_mae: 0.0552, trian_mse:0.0056, trian_r2: -19.5622, trian_cc: 0.4473
Epoch 45, val_loss: 0.0047, val_mae: 0.0706, val_mse: 0.0094, val_r2: -20.6266, val_cc: 0.3855
Epoch 46, trian_loss: 0.0029, trian_mae: 0.0558, trian_mse:0.0057, trian_r2: -24.6301, trian_cc: 0.4460
Epoch 46, val_loss: 0.0044, val_mae: 0.0661, val_mse: 0.0089, val_r2: -44.3135, val_cc: 0.4110
Epoch 47, trian_loss: 0.0026, trian_mae: 0.0536, trian_mse:0.0053, trian_r2: -13.9942, trian_cc: 0.4593
Epoch 47, val_loss: 0.0046, val_mae: 0.0673, val_mse: 0.0092, val_r2: -15.3594, val_cc: 0.3883
Epoch 48, trian_loss: 0.0027, trian_mae: 0.0540, trian_mse:0.0054, trian_r2: -15.4542, trian_cc: 0.4684
Epoch 48, val_loss: 0.0044, val_mae: 0.0657, val_mse: 0.0088, val_r2: -16.2088, val_cc: 0.4144
Epoch 49, trian_loss: 0.0027, trian_mae: 0.0540, trian_mse:0.0053, trian_r2: -13.2365, trian_cc: 0.4766
Epoch 49, val_loss: 0.0044, val_mae: 0.0639, val_mse: 0.0089, val_r2: -28.6359, val_cc: 0.3983
Epoch 50, trian_loss: 0.0027, trian_mae: 0.0532, trian_mse:0.0053, trian_r2: -10.7971, trian_cc: 0.4930
Epoch 50, val_loss: 0.0046, val_mae: 0.0662, val_mse: 0.0092, val_r2: -14.3599, val_cc: 0.4122
Epoch 51, trian_loss: 0.0024, trian_mae: 0.0514, trian_mse:0.0049, trian_r2: -8.1857, trian_cc: 0.5062
Epoch 51, val_loss: 0.0043, val_mae: 0.0642, val_mse: 0.0087, val_r2: -15.2184, val_cc: 0.4342
Epoch 52, trian_loss: 0.0025, trian_mae: 0.0514, trian_mse:0.0049, trian_r2: -9.5477, trian_cc: 0.5247
Epoch 52, val_loss: 0.0046, val_mae: 0.0657, val_mse: 0.0092, val_r2: -12.9481, val_cc: 0.4355
Epoch 53, trian_loss: 0.0024, trian_mae: 0.0508, trian_mse:0.0049, trian_r2: -7.7321, trian_cc: 0.5363
Epoch 53, val_loss: 0.0048, val_mae: 0.0668, val_mse: 0.0095, val_r2: -12.7962, val_cc: 0.4407
Epoch 54, trian_loss: 0.0025, trian_mae: 0.0505, trian_mse:0.0049, trian_r2: -6.7216, trian_cc: 0.5487
Epoch 54, val_loss: 0.0045, val_mae: 0.0642, val_mse: 0.0090, val_r2: -11.3919, val_cc: 0.4477
Epoch 55, trian_loss: 0.0024, trian_mae: 0.0495, trian_mse:0.0047, trian_r2: -5.6910, trian_cc: 0.5516
Epoch 55, val_loss: 0.0040, val_mae: 0.0641, val_mse: 0.0080, val_r2: -12.7052, val_cc: 0.4655
Epoch 56, trian_loss: 0.0023, trian_mae: 0.0489, trian_mse:0.0046, trian_r2: -5.1131, trian_cc: 0.5646
Epoch 56, val_loss: 0.0041, val_mae: 0.0623, val_mse: 0.0082, val_r2: -13.6829, val_cc: 0.4675
Epoch 57, trian_loss: 0.0023, trian_mae: 0.0489, trian_mse:0.0046, trian_r2: -6.0943, trian_cc: 0.5649
Epoch 57, val_loss: 0.0043, val_mae: 0.0605, val_mse: 0.0085, val_r2: -20.6545, val_cc: 0.4593
Epoch 58, trian_loss: 0.0024, trian_mae: 0.0487, trian_mse:0.0047, trian_r2: -4.8498, trian_cc: 0.5754
Epoch 58, val_loss: 0.0043, val_mae: 0.0621, val_mse: 0.0085, val_r2: -6.9610, val_cc: 0.4761
Epoch 59, trian_loss: 0.0022, trian_mae: 0.0477, trian_mse:0.0044, trian_r2: -5.1148, trian_cc: 0.5859
Epoch 59, val_loss: 0.0041, val_mae: 0.0602, val_mse: 0.0082, val_r2: -9.5025, val_cc: 0.4803
Epoch 60, trian_loss: 0.0022, trian_mae: 0.0475, trian_mse:0.0044, trian_r2: -5.0225, trian_cc: 0.5872
Epoch 60, val_loss: 0.0042, val_mae: 0.0621, val_mse: 0.0084, val_r2: -6.3191, val_cc: 0.4754
Epoch 61, trian_loss: 0.0021, trian_mae: 0.0468, trian_mse:0.0042, trian_r2: -3.8128, trian_cc: 0.5937
Epoch 61, val_loss: 0.0041, val_mae: 0.0600, val_mse: 0.0082, val_r2: -12.1435, val_cc: 0.4856
Epoch 62, trian_loss: 0.0021, trian_mae: 0.0467, trian_mse:0.0042, trian_r2: -4.7288, trian_cc: 0.6008
Epoch 62, val_loss: 0.0042, val_mae: 0.0632, val_mse: 0.0083, val_r2: -7.0118, val_cc: 0.4864
Epoch 63, trian_loss: 0.0022, trian_mae: 0.0474, trian_mse:0.0044, trian_r2: -5.1312, trian_cc: 0.5943
Epoch 63, val_loss: 0.0042, val_mae: 0.0592, val_mse: 0.0084, val_r2: -14.0561, val_cc: 0.4788
Epoch 64, trian_loss: 0.0021, trian_mae: 0.0465, trian_mse:0.0042, trian_r2: -3.9476, trian_cc: 0.6115
Epoch 64, val_loss: 0.0045, val_mae: 0.0628, val_mse: 0.0089, val_r2: -9.2525, val_cc: 0.4823
Epoch 65, trian_loss: 0.0021, trian_mae: 0.0462, trian_mse:0.0042, trian_r2: -3.6236, trian_cc: 0.6161
Epoch 65, val_loss: 0.0041, val_mae: 0.0592, val_mse: 0.0083, val_r2: -11.7137, val_cc: 0.4973
Epoch 66, trian_loss: 0.0021, trian_mae: 0.0461, trian_mse:0.0042, trian_r2: -3.7377, trian_cc: 0.6196
Epoch 66, val_loss: 0.0044, val_mae: 0.0656, val_mse: 0.0088, val_r2: -4.2828, val_cc: 0.5059
Epoch 67, trian_loss: 0.0021, trian_mae: 0.0459, trian_mse:0.0042, trian_r2: -3.7620, trian_cc: 0.6221
Epoch 67, val_loss: 0.0040, val_mae: 0.0587, val_mse: 0.0080, val_r2: -6.3300, val_cc: 0.4996
Epoch 68, trian_loss: 0.0019, trian_mae: 0.0432, trian_mse:0.0037, trian_r2: -2.6331, trian_cc: 0.6444
Epoch 68, val_loss: 0.0040, val_mae: 0.0591, val_mse: 0.0080, val_r2: -6.2464, val_cc: 0.5071
Epoch 69, trian_loss: 0.0018, trian_mae: 0.0422, trian_mse:0.0035, trian_r2: -2.0912, trian_cc: 0.6490
Epoch 69, val_loss: 0.0042, val_mae: 0.0585, val_mse: 0.0084, val_r2: -9.8757, val_cc: 0.5018
Epoch 70, trian_loss: 0.0018, trian_mae: 0.0427, trian_mse:0.0036, trian_r2: -2.6291, trian_cc: 0.6548
Epoch 70, val_loss: 0.0042, val_mae: 0.0597, val_mse: 0.0085, val_r2: -5.8867, val_cc: 0.4975
Epoch 71, trian_loss: 0.0018, trian_mae: 0.0422, trian_mse:0.0035, trian_r2: -2.0645, trian_cc: 0.6534
Epoch 71, val_loss: 0.0039, val_mae: 0.0598, val_mse: 0.0078, val_r2: -5.6394, val_cc: 0.5230
Epoch 72, trian_loss: 0.0017, trian_mae: 0.0420, trian_mse:0.0035, trian_r2: -2.2137, trian_cc: 0.6593
Epoch 72, val_loss: 0.0039, val_mae: 0.0591, val_mse: 0.0079, val_r2: -5.3278, val_cc: 0.5062
Epoch 73, trian_loss: 0.0017, trian_mae: 0.0413, trian_mse:0.0034, trian_r2: -1.7969, trian_cc: 0.6651
Epoch 73, val_loss: 0.0042, val_mae: 0.0582, val_mse: 0.0084, val_r2: -9.9763, val_cc: 0.4962
Epoch 74, trian_loss: 0.0017, trian_mae: 0.0413, trian_mse:0.0034, trian_r2: -2.0459, trian_cc: 0.6678
Epoch 74, val_loss: 0.0042, val_mae: 0.0579, val_mse: 0.0084, val_r2: -10.2483, val_cc: 0.5036
Epoch 75, trian_loss: 0.0016, trian_mae: 0.0403, trian_mse:0.0032, trian_r2: -1.6212, trian_cc: 0.6747
Epoch 75, val_loss: 0.0040, val_mae: 0.0582, val_mse: 0.0081, val_r2: -5.9984, val_cc: 0.5107
Epoch 76, trian_loss: 0.0016, trian_mae: 0.0405, trian_mse:0.0032, trian_r2: -1.6358, trian_cc: 0.6758
Epoch 76, val_loss: 0.0043, val_mae: 0.0588, val_mse: 0.0086, val_r2: -7.5774, val_cc: 0.4925
Epoch 77, trian_loss: 0.0016, trian_mae: 0.0400, trian_mse:0.0032, trian_r2: -1.5369, trian_cc: 0.6794
Epoch 77, val_loss: 0.0046, val_mae: 0.0602, val_mse: 0.0093, val_r2: -11.8096, val_cc: 0.4843
Epoch 78, trian_loss: 0.0017, trian_mae: 0.0407, trian_mse:0.0034, trian_r2: -1.5032, trian_cc: 0.6791
Epoch 78, val_loss: 0.0041, val_mae: 0.0587, val_mse: 0.0082, val_r2: -5.5019, val_cc: 0.5104
Epoch 79, trian_loss: 0.0016, trian_mae: 0.0399, trian_mse:0.0032, trian_r2: -1.5297, trian_cc: 0.6835
Epoch 79, val_loss: 0.0044, val_mae: 0.0581, val_mse: 0.0087, val_r2: -10.9694, val_cc: 0.4972
Epoch 80, trian_loss: 0.0016, trian_mae: 0.0396, trian_mse:0.0032, trian_r2: -1.3227, trian_cc: 0.6899
Epoch 80, val_loss: 0.0037, val_mae: 0.0593, val_mse: 0.0075, val_r2: -4.6188, val_cc: 0.5285
Epoch 81, trian_loss: 0.0015, trian_mae: 0.0391, trian_mse:0.0030, trian_r2: -1.2386, trian_cc: 0.6901
Epoch 81, val_loss: 0.0043, val_mae: 0.0586, val_mse: 0.0085, val_r2: -11.7424, val_cc: 0.5207
Epoch 82, trian_loss: 0.0015, trian_mae: 0.0394, trian_mse:0.0031, trian_r2: -1.2529, trian_cc: 0.6894
Epoch 82, val_loss: 0.0038, val_mae: 0.0573, val_mse: 0.0076, val_r2: -6.1964, val_cc: 0.5155
Epoch 83, trian_loss: 0.0016, trian_mae: 0.0396, trian_mse:0.0032, trian_r2: -1.1197, trian_cc: 0.6907
Epoch 83, val_loss: 0.0041, val_mae: 0.0598, val_mse: 0.0083, val_r2: -4.5436, val_cc: 0.5050
Epoch 84, trian_loss: 0.0016, trian_mae: 0.0399, trian_mse:0.0032, trian_r2: -1.3752, trian_cc: 0.6906
Epoch 84, val_loss: 0.0041, val_mae: 0.0574, val_mse: 0.0081, val_r2: -6.4834, val_cc: 0.5102
Epoch 85, trian_loss: 0.0016, trian_mae: 0.0397, trian_mse:0.0031, trian_r2: -1.1906, trian_cc: 0.6932
Epoch 85, val_loss: 0.0038, val_mae: 0.0588, val_mse: 0.0076, val_r2: -4.5066, val_cc: 0.5141
Epoch 86, trian_loss: 0.0016, trian_mae: 0.0394, trian_mse:0.0031, trian_r2: -1.0949, trian_cc: 0.6971
Epoch 86, val_loss: 0.0046, val_mae: 0.0592, val_mse: 0.0092, val_r2: -17.8101, val_cc: 0.4875
Epoch 87, trian_loss: 0.0014, trian_mae: 0.0382, trian_mse:0.0029, trian_r2: -1.0378, trian_cc: 0.7031
Epoch 87, val_loss: 0.0040, val_mae: 0.0575, val_mse: 0.0080, val_r2: -5.4279, val_cc: 0.5163
Epoch 88, trian_loss: 0.0015, trian_mae: 0.0388, trian_mse:0.0030, trian_r2: -1.2376, trian_cc: 0.7030
Epoch 88, val_loss: 0.0043, val_mae: 0.0587, val_mse: 0.0086, val_r2: -9.5910, val_cc: 0.5089
Epoch 89, trian_loss: 0.0015, trian_mae: 0.0386, trian_mse:0.0029, trian_r2: -0.9881, trian_cc: 0.7048
Epoch 89, val_loss: 0.0040, val_mae: 0.0594, val_mse: 0.0081, val_r2: -3.4973, val_cc: 0.5186
Epoch 90, trian_loss: 0.0015, trian_mae: 0.0385, trian_mse:0.0029, trian_r2: -0.9948, trian_cc: 0.7044
Epoch 90, val_loss: 0.0041, val_mae: 0.0579, val_mse: 0.0082, val_r2: -6.3193, val_cc: 0.5187
Epoch 91, trian_loss: 0.0014, trian_mae: 0.0376, trian_mse:0.0028, trian_r2: -0.9990, trian_cc: 0.7092
Epoch 91, val_loss: 0.0041, val_mae: 0.0572, val_mse: 0.0081, val_r2: -5.6354, val_cc: 0.5115
Epoch 92, trian_loss: 0.0015, trian_mae: 0.0382, trian_mse:0.0029, trian_r2: -0.8760, trian_cc: 0.7095
Epoch 92, val_loss: 0.0041, val_mae: 0.0569, val_mse: 0.0082, val_r2: -6.1035, val_cc: 0.5095
Epoch 93, trian_loss: 0.0015, trian_mae: 0.0383, trian_mse:0.0029, trian_r2: -0.8994, trian_cc: 0.7097
Epoch 93, val_loss: 0.0039, val_mae: 0.0594, val_mse: 0.0078, val_r2: -3.3450, val_cc: 0.5163
Epoch 94, trian_loss: 0.0013, trian_mae: 0.0371, trian_mse:0.0027, trian_r2: -0.8161, trian_cc: 0.7153
Epoch 94, val_loss: 0.0047, val_mae: 0.0602, val_mse: 0.0093, val_r2: -12.2610, val_cc: 0.5094
Epoch 95, trian_loss: 0.0015, trian_mae: 0.0385, trian_mse:0.0030, trian_r2: -1.0962, trian_cc: 0.7118
Epoch 95, val_loss: 0.0042, val_mae: 0.0586, val_mse: 0.0084, val_r2: -5.8736, val_cc: 0.5141
Epoch 96, trian_loss: 0.0014, trian_mae: 0.0371, trian_mse:0.0027, trian_r2: -0.7607, trian_cc: 0.7193
Epoch 96, val_loss: 0.0041, val_mae: 0.0584, val_mse: 0.0082, val_r2: -4.0810, val_cc: 0.5141
Epoch 97, trian_loss: 0.0014, trian_mae: 0.0371, trian_mse:0.0027, trian_r2: -0.8716, trian_cc: 0.7213
Epoch 97, val_loss: 0.0040, val_mae: 0.0589, val_mse: 0.0080, val_r2: -4.0582, val_cc: 0.5158
Epoch 98, trian_loss: 0.0013, trian_mae: 0.0363, trian_mse:0.0026, trian_r2: -0.6289, trian_cc: 0.7219
Epoch 98, val_loss: 0.0042, val_mae: 0.0576, val_mse: 0.0083, val_r2: -6.6802, val_cc: 0.5111
Epoch 99, trian_loss: 0.0014, trian_mae: 0.0372, trian_mse:0.0028, trian_r2: -0.6403, trian_cc: 0.7256
Epoch 99, val_loss: 0.0038, val_mae: 0.0585, val_mse: 0.0076, val_r2: -3.9871, val_cc: 0.5140
