Trian Data: 515   Validation Data: 172  Test Data: 172
model ResNet_2D(
  (conv1): Sequential(
    (0): Conv2d(78, 64, kernel_size=(3, 3), stride=(1, 1), padding=(1, 1), bias=False)
    (1): BatchNorm2d(64, eps=1e-05, momentum=0.1, affine=True, track_running_stats=True)
  )
  (layer1): Sequential(
    (0): BasicBlock(
      (conv1): Conv2d(64, 64, kernel_size=(3, 3), stride=(1, 1), padding=(1, 1), bias=False)
      (bn1): BatchNorm2d(64, eps=1e-05, momentum=0.1, affine=True, track_running_stats=True)
      (conv2): Conv2d(64, 64, kernel_size=(3, 3), stride=(1, 1), padding=(1, 1), bias=False)
      (bn2): BatchNorm2d(64, eps=1e-05, momentum=0.1, affine=True, track_running_stats=True)
      (shortcut): Sequential()
    )
    (1): BasicBlock(
      (conv1): Conv2d(64, 64, kernel_size=(3, 3), stride=(1, 1), padding=(1, 1), bias=False)
      (bn1): BatchNorm2d(64, eps=1e-05, momentum=0.1, affine=True, track_running_stats=True)
      (conv2): Conv2d(64, 64, kernel_size=(3, 3), stride=(1, 1), padding=(1, 1), bias=False)
      (bn2): BatchNorm2d(64, eps=1e-05, momentum=0.1, affine=True, track_running_stats=True)
      (shortcut): Sequential()
    )
  )
  (layer2): Sequential(
    (0): BasicBlock(
      (conv1): Conv2d(64, 64, kernel_size=(3, 3), stride=(1, 1), padding=(1, 1), bias=False)
      (bn1): BatchNorm2d(64, eps=1e-05, momentum=0.1, affine=True, track_running_stats=True)
      (conv2): Conv2d(64, 64, kernel_size=(3, 3), stride=(1, 1), padding=(1, 1), bias=False)
      (bn2): BatchNorm2d(64, eps=1e-05, momentum=0.1, affine=True, track_running_stats=True)
      (shortcut): Sequential()
    )
    (1): BasicBlock(
      (conv1): Conv2d(64, 64, kernel_size=(3, 3), stride=(1, 1), padding=(1, 1), bias=False)
      (bn1): BatchNorm2d(64, eps=1e-05, momentum=0.1, affine=True, track_running_stats=True)
      (conv2): Conv2d(64, 64, kernel_size=(3, 3), stride=(1, 1), padding=(1, 1), bias=False)
      (bn2): BatchNorm2d(64, eps=1e-05, momentum=0.1, affine=True, track_running_stats=True)
      (shortcut): Sequential()
    )
  )
  (layer3): Sequential(
    (0): BasicBlock(
      (conv1): Conv2d(64, 64, kernel_size=(3, 3), stride=(1, 1), padding=(1, 1), bias=False)
      (bn1): BatchNorm2d(64, eps=1e-05, momentum=0.1, affine=True, track_running_stats=True)
      (conv2): Conv2d(64, 64, kernel_size=(3, 3), stride=(1, 1), padding=(1, 1), bias=False)
      (bn2): BatchNorm2d(64, eps=1e-05, momentum=0.1, affine=True, track_running_stats=True)
      (shortcut): Sequential()
    )
    (1): BasicBlock(
      (conv1): Conv2d(64, 64, kernel_size=(3, 3), stride=(1, 1), padding=(1, 1), bias=False)
      (bn1): BatchNorm2d(64, eps=1e-05, momentum=0.1, affine=True, track_running_stats=True)
      (conv2): Conv2d(64, 64, kernel_size=(3, 3), stride=(1, 1), padding=(1, 1), bias=False)
      (bn2): BatchNorm2d(64, eps=1e-05, momentum=0.1, affine=True, track_running_stats=True)
      (shortcut): Sequential()
    )
  )
  (layer4): Sequential(
    (0): BasicBlock(
      (conv1): Conv2d(64, 64, kernel_size=(3, 3), stride=(1, 1), padding=(1, 1), bias=False)
      (bn1): BatchNorm2d(64, eps=1e-05, momentum=0.1, affine=True, track_running_stats=True)
      (conv2): Conv2d(64, 64, kernel_size=(3, 3), stride=(1, 1), padding=(1, 1), bias=False)
      (bn2): BatchNorm2d(64, eps=1e-05, momentum=0.1, affine=True, track_running_stats=True)
      (shortcut): Sequential()
    )
    (1): BasicBlock(
      (conv1): Conv2d(64, 64, kernel_size=(3, 3), stride=(1, 1), padding=(1, 1), bias=False)
      (bn1): BatchNorm2d(64, eps=1e-05, momentum=0.1, affine=True, track_running_stats=True)
      (conv2): Conv2d(64, 64, kernel_size=(3, 3), stride=(1, 1), padding=(1, 1), bias=False)
      (bn2): BatchNorm2d(64, eps=1e-05, momentum=0.1, affine=True, track_running_stats=True)
      (shortcut): Sequential()
    )
    (2): BasicBlock(
      (conv1): Conv2d(64, 64, kernel_size=(3, 3), stride=(1, 1), padding=(1, 1), bias=False)
      (bn1): BatchNorm2d(64, eps=1e-05, momentum=0.1, affine=True, track_running_stats=True)
      (conv2): Conv2d(64, 64, kernel_size=(3, 3), stride=(1, 1), padding=(1, 1), bias=False)
      (bn2): BatchNorm2d(64, eps=1e-05, momentum=0.1, affine=True, track_running_stats=True)
      (shortcut): Sequential()
    )
  )
  (conv2): Sequential(
    (0): Conv2d(64, 32, kernel_size=(3, 3), stride=(1, 1), padding=(1, 1))
    (1): BatchNorm2d(32, eps=1e-05, momentum=0.1, affine=True, track_running_stats=True)
  )
  (conv3): Sequential(
    (0): Conv2d(32, 16, kernel_size=(3, 3), stride=(1, 1), padding=(1, 1))
    (1): BatchNorm2d(16, eps=1e-05, momentum=0.1, affine=True, track_running_stats=True)
  )
  (conv4): Sequential(
    (0): Conv2d(16, 1, kernel_size=(3, 3), stride=(1, 1), padding=(1, 1))
    (1): BatchNorm2d(1, eps=1e-05, momentum=0.1, affine=True, track_running_stats=True)
  )
)
Epoch  0, trian_loss: 0.0167, trian_mae: 0.1017, trian_mse:0.0339, trian_r2: -1.3073, trian_cc: 0.2373
Epoch  0, val_loss: 0.0675, val_mae: 0.1970, val_mse: 0.1360, val_r2: -64268064361.5686, val_cc: 0.2749
Epoch  1, trian_loss: 0.0055, trian_mae: 0.0707, trian_mse:0.0111, trian_r2: -152.1219, trian_cc: 0.2207
Epoch  1, val_loss: 0.0045, val_mae: 0.0710, val_mse: 0.0090, val_r2: -120.3450, val_cc: 0.2453
Epoch  2, trian_loss: 0.0040, trian_mae: 0.0636, trian_mse:0.0079, trian_r2: -118.9716, trian_cc: 0.3039
Epoch  2, val_loss: 0.0048, val_mae: 0.0711, val_mse: 0.0095, val_r2: -66.7853, val_cc: 0.3421
Epoch  3, trian_loss: 0.0040, trian_mae: 0.0637, trian_mse:0.0079, trian_r2: -145.6458, trian_cc: 0.3129
Epoch  3, val_loss: 0.0045, val_mae: 0.0701, val_mse: 0.0090, val_r2: -129.7881, val_cc: 0.3122
Epoch  4, trian_loss: 0.0041, trian_mae: 0.0649, trian_mse:0.0082, trian_r2: -297.5781, trian_cc: 0.2593
Epoch  4, val_loss: 0.0050, val_mae: 0.0744, val_mse: 0.0101, val_r2: -63.2616, val_cc: 0.3344
Epoch  5, trian_loss: 0.0040, trian_mae: 0.0642, trian_mse:0.0080, trian_r2: -277.0217, trian_cc: 0.3274
Epoch  5, val_loss: 0.0046, val_mae: 0.0718, val_mse: 0.0093, val_r2: -150.5746, val_cc: 0.3675
Epoch  6, trian_loss: 0.0039, trian_mae: 0.0635, trian_mse:0.0078, trian_r2: -256.4423, trian_cc: 0.3708
Epoch  6, val_loss: 0.0046, val_mae: 0.0697, val_mse: 0.0092, val_r2: -122.6445, val_cc: 0.3638
Epoch  7, trian_loss: 0.0039, trian_mae: 0.0634, trian_mse:0.0078, trian_r2: -280.9754, trian_cc: 0.3808
Epoch  7, val_loss: 0.0048, val_mae: 0.0709, val_mse: 0.0096, val_r2: -83.2465, val_cc: 0.4069
Epoch  8, trian_loss: 0.0039, trian_mae: 0.0637, trian_mse:0.0078, trian_r2: -383.2954, trian_cc: 0.3932
Epoch  8, val_loss: 0.0047, val_mae: 0.0688, val_mse: 0.0093, val_r2: -145.6816, val_cc: 0.4033
Epoch  9, trian_loss: 0.0039, trian_mae: 0.0631, trian_mse:0.0078, trian_r2: -479.1929, trian_cc: 0.4083
Epoch  9, val_loss: 0.0045, val_mae: 0.0677, val_mse: 0.0091, val_r2: -342.5722, val_cc: 0.4073
Epoch 10, trian_loss: 0.0039, trian_mae: 0.0631, trian_mse:0.0077, trian_r2: -401.7332, trian_cc: 0.4281
Epoch 10, val_loss: 0.0047, val_mae: 0.0697, val_mse: 0.0094, val_r2: -245.2546, val_cc: 0.4054
Epoch 11, trian_loss: 0.0038, trian_mae: 0.0626, trian_mse:0.0077, trian_r2: -371.0855, trian_cc: 0.4364
Epoch 11, val_loss: 0.0044, val_mae: 0.0664, val_mse: 0.0087, val_r2: -290.3238, val_cc: 0.4184
Epoch 12, trian_loss: 0.0038, trian_mae: 0.0631, trian_mse:0.0077, trian_r2: -443.2168, trian_cc: 0.4389
Epoch 12, val_loss: 0.0070, val_mae: 0.0846, val_mse: 0.0141, val_r2: -71.1344, val_cc: 0.4112
Epoch 13, trian_loss: 0.0038, trian_mae: 0.0630, trian_mse:0.0076, trian_r2: -339.2132, trian_cc: 0.4386
Epoch 13, val_loss: 0.0044, val_mae: 0.0671, val_mse: 0.0088, val_r2: -226.8488, val_cc: 0.4304
Epoch 14, trian_loss: 0.0037, trian_mae: 0.0619, trian_mse:0.0074, trian_r2: -206.1865, trian_cc: 0.4663
Epoch 14, val_loss: 0.0053, val_mae: 0.0754, val_mse: 0.0106, val_r2: -92.5333, val_cc: 0.4376
Epoch 15, trian_loss: 0.0039, trian_mae: 0.0634, trian_mse:0.0078, trian_r2: -322.6824, trian_cc: 0.4020
Epoch 15, val_loss: 0.0044, val_mae: 0.0674, val_mse: 0.0087, val_r2: -322.7190, val_cc: 0.4378
Epoch 16, trian_loss: 0.0037, trian_mae: 0.0622, trian_mse:0.0075, trian_r2: -213.9785, trian_cc: 0.4617
Epoch 16, val_loss: 0.0044, val_mae: 0.0658, val_mse: 0.0088, val_r2: -209.6838, val_cc: 0.4552
Epoch 17, trian_loss: 0.0038, trian_mae: 0.0624, trian_mse:0.0075, trian_r2: -364.8491, trian_cc: 0.4641
Epoch 17, val_loss: 0.0044, val_mae: 0.0660, val_mse: 0.0088, val_r2: -199.8875, val_cc: 0.4515
Epoch 18, trian_loss: 0.0038, trian_mae: 0.0631, trian_mse:0.0077, trian_r2: -371.2133, trian_cc: 0.4420
Epoch 18, val_loss: 0.0045, val_mae: 0.0686, val_mse: 0.0090, val_r2: -173.4380, val_cc: 0.4635
Epoch 19, trian_loss: 0.0037, trian_mae: 0.0622, trian_mse:0.0075, trian_r2: -356.4023, trian_cc: 0.4630
Epoch 19, val_loss: 0.0044, val_mae: 0.0666, val_mse: 0.0088, val_r2: -547.1407, val_cc: 0.4487
Epoch 20, trian_loss: 0.0038, trian_mae: 0.0623, trian_mse:0.0075, trian_r2: -333.8571, trian_cc: 0.4501
Epoch 20, val_loss: 0.0044, val_mae: 0.0664, val_mse: 0.0089, val_r2: -297.1128, val_cc: 0.4319
Epoch 21, trian_loss: 0.0037, trian_mae: 0.0618, trian_mse:0.0074, trian_r2: -203.9197, trian_cc: 0.4780
Epoch 21, val_loss: 0.0043, val_mae: 0.0653, val_mse: 0.0085, val_r2: -173.5940, val_cc: 0.4479
Epoch 22, trian_loss: 0.0036, trian_mae: 0.0609, trian_mse:0.0072, trian_r2: -206.0194, trian_cc: 0.4745
Epoch 22, val_loss: 0.0042, val_mae: 0.0660, val_mse: 0.0085, val_r2: -162.0245, val_cc: 0.4459
Epoch 23, trian_loss: 0.0036, trian_mae: 0.0609, trian_mse:0.0072, trian_r2: -152.7197, trian_cc: 0.4767
Epoch 23, val_loss: 0.0042, val_mae: 0.0654, val_mse: 0.0084, val_r2: -144.5703, val_cc: 0.4439
Epoch 24, trian_loss: 0.0036, trian_mae: 0.0611, trian_mse:0.0073, trian_r2: -117.5601, trian_cc: 0.4731
Epoch 24, val_loss: 0.0043, val_mae: 0.0658, val_mse: 0.0085, val_r2: -134.4445, val_cc: 0.4379
Epoch 25, trian_loss: 0.0035, trian_mae: 0.0600, trian_mse:0.0070, trian_r2: -98.1878, trian_cc: 0.4715
Epoch 25, val_loss: 0.0042, val_mae: 0.0654, val_mse: 0.0085, val_r2: -119.2748, val_cc: 0.4460
Epoch 26, trian_loss: 0.0035, trian_mae: 0.0600, trian_mse:0.0069, trian_r2: -78.8523, trian_cc: 0.4691
Epoch 26, val_loss: 0.0042, val_mae: 0.0654, val_mse: 0.0085, val_r2: -100.0560, val_cc: 0.4377
Epoch 27, trian_loss: 0.0035, trian_mae: 0.0598, trian_mse:0.0069, trian_r2: -86.7298, trian_cc: 0.4712
Epoch 27, val_loss: 0.0042, val_mae: 0.0655, val_mse: 0.0083, val_r2: -107.9137, val_cc: 0.4477
Epoch 28, trian_loss: 0.0034, trian_mae: 0.0598, trian_mse:0.0069, trian_r2: -88.7267, trian_cc: 0.4651
Epoch 28, val_loss: 0.0043, val_mae: 0.0664, val_mse: 0.0085, val_r2: -119.9800, val_cc: 0.4461
Epoch 29, trian_loss: 0.0034, trian_mae: 0.0598, trian_mse:0.0069, trian_r2: -100.4537, trian_cc: 0.4629
Epoch 29, val_loss: 0.0042, val_mae: 0.0670, val_mse: 0.0085, val_r2: -154.3114, val_cc: 0.4380
Epoch 30, trian_loss: 0.0034, trian_mae: 0.0593, trian_mse:0.0068, trian_r2: -142.2544, trian_cc: 0.4625
Epoch 30, val_loss: 0.0043, val_mae: 0.0663, val_mse: 0.0086, val_r2: -129.5955, val_cc: 0.4484
Epoch 31, trian_loss: 0.0034, trian_mae: 0.0596, trian_mse:0.0068, trian_r2: -118.5275, trian_cc: 0.4564
Epoch 31, val_loss: 0.0044, val_mae: 0.0685, val_mse: 0.0089, val_r2: -156.9175, val_cc: 0.4213
Epoch 32, trian_loss: 0.0034, trian_mae: 0.0595, trian_mse:0.0067, trian_r2: -147.8013, trian_cc: 0.4491
Epoch 32, val_loss: 0.0044, val_mae: 0.0673, val_mse: 0.0087, val_r2: -119.9520, val_cc: 0.4232
Epoch 33, trian_loss: 0.0034, trian_mae: 0.0594, trian_mse:0.0068, trian_r2: -111.2942, trian_cc: 0.4476
Epoch 33, val_loss: 0.0044, val_mae: 0.0682, val_mse: 0.0088, val_r2: -118.5869, val_cc: 0.4103
Epoch 34, trian_loss: 0.0034, trian_mae: 0.0595, trian_mse:0.0068, trian_r2: -110.7687, trian_cc: 0.4377
Epoch 34, val_loss: 0.0043, val_mae: 0.0668, val_mse: 0.0085, val_r2: -129.6398, val_cc: 0.4164
Epoch 35, trian_loss: 0.0034, trian_mae: 0.0592, trian_mse:0.0067, trian_r2: -141.0237, trian_cc: 0.4438
Epoch 35, val_loss: 0.0047, val_mae: 0.0693, val_mse: 0.0095, val_r2: -110.9413, val_cc: 0.4214
Epoch 36, trian_loss: 0.0034, trian_mae: 0.0593, trian_mse:0.0067, trian_r2: -103.8886, trian_cc: 0.4438
Epoch 36, val_loss: 0.0044, val_mae: 0.0676, val_mse: 0.0087, val_r2: -110.9090, val_cc: 0.3971
Epoch 37, trian_loss: 0.0032, trian_mae: 0.0584, trian_mse:0.0065, trian_r2: -123.8767, trian_cc: 0.4417
Epoch 37, val_loss: 0.0045, val_mae: 0.0696, val_mse: 0.0090, val_r2: -98.9439, val_cc: 0.4105
Epoch 38, trian_loss: 0.0033, trian_mae: 0.0589, trian_mse:0.0066, trian_r2: -95.0496, trian_cc: 0.4540
Epoch 38, val_loss: 0.0044, val_mae: 0.0680, val_mse: 0.0088, val_r2: -95.5015, val_cc: 0.4301
Epoch 39, trian_loss: 0.0033, trian_mae: 0.0591, trian_mse:0.0066, trian_r2: -87.1026, trian_cc: 0.4476
Epoch 39, val_loss: 0.0044, val_mae: 0.0677, val_mse: 0.0089, val_r2: -95.3417, val_cc: 0.4128
Epoch 40, trian_loss: 0.0033, trian_mae: 0.0590, trian_mse:0.0066, trian_r2: -95.5922, trian_cc: 0.4324
Epoch 40, val_loss: 0.0042, val_mae: 0.0658, val_mse: 0.0085, val_r2: -78.4985, val_cc: 0.3802
Epoch 41, trian_loss: 0.0033, trian_mae: 0.0585, trian_mse:0.0065, trian_r2: -79.0488, trian_cc: 0.4449
Epoch 41, val_loss: 0.0043, val_mae: 0.0667, val_mse: 0.0086, val_r2: -92.4035, val_cc: 0.3857
Epoch 42, trian_loss: 0.0032, trian_mae: 0.0584, trian_mse:0.0065, trian_r2: -81.4272, trian_cc: 0.4278
Epoch 42, val_loss: 0.0042, val_mae: 0.0659, val_mse: 0.0085, val_r2: -96.5303, val_cc: 0.3888
Epoch 43, trian_loss: 0.0032, trian_mae: 0.0585, trian_mse:0.0065, trian_r2: -70.5794, trian_cc: 0.4377
Epoch 43, val_loss: 0.0044, val_mae: 0.0659, val_mse: 0.0088, val_r2: -78.4215, val_cc: 0.3553
Epoch 44, trian_loss: 0.0032, trian_mae: 0.0583, trian_mse:0.0064, trian_r2: -70.0787, trian_cc: 0.4197
Epoch 44, val_loss: 0.0044, val_mae: 0.0668, val_mse: 0.0088, val_r2: -76.4247, val_cc: 0.4046
Epoch 45, trian_loss: 0.0032, trian_mae: 0.0581, trian_mse:0.0064, trian_r2: -62.1286, trian_cc: 0.4304
Epoch 45, val_loss: 0.0044, val_mae: 0.0675, val_mse: 0.0088, val_r2: -64.3320, val_cc: 0.3813
Epoch 46, trian_loss: 0.0033, trian_mae: 0.0584, trian_mse:0.0065, trian_r2: -80.3812, trian_cc: 0.4277
Epoch 46, val_loss: 0.0042, val_mae: 0.0651, val_mse: 0.0083, val_r2: -54.0838, val_cc: 0.3917
Epoch 47, trian_loss: 0.0031, trian_mae: 0.0577, trian_mse:0.0062, trian_r2: -55.0635, trian_cc: 0.4179
Epoch 47, val_loss: 0.0044, val_mae: 0.0668, val_mse: 0.0088, val_r2: -59.5641, val_cc: 0.3718
Epoch 48, trian_loss: 0.0031, trian_mae: 0.0574, trian_mse:0.0062, trian_r2: -56.2115, trian_cc: 0.4234
Epoch 48, val_loss: 0.0043, val_mae: 0.0672, val_mse: 0.0087, val_r2: -48.8989, val_cc: 0.3930
Epoch 49, trian_loss: 0.0031, trian_mae: 0.0577, trian_mse:0.0063, trian_r2: -53.3962, trian_cc: 0.4273
Epoch 49, val_loss: 0.0043, val_mae: 0.0659, val_mse: 0.0086, val_r2: -54.6826, val_cc: 0.3846
Epoch 50, trian_loss: 0.0031, trian_mae: 0.0576, trian_mse:0.0062, trian_r2: -50.4650, trian_cc: 0.4093
Epoch 50, val_loss: 0.0043, val_mae: 0.0668, val_mse: 0.0087, val_r2: -53.8430, val_cc: 0.3625
Epoch 51, trian_loss: 0.0030, trian_mae: 0.0571, trian_mse:0.0061, trian_r2: -42.9685, trian_cc: 0.4158
Epoch 51, val_loss: 0.0050, val_mae: 0.0743, val_mse: 0.0100, val_r2: -37.8240, val_cc: 0.4009
Epoch 52, trian_loss: 0.0030, trian_mae: 0.0572, trian_mse:0.0061, trian_r2: -38.3316, trian_cc: 0.4258
Epoch 52, val_loss: 0.0049, val_mae: 0.0730, val_mse: 0.0098, val_r2: -35.1108, val_cc: 0.3954
Epoch 53, trian_loss: 0.0030, trian_mae: 0.0574, trian_mse:0.0061, trian_r2: -42.4524, trian_cc: 0.4131
Epoch 53, val_loss: 0.0044, val_mae: 0.0679, val_mse: 0.0089, val_r2: -45.8698, val_cc: 0.3698
Epoch 54, trian_loss: 0.0030, trian_mae: 0.0568, trian_mse:0.0060, trian_r2: -40.9785, trian_cc: 0.4106
Epoch 54, val_loss: 0.0042, val_mae: 0.0658, val_mse: 0.0083, val_r2: -62.2659, val_cc: 0.3661
Epoch 55, trian_loss: 0.0030, trian_mae: 0.0569, trian_mse:0.0060, trian_r2: -41.3209, trian_cc: 0.4223
Epoch 55, val_loss: 0.0043, val_mae: 0.0664, val_mse: 0.0086, val_r2: -42.8406, val_cc: 0.3538
Epoch 56, trian_loss: 0.0029, trian_mae: 0.0563, trian_mse:0.0059, trian_r2: -42.0109, trian_cc: 0.4116
Epoch 56, val_loss: 0.0043, val_mae: 0.0660, val_mse: 0.0086, val_r2: -44.6159, val_cc: 0.3289
Epoch 57, trian_loss: 0.0029, trian_mae: 0.0565, trian_mse:0.0059, trian_r2: -44.7151, trian_cc: 0.4017
Epoch 57, val_loss: 0.0043, val_mae: 0.0670, val_mse: 0.0086, val_r2: -29.8476, val_cc: 0.3580
Epoch 58, trian_loss: 0.0029, trian_mae: 0.0561, trian_mse:0.0057, trian_r2: -39.9570, trian_cc: 0.4032
Epoch 58, val_loss: 0.0042, val_mae: 0.0658, val_mse: 0.0085, val_r2: -45.0350, val_cc: 0.3527
Epoch 59, trian_loss: 0.0028, trian_mae: 0.0558, trian_mse:0.0056, trian_r2: -34.8834, trian_cc: 0.4071
Epoch 59, val_loss: 0.0054, val_mae: 0.0727, val_mse: 0.0109, val_r2: -41.7563, val_cc: 0.3672
Epoch 60, trian_loss: 0.0029, trian_mae: 0.0559, trian_mse:0.0057, trian_r2: -42.4843, trian_cc: 0.4115
Epoch 60, val_loss: 0.0045, val_mae: 0.0671, val_mse: 0.0089, val_r2: -33.1100, val_cc: 0.3337
Epoch 61, trian_loss: 0.0028, trian_mae: 0.0558, trian_mse:0.0057, trian_r2: -38.9568, trian_cc: 0.3991
Epoch 61, val_loss: 0.0055, val_mae: 0.0726, val_mse: 0.0110, val_r2: -39.8104, val_cc: 0.3541
Epoch 62, trian_loss: 0.0028, trian_mae: 0.0556, trian_mse:0.0057, trian_r2: -37.2644, trian_cc: 0.4112
Epoch 62, val_loss: 0.0047, val_mae: 0.0691, val_mse: 0.0094, val_r2: -23.2406, val_cc: 0.3564
Epoch 63, trian_loss: 0.0029, trian_mae: 0.0563, trian_mse:0.0058, trian_r2: -36.8102, trian_cc: 0.4036
Epoch 63, val_loss: 0.0043, val_mae: 0.0648, val_mse: 0.0085, val_r2: -75.9364, val_cc: 0.3327
Epoch 64, trian_loss: 0.0029, trian_mae: 0.0563, trian_mse:0.0058, trian_r2: -34.8173, trian_cc: 0.4095
Epoch 64, val_loss: 0.0044, val_mae: 0.0671, val_mse: 0.0088, val_r2: -27.9413, val_cc: 0.3544
Epoch 65, trian_loss: 0.0028, trian_mae: 0.0555, trian_mse:0.0056, trian_r2: -36.4646, trian_cc: 0.4087
Epoch 65, val_loss: 0.0044, val_mae: 0.0646, val_mse: 0.0087, val_r2: -79.2721, val_cc: 0.3253
Epoch 66, trian_loss: 0.0027, trian_mae: 0.0550, trian_mse:0.0055, trian_r2: -31.4626, trian_cc: 0.4103
Epoch 66, val_loss: 0.0050, val_mae: 0.0704, val_mse: 0.0100, val_r2: -36.4568, val_cc: 0.3692
Epoch 67, trian_loss: 0.0027, trian_mae: 0.0549, trian_mse:0.0054, trian_r2: -33.3076, trian_cc: 0.4230
Epoch 67, val_loss: 0.0044, val_mae: 0.0650, val_mse: 0.0087, val_r2: -43.7960, val_cc: 0.3652
Epoch 68, trian_loss: 0.0027, trian_mae: 0.0549, trian_mse:0.0055, trian_r2: -33.5478, trian_cc: 0.4193
Epoch 68, val_loss: 0.0043, val_mae: 0.0659, val_mse: 0.0086, val_r2: -38.7409, val_cc: 0.3553
Epoch 69, trian_loss: 0.0026, trian_mae: 0.0544, trian_mse:0.0053, trian_r2: -32.9129, trian_cc: 0.4200
Epoch 69, val_loss: 0.0045, val_mae: 0.0685, val_mse: 0.0091, val_r2: -27.8455, val_cc: 0.3523
Epoch 70, trian_loss: 0.0026, trian_mae: 0.0540, trian_mse:0.0052, trian_r2: -29.1156, trian_cc: 0.4132
Epoch 70, val_loss: 0.0049, val_mae: 0.0692, val_mse: 0.0098, val_r2: -31.6399, val_cc: 0.3641
Epoch 71, trian_loss: 0.0027, trian_mae: 0.0544, trian_mse:0.0054, trian_r2: -35.2424, trian_cc: 0.4178
Epoch 71, val_loss: 0.0042, val_mae: 0.0644, val_mse: 0.0084, val_r2: -75.9456, val_cc: 0.3421
Epoch 72, trian_loss: 0.0027, trian_mae: 0.0546, trian_mse:0.0053, trian_r2: -34.4285, trian_cc: 0.4181
Epoch 72, val_loss: 0.0044, val_mae: 0.0667, val_mse: 0.0089, val_r2: -36.6128, val_cc: 0.3684
Epoch 73, trian_loss: 0.0027, trian_mae: 0.0546, trian_mse:0.0054, trian_r2: -32.2410, trian_cc: 0.4142
Epoch 73, val_loss: 0.0044, val_mae: 0.0676, val_mse: 0.0088, val_r2: -24.4864, val_cc: 0.3463
Epoch 74, trian_loss: 0.0026, trian_mae: 0.0541, trian_mse:0.0053, trian_r2: -25.7821, trian_cc: 0.4157
Epoch 74, val_loss: 0.0042, val_mae: 0.0644, val_mse: 0.0085, val_r2: -59.2527, val_cc: 0.3479
Epoch 75, trian_loss: 0.0026, trian_mae: 0.0540, trian_mse:0.0052, trian_r2: -30.3438, trian_cc: 0.4121
Epoch 75, val_loss: 0.0054, val_mae: 0.0717, val_mse: 0.0109, val_r2: -37.5676, val_cc: 0.3592
Epoch 76, trian_loss: 0.0028, trian_mae: 0.0545, trian_mse:0.0055, trian_r2: -30.7563, trian_cc: 0.4297
Epoch 76, val_loss: 0.0043, val_mae: 0.0656, val_mse: 0.0086, val_r2: -42.7560, val_cc: 0.3532
Epoch 77, trian_loss: 0.0025, trian_mae: 0.0534, trian_mse:0.0051, trian_r2: -28.0015, trian_cc: 0.4116
Epoch 77, val_loss: 0.0047, val_mae: 0.0686, val_mse: 0.0094, val_r2: -42.1357, val_cc: 0.3437
Epoch 78, trian_loss: 0.0025, trian_mae: 0.0535, trian_mse:0.0051, trian_r2: -29.1578, trian_cc: 0.4136
Epoch 78, val_loss: 0.0044, val_mae: 0.0654, val_mse: 0.0087, val_r2: -65.5523, val_cc: 0.3492
Epoch 79, trian_loss: 0.0026, trian_mae: 0.0537, trian_mse:0.0051, trian_r2: -27.8202, trian_cc: 0.4294
Epoch 79, val_loss: 0.0044, val_mae: 0.0649, val_mse: 0.0089, val_r2: -41.4238, val_cc: 0.3390
Epoch 80, trian_loss: 0.0027, trian_mae: 0.0540, trian_mse:0.0053, trian_r2: -30.8073, trian_cc: 0.4266
Epoch 80, val_loss: 0.0042, val_mae: 0.0653, val_mse: 0.0085, val_r2: -40.9740, val_cc: 0.3465
Epoch 81, trian_loss: 0.0025, trian_mae: 0.0532, trian_mse:0.0050, trian_r2: -26.1244, trian_cc: 0.4166
Epoch 81, val_loss: 0.0043, val_mae: 0.0660, val_mse: 0.0086, val_r2: -39.2863, val_cc: 0.3482
Epoch 82, trian_loss: 0.0027, trian_mae: 0.0546, trian_mse:0.0053, trian_r2: -28.6165, trian_cc: 0.4077
Epoch 82, val_loss: 0.0043, val_mae: 0.0684, val_mse: 0.0087, val_r2: -23.8340, val_cc: 0.3856
Epoch 83, trian_loss: 0.0026, trian_mae: 0.0539, trian_mse:0.0052, trian_r2: -27.5471, trian_cc: 0.4245
Epoch 83, val_loss: 0.0044, val_mae: 0.0666, val_mse: 0.0087, val_r2: -31.7167, val_cc: 0.3714
Epoch 84, trian_loss: 0.0024, trian_mae: 0.0525, trian_mse:0.0049, trian_r2: -26.7684, trian_cc: 0.4274
Epoch 84, val_loss: 0.0044, val_mae: 0.0641, val_mse: 0.0088, val_r2: -57.4014, val_cc: 0.3616
Epoch 85, trian_loss: 0.0029, trian_mae: 0.0545, trian_mse:0.0058, trian_r2: -28.1555, trian_cc: 0.4107
Epoch 85, val_loss: 0.0043, val_mae: 0.0652, val_mse: 0.0086, val_r2: -32.8425, val_cc: 0.3327
Epoch 86, trian_loss: 0.0025, trian_mae: 0.0529, trian_mse:0.0049, trian_r2: -21.7462, trian_cc: 0.4254
Epoch 86, val_loss: 0.0043, val_mae: 0.0651, val_mse: 0.0086, val_r2: -38.2052, val_cc: 0.3320
Epoch 87, trian_loss: 0.0024, trian_mae: 0.0521, trian_mse:0.0048, trian_r2: -24.0460, trian_cc: 0.4305
Epoch 87, val_loss: 0.0043, val_mae: 0.0646, val_mse: 0.0086, val_r2: -37.0937, val_cc: 0.3409
Epoch 88, trian_loss: 0.0025, trian_mae: 0.0527, trian_mse:0.0049, trian_r2: -22.6936, trian_cc: 0.4230
Epoch 88, val_loss: 0.0042, val_mae: 0.0647, val_mse: 0.0084, val_r2: -62.4418, val_cc: 0.3307
Epoch 89, trian_loss: 0.0025, trian_mae: 0.0530, trian_mse:0.0050, trian_r2: -26.0965, trian_cc: 0.4256
Epoch 89, val_loss: 0.0042, val_mae: 0.0651, val_mse: 0.0085, val_r2: -28.2459, val_cc: 0.3749
Epoch 90, trian_loss: 0.0025, trian_mae: 0.0529, trian_mse:0.0050, trian_r2: -23.5146, trian_cc: 0.4214
Epoch 90, val_loss: 0.0043, val_mae: 0.0640, val_mse: 0.0086, val_r2: -54.8847, val_cc: 0.3397
Epoch 91, trian_loss: 0.0026, trian_mae: 0.0538, trian_mse:0.0053, trian_r2: -22.4938, trian_cc: 0.4246
Epoch 91, val_loss: 0.0043, val_mae: 0.0653, val_mse: 0.0085, val_r2: -27.1878, val_cc: 0.3494
Epoch 92, trian_loss: 0.0024, trian_mae: 0.0524, trian_mse:0.0049, trian_r2: -21.2115, trian_cc: 0.4340
Epoch 92, val_loss: 0.0045, val_mae: 0.0661, val_mse: 0.0089, val_r2: -36.8012, val_cc: 0.3463
Epoch 93, trian_loss: 0.0024, trian_mae: 0.0520, trian_mse:0.0048, trian_r2: -22.9538, trian_cc: 0.4428
Epoch 93, val_loss: 0.0043, val_mae: 0.0639, val_mse: 0.0086, val_r2: -38.9033, val_cc: 0.3540
Epoch 94, trian_loss: 0.0025, trian_mae: 0.0532, trian_mse:0.0050, trian_r2: -25.4770, trian_cc: 0.4236
Epoch 94, val_loss: 0.0043, val_mae: 0.0668, val_mse: 0.0086, val_r2: -36.7895, val_cc: 0.3517
Epoch 95, trian_loss: 0.0025, trian_mae: 0.0531, trian_mse:0.0051, trian_r2: -26.2178, trian_cc: 0.4450
Epoch 95, val_loss: 0.0043, val_mae: 0.0642, val_mse: 0.0086, val_r2: -40.8887, val_cc: 0.3396
Epoch 96, trian_loss: 0.0025, trian_mae: 0.0525, trian_mse:0.0050, trian_r2: -19.8191, trian_cc: 0.4342
Epoch 96, val_loss: 0.0044, val_mae: 0.0656, val_mse: 0.0087, val_r2: -27.3465, val_cc: 0.3609
Epoch 97, trian_loss: 0.0023, trian_mae: 0.0513, trian_mse:0.0046, trian_r2: -21.3838, trian_cc: 0.4327
Epoch 97, val_loss: 0.0042, val_mae: 0.0642, val_mse: 0.0084, val_r2: -49.8200, val_cc: 0.3497
Epoch 98, trian_loss: 0.0024, trian_mae: 0.0519, trian_mse:0.0048, trian_r2: -22.5375, trian_cc: 0.4456
Epoch 98, val_loss: 0.0045, val_mae: 0.0643, val_mse: 0.0091, val_r2: -90.9215, val_cc: 0.3168
Epoch 99, trian_loss: 0.0025, trian_mae: 0.0527, trian_mse:0.0050, trian_r2: -20.9171, trian_cc: 0.4316
Epoch 99, val_loss: 0.0046, val_mae: 0.0665, val_mse: 0.0092, val_r2: -31.4244, val_cc: 0.3367
