Trian Data: 515   Validation Data: 172  Test Data: 172
model ResNet_2D(
  (conv1): Sequential(
    (0): Conv2d(138, 64, kernel_size=(3, 3), stride=(1, 1), padding=(1, 1), bias=False)
    (1): BatchNorm2d(64, eps=1e-05, momentum=0.1, affine=True, track_running_stats=True)
  )
  (layer1): Sequential(
    (0): BasicBlock(
      (conv1): Conv2d(64, 64, kernel_size=(3, 3), stride=(1, 1), padding=(1, 1), bias=False)
      (bn1): BatchNorm2d(64, eps=1e-05, momentum=0.1, affine=True, track_running_stats=True)
      (conv2): Conv2d(64, 64, kernel_size=(3, 3), stride=(1, 1), padding=(1, 1), bias=False)
      (bn2): BatchNorm2d(64, eps=1e-05, momentum=0.1, affine=True, track_running_stats=True)
      (shortcut): Sequential()
    )
    (1): BasicBlock(
      (conv1): Conv2d(64, 64, kernel_size=(3, 3), stride=(1, 1), padding=(1, 1), bias=False)
      (bn1): BatchNorm2d(64, eps=1e-05, momentum=0.1, affine=True, track_running_stats=True)
      (conv2): Conv2d(64, 64, kernel_size=(3, 3), stride=(1, 1), padding=(1, 1), bias=False)
      (bn2): BatchNorm2d(64, eps=1e-05, momentum=0.1, affine=True, track_running_stats=True)
      (shortcut): Sequential()
    )
  )
  (layer2): Sequential(
    (0): BasicBlock(
      (conv1): Conv2d(64, 64, kernel_size=(3, 3), stride=(1, 1), padding=(1, 1), bias=False)
      (bn1): BatchNorm2d(64, eps=1e-05, momentum=0.1, affine=True, track_running_stats=True)
      (conv2): Conv2d(64, 64, kernel_size=(3, 3), stride=(1, 1), padding=(1, 1), bias=False)
      (bn2): BatchNorm2d(64, eps=1e-05, momentum=0.1, affine=True, track_running_stats=True)
      (shortcut): Sequential()
    )
    (1): BasicBlock(
      (conv1): Conv2d(64, 64, kernel_size=(3, 3), stride=(1, 1), padding=(1, 1), bias=False)
      (bn1): BatchNorm2d(64, eps=1e-05, momentum=0.1, affine=True, track_running_stats=True)
      (conv2): Conv2d(64, 64, kernel_size=(3, 3), stride=(1, 1), padding=(1, 1), bias=False)
      (bn2): BatchNorm2d(64, eps=1e-05, momentum=0.1, affine=True, track_running_stats=True)
      (shortcut): Sequential()
    )
  )
  (layer3): Sequential(
    (0): BasicBlock(
      (conv1): Conv2d(64, 64, kernel_size=(3, 3), stride=(1, 1), padding=(1, 1), bias=False)
      (bn1): BatchNorm2d(64, eps=1e-05, momentum=0.1, affine=True, track_running_stats=True)
      (conv2): Conv2d(64, 64, kernel_size=(3, 3), stride=(1, 1), padding=(1, 1), bias=False)
      (bn2): BatchNorm2d(64, eps=1e-05, momentum=0.1, affine=True, track_running_stats=True)
      (shortcut): Sequential()
    )
    (1): BasicBlock(
      (conv1): Conv2d(64, 64, kernel_size=(3, 3), stride=(1, 1), padding=(1, 1), bias=False)
      (bn1): BatchNorm2d(64, eps=1e-05, momentum=0.1, affine=True, track_running_stats=True)
      (conv2): Conv2d(64, 64, kernel_size=(3, 3), stride=(1, 1), padding=(1, 1), bias=False)
      (bn2): BatchNorm2d(64, eps=1e-05, momentum=0.1, affine=True, track_running_stats=True)
      (shortcut): Sequential()
    )
  )
  (layer4): Sequential(
    (0): BasicBlock(
      (conv1): Conv2d(64, 64, kernel_size=(3, 3), stride=(1, 1), padding=(1, 1), bias=False)
      (bn1): BatchNorm2d(64, eps=1e-05, momentum=0.1, affine=True, track_running_stats=True)
      (conv2): Conv2d(64, 64, kernel_size=(3, 3), stride=(1, 1), padding=(1, 1), bias=False)
      (bn2): BatchNorm2d(64, eps=1e-05, momentum=0.1, affine=True, track_running_stats=True)
      (shortcut): Sequential()
    )
    (1): BasicBlock(
      (conv1): Conv2d(64, 64, kernel_size=(3, 3), stride=(1, 1), padding=(1, 1), bias=False)
      (bn1): BatchNorm2d(64, eps=1e-05, momentum=0.1, affine=True, track_running_stats=True)
      (conv2): Conv2d(64, 64, kernel_size=(3, 3), stride=(1, 1), padding=(1, 1), bias=False)
      (bn2): BatchNorm2d(64, eps=1e-05, momentum=0.1, affine=True, track_running_stats=True)
      (shortcut): Sequential()
    )
    (2): BasicBlock(
      (conv1): Conv2d(64, 64, kernel_size=(3, 3), stride=(1, 1), padding=(1, 1), bias=False)
      (bn1): BatchNorm2d(64, eps=1e-05, momentum=0.1, affine=True, track_running_stats=True)
      (conv2): Conv2d(64, 64, kernel_size=(3, 3), stride=(1, 1), padding=(1, 1), bias=False)
      (bn2): BatchNorm2d(64, eps=1e-05, momentum=0.1, affine=True, track_running_stats=True)
      (shortcut): Sequential()
    )
  )
  (conv2): Sequential(
    (0): Conv2d(64, 32, kernel_size=(3, 3), stride=(1, 1), padding=(1, 1))
    (1): BatchNorm2d(32, eps=1e-05, momentum=0.1, affine=True, track_running_stats=True)
  )
  (conv3): Sequential(
    (0): Conv2d(32, 16, kernel_size=(3, 3), stride=(1, 1), padding=(1, 1))
    (1): BatchNorm2d(16, eps=1e-05, momentum=0.1, affine=True, track_running_stats=True)
  )
  (conv4): Sequential(
    (0): Conv2d(16, 1, kernel_size=(3, 3), stride=(1, 1), padding=(1, 1))
    (1): BatchNorm2d(1, eps=1e-05, momentum=0.1, affine=True, track_running_stats=True)
  )
)
Epoch  0, trian_loss: 0.0145, trian_mae: 0.0978, trian_mse:0.0293, trian_r2: -10.1863, trian_cc: 0.2488
Epoch  0, val_loss: 0.0062, val_mae: 0.0827, val_mse: 0.0123, val_r2: -42.0904, val_cc: 0.2604
Epoch  1, trian_loss: 0.0064, trian_mae: 0.0761, trian_mse:0.0128, trian_r2: -733.1075, trian_cc: -0.0518
Epoch  1, val_loss: 0.0051, val_mae: 0.0755, val_mse: 0.0103, val_r2: -697.2302, val_cc: -0.0538
Epoch  2, trian_loss: 0.0045, trian_mae: 0.0679, trian_mse:0.0090, trian_r2: -1181.9496, trian_cc: -0.0447
Epoch  2, val_loss: 0.0050, val_mae: 0.0739, val_mse: 0.0101, val_r2: -2028.7561, val_cc: -0.0527
Epoch  3, trian_loss: 0.0044, trian_mae: 0.0672, trian_mse:0.0088, trian_r2: -1915.8093, trian_cc: -0.0202
Epoch  3, val_loss: 0.0048, val_mae: 0.0715, val_mse: 0.0097, val_r2: -1748.8575, val_cc: -0.0141
Epoch  4, trian_loss: 0.0043, trian_mae: 0.0668, trian_mse:0.0087, trian_r2: -2173.8669, trian_cc: -0.0232
Epoch  4, val_loss: 0.0049, val_mae: 0.0731, val_mse: 0.0097, val_r2: -1803.9897, val_cc: -0.0391
Epoch  5, trian_loss: 0.0043, trian_mae: 0.0667, trian_mse:0.0086, trian_r2: -3243.2447, trian_cc: -0.0222
Epoch  5, val_loss: 0.0048, val_mae: 0.0722, val_mse: 0.0096, val_r2: -2486.8496, val_cc: -0.0363
Epoch  6, trian_loss: 0.0044, trian_mae: 0.0670, trian_mse:0.0087, trian_r2: -2407.7744, trian_cc: 0.0011
Epoch  6, val_loss: 0.0049, val_mae: 0.0739, val_mse: 0.0098, val_r2: -3917.6301, val_cc: -0.0553
Epoch  7, trian_loss: 0.0043, trian_mae: 0.0667, trian_mse:0.0086, trian_r2: -3957.4798, trian_cc: 0.0095
Epoch  7, val_loss: 0.0048, val_mae: 0.0727, val_mse: 0.0097, val_r2: -5240.9522, val_cc: -0.0096
Epoch  8, trian_loss: 0.0043, trian_mae: 0.0666, trian_mse:0.0086, trian_r2: -5044.8379, trian_cc: 0.0147
Epoch  8, val_loss: 0.0048, val_mae: 0.0719, val_mse: 0.0096, val_r2: -5513.1264, val_cc: -0.0004
Epoch  9, trian_loss: 0.0043, trian_mae: 0.0666, trian_mse:0.0086, trian_r2: -8680.4281, trian_cc: 0.0217
Epoch  9, val_loss: 0.0048, val_mae: 0.0722, val_mse: 0.0096, val_r2: -5737.7580, val_cc: 0.0117
Epoch 10, trian_loss: 0.0043, trian_mae: 0.0666, trian_mse:0.0086, trian_r2: -7122.3420, trian_cc: 0.0360
Epoch 10, val_loss: 0.0048, val_mae: 0.0716, val_mse: 0.0096, val_r2: -3797.0905, val_cc: 0.0285
Epoch 11, trian_loss: 0.0043, trian_mae: 0.0666, trian_mse:0.0086, trian_r2: -5162.4661, trian_cc: 0.0547
Epoch 11, val_loss: 0.0048, val_mae: 0.0717, val_mse: 0.0096, val_r2: -5818.2852, val_cc: 0.0527
Epoch 12, trian_loss: 0.0043, trian_mae: 0.0668, trian_mse:0.0086, trian_r2: -4925.8076, trian_cc: 0.0662
Epoch 12, val_loss: 0.0049, val_mae: 0.0714, val_mse: 0.0097, val_r2: -7445.5651, val_cc: 0.0379
Epoch 13, trian_loss: 0.0043, trian_mae: 0.0664, trian_mse:0.0085, trian_r2: -4036.2983, trian_cc: 0.0861
Epoch 13, val_loss: 0.0048, val_mae: 0.0714, val_mse: 0.0096, val_r2: -3125.8538, val_cc: 0.0946
Epoch 14, trian_loss: 0.0043, trian_mae: 0.0663, trian_mse:0.0086, trian_r2: -3383.1323, trian_cc: 0.0917
Epoch 14, val_loss: 0.0048, val_mae: 0.0707, val_mse: 0.0096, val_r2: -1783.5438, val_cc: 0.0988
Epoch 15, trian_loss: 0.0043, trian_mae: 0.0664, trian_mse:0.0085, trian_r2: -2718.1206, trian_cc: 0.0899
Epoch 15, val_loss: 0.0048, val_mae: 0.0713, val_mse: 0.0096, val_r2: -4079.2223, val_cc: 0.0881
Epoch 16, trian_loss: 0.0043, trian_mae: 0.0665, trian_mse:0.0086, trian_r2: -4216.5584, trian_cc: 0.0867
Epoch 16, val_loss: 0.0048, val_mae: 0.0709, val_mse: 0.0097, val_r2: -4694.3563, val_cc: 0.0918
Epoch 17, trian_loss: 0.0043, trian_mae: 0.0663, trian_mse:0.0085, trian_r2: -2838.4014, trian_cc: 0.0952
Epoch 17, val_loss: 0.0048, val_mae: 0.0711, val_mse: 0.0096, val_r2: -2144.7852, val_cc: 0.1000
Epoch 18, trian_loss: 0.0043, trian_mae: 0.0665, trian_mse:0.0086, trian_r2: -3153.9427, trian_cc: 0.0974
Epoch 18, val_loss: 0.0048, val_mae: 0.0707, val_mse: 0.0096, val_r2: -3497.0057, val_cc: 0.1002
Epoch 19, trian_loss: 0.0043, trian_mae: 0.0663, trian_mse:0.0085, trian_r2: -3650.8275, trian_cc: 0.0970
Epoch 19, val_loss: 0.0048, val_mae: 0.0704, val_mse: 0.0096, val_r2: -2347.3063, val_cc: 0.1031
Epoch 20, trian_loss: 0.0043, trian_mae: 0.0662, trian_mse:0.0085, trian_r2: -2887.6422, trian_cc: 0.1042
Epoch 20, val_loss: 0.0048, val_mae: 0.0704, val_mse: 0.0096, val_r2: -2643.0599, val_cc: 0.1050
Epoch 21, trian_loss: 0.0043, trian_mae: 0.0662, trian_mse:0.0085, trian_r2: -2894.5701, trian_cc: 0.1009
Epoch 21, val_loss: 0.0048, val_mae: 0.0710, val_mse: 0.0097, val_r2: -2781.6936, val_cc: 0.1002
Epoch 22, trian_loss: 0.0043, trian_mae: 0.0663, trian_mse:0.0085, trian_r2: -2829.9240, trian_cc: 0.0889
Epoch 22, val_loss: 0.0048, val_mae: 0.0704, val_mse: 0.0097, val_r2: -3071.3905, val_cc: 0.0953
Epoch 23, trian_loss: 0.0043, trian_mae: 0.0662, trian_mse:0.0085, trian_r2: -2787.5037, trian_cc: 0.1001
Epoch 23, val_loss: 0.0048, val_mae: 0.0705, val_mse: 0.0096, val_r2: -2591.0585, val_cc: 0.1012
Epoch 24, trian_loss: 0.0042, trian_mae: 0.0661, trian_mse:0.0085, trian_r2: -2363.1521, trian_cc: 0.1058
Epoch 24, val_loss: 0.0048, val_mae: 0.0699, val_mse: 0.0097, val_r2: -2776.3234, val_cc: 0.1013
Epoch 25, trian_loss: 0.0042, trian_mae: 0.0661, trian_mse:0.0085, trian_r2: -2142.2168, trian_cc: 0.1075
Epoch 25, val_loss: 0.0048, val_mae: 0.0702, val_mse: 0.0097, val_r2: -2754.7480, val_cc: 0.1043
Epoch 26, trian_loss: 0.0042, trian_mae: 0.0660, trian_mse:0.0085, trian_r2: -2951.5171, trian_cc: 0.1091
Epoch 26, val_loss: 0.0048, val_mae: 0.0699, val_mse: 0.0096, val_r2: -2229.1199, val_cc: 0.1132
Epoch 27, trian_loss: 0.0042, trian_mae: 0.0661, trian_mse:0.0085, trian_r2: -2105.9966, trian_cc: 0.1102
Epoch 27, val_loss: 0.0048, val_mae: 0.0705, val_mse: 0.0096, val_r2: -2944.4363, val_cc: 0.1029
Epoch 28, trian_loss: 0.0042, trian_mae: 0.0661, trian_mse:0.0085, trian_r2: -2829.7393, trian_cc: 0.1080
Epoch 28, val_loss: 0.0048, val_mae: 0.0698, val_mse: 0.0097, val_r2: -2335.3868, val_cc: 0.1093
Epoch 29, trian_loss: 0.0042, trian_mae: 0.0660, trian_mse:0.0085, trian_r2: -1798.7214, trian_cc: 0.1071
Epoch 29, val_loss: 0.0048, val_mae: 0.0702, val_mse: 0.0097, val_r2: -1832.0506, val_cc: 0.1102
Epoch 30, trian_loss: 0.0043, trian_mae: 0.0662, trian_mse:0.0085, trian_r2: -1799.7493, trian_cc: 0.1059
Epoch 30, val_loss: 0.0048, val_mae: 0.0703, val_mse: 0.0097, val_r2: -2010.5907, val_cc: 0.1115
Epoch 31, trian_loss: 0.0042, trian_mae: 0.0662, trian_mse:0.0085, trian_r2: -1967.2276, trian_cc: 0.1084
Epoch 31, val_loss: 0.0048, val_mae: 0.0699, val_mse: 0.0097, val_r2: -2400.4612, val_cc: 0.1082
Epoch 32, trian_loss: 0.0042, trian_mae: 0.0660, trian_mse:0.0085, trian_r2: -1657.4013, trian_cc: 0.1107
Epoch 32, val_loss: 0.0048, val_mae: 0.0699, val_mse: 0.0096, val_r2: -2229.5743, val_cc: 0.1123
Epoch 33, trian_loss: 0.0042, trian_mae: 0.0661, trian_mse:0.0085, trian_r2: -1772.9783, trian_cc: 0.1190
Epoch 33, val_loss: 0.0048, val_mae: 0.0700, val_mse: 0.0097, val_r2: -1780.3506, val_cc: 0.1039
Epoch 34, trian_loss: 0.0042, trian_mae: 0.0659, trian_mse:0.0085, trian_r2: -1583.2533, trian_cc: 0.1275
Epoch 34, val_loss: 0.0048, val_mae: 0.0690, val_mse: 0.0095, val_r2: -2050.1939, val_cc: 0.2094
Epoch 35, trian_loss: 0.0041, trian_mae: 0.0652, trian_mse:0.0083, trian_r2: -1248.3504, trian_cc: 0.2107
Epoch 35, val_loss: 0.0044, val_mae: 0.0671, val_mse: 0.0088, val_r2: -1455.9942, val_cc: 0.3362
Epoch 36, trian_loss: 0.0040, trian_mae: 0.0641, trian_mse:0.0080, trian_r2: -1482.9824, trian_cc: 0.3206
Epoch 36, val_loss: 0.0046, val_mae: 0.0700, val_mse: 0.0092, val_r2: -1143.3303, val_cc: 0.2525
Epoch 37, trian_loss: 0.0039, trian_mae: 0.0637, trian_mse:0.0079, trian_r2: -791.5210, trian_cc: 0.3421
Epoch 37, val_loss: 0.0044, val_mae: 0.0658, val_mse: 0.0089, val_r2: -498.7950, val_cc: 0.3757
Epoch 38, trian_loss: 0.0039, trian_mae: 0.0634, trian_mse:0.0079, trian_r2: -779.4414, trian_cc: 0.3522
Epoch 38, val_loss: 0.0046, val_mae: 0.0664, val_mse: 0.0092, val_r2: -232.5881, val_cc: 0.2629
Epoch 39, trian_loss: 0.0040, trian_mae: 0.0642, trian_mse:0.0079, trian_r2: -944.9732, trian_cc: 0.3470
Epoch 39, val_loss: 0.0044, val_mae: 0.0662, val_mse: 0.0088, val_r2: -1811.0645, val_cc: 0.3575
Epoch 40, trian_loss: 0.0041, trian_mae: 0.0649, trian_mse:0.0081, trian_r2: -1334.6627, trian_cc: 0.2810
Epoch 40, val_loss: 0.0050, val_mae: 0.0676, val_mse: 0.0101, val_r2: -185.8853, val_cc: 0.2945
Epoch 41, trian_loss: 0.0040, trian_mae: 0.0651, trian_mse:0.0081, trian_r2: -1507.7351, trian_cc: 0.2979
Epoch 41, val_loss: 0.0044, val_mae: 0.0668, val_mse: 0.0088, val_r2: -704.5287, val_cc: 0.3750
Epoch 42, trian_loss: 0.0039, trian_mae: 0.0630, trian_mse:0.0078, trian_r2: -602.5096, trian_cc: 0.3726
Epoch 42, val_loss: 0.0043, val_mae: 0.0645, val_mse: 0.0086, val_r2: -155.5617, val_cc: 0.3439
Epoch 43, trian_loss: 0.0039, trian_mae: 0.0637, trian_mse:0.0079, trian_r2: -875.3765, trian_cc: 0.3412
Epoch 43, val_loss: 0.0048, val_mae: 0.0666, val_mse: 0.0097, val_r2: -193.0614, val_cc: 0.3647
Epoch 44, trian_loss: 0.0039, trian_mae: 0.0636, trian_mse:0.0078, trian_r2: -969.2505, trian_cc: 0.3658
Epoch 44, val_loss: 0.0043, val_mae: 0.0645, val_mse: 0.0086, val_r2: -259.1244, val_cc: 0.3980
Epoch 45, trian_loss: 0.0039, trian_mae: 0.0635, trian_mse:0.0078, trian_r2: -856.8216, trian_cc: 0.3628
Epoch 45, val_loss: 0.0044, val_mae: 0.0661, val_mse: 0.0087, val_r2: -698.4064, val_cc: 0.3988
Epoch 46, trian_loss: 0.0039, trian_mae: 0.0636, trian_mse:0.0078, trian_r2: -612.1621, trian_cc: 0.3560
Epoch 46, val_loss: 0.0044, val_mae: 0.0661, val_mse: 0.0089, val_r2: -364.0548, val_cc: 0.3589
Epoch 47, trian_loss: 0.0040, trian_mae: 0.0645, trian_mse:0.0080, trian_r2: -938.3229, trian_cc: 0.3615
Epoch 47, val_loss: 0.0044, val_mae: 0.0664, val_mse: 0.0087, val_r2: -1540.8355, val_cc: 0.4005
Epoch 48, trian_loss: 0.0039, trian_mae: 0.0632, trian_mse:0.0078, trian_r2: -886.6762, trian_cc: 0.3836
Epoch 48, val_loss: 0.0046, val_mae: 0.0728, val_mse: 0.0091, val_r2: -1248.2533, val_cc: 0.3823
Epoch 49, trian_loss: 0.0038, trian_mae: 0.0625, trian_mse:0.0076, trian_r2: -714.2909, trian_cc: 0.4157
Epoch 49, val_loss: 0.0044, val_mae: 0.0662, val_mse: 0.0087, val_r2: -338.6329, val_cc: 0.4036
Epoch 50, trian_loss: 0.0039, trian_mae: 0.0635, trian_mse:0.0078, trian_r2: -782.0914, trian_cc: 0.3931
Epoch 50, val_loss: 0.0046, val_mae: 0.0653, val_mse: 0.0091, val_r2: -234.6259, val_cc: 0.4182
Epoch 51, trian_loss: 0.0039, trian_mae: 0.0641, trian_mse:0.0079, trian_r2: -996.4485, trian_cc: 0.3615
Epoch 51, val_loss: 0.0043, val_mae: 0.0657, val_mse: 0.0087, val_r2: -854.3512, val_cc: 0.4018
Epoch 52, trian_loss: 0.0039, trian_mae: 0.0631, trian_mse:0.0077, trian_r2: -581.6964, trian_cc: 0.3836
Epoch 52, val_loss: 0.0046, val_mae: 0.0683, val_mse: 0.0091, val_r2: -350.7236, val_cc: 0.2355
Epoch 53, trian_loss: 0.0039, trian_mae: 0.0630, trian_mse:0.0078, trian_r2: -586.8102, trian_cc: 0.4040
Epoch 53, val_loss: 0.0043, val_mae: 0.0668, val_mse: 0.0086, val_r2: -846.1921, val_cc: 0.4234
Epoch 54, trian_loss: 0.0038, trian_mae: 0.0627, trian_mse:0.0076, trian_r2: -648.6693, trian_cc: 0.4254
Epoch 54, val_loss: 0.0045, val_mae: 0.0658, val_mse: 0.0090, val_r2: -178.5897, val_cc: 0.3499
Epoch 55, trian_loss: 0.0038, trian_mae: 0.0631, trian_mse:0.0077, trian_r2: -649.9744, trian_cc: 0.4149
Epoch 55, val_loss: 0.0043, val_mae: 0.0680, val_mse: 0.0085, val_r2: -606.5938, val_cc: 0.4352
Epoch 56, trian_loss: 0.0038, trian_mae: 0.0626, trian_mse:0.0076, trian_r2: -576.9121, trian_cc: 0.4192
Epoch 56, val_loss: 0.0043, val_mae: 0.0651, val_mse: 0.0086, val_r2: -559.6835, val_cc: 0.4351
Epoch 57, trian_loss: 0.0039, trian_mae: 0.0634, trian_mse:0.0078, trian_r2: -799.5444, trian_cc: 0.3740
Epoch 57, val_loss: 0.0043, val_mae: 0.0652, val_mse: 0.0086, val_r2: -360.7491, val_cc: 0.4297
Epoch 58, trian_loss: 0.0039, trian_mae: 0.0634, trian_mse:0.0078, trian_r2: -671.3009, trian_cc: 0.3925
Epoch 58, val_loss: 0.0044, val_mae: 0.0655, val_mse: 0.0089, val_r2: -411.1078, val_cc: 0.4023
Epoch 59, trian_loss: 0.0038, trian_mae: 0.0636, trian_mse:0.0077, trian_r2: -506.4757, trian_cc: 0.3834
Epoch 59, val_loss: 0.0043, val_mae: 0.0649, val_mse: 0.0086, val_r2: -195.1463, val_cc: 0.4232
Epoch 60, trian_loss: 0.0037, trian_mae: 0.0619, trian_mse:0.0075, trian_r2: -449.4232, trian_cc: 0.4412
Epoch 60, val_loss: 0.0043, val_mae: 0.0648, val_mse: 0.0086, val_r2: -297.2875, val_cc: 0.4367
Epoch 61, trian_loss: 0.0037, trian_mae: 0.0617, trian_mse:0.0074, trian_r2: -330.8443, trian_cc: 0.4386
Epoch 61, val_loss: 0.0042, val_mae: 0.0658, val_mse: 0.0085, val_r2: -224.7242, val_cc: 0.4355
Epoch 62, trian_loss: 0.0038, trian_mae: 0.0625, trian_mse:0.0076, trian_r2: -414.9672, trian_cc: 0.4310
Epoch 62, val_loss: 0.0043, val_mae: 0.0651, val_mse: 0.0085, val_r2: -239.1979, val_cc: 0.4243
Epoch 63, trian_loss: 0.0038, trian_mae: 0.0626, trian_mse:0.0075, trian_r2: -274.7954, trian_cc: 0.4426
Epoch 63, val_loss: 0.0042, val_mae: 0.0663, val_mse: 0.0084, val_r2: -234.6410, val_cc: 0.4429
Epoch 64, trian_loss: 0.0037, trian_mae: 0.0618, trian_mse:0.0073, trian_r2: -174.1892, trian_cc: 0.4335
Epoch 64, val_loss: 0.0043, val_mae: 0.0659, val_mse: 0.0087, val_r2: -68.0877, val_cc: 0.3957
Epoch 65, trian_loss: 0.0038, trian_mae: 0.0626, trian_mse:0.0076, trian_r2: -521.8510, trian_cc: 0.4203
Epoch 65, val_loss: 0.0043, val_mae: 0.0664, val_mse: 0.0086, val_r2: -693.8880, val_cc: 0.4219
Epoch 66, trian_loss: 0.0037, trian_mae: 0.0620, trian_mse:0.0074, trian_r2: -435.7999, trian_cc: 0.4332
Epoch 66, val_loss: 0.0042, val_mae: 0.0664, val_mse: 0.0085, val_r2: -442.8982, val_cc: 0.4352
Epoch 67, trian_loss: 0.0038, trian_mae: 0.0626, trian_mse:0.0076, trian_r2: -411.7022, trian_cc: 0.3913
Epoch 67, val_loss: 0.0045, val_mae: 0.0656, val_mse: 0.0090, val_r2: -141.7469, val_cc: 0.3979
Epoch 68, trian_loss: 0.0038, trian_mae: 0.0631, trian_mse:0.0077, trian_r2: -501.3952, trian_cc: 0.3973
Epoch 68, val_loss: 0.0044, val_mae: 0.0656, val_mse: 0.0088, val_r2: -543.5463, val_cc: 0.4032
Epoch 69, trian_loss: 0.0037, trian_mae: 0.0618, trian_mse:0.0074, trian_r2: -769.6693, trian_cc: 0.4291
Epoch 69, val_loss: 0.0045, val_mae: 0.0655, val_mse: 0.0089, val_r2: -187.6746, val_cc: 0.4149
Epoch 70, trian_loss: 0.0037, trian_mae: 0.0617, trian_mse:0.0074, trian_r2: -788.8208, trian_cc: 0.4308
Epoch 70, val_loss: 0.0042, val_mae: 0.0655, val_mse: 0.0085, val_r2: -577.3846, val_cc: 0.4284
Epoch 71, trian_loss: 0.0037, trian_mae: 0.0618, trian_mse:0.0074, trian_r2: -257.0448, trian_cc: 0.4366
Epoch 71, val_loss: 0.0043, val_mae: 0.0666, val_mse: 0.0086, val_r2: -604.2027, val_cc: 0.4255
Epoch 72, trian_loss: 0.0037, trian_mae: 0.0617, trian_mse:0.0074, trian_r2: -438.4333, trian_cc: 0.4402
Epoch 72, val_loss: 0.0042, val_mae: 0.0662, val_mse: 0.0083, val_r2: -357.1812, val_cc: 0.4490
Epoch 73, trian_loss: 0.0037, trian_mae: 0.0620, trian_mse:0.0074, trian_r2: -374.3140, trian_cc: 0.4263
Epoch 73, val_loss: 0.0043, val_mae: 0.0660, val_mse: 0.0085, val_r2: -641.5090, val_cc: 0.3778
Epoch 74, trian_loss: 0.0036, trian_mae: 0.0612, trian_mse:0.0073, trian_r2: -525.7029, trian_cc: 0.4432
Epoch 74, val_loss: 0.0042, val_mae: 0.0659, val_mse: 0.0084, val_r2: -606.1111, val_cc: 0.4402
Epoch 75, trian_loss: 0.0037, trian_mae: 0.0620, trian_mse:0.0074, trian_r2: -491.7685, trian_cc: 0.4385
Epoch 75, val_loss: 0.0042, val_mae: 0.0657, val_mse: 0.0084, val_r2: -442.4026, val_cc: 0.4433
Epoch 76, trian_loss: 0.0037, trian_mae: 0.0621, trian_mse:0.0075, trian_r2: -271.3002, trian_cc: 0.4268
Epoch 76, val_loss: 0.0042, val_mae: 0.0648, val_mse: 0.0084, val_r2: -184.4212, val_cc: 0.4238
Epoch 77, trian_loss: 0.0037, trian_mae: 0.0616, trian_mse:0.0074, trian_r2: -317.1316, trian_cc: 0.4428
Epoch 77, val_loss: 0.0042, val_mae: 0.0665, val_mse: 0.0084, val_r2: -569.4966, val_cc: 0.4302
Epoch 78, trian_loss: 0.0037, trian_mae: 0.0621, trian_mse:0.0074, trian_r2: -425.1896, trian_cc: 0.4361
Epoch 78, val_loss: 0.0043, val_mae: 0.0644, val_mse: 0.0086, val_r2: -167.8360, val_cc: 0.4432
Epoch 79, trian_loss: 0.0037, trian_mae: 0.0615, trian_mse:0.0073, trian_r2: -430.1922, trian_cc: 0.4388
Epoch 79, val_loss: 0.0043, val_mae: 0.0647, val_mse: 0.0085, val_r2: -106.9470, val_cc: 0.4395
Epoch 80, trian_loss: 0.0037, trian_mae: 0.0618, trian_mse:0.0074, trian_r2: -399.2615, trian_cc: 0.4364
Epoch 80, val_loss: 0.0041, val_mae: 0.0650, val_mse: 0.0082, val_r2: -161.0353, val_cc: 0.4507
Epoch 81, trian_loss: 0.0037, trian_mae: 0.0618, trian_mse:0.0073, trian_r2: -192.7324, trian_cc: 0.4368
Epoch 81, val_loss: 0.0042, val_mae: 0.0652, val_mse: 0.0083, val_r2: -171.6807, val_cc: 0.4401
Epoch 82, trian_loss: 0.0036, trian_mae: 0.0610, trian_mse:0.0073, trian_r2: -272.7117, trian_cc: 0.4425
Epoch 82, val_loss: 0.0042, val_mae: 0.0646, val_mse: 0.0084, val_r2: -149.3746, val_cc: 0.4366
Epoch 83, trian_loss: 0.0036, trian_mae: 0.0613, trian_mse:0.0072, trian_r2: -209.4419, trian_cc: 0.4403
Epoch 83, val_loss: 0.0042, val_mae: 0.0645, val_mse: 0.0084, val_r2: -136.5989, val_cc: 0.4330
Epoch 84, trian_loss: 0.0036, trian_mae: 0.0611, trian_mse:0.0072, trian_r2: -232.2956, trian_cc: 0.4580
Epoch 84, val_loss: 0.0042, val_mae: 0.0649, val_mse: 0.0084, val_r2: -118.4519, val_cc: 0.4500
Epoch 85, trian_loss: 0.0036, trian_mae: 0.0613, trian_mse:0.0073, trian_r2: -177.2735, trian_cc: 0.4337
Epoch 85, val_loss: 0.0042, val_mae: 0.0648, val_mse: 0.0084, val_r2: -131.5563, val_cc: 0.4410
Epoch 86, trian_loss: 0.0037, trian_mae: 0.0614, trian_mse:0.0073, trian_r2: -182.1176, trian_cc: 0.4495
Epoch 86, val_loss: 0.0042, val_mae: 0.0645, val_mse: 0.0083, val_r2: -103.5405, val_cc: 0.4648
Epoch 87, trian_loss: 0.0036, trian_mae: 0.0615, trian_mse:0.0073, trian_r2: -189.4497, trian_cc: 0.4396
Epoch 87, val_loss: 0.0042, val_mae: 0.0642, val_mse: 0.0084, val_r2: -120.9999, val_cc: 0.4372
Epoch 88, trian_loss: 0.0036, trian_mae: 0.0606, trian_mse:0.0071, trian_r2: -111.4244, trian_cc: 0.4474
Epoch 88, val_loss: 0.0041, val_mae: 0.0652, val_mse: 0.0083, val_r2: -109.2104, val_cc: 0.4416
Epoch 89, trian_loss: 0.0036, trian_mae: 0.0606, trian_mse:0.0071, trian_r2: -129.8808, trian_cc: 0.4439
Epoch 89, val_loss: 0.0042, val_mae: 0.0649, val_mse: 0.0084, val_r2: -69.7047, val_cc: 0.4447
Epoch 90, trian_loss: 0.0036, trian_mae: 0.0613, trian_mse:0.0073, trian_r2: -105.5803, trian_cc: 0.4356
Epoch 90, val_loss: 0.0042, val_mae: 0.0670, val_mse: 0.0084, val_r2: -129.7473, val_cc: 0.3743
Epoch 91, trian_loss: 0.0036, trian_mae: 0.0610, trian_mse:0.0072, trian_r2: -251.7979, trian_cc: 0.4495
Epoch 91, val_loss: 0.0042, val_mae: 0.0665, val_mse: 0.0083, val_r2: -154.6945, val_cc: 0.4323
Epoch 92, trian_loss: 0.0036, trian_mae: 0.0609, trian_mse:0.0072, trian_r2: -157.7000, trian_cc: 0.4551
Epoch 92, val_loss: 0.0042, val_mae: 0.0655, val_mse: 0.0083, val_r2: -102.9068, val_cc: 0.4502
Epoch 93, trian_loss: 0.0037, trian_mae: 0.0617, trian_mse:0.0073, trian_r2: -129.5682, trian_cc: 0.4407
Epoch 93, val_loss: 0.0042, val_mae: 0.0672, val_mse: 0.0084, val_r2: -113.5619, val_cc: 0.4289
Epoch 94, trian_loss: 0.0037, trian_mae: 0.0616, trian_mse:0.0073, trian_r2: -230.4420, trian_cc: 0.4440
Epoch 94, val_loss: 0.0041, val_mae: 0.0661, val_mse: 0.0082, val_r2: -133.7707, val_cc: 0.4507
Epoch 95, trian_loss: 0.0036, trian_mae: 0.0613, trian_mse:0.0072, trian_r2: -93.0068, trian_cc: 0.4366
Epoch 95, val_loss: 0.0042, val_mae: 0.0656, val_mse: 0.0084, val_r2: -83.9963, val_cc: 0.4288
Epoch 96, trian_loss: 0.0037, trian_mae: 0.0620, trian_mse:0.0074, trian_r2: -124.9995, trian_cc: 0.4238
Epoch 96, val_loss: 0.0042, val_mae: 0.0680, val_mse: 0.0084, val_r2: -94.4576, val_cc: 0.4022
Epoch 97, trian_loss: 0.0036, trian_mae: 0.0610, trian_mse:0.0072, trian_r2: -109.1518, trian_cc: 0.4516
Epoch 97, val_loss: 0.0042, val_mae: 0.0663, val_mse: 0.0084, val_r2: -88.5009, val_cc: 0.4313
Epoch 98, trian_loss: 0.0035, trian_mae: 0.0603, trian_mse:0.0071, trian_r2: -103.9740, trian_cc: 0.4588
Epoch 98, val_loss: 0.0041, val_mae: 0.0638, val_mse: 0.0082, val_r2: -60.4831, val_cc: 0.4491
Epoch 99, trian_loss: 0.0036, trian_mae: 0.0608, trian_mse:0.0072, trian_r2: -93.4368, trian_cc: 0.4611
Epoch 99, val_loss: 0.0042, val_mae: 0.0651, val_mse: 0.0083, val_r2: -33.5068, val_cc: 0.4368
