Trian Data: 515   Validation Data: 172  Test Data: 172
model ResNet_2D(
  (conv1): Sequential(
    (0): Conv2d(77, 64, kernel_size=(3, 3), stride=(1, 1), padding=(1, 1), bias=False)
    (1): BatchNorm2d(64, eps=1e-05, momentum=0.1, affine=True, track_running_stats=True)
  )
  (layer1): Sequential(
    (0): BasicBlock(
      (conv1): Conv2d(64, 64, kernel_size=(3, 3), stride=(1, 1), padding=(1, 1), bias=False)
      (bn1): BatchNorm2d(64, eps=1e-05, momentum=0.1, affine=True, track_running_stats=True)
      (conv2): Conv2d(64, 64, kernel_size=(3, 3), stride=(1, 1), padding=(1, 1), bias=False)
      (bn2): BatchNorm2d(64, eps=1e-05, momentum=0.1, affine=True, track_running_stats=True)
      (shortcut): Sequential()
    )
    (1): BasicBlock(
      (conv1): Conv2d(64, 64, kernel_size=(3, 3), stride=(1, 1), padding=(1, 1), bias=False)
      (bn1): BatchNorm2d(64, eps=1e-05, momentum=0.1, affine=True, track_running_stats=True)
      (conv2): Conv2d(64, 64, kernel_size=(3, 3), stride=(1, 1), padding=(1, 1), bias=False)
      (bn2): BatchNorm2d(64, eps=1e-05, momentum=0.1, affine=True, track_running_stats=True)
      (shortcut): Sequential()
    )
  )
  (layer2): Sequential(
    (0): BasicBlock(
      (conv1): Conv2d(64, 64, kernel_size=(3, 3), stride=(1, 1), padding=(1, 1), bias=False)
      (bn1): BatchNorm2d(64, eps=1e-05, momentum=0.1, affine=True, track_running_stats=True)
      (conv2): Conv2d(64, 64, kernel_size=(3, 3), stride=(1, 1), padding=(1, 1), bias=False)
      (bn2): BatchNorm2d(64, eps=1e-05, momentum=0.1, affine=True, track_running_stats=True)
      (shortcut): Sequential()
    )
    (1): BasicBlock(
      (conv1): Conv2d(64, 64, kernel_size=(3, 3), stride=(1, 1), padding=(1, 1), bias=False)
      (bn1): BatchNorm2d(64, eps=1e-05, momentum=0.1, affine=True, track_running_stats=True)
      (conv2): Conv2d(64, 64, kernel_size=(3, 3), stride=(1, 1), padding=(1, 1), bias=False)
      (bn2): BatchNorm2d(64, eps=1e-05, momentum=0.1, affine=True, track_running_stats=True)
      (shortcut): Sequential()
    )
  )
  (layer3): Sequential(
    (0): BasicBlock(
      (conv1): Conv2d(64, 64, kernel_size=(3, 3), stride=(1, 1), padding=(1, 1), bias=False)
      (bn1): BatchNorm2d(64, eps=1e-05, momentum=0.1, affine=True, track_running_stats=True)
      (conv2): Conv2d(64, 64, kernel_size=(3, 3), stride=(1, 1), padding=(1, 1), bias=False)
      (bn2): BatchNorm2d(64, eps=1e-05, momentum=0.1, affine=True, track_running_stats=True)
      (shortcut): Sequential()
    )
    (1): BasicBlock(
      (conv1): Conv2d(64, 64, kernel_size=(3, 3), stride=(1, 1), padding=(1, 1), bias=False)
      (bn1): BatchNorm2d(64, eps=1e-05, momentum=0.1, affine=True, track_running_stats=True)
      (conv2): Conv2d(64, 64, kernel_size=(3, 3), stride=(1, 1), padding=(1, 1), bias=False)
      (bn2): BatchNorm2d(64, eps=1e-05, momentum=0.1, affine=True, track_running_stats=True)
      (shortcut): Sequential()
    )
  )
  (layer4): Sequential(
    (0): BasicBlock(
      (conv1): Conv2d(64, 64, kernel_size=(3, 3), stride=(1, 1), padding=(1, 1), bias=False)
      (bn1): BatchNorm2d(64, eps=1e-05, momentum=0.1, affine=True, track_running_stats=True)
      (conv2): Conv2d(64, 64, kernel_size=(3, 3), stride=(1, 1), padding=(1, 1), bias=False)
      (bn2): BatchNorm2d(64, eps=1e-05, momentum=0.1, affine=True, track_running_stats=True)
      (shortcut): Sequential()
    )
    (1): BasicBlock(
      (conv1): Conv2d(64, 64, kernel_size=(3, 3), stride=(1, 1), padding=(1, 1), bias=False)
      (bn1): BatchNorm2d(64, eps=1e-05, momentum=0.1, affine=True, track_running_stats=True)
      (conv2): Conv2d(64, 64, kernel_size=(3, 3), stride=(1, 1), padding=(1, 1), bias=False)
      (bn2): BatchNorm2d(64, eps=1e-05, momentum=0.1, affine=True, track_running_stats=True)
      (shortcut): Sequential()
    )
    (2): BasicBlock(
      (conv1): Conv2d(64, 64, kernel_size=(3, 3), stride=(1, 1), padding=(1, 1), bias=False)
      (bn1): BatchNorm2d(64, eps=1e-05, momentum=0.1, affine=True, track_running_stats=True)
      (conv2): Conv2d(64, 64, kernel_size=(3, 3), stride=(1, 1), padding=(1, 1), bias=False)
      (bn2): BatchNorm2d(64, eps=1e-05, momentum=0.1, affine=True, track_running_stats=True)
      (shortcut): Sequential()
    )
  )
  (conv2): Sequential(
    (0): Conv2d(64, 32, kernel_size=(3, 3), stride=(1, 1), padding=(1, 1))
    (1): BatchNorm2d(32, eps=1e-05, momentum=0.1, affine=True, track_running_stats=True)
  )
  (conv3): Sequential(
    (0): Conv2d(32, 16, kernel_size=(3, 3), stride=(1, 1), padding=(1, 1))
    (1): BatchNorm2d(16, eps=1e-05, momentum=0.1, affine=True, track_running_stats=True)
  )
  (conv4): Sequential(
    (0): Conv2d(16, 1, kernel_size=(3, 3), stride=(1, 1), padding=(1, 1))
    (1): BatchNorm2d(1, eps=1e-05, momentum=0.1, affine=True, track_running_stats=True)
  )
)
Epoch  0, trian_loss: 0.0176, trian_mae: 0.1069, trian_mse:0.0357, trian_r2: -2.4531, trian_cc: 0.0001
Epoch  0, val_loss: 0.0287, val_mae: 0.1155, val_mse: 0.0584, val_r2: -11.9481, val_cc: 0.0019
Epoch  1, trian_loss: 0.0053, trian_mae: 0.0728, trian_mse:0.0105, trian_r2: -513.5639, trian_cc: -0.0315
Epoch  1, val_loss: 0.0050, val_mae: 0.0755, val_mse: 0.0101, val_r2: -669.5008, val_cc: -0.0389
Epoch  2, trian_loss: 0.0044, trian_mae: 0.0673, trian_mse:0.0088, trian_r2: -636.5397, trian_cc: -0.0174
Epoch  2, val_loss: 0.0048, val_mae: 0.0721, val_mse: 0.0096, val_r2: -647.3093, val_cc: -0.0224
Epoch  3, trian_loss: 0.0043, trian_mae: 0.0669, trian_mse:0.0086, trian_r2: -754.5319, trian_cc: -0.0151
Epoch  3, val_loss: 0.0050, val_mae: 0.0741, val_mse: 0.0100, val_r2: -1126.8982, val_cc: -0.0211
Epoch  4, trian_loss: 0.0044, trian_mae: 0.0672, trian_mse:0.0088, trian_r2: -900.2976, trian_cc: -0.0086
Epoch  4, val_loss: 0.0048, val_mae: 0.0716, val_mse: 0.0096, val_r2: -1296.8617, val_cc: -0.0092
Epoch  5, trian_loss: 0.0043, trian_mae: 0.0666, trian_mse:0.0086, trian_r2: -1359.2750, trian_cc: 0.0021
Epoch  5, val_loss: 0.0049, val_mae: 0.0759, val_mse: 0.0099, val_r2: -1616.6593, val_cc: -0.0291
Epoch  6, trian_loss: 0.0043, trian_mae: 0.0667, trian_mse:0.0086, trian_r2: -1711.4853, trian_cc: 0.0114
Epoch  6, val_loss: 0.0048, val_mae: 0.0726, val_mse: 0.0097, val_r2: -840.2547, val_cc: 0.0021
Epoch  7, trian_loss: 0.0043, trian_mae: 0.0665, trian_mse:0.0086, trian_r2: -1966.4609, trian_cc: 0.0133
Epoch  7, val_loss: 0.0049, val_mae: 0.0719, val_mse: 0.0097, val_r2: -1535.6310, val_cc: 0.0083
Epoch  8, trian_loss: 0.0043, trian_mae: 0.0666, trian_mse:0.0086, trian_r2: -1388.1032, trian_cc: 0.0321
Epoch  8, val_loss: 0.0048, val_mae: 0.0712, val_mse: 0.0097, val_r2: -2411.5813, val_cc: 0.0338
Epoch  9, trian_loss: 0.0043, trian_mae: 0.0665, trian_mse:0.0086, trian_r2: -1438.8700, trian_cc: 0.0287
Epoch  9, val_loss: 0.0048, val_mae: 0.0707, val_mse: 0.0096, val_r2: -1302.9443, val_cc: 0.0239
Epoch 10, trian_loss: 0.0043, trian_mae: 0.0663, trian_mse:0.0086, trian_r2: -1714.5723, trian_cc: 0.0412
Epoch 10, val_loss: 0.0048, val_mae: 0.0709, val_mse: 0.0096, val_r2: -2613.7871, val_cc: 0.0465
Epoch 11, trian_loss: 0.0043, trian_mae: 0.0663, trian_mse:0.0085, trian_r2: -2659.8635, trian_cc: 0.0519
Epoch 11, val_loss: 0.0048, val_mae: 0.0706, val_mse: 0.0096, val_r2: -2879.6559, val_cc: 0.0439
Epoch 12, trian_loss: 0.0043, trian_mae: 0.0663, trian_mse:0.0086, trian_r2: -2728.3590, trian_cc: 0.0510
Epoch 12, val_loss: 0.0048, val_mae: 0.0710, val_mse: 0.0096, val_r2: -3009.7248, val_cc: 0.0390
Epoch 13, trian_loss: 0.0043, trian_mae: 0.0665, trian_mse:0.0086, trian_r2: -2573.2300, trian_cc: 0.0518
Epoch 13, val_loss: 0.0048, val_mae: 0.0707, val_mse: 0.0096, val_r2: -1160.5472, val_cc: 0.0364
Epoch 14, trian_loss: 0.0043, trian_mae: 0.0664, trian_mse:0.0085, trian_r2: -2709.8603, trian_cc: 0.0478
Epoch 14, val_loss: 0.0048, val_mae: 0.0705, val_mse: 0.0096, val_r2: -1793.0394, val_cc: 0.0412
Epoch 15, trian_loss: 0.0043, trian_mae: 0.0666, trian_mse:0.0086, trian_r2: -2697.2346, trian_cc: 0.0589
Epoch 15, val_loss: 0.0048, val_mae: 0.0703, val_mse: 0.0097, val_r2: -6029.0767, val_cc: 0.0513
Epoch 16, trian_loss: 0.0043, trian_mae: 0.0662, trian_mse:0.0085, trian_r2: -3814.7767, trian_cc: 0.0583
Epoch 16, val_loss: 0.0048, val_mae: 0.0701, val_mse: 0.0096, val_r2: -4330.5142, val_cc: 0.0628
Epoch 17, trian_loss: 0.0043, trian_mae: 0.0663, trian_mse:0.0085, trian_r2: -3228.4433, trian_cc: 0.0579
Epoch 17, val_loss: 0.0048, val_mae: 0.0714, val_mse: 0.0096, val_r2: -6187.1199, val_cc: 0.0306
Epoch 18, trian_loss: 0.0043, trian_mae: 0.0665, trian_mse:0.0086, trian_r2: -2297.7512, trian_cc: 0.0623
Epoch 18, val_loss: 0.0048, val_mae: 0.0707, val_mse: 0.0096, val_r2: -2246.6694, val_cc: 0.0608
Epoch 19, trian_loss: 0.0043, trian_mae: 0.0664, trian_mse:0.0085, trian_r2: -2361.9193, trian_cc: 0.0622
Epoch 19, val_loss: 0.0048, val_mae: 0.0703, val_mse: 0.0097, val_r2: -1829.3124, val_cc: 0.0590
Epoch 20, trian_loss: 0.0043, trian_mae: 0.0664, trian_mse:0.0085, trian_r2: -1477.4310, trian_cc: 0.0621
Epoch 20, val_loss: 0.0048, val_mae: 0.0705, val_mse: 0.0096, val_r2: -959.4212, val_cc: 0.0435
Epoch 21, trian_loss: 0.0042, trian_mae: 0.0663, trian_mse:0.0085, trian_r2: -1585.2187, trian_cc: 0.0697
Epoch 21, val_loss: 0.0048, val_mae: 0.0702, val_mse: 0.0096, val_r2: -2234.1560, val_cc: 0.0728
Epoch 22, trian_loss: 0.0043, trian_mae: 0.0664, trian_mse:0.0085, trian_r2: -1458.5393, trian_cc: 0.0712
Epoch 22, val_loss: 0.0048, val_mae: 0.0717, val_mse: 0.0096, val_r2: -1215.7355, val_cc: 0.0532
Epoch 23, trian_loss: 0.0042, trian_mae: 0.0665, trian_mse:0.0085, trian_r2: -2365.6746, trian_cc: 0.0818
Epoch 23, val_loss: 0.0048, val_mae: 0.0699, val_mse: 0.0097, val_r2: -2462.8151, val_cc: 0.0812
Epoch 24, trian_loss: 0.0042, trian_mae: 0.0661, trian_mse:0.0085, trian_r2: -2127.5940, trian_cc: 0.0850
Epoch 24, val_loss: 0.0048, val_mae: 0.0702, val_mse: 0.0097, val_r2: -1723.8297, val_cc: 0.0714
Epoch 25, trian_loss: 0.0042, trian_mae: 0.0662, trian_mse:0.0085, trian_r2: -1681.3177, trian_cc: 0.0789
Epoch 25, val_loss: 0.0048, val_mae: 0.0699, val_mse: 0.0097, val_r2: -1777.9762, val_cc: 0.0808
Epoch 26, trian_loss: 0.0042, trian_mae: 0.0661, trian_mse:0.0085, trian_r2: -1450.5873, trian_cc: 0.0790
Epoch 26, val_loss: 0.0048, val_mae: 0.0700, val_mse: 0.0097, val_r2: -1712.7879, val_cc: 0.0726
Epoch 27, trian_loss: 0.0042, trian_mae: 0.0660, trian_mse:0.0085, trian_r2: -1150.6331, trian_cc: 0.0781
Epoch 27, val_loss: 0.0048, val_mae: 0.0702, val_mse: 0.0097, val_r2: -1972.1044, val_cc: 0.0783
Epoch 28, trian_loss: 0.0042, trian_mae: 0.0661, trian_mse:0.0085, trian_r2: -1286.6624, trian_cc: 0.0787
Epoch 28, val_loss: 0.0048, val_mae: 0.0701, val_mse: 0.0096, val_r2: -1605.7598, val_cc: 0.0797
Epoch 29, trian_loss: 0.0042, trian_mae: 0.0663, trian_mse:0.0085, trian_r2: -1026.2856, trian_cc: 0.0823
Epoch 29, val_loss: 0.0048, val_mae: 0.0705, val_mse: 0.0096, val_r2: -920.4686, val_cc: 0.0645
Epoch 30, trian_loss: 0.0042, trian_mae: 0.0662, trian_mse:0.0085, trian_r2: -748.6686, trian_cc: 0.0772
Epoch 30, val_loss: 0.0048, val_mae: 0.0700, val_mse: 0.0097, val_r2: -860.8972, val_cc: 0.0619
Epoch 31, trian_loss: 0.0042, trian_mae: 0.0661, trian_mse:0.0084, trian_r2: -541.1235, trian_cc: 0.0711
Epoch 31, val_loss: 0.0048, val_mae: 0.0700, val_mse: 0.0095, val_r2: -515.4227, val_cc: 0.0405
Epoch 32, trian_loss: 0.0042, trian_mae: 0.0658, trian_mse:0.0084, trian_r2: -489.5336, trian_cc: 0.0771
Epoch 32, val_loss: 0.0047, val_mae: 0.0693, val_mse: 0.0094, val_r2: -338.5256, val_cc: 0.0440
Epoch 33, trian_loss: 0.0041, trian_mae: 0.0655, trian_mse:0.0083, trian_r2: -352.1850, trian_cc: 0.0741
Epoch 33, val_loss: 0.0047, val_mae: 0.0694, val_mse: 0.0094, val_r2: -313.3734, val_cc: 0.0364
Epoch 34, trian_loss: 0.0041, trian_mae: 0.0652, trian_mse:0.0081, trian_r2: -374.8820, trian_cc: 0.0780
Epoch 34, val_loss: 0.0046, val_mae: 0.0687, val_mse: 0.0092, val_r2: -289.8838, val_cc: 0.0434
Epoch 35, trian_loss: 0.0040, trian_mae: 0.0649, trian_mse:0.0080, trian_r2: -261.9371, trian_cc: 0.0819
Epoch 35, val_loss: 0.0046, val_mae: 0.0681, val_mse: 0.0092, val_r2: -304.2006, val_cc: 0.0483
Epoch 36, trian_loss: 0.0040, trian_mae: 0.0645, trian_mse:0.0080, trian_r2: -277.6061, trian_cc: 0.0858
Epoch 36, val_loss: 0.0046, val_mae: 0.0687, val_mse: 0.0092, val_r2: -237.8257, val_cc: 0.0427
Epoch 37, trian_loss: 0.0039, trian_mae: 0.0643, trian_mse:0.0079, trian_r2: -240.9031, trian_cc: 0.0904
Epoch 37, val_loss: 0.0046, val_mae: 0.0677, val_mse: 0.0093, val_r2: -154.2220, val_cc: 0.0560
Epoch 38, trian_loss: 0.0039, trian_mae: 0.0636, trian_mse:0.0077, trian_r2: -150.1155, trian_cc: 0.0873
Epoch 38, val_loss: 0.0045, val_mae: 0.0687, val_mse: 0.0090, val_r2: -121.9655, val_cc: 0.0390
Epoch 39, trian_loss: 0.0038, trian_mae: 0.0636, trian_mse:0.0077, trian_r2: -141.1199, trian_cc: 0.0886
Epoch 39, val_loss: 0.0045, val_mae: 0.0674, val_mse: 0.0089, val_r2: -114.7495, val_cc: 0.0457
Epoch 40, trian_loss: 0.0038, trian_mae: 0.0628, trian_mse:0.0075, trian_r2: -117.8272, trian_cc: 0.0961
Epoch 40, val_loss: 0.0045, val_mae: 0.0693, val_mse: 0.0091, val_r2: -106.4578, val_cc: 0.0420
Epoch 41, trian_loss: 0.0037, trian_mae: 0.0627, trian_mse:0.0075, trian_r2: -127.0668, trian_cc: 0.1035
Epoch 41, val_loss: 0.0046, val_mae: 0.0676, val_mse: 0.0092, val_r2: -101.0264, val_cc: 0.0574
Epoch 42, trian_loss: 0.0037, trian_mae: 0.0623, trian_mse:0.0073, trian_r2: -110.0462, trian_cc: 0.1122
Epoch 42, val_loss: 0.0046, val_mae: 0.0671, val_mse: 0.0091, val_r2: -99.0847, val_cc: 0.0601
Epoch 43, trian_loss: 0.0036, trian_mae: 0.0619, trian_mse:0.0072, trian_r2: -102.0495, trian_cc: 0.1163
Epoch 43, val_loss: 0.0046, val_mae: 0.0675, val_mse: 0.0091, val_r2: -72.8118, val_cc: 0.0528
Epoch 44, trian_loss: 0.0036, trian_mae: 0.0618, trian_mse:0.0072, trian_r2: -94.0116, trian_cc: 0.1229
Epoch 44, val_loss: 0.0046, val_mae: 0.0681, val_mse: 0.0092, val_r2: -90.3371, val_cc: 0.0572
Epoch 45, trian_loss: 0.0035, trian_mae: 0.0617, trian_mse:0.0071, trian_r2: -93.3355, trian_cc: 0.1278
Epoch 45, val_loss: 0.0046, val_mae: 0.0672, val_mse: 0.0093, val_r2: -76.9399, val_cc: 0.0608
Epoch 46, trian_loss: 0.0035, trian_mae: 0.0615, trian_mse:0.0070, trian_r2: -85.2012, trian_cc: 0.1316
Epoch 46, val_loss: 0.0048, val_mae: 0.0679, val_mse: 0.0095, val_r2: -82.6253, val_cc: 0.0618
Epoch 47, trian_loss: 0.0033, trian_mae: 0.0602, trian_mse:0.0067, trian_r2: -69.6640, trian_cc: 0.1305
Epoch 47, val_loss: 0.0049, val_mae: 0.0684, val_mse: 0.0098, val_r2: -82.3902, val_cc: 0.0630
Epoch 48, trian_loss: 0.0034, trian_mae: 0.0602, trian_mse:0.0067, trian_r2: -68.3827, trian_cc: 0.1429
Epoch 48, val_loss: 0.0048, val_mae: 0.0701, val_mse: 0.0096, val_r2: -35.0835, val_cc: 0.0513
Epoch 49, trian_loss: 0.0032, trian_mae: 0.0593, trian_mse:0.0064, trian_r2: -54.9705, trian_cc: 0.1446
Epoch 49, val_loss: 0.0049, val_mae: 0.0717, val_mse: 0.0098, val_r2: -33.4174, val_cc: 0.0466
Epoch 50, trian_loss: 0.0032, trian_mae: 0.0593, trian_mse:0.0065, trian_r2: -64.4991, trian_cc: 0.1545
Epoch 50, val_loss: 0.0057, val_mae: 0.0817, val_mse: 0.0113, val_r2: -30.3120, val_cc: 0.0353
Epoch 51, trian_loss: 0.0032, trian_mae: 0.0587, trian_mse:0.0063, trian_r2: -57.0649, trian_cc: 0.1594
Epoch 51, val_loss: 0.0054, val_mae: 0.0772, val_mse: 0.0109, val_r2: -23.6980, val_cc: 0.0388
Epoch 52, trian_loss: 0.0032, trian_mae: 0.0587, trian_mse:0.0064, trian_r2: -62.8740, trian_cc: 0.1633
Epoch 52, val_loss: 0.0046, val_mae: 0.0722, val_mse: 0.0092, val_r2: -38.7053, val_cc: 0.0326
Epoch 53, trian_loss: 0.0031, trian_mae: 0.0587, trian_mse:0.0063, trian_r2: -49.4349, trian_cc: 0.1699
Epoch 53, val_loss: 0.0047, val_mae: 0.0673, val_mse: 0.0095, val_r2: -64.9825, val_cc: 0.0726
Epoch 54, trian_loss: 0.0030, trian_mae: 0.0577, trian_mse:0.0060, trian_r2: -50.8311, trian_cc: 0.1750
Epoch 54, val_loss: 0.0046, val_mae: 0.0669, val_mse: 0.0092, val_r2: -50.2112, val_cc: 0.0670
Epoch 55, trian_loss: 0.0031, trian_mae: 0.0583, trian_mse:0.0062, trian_r2: -51.7074, trian_cc: 0.1720
Epoch 55, val_loss: 0.0045, val_mae: 0.0669, val_mse: 0.0091, val_r2: -53.8797, val_cc: 0.0566
Epoch 56, trian_loss: 0.0030, trian_mae: 0.0574, trian_mse:0.0060, trian_r2: -41.2124, trian_cc: 0.1788
Epoch 56, val_loss: 0.0044, val_mae: 0.0688, val_mse: 0.0089, val_r2: -46.6121, val_cc: 0.0583
Epoch 57, trian_loss: 0.0029, trian_mae: 0.0570, trian_mse:0.0059, trian_r2: -36.1916, trian_cc: 0.1858
Epoch 57, val_loss: 0.0045, val_mae: 0.0683, val_mse: 0.0091, val_r2: -36.6134, val_cc: 0.0589
Epoch 58, trian_loss: 0.0029, trian_mae: 0.0571, trian_mse:0.0059, trian_r2: -46.1006, trian_cc: 0.1891
Epoch 58, val_loss: 0.0047, val_mae: 0.0665, val_mse: 0.0095, val_r2: -131.4875, val_cc: 0.0840
Epoch 59, trian_loss: 0.0030, trian_mae: 0.0570, trian_mse:0.0059, trian_r2: -35.7906, trian_cc: 0.1974
Epoch 59, val_loss: 0.0044, val_mae: 0.0669, val_mse: 0.0088, val_r2: -74.3319, val_cc: 0.0631
Epoch 60, trian_loss: 0.0029, trian_mae: 0.0566, trian_mse:0.0058, trian_r2: -42.7631, trian_cc: 0.2001
Epoch 60, val_loss: 0.0045, val_mae: 0.0664, val_mse: 0.0090, val_r2: -37.4605, val_cc: 0.0617
Epoch 61, trian_loss: 0.0029, trian_mae: 0.0565, trian_mse:0.0058, trian_r2: -29.8114, trian_cc: 0.2034
Epoch 61, val_loss: 0.0047, val_mae: 0.0658, val_mse: 0.0093, val_r2: -78.7187, val_cc: 0.0750
Epoch 62, trian_loss: 0.0028, trian_mae: 0.0562, trian_mse:0.0056, trian_r2: -29.7972, trian_cc: 0.2113
Epoch 62, val_loss: 0.0045, val_mae: 0.0671, val_mse: 0.0091, val_r2: -46.3756, val_cc: 0.0633
Epoch 63, trian_loss: 0.0028, trian_mae: 0.0558, trian_mse:0.0056, trian_r2: -30.1304, trian_cc: 0.2142
Epoch 63, val_loss: 0.0048, val_mae: 0.0665, val_mse: 0.0095, val_r2: -84.0646, val_cc: 0.0843
Epoch 64, trian_loss: 0.0030, trian_mae: 0.0576, trian_mse:0.0060, trian_r2: -44.0072, trian_cc: 0.2085
Epoch 64, val_loss: 0.0047, val_mae: 0.0716, val_mse: 0.0095, val_r2: -27.3284, val_cc: 0.0526
Epoch 65, trian_loss: 0.0027, trian_mae: 0.0554, trian_mse:0.0055, trian_r2: -26.0472, trian_cc: 0.2206
Epoch 65, val_loss: 0.0046, val_mae: 0.0683, val_mse: 0.0091, val_r2: -34.5425, val_cc: 0.0612
Epoch 66, trian_loss: 0.0027, trian_mae: 0.0551, trian_mse:0.0054, trian_r2: -27.8258, trian_cc: 0.2267
Epoch 66, val_loss: 0.0044, val_mae: 0.0680, val_mse: 0.0089, val_r2: -44.5923, val_cc: 0.0536
Epoch 67, trian_loss: 0.0028, trian_mae: 0.0556, trian_mse:0.0055, trian_r2: -33.6361, trian_cc: 0.2229
Epoch 67, val_loss: 0.0045, val_mae: 0.0660, val_mse: 0.0091, val_r2: -73.0975, val_cc: 0.0759
Epoch 68, trian_loss: 0.0028, trian_mae: 0.0559, trian_mse:0.0056, trian_r2: -37.2998, trian_cc: 0.2268
Epoch 68, val_loss: 0.0048, val_mae: 0.0664, val_mse: 0.0095, val_r2: -57.6202, val_cc: 0.0815
Epoch 69, trian_loss: 0.0029, trian_mae: 0.0561, trian_mse:0.0057, trian_r2: -26.7115, trian_cc: 0.2276
Epoch 69, val_loss: 0.0045, val_mae: 0.0667, val_mse: 0.0091, val_r2: -35.8126, val_cc: 0.0650
Epoch 70, trian_loss: 0.0027, trian_mae: 0.0554, trian_mse:0.0055, trian_r2: -29.9477, trian_cc: 0.2361
Epoch 70, val_loss: 0.0044, val_mae: 0.0677, val_mse: 0.0088, val_r2: -30.6008, val_cc: 0.0539
Epoch 71, trian_loss: 0.0031, trian_mae: 0.0554, trian_mse:0.0063, trian_r2: -21.8883, trian_cc: 0.2407
Epoch 71, val_loss: 0.0045, val_mae: 0.0662, val_mse: 0.0090, val_r2: -37.6315, val_cc: 0.0645
Epoch 72, trian_loss: 0.0026, trian_mae: 0.0535, trian_mse:0.0051, trian_r2: -16.7670, trian_cc: 0.2490
Epoch 72, val_loss: 0.0046, val_mae: 0.0661, val_mse: 0.0093, val_r2: -50.6406, val_cc: 0.0727
Epoch 73, trian_loss: 0.0025, trian_mae: 0.0530, trian_mse:0.0050, trian_r2: -16.3449, trian_cc: 0.2576
Epoch 73, val_loss: 0.0044, val_mae: 0.0664, val_mse: 0.0088, val_r2: -34.9330, val_cc: 0.0611
Epoch 74, trian_loss: 0.0025, trian_mae: 0.0529, trian_mse:0.0049, trian_r2: -18.7736, trian_cc: 0.2625
Epoch 74, val_loss: 0.0045, val_mae: 0.0657, val_mse: 0.0090, val_r2: -55.6586, val_cc: 0.0695
Epoch 75, trian_loss: 0.0024, trian_mae: 0.0527, trian_mse:0.0049, trian_r2: -18.4210, trian_cc: 0.2661
Epoch 75, val_loss: 0.0050, val_mae: 0.0672, val_mse: 0.0099, val_r2: -82.9388, val_cc: 0.0899
Epoch 76, trian_loss: 0.0025, trian_mae: 0.0535, trian_mse:0.0050, trian_r2: -19.5896, trian_cc: 0.2629
Epoch 76, val_loss: 0.0045, val_mae: 0.0695, val_mse: 0.0090, val_r2: -22.4902, val_cc: 0.0566
Epoch 77, trian_loss: 0.0025, trian_mae: 0.0530, trian_mse:0.0050, trian_r2: -19.8803, trian_cc: 0.2695
Epoch 77, val_loss: 0.0047, val_mae: 0.0659, val_mse: 0.0093, val_r2: -59.7942, val_cc: 0.0753
Epoch 78, trian_loss: 0.0028, trian_mae: 0.0539, trian_mse:0.0055, trian_r2: -19.8676, trian_cc: 0.2708
Epoch 78, val_loss: 0.0046, val_mae: 0.0661, val_mse: 0.0092, val_r2: -46.0822, val_cc: 0.0733
Epoch 79, trian_loss: 0.0024, trian_mae: 0.0520, trian_mse:0.0048, trian_r2: -17.0193, trian_cc: 0.2832
Epoch 79, val_loss: 0.0045, val_mae: 0.0660, val_mse: 0.0090, val_r2: -33.5285, val_cc: 0.0693
Epoch 80, trian_loss: 0.0024, trian_mae: 0.0520, trian_mse:0.0047, trian_r2: -17.5238, trian_cc: 0.2861
Epoch 80, val_loss: 0.0045, val_mae: 0.0655, val_mse: 0.0090, val_r2: -55.7317, val_cc: 0.0769
Epoch 81, trian_loss: 0.0023, trian_mae: 0.0517, trian_mse:0.0047, trian_r2: -16.0069, trian_cc: 0.2899
Epoch 81, val_loss: 0.0047, val_mae: 0.0660, val_mse: 0.0093, val_r2: -73.6460, val_cc: 0.0794
Epoch 82, trian_loss: 0.0023, trian_mae: 0.0518, trian_mse:0.0047, trian_r2: -17.1903, trian_cc: 0.2917
Epoch 82, val_loss: 0.0055, val_mae: 0.0698, val_mse: 0.0109, val_r2: -172.2312, val_cc: 0.1042
Epoch 83, trian_loss: 0.0028, trian_mae: 0.0534, trian_mse:0.0056, trian_r2: -18.4977, trian_cc: 0.2895
Epoch 83, val_loss: 0.0043, val_mae: 0.0676, val_mse: 0.0087, val_r2: -28.4623, val_cc: 0.0620
Epoch 84, trian_loss: 0.0024, trian_mae: 0.0517, trian_mse:0.0047, trian_r2: -14.3514, trian_cc: 0.2990
Epoch 84, val_loss: 0.0044, val_mae: 0.0667, val_mse: 0.0088, val_r2: -31.2106, val_cc: 0.0697
Epoch 85, trian_loss: 0.0023, trian_mae: 0.0509, trian_mse:0.0045, trian_r2: -14.4947, trian_cc: 0.3079
Epoch 85, val_loss: 0.0045, val_mae: 0.0653, val_mse: 0.0090, val_r2: -47.3008, val_cc: 0.0817
Epoch 86, trian_loss: 0.0023, trian_mae: 0.0511, trian_mse:0.0046, trian_r2: -15.2999, trian_cc: 0.3105
Epoch 86, val_loss: 0.0045, val_mae: 0.0658, val_mse: 0.0090, val_r2: -39.0894, val_cc: 0.0765
Epoch 87, trian_loss: 0.0023, trian_mae: 0.0509, trian_mse:0.0046, trian_r2: -13.8232, trian_cc: 0.3172
Epoch 87, val_loss: 0.0053, val_mae: 0.0692, val_mse: 0.0106, val_r2: -95.3415, val_cc: 0.0947
Epoch 88, trian_loss: 0.0023, trian_mae: 0.0512, trian_mse:0.0046, trian_r2: -15.1857, trian_cc: 0.3120
Epoch 88, val_loss: 0.0047, val_mae: 0.0703, val_mse: 0.0094, val_r2: -21.4176, val_cc: 0.0683
Epoch 89, trian_loss: 0.0023, trian_mae: 0.0517, trian_mse:0.0047, trian_r2: -15.1478, trian_cc: 0.3128
Epoch 89, val_loss: 0.0047, val_mae: 0.0669, val_mse: 0.0094, val_r2: -26.3370, val_cc: 0.0779
Epoch 90, trian_loss: 0.0024, trian_mae: 0.0517, trian_mse:0.0047, trian_r2: -17.0291, trian_cc: 0.3146
Epoch 90, val_loss: 0.0044, val_mae: 0.0692, val_mse: 0.0089, val_r2: -30.8174, val_cc: 0.0650
Epoch 91, trian_loss: 0.0024, trian_mae: 0.0523, trian_mse:0.0048, trian_r2: -18.9409, trian_cc: 0.3129
Epoch 91, val_loss: 0.0049, val_mae: 0.0665, val_mse: 0.0097, val_r2: -73.9746, val_cc: 0.0877
Epoch 92, trian_loss: 0.0023, trian_mae: 0.0513, trian_mse:0.0046, trian_r2: -15.0471, trian_cc: 0.3203
Epoch 92, val_loss: 0.0048, val_mae: 0.0666, val_mse: 0.0096, val_r2: -53.6772, val_cc: 0.0837
Epoch 93, trian_loss: 0.0022, trian_mae: 0.0508, trian_mse:0.0045, trian_r2: -15.2692, trian_cc: 0.3255
Epoch 93, val_loss: 0.0046, val_mae: 0.0688, val_mse: 0.0092, val_r2: -19.8552, val_cc: 0.0630
Epoch 94, trian_loss: 0.0022, trian_mae: 0.0508, trian_mse:0.0045, trian_r2: -15.3056, trian_cc: 0.3309
Epoch 94, val_loss: 0.0048, val_mae: 0.0674, val_mse: 0.0097, val_r2: -37.0712, val_cc: 0.0698
Epoch 95, trian_loss: 0.0025, trian_mae: 0.0527, trian_mse:0.0049, trian_r2: -22.2002, trian_cc: 0.3127
Epoch 95, val_loss: 0.0049, val_mae: 0.0674, val_mse: 0.0099, val_r2: -51.5386, val_cc: 0.0846
Epoch 96, trian_loss: 0.0022, trian_mae: 0.0508, trian_mse:0.0045, trian_r2: -14.1972, trian_cc: 0.3371
Epoch 96, val_loss: 0.0045, val_mae: 0.0675, val_mse: 0.0089, val_r2: -33.3944, val_cc: 0.0651
Epoch 97, trian_loss: 0.0021, trian_mae: 0.0499, trian_mse:0.0043, trian_r2: -13.4976, trian_cc: 0.3469
Epoch 97, val_loss: 0.0050, val_mae: 0.0673, val_mse: 0.0100, val_r2: -68.5906, val_cc: 0.0917
Epoch 98, trian_loss: 0.0021, trian_mae: 0.0491, trian_mse:0.0042, trian_r2: -14.5235, trian_cc: 0.3569
Epoch 98, val_loss: 0.0048, val_mae: 0.0666, val_mse: 0.0095, val_r2: -39.8596, val_cc: 0.0808
Epoch 99, trian_loss: 0.0021, trian_mae: 0.0490, trian_mse:0.0041, trian_r2: -12.6243, trian_cc: 0.3586
Epoch 99, val_loss: 0.0053, val_mae: 0.0690, val_mse: 0.0105, val_r2: -77.6848, val_cc: 0.0970
