Trian Data: 532   Validation Data: 177  Test Data: 178
model SENet(
  (conv1): Conv2d(40, 64, kernel_size=(3, 3), stride=(1, 1), padding=(1, 1), bias=False)
  (bn1): BatchNorm2d(64, eps=1e-05, momentum=0.1, affine=True, track_running_stats=True)
  (layer1): Sequential(
    (0): BasicBlock(
      (conv1): Conv2d(64, 64, kernel_size=(3, 3), stride=(1, 1), padding=(1, 1), bias=False)
      (bn1): BatchNorm2d(64, eps=1e-05, momentum=0.1, affine=True, track_running_stats=True)
      (conv2): Conv2d(64, 64, kernel_size=(3, 3), stride=(1, 1), padding=(1, 1), bias=False)
      (bn2): BatchNorm2d(64, eps=1e-05, momentum=0.1, affine=True, track_running_stats=True)
      (shortcut): Sequential()
      (fc1): Conv2d(64, 4, kernel_size=(1, 1), stride=(1, 1))
      (fc2): Conv2d(4, 64, kernel_size=(1, 1), stride=(1, 1))
    )
    (1): BasicBlock(
      (conv1): Conv2d(64, 64, kernel_size=(3, 3), stride=(1, 1), padding=(1, 1), bias=False)
      (bn1): BatchNorm2d(64, eps=1e-05, momentum=0.1, affine=True, track_running_stats=True)
      (conv2): Conv2d(64, 64, kernel_size=(3, 3), stride=(1, 1), padding=(1, 1), bias=False)
      (bn2): BatchNorm2d(64, eps=1e-05, momentum=0.1, affine=True, track_running_stats=True)
      (shortcut): Sequential()
      (fc1): Conv2d(64, 4, kernel_size=(1, 1), stride=(1, 1))
      (fc2): Conv2d(4, 64, kernel_size=(1, 1), stride=(1, 1))
    )
  )
  (layer2): Sequential(
    (0): BasicBlock(
      (conv1): Conv2d(64, 64, kernel_size=(3, 3), stride=(1, 1), padding=(1, 1), bias=False)
      (bn1): BatchNorm2d(64, eps=1e-05, momentum=0.1, affine=True, track_running_stats=True)
      (conv2): Conv2d(64, 64, kernel_size=(3, 3), stride=(1, 1), padding=(1, 1), bias=False)
      (bn2): BatchNorm2d(64, eps=1e-05, momentum=0.1, affine=True, track_running_stats=True)
      (shortcut): Sequential()
      (fc1): Conv2d(64, 4, kernel_size=(1, 1), stride=(1, 1))
      (fc2): Conv2d(4, 64, kernel_size=(1, 1), stride=(1, 1))
    )
    (1): BasicBlock(
      (conv1): Conv2d(64, 64, kernel_size=(3, 3), stride=(1, 1), padding=(1, 1), bias=False)
      (bn1): BatchNorm2d(64, eps=1e-05, momentum=0.1, affine=True, track_running_stats=True)
      (conv2): Conv2d(64, 64, kernel_size=(3, 3), stride=(1, 1), padding=(1, 1), bias=False)
      (bn2): BatchNorm2d(64, eps=1e-05, momentum=0.1, affine=True, track_running_stats=True)
      (shortcut): Sequential()
      (fc1): Conv2d(64, 4, kernel_size=(1, 1), stride=(1, 1))
      (fc2): Conv2d(4, 64, kernel_size=(1, 1), stride=(1, 1))
    )
  )
  (layer3): Sequential(
    (0): BasicBlock(
      (conv1): Conv2d(64, 64, kernel_size=(3, 3), stride=(1, 1), padding=(1, 1), bias=False)
      (bn1): BatchNorm2d(64, eps=1e-05, momentum=0.1, affine=True, track_running_stats=True)
      (conv2): Conv2d(64, 64, kernel_size=(3, 3), stride=(1, 1), padding=(1, 1), bias=False)
      (bn2): BatchNorm2d(64, eps=1e-05, momentum=0.1, affine=True, track_running_stats=True)
      (shortcut): Sequential()
      (fc1): Conv2d(64, 4, kernel_size=(1, 1), stride=(1, 1))
      (fc2): Conv2d(4, 64, kernel_size=(1, 1), stride=(1, 1))
    )
    (1): BasicBlock(
      (conv1): Conv2d(64, 64, kernel_size=(3, 3), stride=(1, 1), padding=(1, 1), bias=False)
      (bn1): BatchNorm2d(64, eps=1e-05, momentum=0.1, affine=True, track_running_stats=True)
      (conv2): Conv2d(64, 64, kernel_size=(3, 3), stride=(1, 1), padding=(1, 1), bias=False)
      (bn2): BatchNorm2d(64, eps=1e-05, momentum=0.1, affine=True, track_running_stats=True)
      (shortcut): Sequential()
      (fc1): Conv2d(64, 4, kernel_size=(1, 1), stride=(1, 1))
      (fc2): Conv2d(4, 64, kernel_size=(1, 1), stride=(1, 1))
    )
  )
  (layer4): Sequential(
    (0): BasicBlock(
      (conv1): Conv2d(64, 64, kernel_size=(3, 3), stride=(1, 1), padding=(1, 1), bias=False)
      (bn1): BatchNorm2d(64, eps=1e-05, momentum=0.1, affine=True, track_running_stats=True)
      (conv2): Conv2d(64, 64, kernel_size=(3, 3), stride=(1, 1), padding=(1, 1), bias=False)
      (bn2): BatchNorm2d(64, eps=1e-05, momentum=0.1, affine=True, track_running_stats=True)
      (shortcut): Sequential()
      (fc1): Conv2d(64, 4, kernel_size=(1, 1), stride=(1, 1))
      (fc2): Conv2d(4, 64, kernel_size=(1, 1), stride=(1, 1))
    )
    (1): BasicBlock(
      (conv1): Conv2d(64, 64, kernel_size=(3, 3), stride=(1, 1), padding=(1, 1), bias=False)
      (bn1): BatchNorm2d(64, eps=1e-05, momentum=0.1, affine=True, track_running_stats=True)
      (conv2): Conv2d(64, 64, kernel_size=(3, 3), stride=(1, 1), padding=(1, 1), bias=False)
      (bn2): BatchNorm2d(64, eps=1e-05, momentum=0.1, affine=True, track_running_stats=True)
      (shortcut): Sequential()
      (fc1): Conv2d(64, 4, kernel_size=(1, 1), stride=(1, 1))
      (fc2): Conv2d(4, 64, kernel_size=(1, 1), stride=(1, 1))
    )
  )
  (cnn): CNNnet(
    (conv1): Sequential(
      (0): Conv2d(64, 32, kernel_size=(3, 3), stride=(1, 1), padding=(1, 1))
      (1): BatchNorm2d(32, eps=1e-05, momentum=0.1, affine=True, track_running_stats=True)
      (2): ReLU()
    )
    (conv2): Sequential(
      (0): Conv2d(32, 16, kernel_size=(3, 3), stride=(1, 1), padding=(1, 1))
      (1): BatchNorm2d(16, eps=1e-05, momentum=0.1, affine=True, track_running_stats=True)
      (2): ReLU()
    )
    (conv3): Sequential(
      (0): Conv2d(16, 1, kernel_size=(3, 3), stride=(1, 1), padding=(1, 1))
      (1): BatchNorm2d(1, eps=1e-05, momentum=0.1, affine=True, track_running_stats=True)
      (2): ReLU()
    )
  )
)
Epoch  0, trian_loss: 0.0078, trian_mae: 0.0890, trian_mse:0.0160, trian_r2: -5.8306, trian_cc: 0.0148
Epoch  0, val_loss: 0.0061, val_mae: 0.0815, val_mse: 0.0121, val_r2: -18.3992, val_cc: 0.0127
Epoch  1, trian_loss: 0.0050, trian_mae: 0.0743, trian_mse:0.0099, trian_r2: -7679.4719, trian_cc: -0.0263
Epoch  1, val_loss: 0.0049, val_mae: 0.0743, val_mse: 0.0098, val_r2: -14337.6297, val_cc: -0.0278
Epoch  2, trian_loss: 0.0050, trian_mae: 0.0743, trian_mse:0.0099, trian_r2: -17172.4541, trian_cc: -0.0194
Epoch  2, val_loss: 0.0049, val_mae: 0.0743, val_mse: 0.0098, val_r2: -22553.1794, val_cc: -0.0098
Epoch  3, trian_loss: 0.0049, trian_mae: 0.0743, trian_mse:0.0099, trian_r2: -20677.7438, trian_cc: 0.0107
Epoch  3, val_loss: 0.0049, val_mae: 0.0743, val_mse: 0.0098, val_r2: -21846.4120, val_cc: 0.0264
Epoch  4, trian_loss: 0.0049, trian_mae: 0.0742, trian_mse:0.0099, trian_r2: -11821.9835, trian_cc: 0.0470
Epoch  4, val_loss: 0.0049, val_mae: 0.0743, val_mse: 0.0098, val_r2: -11695.3266, val_cc: 0.0562
Epoch  5, trian_loss: 0.0049, trian_mae: 0.0742, trian_mse:0.0099, trian_r2: -7895.0472, trian_cc: 0.0698
Epoch  5, val_loss: 0.0049, val_mae: 0.0743, val_mse: 0.0098, val_r2: -7527.1633, val_cc: 0.0811
Epoch  6, trian_loss: 0.0049, trian_mae: 0.0742, trian_mse:0.0099, trian_r2: -5015.6573, trian_cc: 0.0990
Epoch  6, val_loss: 0.0049, val_mae: 0.0742, val_mse: 0.0098, val_r2: -2180.0559, val_cc: 0.1130
Epoch  7, trian_loss: 0.0049, trian_mae: 0.0742, trian_mse:0.0099, trian_r2: -3232.4200, trian_cc: 0.1153
Epoch  7, val_loss: 0.0049, val_mae: 0.0742, val_mse: 0.0098, val_r2: -2446.1123, val_cc: 0.1142
Epoch  8, trian_loss: 0.0049, trian_mae: 0.0741, trian_mse:0.0099, trian_r2: -1610.3953, trian_cc: 0.1276
Epoch  8, val_loss: 0.0049, val_mae: 0.0742, val_mse: 0.0098, val_r2: -1013.2164, val_cc: 0.1286
Epoch  9, trian_loss: 0.0049, trian_mae: 0.0740, trian_mse:0.0099, trian_r2: -1339.6256, trian_cc: 0.1308
Epoch  9, val_loss: 0.0049, val_mae: 0.0741, val_mse: 0.0097, val_r2: -1035.6327, val_cc: 0.1353
Epoch 10, trian_loss: 0.0049, trian_mae: 0.0740, trian_mse:0.0098, trian_r2: -1048.5899, trian_cc: 0.1376
Epoch 10, val_loss: 0.0049, val_mae: 0.0740, val_mse: 0.0097, val_r2: -672.4016, val_cc: 0.1504
Epoch 11, trian_loss: 0.0049, trian_mae: 0.0737, trian_mse:0.0098, trian_r2: -506.7541, trian_cc: 0.1526
Epoch 11, val_loss: 0.0048, val_mae: 0.0733, val_mse: 0.0096, val_r2: -276.3448, val_cc: 0.1672
Epoch 12, trian_loss: 0.0048, trian_mae: 0.0728, trian_mse:0.0096, trian_r2: -218.0274, trian_cc: 0.1861
Epoch 12, val_loss: 0.0047, val_mae: 0.0730, val_mse: 0.0095, val_r2: -140.5326, val_cc: 0.1857
Epoch 13, trian_loss: 0.0048, trian_mae: 0.0723, trian_mse:0.0095, trian_r2: -159.9499, trian_cc: 0.2092
Epoch 13, val_loss: 0.0047, val_mae: 0.0719, val_mse: 0.0093, val_r2: -131.6448, val_cc: 0.2212
Epoch 14, trian_loss: 0.0047, trian_mae: 0.0714, trian_mse:0.0094, trian_r2: -115.6875, trian_cc: 0.2352
Epoch 14, val_loss: 0.0046, val_mae: 0.0712, val_mse: 0.0092, val_r2: -88.7806, val_cc: 0.2317
Epoch 15, trian_loss: 0.0047, trian_mae: 0.0712, trian_mse:0.0093, trian_r2: -116.9703, trian_cc: 0.2440
Epoch 15, val_loss: 0.0046, val_mae: 0.0723, val_mse: 0.0093, val_r2: -200.1646, val_cc: 0.2346
Epoch 16, trian_loss: 0.0045, trian_mae: 0.0701, trian_mse:0.0091, trian_r2: -89.2098, trian_cc: 0.2655
Epoch 16, val_loss: 0.0043, val_mae: 0.0676, val_mse: 0.0086, val_r2: -78.0015, val_cc: 0.2876
Epoch 17, trian_loss: 0.0044, trian_mae: 0.0684, trian_mse:0.0087, trian_r2: -81.2848, trian_cc: 0.2885
Epoch 17, val_loss: 0.0043, val_mae: 0.0668, val_mse: 0.0086, val_r2: -32.5309, val_cc: 0.3011
Epoch 18, trian_loss: 0.0043, trian_mae: 0.0675, trian_mse:0.0085, trian_r2: -57.4791, trian_cc: 0.3012
Epoch 18, val_loss: 0.0043, val_mae: 0.0666, val_mse: 0.0086, val_r2: -47.6665, val_cc: 0.3001
Epoch 19, trian_loss: 0.0043, trian_mae: 0.0678, trian_mse:0.0086, trian_r2: -69.8754, trian_cc: 0.2985
Epoch 19, val_loss: 0.0042, val_mae: 0.0668, val_mse: 0.0085, val_r2: -45.6625, val_cc: 0.2995
Epoch 20, trian_loss: 0.0042, trian_mae: 0.0667, trian_mse:0.0084, trian_r2: -47.3575, trian_cc: 0.3082
Epoch 20, val_loss: 0.0042, val_mae: 0.0660, val_mse: 0.0084, val_r2: -27.1391, val_cc: 0.3135
Epoch 21, trian_loss: 0.0042, trian_mae: 0.0665, trian_mse:0.0084, trian_r2: -48.1618, trian_cc: 0.3117
Epoch 21, val_loss: 0.0042, val_mae: 0.0661, val_mse: 0.0084, val_r2: -35.7673, val_cc: 0.3107
Epoch 22, trian_loss: 0.0042, trian_mae: 0.0668, trian_mse:0.0084, trian_r2: -63.0284, trian_cc: 0.3111
Epoch 22, val_loss: 0.0042, val_mae: 0.0660, val_mse: 0.0084, val_r2: -30.5374, val_cc: 0.3148
Epoch 23, trian_loss: 0.0042, trian_mae: 0.0665, trian_mse:0.0084, trian_r2: -51.0849, trian_cc: 0.3105
Epoch 23, val_loss: 0.0041, val_mae: 0.0659, val_mse: 0.0082, val_r2: -39.2171, val_cc: 0.3173
Epoch 24, trian_loss: 0.0042, trian_mae: 0.0662, trian_mse:0.0083, trian_r2: -54.9265, trian_cc: 0.3141
Epoch 24, val_loss: 0.0042, val_mae: 0.0657, val_mse: 0.0084, val_r2: -32.6559, val_cc: 0.3191
Epoch 25, trian_loss: 0.0042, trian_mae: 0.0663, trian_mse:0.0083, trian_r2: -46.8028, trian_cc: 0.3156
Epoch 25, val_loss: 0.0042, val_mae: 0.0657, val_mse: 0.0083, val_r2: -32.6338, val_cc: 0.3201
Epoch 26, trian_loss: 0.0041, trian_mae: 0.0656, trian_mse:0.0082, trian_r2: -44.7717, trian_cc: 0.3189
Epoch 26, val_loss: 0.0042, val_mae: 0.0662, val_mse: 0.0083, val_r2: -28.3927, val_cc: 0.3154
Epoch 27, trian_loss: 0.0041, trian_mae: 0.0657, trian_mse:0.0082, trian_r2: -44.5106, trian_cc: 0.3205
Epoch 27, val_loss: 0.0041, val_mae: 0.0658, val_mse: 0.0083, val_r2: -31.6939, val_cc: 0.3214
Epoch 28, trian_loss: 0.0041, trian_mae: 0.0656, trian_mse:0.0082, trian_r2: -45.5846, trian_cc: 0.3188
Epoch 28, val_loss: 0.0042, val_mae: 0.0657, val_mse: 0.0084, val_r2: -29.9373, val_cc: 0.3184
Epoch 29, trian_loss: 0.0041, trian_mae: 0.0654, trian_mse:0.0082, trian_r2: -45.1614, trian_cc: 0.3211
Epoch 29, val_loss: 0.0042, val_mae: 0.0656, val_mse: 0.0084, val_r2: -29.9645, val_cc: 0.3159
Epoch 30, trian_loss: 0.0040, trian_mae: 0.0650, trian_mse:0.0081, trian_r2: -40.2899, trian_cc: 0.3253
Epoch 30, val_loss: 0.0043, val_mae: 0.0660, val_mse: 0.0086, val_r2: -38.5232, val_cc: 0.3126
Epoch 31, trian_loss: 0.0040, trian_mae: 0.0647, trian_mse:0.0080, trian_r2: -37.2589, trian_cc: 0.3284
Epoch 31, val_loss: 0.0042, val_mae: 0.0659, val_mse: 0.0084, val_r2: -26.1113, val_cc: 0.3126
Epoch 32, trian_loss: 0.0040, trian_mae: 0.0647, trian_mse:0.0080, trian_r2: -38.6466, trian_cc: 0.3246
Epoch 32, val_loss: 0.0042, val_mae: 0.0654, val_mse: 0.0084, val_r2: -27.4598, val_cc: 0.3086
Epoch 33, trian_loss: 0.0039, trian_mae: 0.0642, trian_mse:0.0078, trian_r2: -36.5565, trian_cc: 0.3271
Epoch 33, val_loss: 0.0042, val_mae: 0.0656, val_mse: 0.0083, val_r2: -21.2334, val_cc: 0.3144
Epoch 34, trian_loss: 0.0038, trian_mae: 0.0639, trian_mse:0.0077, trian_r2: -36.4156, trian_cc: 0.3276
Epoch 34, val_loss: 0.0043, val_mae: 0.0657, val_mse: 0.0085, val_r2: -25.5133, val_cc: 0.3090
Epoch 35, trian_loss: 0.0038, trian_mae: 0.0633, trian_mse:0.0075, trian_r2: -33.8722, trian_cc: 0.3288
Epoch 35, val_loss: 0.0043, val_mae: 0.0654, val_mse: 0.0086, val_r2: -29.9413, val_cc: 0.3049
Epoch 36, trian_loss: 0.0037, trian_mae: 0.0632, trian_mse:0.0074, trian_r2: -28.5542, trian_cc: 0.3270
Epoch 36, val_loss: 0.0044, val_mae: 0.0660, val_mse: 0.0088, val_r2: -38.1601, val_cc: 0.2994
Epoch 37, trian_loss: 0.0036, trian_mae: 0.0626, trian_mse:0.0072, trian_r2: -30.3973, trian_cc: 0.3309
Epoch 37, val_loss: 0.0045, val_mae: 0.0665, val_mse: 0.0090, val_r2: -29.5598, val_cc: 0.3010
Epoch 38, trian_loss: 0.0036, trian_mae: 0.0622, trian_mse:0.0071, trian_r2: -27.1801, trian_cc: 0.3328
Epoch 38, val_loss: 0.0046, val_mae: 0.0672, val_mse: 0.0092, val_r2: -25.6435, val_cc: 0.3023
Epoch 39, trian_loss: 0.0036, trian_mae: 0.0627, trian_mse:0.0072, trian_r2: -25.5484, trian_cc: 0.3322
Epoch 39, val_loss: 0.0042, val_mae: 0.0657, val_mse: 0.0084, val_r2: -17.5959, val_cc: 0.3084
Epoch 40, trian_loss: 0.0035, trian_mae: 0.0619, trian_mse:0.0071, trian_r2: -21.6727, trian_cc: 0.3397
Epoch 40, val_loss: 0.0042, val_mae: 0.0661, val_mse: 0.0084, val_r2: -21.7917, val_cc: 0.3039
Epoch 41, trian_loss: 0.0035, trian_mae: 0.0619, trian_mse:0.0070, trian_r2: -23.0104, trian_cc: 0.3408
Epoch 41, val_loss: 0.0042, val_mae: 0.0658, val_mse: 0.0085, val_r2: -20.6071, val_cc: 0.3023
Epoch 42, trian_loss: 0.0034, trian_mae: 0.0612, trian_mse:0.0069, trian_r2: -19.8265, trian_cc: 0.3474
Epoch 42, val_loss: 0.0043, val_mae: 0.0658, val_mse: 0.0086, val_r2: -25.3571, val_cc: 0.2906
Epoch 43, trian_loss: 0.0034, trian_mae: 0.0605, trian_mse:0.0068, trian_r2: -18.7639, trian_cc: 0.3521
Epoch 43, val_loss: 0.0042, val_mae: 0.0657, val_mse: 0.0083, val_r2: -23.8471, val_cc: 0.2912
Epoch 44, trian_loss: 0.0034, trian_mae: 0.0605, trian_mse:0.0067, trian_r2: -18.9807, trian_cc: 0.3536
Epoch 44, val_loss: 0.0045, val_mae: 0.0666, val_mse: 0.0089, val_r2: -33.9560, val_cc: 0.2777
Epoch 45, trian_loss: 0.0034, trian_mae: 0.0609, trian_mse:0.0068, trian_r2: -20.7851, trian_cc: 0.3500
Epoch 45, val_loss: 0.0043, val_mae: 0.0661, val_mse: 0.0086, val_r2: -17.4634, val_cc: 0.2927
Epoch 46, trian_loss: 0.0033, trian_mae: 0.0601, trian_mse:0.0067, trian_r2: -17.6064, trian_cc: 0.3629
Epoch 46, val_loss: 0.0043, val_mae: 0.0667, val_mse: 0.0086, val_r2: -32.2459, val_cc: 0.2738
Epoch 47, trian_loss: 0.0032, trian_mae: 0.0593, trian_mse:0.0065, trian_r2: -16.2280, trian_cc: 0.3691
Epoch 47, val_loss: 0.0043, val_mae: 0.0663, val_mse: 0.0085, val_r2: -22.8124, val_cc: 0.2796
Epoch 48, trian_loss: 0.0032, trian_mae: 0.0593, trian_mse:0.0065, trian_r2: -16.3777, trian_cc: 0.3731
Epoch 48, val_loss: 0.0042, val_mae: 0.0663, val_mse: 0.0084, val_r2: -21.7358, val_cc: 0.2757
Epoch 49, trian_loss: 0.0033, trian_mae: 0.0598, trian_mse:0.0066, trian_r2: -16.6878, trian_cc: 0.3725
Epoch 49, val_loss: 0.0043, val_mae: 0.0663, val_mse: 0.0086, val_r2: -29.3705, val_cc: 0.2697
Epoch 50, trian_loss: 0.0032, trian_mae: 0.0587, trian_mse:0.0064, trian_r2: -15.5840, trian_cc: 0.3842
Epoch 50, val_loss: 0.0043, val_mae: 0.0665, val_mse: 0.0087, val_r2: -27.7393, val_cc: 0.2623
Epoch 51, trian_loss: 0.0032, trian_mae: 0.0585, trian_mse:0.0063, trian_r2: -14.0698, trian_cc: 0.3918
Epoch 51, val_loss: 0.0043, val_mae: 0.0663, val_mse: 0.0085, val_r2: -23.6332, val_cc: 0.2756
Epoch 52, trian_loss: 0.0032, trian_mae: 0.0582, trian_mse:0.0063, trian_r2: -15.0509, trian_cc: 0.3994
Epoch 52, val_loss: 0.0043, val_mae: 0.0664, val_mse: 0.0086, val_r2: -25.8952, val_cc: 0.2752
Epoch 53, trian_loss: 0.0031, trian_mae: 0.0579, trian_mse:0.0062, trian_r2: -11.7675, trian_cc: 0.4065
Epoch 53, val_loss: 0.0044, val_mae: 0.0665, val_mse: 0.0087, val_r2: -27.1771, val_cc: 0.2745
Epoch 54, trian_loss: 0.0030, trian_mae: 0.0572, trian_mse:0.0060, trian_r2: -10.0328, trian_cc: 0.4147
Epoch 54, val_loss: 0.0045, val_mae: 0.0668, val_mse: 0.0089, val_r2: -35.2256, val_cc: 0.2614
Epoch 55, trian_loss: 0.0030, trian_mae: 0.0567, trian_mse:0.0059, trian_r2: -8.4804, trian_cc: 0.4258
Epoch 55, val_loss: 0.0044, val_mae: 0.0667, val_mse: 0.0088, val_r2: -19.9337, val_cc: 0.2708
Epoch 56, trian_loss: 0.0030, trian_mae: 0.0569, trian_mse:0.0060, trian_r2: -9.6575, trian_cc: 0.4302
Epoch 56, val_loss: 0.0045, val_mae: 0.0669, val_mse: 0.0089, val_r2: -18.1895, val_cc: 0.2680
Epoch 57, trian_loss: 0.0029, trian_mae: 0.0560, trian_mse:0.0058, trian_r2: -7.3360, trian_cc: 0.4450
Epoch 57, val_loss: 0.0045, val_mae: 0.0671, val_mse: 0.0089, val_r2: -16.0657, val_cc: 0.2636
Epoch 58, trian_loss: 0.0028, trian_mae: 0.0550, trian_mse:0.0056, trian_r2: -6.7407, trian_cc: 0.4592
Epoch 58, val_loss: 0.0045, val_mae: 0.0673, val_mse: 0.0089, val_r2: -18.6026, val_cc: 0.2511
Epoch 59, trian_loss: 0.0027, trian_mae: 0.0544, trian_mse:0.0054, trian_r2: -6.4438, trian_cc: 0.4731
Epoch 59, val_loss: 0.0042, val_mae: 0.0662, val_mse: 0.0085, val_r2: -14.0276, val_cc: 0.2747
Epoch 60, trian_loss: 0.0027, trian_mae: 0.0537, trian_mse:0.0053, trian_r2: -5.5980, trian_cc: 0.4892
Epoch 60, val_loss: 0.0045, val_mae: 0.0677, val_mse: 0.0089, val_r2: -14.2345, val_cc: 0.2484
Epoch 61, trian_loss: 0.0025, trian_mae: 0.0522, trian_mse:0.0050, trian_r2: -4.5495, trian_cc: 0.5107
Epoch 61, val_loss: 0.0043, val_mae: 0.0666, val_mse: 0.0085, val_r2: -13.6047, val_cc: 0.2599
Epoch 62, trian_loss: 0.0025, trian_mae: 0.0524, trian_mse:0.0051, trian_r2: -4.2822, trian_cc: 0.5191
Epoch 62, val_loss: 0.0044, val_mae: 0.0679, val_mse: 0.0089, val_r2: -9.3305, val_cc: 0.2453
Epoch 63, trian_loss: 0.0024, trian_mae: 0.0507, trian_mse:0.0047, trian_r2: -3.4868, trian_cc: 0.5453
Epoch 63, val_loss: 0.0044, val_mae: 0.0676, val_mse: 0.0089, val_r2: -11.0699, val_cc: 0.2427
Epoch 64, trian_loss: 0.0022, trian_mae: 0.0492, trian_mse:0.0045, trian_r2: -3.2796, trian_cc: 0.5643
Epoch 64, val_loss: 0.0046, val_mae: 0.0685, val_mse: 0.0093, val_r2: -13.4584, val_cc: 0.2358
Epoch 65, trian_loss: 0.0022, trian_mae: 0.0494, trian_mse:0.0045, trian_r2: -3.1285, trian_cc: 0.5686
Epoch 65, val_loss: 0.0044, val_mae: 0.0674, val_mse: 0.0087, val_r2: -12.2537, val_cc: 0.2415
Epoch 66, trian_loss: 0.0022, trian_mae: 0.0494, trian_mse:0.0045, trian_r2: -2.9452, trian_cc: 0.5771
Epoch 66, val_loss: 0.0044, val_mae: 0.0677, val_mse: 0.0089, val_r2: -10.4627, val_cc: 0.2471
Epoch 67, trian_loss: 0.0021, trian_mae: 0.0472, trian_mse:0.0041, trian_r2: -2.2719, trian_cc: 0.6079
Epoch 67, val_loss: 0.0045, val_mae: 0.0682, val_mse: 0.0090, val_r2: -8.3389, val_cc: 0.2419
Epoch 68, trian_loss: 0.0019, trian_mae: 0.0457, trian_mse:0.0038, trian_r2: -1.8000, trian_cc: 0.6252
Epoch 68, val_loss: 0.0046, val_mae: 0.0698, val_mse: 0.0092, val_r2: -5.5038, val_cc: 0.2327
Epoch 69, trian_loss: 0.0020, trian_mae: 0.0465, trian_mse:0.0040, trian_r2: -1.8165, trian_cc: 0.6230
Epoch 69, val_loss: 0.0046, val_mae: 0.0680, val_mse: 0.0092, val_r2: -12.3978, val_cc: 0.2366
Epoch 70, trian_loss: 0.0020, trian_mae: 0.0466, trian_mse:0.0040, trian_r2: -1.9027, trian_cc: 0.6296
Epoch 70, val_loss: 0.0045, val_mae: 0.0685, val_mse: 0.0090, val_r2: -7.4005, val_cc: 0.2347
Epoch 71, trian_loss: 0.0019, trian_mae: 0.0457, trian_mse:0.0038, trian_r2: -1.9521, trian_cc: 0.6442
Epoch 71, val_loss: 0.0046, val_mae: 0.0690, val_mse: 0.0092, val_r2: -6.0245, val_cc: 0.2367
Epoch 72, trian_loss: 0.0018, trian_mae: 0.0444, trian_mse:0.0036, trian_r2: -1.5549, trian_cc: 0.6597
Epoch 72, val_loss: 0.0047, val_mae: 0.0696, val_mse: 0.0094, val_r2: -5.3321, val_cc: 0.2378
Epoch 73, trian_loss: 0.0017, trian_mae: 0.0436, trian_mse:0.0035, trian_r2: -1.1586, trian_cc: 0.6688
Epoch 73, val_loss: 0.0047, val_mae: 0.0700, val_mse: 0.0093, val_r2: -5.1747, val_cc: 0.2226
Epoch 74, trian_loss: 0.0017, trian_mae: 0.0428, trian_mse:0.0034, trian_r2: -0.9772, trian_cc: 0.6809
Epoch 74, val_loss: 0.0048, val_mae: 0.0717, val_mse: 0.0097, val_r2: -3.4133, val_cc: 0.2230
Epoch 75, trian_loss: 0.0018, trian_mae: 0.0440, trian_mse:0.0036, trian_r2: -1.9963, trian_cc: 0.6732
Epoch 75, val_loss: 0.0047, val_mae: 0.0708, val_mse: 0.0094, val_r2: -4.5310, val_cc: 0.2187
Epoch 76, trian_loss: 0.0017, trian_mae: 0.0432, trian_mse:0.0034, trian_r2: -1.2076, trian_cc: 0.6836
Epoch 76, val_loss: 0.0047, val_mae: 0.0693, val_mse: 0.0093, val_r2: -6.4122, val_cc: 0.2208
Epoch 77, trian_loss: 0.0016, trian_mae: 0.0420, trian_mse:0.0032, trian_r2: -0.8358, trian_cc: 0.6951
Epoch 77, val_loss: 0.0049, val_mae: 0.0722, val_mse: 0.0098, val_r2: -3.6236, val_cc: 0.2150
Epoch 78, trian_loss: 0.0016, trian_mae: 0.0417, trian_mse:0.0032, trian_r2: -0.7862, trian_cc: 0.7011
Epoch 78, val_loss: 0.0048, val_mae: 0.0698, val_mse: 0.0095, val_r2: -7.5760, val_cc: 0.2117
Epoch 79, trian_loss: 0.0017, trian_mae: 0.0431, trian_mse:0.0034, trian_r2: -0.7770, trian_cc: 0.6956
Epoch 79, val_loss: 0.0046, val_mae: 0.0696, val_mse: 0.0092, val_r2: -5.1648, val_cc: 0.2324
Epoch 80, trian_loss: 0.0016, trian_mae: 0.0411, trian_mse:0.0031, trian_r2: -0.6020, trian_cc: 0.7133
Epoch 80, val_loss: 0.0046, val_mae: 0.0699, val_mse: 0.0093, val_r2: -4.7394, val_cc: 0.2203
Epoch 81, trian_loss: 0.0015, trian_mae: 0.0400, trian_mse:0.0029, trian_r2: -0.4716, trian_cc: 0.7258
Epoch 81, val_loss: 0.0051, val_mae: 0.0738, val_mse: 0.0101, val_r2: -2.6548, val_cc: 0.2174
Epoch 82, trian_loss: 0.0015, trian_mae: 0.0409, trian_mse:0.0031, trian_r2: -0.5670, trian_cc: 0.7217
Epoch 82, val_loss: 0.0047, val_mae: 0.0695, val_mse: 0.0094, val_r2: -6.6138, val_cc: 0.2152
Epoch 83, trian_loss: 0.0015, trian_mae: 0.0398, trian_mse:0.0029, trian_r2: -0.4027, trian_cc: 0.7326
Epoch 83, val_loss: 0.0049, val_mae: 0.0714, val_mse: 0.0098, val_r2: -4.1602, val_cc: 0.2179
Epoch 84, trian_loss: 0.0014, trian_mae: 0.0391, trian_mse:0.0028, trian_r2: -0.3308, trian_cc: 0.7415
Epoch 84, val_loss: 0.0048, val_mae: 0.0706, val_mse: 0.0097, val_r2: -4.7874, val_cc: 0.2187
Epoch 85, trian_loss: 0.0014, trian_mae: 0.0395, trian_mse:0.0029, trian_r2: -0.3011, trian_cc: 0.7393
Epoch 85, val_loss: 0.0049, val_mae: 0.0734, val_mse: 0.0099, val_r2: -3.4716, val_cc: 0.2029
Epoch 86, trian_loss: 0.0014, trian_mae: 0.0388, trian_mse:0.0028, trian_r2: -0.2536, trian_cc: 0.7475
Epoch 86, val_loss: 0.0050, val_mae: 0.0730, val_mse: 0.0100, val_r2: -3.3869, val_cc: 0.2028
Epoch 87, trian_loss: 0.0013, trian_mae: 0.0382, trian_mse:0.0027, trian_r2: -0.1863, trian_cc: 0.7538
Epoch 87, val_loss: 0.0049, val_mae: 0.0718, val_mse: 0.0098, val_r2: -3.8054, val_cc: 0.2102
Epoch 88, trian_loss: 0.0013, trian_mae: 0.0382, trian_mse:0.0027, trian_r2: -0.2156, trian_cc: 0.7563
Epoch 88, val_loss: 0.0049, val_mae: 0.0713, val_mse: 0.0097, val_r2: -4.2128, val_cc: 0.2105
Epoch 89, trian_loss: 0.0014, trian_mae: 0.0384, trian_mse:0.0027, trian_r2: -0.1618, trian_cc: 0.7566
Epoch 89, val_loss: 0.0049, val_mae: 0.0729, val_mse: 0.0098, val_r2: -3.1402, val_cc: 0.2086
Epoch 90, trian_loss: 0.0014, trian_mae: 0.0388, trian_mse:0.0027, trian_r2: -0.2411, trian_cc: 0.7568
Epoch 90, val_loss: 0.0051, val_mae: 0.0743, val_mse: 0.0102, val_r2: -3.0781, val_cc: 0.1974
Epoch 91, trian_loss: 0.0013, trian_mae: 0.0381, trian_mse:0.0027, trian_r2: -0.0944, trian_cc: 0.7634
Epoch 91, val_loss: 0.0048, val_mae: 0.0705, val_mse: 0.0096, val_r2: -6.0013, val_cc: 0.1972
Epoch 92, trian_loss: 0.0013, trian_mae: 0.0370, trian_mse:0.0025, trian_r2: -0.1253, trian_cc: 0.7738
Epoch 92, val_loss: 0.0050, val_mae: 0.0736, val_mse: 0.0101, val_r2: -3.5185, val_cc: 0.1881
Epoch 93, trian_loss: 0.0012, trian_mae: 0.0363, trian_mse:0.0024, trian_r2: 0.0514, trian_cc: 0.7815
Epoch 93, val_loss: 0.0048, val_mae: 0.0700, val_mse: 0.0095, val_r2: -6.8879, val_cc: 0.1965
Epoch 94, trian_loss: 0.0012, trian_mae: 0.0363, trian_mse:0.0024, trian_r2: 0.0466, trian_cc: 0.7834
Epoch 94, val_loss: 0.0050, val_mae: 0.0721, val_mse: 0.0099, val_r2: -4.1977, val_cc: 0.2005
Epoch 95, trian_loss: 0.0012, trian_mae: 0.0363, trian_mse:0.0024, trian_r2: 0.0636, trian_cc: 0.7836
Epoch 95, val_loss: 0.0050, val_mae: 0.0726, val_mse: 0.0100, val_r2: -3.4537, val_cc: 0.2056
Epoch 96, trian_loss: 0.0012, trian_mae: 0.0359, trian_mse:0.0024, trian_r2: 0.0924, trian_cc: 0.7890
Epoch 96, val_loss: 0.0050, val_mae: 0.0719, val_mse: 0.0100, val_r2: -4.2419, val_cc: 0.2041
Epoch 97, trian_loss: 0.0012, trian_mae: 0.0363, trian_mse:0.0024, trian_r2: 0.0853, trian_cc: 0.7870
Epoch 97, val_loss: 0.0051, val_mae: 0.0741, val_mse: 0.0103, val_r2: -2.9357, val_cc: 0.1994
Epoch 98, trian_loss: 0.0012, trian_mae: 0.0359, trian_mse:0.0024, trian_r2: 0.0935, trian_cc: 0.7881
Epoch 98, val_loss: 0.0050, val_mae: 0.0732, val_mse: 0.0101, val_r2: -3.3380, val_cc: 0.1980
Epoch 99, trian_loss: 0.0012, trian_mae: 0.0358, trian_mse:0.0024, trian_r2: 0.1254, trian_cc: 0.7920
Epoch 99, val_loss: 0.0051, val_mae: 0.0759, val_mse: 0.0102, val_r2: -2.7793, val_cc: 0.2016
