Trian Data: 633   Validation Data: 211  Test Data: 212
[1, 1]
[1, 1]
[1, 1]
[1, 1]
model SENet(
  (conv1): Conv2d(460, 64, kernel_size=(3, 3), stride=(1, 1), padding=(1, 1), bias=False)
  (bn1): BatchNorm2d(64, eps=1e-05, momentum=0.1, affine=True, track_running_stats=True)
  (layer1): Sequential(
    (0): BasicBlock(
      (conv1): Conv2d(64, 64, kernel_size=(3, 3), stride=(1, 1), padding=(1, 1), bias=False)
      (bn1): BatchNorm2d(64, eps=1e-05, momentum=0.1, affine=True, track_running_stats=True)
      (conv2): Conv2d(64, 64, kernel_size=(3, 3), stride=(1, 1), padding=(1, 1), bias=False)
      (bn2): BatchNorm2d(64, eps=1e-05, momentum=0.1, affine=True, track_running_stats=True)
      (shortcut): Sequential()
      (fc1): Conv2d(64, 4, kernel_size=(1, 1), stride=(1, 1))
      (fc2): Conv2d(4, 64, kernel_size=(1, 1), stride=(1, 1))
    )
    (1): BasicBlock(
      (conv1): Conv2d(64, 64, kernel_size=(3, 3), stride=(1, 1), padding=(1, 1), bias=False)
      (bn1): BatchNorm2d(64, eps=1e-05, momentum=0.1, affine=True, track_running_stats=True)
      (conv2): Conv2d(64, 64, kernel_size=(3, 3), stride=(1, 1), padding=(1, 1), bias=False)
      (bn2): BatchNorm2d(64, eps=1e-05, momentum=0.1, affine=True, track_running_stats=True)
      (shortcut): Sequential()
      (fc1): Conv2d(64, 4, kernel_size=(1, 1), stride=(1, 1))
      (fc2): Conv2d(4, 64, kernel_size=(1, 1), stride=(1, 1))
    )
  )
  (layer2): Sequential(
    (0): BasicBlock(
      (conv1): Conv2d(64, 64, kernel_size=(3, 3), stride=(1, 1), padding=(1, 1), bias=False)
      (bn1): BatchNorm2d(64, eps=1e-05, momentum=0.1, affine=True, track_running_stats=True)
      (conv2): Conv2d(64, 64, kernel_size=(3, 3), stride=(1, 1), padding=(1, 1), bias=False)
      (bn2): BatchNorm2d(64, eps=1e-05, momentum=0.1, affine=True, track_running_stats=True)
      (shortcut): Sequential()
      (fc1): Conv2d(64, 4, kernel_size=(1, 1), stride=(1, 1))
      (fc2): Conv2d(4, 64, kernel_size=(1, 1), stride=(1, 1))
    )
    (1): BasicBlock(
      (conv1): Conv2d(64, 64, kernel_size=(3, 3), stride=(1, 1), padding=(1, 1), bias=False)
      (bn1): BatchNorm2d(64, eps=1e-05, momentum=0.1, affine=True, track_running_stats=True)
      (conv2): Conv2d(64, 64, kernel_size=(3, 3), stride=(1, 1), padding=(1, 1), bias=False)
      (bn2): BatchNorm2d(64, eps=1e-05, momentum=0.1, affine=True, track_running_stats=True)
      (shortcut): Sequential()
      (fc1): Conv2d(64, 4, kernel_size=(1, 1), stride=(1, 1))
      (fc2): Conv2d(4, 64, kernel_size=(1, 1), stride=(1, 1))
    )
  )
  (layer3): Sequential(
    (0): BasicBlock(
      (conv1): Conv2d(64, 64, kernel_size=(3, 3), stride=(1, 1), padding=(1, 1), bias=False)
      (bn1): BatchNorm2d(64, eps=1e-05, momentum=0.1, affine=True, track_running_stats=True)
      (conv2): Conv2d(64, 64, kernel_size=(3, 3), stride=(1, 1), padding=(1, 1), bias=False)
      (bn2): BatchNorm2d(64, eps=1e-05, momentum=0.1, affine=True, track_running_stats=True)
      (shortcut): Sequential()
      (fc1): Conv2d(64, 4, kernel_size=(1, 1), stride=(1, 1))
      (fc2): Conv2d(4, 64, kernel_size=(1, 1), stride=(1, 1))
    )
    (1): BasicBlock(
      (conv1): Conv2d(64, 64, kernel_size=(3, 3), stride=(1, 1), padding=(1, 1), bias=False)
      (bn1): BatchNorm2d(64, eps=1e-05, momentum=0.1, affine=True, track_running_stats=True)
      (conv2): Conv2d(64, 64, kernel_size=(3, 3), stride=(1, 1), padding=(1, 1), bias=False)
      (bn2): BatchNorm2d(64, eps=1e-05, momentum=0.1, affine=True, track_running_stats=True)
      (shortcut): Sequential()
      (fc1): Conv2d(64, 4, kernel_size=(1, 1), stride=(1, 1))
      (fc2): Conv2d(4, 64, kernel_size=(1, 1), stride=(1, 1))
    )
  )
  (layer4): Sequential(
    (0): BasicBlock(
      (conv1): Conv2d(64, 64, kernel_size=(3, 3), stride=(1, 1), padding=(1, 1), bias=False)
      (bn1): BatchNorm2d(64, eps=1e-05, momentum=0.1, affine=True, track_running_stats=True)
      (conv2): Conv2d(64, 64, kernel_size=(3, 3), stride=(1, 1), padding=(1, 1), bias=False)
      (bn2): BatchNorm2d(64, eps=1e-05, momentum=0.1, affine=True, track_running_stats=True)
      (shortcut): Sequential()
      (fc1): Conv2d(64, 4, kernel_size=(1, 1), stride=(1, 1))
      (fc2): Conv2d(4, 64, kernel_size=(1, 1), stride=(1, 1))
    )
    (1): BasicBlock(
      (conv1): Conv2d(64, 64, kernel_size=(3, 3), stride=(1, 1), padding=(1, 1), bias=False)
      (bn1): BatchNorm2d(64, eps=1e-05, momentum=0.1, affine=True, track_running_stats=True)
      (conv2): Conv2d(64, 64, kernel_size=(3, 3), stride=(1, 1), padding=(1, 1), bias=False)
      (bn2): BatchNorm2d(64, eps=1e-05, momentum=0.1, affine=True, track_running_stats=True)
      (shortcut): Sequential()
      (fc1): Conv2d(64, 4, kernel_size=(1, 1), stride=(1, 1))
      (fc2): Conv2d(4, 64, kernel_size=(1, 1), stride=(1, 1))
    )
  )
  (cnn): CNNnet(
    (conv1): Sequential(
      (0): Conv2d(64, 32, kernel_size=(3, 3), stride=(1, 1), padding=(1, 1))
      (1): BatchNorm2d(32, eps=1e-05, momentum=0.1, affine=True, track_running_stats=True)
      (2): ReLU()
    )
    (conv2): Sequential(
      (0): Conv2d(32, 16, kernel_size=(3, 3), stride=(1, 1), padding=(1, 1))
      (1): BatchNorm2d(16, eps=1e-05, momentum=0.1, affine=True, track_running_stats=True)
      (2): ReLU()
    )
    (conv3): Sequential(
      (0): Conv2d(16, 1, kernel_size=(3, 3), stride=(1, 1), padding=(1, 1))
      (1): BatchNorm2d(1, eps=1e-05, momentum=0.1, affine=True, track_running_stats=True)
      (2): ReLU()
    )
  )
)
Epoch  0, trian_loss: 0.0086, trian_mae: 0.0932, trian_mse:0.0256, trian_r2: -27.0583, trian_cc: 0.0104
Epoch  0, val_loss: 0.0071, val_mae: 0.0885, val_mse: 0.0141, val_r2: -41.4642, val_cc: -0.0544
Epoch  1, trian_loss: 0.0058, trian_mae: 0.0832, trian_mse:0.0116, trian_r2: -285.3708, trian_cc: 0.1186
Epoch  1, val_loss: 0.0065, val_mae: 0.0845, val_mse: 0.0130, val_r2: -203.4109, val_cc: 0.1670
Epoch  2, trian_loss: 0.0053, trian_mae: 0.0804, trian_mse:0.0106, trian_r2: -155.1222, trian_cc: 0.1858
Epoch  2, val_loss: 0.0064, val_mae: 0.0843, val_mse: 0.0129, val_r2: -106.1699, val_cc: 0.1877
Epoch  3, trian_loss: 0.0053, trian_mae: 0.0802, trian_mse:0.0106, trian_r2: -110.3272, trian_cc: 0.1964
Epoch  3, val_loss: 0.0063, val_mae: 0.0836, val_mse: 0.0127, val_r2: -87.2164, val_cc: 0.1989
Epoch  4, trian_loss: 0.0053, trian_mae: 0.0800, trian_mse:0.0106, trian_r2: -112.0101, trian_cc: 0.1940
Epoch  4, val_loss: 0.0064, val_mae: 0.0834, val_mse: 0.0128, val_r2: -66.4086, val_cc: 0.2048
Epoch  5, trian_loss: 0.0052, trian_mae: 0.0793, trian_mse:0.0104, trian_r2: -70.5643, trian_cc: 0.2143
Epoch  5, val_loss: 0.0063, val_mae: 0.0833, val_mse: 0.0127, val_r2: -73.8499, val_cc: 0.2129
Epoch  6, trian_loss: 0.0052, trian_mae: 0.0790, trian_mse:0.0104, trian_r2: -69.8002, trian_cc: 0.2211
Epoch  6, val_loss: 0.0064, val_mae: 0.0829, val_mse: 0.0127, val_r2: -56.2247, val_cc: 0.2188
Epoch  7, trian_loss: 0.0052, trian_mae: 0.0787, trian_mse:0.0103, trian_r2: -59.8631, trian_cc: 0.2337
Epoch  7, val_loss: 0.0062, val_mae: 0.0821, val_mse: 0.0124, val_r2: -45.7224, val_cc: 0.2416
Epoch  8, trian_loss: 0.0051, trian_mae: 0.0781, trian_mse:0.0102, trian_r2: -49.4834, trian_cc: 0.2442
Epoch  8, val_loss: 0.0062, val_mae: 0.0815, val_mse: 0.0125, val_r2: -47.3816, val_cc: 0.2580
Epoch  9, trian_loss: 0.0051, trian_mae: 0.0776, trian_mse:0.0102, trian_r2: -50.5891, trian_cc: 0.2532
Epoch  9, val_loss: 0.0061, val_mae: 0.0810, val_mse: 0.0122, val_r2: -50.0189, val_cc: 0.2694
Epoch 10, trian_loss: 0.0050, trian_mae: 0.0768, trian_mse:0.0100, trian_r2: -34.0316, trian_cc: 0.2693
Epoch 10, val_loss: 0.0061, val_mae: 0.0805, val_mse: 0.0122, val_r2: -43.6666, val_cc: 0.2739
Epoch 11, trian_loss: 0.0050, trian_mae: 0.0766, trian_mse:0.0100, trian_r2: -34.6690, trian_cc: 0.2696
Epoch 11, val_loss: 0.0061, val_mae: 0.0802, val_mse: 0.0123, val_r2: -51.7814, val_cc: 0.2772
Epoch 12, trian_loss: 0.0050, trian_mae: 0.0764, trian_mse:0.0100, trian_r2: -38.6652, trian_cc: 0.2766
Epoch 12, val_loss: 0.0061, val_mae: 0.0798, val_mse: 0.0121, val_r2: -48.1531, val_cc: 0.2825
Epoch 13, trian_loss: 0.0050, trian_mae: 0.0760, trian_mse:0.0099, trian_r2: -32.5311, trian_cc: 0.2815
Epoch 13, val_loss: 0.0061, val_mae: 0.0799, val_mse: 0.0122, val_r2: -46.9625, val_cc: 0.2820
Epoch 14, trian_loss: 0.0049, trian_mae: 0.0759, trian_mse:0.0099, trian_r2: -31.4749, trian_cc: 0.2824
Epoch 14, val_loss: 0.0060, val_mae: 0.0798, val_mse: 0.0121, val_r2: -47.5778, val_cc: 0.2824
Epoch 15, trian_loss: 0.0050, trian_mae: 0.0759, trian_mse:0.0099, trian_r2: -31.6281, trian_cc: 0.2832
Epoch 15, val_loss: 0.0060, val_mae: 0.0798, val_mse: 0.0120, val_r2: -48.4052, val_cc: 0.2824
Epoch 16, trian_loss: 0.0049, trian_mae: 0.0757, trian_mse:0.0099, trian_r2: -31.5567, trian_cc: 0.2848
Epoch 16, val_loss: 0.0061, val_mae: 0.0798, val_mse: 0.0121, val_r2: -43.6403, val_cc: 0.2839
Epoch 17, trian_loss: 0.0049, trian_mae: 0.0757, trian_mse:0.0099, trian_r2: -30.8333, trian_cc: 0.2838
Epoch 17, val_loss: 0.0061, val_mae: 0.0800, val_mse: 0.0122, val_r2: -55.6347, val_cc: 0.2810
Epoch 18, trian_loss: 0.0050, trian_mae: 0.0758, trian_mse:0.0099, trian_r2: -33.2272, trian_cc: 0.2855
Epoch 18, val_loss: 0.0062, val_mae: 0.0806, val_mse: 0.0123, val_r2: -63.7507, val_cc: 0.2775
Epoch 19, trian_loss: 0.0049, trian_mae: 0.0756, trian_mse:0.0099, trian_r2: -31.6902, trian_cc: 0.2862
Epoch 19, val_loss: 0.0061, val_mae: 0.0799, val_mse: 0.0122, val_r2: -51.6334, val_cc: 0.2844
Epoch 20, trian_loss: 0.0050, trian_mae: 0.0758, trian_mse:0.0099, trian_r2: -36.6425, trian_cc: 0.2854
Epoch 20, val_loss: 0.0061, val_mae: 0.0801, val_mse: 0.0123, val_r2: -45.4193, val_cc: 0.2844
Epoch 21, trian_loss: 0.0050, trian_mae: 0.0761, trian_mse:0.0100, trian_r2: -35.5846, trian_cc: 0.2859
Epoch 21, val_loss: 0.0061, val_mae: 0.0798, val_mse: 0.0123, val_r2: -43.6601, val_cc: 0.2857
Epoch 22, trian_loss: 0.0049, trian_mae: 0.0756, trian_mse:0.0098, trian_r2: -30.5536, trian_cc: 0.2855
Epoch 22, val_loss: 0.0061, val_mae: 0.0800, val_mse: 0.0123, val_r2: -43.5062, val_cc: 0.2836
Epoch 23, trian_loss: 0.0049, trian_mae: 0.0754, trian_mse:0.0098, trian_r2: -29.8038, trian_cc: 0.2870
Epoch 23, val_loss: 0.0061, val_mae: 0.0796, val_mse: 0.0121, val_r2: -43.1335, val_cc: 0.2858
Epoch 24, trian_loss: 0.0049, trian_mae: 0.0755, trian_mse:0.0098, trian_r2: -32.5144, trian_cc: 0.2873
Epoch 24, val_loss: 0.0062, val_mae: 0.0806, val_mse: 0.0123, val_r2: -43.7948, val_cc: 0.2793
Epoch 25, trian_loss: 0.0049, trian_mae: 0.0754, trian_mse:0.0098, trian_r2: -32.8476, trian_cc: 0.2893
Epoch 25, val_loss: 0.0062, val_mae: 0.0803, val_mse: 0.0124, val_r2: -47.2906, val_cc: 0.2834
Epoch 26, trian_loss: 0.0049, trian_mae: 0.0753, trian_mse:0.0098, trian_r2: -30.5325, trian_cc: 0.2891
Epoch 26, val_loss: 0.0061, val_mae: 0.0800, val_mse: 0.0122, val_r2: -44.6859, val_cc: 0.2870
Epoch 27, trian_loss: 0.0049, trian_mae: 0.0754, trian_mse:0.0098, trian_r2: -32.3024, trian_cc: 0.2882
Epoch 27, val_loss: 0.0061, val_mae: 0.0799, val_mse: 0.0123, val_r2: -50.2810, val_cc: 0.2830
Epoch 28, trian_loss: 0.0049, trian_mae: 0.0752, trian_mse:0.0098, trian_r2: -30.6827, trian_cc: 0.2907
Epoch 28, val_loss: 0.0061, val_mae: 0.0796, val_mse: 0.0122, val_r2: -42.1824, val_cc: 0.2873
Epoch 29, trian_loss: 0.0049, trian_mae: 0.0752, trian_mse:0.0098, trian_r2: -30.0900, trian_cc: 0.2896
Epoch 29, val_loss: 0.0061, val_mae: 0.0799, val_mse: 0.0121, val_r2: -46.1597, val_cc: 0.2832
Epoch 30, trian_loss: 0.0049, trian_mae: 0.0752, trian_mse:0.0098, trian_r2: -29.5441, trian_cc: 0.2900
Epoch 30, val_loss: 0.0061, val_mae: 0.0802, val_mse: 0.0122, val_r2: -46.5269, val_cc: 0.2835
Epoch 31, trian_loss: 0.0049, trian_mae: 0.0752, trian_mse:0.0098, trian_r2: -30.9461, trian_cc: 0.2896
Epoch 31, val_loss: 0.0061, val_mae: 0.0802, val_mse: 0.0123, val_r2: -53.5764, val_cc: 0.2819
Epoch 32, trian_loss: 0.0050, trian_mae: 0.0758, trian_mse:0.0099, trian_r2: -36.1648, trian_cc: 0.2857
Epoch 32, val_loss: 0.0061, val_mae: 0.0799, val_mse: 0.0122, val_r2: -49.1986, val_cc: 0.2834
Epoch 33, trian_loss: 0.0049, trian_mae: 0.0752, trian_mse:0.0098, trian_r2: -31.8124, trian_cc: 0.2898
Epoch 33, val_loss: 0.0061, val_mae: 0.0797, val_mse: 0.0122, val_r2: -48.4072, val_cc: 0.2849
Epoch 34, trian_loss: 0.0049, trian_mae: 0.0754, trian_mse:0.0098, trian_r2: -31.6348, trian_cc: 0.2913
Epoch 34, val_loss: 0.0061, val_mae: 0.0796, val_mse: 0.0122, val_r2: -47.0525, val_cc: 0.2876
Epoch 35, trian_loss: 0.0049, trian_mae: 0.0752, trian_mse:0.0098, trian_r2: -30.3110, trian_cc: 0.2900
Epoch 35, val_loss: 0.0060, val_mae: 0.0795, val_mse: 0.0120, val_r2: -44.1036, val_cc: 0.2872
Epoch 36, trian_loss: 0.0048, trian_mae: 0.0746, trian_mse:0.0097, trian_r2: -26.4824, trian_cc: 0.2948
Epoch 36, val_loss: 0.0060, val_mae: 0.0793, val_mse: 0.0120, val_r2: -40.7242, val_cc: 0.2889
Epoch 37, trian_loss: 0.0048, trian_mae: 0.0745, trian_mse:0.0097, trian_r2: -26.5421, trian_cc: 0.2950
Epoch 37, val_loss: 0.0060, val_mae: 0.0793, val_mse: 0.0119, val_r2: -39.7968, val_cc: 0.2900
Epoch 38, trian_loss: 0.0048, trian_mae: 0.0745, trian_mse:0.0097, trian_r2: -26.6452, trian_cc: 0.2954
Epoch 38, val_loss: 0.0060, val_mae: 0.0794, val_mse: 0.0120, val_r2: -37.5931, val_cc: 0.2886
Epoch 39, trian_loss: 0.0048, trian_mae: 0.0744, trian_mse:0.0096, trian_r2: -26.2150, trian_cc: 0.2962
Epoch 39, val_loss: 0.0060, val_mae: 0.0792, val_mse: 0.0119, val_r2: -40.0804, val_cc: 0.2882
Epoch 40, trian_loss: 0.0048, trian_mae: 0.0746, trian_mse:0.0097, trian_r2: -28.0093, trian_cc: 0.2957
Epoch 40, val_loss: 0.0060, val_mae: 0.0797, val_mse: 0.0120, val_r2: -39.9494, val_cc: 0.2862
Epoch 41, trian_loss: 0.0048, trian_mae: 0.0744, trian_mse:0.0096, trian_r2: -26.0842, trian_cc: 0.2960
Epoch 41, val_loss: 0.0060, val_mae: 0.0796, val_mse: 0.0121, val_r2: -38.6189, val_cc: 0.2857
Epoch 42, trian_loss: 0.0048, trian_mae: 0.0743, trian_mse:0.0096, trian_r2: -27.0273, trian_cc: 0.2965
Epoch 42, val_loss: 0.0060, val_mae: 0.0794, val_mse: 0.0119, val_r2: -36.3302, val_cc: 0.2849
Epoch 43, trian_loss: 0.0048, trian_mae: 0.0743, trian_mse:0.0096, trian_r2: -26.4113, trian_cc: 0.2967
Epoch 43, val_loss: 0.0059, val_mae: 0.0793, val_mse: 0.0119, val_r2: -35.8655, val_cc: 0.2864
Epoch 44, trian_loss: 0.0048, trian_mae: 0.0743, trian_mse:0.0096, trian_r2: -26.6015, trian_cc: 0.2974
Epoch 44, val_loss: 0.0059, val_mae: 0.0793, val_mse: 0.0119, val_r2: -36.6106, val_cc: 0.2851
Epoch 45, trian_loss: 0.0048, trian_mae: 0.0744, trian_mse:0.0096, trian_r2: -27.6189, trian_cc: 0.2970
Epoch 45, val_loss: 0.0060, val_mae: 0.0793, val_mse: 0.0120, val_r2: -39.2335, val_cc: 0.2857
Epoch 46, trian_loss: 0.0048, trian_mae: 0.0743, trian_mse:0.0096, trian_r2: -26.5402, trian_cc: 0.2973
Epoch 46, val_loss: 0.0059, val_mae: 0.0793, val_mse: 0.0119, val_r2: -39.5316, val_cc: 0.2842
Epoch 47, trian_loss: 0.0048, trian_mae: 0.0743, trian_mse:0.0096, trian_r2: -26.0313, trian_cc: 0.2977
Epoch 47, val_loss: 0.0060, val_mae: 0.0794, val_mse: 0.0119, val_r2: -35.6920, val_cc: 0.2851
Epoch 48, trian_loss: 0.0048, trian_mae: 0.0742, trian_mse:0.0096, trian_r2: -27.2611, trian_cc: 0.2976
Epoch 48, val_loss: 0.0059, val_mae: 0.0794, val_mse: 0.0119, val_r2: -37.8403, val_cc: 0.2836
Epoch 49, trian_loss: 0.0048, trian_mae: 0.0742, trian_mse:0.0096, trian_r2: -26.8698, trian_cc: 0.2983
Epoch 49, val_loss: 0.0060, val_mae: 0.0794, val_mse: 0.0119, val_r2: -40.8822, val_cc: 0.2824
Epoch 50, trian_loss: 0.0048, trian_mae: 0.0742, trian_mse:0.0096, trian_r2: -25.5773, trian_cc: 0.2987
Epoch 50, val_loss: 0.0060, val_mae: 0.0794, val_mse: 0.0119, val_r2: -38.1531, val_cc: 0.2835
Epoch 51, trian_loss: 0.0048, trian_mae: 0.0744, trian_mse:0.0097, trian_r2: -30.8895, trian_cc: 0.2955
Epoch 51, val_loss: 0.0060, val_mae: 0.0796, val_mse: 0.0121, val_r2: -37.7356, val_cc: 0.2854
Epoch 52, trian_loss: 0.0048, trian_mae: 0.0744, trian_mse:0.0097, trian_r2: -26.3846, trian_cc: 0.2972
Epoch 52, val_loss: 0.0061, val_mae: 0.0797, val_mse: 0.0121, val_r2: -31.1283, val_cc: 0.2866
Epoch 53, trian_loss: 0.0048, trian_mae: 0.0741, trian_mse:0.0096, trian_r2: -27.3390, trian_cc: 0.2985
Epoch 53, val_loss: 0.0060, val_mae: 0.0795, val_mse: 0.0119, val_r2: -38.4897, val_cc: 0.2850
Epoch 54, trian_loss: 0.0048, trian_mae: 0.0740, trian_mse:0.0095, trian_r2: -26.0778, trian_cc: 0.3000
Epoch 54, val_loss: 0.0060, val_mae: 0.0796, val_mse: 0.0120, val_r2: -38.2867, val_cc: 0.2844
Epoch 55, trian_loss: 0.0048, trian_mae: 0.0740, trian_mse:0.0095, trian_r2: -25.6553, trian_cc: 0.3009
Epoch 55, val_loss: 0.0060, val_mae: 0.0795, val_mse: 0.0119, val_r2: -39.3042, val_cc: 0.2830
Epoch 56, trian_loss: 0.0048, trian_mae: 0.0739, trian_mse:0.0095, trian_r2: -26.0023, trian_cc: 0.3009
Epoch 56, val_loss: 0.0059, val_mae: 0.0795, val_mse: 0.0119, val_r2: -39.7541, val_cc: 0.2848
Epoch 57, trian_loss: 0.0048, trian_mae: 0.0742, trian_mse:0.0096, trian_r2: -26.5542, trian_cc: 0.2970
Epoch 57, val_loss: 0.0060, val_mae: 0.0797, val_mse: 0.0120, val_r2: -35.2299, val_cc: 0.2849
Epoch 58, trian_loss: 0.0048, trian_mae: 0.0739, trian_mse:0.0095, trian_r2: -25.5343, trian_cc: 0.3012
Epoch 58, val_loss: 0.0060, val_mae: 0.0800, val_mse: 0.0120, val_r2: -41.1526, val_cc: 0.2837
Epoch 59, trian_loss: 0.0048, trian_mae: 0.0738, trian_mse:0.0095, trian_r2: -25.8399, trian_cc: 0.3014
Epoch 59, val_loss: 0.0060, val_mae: 0.0799, val_mse: 0.0120, val_r2: -37.4328, val_cc: 0.2829
Epoch 60, trian_loss: 0.0047, trian_mae: 0.0738, trian_mse:0.0095, trian_r2: -25.4630, trian_cc: 0.3023
Epoch 60, val_loss: 0.0060, val_mae: 0.0798, val_mse: 0.0120, val_r2: -39.5775, val_cc: 0.2832
Epoch 61, trian_loss: 0.0047, trian_mae: 0.0739, trian_mse:0.0095, trian_r2: -25.9916, trian_cc: 0.3018
Epoch 61, val_loss: 0.0060, val_mae: 0.0799, val_mse: 0.0120, val_r2: -38.4466, val_cc: 0.2804
Epoch 62, trian_loss: 0.0047, trian_mae: 0.0736, trian_mse:0.0094, trian_r2: -25.6268, trian_cc: 0.3032
Epoch 62, val_loss: 0.0060, val_mae: 0.0798, val_mse: 0.0120, val_r2: -38.9001, val_cc: 0.2824
Epoch 63, trian_loss: 0.0047, trian_mae: 0.0738, trian_mse:0.0095, trian_r2: -26.9345, trian_cc: 0.3010
Epoch 63, val_loss: 0.0060, val_mae: 0.0799, val_mse: 0.0120, val_r2: -42.2790, val_cc: 0.2818
Epoch 64, trian_loss: 0.0047, trian_mae: 0.0736, trian_mse:0.0094, trian_r2: -24.9899, trian_cc: 0.3029
Epoch 64, val_loss: 0.0060, val_mae: 0.0802, val_mse: 0.0120, val_r2: -39.7037, val_cc: 0.2794
Epoch 65, trian_loss: 0.0047, trian_mae: 0.0737, trian_mse:0.0094, trian_r2: -26.0227, trian_cc: 0.3021
Epoch 65, val_loss: 0.0060, val_mae: 0.0800, val_mse: 0.0120, val_r2: -39.5151, val_cc: 0.2803
Epoch 66, trian_loss: 0.0047, trian_mae: 0.0736, trian_mse:0.0094, trian_r2: -24.7501, trian_cc: 0.3029
Epoch 66, val_loss: 0.0060, val_mae: 0.0799, val_mse: 0.0120, val_r2: -39.2128, val_cc: 0.2805
Epoch 67, trian_loss: 0.0047, trian_mae: 0.0734, trian_mse:0.0094, trian_r2: -25.8553, trian_cc: 0.3041
Epoch 67, val_loss: 0.0060, val_mae: 0.0801, val_mse: 0.0120, val_r2: -38.3596, val_cc: 0.2788
Epoch 68, trian_loss: 0.0047, trian_mae: 0.0733, trian_mse:0.0094, trian_r2: -25.5215, trian_cc: 0.3050
Epoch 68, val_loss: 0.0060, val_mae: 0.0802, val_mse: 0.0120, val_r2: -39.1077, val_cc: 0.2785
Epoch 69, trian_loss: 0.0047, trian_mae: 0.0732, trian_mse:0.0094, trian_r2: -25.8115, trian_cc: 0.3056
Epoch 69, val_loss: 0.0060, val_mae: 0.0802, val_mse: 0.0120, val_r2: -40.7146, val_cc: 0.2786
Epoch 70, trian_loss: 0.0047, trian_mae: 0.0732, trian_mse:0.0094, trian_r2: -25.4218, trian_cc: 0.3058
Epoch 70, val_loss: 0.0060, val_mae: 0.0802, val_mse: 0.0120, val_r2: -43.1257, val_cc: 0.2783
Epoch 71, trian_loss: 0.0047, trian_mae: 0.0732, trian_mse:0.0093, trian_r2: -25.4398, trian_cc: 0.3058
Epoch 71, val_loss: 0.0060, val_mae: 0.0801, val_mse: 0.0120, val_r2: -37.9775, val_cc: 0.2767
Epoch 72, trian_loss: 0.0047, trian_mae: 0.0731, trian_mse:0.0093, trian_r2: -26.0218, trian_cc: 0.3061
Epoch 72, val_loss: 0.0060, val_mae: 0.0800, val_mse: 0.0121, val_r2: -37.6124, val_cc: 0.2803
Epoch 73, trian_loss: 0.0047, trian_mae: 0.0730, trian_mse:0.0093, trian_r2: -25.4184, trian_cc: 0.3072
Epoch 73, val_loss: 0.0060, val_mae: 0.0800, val_mse: 0.0120, val_r2: -38.8628, val_cc: 0.2811
Epoch 74, trian_loss: 0.0046, trian_mae: 0.0728, trian_mse:0.0093, trian_r2: -25.2108, trian_cc: 0.3072
Epoch 74, val_loss: 0.0060, val_mae: 0.0797, val_mse: 0.0120, val_r2: -35.2833, val_cc: 0.2799
Epoch 75, trian_loss: 0.0047, trian_mae: 0.0731, trian_mse:0.0093, trian_r2: -25.7587, trian_cc: 0.3059
Epoch 75, val_loss: 0.0061, val_mae: 0.0809, val_mse: 0.0121, val_r2: -37.7204, val_cc: 0.2768
Epoch 76, trian_loss: 0.0046, trian_mae: 0.0728, trian_mse:0.0093, trian_r2: -25.5793, trian_cc: 0.3078
Epoch 76, val_loss: 0.0060, val_mae: 0.0798, val_mse: 0.0119, val_r2: -43.5056, val_cc: 0.2780
Epoch 77, trian_loss: 0.0046, trian_mae: 0.0728, trian_mse:0.0093, trian_r2: -25.3951, trian_cc: 0.3080
Epoch 77, val_loss: 0.0060, val_mae: 0.0805, val_mse: 0.0120, val_r2: -40.4652, val_cc: 0.2784
Epoch 78, trian_loss: 0.0046, trian_mae: 0.0726, trian_mse:0.0092, trian_r2: -25.1257, trian_cc: 0.3095
Epoch 78, val_loss: 0.0060, val_mae: 0.0803, val_mse: 0.0120, val_r2: -39.5322, val_cc: 0.2765
Epoch 79, trian_loss: 0.0046, trian_mae: 0.0727, trian_mse:0.0092, trian_r2: -25.2587, trian_cc: 0.3087
Epoch 79, val_loss: 0.0061, val_mae: 0.0805, val_mse: 0.0121, val_r2: -39.1371, val_cc: 0.2757
Epoch 80, trian_loss: 0.0046, trian_mae: 0.0726, trian_mse:0.0092, trian_r2: -25.3926, trian_cc: 0.3090
Epoch 80, val_loss: 0.0060, val_mae: 0.0807, val_mse: 0.0120, val_r2: -39.5884, val_cc: 0.2763
Epoch 81, trian_loss: 0.0046, trian_mae: 0.0726, trian_mse:0.0092, trian_r2: -25.5702, trian_cc: 0.3081
Epoch 81, val_loss: 0.0060, val_mae: 0.0799, val_mse: 0.0119, val_r2: -38.2812, val_cc: 0.2773
Epoch 82, trian_loss: 0.0046, trian_mae: 0.0725, trian_mse:0.0092, trian_r2: -25.4062, trian_cc: 0.3092
Epoch 82, val_loss: 0.0060, val_mae: 0.0800, val_mse: 0.0119, val_r2: -39.9589, val_cc: 0.2805
Epoch 83, trian_loss: 0.0046, trian_mae: 0.0723, trian_mse:0.0092, trian_r2: -25.3801, trian_cc: 0.3115
Epoch 83, val_loss: 0.0060, val_mae: 0.0803, val_mse: 0.0120, val_r2: -40.2005, val_cc: 0.2770
Epoch 84, trian_loss: 0.0046, trian_mae: 0.0724, trian_mse:0.0092, trian_r2: -25.0139, trian_cc: 0.3112
Epoch 84, val_loss: 0.0060, val_mae: 0.0801, val_mse: 0.0120, val_r2: -38.1647, val_cc: 0.2775
Epoch 85, trian_loss: 0.0046, trian_mae: 0.0721, trian_mse:0.0091, trian_r2: -23.9518, trian_cc: 0.3116
Epoch 85, val_loss: 0.0060, val_mae: 0.0802, val_mse: 0.0120, val_r2: -35.0521, val_cc: 0.2794
Epoch 86, trian_loss: 0.0046, trian_mae: 0.0724, trian_mse:0.0092, trian_r2: -24.8594, trian_cc: 0.3079
Epoch 86, val_loss: 0.0060, val_mae: 0.0798, val_mse: 0.0120, val_r2: -37.5747, val_cc: 0.2783
Epoch 87, trian_loss: 0.0046, trian_mae: 0.0722, trian_mse:0.0091, trian_r2: -24.3814, trian_cc: 0.3113
Epoch 87, val_loss: 0.0060, val_mae: 0.0800, val_mse: 0.0120, val_r2: -36.1653, val_cc: 0.2757
Epoch 88, trian_loss: 0.0045, trian_mae: 0.0723, trian_mse:0.0091, trian_r2: -24.5361, trian_cc: 0.3103
Epoch 88, val_loss: 0.0060, val_mae: 0.0800, val_mse: 0.0120, val_r2: -38.5996, val_cc: 0.2769
Epoch 89, trian_loss: 0.0045, trian_mae: 0.0722, trian_mse:0.0090, trian_r2: -24.9237, trian_cc: 0.3106
Epoch 89, val_loss: 0.0061, val_mae: 0.0804, val_mse: 0.0122, val_r2: -36.7043, val_cc: 0.2748
Epoch 90, trian_loss: 0.0045, trian_mae: 0.0721, trian_mse:0.0090, trian_r2: -25.0075, trian_cc: 0.3106
Epoch 90, val_loss: 0.0061, val_mae: 0.0805, val_mse: 0.0122, val_r2: -35.5810, val_cc: 0.2723
Epoch 91, trian_loss: 0.0045, trian_mae: 0.0723, trian_mse:0.0091, trian_r2: -25.2867, trian_cc: 0.3091
Epoch 91, val_loss: 0.0061, val_mae: 0.0802, val_mse: 0.0122, val_r2: -39.3783, val_cc: 0.2744
Epoch 92, trian_loss: 0.0045, trian_mae: 0.0717, trian_mse:0.0089, trian_r2: -23.1099, trian_cc: 0.3122
Epoch 92, val_loss: 0.0060, val_mae: 0.0801, val_mse: 0.0121, val_r2: -36.7565, val_cc: 0.2727
Epoch 93, trian_loss: 0.0045, trian_mae: 0.0718, trian_mse:0.0089, trian_r2: -23.3777, trian_cc: 0.3137
Epoch 93, val_loss: 0.0060, val_mae: 0.0805, val_mse: 0.0120, val_r2: -32.7146, val_cc: 0.2731
Epoch 94, trian_loss: 0.0045, trian_mae: 0.0716, trian_mse:0.0089, trian_r2: -23.8126, trian_cc: 0.3157
Epoch 94, val_loss: 0.0061, val_mae: 0.0806, val_mse: 0.0121, val_r2: -35.3286, val_cc: 0.2701
Epoch 95, trian_loss: 0.0044, trian_mae: 0.0715, trian_mse:0.0088, trian_r2: -23.3038, trian_cc: 0.3148
Epoch 95, val_loss: 0.0061, val_mae: 0.0803, val_mse: 0.0121, val_r2: -36.9084, val_cc: 0.2715
Epoch 96, trian_loss: 0.0044, trian_mae: 0.0715, trian_mse:0.0088, trian_r2: -22.2123, trian_cc: 0.3140
Epoch 96, val_loss: 0.0060, val_mae: 0.0803, val_mse: 0.0120, val_r2: -35.0599, val_cc: 0.2716
Epoch 97, trian_loss: 0.0044, trian_mae: 0.0717, trian_mse:0.0088, trian_r2: -24.6546, trian_cc: 0.3127
Epoch 97, val_loss: 0.0061, val_mae: 0.0805, val_mse: 0.0122, val_r2: -43.0278, val_cc: 0.2687
Epoch 98, trian_loss: 0.0044, trian_mae: 0.0715, trian_mse:0.0088, trian_r2: -23.6117, trian_cc: 0.3160
Epoch 98, val_loss: 0.0060, val_mae: 0.0802, val_mse: 0.0121, val_r2: -33.7193, val_cc: 0.2761
Epoch 99, trian_loss: 0.0044, trian_mae: 0.0714, trian_mse:0.0088, trian_r2: -25.2032, trian_cc: 0.3150
Epoch 99, val_loss: 0.0061, val_mae: 0.0807, val_mse: 0.0123, val_r2: -37.3854, val_cc: 0.2657
