Trian Data: 515   Validation Data: 172  Test Data: 172
model ResNet_2D(
  (conv1): Sequential(
    (0): Conv2d(61, 64, kernel_size=(3, 3), stride=(1, 1), padding=(1, 1), bias=False)
    (1): BatchNorm2d(64, eps=1e-05, momentum=0.1, affine=True, track_running_stats=True)
  )
  (layer1): Sequential(
    (0): BasicBlock(
      (conv1): Conv2d(64, 64, kernel_size=(3, 3), stride=(1, 1), padding=(1, 1), bias=False)
      (bn1): BatchNorm2d(64, eps=1e-05, momentum=0.1, affine=True, track_running_stats=True)
      (conv2): Conv2d(64, 64, kernel_size=(3, 3), stride=(1, 1), padding=(1, 1), bias=False)
      (bn2): BatchNorm2d(64, eps=1e-05, momentum=0.1, affine=True, track_running_stats=True)
      (shortcut): Sequential()
    )
    (1): BasicBlock(
      (conv1): Conv2d(64, 64, kernel_size=(3, 3), stride=(1, 1), padding=(1, 1), bias=False)
      (bn1): BatchNorm2d(64, eps=1e-05, momentum=0.1, affine=True, track_running_stats=True)
      (conv2): Conv2d(64, 64, kernel_size=(3, 3), stride=(1, 1), padding=(1, 1), bias=False)
      (bn2): BatchNorm2d(64, eps=1e-05, momentum=0.1, affine=True, track_running_stats=True)
      (shortcut): Sequential()
    )
  )
  (layer2): Sequential(
    (0): BasicBlock(
      (conv1): Conv2d(64, 64, kernel_size=(3, 3), stride=(1, 1), padding=(1, 1), bias=False)
      (bn1): BatchNorm2d(64, eps=1e-05, momentum=0.1, affine=True, track_running_stats=True)
      (conv2): Conv2d(64, 64, kernel_size=(3, 3), stride=(1, 1), padding=(1, 1), bias=False)
      (bn2): BatchNorm2d(64, eps=1e-05, momentum=0.1, affine=True, track_running_stats=True)
      (shortcut): Sequential()
    )
    (1): BasicBlock(
      (conv1): Conv2d(64, 64, kernel_size=(3, 3), stride=(1, 1), padding=(1, 1), bias=False)
      (bn1): BatchNorm2d(64, eps=1e-05, momentum=0.1, affine=True, track_running_stats=True)
      (conv2): Conv2d(64, 64, kernel_size=(3, 3), stride=(1, 1), padding=(1, 1), bias=False)
      (bn2): BatchNorm2d(64, eps=1e-05, momentum=0.1, affine=True, track_running_stats=True)
      (shortcut): Sequential()
    )
  )
  (layer3): Sequential(
    (0): BasicBlock(
      (conv1): Conv2d(64, 64, kernel_size=(3, 3), stride=(1, 1), padding=(1, 1), bias=False)
      (bn1): BatchNorm2d(64, eps=1e-05, momentum=0.1, affine=True, track_running_stats=True)
      (conv2): Conv2d(64, 64, kernel_size=(3, 3), stride=(1, 1), padding=(1, 1), bias=False)
      (bn2): BatchNorm2d(64, eps=1e-05, momentum=0.1, affine=True, track_running_stats=True)
      (shortcut): Sequential()
    )
    (1): BasicBlock(
      (conv1): Conv2d(64, 64, kernel_size=(3, 3), stride=(1, 1), padding=(1, 1), bias=False)
      (bn1): BatchNorm2d(64, eps=1e-05, momentum=0.1, affine=True, track_running_stats=True)
      (conv2): Conv2d(64, 64, kernel_size=(3, 3), stride=(1, 1), padding=(1, 1), bias=False)
      (bn2): BatchNorm2d(64, eps=1e-05, momentum=0.1, affine=True, track_running_stats=True)
      (shortcut): Sequential()
    )
    (2): BasicBlock(
      (conv1): Conv2d(64, 64, kernel_size=(3, 3), stride=(1, 1), padding=(1, 1), bias=False)
      (bn1): BatchNorm2d(64, eps=1e-05, momentum=0.1, affine=True, track_running_stats=True)
      (conv2): Conv2d(64, 64, kernel_size=(3, 3), stride=(1, 1), padding=(1, 1), bias=False)
      (bn2): BatchNorm2d(64, eps=1e-05, momentum=0.1, affine=True, track_running_stats=True)
      (shortcut): Sequential()
    )
  )
  (layer4): Sequential(
    (0): BasicBlock(
      (conv1): Conv2d(64, 64, kernel_size=(3, 3), stride=(1, 1), padding=(1, 1), bias=False)
      (bn1): BatchNorm2d(64, eps=1e-05, momentum=0.1, affine=True, track_running_stats=True)
      (conv2): Conv2d(64, 64, kernel_size=(3, 3), stride=(1, 1), padding=(1, 1), bias=False)
      (bn2): BatchNorm2d(64, eps=1e-05, momentum=0.1, affine=True, track_running_stats=True)
      (shortcut): Sequential()
    )
    (1): BasicBlock(
      (conv1): Conv2d(64, 64, kernel_size=(3, 3), stride=(1, 1), padding=(1, 1), bias=False)
      (bn1): BatchNorm2d(64, eps=1e-05, momentum=0.1, affine=True, track_running_stats=True)
      (conv2): Conv2d(64, 64, kernel_size=(3, 3), stride=(1, 1), padding=(1, 1), bias=False)
      (bn2): BatchNorm2d(64, eps=1e-05, momentum=0.1, affine=True, track_running_stats=True)
      (shortcut): Sequential()
    )
    (2): BasicBlock(
      (conv1): Conv2d(64, 64, kernel_size=(3, 3), stride=(1, 1), padding=(1, 1), bias=False)
      (bn1): BatchNorm2d(64, eps=1e-05, momentum=0.1, affine=True, track_running_stats=True)
      (conv2): Conv2d(64, 64, kernel_size=(3, 3), stride=(1, 1), padding=(1, 1), bias=False)
      (bn2): BatchNorm2d(64, eps=1e-05, momentum=0.1, affine=True, track_running_stats=True)
      (shortcut): Sequential()
    )
  )
  (conv2): Sequential(
    (0): Conv2d(64, 32, kernel_size=(3, 3), stride=(1, 1), padding=(1, 1))
    (1): BatchNorm2d(32, eps=1e-05, momentum=0.1, affine=True, track_running_stats=True)
  )
  (conv3): Sequential(
    (0): Conv2d(32, 16, kernel_size=(3, 3), stride=(1, 1), padding=(1, 1))
    (1): BatchNorm2d(16, eps=1e-05, momentum=0.1, affine=True, track_running_stats=True)
  )
  (conv4): Sequential(
    (0): Conv2d(16, 1, kernel_size=(3, 3), stride=(1, 1), padding=(1, 1))
    (1): BatchNorm2d(1, eps=1e-05, momentum=0.1, affine=True, track_running_stats=True)
  )
)
Epoch  0, trian_loss: 0.0127, trian_mae: 0.1119, trian_mse:0.0264, trian_r2: -23.7885, trian_cc: 0.2437
Epoch  0, val_loss: 0.0123, val_mae: 0.1230, val_mse: 0.0246, val_r2: -4623.8717, val_cc: 0.1946
Epoch  1, trian_loss: 0.0158, trian_mae: 0.1475, trian_mse:0.0317, trian_r2: -inf, trian_cc: nan
Epoch  1, val_loss: 0.0164, val_mae: 0.1525, val_mse: 0.0329, val_r2: -1.2659, val_cc: 0.0009
Epoch  2, trian_loss: 0.0149, trian_mae: 0.1461, trian_mse:0.0298, trian_r2: -inf, trian_cc: nan
Epoch  2, val_loss: 0.0164, val_mae: 0.1525, val_mse: 0.0329, val_r2: 0.0000, val_cc: 0.0000
Epoch  3, trian_loss: 0.0149, trian_mae: 0.1461, trian_mse:0.0298, trian_r2: -inf, trian_cc: nan
Epoch  3, val_loss: 0.0164, val_mae: 0.1525, val_mse: 0.0329, val_r2: 0.0000, val_cc: 0.0000
Epoch  4, trian_loss: 0.0149, trian_mae: 0.1461, trian_mse:0.0298, trian_r2: -inf, trian_cc: nan
Epoch  4, val_loss: 0.0164, val_mae: 0.1525, val_mse: 0.0329, val_r2: 0.0000, val_cc: 0.0000
Epoch  5, trian_loss: 0.0149, trian_mae: 0.1461, trian_mse:0.0298, trian_r2: -inf, trian_cc: nan
Epoch  5, val_loss: 0.0164, val_mae: 0.1525, val_mse: 0.0329, val_r2: 0.0000, val_cc: 0.0000
Epoch  6, trian_loss: 0.0149, trian_mae: 0.1461, trian_mse:0.0298, trian_r2: -inf, trian_cc: nan
Epoch  6, val_loss: 0.0164, val_mae: 0.1525, val_mse: 0.0329, val_r2: 0.0000, val_cc: 0.0000
Epoch  7, trian_loss: 0.0149, trian_mae: 0.1461, trian_mse:0.0298, trian_r2: -inf, trian_cc: nan
Epoch  7, val_loss: 0.0164, val_mae: 0.1525, val_mse: 0.0329, val_r2: 0.0000, val_cc: 0.0000
Epoch  8, trian_loss: 0.0149, trian_mae: 0.1461, trian_mse:0.0298, trian_r2: -inf, trian_cc: nan
Epoch  8, val_loss: 0.0164, val_mae: 0.1525, val_mse: 0.0329, val_r2: 0.0000, val_cc: 0.0000
Epoch  9, trian_loss: 0.0149, trian_mae: 0.1461, trian_mse:0.0298, trian_r2: -inf, trian_cc: nan
Epoch  9, val_loss: 0.0164, val_mae: 0.1525, val_mse: 0.0329, val_r2: 0.0000, val_cc: 0.0000
Epoch 10, trian_loss: 0.0149, trian_mae: 0.1461, trian_mse:0.0298, trian_r2: -inf, trian_cc: nan
Epoch 10, val_loss: 0.0164, val_mae: 0.1525, val_mse: 0.0329, val_r2: 0.0000, val_cc: 0.0000
Epoch 11, trian_loss: 0.0149, trian_mae: 0.1461, trian_mse:0.0298, trian_r2: -inf, trian_cc: nan
Epoch 11, val_loss: 0.0164, val_mae: 0.1525, val_mse: 0.0329, val_r2: 0.0000, val_cc: 0.0000
Epoch 12, trian_loss: 0.0149, trian_mae: 0.1461, trian_mse:0.0298, trian_r2: -inf, trian_cc: nan
Epoch 12, val_loss: 0.0164, val_mae: 0.1525, val_mse: 0.0329, val_r2: 0.0000, val_cc: 0.0000
Epoch 13, trian_loss: 0.0149, trian_mae: 0.1461, trian_mse:0.0298, trian_r2: -inf, trian_cc: nan
Epoch 13, val_loss: 0.0164, val_mae: 0.1525, val_mse: 0.0329, val_r2: 0.0000, val_cc: 0.0000
Epoch 14, trian_loss: 0.0149, trian_mae: 0.1461, trian_mse:0.0298, trian_r2: -inf, trian_cc: nan
Epoch 14, val_loss: 0.0164, val_mae: 0.1525, val_mse: 0.0329, val_r2: 0.0000, val_cc: 0.0000
Epoch 15, trian_loss: 0.0149, trian_mae: 0.1461, trian_mse:0.0298, trian_r2: -inf, trian_cc: nan
Epoch 15, val_loss: 0.0164, val_mae: 0.1525, val_mse: 0.0329, val_r2: 0.0000, val_cc: 0.0000
Epoch 16, trian_loss: 0.0149, trian_mae: 0.1461, trian_mse:0.0298, trian_r2: -inf, trian_cc: nan
Epoch 16, val_loss: 0.0164, val_mae: 0.1525, val_mse: 0.0329, val_r2: 0.0000, val_cc: 0.0000
Epoch 17, trian_loss: 0.0149, trian_mae: 0.1461, trian_mse:0.0298, trian_r2: -inf, trian_cc: nan
Epoch 17, val_loss: 0.0164, val_mae: 0.1525, val_mse: 0.0329, val_r2: 0.0000, val_cc: 0.0000
Epoch 18, trian_loss: 0.0149, trian_mae: 0.1461, trian_mse:0.0298, trian_r2: -inf, trian_cc: nan
Epoch 18, val_loss: 0.0164, val_mae: 0.1525, val_mse: 0.0329, val_r2: 0.0000, val_cc: 0.0000
Epoch 19, trian_loss: 0.0149, trian_mae: 0.1461, trian_mse:0.0298, trian_r2: -inf, trian_cc: nan
Epoch 19, val_loss: 0.0164, val_mae: 0.1525, val_mse: 0.0329, val_r2: -72.4817, val_cc: 0.0002
Epoch 20, trian_loss: 0.0149, trian_mae: 0.1461, trian_mse:0.0298, trian_r2: -inf, trian_cc: nan
Epoch 20, val_loss: 0.0164, val_mae: 0.1525, val_mse: 0.0329, val_r2: 0.0000, val_cc: 0.0000
Epoch 21, trian_loss: 0.0149, trian_mae: 0.1461, trian_mse:0.0298, trian_r2: -inf, trian_cc: nan
Epoch 21, val_loss: 0.0164, val_mae: 0.1525, val_mse: 0.0329, val_r2: 0.0000, val_cc: 0.0000
Epoch 22, trian_loss: 0.0149, trian_mae: 0.1461, trian_mse:0.0298, trian_r2: -inf, trian_cc: nan
Epoch 22, val_loss: 0.0164, val_mae: 0.1525, val_mse: 0.0329, val_r2: 0.0000, val_cc: 0.0000
Epoch 23, trian_loss: 0.0149, trian_mae: 0.1461, trian_mse:0.0298, trian_r2: -inf, trian_cc: nan
Epoch 23, val_loss: 0.0164, val_mae: 0.1525, val_mse: 0.0329, val_r2: 0.0000, val_cc: 0.0000
Epoch 24, trian_loss: 0.0149, trian_mae: 0.1461, trian_mse:0.0298, trian_r2: -inf, trian_cc: nan
Epoch 24, val_loss: 0.0164, val_mae: 0.1525, val_mse: 0.0329, val_r2: 0.0000, val_cc: 0.0000
Epoch 25, trian_loss: 0.0149, trian_mae: 0.1461, trian_mse:0.0298, trian_r2: -inf, trian_cc: nan
Epoch 25, val_loss: 0.0164, val_mae: 0.1525, val_mse: 0.0329, val_r2: 0.0000, val_cc: 0.0000
Epoch 26, trian_loss: 0.0149, trian_mae: 0.1461, trian_mse:0.0298, trian_r2: -inf, trian_cc: nan
Epoch 26, val_loss: 0.0164, val_mae: 0.1525, val_mse: 0.0329, val_r2: 0.0000, val_cc: 0.0000
Epoch 27, trian_loss: 0.0149, trian_mae: 0.1461, trian_mse:0.0298, trian_r2: -inf, trian_cc: nan
Epoch 27, val_loss: 0.0164, val_mae: 0.1525, val_mse: 0.0329, val_r2: 0.0000, val_cc: 0.0000
Epoch 28, trian_loss: 0.0149, trian_mae: 0.1461, trian_mse:0.0298, trian_r2: -inf, trian_cc: nan
Epoch 28, val_loss: 0.0164, val_mae: 0.1525, val_mse: 0.0329, val_r2: 0.0000, val_cc: 0.0000
Epoch 29, trian_loss: 0.0149, trian_mae: 0.1461, trian_mse:0.0298, trian_r2: -inf, trian_cc: nan
Epoch 29, val_loss: 0.0164, val_mae: 0.1525, val_mse: 0.0329, val_r2: -164.7603, val_cc: 0.0002
Epoch 30, trian_loss: 0.0149, trian_mae: 0.1461, trian_mse:0.0298, trian_r2: -inf, trian_cc: nan
Epoch 30, val_loss: 0.0164, val_mae: 0.1525, val_mse: 0.0329, val_r2: 0.0000, val_cc: 0.0000
Epoch 31, trian_loss: 0.0149, trian_mae: 0.1461, trian_mse:0.0298, trian_r2: -inf, trian_cc: nan
Epoch 31, val_loss: 0.0164, val_mae: 0.1525, val_mse: 0.0329, val_r2: 0.0000, val_cc: 0.0000
Epoch 32, trian_loss: 0.0149, trian_mae: 0.1461, trian_mse:0.0298, trian_r2: -inf, trian_cc: nan
Epoch 32, val_loss: 0.0164, val_mae: 0.1525, val_mse: 0.0329, val_r2: 0.0000, val_cc: 0.0000
Epoch 33, trian_loss: 0.0149, trian_mae: 0.1461, trian_mse:0.0298, trian_r2: -inf, trian_cc: nan
Epoch 33, val_loss: 0.0164, val_mae: 0.1525, val_mse: 0.0329, val_r2: 0.0000, val_cc: 0.0000
Epoch 34, trian_loss: 0.0149, trian_mae: 0.1464, trian_mse:0.0299, trian_r2: -inf, trian_cc: nan
Epoch 34, val_loss: 0.0164, val_mae: 0.1525, val_mse: 0.0329, val_r2: -6.4274, val_cc: 0.0001
Epoch 35, trian_loss: 0.0149, trian_mae: 0.1461, trian_mse:0.0298, trian_r2: -inf, trian_cc: nan
Epoch 35, val_loss: 0.0164, val_mae: 0.1525, val_mse: 0.0329, val_r2: -4.0952, val_cc: 0.0003
Epoch 36, trian_loss: 0.0149, trian_mae: 0.1461, trian_mse:0.0298, trian_r2: -inf, trian_cc: nan
Epoch 36, val_loss: 0.0164, val_mae: 0.1525, val_mse: 0.0329, val_r2: 0.0000, val_cc: 0.0000
Epoch 37, trian_loss: 0.0149, trian_mae: 0.1461, trian_mse:0.0298, trian_r2: -inf, trian_cc: nan
Epoch 37, val_loss: 0.0164, val_mae: 0.1525, val_mse: 0.0329, val_r2: 0.0000, val_cc: 0.0000
Epoch 38, trian_loss: 0.0149, trian_mae: 0.1461, trian_mse:0.0298, trian_r2: -inf, trian_cc: nan
Epoch 38, val_loss: 0.0164, val_mae: 0.1525, val_mse: 0.0329, val_r2: 0.0000, val_cc: 0.0000
Epoch 39, trian_loss: 0.0149, trian_mae: 0.1461, trian_mse:0.0298, trian_r2: -inf, trian_cc: nan
Epoch 39, val_loss: 0.0164, val_mae: 0.1525, val_mse: 0.0329, val_r2: 0.0000, val_cc: 0.0000
Epoch 40, trian_loss: 0.0149, trian_mae: 0.1461, trian_mse:0.0298, trian_r2: -inf, trian_cc: nan
Epoch 40, val_loss: 0.0164, val_mae: 0.1525, val_mse: 0.0329, val_r2: 0.0000, val_cc: 0.0000
Epoch 41, trian_loss: 0.0149, trian_mae: 0.1461, trian_mse:0.0298, trian_r2: -inf, trian_cc: nan
Epoch 41, val_loss: 0.0164, val_mae: 0.1525, val_mse: 0.0329, val_r2: 0.0000, val_cc: 0.0000
Epoch 42, trian_loss: 0.0149, trian_mae: 0.1461, trian_mse:0.0298, trian_r2: -inf, trian_cc: nan
Epoch 42, val_loss: 0.0164, val_mae: 0.1525, val_mse: 0.0329, val_r2: 0.0000, val_cc: 0.0000
Epoch 43, trian_loss: 0.0164, trian_mae: 0.1485, trian_mse:0.0329, trian_r2: -inf, trian_cc: nan
Epoch 43, val_loss: 0.0164, val_mae: 0.1525, val_mse: 0.0329, val_r2: -9.2909, val_cc: 0.0003
Epoch 44, trian_loss: 0.0149, trian_mae: 0.1461, trian_mse:0.0298, trian_r2: -inf, trian_cc: nan
Epoch 44, val_loss: 0.0164, val_mae: 0.1525, val_mse: 0.0329, val_r2: -66679.7117, val_cc: -0.0001
Epoch 45, trian_loss: 0.0149, trian_mae: 0.1461, trian_mse:0.0298, trian_r2: -inf, trian_cc: nan
Epoch 45, val_loss: 0.0164, val_mae: 0.1524, val_mse: 0.0329, val_r2: -4519.4599, val_cc: 0.0025
Epoch 46, trian_loss: 0.0099, trian_mae: 0.1075, trian_mse:0.0197, trian_r2: -inf, trian_cc: nan
Epoch 46, val_loss: 0.0056, val_mae: 0.0785, val_mse: 0.0111, val_r2: -1372.1430, val_cc: -0.0161
Epoch 47, trian_loss: 0.0044, trian_mae: 0.0674, trian_mse:0.0088, trian_r2: -inf, trian_cc: nan
Epoch 47, val_loss: 0.0049, val_mae: 0.0728, val_mse: 0.0097, val_r2: -1877.7688, val_cc: 0.1206
Epoch 48, trian_loss: 0.0044, trian_mae: 0.0670, trian_mse:0.0087, trian_r2: -inf, trian_cc: nan
Epoch 48, val_loss: 0.0049, val_mae: 0.0740, val_mse: 0.0098, val_r2: -2800.3411, val_cc: 0.0242
Epoch 49, trian_loss: 0.0042, trian_mae: 0.0659, trian_mse:0.0084, trian_r2: -inf, trian_cc: nan
Epoch 49, val_loss: 0.0047, val_mae: 0.0732, val_mse: 0.0094, val_r2: -1294.5274, val_cc: 0.2132
Epoch 50, trian_loss: 0.0042, trian_mae: 0.0660, trian_mse:0.0084, trian_r2: -inf, trian_cc: nan
Epoch 50, val_loss: 0.0045, val_mae: 0.0685, val_mse: 0.0090, val_r2: -800.4749, val_cc: 0.3540
Epoch 51, trian_loss: 0.0041, trian_mae: 0.0651, trian_mse:0.0083, trian_r2: -inf, trian_cc: nan
Epoch 51, val_loss: 0.0045, val_mae: 0.0670, val_mse: 0.0090, val_r2: -441.8106, val_cc: 0.3713
Epoch 52, trian_loss: 0.0041, trian_mae: 0.0650, trian_mse:0.0081, trian_r2: -inf, trian_cc: nan
Epoch 52, val_loss: 0.0044, val_mae: 0.0703, val_mse: 0.0089, val_r2: -469.5497, val_cc: 0.3666
Epoch 53, trian_loss: 0.0042, trian_mae: 0.0659, trian_mse:0.0083, trian_r2: -inf, trian_cc: nan
Epoch 53, val_loss: 0.0048, val_mae: 0.0718, val_mse: 0.0096, val_r2: -1674.5266, val_cc: 0.1032
Epoch 54, trian_loss: 0.0041, trian_mae: 0.0653, trian_mse:0.0083, trian_r2: -inf, trian_cc: nan
Epoch 54, val_loss: 0.0047, val_mae: 0.0724, val_mse: 0.0095, val_r2: -2520.1356, val_cc: 0.2534
Epoch 55, trian_loss: 0.0042, trian_mae: 0.0659, trian_mse:0.0083, trian_r2: -inf, trian_cc: nan
Epoch 55, val_loss: 0.0046, val_mae: 0.0708, val_mse: 0.0092, val_r2: -1080.6413, val_cc: 0.2847
Epoch 56, trian_loss: 0.0040, trian_mae: 0.0644, trian_mse:0.0080, trian_r2: -inf, trian_cc: nan
Epoch 56, val_loss: 0.0045, val_mae: 0.0697, val_mse: 0.0091, val_r2: -1544.4106, val_cc: 0.3538
Epoch 57, trian_loss: 0.0041, trian_mae: 0.0650, trian_mse:0.0081, trian_r2: -inf, trian_cc: nan
Epoch 57, val_loss: 0.0046, val_mae: 0.0696, val_mse: 0.0091, val_r2: -1128.3603, val_cc: 0.3372
Epoch 58, trian_loss: 0.0040, trian_mae: 0.0646, trian_mse:0.0080, trian_r2: -inf, trian_cc: nan
Epoch 58, val_loss: 0.0045, val_mae: 0.0700, val_mse: 0.0090, val_r2: -1056.9680, val_cc: 0.3225
Epoch 59, trian_loss: 0.0039, trian_mae: 0.0631, trian_mse:0.0078, trian_r2: -inf, trian_cc: nan
Epoch 59, val_loss: 0.0045, val_mae: 0.0677, val_mse: 0.0089, val_r2: -468.0836, val_cc: 0.4527
Epoch 60, trian_loss: 0.0039, trian_mae: 0.0632, trian_mse:0.0078, trian_r2: -inf, trian_cc: nan
Epoch 60, val_loss: 0.0045, val_mae: 0.0660, val_mse: 0.0089, val_r2: -495.8117, val_cc: 0.4359
Epoch 61, trian_loss: 0.0040, trian_mae: 0.0647, trian_mse:0.0081, trian_r2: -inf, trian_cc: nan
Epoch 61, val_loss: 0.0045, val_mae: 0.0685, val_mse: 0.0089, val_r2: -1521.2047, val_cc: 0.3939
Epoch 62, trian_loss: 0.0039, trian_mae: 0.0633, trian_mse:0.0078, trian_r2: -inf, trian_cc: nan
Epoch 62, val_loss: 0.0044, val_mae: 0.0672, val_mse: 0.0088, val_r2: -865.8906, val_cc: 0.4459
Epoch 63, trian_loss: 0.0040, trian_mae: 0.0639, trian_mse:0.0079, trian_r2: -inf, trian_cc: nan
Epoch 63, val_loss: 0.0044, val_mae: 0.0672, val_mse: 0.0088, val_r2: -513.8695, val_cc: 0.4217
Epoch 64, trian_loss: 0.0039, trian_mae: 0.0639, trian_mse:0.0079, trian_r2: -inf, trian_cc: nan
Epoch 64, val_loss: 0.0044, val_mae: 0.0685, val_mse: 0.0088, val_r2: -641.0467, val_cc: 0.4188
Epoch 65, trian_loss: 0.0039, trian_mae: 0.0634, trian_mse:0.0078, trian_r2: -inf, trian_cc: nan
Epoch 65, val_loss: 0.0044, val_mae: 0.0667, val_mse: 0.0088, val_r2: -768.9080, val_cc: 0.4393
Epoch 66, trian_loss: 0.0039, trian_mae: 0.0639, trian_mse:0.0079, trian_r2: -inf, trian_cc: nan
Epoch 66, val_loss: 0.0044, val_mae: 0.0679, val_mse: 0.0088, val_r2: -1130.1678, val_cc: 0.4106
Epoch 67, trian_loss: 0.0039, trian_mae: 0.0627, trian_mse:0.0077, trian_r2: -inf, trian_cc: nan
Epoch 67, val_loss: 0.0048, val_mae: 0.0684, val_mse: 0.0095, val_r2: -348.7623, val_cc: 0.4657
Epoch 68, trian_loss: 0.0039, trian_mae: 0.0629, trian_mse:0.0077, trian_r2: -inf, trian_cc: nan
Epoch 68, val_loss: 0.0044, val_mae: 0.0662, val_mse: 0.0087, val_r2: -764.5253, val_cc: 0.4441
Epoch 69, trian_loss: 0.0039, trian_mae: 0.0636, trian_mse:0.0078, trian_r2: -inf, trian_cc: nan
Epoch 69, val_loss: 0.0044, val_mae: 0.0671, val_mse: 0.0088, val_r2: -906.6064, val_cc: 0.4240
Epoch 70, trian_loss: 0.0039, trian_mae: 0.0636, trian_mse:0.0078, trian_r2: -inf, trian_cc: nan
Epoch 70, val_loss: 0.0044, val_mae: 0.0673, val_mse: 0.0088, val_r2: -694.1437, val_cc: 0.4286
Epoch 71, trian_loss: 0.0040, trian_mae: 0.0640, trian_mse:0.0079, trian_r2: -inf, trian_cc: nan
Epoch 71, val_loss: 0.0045, val_mae: 0.0670, val_mse: 0.0090, val_r2: -849.2422, val_cc: 0.3909
Epoch 72, trian_loss: 0.0039, trian_mae: 0.0634, trian_mse:0.0078, trian_r2: -inf, trian_cc: nan
Epoch 72, val_loss: 0.0044, val_mae: 0.0665, val_mse: 0.0088, val_r2: -828.5987, val_cc: 0.4530
Epoch 73, trian_loss: 0.0039, trian_mae: 0.0636, trian_mse:0.0078, trian_r2: -inf, trian_cc: nan
Epoch 73, val_loss: 0.0044, val_mae: 0.0654, val_mse: 0.0089, val_r2: -561.7609, val_cc: 0.4604
Epoch 74, trian_loss: 0.0038, trian_mae: 0.0625, trian_mse:0.0076, trian_r2: -inf, trian_cc: nan
Epoch 74, val_loss: 0.0043, val_mae: 0.0663, val_mse: 0.0087, val_r2: -599.9161, val_cc: 0.4654
Epoch 75, trian_loss: 0.0039, trian_mae: 0.0631, trian_mse:0.0077, trian_r2: -inf, trian_cc: nan
Epoch 75, val_loss: 0.0044, val_mae: 0.0666, val_mse: 0.0088, val_r2: -1035.4600, val_cc: 0.4369
Epoch 76, trian_loss: 0.0039, trian_mae: 0.0633, trian_mse:0.0078, trian_r2: -inf, trian_cc: nan
Epoch 76, val_loss: 0.0043, val_mae: 0.0666, val_mse: 0.0087, val_r2: -676.1467, val_cc: 0.3992
Epoch 77, trian_loss: 0.0039, trian_mae: 0.0634, trian_mse:0.0078, trian_r2: -inf, trian_cc: nan
Epoch 77, val_loss: 0.0044, val_mae: 0.0679, val_mse: 0.0088, val_r2: -852.1283, val_cc: 0.4264
Epoch 78, trian_loss: 0.0039, trian_mae: 0.0632, trian_mse:0.0077, trian_r2: -inf, trian_cc: nan
Epoch 78, val_loss: 0.0044, val_mae: 0.0680, val_mse: 0.0087, val_r2: -659.9039, val_cc: 0.4191
Epoch 79, trian_loss: 0.0038, trian_mae: 0.0630, trian_mse:0.0077, trian_r2: -inf, trian_cc: nan
Epoch 79, val_loss: 0.0045, val_mae: 0.0707, val_mse: 0.0089, val_r2: -1240.0539, val_cc: 0.4110
Epoch 80, trian_loss: 0.0038, trian_mae: 0.0630, trian_mse:0.0077, trian_r2: -inf, trian_cc: nan
Epoch 80, val_loss: 0.0044, val_mae: 0.0677, val_mse: 0.0088, val_r2: -744.3688, val_cc: 0.4339
Epoch 81, trian_loss: 0.0038, trian_mae: 0.0625, trian_mse:0.0076, trian_r2: -inf, trian_cc: nan
Epoch 81, val_loss: 0.0044, val_mae: 0.0678, val_mse: 0.0087, val_r2: -744.2804, val_cc: 0.4582
Epoch 82, trian_loss: 0.0038, trian_mae: 0.0626, trian_mse:0.0076, trian_r2: -inf, trian_cc: nan
Epoch 82, val_loss: 0.0043, val_mae: 0.0663, val_mse: 0.0086, val_r2: -452.4021, val_cc: 0.4467
Epoch 83, trian_loss: 0.0038, trian_mae: 0.0619, trian_mse:0.0076, trian_r2: -inf, trian_cc: nan
Epoch 83, val_loss: 0.0043, val_mae: 0.0672, val_mse: 0.0086, val_r2: -451.5843, val_cc: 0.4447
Epoch 84, trian_loss: 0.0038, trian_mae: 0.0626, trian_mse:0.0076, trian_r2: -inf, trian_cc: nan
Epoch 84, val_loss: 0.0043, val_mae: 0.0669, val_mse: 0.0086, val_r2: -361.2057, val_cc: 0.4364
Epoch 85, trian_loss: 0.0038, trian_mae: 0.0628, trian_mse:0.0076, trian_r2: -inf, trian_cc: nan
Epoch 85, val_loss: 0.0044, val_mae: 0.0705, val_mse: 0.0089, val_r2: -548.3489, val_cc: 0.3915
Epoch 86, trian_loss: 0.0038, trian_mae: 0.0627, trian_mse:0.0077, trian_r2: -inf, trian_cc: nan
Epoch 86, val_loss: 0.0043, val_mae: 0.0672, val_mse: 0.0086, val_r2: -311.3446, val_cc: 0.4271
Epoch 87, trian_loss: 0.0038, trian_mae: 0.0626, trian_mse:0.0075, trian_r2: -inf, trian_cc: nan
Epoch 87, val_loss: 0.0043, val_mae: 0.0681, val_mse: 0.0087, val_r2: -499.9278, val_cc: 0.4230
Epoch 88, trian_loss: 0.0037, trian_mae: 0.0620, trian_mse:0.0075, trian_r2: -inf, trian_cc: nan
Epoch 88, val_loss: 0.0043, val_mae: 0.0681, val_mse: 0.0087, val_r2: -334.3567, val_cc: 0.4009
Epoch 89, trian_loss: 0.0038, trian_mae: 0.0626, trian_mse:0.0075, trian_r2: -inf, trian_cc: nan
Epoch 89, val_loss: 0.0043, val_mae: 0.0675, val_mse: 0.0087, val_r2: -359.2784, val_cc: 0.3954
Epoch 90, trian_loss: 0.0038, trian_mae: 0.0625, trian_mse:0.0075, trian_r2: -inf, trian_cc: nan
Epoch 90, val_loss: 0.0043, val_mae: 0.0686, val_mse: 0.0086, val_r2: -355.8432, val_cc: 0.4134
Epoch 91, trian_loss: 0.0038, trian_mae: 0.0624, trian_mse:0.0075, trian_r2: -inf, trian_cc: nan
Epoch 91, val_loss: 0.0043, val_mae: 0.0678, val_mse: 0.0086, val_r2: -305.1467, val_cc: 0.4161
Epoch 92, trian_loss: 0.0038, trian_mae: 0.0626, trian_mse:0.0075, trian_r2: -inf, trian_cc: nan
Epoch 92, val_loss: 0.0043, val_mae: 0.0688, val_mse: 0.0087, val_r2: -341.7314, val_cc: 0.3930
Epoch 93, trian_loss: 0.0037, trian_mae: 0.0619, trian_mse:0.0074, trian_r2: -inf, trian_cc: nan
Epoch 93, val_loss: 0.0043, val_mae: 0.0672, val_mse: 0.0085, val_r2: -215.1604, val_cc: 0.4400
Epoch 94, trian_loss: 0.0037, trian_mae: 0.0620, trian_mse:0.0074, trian_r2: -inf, trian_cc: nan
Epoch 94, val_loss: 0.0043, val_mae: 0.0667, val_mse: 0.0085, val_r2: -220.0657, val_cc: 0.4201
Epoch 95, trian_loss: 0.0037, trian_mae: 0.0622, trian_mse:0.0075, trian_r2: -inf, trian_cc: nan
Epoch 95, val_loss: 0.0043, val_mae: 0.0667, val_mse: 0.0085, val_r2: -372.8994, val_cc: 0.4475
Epoch 96, trian_loss: 0.0037, trian_mae: 0.0620, trian_mse:0.0074, trian_r2: -inf, trian_cc: nan
Epoch 96, val_loss: 0.0042, val_mae: 0.0673, val_mse: 0.0085, val_r2: -211.4877, val_cc: 0.4159
Epoch 97, trian_loss: 0.0038, trian_mae: 0.0631, trian_mse:0.0076, trian_r2: -inf, trian_cc: nan
Epoch 97, val_loss: 0.0043, val_mae: 0.0664, val_mse: 0.0085, val_r2: -430.7947, val_cc: 0.4462
Epoch 98, trian_loss: 0.0037, trian_mae: 0.0622, trian_mse:0.0075, trian_r2: -inf, trian_cc: nan
Epoch 98, val_loss: 0.0043, val_mae: 0.0657, val_mse: 0.0086, val_r2: -207.5292, val_cc: 0.4476
Epoch 99, trian_loss: 0.0037, trian_mae: 0.0620, trian_mse:0.0075, trian_r2: -inf, trian_cc: nan
Epoch 99, val_loss: 0.0042, val_mae: 0.0672, val_mse: 0.0085, val_r2: -215.3055, val_cc: 0.4341
