Trian Data: 633   Validation Data: 211  Test Data: 212
[1, 1]
[1, 1]
[1, 1]
[1, 1]
model SENet(
  (conv1): Conv2d(460, 64, kernel_size=(3, 3), stride=(1, 1), padding=(1, 1), bias=False)
  (bn1): BatchNorm2d(64, eps=1e-05, momentum=0.1, affine=True, track_running_stats=True)
  (layer1): Sequential(
    (0): BasicBlock(
      (conv1): Conv2d(64, 64, kernel_size=(3, 3), stride=(1, 1), padding=(1, 1), bias=False)
      (bn1): BatchNorm2d(64, eps=1e-05, momentum=0.1, affine=True, track_running_stats=True)
      (conv2): Conv2d(64, 64, kernel_size=(3, 3), stride=(1, 1), padding=(1, 1), bias=False)
      (bn2): BatchNorm2d(64, eps=1e-05, momentum=0.1, affine=True, track_running_stats=True)
      (shortcut): Sequential()
      (fc1): Conv2d(64, 4, kernel_size=(1, 1), stride=(1, 1))
      (fc2): Conv2d(4, 64, kernel_size=(1, 1), stride=(1, 1))
    )
    (1): BasicBlock(
      (conv1): Conv2d(64, 64, kernel_size=(3, 3), stride=(1, 1), padding=(1, 1), bias=False)
      (bn1): BatchNorm2d(64, eps=1e-05, momentum=0.1, affine=True, track_running_stats=True)
      (conv2): Conv2d(64, 64, kernel_size=(3, 3), stride=(1, 1), padding=(1, 1), bias=False)
      (bn2): BatchNorm2d(64, eps=1e-05, momentum=0.1, affine=True, track_running_stats=True)
      (shortcut): Sequential()
      (fc1): Conv2d(64, 4, kernel_size=(1, 1), stride=(1, 1))
      (fc2): Conv2d(4, 64, kernel_size=(1, 1), stride=(1, 1))
    )
  )
  (layer2): Sequential(
    (0): BasicBlock(
      (conv1): Conv2d(64, 64, kernel_size=(3, 3), stride=(1, 1), padding=(1, 1), bias=False)
      (bn1): BatchNorm2d(64, eps=1e-05, momentum=0.1, affine=True, track_running_stats=True)
      (conv2): Conv2d(64, 64, kernel_size=(3, 3), stride=(1, 1), padding=(1, 1), bias=False)
      (bn2): BatchNorm2d(64, eps=1e-05, momentum=0.1, affine=True, track_running_stats=True)
      (shortcut): Sequential()
      (fc1): Conv2d(64, 4, kernel_size=(1, 1), stride=(1, 1))
      (fc2): Conv2d(4, 64, kernel_size=(1, 1), stride=(1, 1))
    )
    (1): BasicBlock(
      (conv1): Conv2d(64, 64, kernel_size=(3, 3), stride=(1, 1), padding=(1, 1), bias=False)
      (bn1): BatchNorm2d(64, eps=1e-05, momentum=0.1, affine=True, track_running_stats=True)
      (conv2): Conv2d(64, 64, kernel_size=(3, 3), stride=(1, 1), padding=(1, 1), bias=False)
      (bn2): BatchNorm2d(64, eps=1e-05, momentum=0.1, affine=True, track_running_stats=True)
      (shortcut): Sequential()
      (fc1): Conv2d(64, 4, kernel_size=(1, 1), stride=(1, 1))
      (fc2): Conv2d(4, 64, kernel_size=(1, 1), stride=(1, 1))
    )
  )
  (layer3): Sequential(
    (0): BasicBlock(
      (conv1): Conv2d(64, 64, kernel_size=(3, 3), stride=(1, 1), padding=(1, 1), bias=False)
      (bn1): BatchNorm2d(64, eps=1e-05, momentum=0.1, affine=True, track_running_stats=True)
      (conv2): Conv2d(64, 64, kernel_size=(3, 3), stride=(1, 1), padding=(1, 1), bias=False)
      (bn2): BatchNorm2d(64, eps=1e-05, momentum=0.1, affine=True, track_running_stats=True)
      (shortcut): Sequential()
      (fc1): Conv2d(64, 4, kernel_size=(1, 1), stride=(1, 1))
      (fc2): Conv2d(4, 64, kernel_size=(1, 1), stride=(1, 1))
    )
    (1): BasicBlock(
      (conv1): Conv2d(64, 64, kernel_size=(3, 3), stride=(1, 1), padding=(1, 1), bias=False)
      (bn1): BatchNorm2d(64, eps=1e-05, momentum=0.1, affine=True, track_running_stats=True)
      (conv2): Conv2d(64, 64, kernel_size=(3, 3), stride=(1, 1), padding=(1, 1), bias=False)
      (bn2): BatchNorm2d(64, eps=1e-05, momentum=0.1, affine=True, track_running_stats=True)
      (shortcut): Sequential()
      (fc1): Conv2d(64, 4, kernel_size=(1, 1), stride=(1, 1))
      (fc2): Conv2d(4, 64, kernel_size=(1, 1), stride=(1, 1))
    )
  )
  (layer4): Sequential(
    (0): BasicBlock(
      (conv1): Conv2d(64, 64, kernel_size=(3, 3), stride=(1, 1), padding=(1, 1), bias=False)
      (bn1): BatchNorm2d(64, eps=1e-05, momentum=0.1, affine=True, track_running_stats=True)
      (conv2): Conv2d(64, 64, kernel_size=(3, 3), stride=(1, 1), padding=(1, 1), bias=False)
      (bn2): BatchNorm2d(64, eps=1e-05, momentum=0.1, affine=True, track_running_stats=True)
      (shortcut): Sequential()
      (fc1): Conv2d(64, 4, kernel_size=(1, 1), stride=(1, 1))
      (fc2): Conv2d(4, 64, kernel_size=(1, 1), stride=(1, 1))
    )
    (1): BasicBlock(
      (conv1): Conv2d(64, 64, kernel_size=(3, 3), stride=(1, 1), padding=(1, 1), bias=False)
      (bn1): BatchNorm2d(64, eps=1e-05, momentum=0.1, affine=True, track_running_stats=True)
      (conv2): Conv2d(64, 64, kernel_size=(3, 3), stride=(1, 1), padding=(1, 1), bias=False)
      (bn2): BatchNorm2d(64, eps=1e-05, momentum=0.1, affine=True, track_running_stats=True)
      (shortcut): Sequential()
      (fc1): Conv2d(64, 4, kernel_size=(1, 1), stride=(1, 1))
      (fc2): Conv2d(4, 64, kernel_size=(1, 1), stride=(1, 1))
    )
  )
  (cnn): CNNnet(
    (conv1): Sequential(
      (0): Conv2d(64, 32, kernel_size=(3, 3), stride=(1, 1), padding=(1, 1))
      (1): BatchNorm2d(32, eps=1e-05, momentum=0.1, affine=True, track_running_stats=True)
      (2): ReLU()
    )
    (conv2): Sequential(
      (0): Conv2d(32, 16, kernel_size=(3, 3), stride=(1, 1), padding=(1, 1))
      (1): BatchNorm2d(16, eps=1e-05, momentum=0.1, affine=True, track_running_stats=True)
      (2): ReLU()
    )
    (conv3): Sequential(
      (0): Conv2d(16, 1, kernel_size=(3, 3), stride=(1, 1), padding=(1, 1))
      (1): BatchNorm2d(1, eps=1e-05, momentum=0.1, affine=True, track_running_stats=True)
      (2): ReLU()
    )
  )
)
Epoch  0, trian_loss: 0.0090, trian_mae: 0.0946, trian_mse:0.0302, trian_r2: -36.5350, trian_cc: 0.0109
Epoch  0, val_loss: 0.0062, val_mae: 0.0854, val_mse: 0.0123, val_r2: -31.2928, val_cc: 0.0161
Epoch  1, trian_loss: 0.0059, trian_mae: 0.0835, trian_mse:0.0119, trian_r2: -121.0589, trian_cc: 0.0905
Epoch  1, val_loss: 0.0058, val_mae: 0.0821, val_mse: 0.0116, val_r2: -130.0818, val_cc: 0.1067
Epoch  2, trian_loss: 0.0059, trian_mae: 0.0830, trian_mse:0.0117, trian_r2: -112.1443, trian_cc: 0.1070
Epoch  2, val_loss: 0.0058, val_mae: 0.0823, val_mse: 0.0116, val_r2: -103.6248, val_cc: 0.1189
Epoch  3, trian_loss: 0.0058, trian_mae: 0.0827, trian_mse:0.0116, trian_r2: -104.1117, trian_cc: 0.1193
Epoch  3, val_loss: 0.0058, val_mae: 0.0823, val_mse: 0.0115, val_r2: -99.6798, val_cc: 0.1239
Epoch  4, trian_loss: 0.0057, trian_mae: 0.0822, trian_mse:0.0115, trian_r2: -115.4049, trian_cc: 0.1693
Epoch  4, val_loss: 0.0056, val_mae: 0.0813, val_mse: 0.0113, val_r2: -74.7507, val_cc: 0.2143
Epoch  5, trian_loss: 0.0057, trian_mae: 0.0814, trian_mse:0.0113, trian_r2: -87.5382, trian_cc: 0.2196
Epoch  5, val_loss: 0.0057, val_mae: 0.0814, val_mse: 0.0114, val_r2: -47.4935, val_cc: 0.1834
Epoch  6, trian_loss: 0.0056, trian_mae: 0.0810, trian_mse:0.0113, trian_r2: -74.6934, trian_cc: 0.2302
Epoch  6, val_loss: 0.0056, val_mae: 0.0804, val_mse: 0.0111, val_r2: -40.5294, val_cc: 0.2390
Epoch  7, trian_loss: 0.0056, trian_mae: 0.0804, trian_mse:0.0112, trian_r2: -54.6224, trian_cc: 0.2430
Epoch  7, val_loss: 0.0055, val_mae: 0.0796, val_mse: 0.0110, val_r2: -32.4870, val_cc: 0.2579
Epoch  8, trian_loss: 0.0056, trian_mae: 0.0803, trian_mse:0.0112, trian_r2: -54.5887, trian_cc: 0.2485
Epoch  8, val_loss: 0.0055, val_mae: 0.0796, val_mse: 0.0110, val_r2: -29.1184, val_cc: 0.2629
Epoch  9, trian_loss: 0.0055, trian_mae: 0.0796, trian_mse:0.0111, trian_r2: -46.7377, trian_cc: 0.2619
Epoch  9, val_loss: 0.0055, val_mae: 0.0791, val_mse: 0.0109, val_r2: -29.5696, val_cc: 0.2730
Epoch 10, trian_loss: 0.0055, trian_mae: 0.0793, trian_mse:0.0110, trian_r2: -43.0094, trian_cc: 0.2680
Epoch 10, val_loss: 0.0055, val_mae: 0.0789, val_mse: 0.0109, val_r2: -25.8843, val_cc: 0.2707
Epoch 11, trian_loss: 0.0055, trian_mae: 0.0791, trian_mse:0.0110, trian_r2: -42.9437, trian_cc: 0.2725
Epoch 11, val_loss: 0.0055, val_mae: 0.0792, val_mse: 0.0109, val_r2: -26.8072, val_cc: 0.2716
Epoch 12, trian_loss: 0.0055, trian_mae: 0.0789, trian_mse:0.0110, trian_r2: -40.5493, trian_cc: 0.2778
Epoch 12, val_loss: 0.0054, val_mae: 0.0783, val_mse: 0.0108, val_r2: -22.7655, val_cc: 0.2838
Epoch 13, trian_loss: 0.0055, trian_mae: 0.0787, trian_mse:0.0109, trian_r2: -44.9980, trian_cc: 0.2803
Epoch 13, val_loss: 0.0054, val_mae: 0.0790, val_mse: 0.0109, val_r2: -24.2953, val_cc: 0.2824
Epoch 14, trian_loss: 0.0055, trian_mae: 0.0787, trian_mse:0.0109, trian_r2: -44.0481, trian_cc: 0.2800
Epoch 14, val_loss: 0.0055, val_mae: 0.0791, val_mse: 0.0109, val_r2: -21.2719, val_cc: 0.2803
Epoch 15, trian_loss: 0.0055, trian_mae: 0.0785, trian_mse:0.0109, trian_r2: -38.6977, trian_cc: 0.2835
Epoch 15, val_loss: 0.0054, val_mae: 0.0788, val_mse: 0.0108, val_r2: -21.7667, val_cc: 0.2865
Epoch 16, trian_loss: 0.0055, trian_mae: 0.0787, trian_mse:0.0109, trian_r2: -41.4739, trian_cc: 0.2787
Epoch 16, val_loss: 0.0054, val_mae: 0.0780, val_mse: 0.0108, val_r2: -24.4582, val_cc: 0.2904
Epoch 17, trian_loss: 0.0055, trian_mae: 0.0789, trian_mse:0.0109, trian_r2: -48.4264, trian_cc: 0.2750
Epoch 17, val_loss: 0.0055, val_mae: 0.0798, val_mse: 0.0110, val_r2: -42.4677, val_cc: 0.2658
Epoch 18, trian_loss: 0.0055, trian_mae: 0.0785, trian_mse:0.0109, trian_r2: -39.8281, trian_cc: 0.2829
Epoch 18, val_loss: 0.0054, val_mae: 0.0781, val_mse: 0.0108, val_r2: -21.6767, val_cc: 0.2888
Epoch 19, trian_loss: 0.0054, trian_mae: 0.0781, trian_mse:0.0108, trian_r2: -42.6629, trian_cc: 0.2854
Epoch 19, val_loss: 0.0054, val_mae: 0.0780, val_mse: 0.0108, val_r2: -19.8526, val_cc: 0.2913
Epoch 20, trian_loss: 0.0054, trian_mae: 0.0783, trian_mse:0.0109, trian_r2: -38.7225, trian_cc: 0.2835
Epoch 20, val_loss: 0.0054, val_mae: 0.0781, val_mse: 0.0108, val_r2: -19.3996, val_cc: 0.2889
Epoch 21, trian_loss: 0.0054, trian_mae: 0.0780, trian_mse:0.0108, trian_r2: -37.3649, trian_cc: 0.2882
Epoch 21, val_loss: 0.0054, val_mae: 0.0776, val_mse: 0.0107, val_r2: -18.2413, val_cc: 0.2922
Epoch 22, trian_loss: 0.0054, trian_mae: 0.0779, trian_mse:0.0108, trian_r2: -35.6279, trian_cc: 0.2898
Epoch 22, val_loss: 0.0054, val_mae: 0.0778, val_mse: 0.0107, val_r2: -21.1752, val_cc: 0.2928
Epoch 23, trian_loss: 0.0054, trian_mae: 0.0780, trian_mse:0.0108, trian_r2: -38.4588, trian_cc: 0.2887
Epoch 23, val_loss: 0.0054, val_mae: 0.0781, val_mse: 0.0108, val_r2: -22.3425, val_cc: 0.2910
Epoch 24, trian_loss: 0.0054, trian_mae: 0.0781, trian_mse:0.0108, trian_r2: -41.2295, trian_cc: 0.2896
Epoch 24, val_loss: 0.0054, val_mae: 0.0783, val_mse: 0.0108, val_r2: -23.5621, val_cc: 0.2918
Epoch 25, trian_loss: 0.0054, trian_mae: 0.0780, trian_mse:0.0108, trian_r2: -35.8010, trian_cc: 0.2915
Epoch 25, val_loss: 0.0054, val_mae: 0.0778, val_mse: 0.0107, val_r2: -19.5747, val_cc: 0.2940
Epoch 26, trian_loss: 0.0054, trian_mae: 0.0779, trian_mse:0.0108, trian_r2: -36.3424, trian_cc: 0.2912
Epoch 26, val_loss: 0.0054, val_mae: 0.0779, val_mse: 0.0108, val_r2: -18.0225, val_cc: 0.2923
Epoch 27, trian_loss: 0.0054, trian_mae: 0.0778, trian_mse:0.0108, trian_r2: -37.0735, trian_cc: 0.2893
Epoch 27, val_loss: 0.0054, val_mae: 0.0777, val_mse: 0.0107, val_r2: -22.3123, val_cc: 0.2955
Epoch 28, trian_loss: 0.0054, trian_mae: 0.0776, trian_mse:0.0108, trian_r2: -33.9869, trian_cc: 0.2930
Epoch 28, val_loss: 0.0053, val_mae: 0.0772, val_mse: 0.0107, val_r2: -18.5924, val_cc: 0.2962
Epoch 29, trian_loss: 0.0054, trian_mae: 0.0779, trian_mse:0.0108, trian_r2: -37.3584, trian_cc: 0.2892
Epoch 29, val_loss: 0.0054, val_mae: 0.0778, val_mse: 0.0107, val_r2: -23.0374, val_cc: 0.2945
Epoch 30, trian_loss: 0.0054, trian_mae: 0.0777, trian_mse:0.0108, trian_r2: -38.3325, trian_cc: 0.2925
Epoch 30, val_loss: 0.0053, val_mae: 0.0773, val_mse: 0.0107, val_r2: -17.4047, val_cc: 0.2961
Epoch 31, trian_loss: 0.0054, trian_mae: 0.0777, trian_mse:0.0108, trian_r2: -33.4286, trian_cc: 0.2928
Epoch 31, val_loss: 0.0053, val_mae: 0.0770, val_mse: 0.0106, val_r2: -19.1102, val_cc: 0.2974
Epoch 32, trian_loss: 0.0054, trian_mae: 0.0774, trian_mse:0.0107, trian_r2: -32.2765, trian_cc: 0.2934
Epoch 32, val_loss: 0.0053, val_mae: 0.0772, val_mse: 0.0106, val_r2: -20.4757, val_cc: 0.2972
Epoch 33, trian_loss: 0.0054, trian_mae: 0.0777, trian_mse:0.0108, trian_r2: -43.5491, trian_cc: 0.2898
Epoch 33, val_loss: 0.0053, val_mae: 0.0772, val_mse: 0.0106, val_r2: -18.2490, val_cc: 0.2975
Epoch 34, trian_loss: 0.0054, trian_mae: 0.0781, trian_mse:0.0108, trian_r2: -41.9005, trian_cc: 0.2831
Epoch 34, val_loss: 0.0053, val_mae: 0.0771, val_mse: 0.0106, val_r2: -19.6311, val_cc: 0.2953
Epoch 35, trian_loss: 0.0054, trian_mae: 0.0777, trian_mse:0.0107, trian_r2: -35.8438, trian_cc: 0.2911
Epoch 35, val_loss: 0.0054, val_mae: 0.0780, val_mse: 0.0108, val_r2: -19.0375, val_cc: 0.2942
Epoch 36, trian_loss: 0.0054, trian_mae: 0.0776, trian_mse:0.0108, trian_r2: -31.4799, trian_cc: 0.2919
Epoch 36, val_loss: 0.0053, val_mae: 0.0768, val_mse: 0.0106, val_r2: -25.1965, val_cc: 0.2947
Epoch 37, trian_loss: 0.0053, trian_mae: 0.0776, trian_mse:0.0107, trian_r2: -32.9947, trian_cc: 0.2910
Epoch 37, val_loss: 0.0053, val_mae: 0.0767, val_mse: 0.0105, val_r2: -17.2097, val_cc: 0.2948
Epoch 38, trian_loss: 0.0053, trian_mae: 0.0772, trian_mse:0.0106, trian_r2: -30.0302, trian_cc: 0.2927
Epoch 38, val_loss: 0.0052, val_mae: 0.0762, val_mse: 0.0104, val_r2: -16.9791, val_cc: 0.2944
Epoch 39, trian_loss: 0.0053, trian_mae: 0.0771, trian_mse:0.0105, trian_r2: -30.4617, trian_cc: 0.2919
Epoch 39, val_loss: 0.0052, val_mae: 0.0760, val_mse: 0.0104, val_r2: -16.8008, val_cc: 0.2929
Epoch 40, trian_loss: 0.0053, trian_mae: 0.0771, trian_mse:0.0105, trian_r2: -25.6476, trian_cc: 0.2905
Epoch 40, val_loss: 0.0051, val_mae: 0.0758, val_mse: 0.0103, val_r2: -19.0447, val_cc: 0.2972
Epoch 41, trian_loss: 0.0052, trian_mae: 0.0767, trian_mse:0.0104, trian_r2: -26.8067, trian_cc: 0.2936
Epoch 41, val_loss: 0.0051, val_mae: 0.0762, val_mse: 0.0102, val_r2: -20.5102, val_cc: 0.2951
Epoch 42, trian_loss: 0.0051, trian_mae: 0.0765, trian_mse:0.0103, trian_r2: -24.5461, trian_cc: 0.2952
Epoch 42, val_loss: 0.0051, val_mae: 0.0753, val_mse: 0.0102, val_r2: -20.0871, val_cc: 0.2984
Epoch 43, trian_loss: 0.0051, trian_mae: 0.0762, trian_mse:0.0102, trian_r2: -25.9932, trian_cc: 0.2945
Epoch 43, val_loss: 0.0050, val_mae: 0.0757, val_mse: 0.0100, val_r2: -17.8268, val_cc: 0.2984
Epoch 44, trian_loss: 0.0051, trian_mae: 0.0763, trian_mse:0.0102, trian_r2: -27.8306, trian_cc: 0.2950
Epoch 44, val_loss: 0.0050, val_mae: 0.0754, val_mse: 0.0100, val_r2: -24.1104, val_cc: 0.2992
Epoch 45, trian_loss: 0.0050, trian_mae: 0.0758, trian_mse:0.0101, trian_r2: -32.2340, trian_cc: 0.2947
Epoch 45, val_loss: 0.0050, val_mae: 0.0754, val_mse: 0.0100, val_r2: -14.4954, val_cc: 0.3004
Epoch 46, trian_loss: 0.0050, trian_mae: 0.0756, trian_mse:0.0100, trian_r2: -25.2136, trian_cc: 0.2975
Epoch 46, val_loss: 0.0049, val_mae: 0.0749, val_mse: 0.0098, val_r2: -19.5453, val_cc: 0.3025
Epoch 47, trian_loss: 0.0049, trian_mae: 0.0754, trian_mse:0.0099, trian_r2: -24.6527, trian_cc: 0.2980
Epoch 47, val_loss: 0.0052, val_mae: 0.0768, val_mse: 0.0104, val_r2: -28.8576, val_cc: 0.2908
Epoch 48, trian_loss: 0.0049, trian_mae: 0.0753, trian_mse:0.0098, trian_r2: -24.3342, trian_cc: 0.3003
Epoch 48, val_loss: 0.0049, val_mae: 0.0743, val_mse: 0.0098, val_r2: -20.2278, val_cc: 0.3025
Epoch 49, trian_loss: 0.0049, trian_mae: 0.0750, trian_mse:0.0097, trian_r2: -25.3617, trian_cc: 0.2986
Epoch 49, val_loss: 0.0048, val_mae: 0.0742, val_mse: 0.0095, val_r2: -17.5268, val_cc: 0.3072
Epoch 50, trian_loss: 0.0049, trian_mae: 0.0752, trian_mse:0.0098, trian_r2: -24.4863, trian_cc: 0.2989
Epoch 50, val_loss: 0.0048, val_mae: 0.0743, val_mse: 0.0096, val_r2: -18.0750, val_cc: 0.3028
Epoch 51, trian_loss: 0.0048, trian_mae: 0.0748, trian_mse:0.0096, trian_r2: -23.8873, trian_cc: 0.3038
Epoch 51, val_loss: 0.0048, val_mae: 0.0751, val_mse: 0.0097, val_r2: -20.6792, val_cc: 0.3036
Epoch 52, trian_loss: 0.0048, trian_mae: 0.0744, trian_mse:0.0095, trian_r2: -23.4657, trian_cc: 0.3046
Epoch 52, val_loss: 0.0049, val_mae: 0.0752, val_mse: 0.0098, val_r2: -19.4244, val_cc: 0.3025
Epoch 53, trian_loss: 0.0047, trian_mae: 0.0743, trian_mse:0.0095, trian_r2: -22.8280, trian_cc: 0.3052
Epoch 53, val_loss: 0.0048, val_mae: 0.0741, val_mse: 0.0095, val_r2: -21.3133, val_cc: 0.3029
Epoch 54, trian_loss: 0.0049, trian_mae: 0.0749, trian_mse:0.0097, trian_r2: -28.2376, trian_cc: 0.3004
Epoch 54, val_loss: 0.0047, val_mae: 0.0741, val_mse: 0.0094, val_r2: -18.0161, val_cc: 0.3045
Epoch 55, trian_loss: 0.0048, trian_mae: 0.0744, trian_mse:0.0095, trian_r2: -24.6919, trian_cc: 0.3043
Epoch 55, val_loss: 0.0047, val_mae: 0.0738, val_mse: 0.0094, val_r2: -16.5170, val_cc: 0.3060
Epoch 56, trian_loss: 0.0047, trian_mae: 0.0739, trian_mse:0.0093, trian_r2: -24.5862, trian_cc: 0.3081
Epoch 56, val_loss: 0.0046, val_mae: 0.0733, val_mse: 0.0093, val_r2: -17.2539, val_cc: 0.3095
Epoch 57, trian_loss: 0.0047, trian_mae: 0.0744, trian_mse:0.0095, trian_r2: -28.2698, trian_cc: 0.3035
Epoch 57, val_loss: 0.0050, val_mae: 0.0771, val_mse: 0.0101, val_r2: -23.3066, val_cc: 0.2866
Epoch 58, trian_loss: 0.0047, trian_mae: 0.0738, trian_mse:0.0093, trian_r2: -22.0980, trian_cc: 0.3099
Epoch 58, val_loss: 0.0046, val_mae: 0.0729, val_mse: 0.0091, val_r2: -19.0177, val_cc: 0.3150
Epoch 59, trian_loss: 0.0047, trian_mae: 0.0738, trian_mse:0.0093, trian_r2: -24.4842, trian_cc: 0.3094
Epoch 59, val_loss: 0.0048, val_mae: 0.0742, val_mse: 0.0096, val_r2: -24.5091, val_cc: 0.3005
Epoch 60, trian_loss: 0.0047, trian_mae: 0.0740, trian_mse:0.0094, trian_r2: -23.4994, trian_cc: 0.3099
Epoch 60, val_loss: 0.0048, val_mae: 0.0746, val_mse: 0.0095, val_r2: -24.8274, val_cc: 0.3049
Epoch 61, trian_loss: 0.0046, trian_mae: 0.0732, trian_mse:0.0091, trian_r2: -22.3364, trian_cc: 0.3133
Epoch 61, val_loss: 0.0046, val_mae: 0.0733, val_mse: 0.0092, val_r2: -27.3618, val_cc: 0.3121
Epoch 62, trian_loss: 0.0046, trian_mae: 0.0733, trian_mse:0.0091, trian_r2: -23.3372, trian_cc: 0.3119
Epoch 62, val_loss: 0.0046, val_mae: 0.0729, val_mse: 0.0091, val_r2: -22.2580, val_cc: 0.3161
Epoch 63, trian_loss: 0.0046, trian_mae: 0.0733, trian_mse:0.0091, trian_r2: -24.7959, trian_cc: 0.3145
Epoch 63, val_loss: 0.0048, val_mae: 0.0755, val_mse: 0.0096, val_r2: -19.1628, val_cc: 0.3064
Epoch 64, trian_loss: 0.0046, trian_mae: 0.0734, trian_mse:0.0091, trian_r2: -23.1157, trian_cc: 0.3137
Epoch 64, val_loss: 0.0046, val_mae: 0.0738, val_mse: 0.0093, val_r2: -20.2254, val_cc: 0.3141
Epoch 65, trian_loss: 0.0046, trian_mae: 0.0733, trian_mse:0.0092, trian_r2: -22.4019, trian_cc: 0.3137
Epoch 65, val_loss: 0.0045, val_mae: 0.0732, val_mse: 0.0091, val_r2: -23.4888, val_cc: 0.3158
Epoch 66, trian_loss: 0.0045, trian_mae: 0.0730, trian_mse:0.0090, trian_r2: -23.4496, trian_cc: 0.3155
Epoch 66, val_loss: 0.0046, val_mae: 0.0738, val_mse: 0.0093, val_r2: -17.4383, val_cc: 0.3137
Epoch 67, trian_loss: 0.0045, trian_mae: 0.0732, trian_mse:0.0091, trian_r2: -25.1031, trian_cc: 0.3157
Epoch 67, val_loss: 0.0046, val_mae: 0.0735, val_mse: 0.0092, val_r2: -18.7740, val_cc: 0.3168
Epoch 68, trian_loss: 0.0045, trian_mae: 0.0730, trian_mse:0.0091, trian_r2: -24.3742, trian_cc: 0.3157
Epoch 68, val_loss: 0.0046, val_mae: 0.0739, val_mse: 0.0092, val_r2: -16.8044, val_cc: 0.3157
Epoch 69, trian_loss: 0.0045, trian_mae: 0.0728, trian_mse:0.0090, trian_r2: -22.6643, trian_cc: 0.3188
Epoch 69, val_loss: 0.0046, val_mae: 0.0743, val_mse: 0.0093, val_r2: -19.4482, val_cc: 0.3168
Epoch 70, trian_loss: 0.0045, trian_mae: 0.0727, trian_mse:0.0090, trian_r2: -22.6572, trian_cc: 0.3195
Epoch 70, val_loss: 0.0046, val_mae: 0.0732, val_mse: 0.0091, val_r2: -17.8198, val_cc: 0.3169
Epoch 71, trian_loss: 0.0045, trian_mae: 0.0726, trian_mse:0.0090, trian_r2: -23.2077, trian_cc: 0.3197
Epoch 71, val_loss: 0.0046, val_mae: 0.0739, val_mse: 0.0092, val_r2: -18.3567, val_cc: 0.3186
Epoch 72, trian_loss: 0.0045, trian_mae: 0.0726, trian_mse:0.0089, trian_r2: -22.7215, trian_cc: 0.3205
Epoch 72, val_loss: 0.0045, val_mae: 0.0732, val_mse: 0.0091, val_r2: -23.5067, val_cc: 0.3130
Epoch 73, trian_loss: 0.0045, trian_mae: 0.0727, trian_mse:0.0090, trian_r2: -23.3067, trian_cc: 0.3202
Epoch 73, val_loss: 0.0048, val_mae: 0.0754, val_mse: 0.0096, val_r2: -18.4912, val_cc: 0.3092
Epoch 74, trian_loss: 0.0045, trian_mae: 0.0726, trian_mse:0.0090, trian_r2: -22.0151, trian_cc: 0.3224
Epoch 74, val_loss: 0.0048, val_mae: 0.0758, val_mse: 0.0097, val_r2: -20.7473, val_cc: 0.3095
Epoch 75, trian_loss: 0.0045, trian_mae: 0.0726, trian_mse:0.0090, trian_r2: -21.5471, trian_cc: 0.3227
Epoch 75, val_loss: 0.0047, val_mae: 0.0753, val_mse: 0.0095, val_r2: -18.2738, val_cc: 0.3174
Epoch 76, trian_loss: 0.0044, trian_mae: 0.0723, trian_mse:0.0089, trian_r2: -21.3812, trian_cc: 0.3252
Epoch 76, val_loss: 0.0047, val_mae: 0.0743, val_mse: 0.0093, val_r2: -20.3850, val_cc: 0.3164
Epoch 77, trian_loss: 0.0045, trian_mae: 0.0726, trian_mse:0.0089, trian_r2: -22.3408, trian_cc: 0.3247
Epoch 77, val_loss: 0.0046, val_mae: 0.0740, val_mse: 0.0092, val_r2: -20.3443, val_cc: 0.3194
Epoch 78, trian_loss: 0.0045, trian_mae: 0.0725, trian_mse:0.0089, trian_r2: -22.3006, trian_cc: 0.3249
Epoch 78, val_loss: 0.0045, val_mae: 0.0734, val_mse: 0.0091, val_r2: -20.3587, val_cc: 0.3244
Epoch 79, trian_loss: 0.0044, trian_mae: 0.0721, trian_mse:0.0088, trian_r2: -22.0430, trian_cc: 0.3277
Epoch 79, val_loss: 0.0045, val_mae: 0.0729, val_mse: 0.0090, val_r2: -19.0170, val_cc: 0.3224
Epoch 80, trian_loss: 0.0044, trian_mae: 0.0722, trian_mse:0.0089, trian_r2: -22.0623, trian_cc: 0.3264
Epoch 80, val_loss: 0.0046, val_mae: 0.0735, val_mse: 0.0092, val_r2: -18.5407, val_cc: 0.3263
Epoch 81, trian_loss: 0.0044, trian_mae: 0.0721, trian_mse:0.0088, trian_r2: -21.5813, trian_cc: 0.3291
Epoch 81, val_loss: 0.0044, val_mae: 0.0719, val_mse: 0.0088, val_r2: -21.3548, val_cc: 0.3301
Epoch 82, trian_loss: 0.0044, trian_mae: 0.0717, trian_mse:0.0087, trian_r2: -21.6281, trian_cc: 0.3318
Epoch 82, val_loss: 0.0045, val_mae: 0.0726, val_mse: 0.0090, val_r2: -18.4091, val_cc: 0.3273
Epoch 83, trian_loss: 0.0044, trian_mae: 0.0716, trian_mse:0.0087, trian_r2: -21.2330, trian_cc: 0.3322
Epoch 83, val_loss: 0.0044, val_mae: 0.0716, val_mse: 0.0088, val_r2: -16.9129, val_cc: 0.3309
Epoch 84, trian_loss: 0.0044, trian_mae: 0.0721, trian_mse:0.0089, trian_r2: -21.8400, trian_cc: 0.3283
Epoch 84, val_loss: 0.0044, val_mae: 0.0717, val_mse: 0.0088, val_r2: -17.7438, val_cc: 0.3330
Epoch 85, trian_loss: 0.0044, trian_mae: 0.0718, trian_mse:0.0088, trian_r2: -20.7698, trian_cc: 0.3328
Epoch 85, val_loss: 0.0044, val_mae: 0.0716, val_mse: 0.0088, val_r2: -15.5948, val_cc: 0.3352
Epoch 86, trian_loss: 0.0044, trian_mae: 0.0715, trian_mse:0.0087, trian_r2: -21.0458, trian_cc: 0.3320
Epoch 86, val_loss: 0.0044, val_mae: 0.0713, val_mse: 0.0087, val_r2: -19.1941, val_cc: 0.3359
Epoch 87, trian_loss: 0.0043, trian_mae: 0.0714, trian_mse:0.0087, trian_r2: -21.8388, trian_cc: 0.3352
Epoch 87, val_loss: 0.0044, val_mae: 0.0719, val_mse: 0.0089, val_r2: -20.2552, val_cc: 0.3348
Epoch 88, trian_loss: 0.0044, trian_mae: 0.0715, trian_mse:0.0087, trian_r2: -21.9893, trian_cc: 0.3337
Epoch 88, val_loss: 0.0044, val_mae: 0.0714, val_mse: 0.0088, val_r2: -18.1640, val_cc: 0.3369
Epoch 89, trian_loss: 0.0043, trian_mae: 0.0715, trian_mse:0.0087, trian_r2: -20.6261, trian_cc: 0.3363
Epoch 89, val_loss: 0.0044, val_mae: 0.0713, val_mse: 0.0088, val_r2: -18.5026, val_cc: 0.3350
Epoch 90, trian_loss: 0.0043, trian_mae: 0.0714, trian_mse:0.0087, trian_r2: -20.3905, trian_cc: 0.3374
Epoch 90, val_loss: 0.0044, val_mae: 0.0716, val_mse: 0.0088, val_r2: -16.9364, val_cc: 0.3362
Epoch 91, trian_loss: 0.0044, trian_mae: 0.0715, trian_mse:0.0087, trian_r2: -20.9518, trian_cc: 0.3371
Epoch 91, val_loss: 0.0046, val_mae: 0.0732, val_mse: 0.0092, val_r2: -21.9760, val_cc: 0.3325
Epoch 92, trian_loss: 0.0043, trian_mae: 0.0712, trian_mse:0.0086, trian_r2: -20.4844, trian_cc: 0.3407
Epoch 92, val_loss: 0.0044, val_mae: 0.0716, val_mse: 0.0088, val_r2: -17.7597, val_cc: 0.3397
Epoch 93, trian_loss: 0.0043, trian_mae: 0.0711, trian_mse:0.0086, trian_r2: -20.5946, trian_cc: 0.3403
Epoch 93, val_loss: 0.0044, val_mae: 0.0716, val_mse: 0.0088, val_r2: -17.4637, val_cc: 0.3418
Epoch 94, trian_loss: 0.0043, trian_mae: 0.0711, trian_mse:0.0087, trian_r2: -20.1399, trian_cc: 0.3431
Epoch 94, val_loss: 0.0044, val_mae: 0.0716, val_mse: 0.0088, val_r2: -19.5177, val_cc: 0.3441
Epoch 95, trian_loss: 0.0043, trian_mae: 0.0711, trian_mse:0.0086, trian_r2: -20.5110, trian_cc: 0.3419
Epoch 95, val_loss: 0.0044, val_mae: 0.0714, val_mse: 0.0087, val_r2: -18.1041, val_cc: 0.3445
Epoch 96, trian_loss: 0.0043, trian_mae: 0.0710, trian_mse:0.0086, trian_r2: -20.0788, trian_cc: 0.3418
Epoch 96, val_loss: 0.0044, val_mae: 0.0715, val_mse: 0.0088, val_r2: -17.3825, val_cc: 0.3433
Epoch 97, trian_loss: 0.0043, trian_mae: 0.0710, trian_mse:0.0086, trian_r2: -19.6382, trian_cc: 0.3438
Epoch 97, val_loss: 0.0044, val_mae: 0.0714, val_mse: 0.0088, val_r2: -16.5948, val_cc: 0.3408
Epoch 98, trian_loss: 0.0043, trian_mae: 0.0710, trian_mse:0.0086, trian_r2: -21.9699, trian_cc: 0.3417
Epoch 98, val_loss: 0.0043, val_mae: 0.0711, val_mse: 0.0086, val_r2: -16.7419, val_cc: 0.3420
Epoch 99, trian_loss: 0.0043, trian_mae: 0.0709, trian_mse:0.0086, trian_r2: -20.0739, trian_cc: 0.3442
Epoch 99, val_loss: 0.0043, val_mae: 0.0709, val_mse: 0.0087, val_r2: -15.3217, val_cc: 0.3459
