Trian Data: 515   Validation Data: 172  Test Data: 172
model ResNet_2D(
  (conv1): Sequential(
    (0): Conv2d(400, 64, kernel_size=(3, 3), stride=(1, 1), padding=(1, 1), bias=False)
    (1): BatchNorm2d(64, eps=1e-05, momentum=0.1, affine=True, track_running_stats=True)
  )
  (layer1): Sequential(
    (0): BasicBlock(
      (conv1): Conv2d(64, 64, kernel_size=(3, 3), stride=(1, 1), padding=(1, 1), bias=False)
      (bn1): BatchNorm2d(64, eps=1e-05, momentum=0.1, affine=True, track_running_stats=True)
      (conv2): Conv2d(64, 64, kernel_size=(3, 3), stride=(1, 1), padding=(1, 1), bias=False)
      (bn2): BatchNorm2d(64, eps=1e-05, momentum=0.1, affine=True, track_running_stats=True)
      (shortcut): Sequential()
    )
    (1): BasicBlock(
      (conv1): Conv2d(64, 64, kernel_size=(3, 3), stride=(1, 1), padding=(1, 1), bias=False)
      (bn1): BatchNorm2d(64, eps=1e-05, momentum=0.1, affine=True, track_running_stats=True)
      (conv2): Conv2d(64, 64, kernel_size=(3, 3), stride=(1, 1), padding=(1, 1), bias=False)
      (bn2): BatchNorm2d(64, eps=1e-05, momentum=0.1, affine=True, track_running_stats=True)
      (shortcut): Sequential()
    )
  )
  (layer2): Sequential(
    (0): BasicBlock(
      (conv1): Conv2d(64, 64, kernel_size=(3, 3), stride=(1, 1), padding=(1, 1), bias=False)
      (bn1): BatchNorm2d(64, eps=1e-05, momentum=0.1, affine=True, track_running_stats=True)
      (conv2): Conv2d(64, 64, kernel_size=(3, 3), stride=(1, 1), padding=(1, 1), bias=False)
      (bn2): BatchNorm2d(64, eps=1e-05, momentum=0.1, affine=True, track_running_stats=True)
      (shortcut): Sequential()
    )
    (1): BasicBlock(
      (conv1): Conv2d(64, 64, kernel_size=(3, 3), stride=(1, 1), padding=(1, 1), bias=False)
      (bn1): BatchNorm2d(64, eps=1e-05, momentum=0.1, affine=True, track_running_stats=True)
      (conv2): Conv2d(64, 64, kernel_size=(3, 3), stride=(1, 1), padding=(1, 1), bias=False)
      (bn2): BatchNorm2d(64, eps=1e-05, momentum=0.1, affine=True, track_running_stats=True)
      (shortcut): Sequential()
    )
  )
  (layer3): Sequential(
    (0): BasicBlock(
      (conv1): Conv2d(64, 64, kernel_size=(3, 3), stride=(1, 1), padding=(1, 1), bias=False)
      (bn1): BatchNorm2d(64, eps=1e-05, momentum=0.1, affine=True, track_running_stats=True)
      (conv2): Conv2d(64, 64, kernel_size=(3, 3), stride=(1, 1), padding=(1, 1), bias=False)
      (bn2): BatchNorm2d(64, eps=1e-05, momentum=0.1, affine=True, track_running_stats=True)
      (shortcut): Sequential()
    )
    (1): BasicBlock(
      (conv1): Conv2d(64, 64, kernel_size=(3, 3), stride=(1, 1), padding=(1, 1), bias=False)
      (bn1): BatchNorm2d(64, eps=1e-05, momentum=0.1, affine=True, track_running_stats=True)
      (conv2): Conv2d(64, 64, kernel_size=(3, 3), stride=(1, 1), padding=(1, 1), bias=False)
      (bn2): BatchNorm2d(64, eps=1e-05, momentum=0.1, affine=True, track_running_stats=True)
      (shortcut): Sequential()
    )
  )
  (layer4): Sequential(
    (0): BasicBlock(
      (conv1): Conv2d(64, 64, kernel_size=(3, 3), stride=(1, 1), padding=(1, 1), bias=False)
      (bn1): BatchNorm2d(64, eps=1e-05, momentum=0.1, affine=True, track_running_stats=True)
      (conv2): Conv2d(64, 64, kernel_size=(3, 3), stride=(1, 1), padding=(1, 1), bias=False)
      (bn2): BatchNorm2d(64, eps=1e-05, momentum=0.1, affine=True, track_running_stats=True)
      (shortcut): Sequential()
    )
    (1): BasicBlock(
      (conv1): Conv2d(64, 64, kernel_size=(3, 3), stride=(1, 1), padding=(1, 1), bias=False)
      (bn1): BatchNorm2d(64, eps=1e-05, momentum=0.1, affine=True, track_running_stats=True)
      (conv2): Conv2d(64, 64, kernel_size=(3, 3), stride=(1, 1), padding=(1, 1), bias=False)
      (bn2): BatchNorm2d(64, eps=1e-05, momentum=0.1, affine=True, track_running_stats=True)
      (shortcut): Sequential()
    )
  )
  (conv2): Sequential(
    (0): Conv2d(64, 32, kernel_size=(3, 3), stride=(1, 1), padding=(1, 1))
    (1): BatchNorm2d(32, eps=1e-05, momentum=0.1, affine=True, track_running_stats=True)
  )
  (conv3): Sequential(
    (0): Conv2d(32, 16, kernel_size=(3, 3), stride=(1, 1), padding=(1, 1))
    (1): BatchNorm2d(16, eps=1e-05, momentum=0.1, affine=True, track_running_stats=True)
  )
  (conv4): Sequential(
    (0): Conv2d(16, 1, kernel_size=(3, 3), stride=(1, 1), padding=(1, 1))
    (1): BatchNorm2d(1, eps=1e-05, momentum=0.1, affine=True, track_running_stats=True)
  )
)
Epoch  0, trian_loss: 0.0204, trian_mae: 0.1267, trian_mse:0.0414, trian_r2: -2.7626, trian_cc: 0.0027
Epoch  0, val_loss: 0.0205, val_mae: 0.1137, val_mse: 0.0418, val_r2: -2.1536, val_cc: 0.0037
Epoch  1, trian_loss: 0.0071, trian_mae: 0.0876, trian_mse:0.0142, trian_r2: -124.1641, trian_cc: -0.0096
Epoch  1, val_loss: 0.0073, val_mae: 0.0917, val_mse: 0.0146, val_r2: -182.5616, val_cc: -0.0216
Epoch  2, trian_loss: 0.0065, trian_mae: 0.0852, trian_mse:0.0130, trian_r2: -191.9278, trian_cc: -0.0151
Epoch  2, val_loss: 0.0072, val_mae: 0.0899, val_mse: 0.0144, val_r2: -263.6880, val_cc: -0.0203
Epoch  3, trian_loss: 0.0065, trian_mae: 0.0849, trian_mse:0.0130, trian_r2: -277.5455, trian_cc: -0.0117
Epoch  3, val_loss: 0.0072, val_mae: 0.0895, val_mse: 0.0143, val_r2: -438.3975, val_cc: -0.0096
Epoch  4, trian_loss: 0.0065, trian_mae: 0.0849, trian_mse:0.0129, trian_r2: -396.1086, trian_cc: -0.0036
Epoch  4, val_loss: 0.0072, val_mae: 0.0911, val_mse: 0.0144, val_r2: -511.2152, val_cc: -0.0135
Epoch  5, trian_loss: 0.0065, trian_mae: 0.0848, trian_mse:0.0129, trian_r2: -542.1428, trian_cc: 0.0031
Epoch  5, val_loss: 0.0071, val_mae: 0.0891, val_mse: 0.0142, val_r2: -754.9854, val_cc: 0.0061
Epoch  6, trian_loss: 0.0064, trian_mae: 0.0847, trian_mse:0.0129, trian_r2: -781.6079, trian_cc: 0.0084
Epoch  6, val_loss: 0.0072, val_mae: 0.0900, val_mse: 0.0144, val_r2: -1124.9024, val_cc: -0.0012
Epoch  7, trian_loss: 0.0064, trian_mae: 0.0847, trian_mse:0.0129, trian_r2: -985.5034, trian_cc: 0.0133
Epoch  7, val_loss: 0.0071, val_mae: 0.0893, val_mse: 0.0143, val_r2: -1213.0315, val_cc: 0.0157
Epoch  8, trian_loss: 0.0064, trian_mae: 0.0850, trian_mse:0.0129, trian_r2: -1092.3172, trian_cc: 0.0253
Epoch  8, val_loss: 0.0071, val_mae: 0.0891, val_mse: 0.0142, val_r2: -1113.3505, val_cc: 0.0305
Epoch  9, trian_loss: 0.0064, trian_mae: 0.0845, trian_mse:0.0128, trian_r2: -1880.4892, trian_cc: 0.0390
Epoch  9, val_loss: 0.0071, val_mae: 0.0894, val_mse: 0.0142, val_r2: -2417.1443, val_cc: 0.0281
Epoch 10, trian_loss: 0.0064, trian_mae: 0.0845, trian_mse:0.0128, trian_r2: -2489.3897, trian_cc: 0.0451
Epoch 10, val_loss: 0.0071, val_mae: 0.0891, val_mse: 0.0142, val_r2: -3238.7879, val_cc: 0.0499
Epoch 11, trian_loss: 0.0064, trian_mae: 0.0846, trian_mse:0.0128, trian_r2: -2498.3553, trian_cc: 0.0542
Epoch 11, val_loss: 0.0071, val_mae: 0.0898, val_mse: 0.0142, val_r2: -2482.7289, val_cc: 0.0388
Epoch 12, trian_loss: 0.0064, trian_mae: 0.0845, trian_mse:0.0128, trian_r2: -2688.7267, trian_cc: 0.0595
Epoch 12, val_loss: 0.0071, val_mae: 0.0896, val_mse: 0.0142, val_r2: -3279.4667, val_cc: 0.0489
Epoch 13, trian_loss: 0.0064, trian_mae: 0.0845, trian_mse:0.0128, trian_r2: -2742.3910, trian_cc: 0.0685
Epoch 13, val_loss: 0.0071, val_mae: 0.0895, val_mse: 0.0142, val_r2: -3336.4797, val_cc: 0.0753
Epoch 14, trian_loss: 0.0064, trian_mae: 0.0845, trian_mse:0.0128, trian_r2: -2126.8220, trian_cc: 0.0753
Epoch 14, val_loss: 0.0071, val_mae: 0.0891, val_mse: 0.0141, val_r2: -2447.4157, val_cc: 0.0798
Epoch 15, trian_loss: 0.0064, trian_mae: 0.0844, trian_mse:0.0128, trian_r2: -1729.6109, trian_cc: 0.0790
Epoch 15, val_loss: 0.0071, val_mae: 0.0886, val_mse: 0.0142, val_r2: -2129.3689, val_cc: 0.0865
Epoch 16, trian_loss: 0.0064, trian_mae: 0.0843, trian_mse:0.0128, trian_r2: -1744.0114, trian_cc: 0.0889
Epoch 16, val_loss: 0.0071, val_mae: 0.0887, val_mse: 0.0142, val_r2: -1643.2767, val_cc: 0.0905
Epoch 17, trian_loss: 0.0064, trian_mae: 0.0845, trian_mse:0.0128, trian_r2: -1682.3369, trian_cc: 0.0986
Epoch 17, val_loss: 0.0071, val_mae: 0.0888, val_mse: 0.0142, val_r2: -1813.6634, val_cc: 0.0971
Epoch 18, trian_loss: 0.0064, trian_mae: 0.0843, trian_mse:0.0127, trian_r2: -1309.5436, trian_cc: 0.1089
Epoch 18, val_loss: 0.0071, val_mae: 0.0889, val_mse: 0.0142, val_r2: -1032.4594, val_cc: 0.1035
Epoch 19, trian_loss: 0.0064, trian_mae: 0.0843, trian_mse:0.0128, trian_r2: -824.3008, trian_cc: 0.1145
Epoch 19, val_loss: 0.0071, val_mae: 0.0889, val_mse: 0.0142, val_r2: -809.0631, val_cc: 0.1104
Epoch 20, trian_loss: 0.0064, trian_mae: 0.0843, trian_mse:0.0127, trian_r2: -551.1515, trian_cc: 0.1300
Epoch 20, val_loss: 0.0071, val_mae: 0.0890, val_mse: 0.0142, val_r2: -513.6263, val_cc: 0.1059
Epoch 21, trian_loss: 0.0063, trian_mae: 0.0840, trian_mse:0.0127, trian_r2: -277.4194, trian_cc: 0.1496
Epoch 21, val_loss: 0.0071, val_mae: 0.0887, val_mse: 0.0142, val_r2: -219.0035, val_cc: 0.1154
Epoch 22, trian_loss: 0.0063, trian_mae: 0.0836, trian_mse:0.0126, trian_r2: -162.3105, trian_cc: 0.1725
Epoch 22, val_loss: 0.0071, val_mae: 0.0887, val_mse: 0.0142, val_r2: -159.2235, val_cc: 0.1201
Epoch 23, trian_loss: 0.0062, trian_mae: 0.0829, trian_mse:0.0125, trian_r2: -109.2982, trian_cc: 0.1960
Epoch 23, val_loss: 0.0071, val_mae: 0.0896, val_mse: 0.0142, val_r2: -72.4166, val_cc: 0.1225
Epoch 24, trian_loss: 0.0062, trian_mae: 0.0824, trian_mse:0.0123, trian_r2: -68.1942, trian_cc: 0.2144
Epoch 24, val_loss: 0.0072, val_mae: 0.0896, val_mse: 0.0143, val_r2: -49.8028, val_cc: 0.1217
Epoch 25, trian_loss: 0.0061, trian_mae: 0.0815, trian_mse:0.0121, trian_r2: -55.3101, trian_cc: 0.2408
Epoch 25, val_loss: 0.0072, val_mae: 0.0900, val_mse: 0.0144, val_r2: -40.5400, val_cc: 0.1253
Epoch 26, trian_loss: 0.0060, trian_mae: 0.0809, trian_mse:0.0120, trian_r2: -41.8947, trian_cc: 0.2531
Epoch 26, val_loss: 0.0073, val_mae: 0.0902, val_mse: 0.0145, val_r2: -32.5747, val_cc: 0.1260
Epoch 27, trian_loss: 0.0059, trian_mae: 0.0803, trian_mse:0.0119, trian_r2: -35.6576, trian_cc: 0.2776
Epoch 27, val_loss: 0.0073, val_mae: 0.0903, val_mse: 0.0145, val_r2: -29.1616, val_cc: 0.1228
Epoch 28, trian_loss: 0.0059, trian_mae: 0.0799, trian_mse:0.0117, trian_r2: -28.4269, trian_cc: 0.2863
Epoch 28, val_loss: 0.0072, val_mae: 0.0900, val_mse: 0.0144, val_r2: -34.5332, val_cc: 0.1295
Epoch 29, trian_loss: 0.0059, trian_mae: 0.0797, trian_mse:0.0117, trian_r2: -28.2984, trian_cc: 0.2935
Epoch 29, val_loss: 0.0073, val_mae: 0.0907, val_mse: 0.0147, val_r2: -23.4380, val_cc: 0.1267
Epoch 30, trian_loss: 0.0058, trian_mae: 0.0788, trian_mse:0.0115, trian_r2: -23.0560, trian_cc: 0.3073
Epoch 30, val_loss: 0.0075, val_mae: 0.0919, val_mse: 0.0150, val_r2: -22.6600, val_cc: 0.1194
Epoch 31, trian_loss: 0.0057, trian_mae: 0.0785, trian_mse:0.0114, trian_r2: -19.2900, trian_cc: 0.3147
Epoch 31, val_loss: 0.0074, val_mae: 0.0911, val_mse: 0.0147, val_r2: -26.6063, val_cc: 0.1161
Epoch 32, trian_loss: 0.0057, trian_mae: 0.0782, trian_mse:0.0113, trian_r2: -16.3628, trian_cc: 0.3209
Epoch 32, val_loss: 0.0078, val_mae: 0.0940, val_mse: 0.0157, val_r2: -12.6094, val_cc: 0.1171
Epoch 33, trian_loss: 0.0057, trian_mae: 0.0780, trian_mse:0.0113, trian_r2: -15.6315, trian_cc: 0.3267
Epoch 33, val_loss: 0.0074, val_mae: 0.0917, val_mse: 0.0149, val_r2: -22.0678, val_cc: 0.1139
Epoch 34, trian_loss: 0.0056, trian_mae: 0.0776, trian_mse:0.0112, trian_r2: -14.2334, trian_cc: 0.3315
Epoch 34, val_loss: 0.0077, val_mae: 0.0937, val_mse: 0.0154, val_r2: -13.4080, val_cc: 0.1164
Epoch 35, trian_loss: 0.0056, trian_mae: 0.0771, trian_mse:0.0111, trian_r2: -12.7917, trian_cc: 0.3377
Epoch 35, val_loss: 0.0081, val_mae: 0.0957, val_mse: 0.0162, val_r2: -9.4320, val_cc: 0.1137
Epoch 36, trian_loss: 0.0055, trian_mae: 0.0771, trian_mse:0.0111, trian_r2: -14.0785, trian_cc: 0.3407
Epoch 36, val_loss: 0.0077, val_mae: 0.0932, val_mse: 0.0154, val_r2: -14.5829, val_cc: 0.1142
Epoch 37, trian_loss: 0.0055, trian_mae: 0.0766, trian_mse:0.0109, trian_r2: -11.3861, trian_cc: 0.3501
Epoch 37, val_loss: 0.0081, val_mae: 0.0957, val_mse: 0.0161, val_r2: -8.7700, val_cc: 0.1226
Epoch 38, trian_loss: 0.0055, trian_mae: 0.0763, trian_mse:0.0109, trian_r2: -11.6665, trian_cc: 0.3534
Epoch 38, val_loss: 0.0079, val_mae: 0.0953, val_mse: 0.0159, val_r2: -12.0606, val_cc: 0.1164
Epoch 39, trian_loss: 0.0054, trian_mae: 0.0761, trian_mse:0.0108, trian_r2: -10.5415, trian_cc: 0.3634
Epoch 39, val_loss: 0.0076, val_mae: 0.0931, val_mse: 0.0152, val_r2: -14.3258, val_cc: 0.1136
Epoch 40, trian_loss: 0.0053, trian_mae: 0.0751, trian_mse:0.0107, trian_r2: -9.6333, trian_cc: 0.3721
Epoch 40, val_loss: 0.0080, val_mae: 0.0951, val_mse: 0.0160, val_r2: -9.7307, val_cc: 0.1158
Epoch 41, trian_loss: 0.0053, trian_mae: 0.0752, trian_mse:0.0106, trian_r2: -8.9624, trian_cc: 0.3766
Epoch 41, val_loss: 0.0083, val_mae: 0.0984, val_mse: 0.0167, val_r2: -7.7541, val_cc: 0.0972
Epoch 42, trian_loss: 0.0053, trian_mae: 0.0749, trian_mse:0.0106, trian_r2: -8.7651, trian_cc: 0.3777
Epoch 42, val_loss: 0.0085, val_mae: 0.1001, val_mse: 0.0171, val_r2: -7.2321, val_cc: 0.0999
Epoch 43, trian_loss: 0.0051, trian_mae: 0.0734, trian_mse:0.0102, trian_r2: -7.6308, trian_cc: 0.3997
Epoch 43, val_loss: 0.0084, val_mae: 0.0985, val_mse: 0.0168, val_r2: -7.2796, val_cc: 0.0983
Epoch 44, trian_loss: 0.0050, trian_mae: 0.0728, trian_mse:0.0101, trian_r2: -7.6871, trian_cc: 0.4140
Epoch 44, val_loss: 0.0083, val_mae: 0.0987, val_mse: 0.0165, val_r2: -7.1520, val_cc: 0.0845
Epoch 45, trian_loss: 0.0048, trian_mae: 0.0711, trian_mse:0.0096, trian_r2: -5.4607, trian_cc: 0.4403
Epoch 45, val_loss: 0.0091, val_mae: 0.1032, val_mse: 0.0183, val_r2: -4.5898, val_cc: 0.0903
Epoch 46, trian_loss: 0.0046, trian_mae: 0.0699, trian_mse:0.0093, trian_r2: -5.1409, trian_cc: 0.4621
Epoch 46, val_loss: 0.0113, val_mae: 0.1181, val_mse: 0.0226, val_r2: -3.4891, val_cc: 0.0725
Epoch 47, trian_loss: 0.0045, trian_mae: 0.0690, trian_mse:0.0091, trian_r2: -4.9341, trian_cc: 0.4810
Epoch 47, val_loss: 0.0106, val_mae: 0.1134, val_mse: 0.0212, val_r2: -3.0972, val_cc: 0.0678
Epoch 48, trian_loss: 0.0043, trian_mae: 0.0672, trian_mse:0.0086, trian_r2: -3.7775, trian_cc: 0.5063
Epoch 48, val_loss: 0.0079, val_mae: 0.0955, val_mse: 0.0157, val_r2: -8.9737, val_cc: 0.0781
Epoch 49, trian_loss: 0.0041, trian_mae: 0.0656, trian_mse:0.0083, trian_r2: -3.1069, trian_cc: 0.5274
Epoch 49, val_loss: 0.0081, val_mae: 0.0957, val_mse: 0.0163, val_r2: -6.6843, val_cc: 0.0693
Epoch 50, trian_loss: 0.0040, trian_mae: 0.0648, trian_mse:0.0080, trian_r2: -2.6493, trian_cc: 0.5455
Epoch 50, val_loss: 0.0076, val_mae: 0.0935, val_mse: 0.0151, val_r2: -13.2699, val_cc: 0.0589
Epoch 51, trian_loss: 0.0039, trian_mae: 0.0635, trian_mse:0.0077, trian_r2: -2.3156, trian_cc: 0.5653
Epoch 51, val_loss: 0.0079, val_mae: 0.0970, val_mse: 0.0158, val_r2: -8.9235, val_cc: 0.0606
Epoch 52, trian_loss: 0.0037, trian_mae: 0.0627, trian_mse:0.0075, trian_r2: -1.7878, trian_cc: 0.5744
Epoch 52, val_loss: 0.0078, val_mae: 0.0966, val_mse: 0.0156, val_r2: -12.7154, val_cc: 0.0512
Epoch 53, trian_loss: 0.0036, trian_mae: 0.0615, trian_mse:0.0073, trian_r2: -1.4967, trian_cc: 0.5901
Epoch 53, val_loss: 0.0080, val_mae: 0.0973, val_mse: 0.0160, val_r2: -8.4276, val_cc: 0.0565
Epoch 54, trian_loss: 0.0034, trian_mae: 0.0600, trian_mse:0.0068, trian_r2: -1.1981, trian_cc: 0.6112
Epoch 54, val_loss: 0.0101, val_mae: 0.1117, val_mse: 0.0202, val_r2: -3.7526, val_cc: 0.0510
Epoch 55, trian_loss: 0.0033, trian_mae: 0.0594, trian_mse:0.0066, trian_r2: -1.0192, trian_cc: 0.6178
Epoch 55, val_loss: 0.0079, val_mae: 0.0971, val_mse: 0.0158, val_r2: -9.4035, val_cc: 0.0534
Epoch 56, trian_loss: 0.0032, trian_mae: 0.0579, trian_mse:0.0063, trian_r2: -0.8275, trian_cc: 0.6303
Epoch 56, val_loss: 0.0082, val_mae: 0.0992, val_mse: 0.0165, val_r2: -7.0956, val_cc: 0.0565
Epoch 57, trian_loss: 0.0032, trian_mae: 0.0580, trian_mse:0.0063, trian_r2: -0.8241, trian_cc: 0.6381
Epoch 57, val_loss: 0.0087, val_mae: 0.1014, val_mse: 0.0175, val_r2: -4.3550, val_cc: 0.0576
Epoch 58, trian_loss: 0.0031, trian_mae: 0.0573, trian_mse:0.0062, trian_r2: -0.7482, trian_cc: 0.6452
Epoch 58, val_loss: 0.0135, val_mae: 0.1277, val_mse: 0.0269, val_r2: -1.9545, val_cc: 0.0477
Epoch 59, trian_loss: 0.0030, trian_mae: 0.0567, trian_mse:0.0060, trian_r2: -0.6249, trian_cc: 0.6535
Epoch 59, val_loss: 0.0095, val_mae: 0.1072, val_mse: 0.0190, val_r2: -3.6513, val_cc: 0.0587
Epoch 60, trian_loss: 0.0029, trian_mae: 0.0559, trian_mse:0.0057, trian_r2: -0.5462, trian_cc: 0.6642
Epoch 60, val_loss: 0.0079, val_mae: 0.0949, val_mse: 0.0157, val_r2: -7.9380, val_cc: 0.0441
Epoch 61, trian_loss: 0.0028, trian_mae: 0.0551, trian_mse:0.0056, trian_r2: -0.5644, trian_cc: 0.6738
Epoch 61, val_loss: 0.0085, val_mae: 0.0982, val_mse: 0.0170, val_r2: -4.7073, val_cc: 0.0613
Epoch 62, trian_loss: 0.0026, trian_mae: 0.0537, trian_mse:0.0053, trian_r2: -0.3508, trian_cc: 0.6859
Epoch 62, val_loss: 0.0092, val_mae: 0.1063, val_mse: 0.0185, val_r2: -3.9882, val_cc: 0.0436
Epoch 63, trian_loss: 0.0026, trian_mae: 0.0532, trian_mse:0.0052, trian_r2: -0.3028, trian_cc: 0.6983
Epoch 63, val_loss: 0.0083, val_mae: 0.0990, val_mse: 0.0166, val_r2: -5.6540, val_cc: 0.0490
Epoch 64, trian_loss: 0.0025, trian_mae: 0.0522, trian_mse:0.0050, trian_r2: -0.1898, trian_cc: 0.7091
Epoch 64, val_loss: 0.0089, val_mae: 0.1050, val_mse: 0.0179, val_r2: -4.9160, val_cc: 0.0403
Epoch 65, trian_loss: 0.0025, trian_mae: 0.0524, trian_mse:0.0050, trian_r2: -0.2620, trian_cc: 0.7114
Epoch 65, val_loss: 0.0086, val_mae: 0.1011, val_mse: 0.0171, val_r2: -4.8431, val_cc: 0.0459
Epoch 66, trian_loss: 0.0024, trian_mae: 0.0517, trian_mse:0.0049, trian_r2: -0.2617, trian_cc: 0.7191
Epoch 66, val_loss: 0.0118, val_mae: 0.1211, val_mse: 0.0236, val_r2: -2.5978, val_cc: 0.0474
Epoch 67, trian_loss: 0.0023, trian_mae: 0.0500, trian_mse:0.0045, trian_r2: -0.0926, trian_cc: 0.7338
Epoch 67, val_loss: 0.0102, val_mae: 0.1122, val_mse: 0.0204, val_r2: -3.0818, val_cc: 0.0483
Epoch 68, trian_loss: 0.0022, trian_mae: 0.0492, trian_mse:0.0044, trian_r2: -0.0601, trian_cc: 0.7384
Epoch 68, val_loss: 0.0097, val_mae: 0.1065, val_mse: 0.0194, val_r2: -2.7886, val_cc: 0.0467
Epoch 69, trian_loss: 0.0022, trian_mae: 0.0500, trian_mse:0.0045, trian_r2: -0.0902, trian_cc: 0.7366
Epoch 69, val_loss: 0.0102, val_mae: 0.1139, val_mse: 0.0204, val_r2: -3.8023, val_cc: 0.0425
Epoch 70, trian_loss: 0.0022, trian_mae: 0.0499, trian_mse:0.0044, trian_r2: -0.0897, trian_cc: 0.7378
Epoch 70, val_loss: 0.0111, val_mae: 0.1160, val_mse: 0.0222, val_r2: -2.4385, val_cc: 0.0385
Epoch 71, trian_loss: 0.0022, trian_mae: 0.0496, trian_mse:0.0044, trian_r2: -0.1239, trian_cc: 0.7451
Epoch 71, val_loss: 0.0086, val_mae: 0.1009, val_mse: 0.0171, val_r2: -4.5300, val_cc: 0.0506
Epoch 72, trian_loss: 0.0021, trian_mae: 0.0488, trian_mse:0.0043, trian_r2: -0.0301, trian_cc: 0.7537
Epoch 72, val_loss: 0.0089, val_mae: 0.1031, val_mse: 0.0179, val_r2: -3.6680, val_cc: 0.0549
Epoch 73, trian_loss: 0.0021, trian_mae: 0.0483, trian_mse:0.0042, trian_r2: -0.0326, trian_cc: 0.7579
Epoch 73, val_loss: 0.0101, val_mae: 0.1078, val_mse: 0.0202, val_r2: -2.2491, val_cc: 0.0568
Epoch 74, trian_loss: 0.0021, trian_mae: 0.0489, trian_mse:0.0043, trian_r2: -0.0503, trian_cc: 0.7561
Epoch 74, val_loss: 0.0090, val_mae: 0.0984, val_mse: 0.0179, val_r2: -4.1290, val_cc: 0.0694
Epoch 75, trian_loss: 0.0021, trian_mae: 0.0489, trian_mse:0.0043, trian_r2: -0.0576, trian_cc: 0.7579
Epoch 75, val_loss: 0.0085, val_mae: 0.0948, val_mse: 0.0170, val_r2: -6.2667, val_cc: 0.0730
Epoch 76, trian_loss: 0.0023, trian_mae: 0.0507, trian_mse:0.0046, trian_r2: -0.2129, trian_cc: 0.7475
Epoch 76, val_loss: 0.0099, val_mae: 0.1077, val_mse: 0.0197, val_r2: -2.7606, val_cc: 0.0513
Epoch 77, trian_loss: 0.0020, trian_mae: 0.0473, trian_mse:0.0040, trian_r2: 0.0198, trian_cc: 0.7679
Epoch 77, val_loss: 0.0092, val_mae: 0.1029, val_mse: 0.0184, val_r2: -3.2435, val_cc: 0.0554
Epoch 78, trian_loss: 0.0018, trian_mae: 0.0452, trian_mse:0.0036, trian_r2: 0.1435, trian_cc: 0.7819
Epoch 78, val_loss: 0.0098, val_mae: 0.1070, val_mse: 0.0195, val_r2: -2.7179, val_cc: 0.0503
Epoch 79, trian_loss: 0.0019, trian_mae: 0.0461, trian_mse:0.0038, trian_r2: 0.1055, trian_cc: 0.7789
Epoch 79, val_loss: 0.0093, val_mae: 0.1016, val_mse: 0.0186, val_r2: -3.0091, val_cc: 0.0571
Epoch 80, trian_loss: 0.0019, trian_mae: 0.0462, trian_mse:0.0038, trian_r2: 0.1437, trian_cc: 0.7805
Epoch 80, val_loss: 0.0090, val_mae: 0.1026, val_mse: 0.0181, val_r2: -3.5625, val_cc: 0.0524
Epoch 81, trian_loss: 0.0018, trian_mae: 0.0456, trian_mse:0.0037, trian_r2: 0.1189, trian_cc: 0.7831
Epoch 81, val_loss: 0.0091, val_mae: 0.1054, val_mse: 0.0181, val_r2: -4.2963, val_cc: 0.0465
Epoch 82, trian_loss: 0.0018, trian_mae: 0.0459, trian_mse:0.0037, trian_r2: 0.1387, trian_cc: 0.7848
Epoch 82, val_loss: 0.0102, val_mae: 0.1103, val_mse: 0.0205, val_r2: -2.3795, val_cc: 0.0526
Epoch 83, trian_loss: 0.0019, trian_mae: 0.0466, trian_mse:0.0038, trian_r2: 0.0662, trian_cc: 0.7790
Epoch 83, val_loss: 0.0084, val_mae: 0.1015, val_mse: 0.0168, val_r2: -6.2941, val_cc: 0.0337
Epoch 84, trian_loss: 0.0019, trian_mae: 0.0466, trian_mse:0.0038, trian_r2: 0.0928, trian_cc: 0.7813
Epoch 84, val_loss: 0.0130, val_mae: 0.1327, val_mse: 0.0261, val_r2: -4.3553, val_cc: 0.0328
Epoch 85, trian_loss: 0.0018, trian_mae: 0.0451, trian_mse:0.0036, trian_r2: 0.1607, trian_cc: 0.7934
Epoch 85, val_loss: 0.0119, val_mae: 0.1248, val_mse: 0.0237, val_r2: -3.9661, val_cc: 0.0420
Epoch 86, trian_loss: 0.0017, trian_mae: 0.0442, trian_mse:0.0034, trian_r2: 0.1619, trian_cc: 0.7988
Epoch 86, val_loss: 0.0100, val_mae: 0.1120, val_mse: 0.0201, val_r2: -3.4986, val_cc: 0.0526
Epoch 87, trian_loss: 0.0017, trian_mae: 0.0443, trian_mse:0.0035, trian_r2: 0.1848, trian_cc: 0.7986
Epoch 87, val_loss: 0.0094, val_mae: 0.1035, val_mse: 0.0187, val_r2: -2.9552, val_cc: 0.0599
Epoch 88, trian_loss: 0.0018, trian_mae: 0.0447, trian_mse:0.0035, trian_r2: 0.1420, trian_cc: 0.7995
Epoch 88, val_loss: 0.0109, val_mae: 0.1147, val_mse: 0.0218, val_r2: -2.1514, val_cc: 0.0471
Epoch 89, trian_loss: 0.0017, trian_mae: 0.0444, trian_mse:0.0035, trian_r2: 0.2085, trian_cc: 0.8009
Epoch 89, val_loss: 0.0110, val_mae: 0.1171, val_mse: 0.0221, val_r2: -2.8984, val_cc: 0.0482
Epoch 90, trian_loss: 0.0018, trian_mae: 0.0452, trian_mse:0.0036, trian_r2: 0.1555, trian_cc: 0.7974
Epoch 90, val_loss: 0.0094, val_mae: 0.1074, val_mse: 0.0188, val_r2: -3.7024, val_cc: 0.0604
Epoch 91, trian_loss: 0.0018, trian_mae: 0.0448, trian_mse:0.0035, trian_r2: 0.1557, trian_cc: 0.8021
Epoch 91, val_loss: 0.0093, val_mae: 0.1025, val_mse: 0.0186, val_r2: -2.8221, val_cc: 0.0620
Epoch 92, trian_loss: 0.0016, trian_mae: 0.0428, trian_mse:0.0032, trian_r2: 0.2664, trian_cc: 0.8136
Epoch 92, val_loss: 0.0090, val_mae: 0.1021, val_mse: 0.0180, val_r2: -3.5761, val_cc: 0.0511
Epoch 93, trian_loss: 0.0016, trian_mae: 0.0429, trian_mse:0.0033, trian_r2: 0.2782, trian_cc: 0.8150
Epoch 93, val_loss: 0.0122, val_mae: 0.1258, val_mse: 0.0245, val_r2: -2.5976, val_cc: 0.0389
Epoch 94, trian_loss: 0.0015, trian_mae: 0.0416, trian_mse:0.0030, trian_r2: 0.3590, trian_cc: 0.8212
Epoch 94, val_loss: 0.0126, val_mae: 0.1274, val_mse: 0.0252, val_r2: -2.9607, val_cc: 0.0344
Epoch 95, trian_loss: 0.0016, trian_mae: 0.0423, trian_mse:0.0031, trian_r2: 0.2926, trian_cc: 0.8158
Epoch 95, val_loss: 0.0153, val_mae: 0.1407, val_mse: 0.0305, val_r2: -2.4930, val_cc: 0.0301
Epoch 96, trian_loss: 0.0016, trian_mae: 0.0433, trian_mse:0.0032, trian_r2: 0.2752, trian_cc: 0.8118
Epoch 96, val_loss: 0.0089, val_mae: 0.1044, val_mse: 0.0179, val_r2: -4.2859, val_cc: 0.0518
Epoch 97, trian_loss: 0.0016, trian_mae: 0.0431, trian_mse:0.0032, trian_r2: 0.2247, trian_cc: 0.8136
Epoch 97, val_loss: 0.0115, val_mae: 0.1190, val_mse: 0.0230, val_r2: -2.1183, val_cc: 0.0511
Epoch 98, trian_loss: 0.0016, trian_mae: 0.0426, trian_mse:0.0031, trian_r2: 0.2894, trian_cc: 0.8127
Epoch 98, val_loss: 0.0093, val_mae: 0.1047, val_mse: 0.0185, val_r2: -3.3250, val_cc: 0.0495
Epoch 99, trian_loss: 0.0016, trian_mae: 0.0433, trian_mse:0.0033, trian_r2: 0.2484, trian_cc: 0.8130
Epoch 99, val_loss: 0.0094, val_mae: 0.1054, val_mse: 0.0187, val_r2: -3.3926, val_cc: 0.0511
