Trian Data: 532   Validation Data: 177  Test Data: 178
[1, 1]
[1, 1]
[1, 1]
[1, 1]
model SENet(
  (conv1): Conv2d(101, 64, kernel_size=(3, 3), stride=(1, 1), padding=(1, 1), bias=False)
  (bn1): BatchNorm2d(64, eps=1e-05, momentum=0.1, affine=True, track_running_stats=True)
  (layer1): Sequential(
    (0): BasicBlock(
      (conv1): Conv2d(64, 64, kernel_size=(3, 3), stride=(1, 1), padding=(1, 1), bias=False)
      (bn1): BatchNorm2d(64, eps=1e-05, momentum=0.1, affine=True, track_running_stats=True)
      (conv2): Conv2d(64, 64, kernel_size=(3, 3), stride=(1, 1), padding=(1, 1), bias=False)
      (bn2): BatchNorm2d(64, eps=1e-05, momentum=0.1, affine=True, track_running_stats=True)
      (shortcut): Sequential()
      (fc1): Conv2d(64, 4, kernel_size=(1, 1), stride=(1, 1))
      (fc2): Conv2d(4, 64, kernel_size=(1, 1), stride=(1, 1))
    )
    (1): BasicBlock(
      (conv1): Conv2d(64, 64, kernel_size=(3, 3), stride=(1, 1), padding=(1, 1), bias=False)
      (bn1): BatchNorm2d(64, eps=1e-05, momentum=0.1, affine=True, track_running_stats=True)
      (conv2): Conv2d(64, 64, kernel_size=(3, 3), stride=(1, 1), padding=(1, 1), bias=False)
      (bn2): BatchNorm2d(64, eps=1e-05, momentum=0.1, affine=True, track_running_stats=True)
      (shortcut): Sequential()
      (fc1): Conv2d(64, 4, kernel_size=(1, 1), stride=(1, 1))
      (fc2): Conv2d(4, 64, kernel_size=(1, 1), stride=(1, 1))
    )
  )
  (layer2): Sequential(
    (0): BasicBlock(
      (conv1): Conv2d(64, 64, kernel_size=(3, 3), stride=(1, 1), padding=(1, 1), bias=False)
      (bn1): BatchNorm2d(64, eps=1e-05, momentum=0.1, affine=True, track_running_stats=True)
      (conv2): Conv2d(64, 64, kernel_size=(3, 3), stride=(1, 1), padding=(1, 1), bias=False)
      (bn2): BatchNorm2d(64, eps=1e-05, momentum=0.1, affine=True, track_running_stats=True)
      (shortcut): Sequential()
      (fc1): Conv2d(64, 4, kernel_size=(1, 1), stride=(1, 1))
      (fc2): Conv2d(4, 64, kernel_size=(1, 1), stride=(1, 1))
    )
    (1): BasicBlock(
      (conv1): Conv2d(64, 64, kernel_size=(3, 3), stride=(1, 1), padding=(1, 1), bias=False)
      (bn1): BatchNorm2d(64, eps=1e-05, momentum=0.1, affine=True, track_running_stats=True)
      (conv2): Conv2d(64, 64, kernel_size=(3, 3), stride=(1, 1), padding=(1, 1), bias=False)
      (bn2): BatchNorm2d(64, eps=1e-05, momentum=0.1, affine=True, track_running_stats=True)
      (shortcut): Sequential()
      (fc1): Conv2d(64, 4, kernel_size=(1, 1), stride=(1, 1))
      (fc2): Conv2d(4, 64, kernel_size=(1, 1), stride=(1, 1))
    )
  )
  (layer3): Sequential(
    (0): BasicBlock(
      (conv1): Conv2d(64, 64, kernel_size=(3, 3), stride=(1, 1), padding=(1, 1), bias=False)
      (bn1): BatchNorm2d(64, eps=1e-05, momentum=0.1, affine=True, track_running_stats=True)
      (conv2): Conv2d(64, 64, kernel_size=(3, 3), stride=(1, 1), padding=(1, 1), bias=False)
      (bn2): BatchNorm2d(64, eps=1e-05, momentum=0.1, affine=True, track_running_stats=True)
      (shortcut): Sequential()
      (fc1): Conv2d(64, 4, kernel_size=(1, 1), stride=(1, 1))
      (fc2): Conv2d(4, 64, kernel_size=(1, 1), stride=(1, 1))
    )
    (1): BasicBlock(
      (conv1): Conv2d(64, 64, kernel_size=(3, 3), stride=(1, 1), padding=(1, 1), bias=False)
      (bn1): BatchNorm2d(64, eps=1e-05, momentum=0.1, affine=True, track_running_stats=True)
      (conv2): Conv2d(64, 64, kernel_size=(3, 3), stride=(1, 1), padding=(1, 1), bias=False)
      (bn2): BatchNorm2d(64, eps=1e-05, momentum=0.1, affine=True, track_running_stats=True)
      (shortcut): Sequential()
      (fc1): Conv2d(64, 4, kernel_size=(1, 1), stride=(1, 1))
      (fc2): Conv2d(4, 64, kernel_size=(1, 1), stride=(1, 1))
    )
  )
  (layer4): Sequential(
    (0): BasicBlock(
      (conv1): Conv2d(64, 64, kernel_size=(3, 3), stride=(1, 1), padding=(1, 1), bias=False)
      (bn1): BatchNorm2d(64, eps=1e-05, momentum=0.1, affine=True, track_running_stats=True)
      (conv2): Conv2d(64, 64, kernel_size=(3, 3), stride=(1, 1), padding=(1, 1), bias=False)
      (bn2): BatchNorm2d(64, eps=1e-05, momentum=0.1, affine=True, track_running_stats=True)
      (shortcut): Sequential()
      (fc1): Conv2d(64, 4, kernel_size=(1, 1), stride=(1, 1))
      (fc2): Conv2d(4, 64, kernel_size=(1, 1), stride=(1, 1))
    )
    (1): BasicBlock(
      (conv1): Conv2d(64, 64, kernel_size=(3, 3), stride=(1, 1), padding=(1, 1), bias=False)
      (bn1): BatchNorm2d(64, eps=1e-05, momentum=0.1, affine=True, track_running_stats=True)
      (conv2): Conv2d(64, 64, kernel_size=(3, 3), stride=(1, 1), padding=(1, 1), bias=False)
      (bn2): BatchNorm2d(64, eps=1e-05, momentum=0.1, affine=True, track_running_stats=True)
      (shortcut): Sequential()
      (fc1): Conv2d(64, 4, kernel_size=(1, 1), stride=(1, 1))
      (fc2): Conv2d(4, 64, kernel_size=(1, 1), stride=(1, 1))
    )
  )
  (cnn): CNNnet(
    (conv1): Sequential(
      (0): Conv2d(64, 32, kernel_size=(3, 3), stride=(1, 1), padding=(1, 1))
      (1): BatchNorm2d(32, eps=1e-05, momentum=0.1, affine=True, track_running_stats=True)
      (2): ReLU()
    )
    (conv2): Sequential(
      (0): Conv2d(32, 16, kernel_size=(3, 3), stride=(1, 1), padding=(1, 1))
      (1): BatchNorm2d(16, eps=1e-05, momentum=0.1, affine=True, track_running_stats=True)
      (2): ReLU()
    )
    (conv3): Sequential(
      (0): Conv2d(16, 1, kernel_size=(3, 3), stride=(1, 1), padding=(1, 1))
      (1): BatchNorm2d(1, eps=1e-05, momentum=0.1, affine=True, track_running_stats=True)
      (2): ReLU()
    )
  )
)
Epoch  0, trian_loss: 0.0078, trian_mae: 0.0918, trian_mse:0.0157, trian_r2: -50.7032, trian_cc: 0.0631
Epoch  0, val_loss: 0.0062, val_mae: 0.0899, val_mse: 0.0124, val_r2: -38.7298, val_cc: 0.1075
Epoch  1, trian_loss: 0.0097, trian_mae: 0.0861, trian_mse:0.0193, trian_r2: -32981.7526, trian_cc: 0.0177
Epoch  1, val_loss: 0.0098, val_mae: 0.0875, val_mse: 0.0196, val_r2: -20887.4138, val_cc: 0.0171
Epoch  2, trian_loss: 0.0096, trian_mae: 0.0856, trian_mse:0.0192, trian_r2: -764.9287, trian_cc: 0.0653
Epoch  2, val_loss: 0.0097, val_mae: 0.0869, val_mse: 0.0194, val_r2: -201.1602, val_cc: 0.0786
Epoch  3, trian_loss: 0.0092, trian_mae: 0.0860, trian_mse:0.0184, trian_r2: -225.5523, trian_cc: 0.0681
Epoch  3, val_loss: 0.0060, val_mae: 0.0877, val_mse: 0.0120, val_r2: -604.1290, val_cc: 0.1088
Epoch  4, trian_loss: 0.0060, trian_mae: 0.0877, trian_mse:0.0120, trian_r2: -199.2184, trian_cc: 0.1566
Epoch  4, val_loss: 0.0059, val_mae: 0.0867, val_mse: 0.0119, val_r2: -169.8593, val_cc: 0.1731
Epoch  5, trian_loss: 0.0059, trian_mae: 0.0875, trian_mse:0.0119, trian_r2: -154.9628, trian_cc: 0.1711
Epoch  5, val_loss: 0.0059, val_mae: 0.0866, val_mse: 0.0119, val_r2: -169.2331, val_cc: 0.1769
Epoch  6, trian_loss: 0.0059, trian_mae: 0.0873, trian_mse:0.0118, trian_r2: -142.0114, trian_cc: 0.1797
Epoch  6, val_loss: 0.0059, val_mae: 0.0864, val_mse: 0.0118, val_r2: -125.2158, val_cc: 0.1860
Epoch  7, trian_loss: 0.0059, trian_mae: 0.0872, trian_mse:0.0118, trian_r2: -125.8331, trian_cc: 0.1809
Epoch  7, val_loss: 0.0059, val_mae: 0.0865, val_mse: 0.0118, val_r2: -105.9263, val_cc: 0.1914
Epoch  8, trian_loss: 0.0059, trian_mae: 0.0870, trian_mse:0.0118, trian_r2: -85.7899, trian_cc: 0.1901
Epoch  8, val_loss: 0.0059, val_mae: 0.0863, val_mse: 0.0118, val_r2: -95.5898, val_cc: 0.1983
Epoch  9, trian_loss: 0.0059, trian_mae: 0.0869, trian_mse:0.0118, trian_r2: -83.6528, trian_cc: 0.1950
Epoch  9, val_loss: 0.0059, val_mae: 0.0861, val_mse: 0.0117, val_r2: -83.1736, val_cc: 0.2056
Epoch 10, trian_loss: 0.0059, trian_mae: 0.0866, trian_mse:0.0117, trian_r2: -72.2800, trian_cc: 0.1972
Epoch 10, val_loss: 0.0058, val_mae: 0.0859, val_mse: 0.0117, val_r2: -67.6044, val_cc: 0.2085
Epoch 11, trian_loss: 0.0059, trian_mae: 0.0864, trian_mse:0.0117, trian_r2: -77.1733, trian_cc: 0.1978
Epoch 11, val_loss: 0.0058, val_mae: 0.0856, val_mse: 0.0116, val_r2: -55.0668, val_cc: 0.2136
Epoch 12, trian_loss: 0.0058, trian_mae: 0.0860, trian_mse:0.0116, trian_r2: -55.3996, trian_cc: 0.2115
Epoch 12, val_loss: 0.0058, val_mae: 0.0857, val_mse: 0.0116, val_r2: -57.0575, val_cc: 0.2111
Epoch 13, trian_loss: 0.0058, trian_mae: 0.0858, trian_mse:0.0116, trian_r2: -44.6574, trian_cc: 0.2160
Epoch 13, val_loss: 0.0058, val_mae: 0.0858, val_mse: 0.0116, val_r2: -55.5127, val_cc: 0.2157
Epoch 14, trian_loss: 0.0058, trian_mae: 0.0857, trian_mse:0.0116, trian_r2: -47.1539, trian_cc: 0.2207
Epoch 14, val_loss: 0.0058, val_mae: 0.0854, val_mse: 0.0115, val_r2: -49.2494, val_cc: 0.2239
Epoch 15, trian_loss: 0.0058, trian_mae: 0.0856, trian_mse:0.0116, trian_r2: -48.9490, trian_cc: 0.2224
Epoch 15, val_loss: 0.0058, val_mae: 0.0856, val_mse: 0.0115, val_r2: -57.5623, val_cc: 0.2226
Epoch 16, trian_loss: 0.0058, trian_mae: 0.0855, trian_mse:0.0116, trian_r2: -49.1808, trian_cc: 0.2247
Epoch 16, val_loss: 0.0058, val_mae: 0.0853, val_mse: 0.0115, val_r2: -54.8862, val_cc: 0.2257
Epoch 17, trian_loss: 0.0058, trian_mae: 0.0853, trian_mse:0.0115, trian_r2: -44.7200, trian_cc: 0.2289
Epoch 17, val_loss: 0.0058, val_mae: 0.0848, val_mse: 0.0115, val_r2: -45.2899, val_cc: 0.2326
Epoch 18, trian_loss: 0.0057, trian_mae: 0.0851, trian_mse:0.0115, trian_r2: -47.8046, trian_cc: 0.2319
Epoch 18, val_loss: 0.0058, val_mae: 0.0844, val_mse: 0.0115, val_r2: -42.9771, val_cc: 0.2364
Epoch 19, trian_loss: 0.0057, trian_mae: 0.0852, trian_mse:0.0115, trian_r2: -44.1813, trian_cc: 0.2336
Epoch 19, val_loss: 0.0058, val_mae: 0.0846, val_mse: 0.0115, val_r2: -42.7087, val_cc: 0.2363
Epoch 20, trian_loss: 0.0057, trian_mae: 0.0850, trian_mse:0.0115, trian_r2: -43.8659, trian_cc: 0.2339
Epoch 20, val_loss: 0.0057, val_mae: 0.0846, val_mse: 0.0115, val_r2: -43.5647, val_cc: 0.2382
Epoch 21, trian_loss: 0.0057, trian_mae: 0.0849, trian_mse:0.0115, trian_r2: -41.9996, trian_cc: 0.2341
Epoch 21, val_loss: 0.0057, val_mae: 0.0843, val_mse: 0.0115, val_r2: -40.2234, val_cc: 0.2357
Epoch 22, trian_loss: 0.0057, trian_mae: 0.0851, trian_mse:0.0114, trian_r2: -42.3549, trian_cc: 0.2359
Epoch 22, val_loss: 0.0057, val_mae: 0.0846, val_mse: 0.0115, val_r2: -40.1654, val_cc: 0.2375
Epoch 23, trian_loss: 0.0057, trian_mae: 0.0850, trian_mse:0.0115, trian_r2: -43.1101, trian_cc: 0.2378
Epoch 23, val_loss: 0.0057, val_mae: 0.0842, val_mse: 0.0115, val_r2: -38.9106, val_cc: 0.2406
Epoch 24, trian_loss: 0.0057, trian_mae: 0.0849, trian_mse:0.0114, trian_r2: -43.0486, trian_cc: 0.2378
Epoch 24, val_loss: 0.0057, val_mae: 0.0847, val_mse: 0.0114, val_r2: -51.2531, val_cc: 0.2394
Epoch 25, trian_loss: 0.0057, trian_mae: 0.0848, trian_mse:0.0114, trian_r2: -47.5493, trian_cc: 0.2387
Epoch 25, val_loss: 0.0057, val_mae: 0.0849, val_mse: 0.0114, val_r2: -63.1642, val_cc: 0.2389
Epoch 26, trian_loss: 0.0057, trian_mae: 0.0848, trian_mse:0.0115, trian_r2: -54.1681, trian_cc: 0.2395
Epoch 26, val_loss: 0.0057, val_mae: 0.0851, val_mse: 0.0114, val_r2: -62.5493, val_cc: 0.2374
Epoch 27, trian_loss: 0.0057, trian_mae: 0.0849, trian_mse:0.0115, trian_r2: -54.0053, trian_cc: 0.2391
Epoch 27, val_loss: 0.0058, val_mae: 0.0846, val_mse: 0.0116, val_r2: -38.0278, val_cc: 0.2137
Epoch 28, trian_loss: 0.0057, trian_mae: 0.0850, trian_mse:0.0114, trian_r2: -45.1257, trian_cc: 0.2392
Epoch 28, val_loss: 0.0057, val_mae: 0.0843, val_mse: 0.0115, val_r2: -40.3408, val_cc: 0.2416
Epoch 29, trian_loss: 0.0057, trian_mae: 0.0847, trian_mse:0.0113, trian_r2: -38.0448, trian_cc: 0.2439
Epoch 29, val_loss: 0.0057, val_mae: 0.0841, val_mse: 0.0114, val_r2: -34.9004, val_cc: 0.2452
Epoch 30, trian_loss: 0.0057, trian_mae: 0.0843, trian_mse:0.0114, trian_r2: -40.9379, trian_cc: 0.2449
Epoch 30, val_loss: 0.0057, val_mae: 0.0842, val_mse: 0.0114, val_r2: -33.3953, val_cc: 0.2457
Epoch 31, trian_loss: 0.0057, trian_mae: 0.0844, trian_mse:0.0113, trian_r2: -35.6933, trian_cc: 0.2498
Epoch 31, val_loss: 0.0056, val_mae: 0.0837, val_mse: 0.0113, val_r2: -34.0778, val_cc: 0.2599
Epoch 32, trian_loss: 0.0056, trian_mae: 0.0843, trian_mse:0.0113, trian_r2: -36.2014, trian_cc: 0.2566
Epoch 32, val_loss: 0.0057, val_mae: 0.0835, val_mse: 0.0114, val_r2: -32.3260, val_cc: 0.2607
Epoch 33, trian_loss: 0.0056, trian_mae: 0.0841, trian_mse:0.0112, trian_r2: -35.5478, trian_cc: 0.2575
Epoch 33, val_loss: 0.0056, val_mae: 0.0840, val_mse: 0.0112, val_r2: -40.4905, val_cc: 0.2654
Epoch 34, trian_loss: 0.0056, trian_mae: 0.0841, trian_mse:0.0113, trian_r2: -41.1001, trian_cc: 0.2617
Epoch 34, val_loss: 0.0056, val_mae: 0.0845, val_mse: 0.0113, val_r2: -38.3953, val_cc: 0.2455
Epoch 35, trian_loss: 0.0056, trian_mae: 0.0840, trian_mse:0.0113, trian_r2: -40.0932, trian_cc: 0.2623
Epoch 35, val_loss: 0.0056, val_mae: 0.0831, val_mse: 0.0111, val_r2: -37.9269, val_cc: 0.2875
Epoch 36, trian_loss: 0.0056, trian_mae: 0.0838, trian_mse:0.0112, trian_r2: -34.3313, trian_cc: 0.2714
Epoch 36, val_loss: 0.0056, val_mae: 0.0835, val_mse: 0.0112, val_r2: -31.2340, val_cc: 0.2756
Epoch 37, trian_loss: 0.0056, trian_mae: 0.0838, trian_mse:0.0112, trian_r2: -35.4153, trian_cc: 0.2743
Epoch 37, val_loss: 0.0056, val_mae: 0.0826, val_mse: 0.0112, val_r2: -27.9214, val_cc: 0.2908
Epoch 38, trian_loss: 0.0056, trian_mae: 0.0834, trian_mse:0.0111, trian_r2: -30.6277, trian_cc: 0.2830
Epoch 38, val_loss: 0.0056, val_mae: 0.0828, val_mse: 0.0112, val_r2: -25.7542, val_cc: 0.2934
Epoch 39, trian_loss: 0.0055, trian_mae: 0.0831, trian_mse:0.0111, trian_r2: -28.8162, trian_cc: 0.2916
Epoch 39, val_loss: 0.0056, val_mae: 0.0829, val_mse: 0.0111, val_r2: -25.8981, val_cc: 0.3013
Epoch 40, trian_loss: 0.0055, trian_mae: 0.0827, trian_mse:0.0110, trian_r2: -27.1926, trian_cc: 0.2992
Epoch 40, val_loss: 0.0055, val_mae: 0.0830, val_mse: 0.0110, val_r2: -23.1364, val_cc: 0.3004
Epoch 41, trian_loss: 0.0055, trian_mae: 0.0827, trian_mse:0.0110, trian_r2: -23.8003, trian_cc: 0.3050
Epoch 41, val_loss: 0.0058, val_mae: 0.0836, val_mse: 0.0116, val_r2: -44.8323, val_cc: 0.2596
Epoch 42, trian_loss: 0.0055, trian_mae: 0.0827, trian_mse:0.0110, trian_r2: -22.8727, trian_cc: 0.3075
Epoch 42, val_loss: 0.0056, val_mae: 0.0840, val_mse: 0.0112, val_r2: -27.1872, val_cc: 0.2735
Epoch 43, trian_loss: 0.0055, trian_mae: 0.0825, trian_mse:0.0110, trian_r2: -20.8424, trian_cc: 0.3135
Epoch 43, val_loss: 0.0055, val_mae: 0.0823, val_mse: 0.0110, val_r2: -14.5538, val_cc: 0.3163
Epoch 44, trian_loss: 0.0054, trian_mae: 0.0823, trian_mse:0.0109, trian_r2: -17.1722, trian_cc: 0.3206
Epoch 44, val_loss: 0.0054, val_mae: 0.0826, val_mse: 0.0109, val_r2: -14.0411, val_cc: 0.3167
Epoch 45, trian_loss: 0.0054, trian_mae: 0.0822, trian_mse:0.0109, trian_r2: -16.4953, trian_cc: 0.3224
Epoch 45, val_loss: 0.0055, val_mae: 0.0823, val_mse: 0.0110, val_r2: -15.4049, val_cc: 0.3242
Epoch 46, trian_loss: 0.0054, trian_mae: 0.0821, trian_mse:0.0108, trian_r2: -14.8101, trian_cc: 0.3269
Epoch 46, val_loss: 0.0055, val_mae: 0.0823, val_mse: 0.0110, val_r2: -18.0407, val_cc: 0.3241
Epoch 47, trian_loss: 0.0054, trian_mae: 0.0819, trian_mse:0.0108, trian_r2: -14.8524, trian_cc: 0.3283
Epoch 47, val_loss: 0.0055, val_mae: 0.0824, val_mse: 0.0110, val_r2: -14.4411, val_cc: 0.3200
Epoch 48, trian_loss: 0.0054, trian_mae: 0.0819, trian_mse:0.0108, trian_r2: -13.3530, trian_cc: 0.3321
Epoch 48, val_loss: 0.0054, val_mae: 0.0822, val_mse: 0.0109, val_r2: -12.1833, val_cc: 0.3277
Epoch 49, trian_loss: 0.0054, trian_mae: 0.0819, trian_mse:0.0108, trian_r2: -13.6318, trian_cc: 0.3327
Epoch 49, val_loss: 0.0055, val_mae: 0.0824, val_mse: 0.0110, val_r2: -16.1251, val_cc: 0.3131
Epoch 50, trian_loss: 0.0054, trian_mae: 0.0818, trian_mse:0.0108, trian_r2: -12.4060, trian_cc: 0.3356
Epoch 50, val_loss: 0.0055, val_mae: 0.0823, val_mse: 0.0110, val_r2: -16.4856, val_cc: 0.3270
Epoch 51, trian_loss: 0.0054, trian_mae: 0.0816, trian_mse:0.0107, trian_r2: -12.7254, trian_cc: 0.3390
Epoch 51, val_loss: 0.0055, val_mae: 0.0821, val_mse: 0.0111, val_r2: -12.2245, val_cc: 0.3309
Epoch 52, trian_loss: 0.0053, trian_mae: 0.0815, trian_mse:0.0107, trian_r2: -11.5410, trian_cc: 0.3416
Epoch 52, val_loss: 0.0055, val_mae: 0.0825, val_mse: 0.0110, val_r2: -17.5588, val_cc: 0.3263
Epoch 53, trian_loss: 0.0053, trian_mae: 0.0814, trian_mse:0.0107, trian_r2: -10.7157, trian_cc: 0.3438
Epoch 53, val_loss: 0.0054, val_mae: 0.0824, val_mse: 0.0108, val_r2: -14.0635, val_cc: 0.3315
Epoch 54, trian_loss: 0.0053, trian_mae: 0.0813, trian_mse:0.0106, trian_r2: -10.5906, trian_cc: 0.3463
Epoch 54, val_loss: 0.0055, val_mae: 0.0827, val_mse: 0.0110, val_r2: -17.2934, val_cc: 0.3247
Epoch 55, trian_loss: 0.0053, trian_mae: 0.0812, trian_mse:0.0106, trian_r2: -10.1322, trian_cc: 0.3488
Epoch 55, val_loss: 0.0055, val_mae: 0.0822, val_mse: 0.0110, val_r2: -14.3520, val_cc: 0.3279
Epoch 56, trian_loss: 0.0053, trian_mae: 0.0811, trian_mse:0.0106, trian_r2: -10.1560, trian_cc: 0.3489
Epoch 56, val_loss: 0.0056, val_mae: 0.0821, val_mse: 0.0111, val_r2: -13.7562, val_cc: 0.3330
Epoch 57, trian_loss: 0.0052, trian_mae: 0.0807, trian_mse:0.0105, trian_r2: -9.8042, trian_cc: 0.3531
Epoch 57, val_loss: 0.0056, val_mae: 0.0826, val_mse: 0.0113, val_r2: -23.4116, val_cc: 0.3217
Epoch 58, trian_loss: 0.0052, trian_mae: 0.0809, trian_mse:0.0105, trian_r2: -11.6792, trian_cc: 0.3492
Epoch 58, val_loss: 0.0056, val_mae: 0.0825, val_mse: 0.0113, val_r2: -18.6159, val_cc: 0.3279
Epoch 59, trian_loss: 0.0052, trian_mae: 0.0804, trian_mse:0.0104, trian_r2: -9.0723, trian_cc: 0.3565
Epoch 59, val_loss: 0.0056, val_mae: 0.0820, val_mse: 0.0112, val_r2: -17.4445, val_cc: 0.3329
Epoch 60, trian_loss: 0.0052, trian_mae: 0.0802, trian_mse:0.0103, trian_r2: -10.2185, trian_cc: 0.3576
Epoch 60, val_loss: 0.0056, val_mae: 0.0821, val_mse: 0.0111, val_r2: -15.8690, val_cc: 0.3324
Epoch 61, trian_loss: 0.0051, trian_mae: 0.0800, trian_mse:0.0102, trian_r2: -8.7404, trian_cc: 0.3614
Epoch 61, val_loss: 0.0056, val_mae: 0.0822, val_mse: 0.0112, val_r2: -17.3239, val_cc: 0.3343
Epoch 62, trian_loss: 0.0051, trian_mae: 0.0799, trian_mse:0.0102, trian_r2: -8.3772, trian_cc: 0.3628
Epoch 62, val_loss: 0.0056, val_mae: 0.0821, val_mse: 0.0113, val_r2: -18.2848, val_cc: 0.3386
Epoch 63, trian_loss: 0.0051, trian_mae: 0.0801, trian_mse:0.0102, trian_r2: -8.9867, trian_cc: 0.3620
Epoch 63, val_loss: 0.0055, val_mae: 0.0816, val_mse: 0.0110, val_r2: -14.2979, val_cc: 0.3431
Epoch 64, trian_loss: 0.0051, trian_mae: 0.0800, trian_mse:0.0102, trian_r2: -8.4757, trian_cc: 0.3666
Epoch 64, val_loss: 0.0057, val_mae: 0.0821, val_mse: 0.0114, val_r2: -17.5650, val_cc: 0.3379
Epoch 65, trian_loss: 0.0050, trian_mae: 0.0793, trian_mse:0.0100, trian_r2: -7.5072, trian_cc: 0.3716
Epoch 65, val_loss: 0.0057, val_mae: 0.0821, val_mse: 0.0114, val_r2: -21.3773, val_cc: 0.3415
Epoch 66, trian_loss: 0.0050, trian_mae: 0.0790, trian_mse:0.0100, trian_r2: -7.3422, trian_cc: 0.3734
Epoch 66, val_loss: 0.0057, val_mae: 0.0820, val_mse: 0.0113, val_r2: -20.9155, val_cc: 0.3426
Epoch 67, trian_loss: 0.0050, trian_mae: 0.0790, trian_mse:0.0099, trian_r2: -7.5131, trian_cc: 0.3732
Epoch 67, val_loss: 0.0057, val_mae: 0.0819, val_mse: 0.0114, val_r2: -21.0237, val_cc: 0.3384
Epoch 68, trian_loss: 0.0050, trian_mae: 0.0793, trian_mse:0.0100, trian_r2: -8.1331, trian_cc: 0.3731
Epoch 68, val_loss: 0.0056, val_mae: 0.0820, val_mse: 0.0111, val_r2: -19.8134, val_cc: 0.3430
Epoch 69, trian_loss: 0.0050, trian_mae: 0.0791, trian_mse:0.0100, trian_r2: -7.8266, trian_cc: 0.3732
Epoch 69, val_loss: 0.0056, val_mae: 0.0820, val_mse: 0.0113, val_r2: -19.4016, val_cc: 0.3374
Epoch 70, trian_loss: 0.0049, trian_mae: 0.0787, trian_mse:0.0099, trian_r2: -7.3406, trian_cc: 0.3779
Epoch 70, val_loss: 0.0056, val_mae: 0.0819, val_mse: 0.0111, val_r2: -19.4613, val_cc: 0.3439
Epoch 71, trian_loss: 0.0049, trian_mae: 0.0787, trian_mse:0.0099, trian_r2: -7.4091, trian_cc: 0.3797
Epoch 71, val_loss: 0.0056, val_mae: 0.0820, val_mse: 0.0112, val_r2: -19.5043, val_cc: 0.3438
Epoch 72, trian_loss: 0.0049, trian_mae: 0.0787, trian_mse:0.0099, trian_r2: -7.3014, trian_cc: 0.3801
Epoch 72, val_loss: 0.0057, val_mae: 0.0820, val_mse: 0.0114, val_r2: -15.2291, val_cc: 0.3458
Epoch 73, trian_loss: 0.0049, trian_mae: 0.0788, trian_mse:0.0099, trian_r2: -7.1071, trian_cc: 0.3813
Epoch 73, val_loss: 0.0056, val_mae: 0.0818, val_mse: 0.0112, val_r2: -17.1406, val_cc: 0.3438
Epoch 74, trian_loss: 0.0049, trian_mae: 0.0783, trian_mse:0.0097, trian_r2: -6.8561, trian_cc: 0.3845
Epoch 74, val_loss: 0.0055, val_mae: 0.0816, val_mse: 0.0110, val_r2: -14.5298, val_cc: 0.3433
Epoch 75, trian_loss: 0.0049, trian_mae: 0.0781, trian_mse:0.0097, trian_r2: -6.7010, trian_cc: 0.3871
Epoch 75, val_loss: 0.0057, val_mae: 0.0820, val_mse: 0.0113, val_r2: -21.9593, val_cc: 0.3398
Epoch 76, trian_loss: 0.0048, trian_mae: 0.0779, trian_mse:0.0096, trian_r2: -6.6914, trian_cc: 0.3885
Epoch 76, val_loss: 0.0055, val_mae: 0.0814, val_mse: 0.0110, val_r2: -14.6190, val_cc: 0.3487
Epoch 77, trian_loss: 0.0049, trian_mae: 0.0781, trian_mse:0.0097, trian_r2: -6.7638, trian_cc: 0.3874
Epoch 77, val_loss: 0.0056, val_mae: 0.0815, val_mse: 0.0113, val_r2: -16.1756, val_cc: 0.3482
Epoch 78, trian_loss: 0.0048, trian_mae: 0.0781, trian_mse:0.0097, trian_r2: -6.9438, trian_cc: 0.3877
Epoch 78, val_loss: 0.0055, val_mae: 0.0815, val_mse: 0.0110, val_r2: -12.4191, val_cc: 0.3484
Epoch 79, trian_loss: 0.0049, trian_mae: 0.0782, trian_mse:0.0098, trian_r2: -8.0304, trian_cc: 0.3827
Epoch 79, val_loss: 0.0056, val_mae: 0.0850, val_mse: 0.0111, val_r2: -36.7150, val_cc: 0.3089
Epoch 80, trian_loss: 0.0048, trian_mae: 0.0780, trian_mse:0.0096, trian_r2: -7.1489, trian_cc: 0.3890
Epoch 80, val_loss: 0.0056, val_mae: 0.0818, val_mse: 0.0112, val_r2: -25.0900, val_cc: 0.3417
Epoch 81, trian_loss: 0.0048, trian_mae: 0.0776, trian_mse:0.0096, trian_r2: -6.7394, trian_cc: 0.3914
Epoch 81, val_loss: 0.0056, val_mae: 0.0819, val_mse: 0.0111, val_r2: -22.1181, val_cc: 0.3384
Epoch 82, trian_loss: 0.0048, trian_mae: 0.0776, trian_mse:0.0096, trian_r2: -6.4448, trian_cc: 0.3934
Epoch 82, val_loss: 0.0057, val_mae: 0.0817, val_mse: 0.0114, val_r2: -22.3315, val_cc: 0.3462
Epoch 83, trian_loss: 0.0048, trian_mae: 0.0778, trian_mse:0.0096, trian_r2: -6.7260, trian_cc: 0.3914
Epoch 83, val_loss: 0.0057, val_mae: 0.0818, val_mse: 0.0113, val_r2: -17.2810, val_cc: 0.3443
Epoch 84, trian_loss: 0.0047, trian_mae: 0.0772, trian_mse:0.0095, trian_r2: -6.5287, trian_cc: 0.3975
Epoch 84, val_loss: 0.0056, val_mae: 0.0817, val_mse: 0.0112, val_r2: -16.0429, val_cc: 0.3416
Epoch 85, trian_loss: 0.0047, trian_mae: 0.0771, trian_mse:0.0094, trian_r2: -6.3666, trian_cc: 0.3984
Epoch 85, val_loss: 0.0057, val_mae: 0.0819, val_mse: 0.0113, val_r2: -17.3408, val_cc: 0.3413
Epoch 86, trian_loss: 0.0047, trian_mae: 0.0774, trian_mse:0.0095, trian_r2: -6.6260, trian_cc: 0.3953
Epoch 86, val_loss: 0.0055, val_mae: 0.0818, val_mse: 0.0109, val_r2: -17.4094, val_cc: 0.3441
Epoch 87, trian_loss: 0.0048, trian_mae: 0.0773, trian_mse:0.0095, trian_r2: -6.4507, trian_cc: 0.3975
Epoch 87, val_loss: 0.0055, val_mae: 0.0818, val_mse: 0.0110, val_r2: -18.1979, val_cc: 0.3442
Epoch 88, trian_loss: 0.0047, trian_mae: 0.0771, trian_mse:0.0095, trian_r2: -6.5976, trian_cc: 0.3993
Epoch 88, val_loss: 0.0056, val_mae: 0.0817, val_mse: 0.0112, val_r2: -14.5499, val_cc: 0.3449
Epoch 89, trian_loss: 0.0047, trian_mae: 0.0767, trian_mse:0.0094, trian_r2: -6.1145, trian_cc: 0.4028
Epoch 89, val_loss: 0.0056, val_mae: 0.0817, val_mse: 0.0112, val_r2: -14.5877, val_cc: 0.3447
Epoch 90, trian_loss: 0.0046, trian_mae: 0.0765, trian_mse:0.0093, trian_r2: -6.1328, trian_cc: 0.4044
Epoch 90, val_loss: 0.0055, val_mae: 0.0817, val_mse: 0.0110, val_r2: -18.2220, val_cc: 0.3479
Epoch 91, trian_loss: 0.0047, trian_mae: 0.0771, trian_mse:0.0095, trian_r2: -6.7369, trian_cc: 0.3993
Epoch 91, val_loss: 0.0056, val_mae: 0.0816, val_mse: 0.0111, val_r2: -15.4270, val_cc: 0.3466
Epoch 92, trian_loss: 0.0047, trian_mae: 0.0772, trian_mse:0.0095, trian_r2: -6.3587, trian_cc: 0.4013
Epoch 92, val_loss: 0.0057, val_mae: 0.0814, val_mse: 0.0114, val_r2: -15.0732, val_cc: 0.3491
Epoch 93, trian_loss: 0.0046, trian_mae: 0.0763, trian_mse:0.0092, trian_r2: -5.8863, trian_cc: 0.4093
Epoch 93, val_loss: 0.0057, val_mae: 0.0818, val_mse: 0.0114, val_r2: -19.1342, val_cc: 0.3401
Epoch 94, trian_loss: 0.0047, trian_mae: 0.0766, trian_mse:0.0093, trian_r2: -6.3469, trian_cc: 0.4059
Epoch 94, val_loss: 0.0057, val_mae: 0.0815, val_mse: 0.0114, val_r2: -13.6407, val_cc: 0.3460
Epoch 95, trian_loss: 0.0046, trian_mae: 0.0764, trian_mse:0.0093, trian_r2: -6.1104, trian_cc: 0.4078
Epoch 95, val_loss: 0.0056, val_mae: 0.0813, val_mse: 0.0112, val_r2: -12.8399, val_cc: 0.3519
Epoch 96, trian_loss: 0.0047, trian_mae: 0.0766, trian_mse:0.0093, trian_r2: -6.0902, trian_cc: 0.4050
Epoch 96, val_loss: 0.0056, val_mae: 0.0816, val_mse: 0.0112, val_r2: -11.3313, val_cc: 0.3522
Epoch 97, trian_loss: 0.0046, trian_mae: 0.0758, trian_mse:0.0091, trian_r2: -5.7211, trian_cc: 0.4147
Epoch 97, val_loss: 0.0056, val_mae: 0.0816, val_mse: 0.0112, val_r2: -9.2829, val_cc: 0.3529
Epoch 98, trian_loss: 0.0046, trian_mae: 0.0764, trian_mse:0.0093, trian_r2: -5.9408, trian_cc: 0.4098
Epoch 98, val_loss: 0.0057, val_mae: 0.0814, val_mse: 0.0114, val_r2: -15.1294, val_cc: 0.3496
Epoch 99, trian_loss: 0.0046, trian_mae: 0.0757, trian_mse:0.0091, trian_r2: -5.6366, trian_cc: 0.4166
Epoch 99, val_loss: 0.0057, val_mae: 0.0812, val_mse: 0.0113, val_r2: -12.9137, val_cc: 0.3486
