Trian Data: 532   Validation Data: 177  Test Data: 178
[1, 1]
[1, 1]
[1, 1]
[1, 1]
model SENet(
  (conv1): Conv2d(61, 64, kernel_size=(3, 3), stride=(1, 1), padding=(1, 1), bias=False)
  (bn1): BatchNorm2d(64, eps=1e-05, momentum=0.1, affine=True, track_running_stats=True)
  (layer1): Sequential(
    (0): BasicBlock(
      (conv1): Conv2d(64, 64, kernel_size=(3, 3), stride=(1, 1), padding=(1, 1), bias=False)
      (bn1): BatchNorm2d(64, eps=1e-05, momentum=0.1, affine=True, track_running_stats=True)
      (conv2): Conv2d(64, 64, kernel_size=(3, 3), stride=(1, 1), padding=(1, 1), bias=False)
      (bn2): BatchNorm2d(64, eps=1e-05, momentum=0.1, affine=True, track_running_stats=True)
      (shortcut): Sequential()
      (fc1): Conv2d(64, 4, kernel_size=(1, 1), stride=(1, 1))
      (fc2): Conv2d(4, 64, kernel_size=(1, 1), stride=(1, 1))
    )
    (1): BasicBlock(
      (conv1): Conv2d(64, 64, kernel_size=(3, 3), stride=(1, 1), padding=(1, 1), bias=False)
      (bn1): BatchNorm2d(64, eps=1e-05, momentum=0.1, affine=True, track_running_stats=True)
      (conv2): Conv2d(64, 64, kernel_size=(3, 3), stride=(1, 1), padding=(1, 1), bias=False)
      (bn2): BatchNorm2d(64, eps=1e-05, momentum=0.1, affine=True, track_running_stats=True)
      (shortcut): Sequential()
      (fc1): Conv2d(64, 4, kernel_size=(1, 1), stride=(1, 1))
      (fc2): Conv2d(4, 64, kernel_size=(1, 1), stride=(1, 1))
    )
  )
  (layer2): Sequential(
    (0): BasicBlock(
      (conv1): Conv2d(64, 64, kernel_size=(3, 3), stride=(1, 1), padding=(1, 1), bias=False)
      (bn1): BatchNorm2d(64, eps=1e-05, momentum=0.1, affine=True, track_running_stats=True)
      (conv2): Conv2d(64, 64, kernel_size=(3, 3), stride=(1, 1), padding=(1, 1), bias=False)
      (bn2): BatchNorm2d(64, eps=1e-05, momentum=0.1, affine=True, track_running_stats=True)
      (shortcut): Sequential()
      (fc1): Conv2d(64, 4, kernel_size=(1, 1), stride=(1, 1))
      (fc2): Conv2d(4, 64, kernel_size=(1, 1), stride=(1, 1))
    )
    (1): BasicBlock(
      (conv1): Conv2d(64, 64, kernel_size=(3, 3), stride=(1, 1), padding=(1, 1), bias=False)
      (bn1): BatchNorm2d(64, eps=1e-05, momentum=0.1, affine=True, track_running_stats=True)
      (conv2): Conv2d(64, 64, kernel_size=(3, 3), stride=(1, 1), padding=(1, 1), bias=False)
      (bn2): BatchNorm2d(64, eps=1e-05, momentum=0.1, affine=True, track_running_stats=True)
      (shortcut): Sequential()
      (fc1): Conv2d(64, 4, kernel_size=(1, 1), stride=(1, 1))
      (fc2): Conv2d(4, 64, kernel_size=(1, 1), stride=(1, 1))
    )
  )
  (layer3): Sequential(
    (0): BasicBlock(
      (conv1): Conv2d(64, 64, kernel_size=(3, 3), stride=(1, 1), padding=(1, 1), bias=False)
      (bn1): BatchNorm2d(64, eps=1e-05, momentum=0.1, affine=True, track_running_stats=True)
      (conv2): Conv2d(64, 64, kernel_size=(3, 3), stride=(1, 1), padding=(1, 1), bias=False)
      (bn2): BatchNorm2d(64, eps=1e-05, momentum=0.1, affine=True, track_running_stats=True)
      (shortcut): Sequential()
      (fc1): Conv2d(64, 4, kernel_size=(1, 1), stride=(1, 1))
      (fc2): Conv2d(4, 64, kernel_size=(1, 1), stride=(1, 1))
    )
    (1): BasicBlock(
      (conv1): Conv2d(64, 64, kernel_size=(3, 3), stride=(1, 1), padding=(1, 1), bias=False)
      (bn1): BatchNorm2d(64, eps=1e-05, momentum=0.1, affine=True, track_running_stats=True)
      (conv2): Conv2d(64, 64, kernel_size=(3, 3), stride=(1, 1), padding=(1, 1), bias=False)
      (bn2): BatchNorm2d(64, eps=1e-05, momentum=0.1, affine=True, track_running_stats=True)
      (shortcut): Sequential()
      (fc1): Conv2d(64, 4, kernel_size=(1, 1), stride=(1, 1))
      (fc2): Conv2d(4, 64, kernel_size=(1, 1), stride=(1, 1))
    )
  )
  (layer4): Sequential(
    (0): BasicBlock(
      (conv1): Conv2d(64, 64, kernel_size=(3, 3), stride=(1, 1), padding=(1, 1), bias=False)
      (bn1): BatchNorm2d(64, eps=1e-05, momentum=0.1, affine=True, track_running_stats=True)
      (conv2): Conv2d(64, 64, kernel_size=(3, 3), stride=(1, 1), padding=(1, 1), bias=False)
      (bn2): BatchNorm2d(64, eps=1e-05, momentum=0.1, affine=True, track_running_stats=True)
      (shortcut): Sequential()
      (fc1): Conv2d(64, 4, kernel_size=(1, 1), stride=(1, 1))
      (fc2): Conv2d(4, 64, kernel_size=(1, 1), stride=(1, 1))
    )
    (1): BasicBlock(
      (conv1): Conv2d(64, 64, kernel_size=(3, 3), stride=(1, 1), padding=(1, 1), bias=False)
      (bn1): BatchNorm2d(64, eps=1e-05, momentum=0.1, affine=True, track_running_stats=True)
      (conv2): Conv2d(64, 64, kernel_size=(3, 3), stride=(1, 1), padding=(1, 1), bias=False)
      (bn2): BatchNorm2d(64, eps=1e-05, momentum=0.1, affine=True, track_running_stats=True)
      (shortcut): Sequential()
      (fc1): Conv2d(64, 4, kernel_size=(1, 1), stride=(1, 1))
      (fc2): Conv2d(4, 64, kernel_size=(1, 1), stride=(1, 1))
    )
  )
  (cnn): CNNnet(
    (conv1): Sequential(
      (0): Conv2d(64, 32, kernel_size=(3, 3), stride=(1, 1), padding=(1, 1))
      (1): BatchNorm2d(32, eps=1e-05, momentum=0.1, affine=True, track_running_stats=True)
      (2): ReLU()
    )
    (conv2): Sequential(
      (0): Conv2d(32, 16, kernel_size=(3, 3), stride=(1, 1), padding=(1, 1))
      (1): BatchNorm2d(16, eps=1e-05, momentum=0.1, affine=True, track_running_stats=True)
      (2): ReLU()
    )
    (conv3): Sequential(
      (0): Conv2d(16, 1, kernel_size=(3, 3), stride=(1, 1), padding=(1, 1))
      (1): BatchNorm2d(1, eps=1e-05, momentum=0.1, affine=True, track_running_stats=True)
      (2): ReLU()
    )
  )
)
Epoch  0, trian_loss: 0.0074, trian_mae: 0.0920, trian_mse:0.0149, trian_r2: -43.9372, trian_cc: 0.0960
Epoch  0, val_loss: 0.0060, val_mae: 0.0856, val_mse: 0.0120, val_r2: -35.4999, val_cc: 0.1620
Epoch  1, trian_loss: 0.0060, trian_mae: 0.0877, trian_mse:0.0120, trian_r2: -179.0148, trian_cc: 0.1472
Epoch  1, val_loss: 0.0059, val_mae: 0.0868, val_mse: 0.0119, val_r2: -203.7058, val_cc: 0.1745
Epoch  2, trian_loss: 0.0059, trian_mae: 0.0874, trian_mse:0.0118, trian_r2: -166.9237, trian_cc: 0.1706
Epoch  2, val_loss: 0.0059, val_mae: 0.0868, val_mse: 0.0118, val_r2: -196.9582, val_cc: 0.1773
Epoch  3, trian_loss: 0.0059, trian_mae: 0.0873, trian_mse:0.0118, trian_r2: -158.3727, trian_cc: 0.1751
Epoch  3, val_loss: 0.0059, val_mae: 0.0869, val_mse: 0.0118, val_r2: -147.8009, val_cc: 0.1772
Epoch  4, trian_loss: 0.0059, trian_mae: 0.0873, trian_mse:0.0118, trian_r2: -146.4126, trian_cc: 0.1766
Epoch  4, val_loss: 0.0059, val_mae: 0.0868, val_mse: 0.0118, val_r2: -94.2879, val_cc: 0.1751
Epoch  5, trian_loss: 0.0059, trian_mae: 0.0872, trian_mse:0.0118, trian_r2: -120.4860, trian_cc: 0.1811
Epoch  5, val_loss: 0.0059, val_mae: 0.0871, val_mse: 0.0118, val_r2: -174.6550, val_cc: 0.1750
Epoch  6, trian_loss: 0.0059, trian_mae: 0.0871, trian_mse:0.0118, trian_r2: -103.6142, trian_cc: 0.1863
Epoch  6, val_loss: 0.0059, val_mae: 0.0870, val_mse: 0.0118, val_r2: -163.3716, val_cc: 0.1956
Epoch  7, trian_loss: 0.0059, trian_mae: 0.0870, trian_mse:0.0118, trian_r2: -106.4706, trian_cc: 0.1907
Epoch  7, val_loss: 0.0059, val_mae: 0.0865, val_mse: 0.0118, val_r2: -113.2650, val_cc: 0.1995
Epoch  8, trian_loss: 0.0059, trian_mae: 0.0868, trian_mse:0.0118, trian_r2: -93.4154, trian_cc: 0.1956
Epoch  8, val_loss: 0.0059, val_mae: 0.0861, val_mse: 0.0118, val_r2: -107.6423, val_cc: 0.2008
Epoch  9, trian_loss: 0.0059, trian_mae: 0.0867, trian_mse:0.0117, trian_r2: -73.6619, trian_cc: 0.2023
Epoch  9, val_loss: 0.0059, val_mae: 0.0860, val_mse: 0.0117, val_r2: -98.4807, val_cc: 0.2044
Epoch 10, trian_loss: 0.0058, trian_mae: 0.0865, trian_mse:0.0117, trian_r2: -72.8423, trian_cc: 0.2057
Epoch 10, val_loss: 0.0058, val_mae: 0.0861, val_mse: 0.0117, val_r2: -82.5449, val_cc: 0.2077
Epoch 11, trian_loss: 0.0058, trian_mae: 0.0865, trian_mse:0.0117, trian_r2: -69.9234, trian_cc: 0.2069
Epoch 11, val_loss: 0.0059, val_mae: 0.0856, val_mse: 0.0117, val_r2: -79.2693, val_cc: 0.2118
Epoch 12, trian_loss: 0.0058, trian_mae: 0.0863, trian_mse:0.0117, trian_r2: -65.3473, trian_cc: 0.2103
Epoch 12, val_loss: 0.0059, val_mae: 0.0851, val_mse: 0.0117, val_r2: -73.3496, val_cc: 0.2131
Epoch 13, trian_loss: 0.0058, trian_mae: 0.0862, trian_mse:0.0117, trian_r2: -62.1462, trian_cc: 0.2146
Epoch 13, val_loss: 0.0058, val_mae: 0.0857, val_mse: 0.0116, val_r2: -81.9499, val_cc: 0.2188
Epoch 14, trian_loss: 0.0058, trian_mae: 0.0863, trian_mse:0.0117, trian_r2: -72.2302, trian_cc: 0.2069
Epoch 14, val_loss: 0.0058, val_mae: 0.0851, val_mse: 0.0116, val_r2: -59.7114, val_cc: 0.2215
Epoch 15, trian_loss: 0.0058, trian_mae: 0.0861, trian_mse:0.0116, trian_r2: -70.2136, trian_cc: 0.2117
Epoch 15, val_loss: 0.0059, val_mae: 0.0847, val_mse: 0.0118, val_r2: -53.5911, val_cc: 0.2224
Epoch 16, trian_loss: 0.0058, trian_mae: 0.0856, trian_mse:0.0116, trian_r2: -63.8681, trian_cc: 0.2218
Epoch 16, val_loss: 0.0058, val_mae: 0.0847, val_mse: 0.0116, val_r2: -63.3369, val_cc: 0.2272
Epoch 17, trian_loss: 0.0058, trian_mae: 0.0858, trian_mse:0.0116, trian_r2: -62.7246, trian_cc: 0.2215
Epoch 17, val_loss: 0.0058, val_mae: 0.0848, val_mse: 0.0116, val_r2: -60.7246, val_cc: 0.2288
Epoch 18, trian_loss: 0.0058, trian_mae: 0.0855, trian_mse:0.0116, trian_r2: -58.5713, trian_cc: 0.2247
Epoch 18, val_loss: 0.0058, val_mae: 0.0850, val_mse: 0.0115, val_r2: -70.3055, val_cc: 0.2275
Epoch 19, trian_loss: 0.0058, trian_mae: 0.0853, trian_mse:0.0115, trian_r2: -58.2620, trian_cc: 0.2300
Epoch 19, val_loss: 0.0058, val_mae: 0.0849, val_mse: 0.0115, val_r2: -67.0121, val_cc: 0.2313
Epoch 20, trian_loss: 0.0058, trian_mae: 0.0854, trian_mse:0.0116, trian_r2: -57.6148, trian_cc: 0.2297
Epoch 20, val_loss: 0.0057, val_mae: 0.0850, val_mse: 0.0114, val_r2: -61.2572, val_cc: 0.2303
Epoch 21, trian_loss: 0.0057, trian_mae: 0.0852, trian_mse:0.0115, trian_r2: -56.0674, trian_cc: 0.2336
Epoch 21, val_loss: 0.0057, val_mae: 0.0854, val_mse: 0.0114, val_r2: -74.4641, val_cc: 0.2328
Epoch 22, trian_loss: 0.0057, trian_mae: 0.0852, trian_mse:0.0115, trian_r2: -55.3974, trian_cc: 0.2332
Epoch 22, val_loss: 0.0057, val_mae: 0.0848, val_mse: 0.0114, val_r2: -55.7854, val_cc: 0.2375
Epoch 23, trian_loss: 0.0057, trian_mae: 0.0850, trian_mse:0.0115, trian_r2: -52.1508, trian_cc: 0.2364
Epoch 23, val_loss: 0.0057, val_mae: 0.0853, val_mse: 0.0114, val_r2: -66.6905, val_cc: 0.2368
Epoch 24, trian_loss: 0.0057, trian_mae: 0.0850, trian_mse:0.0115, trian_r2: -54.1079, trian_cc: 0.2378
Epoch 24, val_loss: 0.0057, val_mae: 0.0851, val_mse: 0.0114, val_r2: -61.1957, val_cc: 0.2383
Epoch 25, trian_loss: 0.0057, trian_mae: 0.0849, trian_mse:0.0115, trian_r2: -51.7397, trian_cc: 0.2372
Epoch 25, val_loss: 0.0057, val_mae: 0.0848, val_mse: 0.0114, val_r2: -54.1959, val_cc: 0.2405
Epoch 26, trian_loss: 0.0057, trian_mae: 0.0849, trian_mse:0.0115, trian_r2: -49.1020, trian_cc: 0.2384
Epoch 26, val_loss: 0.0057, val_mae: 0.0848, val_mse: 0.0115, val_r2: -48.8943, val_cc: 0.2348
Epoch 27, trian_loss: 0.0057, trian_mae: 0.0850, trian_mse:0.0115, trian_r2: -49.3691, trian_cc: 0.2385
Epoch 27, val_loss: 0.0057, val_mae: 0.0846, val_mse: 0.0114, val_r2: -47.7700, val_cc: 0.2397
Epoch 28, trian_loss: 0.0057, trian_mae: 0.0847, trian_mse:0.0114, trian_r2: -44.9503, trian_cc: 0.2397
Epoch 28, val_loss: 0.0057, val_mae: 0.0844, val_mse: 0.0115, val_r2: -39.5960, val_cc: 0.2394
Epoch 29, trian_loss: 0.0057, trian_mae: 0.0849, trian_mse:0.0114, trian_r2: -42.1520, trian_cc: 0.2401
Epoch 29, val_loss: 0.0058, val_mae: 0.0844, val_mse: 0.0115, val_r2: -44.2495, val_cc: 0.2346
Epoch 30, trian_loss: 0.0057, trian_mae: 0.0847, trian_mse:0.0114, trian_r2: -42.1960, trian_cc: 0.2402
Epoch 30, val_loss: 0.0057, val_mae: 0.0844, val_mse: 0.0114, val_r2: -35.9981, val_cc: 0.2413
Epoch 31, trian_loss: 0.0057, trian_mae: 0.0848, trian_mse:0.0114, trian_r2: -41.6156, trian_cc: 0.2441
Epoch 31, val_loss: 0.0057, val_mae: 0.0840, val_mse: 0.0114, val_r2: -34.7366, val_cc: 0.2549
Epoch 32, trian_loss: 0.0057, trian_mae: 0.0847, trian_mse:0.0114, trian_r2: -46.7828, trian_cc: 0.2469
Epoch 32, val_loss: 0.0057, val_mae: 0.0844, val_mse: 0.0114, val_r2: -40.0804, val_cc: 0.2409
Epoch 33, trian_loss: 0.0057, trian_mae: 0.0847, trian_mse:0.0114, trian_r2: -42.9881, trian_cc: 0.2486
Epoch 33, val_loss: 0.0057, val_mae: 0.0842, val_mse: 0.0115, val_r2: -38.7647, val_cc: 0.2394
Epoch 34, trian_loss: 0.0057, trian_mae: 0.0847, trian_mse:0.0114, trian_r2: -41.2440, trian_cc: 0.2444
Epoch 34, val_loss: 0.0057, val_mae: 0.0839, val_mse: 0.0114, val_r2: -35.0890, val_cc: 0.2507
Epoch 35, trian_loss: 0.0057, trian_mae: 0.0841, trian_mse:0.0113, trian_r2: -38.0659, trian_cc: 0.2612
Epoch 35, val_loss: 0.0055, val_mae: 0.0834, val_mse: 0.0111, val_r2: -26.4747, val_cc: 0.2923
Epoch 36, trian_loss: 0.0056, trian_mae: 0.0834, trian_mse:0.0112, trian_r2: -30.4632, trian_cc: 0.2877
Epoch 36, val_loss: 0.0055, val_mae: 0.0829, val_mse: 0.0110, val_r2: -21.5116, val_cc: 0.3034
Epoch 37, trian_loss: 0.0056, trian_mae: 0.0833, trian_mse:0.0112, trian_r2: -24.3585, trian_cc: 0.2945
Epoch 37, val_loss: 0.0055, val_mae: 0.0834, val_mse: 0.0111, val_r2: -24.6833, val_cc: 0.2927
Epoch 38, trian_loss: 0.0056, trian_mae: 0.0837, trian_mse:0.0112, trian_r2: -31.3529, trian_cc: 0.2857
Epoch 38, val_loss: 0.0055, val_mae: 0.0831, val_mse: 0.0110, val_r2: -22.1573, val_cc: 0.3119
Epoch 39, trian_loss: 0.0055, trian_mae: 0.0828, trian_mse:0.0110, trian_r2: -17.8739, trian_cc: 0.3123
Epoch 39, val_loss: 0.0055, val_mae: 0.0827, val_mse: 0.0109, val_r2: -16.1802, val_cc: 0.3180
Epoch 40, trian_loss: 0.0055, trian_mae: 0.0828, trian_mse:0.0110, trian_r2: -18.6399, trian_cc: 0.3127
Epoch 40, val_loss: 0.0055, val_mae: 0.0839, val_mse: 0.0109, val_r2: -26.2227, val_cc: 0.2977
Epoch 41, trian_loss: 0.0055, trian_mae: 0.0826, trian_mse:0.0110, trian_r2: -15.9994, trian_cc: 0.3177
Epoch 41, val_loss: 0.0055, val_mae: 0.0831, val_mse: 0.0110, val_r2: -22.7384, val_cc: 0.3158
Epoch 42, trian_loss: 0.0055, trian_mae: 0.0824, trian_mse:0.0109, trian_r2: -14.8225, trian_cc: 0.3239
Epoch 42, val_loss: 0.0055, val_mae: 0.0829, val_mse: 0.0109, val_r2: -24.8467, val_cc: 0.3165
Epoch 43, trian_loss: 0.0055, trian_mae: 0.0825, trian_mse:0.0109, trian_r2: -15.3510, trian_cc: 0.3224
Epoch 43, val_loss: 0.0054, val_mae: 0.0826, val_mse: 0.0108, val_r2: -15.4405, val_cc: 0.3296
Epoch 44, trian_loss: 0.0054, trian_mae: 0.0823, trian_mse:0.0109, trian_r2: -13.7312, trian_cc: 0.3283
Epoch 44, val_loss: 0.0054, val_mae: 0.0824, val_mse: 0.0107, val_r2: -14.1826, val_cc: 0.3327
Epoch 45, trian_loss: 0.0054, trian_mae: 0.0821, trian_mse:0.0108, trian_r2: -14.6284, trian_cc: 0.3305
Epoch 45, val_loss: 0.0054, val_mae: 0.0823, val_mse: 0.0108, val_r2: -15.2726, val_cc: 0.3371
Epoch 46, trian_loss: 0.0054, trian_mae: 0.0821, trian_mse:0.0108, trian_r2: -12.9787, trian_cc: 0.3335
Epoch 46, val_loss: 0.0054, val_mae: 0.0825, val_mse: 0.0107, val_r2: -14.9194, val_cc: 0.3369
Epoch 47, trian_loss: 0.0054, trian_mae: 0.0821, trian_mse:0.0108, trian_r2: -11.8813, trian_cc: 0.3358
Epoch 47, val_loss: 0.0054, val_mae: 0.0827, val_mse: 0.0107, val_r2: -17.9431, val_cc: 0.3362
Epoch 48, trian_loss: 0.0054, trian_mae: 0.0820, trian_mse:0.0108, trian_r2: -12.4242, trian_cc: 0.3370
Epoch 48, val_loss: 0.0054, val_mae: 0.0821, val_mse: 0.0107, val_r2: -14.1780, val_cc: 0.3359
Epoch 49, trian_loss: 0.0054, trian_mae: 0.0819, trian_mse:0.0108, trian_r2: -12.8889, trian_cc: 0.3370
Epoch 49, val_loss: 0.0054, val_mae: 0.0824, val_mse: 0.0108, val_r2: -15.5411, val_cc: 0.3313
Epoch 50, trian_loss: 0.0054, trian_mae: 0.0819, trian_mse:0.0108, trian_r2: -12.6004, trian_cc: 0.3394
Epoch 50, val_loss: 0.0054, val_mae: 0.0831, val_mse: 0.0109, val_r2: -21.0422, val_cc: 0.3222
Epoch 51, trian_loss: 0.0054, trian_mae: 0.0818, trian_mse:0.0107, trian_r2: -11.1665, trian_cc: 0.3442
Epoch 51, val_loss: 0.0054, val_mae: 0.0823, val_mse: 0.0107, val_r2: -15.0400, val_cc: 0.3415
Epoch 52, trian_loss: 0.0053, trian_mae: 0.0816, trian_mse:0.0107, trian_r2: -10.1646, trian_cc: 0.3510
Epoch 52, val_loss: 0.0054, val_mae: 0.0826, val_mse: 0.0107, val_r2: -21.1465, val_cc: 0.3423
Epoch 53, trian_loss: 0.0053, trian_mae: 0.0815, trian_mse:0.0107, trian_r2: -12.2494, trian_cc: 0.3511
Epoch 53, val_loss: 0.0053, val_mae: 0.0817, val_mse: 0.0107, val_r2: -16.5890, val_cc: 0.3535
Epoch 54, trian_loss: 0.0053, trian_mae: 0.0813, trian_mse:0.0106, trian_r2: -10.2248, trian_cc: 0.3547
Epoch 54, val_loss: 0.0054, val_mae: 0.0822, val_mse: 0.0107, val_r2: -16.6064, val_cc: 0.3418
Epoch 55, trian_loss: 0.0054, trian_mae: 0.0816, trian_mse:0.0107, trian_r2: -14.2931, trian_cc: 0.3454
Epoch 55, val_loss: 0.0054, val_mae: 0.0822, val_mse: 0.0109, val_r2: -20.8174, val_cc: 0.3414
Epoch 56, trian_loss: 0.0053, trian_mae: 0.0811, trian_mse:0.0106, trian_r2: -9.6672, trian_cc: 0.3602
Epoch 56, val_loss: 0.0053, val_mae: 0.0813, val_mse: 0.0106, val_r2: -14.0381, val_cc: 0.3581
Epoch 57, trian_loss: 0.0053, trian_mae: 0.0810, trian_mse:0.0106, trian_r2: -9.4765, trian_cc: 0.3620
Epoch 57, val_loss: 0.0053, val_mae: 0.0816, val_mse: 0.0106, val_r2: -14.6039, val_cc: 0.3573
Epoch 58, trian_loss: 0.0053, trian_mae: 0.0809, trian_mse:0.0105, trian_r2: -8.7376, trian_cc: 0.3629
Epoch 58, val_loss: 0.0053, val_mae: 0.0816, val_mse: 0.0106, val_r2: -12.4729, val_cc: 0.3568
Epoch 59, trian_loss: 0.0053, trian_mae: 0.0809, trian_mse:0.0105, trian_r2: -9.0185, trian_cc: 0.3642
Epoch 59, val_loss: 0.0053, val_mae: 0.0813, val_mse: 0.0106, val_r2: -12.9221, val_cc: 0.3626
Epoch 60, trian_loss: 0.0052, trian_mae: 0.0807, trian_mse:0.0105, trian_r2: -8.3426, trian_cc: 0.3682
Epoch 60, val_loss: 0.0053, val_mae: 0.0813, val_mse: 0.0105, val_r2: -12.0654, val_cc: 0.3635
Epoch 61, trian_loss: 0.0052, trian_mae: 0.0807, trian_mse:0.0105, trian_r2: -8.2365, trian_cc: 0.3687
Epoch 61, val_loss: 0.0053, val_mae: 0.0815, val_mse: 0.0106, val_r2: -13.1284, val_cc: 0.3589
Epoch 62, trian_loss: 0.0052, trian_mae: 0.0807, trian_mse:0.0105, trian_r2: -8.8305, trian_cc: 0.3695
Epoch 62, val_loss: 0.0053, val_mae: 0.0811, val_mse: 0.0105, val_r2: -13.6367, val_cc: 0.3635
Epoch 63, trian_loss: 0.0052, trian_mae: 0.0805, trian_mse:0.0104, trian_r2: -8.3165, trian_cc: 0.3710
Epoch 63, val_loss: 0.0053, val_mae: 0.0813, val_mse: 0.0106, val_r2: -11.3813, val_cc: 0.3638
Epoch 64, trian_loss: 0.0052, trian_mae: 0.0806, trian_mse:0.0105, trian_r2: -9.3126, trian_cc: 0.3690
Epoch 64, val_loss: 0.0053, val_mae: 0.0812, val_mse: 0.0105, val_r2: -14.5173, val_cc: 0.3573
Epoch 65, trian_loss: 0.0052, trian_mae: 0.0804, trian_mse:0.0104, trian_r2: -8.3309, trian_cc: 0.3727
Epoch 65, val_loss: 0.0053, val_mae: 0.0814, val_mse: 0.0106, val_r2: -20.5554, val_cc: 0.3545
Epoch 66, trian_loss: 0.0052, trian_mae: 0.0804, trian_mse:0.0104, trian_r2: -8.4226, trian_cc: 0.3731
Epoch 66, val_loss: 0.0053, val_mae: 0.0813, val_mse: 0.0105, val_r2: -13.9330, val_cc: 0.3642
Epoch 67, trian_loss: 0.0052, trian_mae: 0.0806, trian_mse:0.0104, trian_r2: -10.0401, trian_cc: 0.3684
Epoch 67, val_loss: 0.0053, val_mae: 0.0808, val_mse: 0.0105, val_r2: -11.1270, val_cc: 0.3683
Epoch 68, trian_loss: 0.0052, trian_mae: 0.0803, trian_mse:0.0104, trian_r2: -7.9330, trian_cc: 0.3764
Epoch 68, val_loss: 0.0052, val_mae: 0.0808, val_mse: 0.0105, val_r2: -11.4661, val_cc: 0.3697
Epoch 69, trian_loss: 0.0052, trian_mae: 0.0801, trian_mse:0.0103, trian_r2: -7.8048, trian_cc: 0.3787
Epoch 69, val_loss: 0.0053, val_mae: 0.0810, val_mse: 0.0106, val_r2: -14.3176, val_cc: 0.3665
Epoch 70, trian_loss: 0.0051, trian_mae: 0.0800, trian_mse:0.0103, trian_r2: -7.5248, trian_cc: 0.3804
Epoch 70, val_loss: 0.0052, val_mae: 0.0809, val_mse: 0.0105, val_r2: -11.0988, val_cc: 0.3708
Epoch 71, trian_loss: 0.0051, trian_mae: 0.0800, trian_mse:0.0103, trian_r2: -7.4087, trian_cc: 0.3808
Epoch 71, val_loss: 0.0053, val_mae: 0.0804, val_mse: 0.0105, val_r2: -9.8020, val_cc: 0.3715
Epoch 72, trian_loss: 0.0051, trian_mae: 0.0799, trian_mse:0.0102, trian_r2: -7.4399, trian_cc: 0.3812
Epoch 72, val_loss: 0.0053, val_mae: 0.0808, val_mse: 0.0106, val_r2: -12.5716, val_cc: 0.3655
Epoch 73, trian_loss: 0.0053, trian_mae: 0.0819, trian_mse:0.0107, trian_r2: -26.1036, trian_cc: 0.3317
Epoch 73, val_loss: 0.0054, val_mae: 0.0822, val_mse: 0.0108, val_r2: -21.5469, val_cc: 0.3236
Epoch 74, trian_loss: 0.0052, trian_mae: 0.0802, trian_mse:0.0104, trian_r2: -9.0394, trian_cc: 0.3741
Epoch 74, val_loss: 0.0053, val_mae: 0.0809, val_mse: 0.0105, val_r2: -10.8691, val_cc: 0.3714
Epoch 75, trian_loss: 0.0051, trian_mae: 0.0797, trian_mse:0.0102, trian_r2: -7.1462, trian_cc: 0.3851
Epoch 75, val_loss: 0.0053, val_mae: 0.0817, val_mse: 0.0105, val_r2: -17.1259, val_cc: 0.3474
Epoch 76, trian_loss: 0.0051, trian_mae: 0.0797, trian_mse:0.0102, trian_r2: -7.2939, trian_cc: 0.3849
Epoch 76, val_loss: 0.0053, val_mae: 0.0811, val_mse: 0.0105, val_r2: -12.2311, val_cc: 0.3671
Epoch 77, trian_loss: 0.0051, trian_mae: 0.0796, trian_mse:0.0102, trian_r2: -7.2056, trian_cc: 0.3857
Epoch 77, val_loss: 0.0052, val_mae: 0.0807, val_mse: 0.0104, val_r2: -16.3262, val_cc: 0.3689
Epoch 78, trian_loss: 0.0051, trian_mae: 0.0796, trian_mse:0.0102, trian_r2: -6.9286, trian_cc: 0.3876
Epoch 78, val_loss: 0.0052, val_mae: 0.0808, val_mse: 0.0104, val_r2: -11.3930, val_cc: 0.3744
Epoch 79, trian_loss: 0.0051, trian_mae: 0.0795, trian_mse:0.0101, trian_r2: -6.9421, trian_cc: 0.3888
Epoch 79, val_loss: 0.0052, val_mae: 0.0809, val_mse: 0.0105, val_r2: -11.3306, val_cc: 0.3711
Epoch 80, trian_loss: 0.0051, trian_mae: 0.0795, trian_mse:0.0102, trian_r2: -6.9252, trian_cc: 0.3900
Epoch 80, val_loss: 0.0052, val_mae: 0.0806, val_mse: 0.0104, val_r2: -9.2689, val_cc: 0.3731
Epoch 81, trian_loss: 0.0050, trian_mae: 0.0793, trian_mse:0.0101, trian_r2: -6.7000, trian_cc: 0.3900
Epoch 81, val_loss: 0.0052, val_mae: 0.0806, val_mse: 0.0104, val_r2: -9.8698, val_cc: 0.3726
Epoch 82, trian_loss: 0.0051, trian_mae: 0.0795, trian_mse:0.0102, trian_r2: -7.0874, trian_cc: 0.3885
Epoch 82, val_loss: 0.0052, val_mae: 0.0806, val_mse: 0.0104, val_r2: -10.1984, val_cc: 0.3747
Epoch 83, trian_loss: 0.0050, trian_mae: 0.0791, trian_mse:0.0100, trian_r2: -6.6767, trian_cc: 0.3928
Epoch 83, val_loss: 0.0052, val_mae: 0.0809, val_mse: 0.0104, val_r2: -10.8558, val_cc: 0.3713
Epoch 84, trian_loss: 0.0050, trian_mae: 0.0793, trian_mse:0.0101, trian_r2: -6.7285, trian_cc: 0.3908
Epoch 84, val_loss: 0.0052, val_mae: 0.0808, val_mse: 0.0104, val_r2: -10.9258, val_cc: 0.3660
Epoch 85, trian_loss: 0.0051, trian_mae: 0.0794, trian_mse:0.0101, trian_r2: -7.3244, trian_cc: 0.3879
Epoch 85, val_loss: 0.0052, val_mae: 0.0805, val_mse: 0.0105, val_r2: -11.7451, val_cc: 0.3694
Epoch 86, trian_loss: 0.0050, trian_mae: 0.0791, trian_mse:0.0100, trian_r2: -6.8098, trian_cc: 0.3929
Epoch 86, val_loss: 0.0052, val_mae: 0.0806, val_mse: 0.0104, val_r2: -10.5116, val_cc: 0.3720
Epoch 87, trian_loss: 0.0050, trian_mae: 0.0791, trian_mse:0.0101, trian_r2: -6.6452, trian_cc: 0.3934
Epoch 87, val_loss: 0.0052, val_mae: 0.0803, val_mse: 0.0104, val_r2: -10.1869, val_cc: 0.3751
Epoch 88, trian_loss: 0.0050, trian_mae: 0.0789, trian_mse:0.0100, trian_r2: -7.5251, trian_cc: 0.3924
Epoch 88, val_loss: 0.0052, val_mae: 0.0807, val_mse: 0.0104, val_r2: -12.3278, val_cc: 0.3742
Epoch 89, trian_loss: 0.0050, trian_mae: 0.0788, trian_mse:0.0100, trian_r2: -6.3613, trian_cc: 0.3972
Epoch 89, val_loss: 0.0052, val_mae: 0.0806, val_mse: 0.0104, val_r2: -9.6161, val_cc: 0.3738
Epoch 90, trian_loss: 0.0050, trian_mae: 0.0788, trian_mse:0.0100, trian_r2: -6.6327, trian_cc: 0.3970
Epoch 90, val_loss: 0.0052, val_mae: 0.0802, val_mse: 0.0104, val_r2: -9.9003, val_cc: 0.3766
Epoch 91, trian_loss: 0.0050, trian_mae: 0.0785, trian_mse:0.0099, trian_r2: -6.3392, trian_cc: 0.3985
Epoch 91, val_loss: 0.0052, val_mae: 0.0807, val_mse: 0.0104, val_r2: -10.9598, val_cc: 0.3739
Epoch 92, trian_loss: 0.0050, trian_mae: 0.0787, trian_mse:0.0100, trian_r2: -6.4263, trian_cc: 0.3987
Epoch 92, val_loss: 0.0052, val_mae: 0.0803, val_mse: 0.0103, val_r2: -9.0700, val_cc: 0.3773
Epoch 93, trian_loss: 0.0050, trian_mae: 0.0788, trian_mse:0.0100, trian_r2: -6.8887, trian_cc: 0.3954
Epoch 93, val_loss: 0.0052, val_mae: 0.0802, val_mse: 0.0104, val_r2: -8.9665, val_cc: 0.3754
Epoch 94, trian_loss: 0.0050, trian_mae: 0.0787, trian_mse:0.0100, trian_r2: -6.4971, trian_cc: 0.3988
Epoch 94, val_loss: 0.0052, val_mae: 0.0803, val_mse: 0.0104, val_r2: -9.8843, val_cc: 0.3734
Epoch 95, trian_loss: 0.0050, trian_mae: 0.0784, trian_mse:0.0099, trian_r2: -6.4311, trian_cc: 0.4014
Epoch 95, val_loss: 0.0052, val_mae: 0.0803, val_mse: 0.0104, val_r2: -11.6724, val_cc: 0.3718
Epoch 96, trian_loss: 0.0049, trian_mae: 0.0783, trian_mse:0.0099, trian_r2: -6.4642, trian_cc: 0.4009
Epoch 96, val_loss: 0.0053, val_mae: 0.0808, val_mse: 0.0105, val_r2: -12.8800, val_cc: 0.3695
Epoch 97, trian_loss: 0.0050, trian_mae: 0.0784, trian_mse:0.0099, trian_r2: -6.6192, trian_cc: 0.4010
Epoch 97, val_loss: 0.0052, val_mae: 0.0802, val_mse: 0.0104, val_r2: -9.6126, val_cc: 0.3744
Epoch 98, trian_loss: 0.0049, trian_mae: 0.0782, trian_mse:0.0098, trian_r2: -6.2883, trian_cc: 0.4028
Epoch 98, val_loss: 0.0052, val_mae: 0.0805, val_mse: 0.0104, val_r2: -10.5248, val_cc: 0.3721
Epoch 99, trian_loss: 0.0050, trian_mae: 0.0785, trian_mse:0.0100, trian_r2: -6.6521, trian_cc: 0.4006
Epoch 99, val_loss: 0.0052, val_mae: 0.0806, val_mse: 0.0103, val_r2: -9.9618, val_cc: 0.3717
