Trian Data: 515   Validation Data: 172  Test Data: 172
model ResNet_2D(
  (conv1): Sequential(
    (0): Conv2d(40, 64, kernel_size=(3, 3), stride=(1, 1), padding=(1, 1), bias=False)
    (1): BatchNorm2d(64, eps=1e-05, momentum=0.1, affine=True, track_running_stats=True)
  )
  (layer1): Sequential(
    (0): BasicBlock(
      (conv1): Conv2d(64, 64, kernel_size=(3, 3), stride=(1, 1), padding=(1, 1), bias=False)
      (bn1): BatchNorm2d(64, eps=1e-05, momentum=0.1, affine=True, track_running_stats=True)
      (conv2): Conv2d(64, 64, kernel_size=(3, 3), stride=(1, 1), padding=(1, 1), bias=False)
      (bn2): BatchNorm2d(64, eps=1e-05, momentum=0.1, affine=True, track_running_stats=True)
      (shortcut): Sequential()
    )
    (1): BasicBlock(
      (conv1): Conv2d(64, 64, kernel_size=(3, 3), stride=(1, 1), padding=(1, 1), bias=False)
      (bn1): BatchNorm2d(64, eps=1e-05, momentum=0.1, affine=True, track_running_stats=True)
      (conv2): Conv2d(64, 64, kernel_size=(3, 3), stride=(1, 1), padding=(1, 1), bias=False)
      (bn2): BatchNorm2d(64, eps=1e-05, momentum=0.1, affine=True, track_running_stats=True)
      (shortcut): Sequential()
    )
  )
  (layer2): Sequential(
    (0): BasicBlock(
      (conv1): Conv2d(64, 64, kernel_size=(3, 3), stride=(1, 1), padding=(1, 1), bias=False)
      (bn1): BatchNorm2d(64, eps=1e-05, momentum=0.1, affine=True, track_running_stats=True)
      (conv2): Conv2d(64, 64, kernel_size=(3, 3), stride=(1, 1), padding=(1, 1), bias=False)
      (bn2): BatchNorm2d(64, eps=1e-05, momentum=0.1, affine=True, track_running_stats=True)
      (shortcut): Sequential()
    )
    (1): BasicBlock(
      (conv1): Conv2d(64, 64, kernel_size=(3, 3), stride=(1, 1), padding=(1, 1), bias=False)
      (bn1): BatchNorm2d(64, eps=1e-05, momentum=0.1, affine=True, track_running_stats=True)
      (conv2): Conv2d(64, 64, kernel_size=(3, 3), stride=(1, 1), padding=(1, 1), bias=False)
      (bn2): BatchNorm2d(64, eps=1e-05, momentum=0.1, affine=True, track_running_stats=True)
      (shortcut): Sequential()
    )
  )
  (layer3): Sequential(
    (0): BasicBlock(
      (conv1): Conv2d(64, 64, kernel_size=(3, 3), stride=(1, 1), padding=(1, 1), bias=False)
      (bn1): BatchNorm2d(64, eps=1e-05, momentum=0.1, affine=True, track_running_stats=True)
      (conv2): Conv2d(64, 64, kernel_size=(3, 3), stride=(1, 1), padding=(1, 1), bias=False)
      (bn2): BatchNorm2d(64, eps=1e-05, momentum=0.1, affine=True, track_running_stats=True)
      (shortcut): Sequential()
    )
    (1): BasicBlock(
      (conv1): Conv2d(64, 64, kernel_size=(3, 3), stride=(1, 1), padding=(1, 1), bias=False)
      (bn1): BatchNorm2d(64, eps=1e-05, momentum=0.1, affine=True, track_running_stats=True)
      (conv2): Conv2d(64, 64, kernel_size=(3, 3), stride=(1, 1), padding=(1, 1), bias=False)
      (bn2): BatchNorm2d(64, eps=1e-05, momentum=0.1, affine=True, track_running_stats=True)
      (shortcut): Sequential()
    )
  )
  (layer4): Sequential(
    (0): BasicBlock(
      (conv1): Conv2d(64, 64, kernel_size=(3, 3), stride=(1, 1), padding=(1, 1), bias=False)
      (bn1): BatchNorm2d(64, eps=1e-05, momentum=0.1, affine=True, track_running_stats=True)
      (conv2): Conv2d(64, 64, kernel_size=(3, 3), stride=(1, 1), padding=(1, 1), bias=False)
      (bn2): BatchNorm2d(64, eps=1e-05, momentum=0.1, affine=True, track_running_stats=True)
      (shortcut): Sequential()
    )
    (1): BasicBlock(
      (conv1): Conv2d(64, 64, kernel_size=(3, 3), stride=(1, 1), padding=(1, 1), bias=False)
      (bn1): BatchNorm2d(64, eps=1e-05, momentum=0.1, affine=True, track_running_stats=True)
      (conv2): Conv2d(64, 64, kernel_size=(3, 3), stride=(1, 1), padding=(1, 1), bias=False)
      (bn2): BatchNorm2d(64, eps=1e-05, momentum=0.1, affine=True, track_running_stats=True)
      (shortcut): Sequential()
    )
  )
  (conv2): Sequential(
    (0): Conv2d(64, 32, kernel_size=(3, 3), stride=(1, 1), padding=(1, 1))
    (1): BatchNorm2d(32, eps=1e-05, momentum=0.1, affine=True, track_running_stats=True)
  )
  (conv3): Sequential(
    (0): Conv2d(32, 16, kernel_size=(3, 3), stride=(1, 1), padding=(1, 1))
    (1): BatchNorm2d(16, eps=1e-05, momentum=0.1, affine=True, track_running_stats=True)
  )
  (conv4): Sequential(
    (0): Conv2d(16, 1, kernel_size=(3, 3), stride=(1, 1), padding=(1, 1))
    (1): BatchNorm2d(1, eps=1e-05, momentum=0.1, affine=True, track_running_stats=True)
  )
)
Epoch  0, trian_loss: 0.0383, trian_mae: 0.1831, trian_mse:0.0781, trian_r2: -4.8504, trian_cc: 0.0041
Epoch  0, val_loss: 0.0755, val_mae: 0.2292, val_mse: 0.1590, val_r2: -10.5474, val_cc: 0.0070
Epoch  1, trian_loss: 0.0171, trian_mae: 0.1377, trian_mse:0.0343, trian_r2: -1299.2503, trian_cc: -0.0346
Epoch  1, val_loss: 0.0184, val_mae: 0.1445, val_mse: 0.0369, val_r2: -1199.9408, val_cc: -0.0423
Epoch  2, trian_loss: 0.0166, trian_mae: 0.1360, trian_mse:0.0332, trian_r2: -2298.7467, trian_cc: -0.0186
Epoch  2, val_loss: 0.0182, val_mae: 0.1420, val_mse: 0.0365, val_r2: -3477.1510, val_cc: -0.0070
Epoch  3, trian_loss: 0.0165, trian_mae: 0.1356, trian_mse:0.0330, trian_r2: -5010.4181, trian_cc: 0.0074
Epoch  3, val_loss: 0.0181, val_mae: 0.1426, val_mse: 0.0363, val_r2: -8574.1356, val_cc: 0.0157
Epoch  4, trian_loss: 0.0165, trian_mae: 0.1357, trian_mse:0.0330, trian_r2: -5591.8267, trian_cc: 0.0284
Epoch  4, val_loss: 0.0183, val_mae: 0.1446, val_mse: 0.0367, val_r2: -4867.9706, val_cc: -0.0183
Epoch  5, trian_loss: 0.0163, trian_mae: 0.1352, trian_mse:0.0327, trian_r2: -4731.2466, trian_cc: 0.0331
Epoch  5, val_loss: 0.0260, val_mae: 0.1724, val_mse: 0.0520, val_r2: -478.9976, val_cc: 0.0095
Epoch  6, trian_loss: 0.0166, trian_mae: 0.1358, trian_mse:0.0331, trian_r2: -2557.9689, trian_cc: 0.0379
Epoch  6, val_loss: 0.0182, val_mae: 0.1431, val_mse: 0.0364, val_r2: -3803.2572, val_cc: 0.0399
Epoch  7, trian_loss: 0.0164, trian_mae: 0.1351, trian_mse:0.0327, trian_r2: -4375.0462, trian_cc: 0.0581
Epoch  7, val_loss: 0.0182, val_mae: 0.1437, val_mse: 0.0364, val_r2: -3932.6752, val_cc: 0.0613
Epoch  8, trian_loss: 0.0163, trian_mae: 0.1352, trian_mse:0.0327, trian_r2: -3295.7228, trian_cc: 0.0524
Epoch  8, val_loss: 0.0184, val_mae: 0.1471, val_mse: 0.0368, val_r2: -5388.3824, val_cc: 0.0062
Epoch  9, trian_loss: 0.0164, trian_mae: 0.1354, trian_mse:0.0328, trian_r2: -3109.5102, trian_cc: 0.0652
Epoch  9, val_loss: 0.0182, val_mae: 0.1428, val_mse: 0.0364, val_r2: -5219.4649, val_cc: 0.0541
Epoch 10, trian_loss: 0.0164, trian_mae: 0.1352, trian_mse:0.0328, trian_r2: -2812.6954, trian_cc: 0.0633
Epoch 10, val_loss: 0.0182, val_mae: 0.1425, val_mse: 0.0364, val_r2: -4491.1038, val_cc: 0.0652
Epoch 11, trian_loss: 0.0164, trian_mae: 0.1351, trian_mse:0.0327, trian_r2: -2652.0898, trian_cc: 0.0741
Epoch 11, val_loss: 0.0182, val_mae: 0.1422, val_mse: 0.0364, val_r2: -3406.6379, val_cc: 0.0792
Epoch 12, trian_loss: 0.0163, trian_mae: 0.1351, trian_mse:0.0326, trian_r2: -3194.1072, trian_cc: 0.0850
Epoch 12, val_loss: 0.0182, val_mae: 0.1418, val_mse: 0.0365, val_r2: -3967.2241, val_cc: 0.0847
Epoch 13, trian_loss: 0.0163, trian_mae: 0.1350, trian_mse:0.0326, trian_r2: -2923.1576, trian_cc: 0.0836
Epoch 13, val_loss: 0.0182, val_mae: 0.1420, val_mse: 0.0364, val_r2: -3201.0198, val_cc: 0.0779
Epoch 14, trian_loss: 0.0163, trian_mae: 0.1351, trian_mse:0.0326, trian_r2: -2723.0804, trian_cc: 0.0896
Epoch 14, val_loss: 0.0181, val_mae: 0.1429, val_mse: 0.0363, val_r2: -2235.7314, val_cc: 0.0835
Epoch 15, trian_loss: 0.0163, trian_mae: 0.1351, trian_mse:0.0327, trian_r2: -2173.1592, trian_cc: 0.0869
Epoch 15, val_loss: 0.0182, val_mae: 0.1419, val_mse: 0.0364, val_r2: -2815.5230, val_cc: 0.0748
Epoch 16, trian_loss: 0.0163, trian_mae: 0.1350, trian_mse:0.0327, trian_r2: -1545.7807, trian_cc: 0.0859
Epoch 16, val_loss: 0.0182, val_mae: 0.1423, val_mse: 0.0364, val_r2: -2227.8874, val_cc: 0.0778
Epoch 17, trian_loss: 0.0163, trian_mae: 0.1352, trian_mse:0.0326, trian_r2: -1646.5075, trian_cc: 0.0883
Epoch 17, val_loss: 0.0182, val_mae: 0.1418, val_mse: 0.0363, val_r2: -2329.3961, val_cc: 0.0868
Epoch 18, trian_loss: 0.0163, trian_mae: 0.1351, trian_mse:0.0326, trian_r2: -1702.4738, trian_cc: 0.0957
Epoch 18, val_loss: 0.0182, val_mae: 0.1422, val_mse: 0.0364, val_r2: -2694.9530, val_cc: 0.0946
Epoch 19, trian_loss: 0.0163, trian_mae: 0.1349, trian_mse:0.0326, trian_r2: -1402.4596, trian_cc: 0.1071
Epoch 19, val_loss: 0.0182, val_mae: 0.1416, val_mse: 0.0364, val_r2: -1655.1268, val_cc: 0.1004
Epoch 20, trian_loss: 0.0163, trian_mae: 0.1348, trian_mse:0.0326, trian_r2: -1241.8440, trian_cc: 0.1121
Epoch 20, val_loss: 0.0181, val_mae: 0.1420, val_mse: 0.0363, val_r2: -1418.9234, val_cc: 0.1028
Epoch 21, trian_loss: 0.0163, trian_mae: 0.1351, trian_mse:0.0326, trian_r2: -877.6479, trian_cc: 0.1118
Epoch 21, val_loss: 0.0182, val_mae: 0.1415, val_mse: 0.0365, val_r2: -844.7068, val_cc: 0.0579
Epoch 22, trian_loss: 0.0163, trian_mae: 0.1349, trian_mse:0.0326, trian_r2: -1038.6881, trian_cc: 0.1065
Epoch 22, val_loss: 0.0182, val_mae: 0.1416, val_mse: 0.0365, val_r2: -1130.2813, val_cc: 0.1046
Epoch 23, trian_loss: 0.0163, trian_mae: 0.1349, trian_mse:0.0326, trian_r2: -936.6331, trian_cc: 0.1146
Epoch 23, val_loss: 0.0182, val_mae: 0.1418, val_mse: 0.0363, val_r2: -1184.1837, val_cc: 0.1121
Epoch 24, trian_loss: 0.0163, trian_mae: 0.1350, trian_mse:0.0326, trian_r2: -935.3251, trian_cc: 0.1069
Epoch 24, val_loss: 0.0182, val_mae: 0.1415, val_mse: 0.0364, val_r2: -1265.4157, val_cc: 0.1098
Epoch 25, trian_loss: 0.0163, trian_mae: 0.1348, trian_mse:0.0325, trian_r2: -846.1681, trian_cc: 0.1241
Epoch 25, val_loss: 0.0182, val_mae: 0.1416, val_mse: 0.0364, val_r2: -1266.3283, val_cc: 0.1125
Epoch 26, trian_loss: 0.0163, trian_mae: 0.1347, trian_mse:0.0325, trian_r2: -757.0333, trian_cc: 0.1250
Epoch 26, val_loss: 0.0182, val_mae: 0.1418, val_mse: 0.0363, val_r2: -863.2613, val_cc: 0.1177
Epoch 27, trian_loss: 0.0162, trian_mae: 0.1347, trian_mse:0.0325, trian_r2: -688.5062, trian_cc: 0.1271
Epoch 27, val_loss: 0.0181, val_mae: 0.1415, val_mse: 0.0363, val_r2: -742.8163, val_cc: 0.1194
Epoch 28, trian_loss: 0.0162, trian_mae: 0.1346, trian_mse:0.0325, trian_r2: -566.9549, trian_cc: 0.1288
Epoch 28, val_loss: 0.0181, val_mae: 0.1420, val_mse: 0.0362, val_r2: -455.1419, val_cc: 0.1229
Epoch 29, trian_loss: 0.0162, trian_mae: 0.1346, trian_mse:0.0325, trian_r2: -483.4583, trian_cc: 0.1339
Epoch 29, val_loss: 0.0181, val_mae: 0.1412, val_mse: 0.0363, val_r2: -509.2778, val_cc: 0.1150
Epoch 30, trian_loss: 0.0162, trian_mae: 0.1344, trian_mse:0.0324, trian_r2: -342.3408, trian_cc: 0.1311
Epoch 30, val_loss: 0.0181, val_mae: 0.1414, val_mse: 0.0362, val_r2: -295.6706, val_cc: 0.1141
Epoch 31, trian_loss: 0.0161, trian_mae: 0.1342, trian_mse:0.0323, trian_r2: -303.5381, trian_cc: 0.1342
Epoch 31, val_loss: 0.0181, val_mae: 0.1412, val_mse: 0.0362, val_r2: -282.2396, val_cc: 0.1222
Epoch 32, trian_loss: 0.0161, trian_mae: 0.1339, trian_mse:0.0322, trian_r2: -258.2335, trian_cc: 0.1447
Epoch 32, val_loss: 0.0181, val_mae: 0.1411, val_mse: 0.0362, val_r2: -197.1659, val_cc: 0.1172
Epoch 33, trian_loss: 0.0161, trian_mae: 0.1339, trian_mse:0.0322, trian_r2: -200.0676, trian_cc: 0.1432
Epoch 33, val_loss: 0.0180, val_mae: 0.1409, val_mse: 0.0361, val_r2: -184.3991, val_cc: 0.1254
Epoch 34, trian_loss: 0.0160, trian_mae: 0.1334, trian_mse:0.0320, trian_r2: -162.7079, trian_cc: 0.1562
Epoch 34, val_loss: 0.0180, val_mae: 0.1413, val_mse: 0.0361, val_r2: -151.5271, val_cc: 0.1241
Epoch 35, trian_loss: 0.0160, trian_mae: 0.1333, trian_mse:0.0320, trian_r2: -129.7524, trian_cc: 0.1618
Epoch 35, val_loss: 0.0181, val_mae: 0.1411, val_mse: 0.0361, val_r2: -111.4668, val_cc: 0.1306
Epoch 36, trian_loss: 0.0159, trian_mae: 0.1329, trian_mse:0.0318, trian_r2: -129.7389, trian_cc: 0.1690
Epoch 36, val_loss: 0.0181, val_mae: 0.1413, val_mse: 0.0363, val_r2: -102.9738, val_cc: 0.1190
Epoch 37, trian_loss: 0.0159, trian_mae: 0.1326, trian_mse:0.0318, trian_r2: -121.2137, trian_cc: 0.1727
Epoch 37, val_loss: 0.0180, val_mae: 0.1409, val_mse: 0.0361, val_r2: -126.7375, val_cc: 0.1322
Epoch 38, trian_loss: 0.0159, trian_mae: 0.1326, trian_mse:0.0318, trian_r2: -106.8158, trian_cc: 0.1741
Epoch 38, val_loss: 0.0181, val_mae: 0.1412, val_mse: 0.0361, val_r2: -94.7553, val_cc: 0.1217
Epoch 39, trian_loss: 0.0158, trian_mae: 0.1324, trian_mse:0.0316, trian_r2: -91.1659, trian_cc: 0.1795
Epoch 39, val_loss: 0.0181, val_mae: 0.1411, val_mse: 0.0362, val_r2: -92.2005, val_cc: 0.1278
Epoch 40, trian_loss: 0.0158, trian_mae: 0.1322, trian_mse:0.0316, trian_r2: -84.2720, trian_cc: 0.1810
Epoch 40, val_loss: 0.0180, val_mae: 0.1409, val_mse: 0.0361, val_r2: -120.6814, val_cc: 0.1218
Epoch 41, trian_loss: 0.0157, trian_mae: 0.1320, trian_mse:0.0315, trian_r2: -79.8132, trian_cc: 0.1811
Epoch 41, val_loss: 0.0181, val_mae: 0.1411, val_mse: 0.0363, val_r2: -75.8327, val_cc: 0.1197
Epoch 42, trian_loss: 0.0157, trian_mae: 0.1316, trian_mse:0.0314, trian_r2: -67.2530, trian_cc: 0.1863
Epoch 42, val_loss: 0.0181, val_mae: 0.1414, val_mse: 0.0361, val_r2: -74.9411, val_cc: 0.1111
Epoch 43, trian_loss: 0.0156, trian_mae: 0.1315, trian_mse:0.0313, trian_r2: -57.0143, trian_cc: 0.1913
Epoch 43, val_loss: 0.0182, val_mae: 0.1416, val_mse: 0.0363, val_r2: -62.2532, val_cc: 0.1112
Epoch 44, trian_loss: 0.0156, trian_mae: 0.1311, trian_mse:0.0312, trian_r2: -55.7609, trian_cc: 0.1947
Epoch 44, val_loss: 0.0181, val_mae: 0.1420, val_mse: 0.0363, val_r2: -51.4117, val_cc: 0.1064
Epoch 45, trian_loss: 0.0156, trian_mae: 0.1312, trian_mse:0.0311, trian_r2: -51.3271, trian_cc: 0.1974
Epoch 45, val_loss: 0.0183, val_mae: 0.1417, val_mse: 0.0366, val_r2: -60.2939, val_cc: 0.1124
Epoch 46, trian_loss: 0.0155, trian_mae: 0.1309, trian_mse:0.0311, trian_r2: -58.9253, trian_cc: 0.2016
Epoch 46, val_loss: 0.0181, val_mae: 0.1410, val_mse: 0.0362, val_r2: -58.2087, val_cc: 0.1184
Epoch 47, trian_loss: 0.0155, trian_mae: 0.1309, trian_mse:0.0311, trian_r2: -51.0617, trian_cc: 0.2059
Epoch 47, val_loss: 0.0183, val_mae: 0.1419, val_mse: 0.0366, val_r2: -36.5269, val_cc: 0.1162
Epoch 48, trian_loss: 0.0155, trian_mae: 0.1305, trian_mse:0.0309, trian_r2: -46.8824, trian_cc: 0.2084
Epoch 48, val_loss: 0.0181, val_mae: 0.1410, val_mse: 0.0362, val_r2: -48.6167, val_cc: 0.1174
Epoch 49, trian_loss: 0.0154, trian_mae: 0.1303, trian_mse:0.0309, trian_r2: -41.6613, trian_cc: 0.2117
Epoch 49, val_loss: 0.0181, val_mae: 0.1412, val_mse: 0.0363, val_r2: -48.7048, val_cc: 0.1274
Epoch 50, trian_loss: 0.0154, trian_mae: 0.1303, trian_mse:0.0309, trian_r2: -41.8737, trian_cc: 0.2131
Epoch 50, val_loss: 0.0183, val_mae: 0.1415, val_mse: 0.0366, val_r2: -34.9926, val_cc: 0.1129
Epoch 51, trian_loss: 0.0154, trian_mae: 0.1302, trian_mse:0.0308, trian_r2: -38.4069, trian_cc: 0.2186
Epoch 51, val_loss: 0.0180, val_mae: 0.1405, val_mse: 0.0360, val_r2: -53.0377, val_cc: 0.1361
Epoch 52, trian_loss: 0.0154, trian_mae: 0.1300, trian_mse:0.0308, trian_r2: -37.9539, trian_cc: 0.2220
Epoch 52, val_loss: 0.0182, val_mae: 0.1411, val_mse: 0.0365, val_r2: -36.2458, val_cc: 0.1236
Epoch 53, trian_loss: 0.0154, trian_mae: 0.1302, trian_mse:0.0308, trian_r2: -42.7634, trian_cc: 0.2178
Epoch 53, val_loss: 0.0180, val_mae: 0.1404, val_mse: 0.0360, val_r2: -50.9243, val_cc: 0.1262
Epoch 54, trian_loss: 0.0153, trian_mae: 0.1297, trian_mse:0.0307, trian_r2: -35.4357, trian_cc: 0.2277
Epoch 54, val_loss: 0.0181, val_mae: 0.1411, val_mse: 0.0363, val_r2: -41.8711, val_cc: 0.1245
Epoch 55, trian_loss: 0.0153, trian_mae: 0.1295, trian_mse:0.0306, trian_r2: -36.0977, trian_cc: 0.2271
Epoch 55, val_loss: 0.0181, val_mae: 0.1409, val_mse: 0.0362, val_r2: -45.8182, val_cc: 0.1363
Epoch 56, trian_loss: 0.0153, trian_mae: 0.1294, trian_mse:0.0306, trian_r2: -32.6172, trian_cc: 0.2306
Epoch 56, val_loss: 0.0180, val_mae: 0.1403, val_mse: 0.0361, val_r2: -44.3196, val_cc: 0.1303
Epoch 57, trian_loss: 0.0153, trian_mae: 0.1293, trian_mse:0.0306, trian_r2: -34.5466, trian_cc: 0.2316
Epoch 57, val_loss: 0.0180, val_mae: 0.1406, val_mse: 0.0361, val_r2: -53.3830, val_cc: 0.1368
Epoch 58, trian_loss: 0.0153, trian_mae: 0.1297, trian_mse:0.0306, trian_r2: -37.9180, trian_cc: 0.2311
Epoch 58, val_loss: 0.0181, val_mae: 0.1410, val_mse: 0.0363, val_r2: -37.7720, val_cc: 0.1401
Epoch 59, trian_loss: 0.0153, trian_mae: 0.1293, trian_mse:0.0305, trian_r2: -31.9805, trian_cc: 0.2341
Epoch 59, val_loss: 0.0181, val_mae: 0.1410, val_mse: 0.0362, val_r2: -50.1934, val_cc: 0.1220
Epoch 60, trian_loss: 0.0152, trian_mae: 0.1292, trian_mse:0.0305, trian_r2: -33.6282, trian_cc: 0.2345
Epoch 60, val_loss: 0.0181, val_mae: 0.1407, val_mse: 0.0361, val_r2: -50.6036, val_cc: 0.1320
Epoch 61, trian_loss: 0.0152, trian_mae: 0.1292, trian_mse:0.0305, trian_r2: -33.1042, trian_cc: 0.2368
Epoch 61, val_loss: 0.0181, val_mae: 0.1408, val_mse: 0.0362, val_r2: -40.9868, val_cc: 0.1316
Epoch 62, trian_loss: 0.0152, trian_mae: 0.1291, trian_mse:0.0305, trian_r2: -34.4133, trian_cc: 0.2363
Epoch 62, val_loss: 0.0181, val_mae: 0.1411, val_mse: 0.0362, val_r2: -41.3982, val_cc: 0.1300
Epoch 63, trian_loss: 0.0152, trian_mae: 0.1287, trian_mse:0.0303, trian_r2: -29.6395, trian_cc: 0.2444
Epoch 63, val_loss: 0.0180, val_mae: 0.1406, val_mse: 0.0360, val_r2: -42.6191, val_cc: 0.1377
Epoch 64, trian_loss: 0.0152, trian_mae: 0.1291, trian_mse:0.0305, trian_r2: -33.5279, trian_cc: 0.2398
Epoch 64, val_loss: 0.0180, val_mae: 0.1409, val_mse: 0.0361, val_r2: -38.6263, val_cc: 0.1363
Epoch 65, trian_loss: 0.0152, trian_mae: 0.1290, trian_mse:0.0304, trian_r2: -31.1138, trian_cc: 0.2426
Epoch 65, val_loss: 0.0180, val_mae: 0.1407, val_mse: 0.0360, val_r2: -49.8093, val_cc: 0.1322
Epoch 66, trian_loss: 0.0152, trian_mae: 0.1294, trian_mse:0.0305, trian_r2: -31.8309, trian_cc: 0.2367
Epoch 66, val_loss: 0.0182, val_mae: 0.1412, val_mse: 0.0365, val_r2: -43.2923, val_cc: 0.1227
Epoch 67, trian_loss: 0.0151, trian_mae: 0.1284, trian_mse:0.0303, trian_r2: -29.1506, trian_cc: 0.2467
Epoch 67, val_loss: 0.0181, val_mae: 0.1407, val_mse: 0.0361, val_r2: -42.3688, val_cc: 0.1278
Epoch 68, trian_loss: 0.0152, trian_mae: 0.1286, trian_mse:0.0303, trian_r2: -30.3098, trian_cc: 0.2455
Epoch 68, val_loss: 0.0182, val_mae: 0.1414, val_mse: 0.0364, val_r2: -37.6889, val_cc: 0.1340
Epoch 69, trian_loss: 0.0151, trian_mae: 0.1283, trian_mse:0.0303, trian_r2: -27.4004, trian_cc: 0.2506
Epoch 69, val_loss: 0.0180, val_mae: 0.1405, val_mse: 0.0361, val_r2: -40.3163, val_cc: 0.1351
Epoch 70, trian_loss: 0.0151, trian_mae: 0.1281, trian_mse:0.0302, trian_r2: -25.8078, trian_cc: 0.2531
Epoch 70, val_loss: 0.0182, val_mae: 0.1409, val_mse: 0.0363, val_r2: -43.3761, val_cc: 0.1268
Epoch 71, trian_loss: 0.0151, trian_mae: 0.1281, trian_mse:0.0302, trian_r2: -25.8108, trian_cc: 0.2547
Epoch 71, val_loss: 0.0180, val_mae: 0.1403, val_mse: 0.0359, val_r2: -44.7655, val_cc: 0.1411
Epoch 72, trian_loss: 0.0151, trian_mae: 0.1280, trian_mse:0.0301, trian_r2: -24.8521, trian_cc: 0.2545
Epoch 72, val_loss: 0.0181, val_mae: 0.1413, val_mse: 0.0363, val_r2: -37.3573, val_cc: 0.1287
Epoch 73, trian_loss: 0.0150, trian_mae: 0.1276, trian_mse:0.0300, trian_r2: -25.5281, trian_cc: 0.2599
Epoch 73, val_loss: 0.0180, val_mae: 0.1405, val_mse: 0.0360, val_r2: -41.2159, val_cc: 0.1370
Epoch 74, trian_loss: 0.0150, trian_mae: 0.1276, trian_mse:0.0300, trian_r2: -25.4097, trian_cc: 0.2575
Epoch 74, val_loss: 0.0181, val_mae: 0.1410, val_mse: 0.0362, val_r2: -43.4244, val_cc: 0.1379
Epoch 75, trian_loss: 0.0149, trian_mae: 0.1275, trian_mse:0.0299, trian_r2: -23.4819, trian_cc: 0.2618
Epoch 75, val_loss: 0.0182, val_mae: 0.1417, val_mse: 0.0364, val_r2: -32.0715, val_cc: 0.1318
Epoch 76, trian_loss: 0.0149, trian_mae: 0.1274, trian_mse:0.0299, trian_r2: -23.6957, trian_cc: 0.2581
Epoch 76, val_loss: 0.0182, val_mae: 0.1420, val_mse: 0.0364, val_r2: -31.3498, val_cc: 0.1331
Epoch 77, trian_loss: 0.0149, trian_mae: 0.1276, trian_mse:0.0299, trian_r2: -23.0307, trian_cc: 0.2588
Epoch 77, val_loss: 0.0181, val_mae: 0.1411, val_mse: 0.0362, val_r2: -36.6427, val_cc: 0.1448
Epoch 78, trian_loss: 0.0149, trian_mae: 0.1271, trian_mse:0.0298, trian_r2: -22.4523, trian_cc: 0.2638
Epoch 78, val_loss: 0.0181, val_mae: 0.1408, val_mse: 0.0361, val_r2: -41.3910, val_cc: 0.1196
Epoch 79, trian_loss: 0.0149, trian_mae: 0.1270, trian_mse:0.0297, trian_r2: -22.3244, trian_cc: 0.2639
Epoch 79, val_loss: 0.0183, val_mae: 0.1416, val_mse: 0.0365, val_r2: -33.4104, val_cc: 0.1154
Epoch 80, trian_loss: 0.0147, trian_mae: 0.1262, trian_mse:0.0294, trian_r2: -18.8530, trian_cc: 0.2693
Epoch 80, val_loss: 0.0183, val_mae: 0.1420, val_mse: 0.0366, val_r2: -25.3967, val_cc: 0.1292
Epoch 81, trian_loss: 0.0147, trian_mae: 0.1264, trian_mse:0.0294, trian_r2: -21.7405, trian_cc: 0.2711
Epoch 81, val_loss: 0.0184, val_mae: 0.1427, val_mse: 0.0368, val_r2: -25.4290, val_cc: 0.1381
Epoch 82, trian_loss: 0.0146, trian_mae: 0.1259, trian_mse:0.0293, trian_r2: -17.8446, trian_cc: 0.2714
Epoch 82, val_loss: 0.0182, val_mae: 0.1430, val_mse: 0.0364, val_r2: -33.6706, val_cc: 0.1302
Epoch 83, trian_loss: 0.0147, trian_mae: 0.1262, trian_mse:0.0294, trian_r2: -19.8856, trian_cc: 0.2678
Epoch 83, val_loss: 0.0182, val_mae: 0.1419, val_mse: 0.0365, val_r2: -33.1780, val_cc: 0.1319
Epoch 84, trian_loss: 0.0146, trian_mae: 0.1258, trian_mse:0.0292, trian_r2: -18.5191, trian_cc: 0.2749
Epoch 84, val_loss: 0.0187, val_mae: 0.1442, val_mse: 0.0374, val_r2: -20.9254, val_cc: 0.1294
Epoch 85, trian_loss: 0.0145, trian_mae: 0.1255, trian_mse:0.0291, trian_r2: -17.1309, trian_cc: 0.2770
Epoch 85, val_loss: 0.0186, val_mae: 0.1445, val_mse: 0.0372, val_r2: -19.3085, val_cc: 0.1325
Epoch 86, trian_loss: 0.0144, trian_mae: 0.1252, trian_mse:0.0289, trian_r2: -17.6853, trian_cc: 0.2804
Epoch 86, val_loss: 0.0192, val_mae: 0.1465, val_mse: 0.0384, val_r2: -14.9814, val_cc: 0.1129
Epoch 87, trian_loss: 0.0145, trian_mae: 0.1255, trian_mse:0.0290, trian_r2: -20.5291, trian_cc: 0.2795
Epoch 87, val_loss: 0.0185, val_mae: 0.1444, val_mse: 0.0370, val_r2: -21.0054, val_cc: 0.1254
Epoch 88, trian_loss: 0.0143, trian_mae: 0.1248, trian_mse:0.0286, trian_r2: -15.3527, trian_cc: 0.2863
Epoch 88, val_loss: 0.0187, val_mae: 0.1452, val_mse: 0.0374, val_r2: -17.7056, val_cc: 0.1265
Epoch 89, trian_loss: 0.0143, trian_mae: 0.1247, trian_mse:0.0287, trian_r2: -16.4523, trian_cc: 0.2864
Epoch 89, val_loss: 0.0191, val_mae: 0.1470, val_mse: 0.0383, val_r2: -15.6189, val_cc: 0.1273
Epoch 90, trian_loss: 0.0143, trian_mae: 0.1242, trian_mse:0.0286, trian_r2: -15.6055, trian_cc: 0.2895
Epoch 90, val_loss: 0.0196, val_mae: 0.1493, val_mse: 0.0392, val_r2: -12.0851, val_cc: 0.1225
Epoch 91, trian_loss: 0.0142, trian_mae: 0.1242, trian_mse:0.0285, trian_r2: -14.7377, trian_cc: 0.2929
Epoch 91, val_loss: 0.0186, val_mae: 0.1450, val_mse: 0.0371, val_r2: -18.2663, val_cc: 0.1101
Epoch 92, trian_loss: 0.0140, trian_mae: 0.1234, trian_mse:0.0279, trian_r2: -13.1196, trian_cc: 0.2961
Epoch 92, val_loss: 0.0190, val_mae: 0.1472, val_mse: 0.0381, val_r2: -16.0448, val_cc: 0.1142
Epoch 93, trian_loss: 0.0138, trian_mae: 0.1228, trian_mse:0.0276, trian_r2: -12.9402, trian_cc: 0.3013
Epoch 93, val_loss: 0.0197, val_mae: 0.1499, val_mse: 0.0393, val_r2: -11.6009, val_cc: 0.1047
Epoch 94, trian_loss: 0.0138, trian_mae: 0.1225, trian_mse:0.0275, trian_r2: -13.1034, trian_cc: 0.3026
Epoch 94, val_loss: 0.0187, val_mae: 0.1450, val_mse: 0.0374, val_r2: -19.4275, val_cc: 0.1241
Epoch 95, trian_loss: 0.0138, trian_mae: 0.1230, trian_mse:0.0277, trian_r2: -14.2534, trian_cc: 0.3028
Epoch 95, val_loss: 0.0199, val_mae: 0.1517, val_mse: 0.0399, val_r2: -9.8900, val_cc: 0.1044
Epoch 96, trian_loss: 0.0134, trian_mae: 0.1211, trian_mse:0.0268, trian_r2: -10.8087, trian_cc: 0.3177
Epoch 96, val_loss: 0.0194, val_mae: 0.1483, val_mse: 0.0389, val_r2: -11.8391, val_cc: 0.1003
Epoch 97, trian_loss: 0.0132, trian_mae: 0.1205, trian_mse:0.0265, trian_r2: -9.8395, trian_cc: 0.3239
Epoch 97, val_loss: 0.0195, val_mae: 0.1455, val_mse: 0.0390, val_r2: -13.2904, val_cc: 0.0926
Epoch 98, trian_loss: 0.0132, trian_mae: 0.1202, trian_mse:0.0263, trian_r2: -9.9307, trian_cc: 0.3330
Epoch 98, val_loss: 0.0197, val_mae: 0.1479, val_mse: 0.0395, val_r2: -10.4596, val_cc: 0.0923
Epoch 99, trian_loss: 0.0131, trian_mae: 0.1202, trian_mse:0.0262, trian_r2: -10.4832, trian_cc: 0.3374
Epoch 99, val_loss: 0.0228, val_mae: 0.1671, val_mse: 0.0456, val_r2: -6.1681, val_cc: 0.0457
