Trian Data: 515   Validation Data: 172  Test Data: 172
model ResNet_2D(
  (conv1): Sequential(
    (0): Conv2d(401, 64, kernel_size=(3, 3), stride=(1, 1), padding=(1, 1), bias=False)
    (1): BatchNorm2d(64, eps=1e-05, momentum=0.1, affine=True, track_running_stats=True)
  )
  (layer1): Sequential(
    (0): BasicBlock(
      (conv1): Conv2d(64, 64, kernel_size=(3, 3), stride=(1, 1), padding=(1, 1), bias=False)
      (bn1): BatchNorm2d(64, eps=1e-05, momentum=0.1, affine=True, track_running_stats=True)
      (conv2): Conv2d(64, 64, kernel_size=(3, 3), stride=(1, 1), padding=(1, 1), bias=False)
      (bn2): BatchNorm2d(64, eps=1e-05, momentum=0.1, affine=True, track_running_stats=True)
      (shortcut): Sequential()
    )
    (1): BasicBlock(
      (conv1): Conv2d(64, 64, kernel_size=(3, 3), stride=(1, 1), padding=(1, 1), bias=False)
      (bn1): BatchNorm2d(64, eps=1e-05, momentum=0.1, affine=True, track_running_stats=True)
      (conv2): Conv2d(64, 64, kernel_size=(3, 3), stride=(1, 1), padding=(1, 1), bias=False)
      (bn2): BatchNorm2d(64, eps=1e-05, momentum=0.1, affine=True, track_running_stats=True)
      (shortcut): Sequential()
    )
  )
  (layer2): Sequential(
    (0): BasicBlock(
      (conv1): Conv2d(64, 64, kernel_size=(3, 3), stride=(1, 1), padding=(1, 1), bias=False)
      (bn1): BatchNorm2d(64, eps=1e-05, momentum=0.1, affine=True, track_running_stats=True)
      (conv2): Conv2d(64, 64, kernel_size=(3, 3), stride=(1, 1), padding=(1, 1), bias=False)
      (bn2): BatchNorm2d(64, eps=1e-05, momentum=0.1, affine=True, track_running_stats=True)
      (shortcut): Sequential()
    )
    (1): BasicBlock(
      (conv1): Conv2d(64, 64, kernel_size=(3, 3), stride=(1, 1), padding=(1, 1), bias=False)
      (bn1): BatchNorm2d(64, eps=1e-05, momentum=0.1, affine=True, track_running_stats=True)
      (conv2): Conv2d(64, 64, kernel_size=(3, 3), stride=(1, 1), padding=(1, 1), bias=False)
      (bn2): BatchNorm2d(64, eps=1e-05, momentum=0.1, affine=True, track_running_stats=True)
      (shortcut): Sequential()
    )
  )
  (layer3): Sequential(
    (0): BasicBlock(
      (conv1): Conv2d(64, 64, kernel_size=(3, 3), stride=(1, 1), padding=(1, 1), bias=False)
      (bn1): BatchNorm2d(64, eps=1e-05, momentum=0.1, affine=True, track_running_stats=True)
      (conv2): Conv2d(64, 64, kernel_size=(3, 3), stride=(1, 1), padding=(1, 1), bias=False)
      (bn2): BatchNorm2d(64, eps=1e-05, momentum=0.1, affine=True, track_running_stats=True)
      (shortcut): Sequential()
    )
    (1): BasicBlock(
      (conv1): Conv2d(64, 64, kernel_size=(3, 3), stride=(1, 1), padding=(1, 1), bias=False)
      (bn1): BatchNorm2d(64, eps=1e-05, momentum=0.1, affine=True, track_running_stats=True)
      (conv2): Conv2d(64, 64, kernel_size=(3, 3), stride=(1, 1), padding=(1, 1), bias=False)
      (bn2): BatchNorm2d(64, eps=1e-05, momentum=0.1, affine=True, track_running_stats=True)
      (shortcut): Sequential()
    )
  )
  (layer4): Sequential(
    (0): BasicBlock(
      (conv1): Conv2d(64, 64, kernel_size=(3, 3), stride=(1, 1), padding=(1, 1), bias=False)
      (bn1): BatchNorm2d(64, eps=1e-05, momentum=0.1, affine=True, track_running_stats=True)
      (conv2): Conv2d(64, 64, kernel_size=(3, 3), stride=(1, 1), padding=(1, 1), bias=False)
      (bn2): BatchNorm2d(64, eps=1e-05, momentum=0.1, affine=True, track_running_stats=True)
      (shortcut): Sequential()
    )
    (1): BasicBlock(
      (conv1): Conv2d(64, 64, kernel_size=(3, 3), stride=(1, 1), padding=(1, 1), bias=False)
      (bn1): BatchNorm2d(64, eps=1e-05, momentum=0.1, affine=True, track_running_stats=True)
      (conv2): Conv2d(64, 64, kernel_size=(3, 3), stride=(1, 1), padding=(1, 1), bias=False)
      (bn2): BatchNorm2d(64, eps=1e-05, momentum=0.1, affine=True, track_running_stats=True)
      (shortcut): Sequential()
    )
    (2): BasicBlock(
      (conv1): Conv2d(64, 64, kernel_size=(3, 3), stride=(1, 1), padding=(1, 1), bias=False)
      (bn1): BatchNorm2d(64, eps=1e-05, momentum=0.1, affine=True, track_running_stats=True)
      (conv2): Conv2d(64, 64, kernel_size=(3, 3), stride=(1, 1), padding=(1, 1), bias=False)
      (bn2): BatchNorm2d(64, eps=1e-05, momentum=0.1, affine=True, track_running_stats=True)
      (shortcut): Sequential()
    )
  )
  (conv2): Sequential(
    (0): Conv2d(64, 32, kernel_size=(3, 3), stride=(1, 1), padding=(1, 1))
    (1): BatchNorm2d(32, eps=1e-05, momentum=0.1, affine=True, track_running_stats=True)
  )
  (conv3): Sequential(
    (0): Conv2d(32, 16, kernel_size=(3, 3), stride=(1, 1), padding=(1, 1))
    (1): BatchNorm2d(16, eps=1e-05, momentum=0.1, affine=True, track_running_stats=True)
  )
  (conv4): Sequential(
    (0): Conv2d(16, 1, kernel_size=(3, 3), stride=(1, 1), padding=(1, 1))
    (1): BatchNorm2d(1, eps=1e-05, momentum=0.1, affine=True, track_running_stats=True)
  )
)
Epoch  0, trian_loss: 0.0165, trian_mae: 0.1077, trian_mse:0.0332, trian_r2: -1.9837, trian_cc: 0.3024
Epoch  0, val_loss: 0.0641, val_mae: 0.1880, val_mse: 0.1295, val_r2: -41014772888.0325, val_cc: 0.1953
Epoch  1, trian_loss: 0.0075, trian_mae: 0.0856, trian_mse:0.0150, trian_r2: -218.7287, trian_cc: 0.2953
Epoch  1, val_loss: 0.0065, val_mae: 0.0785, val_mse: 0.0129, val_r2: -231.9780, val_cc: 0.3022
Epoch  2, trian_loss: 0.0067, trian_mae: 0.0825, trian_mse:0.0134, trian_r2: -203.9376, trian_cc: 0.3618
Epoch  2, val_loss: 0.0065, val_mae: 0.0776, val_mse: 0.0130, val_r2: -322.1605, val_cc: 0.3323
Epoch  3, trian_loss: 0.0067, trian_mae: 0.0827, trian_mse:0.0134, trian_r2: -230.5097, trian_cc: 0.3758
Epoch  3, val_loss: 0.0065, val_mae: 0.0781, val_mse: 0.0130, val_r2: -138.9874, val_cc: 0.4140
Epoch  4, trian_loss: 0.0067, trian_mae: 0.0830, trian_mse:0.0134, trian_r2: -261.2766, trian_cc: 0.3745
Epoch  4, val_loss: 0.0062, val_mae: 0.0773, val_mse: 0.0124, val_r2: -187.1357, val_cc: 0.3813
Epoch  5, trian_loss: 0.0066, trian_mae: 0.0827, trian_mse:0.0133, trian_r2: -309.9451, trian_cc: 0.3947
Epoch  5, val_loss: 0.0063, val_mae: 0.0767, val_mse: 0.0127, val_r2: -309.9235, val_cc: 0.3992
Epoch  6, trian_loss: 0.0067, trian_mae: 0.0831, trian_mse:0.0134, trian_r2: -340.3695, trian_cc: 0.4060
Epoch  6, val_loss: 0.0063, val_mae: 0.0773, val_mse: 0.0125, val_r2: -277.8285, val_cc: 0.4165
Epoch  7, trian_loss: 0.0066, trian_mae: 0.0822, trian_mse:0.0132, trian_r2: -406.8905, trian_cc: 0.4231
Epoch  7, val_loss: 0.0063, val_mae: 0.0775, val_mse: 0.0127, val_r2: -186.6614, val_cc: 0.4355
Epoch  8, trian_loss: 0.0067, trian_mae: 0.0826, trian_mse:0.0133, trian_r2: -397.9791, trian_cc: 0.4262
Epoch  8, val_loss: 0.0064, val_mae: 0.0770, val_mse: 0.0127, val_r2: -298.6071, val_cc: 0.4340
Epoch  9, trian_loss: 0.0066, trian_mae: 0.0822, trian_mse:0.0132, trian_r2: -367.7637, trian_cc: 0.4297
Epoch  9, val_loss: 0.0062, val_mae: 0.0770, val_mse: 0.0123, val_r2: -246.7815, val_cc: 0.4409
Epoch 10, trian_loss: 0.0066, trian_mae: 0.0823, trian_mse:0.0132, trian_r2: -468.2895, trian_cc: 0.4390
Epoch 10, val_loss: 0.0062, val_mae: 0.0767, val_mse: 0.0125, val_r2: -382.7169, val_cc: 0.4255
Epoch 11, trian_loss: 0.0065, trian_mae: 0.0816, trian_mse:0.0130, trian_r2: -530.3868, trian_cc: 0.4391
Epoch 11, val_loss: 0.0062, val_mae: 0.0766, val_mse: 0.0125, val_r2: -304.9226, val_cc: 0.4455
Epoch 12, trian_loss: 0.0065, trian_mae: 0.0817, trian_mse:0.0130, trian_r2: -349.1252, trian_cc: 0.4496
Epoch 12, val_loss: 0.0063, val_mae: 0.0780, val_mse: 0.0126, val_r2: -336.6585, val_cc: 0.4383
Epoch 13, trian_loss: 0.0065, trian_mae: 0.0819, trian_mse:0.0130, trian_r2: -384.2577, trian_cc: 0.4530
Epoch 13, val_loss: 0.0062, val_mae: 0.0765, val_mse: 0.0123, val_r2: -264.7393, val_cc: 0.4586
Epoch 14, trian_loss: 0.0065, trian_mae: 0.0819, trian_mse:0.0130, trian_r2: -311.1129, trian_cc: 0.4570
Epoch 14, val_loss: 0.0061, val_mae: 0.0760, val_mse: 0.0122, val_r2: -220.3980, val_cc: 0.4497
Epoch 15, trian_loss: 0.0065, trian_mae: 0.0815, trian_mse:0.0129, trian_r2: -280.4476, trian_cc: 0.4526
Epoch 15, val_loss: 0.0061, val_mae: 0.0764, val_mse: 0.0122, val_r2: -149.7387, val_cc: 0.4423
Epoch 16, trian_loss: 0.0064, trian_mae: 0.0812, trian_mse:0.0128, trian_r2: -328.6603, trian_cc: 0.4493
Epoch 16, val_loss: 0.0062, val_mae: 0.0777, val_mse: 0.0124, val_r2: -266.0469, val_cc: 0.4474
Epoch 17, trian_loss: 0.0063, trian_mae: 0.0810, trian_mse:0.0127, trian_r2: -213.4452, trian_cc: 0.4747
Epoch 17, val_loss: 0.0062, val_mae: 0.0772, val_mse: 0.0124, val_r2: -194.6138, val_cc: 0.4198
Epoch 18, trian_loss: 0.0063, trian_mae: 0.0806, trian_mse:0.0126, trian_r2: -199.6812, trian_cc: 0.4553
Epoch 18, val_loss: 0.0066, val_mae: 0.0785, val_mse: 0.0131, val_r2: -668.2737, val_cc: 0.4169
Epoch 19, trian_loss: 0.0063, trian_mae: 0.0811, trian_mse:0.0127, trian_r2: -353.1283, trian_cc: 0.4672
Epoch 19, val_loss: 0.0060, val_mae: 0.0751, val_mse: 0.0120, val_r2: -125.5691, val_cc: 0.4470
Epoch 20, trian_loss: 0.0063, trian_mae: 0.0810, trian_mse:0.0127, trian_r2: -171.0393, trian_cc: 0.4691
Epoch 20, val_loss: 0.0061, val_mae: 0.0761, val_mse: 0.0121, val_r2: -212.5415, val_cc: 0.4390
Epoch 21, trian_loss: 0.0063, trian_mae: 0.0808, trian_mse:0.0125, trian_r2: -125.8214, trian_cc: 0.4604
Epoch 21, val_loss: 0.0060, val_mae: 0.0753, val_mse: 0.0120, val_r2: -170.1023, val_cc: 0.4335
Epoch 22, trian_loss: 0.0062, trian_mae: 0.0807, trian_mse:0.0125, trian_r2: -112.8769, trian_cc: 0.4769
Epoch 22, val_loss: 0.0060, val_mae: 0.0749, val_mse: 0.0121, val_r2: -131.6208, val_cc: 0.4414
Epoch 23, trian_loss: 0.0062, trian_mae: 0.0797, trian_mse:0.0123, trian_r2: -111.0875, trian_cc: 0.4683
Epoch 23, val_loss: 0.0060, val_mae: 0.0771, val_mse: 0.0121, val_r2: -107.8190, val_cc: 0.4254
Epoch 24, trian_loss: 0.0063, trian_mae: 0.0812, trian_mse:0.0125, trian_r2: -105.0383, trian_cc: 0.4616
Epoch 24, val_loss: 0.0060, val_mae: 0.0779, val_mse: 0.0120, val_r2: -173.8301, val_cc: 0.4055
Epoch 25, trian_loss: 0.0061, trian_mae: 0.0796, trian_mse:0.0122, trian_r2: -99.8972, trian_cc: 0.4540
Epoch 25, val_loss: 0.0061, val_mae: 0.0777, val_mse: 0.0122, val_r2: -220.9289, val_cc: 0.3920
Epoch 26, trian_loss: 0.0060, trian_mae: 0.0790, trian_mse:0.0120, trian_r2: -76.5877, trian_cc: 0.4616
Epoch 26, val_loss: 0.0059, val_mae: 0.0748, val_mse: 0.0118, val_r2: -129.5868, val_cc: 0.3954
Epoch 27, trian_loss: 0.0059, trian_mae: 0.0789, trian_mse:0.0119, trian_r2: -65.4981, trian_cc: 0.4575
Epoch 27, val_loss: 0.0060, val_mae: 0.0769, val_mse: 0.0120, val_r2: -163.1254, val_cc: 0.3702
Epoch 28, trian_loss: 0.0058, trian_mae: 0.0783, trian_mse:0.0117, trian_r2: -67.5106, trian_cc: 0.4510
Epoch 28, val_loss: 0.0065, val_mae: 0.0765, val_mse: 0.0131, val_r2: -134.3460, val_cc: 0.3259
Epoch 29, trian_loss: 0.0060, trian_mae: 0.0786, trian_mse:0.0120, trian_r2: -66.5874, trian_cc: 0.4528
Epoch 29, val_loss: 0.0060, val_mae: 0.0755, val_mse: 0.0119, val_r2: -112.7531, val_cc: 0.4350
Epoch 30, trian_loss: 0.0058, trian_mae: 0.0783, trian_mse:0.0117, trian_r2: -61.0764, trian_cc: 0.4570
Epoch 30, val_loss: 0.0061, val_mae: 0.0744, val_mse: 0.0123, val_r2: -82.9680, val_cc: 0.3695
Epoch 31, trian_loss: 0.0055, trian_mae: 0.0758, trian_mse:0.0110, trian_r2: -44.8469, trian_cc: 0.4430
Epoch 31, val_loss: 0.0063, val_mae: 0.0750, val_mse: 0.0125, val_r2: -82.7785, val_cc: 0.3676
Epoch 32, trian_loss: 0.0054, trian_mae: 0.0751, trian_mse:0.0107, trian_r2: -49.4460, trian_cc: 0.4591
Epoch 32, val_loss: 0.0062, val_mae: 0.0758, val_mse: 0.0123, val_r2: -61.7739, val_cc: 0.3495
Epoch 33, trian_loss: 0.0053, trian_mae: 0.0748, trian_mse:0.0106, trian_r2: -36.6982, trian_cc: 0.4519
Epoch 33, val_loss: 0.0063, val_mae: 0.0777, val_mse: 0.0125, val_r2: -83.5797, val_cc: 0.3181
Epoch 34, trian_loss: 0.0050, trian_mae: 0.0731, trian_mse:0.0100, trian_r2: -34.1322, trian_cc: 0.4535
Epoch 34, val_loss: 0.0065, val_mae: 0.0773, val_mse: 0.0129, val_r2: -87.8058, val_cc: 0.2922
Epoch 35, trian_loss: 0.0049, trian_mae: 0.0724, trian_mse:0.0098, trian_r2: -38.6568, trian_cc: 0.4634
Epoch 35, val_loss: 0.0065, val_mae: 0.0765, val_mse: 0.0130, val_r2: -76.2551, val_cc: 0.3102
Epoch 36, trian_loss: 0.0048, trian_mae: 0.0714, trian_mse:0.0095, trian_r2: -32.6240, trian_cc: 0.4712
Epoch 36, val_loss: 0.0065, val_mae: 0.0766, val_mse: 0.0130, val_r2: -67.2783, val_cc: 0.3124
Epoch 37, trian_loss: 0.0046, trian_mae: 0.0704, trian_mse:0.0091, trian_r2: -25.1899, trian_cc: 0.4778
Epoch 37, val_loss: 0.0064, val_mae: 0.0754, val_mse: 0.0128, val_r2: -92.0713, val_cc: 0.3171
Epoch 38, trian_loss: 0.0044, trian_mae: 0.0698, trian_mse:0.0089, trian_r2: -27.2998, trian_cc: 0.4882
Epoch 38, val_loss: 0.0062, val_mae: 0.0756, val_mse: 0.0125, val_r2: -48.6714, val_cc: 0.3535
Epoch 39, trian_loss: 0.0045, trian_mae: 0.0701, trian_mse:0.0090, trian_r2: -28.7108, trian_cc: 0.4790
Epoch 39, val_loss: 0.0065, val_mae: 0.0762, val_mse: 0.0130, val_r2: -66.9385, val_cc: 0.2896
Epoch 40, trian_loss: 0.0044, trian_mae: 0.0692, trian_mse:0.0088, trian_r2: -26.0781, trian_cc: 0.4964
Epoch 40, val_loss: 0.0062, val_mae: 0.0774, val_mse: 0.0124, val_r2: -51.6833, val_cc: 0.3065
Epoch 41, trian_loss: 0.0044, trian_mae: 0.0684, trian_mse:0.0088, trian_r2: -20.2509, trian_cc: 0.4830
Epoch 41, val_loss: 0.0065, val_mae: 0.0768, val_mse: 0.0130, val_r2: -78.8339, val_cc: 0.2928
Epoch 42, trian_loss: 0.0041, trian_mae: 0.0671, trian_mse:0.0081, trian_r2: -20.8823, trian_cc: 0.5014
Epoch 42, val_loss: 0.0065, val_mae: 0.0788, val_mse: 0.0129, val_r2: -42.0720, val_cc: 0.2883
Epoch 43, trian_loss: 0.0038, trian_mae: 0.0651, trian_mse:0.0077, trian_r2: -15.9622, trian_cc: 0.5063
Epoch 43, val_loss: 0.0064, val_mae: 0.0790, val_mse: 0.0129, val_r2: -22.1095, val_cc: 0.2814
Epoch 44, trian_loss: 0.0038, trian_mae: 0.0652, trian_mse:0.0076, trian_r2: -15.0496, trian_cc: 0.5159
Epoch 44, val_loss: 0.0063, val_mae: 0.0752, val_mse: 0.0127, val_r2: -47.6594, val_cc: 0.3199
Epoch 45, trian_loss: 0.0037, trian_mae: 0.0641, trian_mse:0.0074, trian_r2: -15.7584, trian_cc: 0.5181
Epoch 45, val_loss: 0.0063, val_mae: 0.0765, val_mse: 0.0125, val_r2: -52.8217, val_cc: 0.2954
Epoch 46, trian_loss: 0.0037, trian_mae: 0.0643, trian_mse:0.0073, trian_r2: -13.4934, trian_cc: 0.5295
Epoch 46, val_loss: 0.0065, val_mae: 0.0792, val_mse: 0.0130, val_r2: -27.2757, val_cc: 0.2386
Epoch 47, trian_loss: 0.0035, trian_mae: 0.0626, trian_mse:0.0070, trian_r2: -11.6567, trian_cc: 0.5285
Epoch 47, val_loss: 0.0065, val_mae: 0.0774, val_mse: 0.0131, val_r2: -36.4714, val_cc: 0.2432
Epoch 48, trian_loss: 0.0033, trian_mae: 0.0614, trian_mse:0.0067, trian_r2: -10.2377, trian_cc: 0.5410
Epoch 48, val_loss: 0.0064, val_mae: 0.0761, val_mse: 0.0129, val_r2: -26.3796, val_cc: 0.3148
Epoch 49, trian_loss: 0.0034, trian_mae: 0.0613, trian_mse:0.0067, trian_r2: -10.9616, trian_cc: 0.5452
Epoch 49, val_loss: 0.0066, val_mae: 0.0809, val_mse: 0.0133, val_r2: -20.8433, val_cc: 0.2361
Epoch 50, trian_loss: 0.0033, trian_mae: 0.0610, trian_mse:0.0066, trian_r2: -10.2534, trian_cc: 0.5543
Epoch 50, val_loss: 0.0065, val_mae: 0.0763, val_mse: 0.0130, val_r2: -38.0296, val_cc: 0.2702
Epoch 51, trian_loss: 0.0032, trian_mae: 0.0601, trian_mse:0.0063, trian_r2: -10.0230, trian_cc: 0.5556
Epoch 51, val_loss: 0.0066, val_mae: 0.0777, val_mse: 0.0132, val_r2: -72.9886, val_cc: 0.2523
Epoch 52, trian_loss: 0.0032, trian_mae: 0.0605, trian_mse:0.0065, trian_r2: -10.4565, trian_cc: 0.5645
Epoch 52, val_loss: 0.0068, val_mae: 0.0770, val_mse: 0.0137, val_r2: -44.2368, val_cc: 0.2711
Epoch 53, trian_loss: 0.0031, trian_mae: 0.0596, trian_mse:0.0062, trian_r2: -9.0838, trian_cc: 0.5620
Epoch 53, val_loss: 0.0069, val_mae: 0.0807, val_mse: 0.0137, val_r2: -10.7549, val_cc: 0.2457
Epoch 54, trian_loss: 0.0029, trian_mae: 0.0577, trian_mse:0.0058, trian_r2: -7.4330, trian_cc: 0.5741
Epoch 54, val_loss: 0.0066, val_mae: 0.0820, val_mse: 0.0132, val_r2: -30.3508, val_cc: 0.2541
Epoch 55, trian_loss: 0.0028, trian_mae: 0.0565, trian_mse:0.0055, trian_r2: -5.7828, trian_cc: 0.5831
Epoch 55, val_loss: 0.0066, val_mae: 0.0789, val_mse: 0.0132, val_r2: -24.1325, val_cc: 0.2509
Epoch 56, trian_loss: 0.0028, trian_mae: 0.0570, trian_mse:0.0057, trian_r2: -5.9554, trian_cc: 0.5840
Epoch 56, val_loss: 0.0066, val_mae: 0.0783, val_mse: 0.0133, val_r2: -10.9860, val_cc: 0.2562
Epoch 57, trian_loss: 0.0026, trian_mae: 0.0545, trian_mse:0.0051, trian_r2: -4.7211, trian_cc: 0.6035
Epoch 57, val_loss: 0.0067, val_mae: 0.0776, val_mse: 0.0134, val_r2: -12.9398, val_cc: 0.2685
Epoch 58, trian_loss: 0.0026, trian_mae: 0.0548, trian_mse:0.0052, trian_r2: -4.2979, trian_cc: 0.6112
Epoch 58, val_loss: 0.0071, val_mae: 0.0805, val_mse: 0.0141, val_r2: -7.5289, val_cc: 0.2690
Epoch 59, trian_loss: 0.0027, trian_mae: 0.0554, trian_mse:0.0055, trian_r2: -4.7248, trian_cc: 0.6155
Epoch 59, val_loss: 0.0066, val_mae: 0.0785, val_mse: 0.0132, val_r2: -11.8733, val_cc: 0.2603
Epoch 60, trian_loss: 0.0022, trian_mae: 0.0511, trian_mse:0.0045, trian_r2: -3.0457, trian_cc: 0.6420
Epoch 60, val_loss: 0.0067, val_mae: 0.0790, val_mse: 0.0134, val_r2: -7.8490, val_cc: 0.2966
Epoch 61, trian_loss: 0.0022, trian_mae: 0.0506, trian_mse:0.0044, trian_r2: -2.7372, trian_cc: 0.6512
Epoch 61, val_loss: 0.0070, val_mae: 0.0779, val_mse: 0.0139, val_r2: -12.9845, val_cc: 0.2629
Epoch 62, trian_loss: 0.0022, trian_mae: 0.0509, trian_mse:0.0044, trian_r2: -2.0586, trian_cc: 0.6575
Epoch 62, val_loss: 0.0063, val_mae: 0.0768, val_mse: 0.0126, val_r2: -12.0478, val_cc: 0.3401
Epoch 63, trian_loss: 0.0022, trian_mae: 0.0509, trian_mse:0.0044, trian_r2: -2.1500, trian_cc: 0.6664
Epoch 63, val_loss: 0.0066, val_mae: 0.0786, val_mse: 0.0132, val_r2: -11.5875, val_cc: 0.2897
Epoch 64, trian_loss: 0.0019, trian_mae: 0.0474, trian_mse:0.0039, trian_r2: -1.4208, trian_cc: 0.6921
Epoch 64, val_loss: 0.0068, val_mae: 0.0781, val_mse: 0.0136, val_r2: -7.1165, val_cc: 0.3161
Epoch 65, trian_loss: 0.0019, trian_mae: 0.0470, trian_mse:0.0038, trian_r2: -1.3573, trian_cc: 0.7020
Epoch 65, val_loss: 0.0065, val_mae: 0.0783, val_mse: 0.0131, val_r2: -8.8714, val_cc: 0.2962
Epoch 66, trian_loss: 0.0020, trian_mae: 0.0483, trian_mse:0.0041, trian_r2: -1.4703, trian_cc: 0.7052
Epoch 66, val_loss: 0.0065, val_mae: 0.0754, val_mse: 0.0130, val_r2: -20.1812, val_cc: 0.3055
Epoch 67, trian_loss: 0.0022, trian_mae: 0.0496, trian_mse:0.0045, trian_r2: -1.4696, trian_cc: 0.7082
Epoch 67, val_loss: 0.0069, val_mae: 0.0767, val_mse: 0.0139, val_r2: -21.9800, val_cc: 0.3003
Epoch 68, trian_loss: 0.0017, trian_mae: 0.0449, trian_mse:0.0034, trian_r2: -0.9468, trian_cc: 0.7293
Epoch 68, val_loss: 0.0070, val_mae: 0.0765, val_mse: 0.0139, val_r2: -12.1997, val_cc: 0.3335
Epoch 69, trian_loss: 0.0016, trian_mae: 0.0436, trian_mse:0.0032, trian_r2: -0.7777, trian_cc: 0.7446
Epoch 69, val_loss: 0.0069, val_mae: 0.0759, val_mse: 0.0138, val_r2: -11.2745, val_cc: 0.3221
Epoch 70, trian_loss: 0.0017, trian_mae: 0.0446, trian_mse:0.0035, trian_r2: -0.7403, trian_cc: 0.7463
Epoch 70, val_loss: 0.0073, val_mae: 0.0789, val_mse: 0.0147, val_r2: -9.4438, val_cc: 0.3254
Epoch 71, trian_loss: 0.0018, trian_mae: 0.0450, trian_mse:0.0036, trian_r2: -0.7897, trian_cc: 0.7512
Epoch 71, val_loss: 0.0065, val_mae: 0.0748, val_mse: 0.0129, val_r2: -6.0560, val_cc: 0.3400
Epoch 72, trian_loss: 0.0016, trian_mae: 0.0432, trian_mse:0.0033, trian_r2: -0.6786, trian_cc: 0.7590
Epoch 72, val_loss: 0.0064, val_mae: 0.0743, val_mse: 0.0128, val_r2: -6.4411, val_cc: 0.3493
Epoch 73, trian_loss: 0.0016, trian_mae: 0.0430, trian_mse:0.0033, trian_r2: -0.5363, trian_cc: 0.7689
Epoch 73, val_loss: 0.0065, val_mae: 0.0750, val_mse: 0.0130, val_r2: -5.5827, val_cc: 0.3630
Epoch 74, trian_loss: 0.0016, trian_mae: 0.0426, trian_mse:0.0031, trian_r2: -0.5917, trian_cc: 0.7713
Epoch 74, val_loss: 0.0067, val_mae: 0.0754, val_mse: 0.0133, val_r2: -5.0359, val_cc: 0.3411
Epoch 75, trian_loss: 0.0015, trian_mae: 0.0411, trian_mse:0.0030, trian_r2: -0.4799, trian_cc: 0.7803
Epoch 75, val_loss: 0.0069, val_mae: 0.0784, val_mse: 0.0137, val_r2: -3.7490, val_cc: 0.3661
Epoch 76, trian_loss: 0.0015, trian_mae: 0.0422, trian_mse:0.0031, trian_r2: -0.4548, trian_cc: 0.7790
Epoch 76, val_loss: 0.0066, val_mae: 0.0736, val_mse: 0.0132, val_r2: -8.1658, val_cc: 0.3570
Epoch 77, trian_loss: 0.0017, trian_mae: 0.0426, trian_mse:0.0033, trian_r2: -0.5118, trian_cc: 0.7843
Epoch 77, val_loss: 0.0062, val_mae: 0.0732, val_mse: 0.0123, val_r2: -6.4536, val_cc: 0.3779
Epoch 78, trian_loss: 0.0015, trian_mae: 0.0407, trian_mse:0.0029, trian_r2: -0.5167, trian_cc: 0.7950
Epoch 78, val_loss: 0.0067, val_mae: 0.0735, val_mse: 0.0134, val_r2: -6.5555, val_cc: 0.3658
Epoch 79, trian_loss: 0.0014, trian_mae: 0.0405, trian_mse:0.0029, trian_r2: -0.2987, trian_cc: 0.8007
Epoch 79, val_loss: 0.0071, val_mae: 0.0766, val_mse: 0.0142, val_r2: -8.4361, val_cc: 0.3643
Epoch 80, trian_loss: 0.0014, trian_mae: 0.0403, trian_mse:0.0029, trian_r2: -0.4278, trian_cc: 0.8022
Epoch 80, val_loss: 0.0064, val_mae: 0.0730, val_mse: 0.0129, val_r2: -4.9084, val_cc: 0.3857
Epoch 81, trian_loss: 0.0014, trian_mae: 0.0393, trian_mse:0.0028, trian_r2: -0.2158, trian_cc: 0.8108
Epoch 81, val_loss: 0.0068, val_mae: 0.0765, val_mse: 0.0135, val_r2: -5.0496, val_cc: 0.4025
Epoch 82, trian_loss: 0.0014, trian_mae: 0.0393, trian_mse:0.0027, trian_r2: -0.1436, trian_cc: 0.8145
Epoch 82, val_loss: 0.0063, val_mae: 0.0735, val_mse: 0.0126, val_r2: -4.9045, val_cc: 0.3850
Epoch 83, trian_loss: 0.0013, trian_mae: 0.0386, trian_mse:0.0027, trian_r2: -0.2676, trian_cc: 0.8140
Epoch 83, val_loss: 0.0061, val_mae: 0.0711, val_mse: 0.0122, val_r2: -7.0669, val_cc: 0.3899
Epoch 84, trian_loss: 0.0013, trian_mae: 0.0391, trian_mse:0.0027, trian_r2: -0.4972, trian_cc: 0.8181
Epoch 84, val_loss: 0.0069, val_mae: 0.0736, val_mse: 0.0139, val_r2: -12.3724, val_cc: 0.3813
Epoch 85, trian_loss: 0.0013, trian_mae: 0.0382, trian_mse:0.0026, trian_r2: -0.0272, trian_cc: 0.8216
Epoch 85, val_loss: 0.0076, val_mae: 0.0787, val_mse: 0.0153, val_r2: -9.2514, val_cc: 0.3539
Epoch 86, trian_loss: 0.0014, trian_mae: 0.0396, trian_mse:0.0029, trian_r2: -0.3997, trian_cc: 0.8198
Epoch 86, val_loss: 0.0068, val_mae: 0.0761, val_mse: 0.0135, val_r2: -3.4397, val_cc: 0.3770
Epoch 87, trian_loss: 0.0011, trian_mae: 0.0356, trian_mse:0.0022, trian_r2: -0.1406, trian_cc: 0.8394
Epoch 87, val_loss: 0.0064, val_mae: 0.0739, val_mse: 0.0129, val_r2: -4.0209, val_cc: 0.3965
Epoch 88, trian_loss: 0.0012, trian_mae: 0.0362, trian_mse:0.0023, trian_r2: -0.1191, trian_cc: 0.8400
Epoch 88, val_loss: 0.0062, val_mae: 0.0732, val_mse: 0.0124, val_r2: -4.0599, val_cc: 0.3950
Epoch 89, trian_loss: 0.0013, trian_mae: 0.0382, trian_mse:0.0026, trian_r2: -0.0866, trian_cc: 0.8327
Epoch 89, val_loss: 0.0072, val_mae: 0.0761, val_mse: 0.0144, val_r2: -7.1714, val_cc: 0.3748
Epoch 90, trian_loss: 0.0013, trian_mae: 0.0376, trian_mse:0.0026, trian_r2: -0.0292, trian_cc: 0.8383
Epoch 90, val_loss: 0.0062, val_mae: 0.0721, val_mse: 0.0125, val_r2: -4.3658, val_cc: 0.4049
Epoch 91, trian_loss: 0.0011, trian_mae: 0.0353, trian_mse:0.0022, trian_r2: 0.0028, trian_cc: 0.8479
Epoch 91, val_loss: 0.0062, val_mae: 0.0715, val_mse: 0.0123, val_r2: -4.7324, val_cc: 0.3987
Epoch 92, trian_loss: 0.0011, trian_mae: 0.0361, trian_mse:0.0023, trian_r2: -0.0421, trian_cc: 0.8439
Epoch 92, val_loss: 0.0062, val_mae: 0.0716, val_mse: 0.0124, val_r2: -5.1712, val_cc: 0.4009
Epoch 93, trian_loss: 0.0011, trian_mae: 0.0355, trian_mse:0.0022, trian_r2: -0.0181, trian_cc: 0.8480
Epoch 93, val_loss: 0.0062, val_mae: 0.0711, val_mse: 0.0125, val_r2: -4.6102, val_cc: 0.3926
Epoch 94, trian_loss: 0.0012, trian_mae: 0.0353, trian_mse:0.0023, trian_r2: 0.0870, trian_cc: 0.8523
Epoch 94, val_loss: 0.0063, val_mae: 0.0715, val_mse: 0.0127, val_r2: -5.0081, val_cc: 0.3985
Epoch 95, trian_loss: 0.0011, trian_mae: 0.0346, trian_mse:0.0022, trian_r2: 0.0674, trian_cc: 0.8583
Epoch 95, val_loss: 0.0064, val_mae: 0.0726, val_mse: 0.0128, val_r2: -4.6445, val_cc: 0.3961
Epoch 96, trian_loss: 0.0010, trian_mae: 0.0335, trian_mse:0.0020, trian_r2: 0.1767, trian_cc: 0.8632
Epoch 96, val_loss: 0.0076, val_mae: 0.0765, val_mse: 0.0151, val_r2: -12.9918, val_cc: 0.3691
Epoch 97, trian_loss: 0.0011, trian_mae: 0.0345, trian_mse:0.0022, trian_r2: 0.1493, trian_cc: 0.8614
Epoch 97, val_loss: 0.0063, val_mae: 0.0722, val_mse: 0.0125, val_r2: -4.3075, val_cc: 0.4052
Epoch 98, trian_loss: 0.0011, trian_mae: 0.0352, trian_mse:0.0023, trian_r2: 0.0829, trian_cc: 0.8609
Epoch 98, val_loss: 0.0064, val_mae: 0.0748, val_mse: 0.0128, val_r2: -3.0690, val_cc: 0.4103
Epoch 99, trian_loss: 0.0011, trian_mae: 0.0346, trian_mse:0.0022, trian_r2: 0.1736, trian_cc: 0.8640
Epoch 99, val_loss: 0.0064, val_mae: 0.0764, val_mse: 0.0128, val_r2: -2.7721, val_cc: 0.4293
