Trian Data: 515   Validation Data: 172  Test Data: 172
model ResNet_2D(
  (conv1): Sequential(
    (0): Conv2d(437, 64, kernel_size=(3, 3), stride=(1, 1), padding=(1, 1), bias=False)
    (1): BatchNorm2d(64, eps=1e-05, momentum=0.1, affine=True, track_running_stats=True)
  )
  (layer1): Sequential(
    (0): BasicBlock(
      (conv1): Conv2d(64, 64, kernel_size=(3, 3), stride=(1, 1), padding=(1, 1), bias=False)
      (bn1): BatchNorm2d(64, eps=1e-05, momentum=0.1, affine=True, track_running_stats=True)
      (conv2): Conv2d(64, 64, kernel_size=(3, 3), stride=(1, 1), padding=(1, 1), bias=False)
      (bn2): BatchNorm2d(64, eps=1e-05, momentum=0.1, affine=True, track_running_stats=True)
      (shortcut): Sequential()
    )
    (1): BasicBlock(
      (conv1): Conv2d(64, 64, kernel_size=(3, 3), stride=(1, 1), padding=(1, 1), bias=False)
      (bn1): BatchNorm2d(64, eps=1e-05, momentum=0.1, affine=True, track_running_stats=True)
      (conv2): Conv2d(64, 64, kernel_size=(3, 3), stride=(1, 1), padding=(1, 1), bias=False)
      (bn2): BatchNorm2d(64, eps=1e-05, momentum=0.1, affine=True, track_running_stats=True)
      (shortcut): Sequential()
    )
  )
  (layer2): Sequential(
    (0): BasicBlock(
      (conv1): Conv2d(64, 64, kernel_size=(3, 3), stride=(1, 1), padding=(1, 1), bias=False)
      (bn1): BatchNorm2d(64, eps=1e-05, momentum=0.1, affine=True, track_running_stats=True)
      (conv2): Conv2d(64, 64, kernel_size=(3, 3), stride=(1, 1), padding=(1, 1), bias=False)
      (bn2): BatchNorm2d(64, eps=1e-05, momentum=0.1, affine=True, track_running_stats=True)
      (shortcut): Sequential()
    )
    (1): BasicBlock(
      (conv1): Conv2d(64, 64, kernel_size=(3, 3), stride=(1, 1), padding=(1, 1), bias=False)
      (bn1): BatchNorm2d(64, eps=1e-05, momentum=0.1, affine=True, track_running_stats=True)
      (conv2): Conv2d(64, 64, kernel_size=(3, 3), stride=(1, 1), padding=(1, 1), bias=False)
      (bn2): BatchNorm2d(64, eps=1e-05, momentum=0.1, affine=True, track_running_stats=True)
      (shortcut): Sequential()
    )
  )
  (layer3): Sequential(
    (0): BasicBlock(
      (conv1): Conv2d(64, 64, kernel_size=(3, 3), stride=(1, 1), padding=(1, 1), bias=False)
      (bn1): BatchNorm2d(64, eps=1e-05, momentum=0.1, affine=True, track_running_stats=True)
      (conv2): Conv2d(64, 64, kernel_size=(3, 3), stride=(1, 1), padding=(1, 1), bias=False)
      (bn2): BatchNorm2d(64, eps=1e-05, momentum=0.1, affine=True, track_running_stats=True)
      (shortcut): Sequential()
    )
    (1): BasicBlock(
      (conv1): Conv2d(64, 64, kernel_size=(3, 3), stride=(1, 1), padding=(1, 1), bias=False)
      (bn1): BatchNorm2d(64, eps=1e-05, momentum=0.1, affine=True, track_running_stats=True)
      (conv2): Conv2d(64, 64, kernel_size=(3, 3), stride=(1, 1), padding=(1, 1), bias=False)
      (bn2): BatchNorm2d(64, eps=1e-05, momentum=0.1, affine=True, track_running_stats=True)
      (shortcut): Sequential()
    )
  )
  (layer4): Sequential(
    (0): BasicBlock(
      (conv1): Conv2d(64, 64, kernel_size=(3, 3), stride=(1, 1), padding=(1, 1), bias=False)
      (bn1): BatchNorm2d(64, eps=1e-05, momentum=0.1, affine=True, track_running_stats=True)
      (conv2): Conv2d(64, 64, kernel_size=(3, 3), stride=(1, 1), padding=(1, 1), bias=False)
      (bn2): BatchNorm2d(64, eps=1e-05, momentum=0.1, affine=True, track_running_stats=True)
      (shortcut): Sequential()
    )
    (1): BasicBlock(
      (conv1): Conv2d(64, 64, kernel_size=(3, 3), stride=(1, 1), padding=(1, 1), bias=False)
      (bn1): BatchNorm2d(64, eps=1e-05, momentum=0.1, affine=True, track_running_stats=True)
      (conv2): Conv2d(64, 64, kernel_size=(3, 3), stride=(1, 1), padding=(1, 1), bias=False)
      (bn2): BatchNorm2d(64, eps=1e-05, momentum=0.1, affine=True, track_running_stats=True)
      (shortcut): Sequential()
    )
    (2): BasicBlock(
      (conv1): Conv2d(64, 64, kernel_size=(3, 3), stride=(1, 1), padding=(1, 1), bias=False)
      (bn1): BatchNorm2d(64, eps=1e-05, momentum=0.1, affine=True, track_running_stats=True)
      (conv2): Conv2d(64, 64, kernel_size=(3, 3), stride=(1, 1), padding=(1, 1), bias=False)
      (bn2): BatchNorm2d(64, eps=1e-05, momentum=0.1, affine=True, track_running_stats=True)
      (shortcut): Sequential()
    )
  )
  (conv2): Sequential(
    (0): Conv2d(64, 32, kernel_size=(3, 3), stride=(1, 1), padding=(1, 1))
    (1): BatchNorm2d(32, eps=1e-05, momentum=0.1, affine=True, track_running_stats=True)
  )
  (conv3): Sequential(
    (0): Conv2d(32, 16, kernel_size=(3, 3), stride=(1, 1), padding=(1, 1))
    (1): BatchNorm2d(16, eps=1e-05, momentum=0.1, affine=True, track_running_stats=True)
  )
  (conv4): Sequential(
    (0): Conv2d(16, 1, kernel_size=(3, 3), stride=(1, 1), padding=(1, 1))
    (1): BatchNorm2d(1, eps=1e-05, momentum=0.1, affine=True, track_running_stats=True)
  )
)
Epoch  0, trian_loss: 0.0288, trian_mae: 0.1433, trian_mse:0.0586, trian_r2: -2.6188, trian_cc: -0.0016
Epoch  0, val_loss: 0.0098, val_mae: 0.0900, val_mse: 0.0199, val_r2: -7.9195, val_cc: -0.0024
Epoch  1, trian_loss: 0.0082, trian_mae: 0.0921, trian_mse:0.0163, trian_r2: -116.8165, trian_cc: -0.0146
Epoch  1, val_loss: 0.0068, val_mae: 0.0825, val_mse: 0.0135, val_r2: -147.5767, val_cc: -0.0134
Epoch  2, trian_loss: 0.0075, trian_mae: 0.0884, trian_mse:0.0150, trian_r2: -176.3419, trian_cc: -0.0137
Epoch  2, val_loss: 0.0069, val_mae: 0.0817, val_mse: 0.0139, val_r2: -226.8886, val_cc: -0.0067
Epoch  3, trian_loss: 0.0074, trian_mae: 0.0881, trian_mse:0.0149, trian_r2: -238.1342, trian_cc: -0.0067
Epoch  3, val_loss: 0.0068, val_mae: 0.0809, val_mse: 0.0136, val_r2: -264.0257, val_cc: 0.0024
Epoch  4, trian_loss: 0.0074, trian_mae: 0.0876, trian_mse:0.0149, trian_r2: -283.6826, trian_cc: -0.0038
Epoch  4, val_loss: 0.0067, val_mae: 0.0807, val_mse: 0.0134, val_r2: -332.3826, val_cc: 0.0073
Epoch  5, trian_loss: 0.0074, trian_mae: 0.0874, trian_mse:0.0147, trian_r2: -374.9749, trian_cc: 0.0030
Epoch  5, val_loss: 0.0067, val_mae: 0.0814, val_mse: 0.0134, val_r2: -615.9133, val_cc: 0.0177
Epoch  6, trian_loss: 0.0074, trian_mae: 0.0874, trian_mse:0.0148, trian_r2: -516.5120, trian_cc: 0.0094
Epoch  6, val_loss: 0.0067, val_mae: 0.0811, val_mse: 0.0134, val_r2: -518.1212, val_cc: 0.0146
Epoch  7, trian_loss: 0.0073, trian_mae: 0.0870, trian_mse:0.0147, trian_r2: -616.0680, trian_cc: 0.0162
Epoch  7, val_loss: 0.0067, val_mae: 0.0808, val_mse: 0.0134, val_r2: -733.0726, val_cc: 0.0335
Epoch  8, trian_loss: 0.0073, trian_mae: 0.0871, trian_mse:0.0146, trian_r2: -751.4517, trian_cc: 0.0235
Epoch  8, val_loss: 0.0066, val_mae: 0.0816, val_mse: 0.0133, val_r2: -731.8195, val_cc: 0.0270
Epoch  9, trian_loss: 0.0073, trian_mae: 0.0869, trian_mse:0.0146, trian_r2: -792.1947, trian_cc: 0.0255
Epoch  9, val_loss: 0.0066, val_mae: 0.0811, val_mse: 0.0133, val_r2: -1903.7638, val_cc: 0.0424
Epoch 10, trian_loss: 0.0073, trian_mae: 0.0869, trian_mse:0.0146, trian_r2: -1034.6694, trian_cc: 0.0378
Epoch 10, val_loss: 0.0066, val_mae: 0.0819, val_mse: 0.0132, val_r2: -1282.3234, val_cc: 0.0535
Epoch 11, trian_loss: 0.0073, trian_mae: 0.0871, trian_mse:0.0146, trian_r2: -1321.0037, trian_cc: 0.0418
Epoch 11, val_loss: 0.0067, val_mae: 0.0806, val_mse: 0.0133, val_r2: -1648.7148, val_cc: 0.0532
Epoch 12, trian_loss: 0.0073, trian_mae: 0.0873, trian_mse:0.0147, trian_r2: -981.4312, trian_cc: 0.0409
Epoch 12, val_loss: 0.0066, val_mae: 0.0818, val_mse: 0.0132, val_r2: -884.3807, val_cc: 0.0413
Epoch 13, trian_loss: 0.0073, trian_mae: 0.0870, trian_mse:0.0145, trian_r2: -1681.0546, trian_cc: 0.0486
Epoch 13, val_loss: 0.0066, val_mae: 0.0816, val_mse: 0.0132, val_r2: -1331.7685, val_cc: 0.0529
Epoch 14, trian_loss: 0.0073, trian_mae: 0.0869, trian_mse:0.0146, trian_r2: -1397.2846, trian_cc: 0.0396
Epoch 14, val_loss: 0.0067, val_mae: 0.0819, val_mse: 0.0133, val_r2: -1385.5415, val_cc: 0.0457
Epoch 15, trian_loss: 0.0073, trian_mae: 0.0869, trian_mse:0.0145, trian_r2: -2035.2248, trian_cc: 0.0462
Epoch 15, val_loss: 0.0066, val_mae: 0.0829, val_mse: 0.0133, val_r2: -1253.4512, val_cc: 0.0336
Epoch 16, trian_loss: 0.0074, trian_mae: 0.0876, trian_mse:0.0148, trian_r2: -2314.8395, trian_cc: 0.0414
Epoch 16, val_loss: 0.0067, val_mae: 0.0813, val_mse: 0.0133, val_r2: -2347.1312, val_cc: 0.0455
Epoch 17, trian_loss: 0.0071, trian_mae: 0.0861, trian_mse:0.0143, trian_r2: -2168.3364, trian_cc: 0.0494
Epoch 17, val_loss: 0.0066, val_mae: 0.0809, val_mse: 0.0133, val_r2: -2786.2033, val_cc: 0.0574
Epoch 18, trian_loss: 0.0071, trian_mae: 0.0860, trian_mse:0.0142, trian_r2: -1486.1274, trian_cc: 0.0475
Epoch 18, val_loss: 0.0066, val_mae: 0.0812, val_mse: 0.0132, val_r2: -3078.4716, val_cc: 0.0586
Epoch 19, trian_loss: 0.0071, trian_mae: 0.0860, trian_mse:0.0142, trian_r2: -1410.6000, trian_cc: 0.0628
Epoch 19, val_loss: 0.0066, val_mae: 0.0814, val_mse: 0.0133, val_r2: -2646.8560, val_cc: 0.0497
Epoch 20, trian_loss: 0.0071, trian_mae: 0.0858, trian_mse:0.0142, trian_r2: -1484.1988, trian_cc: 0.0661
Epoch 20, val_loss: 0.0066, val_mae: 0.0816, val_mse: 0.0133, val_r2: -1549.0645, val_cc: 0.0404
Epoch 21, trian_loss: 0.0071, trian_mae: 0.0858, trian_mse:0.0142, trian_r2: -913.9142, trian_cc: 0.0694
Epoch 21, val_loss: 0.0067, val_mae: 0.0818, val_mse: 0.0134, val_r2: -1356.0098, val_cc: 0.0408
Epoch 22, trian_loss: 0.0070, trian_mae: 0.0857, trian_mse:0.0140, trian_r2: -691.3614, trian_cc: 0.0808
Epoch 22, val_loss: 0.0065, val_mae: 0.0808, val_mse: 0.0131, val_r2: -424.0438, val_cc: 0.0258
Epoch 23, trian_loss: 0.0068, trian_mae: 0.0846, trian_mse:0.0137, trian_r2: -375.3718, trian_cc: 0.0935
Epoch 23, val_loss: 0.0065, val_mae: 0.0824, val_mse: 0.0131, val_r2: -349.9802, val_cc: 0.0159
Epoch 24, trian_loss: 0.0068, trian_mae: 0.0849, trian_mse:0.0137, trian_r2: -463.2624, trian_cc: 0.1054
Epoch 24, val_loss: 0.0065, val_mae: 0.0800, val_mse: 0.0130, val_r2: -483.8216, val_cc: 0.0259
Epoch 25, trian_loss: 0.0068, trian_mae: 0.0844, trian_mse:0.0135, trian_r2: -434.8243, trian_cc: 0.1134
Epoch 25, val_loss: 0.0065, val_mae: 0.0807, val_mse: 0.0129, val_r2: -608.5669, val_cc: 0.0396
Epoch 26, trian_loss: 0.0066, trian_mae: 0.0835, trian_mse:0.0133, trian_r2: -270.7871, trian_cc: 0.1302
Epoch 26, val_loss: 0.0064, val_mae: 0.0812, val_mse: 0.0129, val_r2: -324.0957, val_cc: 0.0245
Epoch 27, trian_loss: 0.0065, trian_mae: 0.0829, trian_mse:0.0131, trian_r2: -319.4388, trian_cc: 0.1481
Epoch 27, val_loss: 0.0065, val_mae: 0.0804, val_mse: 0.0130, val_r2: -992.2432, val_cc: 0.0591
Epoch 28, trian_loss: 0.0064, trian_mae: 0.0823, trian_mse:0.0129, trian_r2: -179.3775, trian_cc: 0.1570
Epoch 28, val_loss: 0.0065, val_mae: 0.0802, val_mse: 0.0129, val_r2: -201.5285, val_cc: 0.0337
Epoch 29, trian_loss: 0.0063, trian_mae: 0.0819, trian_mse:0.0126, trian_r2: -135.3315, trian_cc: 0.1785
Epoch 29, val_loss: 0.0064, val_mae: 0.0801, val_mse: 0.0127, val_r2: -235.7338, val_cc: 0.0271
Epoch 30, trian_loss: 0.0062, trian_mae: 0.0804, trian_mse:0.0123, trian_r2: -124.9164, trian_cc: 0.1960
Epoch 30, val_loss: 0.0064, val_mae: 0.0831, val_mse: 0.0128, val_r2: -96.7248, val_cc: 0.0238
Epoch 31, trian_loss: 0.0063, trian_mae: 0.0817, trian_mse:0.0126, trian_r2: -174.7727, trian_cc: 0.1836
Epoch 31, val_loss: 0.0064, val_mae: 0.0791, val_mse: 0.0128, val_r2: -137.3976, val_cc: 0.0460
Epoch 32, trian_loss: 0.0059, trian_mae: 0.0787, trian_mse:0.0117, trian_r2: -61.6669, trian_cc: 0.2314
Epoch 32, val_loss: 0.0063, val_mae: 0.0816, val_mse: 0.0126, val_r2: -117.3286, val_cc: 0.0361
Epoch 33, trian_loss: 0.0056, trian_mae: 0.0774, trian_mse:0.0112, trian_r2: -48.9994, trian_cc: 0.2538
Epoch 33, val_loss: 0.0062, val_mae: 0.0814, val_mse: 0.0124, val_r2: -96.6871, val_cc: 0.0507
Epoch 34, trian_loss: 0.0054, trian_mae: 0.0760, trian_mse:0.0108, trian_r2: -42.4563, trian_cc: 0.2780
Epoch 34, val_loss: 0.0061, val_mae: 0.0787, val_mse: 0.0122, val_r2: -78.5591, val_cc: 0.0491
Epoch 35, trian_loss: 0.0051, trian_mae: 0.0745, trian_mse:0.0102, trian_r2: -29.7154, trian_cc: 0.2942
Epoch 35, val_loss: 0.0062, val_mae: 0.0805, val_mse: 0.0124, val_r2: -49.7756, val_cc: 0.0431
Epoch 36, trian_loss: 0.0054, trian_mae: 0.0748, trian_mse:0.0109, trian_r2: -28.5092, trian_cc: 0.3010
Epoch 36, val_loss: 0.0062, val_mae: 0.0796, val_mse: 0.0123, val_r2: -52.4823, val_cc: 0.0597
Epoch 37, trian_loss: 0.0047, trian_mae: 0.0713, trian_mse:0.0095, trian_r2: -21.2570, trian_cc: 0.3318
Epoch 37, val_loss: 0.0062, val_mae: 0.0813, val_mse: 0.0124, val_r2: -49.0600, val_cc: 0.0551
Epoch 38, trian_loss: 0.0048, trian_mae: 0.0718, trian_mse:0.0095, trian_r2: -33.5614, trian_cc: 0.3308
Epoch 38, val_loss: 0.0064, val_mae: 0.0848, val_mse: 0.0127, val_r2: -26.9892, val_cc: 0.0466
Epoch 39, trian_loss: 0.0045, trian_mae: 0.0702, trian_mse:0.0090, trian_r2: -21.6011, trian_cc: 0.3470
Epoch 39, val_loss: 0.0061, val_mae: 0.0808, val_mse: 0.0123, val_r2: -37.2871, val_cc: 0.0495
Epoch 40, trian_loss: 0.0043, trian_mae: 0.0689, trian_mse:0.0087, trian_r2: -34.8620, trian_cc: 0.3634
Epoch 40, val_loss: 0.0063, val_mae: 0.0811, val_mse: 0.0125, val_r2: -107.2192, val_cc: 0.0935
Epoch 41, trian_loss: 0.0042, trian_mae: 0.0679, trian_mse:0.0084, trian_r2: -18.9667, trian_cc: 0.3820
Epoch 41, val_loss: 0.0063, val_mae: 0.0834, val_mse: 0.0126, val_r2: -25.3525, val_cc: 0.0547
Epoch 42, trian_loss: 0.0042, trian_mae: 0.0686, trian_mse:0.0085, trian_r2: -21.7683, trian_cc: 0.3871
Epoch 42, val_loss: 0.0061, val_mae: 0.0806, val_mse: 0.0123, val_r2: -63.1983, val_cc: 0.0613
Epoch 43, trian_loss: 0.0039, trian_mae: 0.0660, trian_mse:0.0078, trian_r2: -17.1942, trian_cc: 0.4043
Epoch 43, val_loss: 0.0062, val_mae: 0.0803, val_mse: 0.0123, val_r2: -17.1396, val_cc: 0.0515
Epoch 44, trian_loss: 0.0037, trian_mae: 0.0646, trian_mse:0.0074, trian_r2: -11.8459, trian_cc: 0.4301
Epoch 44, val_loss: 0.0063, val_mae: 0.0838, val_mse: 0.0126, val_r2: -18.9606, val_cc: 0.0445
Epoch 45, trian_loss: 0.0038, trian_mae: 0.0655, trian_mse:0.0076, trian_r2: -15.6231, trian_cc: 0.4316
Epoch 45, val_loss: 0.0063, val_mae: 0.0835, val_mse: 0.0126, val_r2: -27.0191, val_cc: 0.0537
Epoch 46, trian_loss: 0.0038, trian_mae: 0.0656, trian_mse:0.0076, trian_r2: -16.1931, trian_cc: 0.4389
Epoch 46, val_loss: 0.0062, val_mae: 0.0812, val_mse: 0.0125, val_r2: -20.3049, val_cc: 0.0461
Epoch 47, trian_loss: 0.0037, trian_mae: 0.0643, trian_mse:0.0074, trian_r2: -12.2709, trian_cc: 0.4487
Epoch 47, val_loss: 0.0069, val_mae: 0.0865, val_mse: 0.0138, val_r2: -20.4861, val_cc: 0.0386
Epoch 48, trian_loss: 0.0035, trian_mae: 0.0628, trian_mse:0.0069, trian_r2: -11.1601, trian_cc: 0.4677
Epoch 48, val_loss: 0.0064, val_mae: 0.0789, val_mse: 0.0128, val_r2: -25.1705, val_cc: 0.0653
Epoch 49, trian_loss: 0.0033, trian_mae: 0.0614, trian_mse:0.0066, trian_r2: -9.8557, trian_cc: 0.4808
Epoch 49, val_loss: 0.0066, val_mae: 0.0860, val_mse: 0.0131, val_r2: -15.1228, val_cc: 0.0556
Epoch 50, trian_loss: 0.0032, trian_mae: 0.0606, trian_mse:0.0065, trian_r2: -17.0620, trian_cc: 0.4879
Epoch 50, val_loss: 0.0064, val_mae: 0.0827, val_mse: 0.0129, val_r2: -30.3674, val_cc: 0.0487
Epoch 51, trian_loss: 0.0033, trian_mae: 0.0613, trian_mse:0.0066, trian_r2: -10.0279, trian_cc: 0.5019
Epoch 51, val_loss: 0.0062, val_mae: 0.0804, val_mse: 0.0124, val_r2: -19.0568, val_cc: 0.0564
Epoch 52, trian_loss: 0.0035, trian_mae: 0.0638, trian_mse:0.0071, trian_r2: -49.0656, trian_cc: 0.4805
Epoch 52, val_loss: 0.0065, val_mae: 0.0812, val_mse: 0.0130, val_r2: -348.6089, val_cc: 0.1142
Epoch 53, trian_loss: 0.0036, trian_mae: 0.0635, trian_mse:0.0073, trian_r2: -22.1450, trian_cc: 0.5051
Epoch 53, val_loss: 0.0064, val_mae: 0.0801, val_mse: 0.0129, val_r2: -131.8896, val_cc: 0.0730
Epoch 54, trian_loss: 0.0032, trian_mae: 0.0607, trian_mse:0.0064, trian_r2: -12.9440, trian_cc: 0.5226
Epoch 54, val_loss: 0.0063, val_mae: 0.0817, val_mse: 0.0126, val_r2: -22.1245, val_cc: 0.0478
Epoch 55, trian_loss: 0.0032, trian_mae: 0.0599, trian_mse:0.0063, trian_r2: -8.8072, trian_cc: 0.5384
Epoch 55, val_loss: 0.0066, val_mae: 0.0851, val_mse: 0.0132, val_r2: -17.0400, val_cc: 0.0440
Epoch 56, trian_loss: 0.0027, trian_mae: 0.0560, trian_mse:0.0055, trian_r2: -7.7246, trian_cc: 0.5577
Epoch 56, val_loss: 0.0065, val_mae: 0.0852, val_mse: 0.0130, val_r2: -15.4185, val_cc: 0.0495
Epoch 57, trian_loss: 0.0030, trian_mae: 0.0583, trian_mse:0.0060, trian_r2: -7.4590, trian_cc: 0.5622
Epoch 57, val_loss: 0.0065, val_mae: 0.0850, val_mse: 0.0130, val_r2: -15.1305, val_cc: 0.0461
Epoch 58, trian_loss: 0.0027, trian_mae: 0.0552, trian_mse:0.0053, trian_r2: -5.4750, trian_cc: 0.5839
Epoch 58, val_loss: 0.0063, val_mae: 0.0816, val_mse: 0.0126, val_r2: -15.9411, val_cc: 0.0543
Epoch 59, trian_loss: 0.0028, trian_mae: 0.0571, trian_mse:0.0056, trian_r2: -7.0714, trian_cc: 0.5834
Epoch 59, val_loss: 0.0067, val_mae: 0.0812, val_mse: 0.0134, val_r2: -18.4944, val_cc: 0.0474
Epoch 60, trian_loss: 0.0026, trian_mae: 0.0549, trian_mse:0.0052, trian_r2: -7.3202, trian_cc: 0.5938
Epoch 60, val_loss: 0.0064, val_mae: 0.0803, val_mse: 0.0129, val_r2: -13.8445, val_cc: 0.0484
Epoch 61, trian_loss: 0.0024, trian_mae: 0.0530, trian_mse:0.0048, trian_r2: -4.5373, trian_cc: 0.6140
Epoch 61, val_loss: 0.0065, val_mae: 0.0817, val_mse: 0.0130, val_r2: -15.9627, val_cc: 0.0462
Epoch 62, trian_loss: 0.0028, trian_mae: 0.0563, trian_mse:0.0056, trian_r2: -8.7751, trian_cc: 0.5957
Epoch 62, val_loss: 0.0062, val_mae: 0.0806, val_mse: 0.0125, val_r2: -21.2451, val_cc: 0.0482
Epoch 63, trian_loss: 0.0025, trian_mae: 0.0533, trian_mse:0.0049, trian_r2: -7.1246, trian_cc: 0.6248
Epoch 63, val_loss: 0.0063, val_mae: 0.0813, val_mse: 0.0126, val_r2: -40.8459, val_cc: 0.0515
Epoch 64, trian_loss: 0.0022, trian_mae: 0.0510, trian_mse:0.0044, trian_r2: -3.8664, trian_cc: 0.6408
Epoch 64, val_loss: 0.0066, val_mae: 0.0791, val_mse: 0.0132, val_r2: -23.7252, val_cc: 0.0610
Epoch 65, trian_loss: 0.0024, trian_mae: 0.0524, trian_mse:0.0047, trian_r2: -3.4408, trian_cc: 0.6431
Epoch 65, val_loss: 0.0064, val_mae: 0.0805, val_mse: 0.0127, val_r2: -17.5915, val_cc: 0.0513
Epoch 66, trian_loss: 0.0022, trian_mae: 0.0509, trian_mse:0.0044, trian_r2: -4.4734, trian_cc: 0.6570
Epoch 66, val_loss: 0.0065, val_mae: 0.0814, val_mse: 0.0131, val_r2: -11.0094, val_cc: 0.0467
Epoch 67, trian_loss: 0.0023, trian_mae: 0.0511, trian_mse:0.0045, trian_r2: -2.7925, trian_cc: 0.6629
Epoch 67, val_loss: 0.0065, val_mae: 0.0797, val_mse: 0.0131, val_r2: -15.6663, val_cc: 0.0538
Epoch 68, trian_loss: 0.0026, trian_mae: 0.0538, trian_mse:0.0052, trian_r2: -10.7238, trian_cc: 0.6478
Epoch 68, val_loss: 0.0066, val_mae: 0.0806, val_mse: 0.0132, val_r2: -15.8731, val_cc: 0.0513
Epoch 69, trian_loss: 0.0022, trian_mae: 0.0505, trian_mse:0.0045, trian_r2: -2.5150, trian_cc: 0.6804
Epoch 69, val_loss: 0.0067, val_mae: 0.0839, val_mse: 0.0133, val_r2: -8.7269, val_cc: 0.0422
Epoch 70, trian_loss: 0.0021, trian_mae: 0.0491, trian_mse:0.0042, trian_r2: -4.4628, trian_cc: 0.6891
Epoch 70, val_loss: 0.0068, val_mae: 0.0843, val_mse: 0.0136, val_r2: -8.5731, val_cc: 0.0404
Epoch 71, trian_loss: 0.0018, trian_mae: 0.0466, trian_mse:0.0037, trian_r2: -2.2177, trian_cc: 0.7031
Epoch 71, val_loss: 0.0067, val_mae: 0.0840, val_mse: 0.0134, val_r2: -9.2497, val_cc: 0.0394
Epoch 72, trian_loss: 0.0020, trian_mae: 0.0477, trian_mse:0.0039, trian_r2: -2.1501, trian_cc: 0.7073
Epoch 72, val_loss: 0.0066, val_mae: 0.0811, val_mse: 0.0133, val_r2: -11.2056, val_cc: 0.0494
Epoch 73, trian_loss: 0.0017, trian_mae: 0.0446, trian_mse:0.0034, trian_r2: -1.3521, trian_cc: 0.7238
Epoch 73, val_loss: 0.0067, val_mae: 0.0809, val_mse: 0.0134, val_r2: -12.8846, val_cc: 0.0511
Epoch 74, trian_loss: 0.0019, trian_mae: 0.0471, trian_mse:0.0038, trian_r2: -1.7997, trian_cc: 0.7222
Epoch 74, val_loss: 0.0068, val_mae: 0.0819, val_mse: 0.0135, val_r2: -13.5472, val_cc: 0.0500
Epoch 75, trian_loss: 0.0017, trian_mae: 0.0443, trian_mse:0.0033, trian_r2: -1.2797, trian_cc: 0.7384
Epoch 75, val_loss: 0.0069, val_mae: 0.0831, val_mse: 0.0139, val_r2: -8.5819, val_cc: 0.0408
Epoch 76, trian_loss: 0.0016, trian_mae: 0.0430, trian_mse:0.0032, trian_r2: -0.9772, trian_cc: 0.7493
Epoch 76, val_loss: 0.0069, val_mae: 0.0821, val_mse: 0.0139, val_r2: -10.8380, val_cc: 0.0409
Epoch 77, trian_loss: 0.0016, trian_mae: 0.0431, trian_mse:0.0032, trian_r2: -0.7348, trian_cc: 0.7559
Epoch 77, val_loss: 0.0068, val_mae: 0.0823, val_mse: 0.0137, val_r2: -10.3761, val_cc: 0.0468
Epoch 78, trian_loss: 0.0016, trian_mae: 0.0433, trian_mse:0.0032, trian_r2: -0.7668, trian_cc: 0.7599
Epoch 78, val_loss: 0.0072, val_mae: 0.0885, val_mse: 0.0144, val_r2: -7.2862, val_cc: 0.0399
Epoch 79, trian_loss: 0.0015, trian_mae: 0.0424, trian_mse:0.0031, trian_r2: -0.4507, trian_cc: 0.7678
Epoch 79, val_loss: 0.0068, val_mae: 0.0816, val_mse: 0.0136, val_r2: -9.6257, val_cc: 0.0489
Epoch 80, trian_loss: 0.0019, trian_mae: 0.0461, trian_mse:0.0038, trian_r2: -2.5639, trian_cc: 0.7551
Epoch 80, val_loss: 0.0072, val_mae: 0.0871, val_mse: 0.0144, val_r2: -6.9062, val_cc: 0.0371
Epoch 81, trian_loss: 0.0015, trian_mae: 0.0416, trian_mse:0.0029, trian_r2: -0.5947, trian_cc: 0.7779
Epoch 81, val_loss: 0.0069, val_mae: 0.0835, val_mse: 0.0138, val_r2: -7.4926, val_cc: 0.0458
Epoch 82, trian_loss: 0.0014, trian_mae: 0.0402, trian_mse:0.0028, trian_r2: -0.2598, trian_cc: 0.7877
Epoch 82, val_loss: 0.0070, val_mae: 0.0830, val_mse: 0.0140, val_r2: -10.8488, val_cc: 0.0459
Epoch 83, trian_loss: 0.0015, trian_mae: 0.0409, trian_mse:0.0030, trian_r2: -0.2443, trian_cc: 0.7879
Epoch 83, val_loss: 0.0072, val_mae: 0.0879, val_mse: 0.0144, val_r2: -5.8191, val_cc: 0.0379
Epoch 84, trian_loss: 0.0013, trian_mae: 0.0387, trian_mse:0.0026, trian_r2: -0.1439, trian_cc: 0.8004
Epoch 84, val_loss: 0.0072, val_mae: 0.0861, val_mse: 0.0144, val_r2: -6.4217, val_cc: 0.0385
Epoch 85, trian_loss: 0.0012, trian_mae: 0.0381, trian_mse:0.0025, trian_r2: -0.1202, trian_cc: 0.8066
Epoch 85, val_loss: 0.0071, val_mae: 0.0865, val_mse: 0.0142, val_r2: -6.5769, val_cc: 0.0366
Epoch 86, trian_loss: 0.0014, trian_mae: 0.0408, trian_mse:0.0028, trian_r2: -0.2329, trian_cc: 0.7937
Epoch 86, val_loss: 0.0071, val_mae: 0.0855, val_mse: 0.0141, val_r2: -7.2283, val_cc: 0.0377
Epoch 87, trian_loss: 0.0015, trian_mae: 0.0409, trian_mse:0.0029, trian_r2: -0.4065, trian_cc: 0.7987
Epoch 87, val_loss: 0.0069, val_mae: 0.0845, val_mse: 0.0138, val_r2: -10.1668, val_cc: 0.0415
Epoch 88, trian_loss: 0.0013, trian_mae: 0.0389, trian_mse:0.0026, trian_r2: -0.1494, trian_cc: 0.8079
Epoch 88, val_loss: 0.0070, val_mae: 0.0830, val_mse: 0.0139, val_r2: -7.9228, val_cc: 0.0427
Epoch 89, trian_loss: 0.0014, trian_mae: 0.0395, trian_mse:0.0027, trian_r2: -0.3123, trian_cc: 0.8085
Epoch 89, val_loss: 0.0074, val_mae: 0.0841, val_mse: 0.0147, val_r2: -8.4581, val_cc: 0.0431
Epoch 90, trian_loss: 0.0012, trian_mae: 0.0378, trian_mse:0.0025, trian_r2: -0.1346, trian_cc: 0.8156
Epoch 90, val_loss: 0.0076, val_mae: 0.0846, val_mse: 0.0152, val_r2: -9.6713, val_cc: 0.0470
Epoch 91, trian_loss: 0.0012, trian_mae: 0.0366, trian_mse:0.0023, trian_r2: 0.1289, trian_cc: 0.8228
Epoch 91, val_loss: 0.0073, val_mae: 0.0834, val_mse: 0.0147, val_r2: -9.4747, val_cc: 0.0471
Epoch 92, trian_loss: 0.0012, trian_mae: 0.0369, trian_mse:0.0024, trian_r2: 0.0999, trian_cc: 0.8237
Epoch 92, val_loss: 0.0072, val_mae: 0.0840, val_mse: 0.0143, val_r2: -7.0464, val_cc: 0.0397
Epoch 93, trian_loss: 0.0012, trian_mae: 0.0376, trian_mse:0.0025, trian_r2: -0.0267, trian_cc: 0.8232
Epoch 93, val_loss: 0.0077, val_mae: 0.0849, val_mse: 0.0154, val_r2: -11.8406, val_cc: 0.0386
Epoch 94, trian_loss: 0.0014, trian_mae: 0.0375, trian_mse:0.0028, trian_r2: 0.1223, trian_cc: 0.8269
Epoch 94, val_loss: 0.0085, val_mae: 0.0892, val_mse: 0.0171, val_r2: -16.3618, val_cc: 0.0471
Epoch 95, trian_loss: 0.0013, trian_mae: 0.0382, trian_mse:0.0026, trian_r2: -0.0722, trian_cc: 0.8257
Epoch 95, val_loss: 0.0080, val_mae: 0.0866, val_mse: 0.0159, val_r2: -10.5520, val_cc: 0.0433
Epoch 96, trian_loss: 0.0011, trian_mae: 0.0350, trian_mse:0.0021, trian_r2: 0.1875, trian_cc: 0.8392
Epoch 96, val_loss: 0.0076, val_mae: 0.0852, val_mse: 0.0153, val_r2: -8.9797, val_cc: 0.0440
Epoch 97, trian_loss: 0.0009, trian_mae: 0.0330, trian_mse:0.0019, trian_r2: 0.3948, trian_cc: 0.8488
Epoch 97, val_loss: 0.0076, val_mae: 0.0855, val_mse: 0.0151, val_r2: -7.3196, val_cc: 0.0386
Epoch 98, trian_loss: 0.0011, trian_mae: 0.0350, trian_mse:0.0022, trian_r2: 0.2986, trian_cc: 0.8415
Epoch 98, val_loss: 0.0076, val_mae: 0.0859, val_mse: 0.0153, val_r2: -8.2090, val_cc: 0.0420
Epoch 99, trian_loss: 0.0011, trian_mae: 0.0345, trian_mse:0.0021, trian_r2: 0.3283, trian_cc: 0.8464
Epoch 99, val_loss: 0.0073, val_mae: 0.0837, val_mse: 0.0147, val_r2: -8.9721, val_cc: 0.0407
