Trian Data: 633   Validation Data: 211  Test Data: 212
[1, 1]
[1, 1]
[1, 1]
[1, 1]
model SENet(
  (conv1): Conv2d(438, 64, kernel_size=(3, 3), stride=(1, 1), padding=(1, 1), bias=False)
  (bn1): BatchNorm2d(64, eps=1e-05, momentum=0.1, affine=True, track_running_stats=True)
  (layer1): Sequential(
    (0): BasicBlock(
      (conv1): Conv2d(64, 64, kernel_size=(3, 3), stride=(1, 1), padding=(1, 1), bias=False)
      (bn1): BatchNorm2d(64, eps=1e-05, momentum=0.1, affine=True, track_running_stats=True)
      (conv2): Conv2d(64, 64, kernel_size=(3, 3), stride=(1, 1), padding=(1, 1), bias=False)
      (bn2): BatchNorm2d(64, eps=1e-05, momentum=0.1, affine=True, track_running_stats=True)
      (shortcut): Sequential()
      (fc1): Conv2d(64, 4, kernel_size=(1, 1), stride=(1, 1))
      (fc2): Conv2d(4, 64, kernel_size=(1, 1), stride=(1, 1))
    )
    (1): BasicBlock(
      (conv1): Conv2d(64, 64, kernel_size=(3, 3), stride=(1, 1), padding=(1, 1), bias=False)
      (bn1): BatchNorm2d(64, eps=1e-05, momentum=0.1, affine=True, track_running_stats=True)
      (conv2): Conv2d(64, 64, kernel_size=(3, 3), stride=(1, 1), padding=(1, 1), bias=False)
      (bn2): BatchNorm2d(64, eps=1e-05, momentum=0.1, affine=True, track_running_stats=True)
      (shortcut): Sequential()
      (fc1): Conv2d(64, 4, kernel_size=(1, 1), stride=(1, 1))
      (fc2): Conv2d(4, 64, kernel_size=(1, 1), stride=(1, 1))
    )
  )
  (layer2): Sequential(
    (0): BasicBlock(
      (conv1): Conv2d(64, 64, kernel_size=(3, 3), stride=(1, 1), padding=(1, 1), bias=False)
      (bn1): BatchNorm2d(64, eps=1e-05, momentum=0.1, affine=True, track_running_stats=True)
      (conv2): Conv2d(64, 64, kernel_size=(3, 3), stride=(1, 1), padding=(1, 1), bias=False)
      (bn2): BatchNorm2d(64, eps=1e-05, momentum=0.1, affine=True, track_running_stats=True)
      (shortcut): Sequential()
      (fc1): Conv2d(64, 4, kernel_size=(1, 1), stride=(1, 1))
      (fc2): Conv2d(4, 64, kernel_size=(1, 1), stride=(1, 1))
    )
    (1): BasicBlock(
      (conv1): Conv2d(64, 64, kernel_size=(3, 3), stride=(1, 1), padding=(1, 1), bias=False)
      (bn1): BatchNorm2d(64, eps=1e-05, momentum=0.1, affine=True, track_running_stats=True)
      (conv2): Conv2d(64, 64, kernel_size=(3, 3), stride=(1, 1), padding=(1, 1), bias=False)
      (bn2): BatchNorm2d(64, eps=1e-05, momentum=0.1, affine=True, track_running_stats=True)
      (shortcut): Sequential()
      (fc1): Conv2d(64, 4, kernel_size=(1, 1), stride=(1, 1))
      (fc2): Conv2d(4, 64, kernel_size=(1, 1), stride=(1, 1))
    )
  )
  (layer3): Sequential(
    (0): BasicBlock(
      (conv1): Conv2d(64, 64, kernel_size=(3, 3), stride=(1, 1), padding=(1, 1), bias=False)
      (bn1): BatchNorm2d(64, eps=1e-05, momentum=0.1, affine=True, track_running_stats=True)
      (conv2): Conv2d(64, 64, kernel_size=(3, 3), stride=(1, 1), padding=(1, 1), bias=False)
      (bn2): BatchNorm2d(64, eps=1e-05, momentum=0.1, affine=True, track_running_stats=True)
      (shortcut): Sequential()
      (fc1): Conv2d(64, 4, kernel_size=(1, 1), stride=(1, 1))
      (fc2): Conv2d(4, 64, kernel_size=(1, 1), stride=(1, 1))
    )
    (1): BasicBlock(
      (conv1): Conv2d(64, 64, kernel_size=(3, 3), stride=(1, 1), padding=(1, 1), bias=False)
      (bn1): BatchNorm2d(64, eps=1e-05, momentum=0.1, affine=True, track_running_stats=True)
      (conv2): Conv2d(64, 64, kernel_size=(3, 3), stride=(1, 1), padding=(1, 1), bias=False)
      (bn2): BatchNorm2d(64, eps=1e-05, momentum=0.1, affine=True, track_running_stats=True)
      (shortcut): Sequential()
      (fc1): Conv2d(64, 4, kernel_size=(1, 1), stride=(1, 1))
      (fc2): Conv2d(4, 64, kernel_size=(1, 1), stride=(1, 1))
    )
  )
  (layer4): Sequential(
    (0): BasicBlock(
      (conv1): Conv2d(64, 64, kernel_size=(3, 3), stride=(1, 1), padding=(1, 1), bias=False)
      (bn1): BatchNorm2d(64, eps=1e-05, momentum=0.1, affine=True, track_running_stats=True)
      (conv2): Conv2d(64, 64, kernel_size=(3, 3), stride=(1, 1), padding=(1, 1), bias=False)
      (bn2): BatchNorm2d(64, eps=1e-05, momentum=0.1, affine=True, track_running_stats=True)
      (shortcut): Sequential()
      (fc1): Conv2d(64, 4, kernel_size=(1, 1), stride=(1, 1))
      (fc2): Conv2d(4, 64, kernel_size=(1, 1), stride=(1, 1))
    )
    (1): BasicBlock(
      (conv1): Conv2d(64, 64, kernel_size=(3, 3), stride=(1, 1), padding=(1, 1), bias=False)
      (bn1): BatchNorm2d(64, eps=1e-05, momentum=0.1, affine=True, track_running_stats=True)
      (conv2): Conv2d(64, 64, kernel_size=(3, 3), stride=(1, 1), padding=(1, 1), bias=False)
      (bn2): BatchNorm2d(64, eps=1e-05, momentum=0.1, affine=True, track_running_stats=True)
      (shortcut): Sequential()
      (fc1): Conv2d(64, 4, kernel_size=(1, 1), stride=(1, 1))
      (fc2): Conv2d(4, 64, kernel_size=(1, 1), stride=(1, 1))
    )
  )
  (cnn): CNNnet(
    (conv1): Sequential(
      (0): Conv2d(64, 32, kernel_size=(3, 3), stride=(1, 1), padding=(1, 1))
      (1): BatchNorm2d(32, eps=1e-05, momentum=0.1, affine=True, track_running_stats=True)
      (2): ReLU()
    )
    (conv2): Sequential(
      (0): Conv2d(32, 16, kernel_size=(3, 3), stride=(1, 1), padding=(1, 1))
      (1): BatchNorm2d(16, eps=1e-05, momentum=0.1, affine=True, track_running_stats=True)
      (2): ReLU()
    )
    (conv3): Sequential(
      (0): Conv2d(16, 1, kernel_size=(3, 3), stride=(1, 1), padding=(1, 1))
      (1): BatchNorm2d(1, eps=1e-05, momentum=0.1, affine=True, track_running_stats=True)
      (2): ReLU()
    )
  )
)
Epoch  0, trian_loss: 0.0067, trian_mae: 0.0836, trian_mse:0.0136, trian_r2: -6.7993, trian_cc: 0.2508
Epoch  0, val_loss: 0.0070, val_mae: 0.0887, val_mse: 0.0141, val_r2: -125.7818, val_cc: 0.2228
Epoch  1, trian_loss: 0.0052, trian_mae: 0.0785, trian_mse:0.0103, trian_r2: -481.2176, trian_cc: 0.2566
Epoch  1, val_loss: 0.0050, val_mae: 0.0755, val_mse: 0.0099, val_r2: -346.7769, val_cc: 0.3316
Epoch  2, trian_loss: 0.0049, trian_mae: 0.0743, trian_mse:0.0097, trian_r2: -275.9030, trian_cc: 0.3497
Epoch  2, val_loss: 0.0048, val_mae: 0.0730, val_mse: 0.0096, val_r2: -23.9011, val_cc: 0.4003
Epoch  3, trian_loss: 0.0047, trian_mae: 0.0719, trian_mse:0.0094, trian_r2: -104.3537, trian_cc: 0.3953
Epoch  3, val_loss: 0.0047, val_mae: 0.0712, val_mse: 0.0094, val_r2: -12.5334, val_cc: 0.4214
Epoch  4, trian_loss: 0.0046, trian_mae: 0.0707, trian_mse:0.0091, trian_r2: -18.4559, trian_cc: 0.4174
Epoch  4, val_loss: 0.0046, val_mae: 0.0704, val_mse: 0.0092, val_r2: -11.1726, val_cc: 0.4341
Epoch  5, trian_loss: 0.0044, trian_mae: 0.0693, trian_mse:0.0089, trian_r2: -5.7649, trian_cc: 0.4416
Epoch  5, val_loss: 0.0045, val_mae: 0.0690, val_mse: 0.0089, val_r2: -8.2127, val_cc: 0.4556
Epoch  6, trian_loss: 0.0043, trian_mae: 0.0683, trian_mse:0.0087, trian_r2: -4.4894, trian_cc: 0.4550
Epoch  6, val_loss: 0.0045, val_mae: 0.0688, val_mse: 0.0090, val_r2: -7.2649, val_cc: 0.4678
Epoch  7, trian_loss: 0.0042, trian_mae: 0.0674, trian_mse:0.0085, trian_r2: -3.9301, trian_cc: 0.4693
Epoch  7, val_loss: 0.0042, val_mae: 0.0669, val_mse: 0.0085, val_r2: -5.4866, val_cc: 0.4901
Epoch  8, trian_loss: 0.0041, trian_mae: 0.0666, trian_mse:0.0083, trian_r2: -3.4733, trian_cc: 0.4849
Epoch  8, val_loss: 0.0041, val_mae: 0.0661, val_mse: 0.0083, val_r2: -4.4269, val_cc: 0.5041
Epoch  9, trian_loss: 0.0040, trian_mae: 0.0654, trian_mse:0.0080, trian_r2: -2.9602, trian_cc: 0.5013
Epoch  9, val_loss: 0.0040, val_mae: 0.0651, val_mse: 0.0080, val_r2: -4.0238, val_cc: 0.5204
Epoch 10, trian_loss: 0.0039, trian_mae: 0.0645, trian_mse:0.0078, trian_r2: -2.8023, trian_cc: 0.5169
Epoch 10, val_loss: 0.0039, val_mae: 0.0643, val_mse: 0.0079, val_r2: -3.5399, val_cc: 0.5343
Epoch 11, trian_loss: 0.0038, trian_mae: 0.0638, trian_mse:0.0077, trian_r2: -2.4086, trian_cc: 0.5298
Epoch 11, val_loss: 0.0039, val_mae: 0.0637, val_mse: 0.0077, val_r2: -2.9556, val_cc: 0.5407
Epoch 12, trian_loss: 0.0037, trian_mae: 0.0628, trian_mse:0.0075, trian_r2: -2.1356, trian_cc: 0.5434
Epoch 12, val_loss: 0.0038, val_mae: 0.0626, val_mse: 0.0075, val_r2: -2.6501, val_cc: 0.5550
Epoch 13, trian_loss: 0.0036, trian_mae: 0.0620, trian_mse:0.0073, trian_r2: -1.9976, trian_cc: 0.5550
Epoch 13, val_loss: 0.0036, val_mae: 0.0617, val_mse: 0.0073, val_r2: -1.9386, val_cc: 0.5679
Epoch 14, trian_loss: 0.0035, trian_mae: 0.0609, trian_mse:0.0070, trian_r2: -1.6637, trian_cc: 0.5669
Epoch 14, val_loss: 0.0036, val_mae: 0.0611, val_mse: 0.0071, val_r2: -1.7671, val_cc: 0.5767
Epoch 15, trian_loss: 0.0035, trian_mae: 0.0603, trian_mse:0.0069, trian_r2: -1.7285, trian_cc: 0.5756
Epoch 15, val_loss: 0.0035, val_mae: 0.0602, val_mse: 0.0069, val_r2: -1.7609, val_cc: 0.5859
Epoch 16, trian_loss: 0.0033, trian_mae: 0.0592, trian_mse:0.0067, trian_r2: -1.3661, trian_cc: 0.5869
Epoch 16, val_loss: 0.0033, val_mae: 0.0591, val_mse: 0.0067, val_r2: -1.5642, val_cc: 0.5952
Epoch 17, trian_loss: 0.0032, trian_mae: 0.0583, trian_mse:0.0065, trian_r2: -1.3446, trian_cc: 0.5973
Epoch 17, val_loss: 0.0033, val_mae: 0.0590, val_mse: 0.0066, val_r2: -1.4325, val_cc: 0.6020
Epoch 18, trian_loss: 0.0031, trian_mae: 0.0575, trian_mse:0.0063, trian_r2: -1.1774, trian_cc: 0.6048
Epoch 18, val_loss: 0.0032, val_mae: 0.0579, val_mse: 0.0064, val_r2: -1.4969, val_cc: 0.6086
Epoch 19, trian_loss: 0.0031, trian_mae: 0.0574, trian_mse:0.0062, trian_r2: -1.2252, trian_cc: 0.6069
Epoch 19, val_loss: 0.0031, val_mae: 0.0573, val_mse: 0.0062, val_r2: -1.3582, val_cc: 0.6158
Epoch 20, trian_loss: 0.0030, trian_mae: 0.0565, trian_mse:0.0060, trian_r2: -1.0324, trian_cc: 0.6179
Epoch 20, val_loss: 0.0030, val_mae: 0.0560, val_mse: 0.0060, val_r2: -1.2234, val_cc: 0.6244
Epoch 21, trian_loss: 0.0029, trian_mae: 0.0558, trian_mse:0.0059, trian_r2: -0.9676, trian_cc: 0.6253
Epoch 21, val_loss: 0.0031, val_mae: 0.0574, val_mse: 0.0062, val_r2: -1.3212, val_cc: 0.6220
Epoch 22, trian_loss: 0.0029, trian_mae: 0.0560, trian_mse:0.0059, trian_r2: -1.0770, trian_cc: 0.6260
Epoch 22, val_loss: 0.0030, val_mae: 0.0575, val_mse: 0.0060, val_r2: -1.2082, val_cc: 0.6281
Epoch 23, trian_loss: 0.0029, trian_mae: 0.0559, trian_mse:0.0058, trian_r2: -1.0607, trian_cc: 0.6275
Epoch 23, val_loss: 0.0030, val_mae: 0.0562, val_mse: 0.0059, val_r2: -1.2015, val_cc: 0.6304
Epoch 24, trian_loss: 0.0029, trian_mae: 0.0555, trian_mse:0.0058, trian_r2: -1.0108, trian_cc: 0.6323
Epoch 24, val_loss: 0.0029, val_mae: 0.0552, val_mse: 0.0058, val_r2: -1.0703, val_cc: 0.6337
Epoch 25, trian_loss: 0.0028, trian_mae: 0.0549, trian_mse:0.0057, trian_r2: -0.9188, trian_cc: 0.6372
Epoch 25, val_loss: 0.0028, val_mae: 0.0550, val_mse: 0.0057, val_r2: -0.8148, val_cc: 0.6406
Epoch 26, trian_loss: 0.0028, trian_mae: 0.0547, trian_mse:0.0056, trian_r2: -0.8483, trian_cc: 0.6422
Epoch 26, val_loss: 0.0029, val_mae: 0.0551, val_mse: 0.0058, val_r2: -1.1584, val_cc: 0.6387
Epoch 27, trian_loss: 0.0028, trian_mae: 0.0545, trian_mse:0.0056, trian_r2: -0.9121, trian_cc: 0.6446
Epoch 27, val_loss: 0.0028, val_mae: 0.0548, val_mse: 0.0057, val_r2: -1.0649, val_cc: 0.6438
Epoch 28, trian_loss: 0.0027, trian_mae: 0.0538, trian_mse:0.0054, trian_r2: -0.7568, trian_cc: 0.6518
Epoch 28, val_loss: 0.0028, val_mae: 0.0547, val_mse: 0.0056, val_r2: -1.0504, val_cc: 0.6522
Epoch 29, trian_loss: 0.0027, trian_mae: 0.0535, trian_mse:0.0054, trian_r2: -0.8076, trian_cc: 0.6552
Epoch 29, val_loss: 0.0028, val_mae: 0.0546, val_mse: 0.0056, val_r2: -0.7481, val_cc: 0.6487
Epoch 30, trian_loss: 0.0027, trian_mae: 0.0535, trian_mse:0.0054, trian_r2: -0.9237, trian_cc: 0.6559
Epoch 30, val_loss: 0.0028, val_mae: 0.0552, val_mse: 0.0056, val_r2: -1.0772, val_cc: 0.6527
Epoch 31, trian_loss: 0.0026, trian_mae: 0.0530, trian_mse:0.0053, trian_r2: -1.3538, trian_cc: 0.6610
Epoch 31, val_loss: 0.0028, val_mae: 0.0544, val_mse: 0.0055, val_r2: -0.9299, val_cc: 0.6541
Epoch 32, trian_loss: 0.0027, trian_mae: 0.0533, trian_mse:0.0053, trian_r2: -0.7676, trian_cc: 0.6624
Epoch 32, val_loss: 0.0027, val_mae: 0.0536, val_mse: 0.0054, val_r2: -0.6896, val_cc: 0.6586
Epoch 33, trian_loss: 0.0026, trian_mae: 0.0524, trian_mse:0.0052, trian_r2: -0.6976, trian_cc: 0.6668
Epoch 33, val_loss: 0.0027, val_mae: 0.0535, val_mse: 0.0054, val_r2: -0.8124, val_cc: 0.6585
Epoch 34, trian_loss: 0.0026, trian_mae: 0.0525, trian_mse:0.0052, trian_r2: -0.7443, trian_cc: 0.6684
Epoch 34, val_loss: 0.0027, val_mae: 0.0531, val_mse: 0.0054, val_r2: -0.9202, val_cc: 0.6625
Epoch 35, trian_loss: 0.0026, trian_mae: 0.0523, trian_mse:0.0052, trian_r2: -0.6253, trian_cc: 0.6716
Epoch 35, val_loss: 0.0026, val_mae: 0.0526, val_mse: 0.0053, val_r2: -0.6025, val_cc: 0.6705
Epoch 36, trian_loss: 0.0025, trian_mae: 0.0516, trian_mse:0.0050, trian_r2: -0.5881, trian_cc: 0.6794
Epoch 36, val_loss: 0.0026, val_mae: 0.0533, val_mse: 0.0052, val_r2: -0.9212, val_cc: 0.6755
Epoch 37, trian_loss: 0.0025, trian_mae: 0.0513, trian_mse:0.0050, trian_r2: -0.5332, trian_cc: 0.6825
Epoch 37, val_loss: 0.0027, val_mae: 0.0529, val_mse: 0.0053, val_r2: -0.7689, val_cc: 0.6688
Epoch 38, trian_loss: 0.0025, trian_mae: 0.0513, trian_mse:0.0050, trian_r2: -0.5812, trian_cc: 0.6819
Epoch 38, val_loss: 0.0026, val_mae: 0.0514, val_mse: 0.0051, val_r2: -0.8574, val_cc: 0.6777
Epoch 39, trian_loss: 0.0025, trian_mae: 0.0514, trian_mse:0.0050, trian_r2: -0.6335, trian_cc: 0.6839
Epoch 39, val_loss: 0.0026, val_mae: 0.0517, val_mse: 0.0052, val_r2: -0.8530, val_cc: 0.6734
Epoch 40, trian_loss: 0.0025, trian_mae: 0.0512, trian_mse:0.0050, trian_r2: -0.5214, trian_cc: 0.6850
Epoch 40, val_loss: 0.0028, val_mae: 0.0560, val_mse: 0.0056, val_r2: -1.2479, val_cc: 0.6770
Epoch 41, trian_loss: 0.0025, trian_mae: 0.0513, trian_mse:0.0050, trian_r2: -0.5317, trian_cc: 0.6857
Epoch 41, val_loss: 0.0026, val_mae: 0.0540, val_mse: 0.0052, val_r2: -0.8914, val_cc: 0.6824
Epoch 42, trian_loss: 0.0024, trian_mae: 0.0508, trian_mse:0.0049, trian_r2: -0.4882, trian_cc: 0.6905
Epoch 42, val_loss: 0.0026, val_mae: 0.0533, val_mse: 0.0052, val_r2: -0.8211, val_cc: 0.6819
Epoch 43, trian_loss: 0.0024, trian_mae: 0.0504, trian_mse:0.0048, trian_r2: -0.4611, trian_cc: 0.6943
Epoch 43, val_loss: 0.0025, val_mae: 0.0524, val_mse: 0.0050, val_r2: -0.7746, val_cc: 0.6888
Epoch 44, trian_loss: 0.0024, trian_mae: 0.0503, trian_mse:0.0048, trian_r2: -0.4661, trian_cc: 0.6953
Epoch 44, val_loss: 0.0025, val_mae: 0.0514, val_mse: 0.0050, val_r2: -0.5689, val_cc: 0.6880
Epoch 45, trian_loss: 0.0024, trian_mae: 0.0502, trian_mse:0.0048, trian_r2: -0.4187, trian_cc: 0.6967
Epoch 45, val_loss: 0.0026, val_mae: 0.0532, val_mse: 0.0051, val_r2: -0.8878, val_cc: 0.6914
Epoch 46, trian_loss: 0.0024, trian_mae: 0.0500, trian_mse:0.0048, trian_r2: -0.7353, trian_cc: 0.6993
Epoch 46, val_loss: 0.0025, val_mae: 0.0533, val_mse: 0.0051, val_r2: -0.8273, val_cc: 0.6923
Epoch 47, trian_loss: 0.0023, trian_mae: 0.0490, trian_mse:0.0046, trian_r2: -0.2991, trian_cc: 0.7057
Epoch 47, val_loss: 0.0025, val_mae: 0.0519, val_mse: 0.0049, val_r2: -0.5645, val_cc: 0.6974
Epoch 48, trian_loss: 0.0024, trian_mae: 0.0499, trian_mse:0.0047, trian_r2: -0.5056, trian_cc: 0.7044
Epoch 48, val_loss: 0.0024, val_mae: 0.0503, val_mse: 0.0049, val_r2: -0.3601, val_cc: 0.6960
Epoch 49, trian_loss: 0.0024, trian_mae: 0.0496, trian_mse:0.0047, trian_r2: -0.3762, trian_cc: 0.7047
Epoch 49, val_loss: 0.0025, val_mae: 0.0514, val_mse: 0.0049, val_r2: -0.7635, val_cc: 0.6981
Epoch 50, trian_loss: 0.0024, trian_mae: 0.0497, trian_mse:0.0047, trian_r2: -0.4797, trian_cc: 0.7046
Epoch 50, val_loss: 0.0025, val_mae: 0.0524, val_mse: 0.0050, val_r2: -0.5696, val_cc: 0.7011
Epoch 51, trian_loss: 0.0023, trian_mae: 0.0485, trian_mse:0.0045, trian_r2: -0.2708, trian_cc: 0.7128
Epoch 51, val_loss: 0.0024, val_mae: 0.0508, val_mse: 0.0048, val_r2: -0.4304, val_cc: 0.7024
Epoch 52, trian_loss: 0.0023, trian_mae: 0.0487, trian_mse:0.0046, trian_r2: -0.2723, trian_cc: 0.7130
Epoch 52, val_loss: 0.0024, val_mae: 0.0502, val_mse: 0.0049, val_r2: -0.5207, val_cc: 0.6950
Epoch 53, trian_loss: 0.0024, trian_mae: 0.0499, trian_mse:0.0047, trian_r2: -0.4239, trian_cc: 0.7070
Epoch 53, val_loss: 0.0024, val_mae: 0.0514, val_mse: 0.0049, val_r2: -0.6534, val_cc: 0.7002
Epoch 54, trian_loss: 0.0023, trian_mae: 0.0491, trian_mse:0.0046, trian_r2: -0.3600, trian_cc: 0.7113
Epoch 54, val_loss: 0.0025, val_mae: 0.0522, val_mse: 0.0049, val_r2: -0.5407, val_cc: 0.7042
Epoch 55, trian_loss: 0.0023, trian_mae: 0.0496, trian_mse:0.0047, trian_r2: -0.3285, trian_cc: 0.7108
Epoch 55, val_loss: 0.0025, val_mae: 0.0521, val_mse: 0.0049, val_r2: -0.6309, val_cc: 0.7025
Epoch 56, trian_loss: 0.0023, trian_mae: 0.0485, trian_mse:0.0045, trian_r2: -0.2956, trian_cc: 0.7167
Epoch 56, val_loss: 0.0024, val_mae: 0.0502, val_mse: 0.0047, val_r2: -0.4749, val_cc: 0.7108
Epoch 57, trian_loss: 0.0022, trian_mae: 0.0477, trian_mse:0.0044, trian_r2: -0.1882, trian_cc: 0.7225
Epoch 57, val_loss: 0.0023, val_mae: 0.0491, val_mse: 0.0046, val_r2: -0.3660, val_cc: 0.7146
Epoch 58, trian_loss: 0.0022, trian_mae: 0.0477, trian_mse:0.0044, trian_r2: -0.3644, trian_cc: 0.7224
Epoch 58, val_loss: 0.0024, val_mae: 0.0515, val_mse: 0.0048, val_r2: -0.6065, val_cc: 0.7124
Epoch 59, trian_loss: 0.0022, trian_mae: 0.0480, trian_mse:0.0045, trian_r2: -0.2430, trian_cc: 0.7225
Epoch 59, val_loss: 0.0023, val_mae: 0.0492, val_mse: 0.0046, val_r2: -0.2856, val_cc: 0.7150
Epoch 60, trian_loss: 0.0022, trian_mae: 0.0475, trian_mse:0.0044, trian_r2: -0.2174, trian_cc: 0.7253
Epoch 60, val_loss: 0.0023, val_mae: 0.0485, val_mse: 0.0046, val_r2: -0.1819, val_cc: 0.7168
Epoch 61, trian_loss: 0.0022, trian_mae: 0.0477, trian_mse:0.0044, trian_r2: -0.1639, trian_cc: 0.7237
Epoch 61, val_loss: 0.0023, val_mae: 0.0486, val_mse: 0.0046, val_r2: -0.3134, val_cc: 0.7152
Epoch 62, trian_loss: 0.0022, trian_mae: 0.0483, trian_mse:0.0045, trian_r2: -0.2990, trian_cc: 0.7225
Epoch 62, val_loss: 0.0024, val_mae: 0.0520, val_mse: 0.0049, val_r2: -0.5418, val_cc: 0.7163
Epoch 63, trian_loss: 0.0022, trian_mae: 0.0475, trian_mse:0.0044, trian_r2: -0.1775, trian_cc: 0.7268
Epoch 63, val_loss: 0.0024, val_mae: 0.0512, val_mse: 0.0047, val_r2: -0.4672, val_cc: 0.7191
Epoch 64, trian_loss: 0.0022, trian_mae: 0.0476, trian_mse:0.0044, trian_r2: -0.1737, trian_cc: 0.7273
Epoch 64, val_loss: 0.0023, val_mae: 0.0486, val_mse: 0.0046, val_r2: -0.3674, val_cc: 0.7154
Epoch 65, trian_loss: 0.0022, trian_mae: 0.0479, trian_mse:0.0044, trian_r2: -0.1761, trian_cc: 0.7261
Epoch 65, val_loss: 0.0023, val_mae: 0.0482, val_mse: 0.0045, val_r2: -0.2082, val_cc: 0.7177
Epoch 66, trian_loss: 0.0022, trian_mae: 0.0473, trian_mse:0.0044, trian_r2: -0.1641, trian_cc: 0.7312
Epoch 66, val_loss: 0.0022, val_mae: 0.0491, val_mse: 0.0045, val_r2: -0.3548, val_cc: 0.7253
Epoch 67, trian_loss: 0.0021, trian_mae: 0.0463, trian_mse:0.0042, trian_r2: -0.1296, trian_cc: 0.7376
Epoch 67, val_loss: 0.0022, val_mae: 0.0489, val_mse: 0.0045, val_r2: -0.3451, val_cc: 0.7285
Epoch 68, trian_loss: 0.0021, trian_mae: 0.0458, trian_mse:0.0041, trian_r2: -0.0656, trian_cc: 0.7401
Epoch 68, val_loss: 0.0022, val_mae: 0.0486, val_mse: 0.0044, val_r2: -0.2077, val_cc: 0.7277
Epoch 69, trian_loss: 0.0021, trian_mae: 0.0469, trian_mse:0.0043, trian_r2: -0.1457, trian_cc: 0.7343
Epoch 69, val_loss: 0.0022, val_mae: 0.0483, val_mse: 0.0045, val_r2: -0.2791, val_cc: 0.7222
Epoch 70, trian_loss: 0.0021, trian_mae: 0.0468, trian_mse:0.0043, trian_r2: -0.1678, trian_cc: 0.7355
Epoch 70, val_loss: 0.0023, val_mae: 0.0503, val_mse: 0.0046, val_r2: -0.3872, val_cc: 0.7298
Epoch 71, trian_loss: 0.0021, trian_mae: 0.0461, trian_mse:0.0042, trian_r2: -0.0777, trian_cc: 0.7388
Epoch 71, val_loss: 0.0022, val_mae: 0.0487, val_mse: 0.0044, val_r2: -0.2787, val_cc: 0.7313
Epoch 72, trian_loss: 0.0021, trian_mae: 0.0458, trian_mse:0.0042, trian_r2: -0.1548, trian_cc: 0.7420
Epoch 72, val_loss: 0.0022, val_mae: 0.0464, val_mse: 0.0043, val_r2: -0.1266, val_cc: 0.7314
Epoch 73, trian_loss: 0.0021, trian_mae: 0.0460, trian_mse:0.0042, trian_r2: -0.1005, trian_cc: 0.7411
Epoch 73, val_loss: 0.0022, val_mae: 0.0466, val_mse: 0.0044, val_r2: -0.1221, val_cc: 0.7279
Epoch 74, trian_loss: 0.0021, trian_mae: 0.0468, trian_mse:0.0043, trian_r2: -0.1757, trian_cc: 0.7383
Epoch 74, val_loss: 0.0022, val_mae: 0.0478, val_mse: 0.0044, val_r2: -0.2578, val_cc: 0.7301
Epoch 75, trian_loss: 0.0020, trian_mae: 0.0455, trian_mse:0.0041, trian_r2: -0.0423, trian_cc: 0.7487
Epoch 75, val_loss: 0.0021, val_mae: 0.0469, val_mse: 0.0042, val_r2: -0.2617, val_cc: 0.7445
Epoch 76, trian_loss: 0.0019, trian_mae: 0.0432, trian_mse:0.0038, trian_r2: 0.0562, trian_cc: 0.7621
Epoch 76, val_loss: 0.0020, val_mae: 0.0459, val_mse: 0.0041, val_r2: -0.2028, val_cc: 0.7501
Epoch 77, trian_loss: 0.0019, trian_mae: 0.0426, trian_mse:0.0037, trian_r2: 0.0902, trian_cc: 0.7671
Epoch 77, val_loss: 0.0020, val_mae: 0.0457, val_mse: 0.0041, val_r2: -0.1607, val_cc: 0.7518
Epoch 78, trian_loss: 0.0019, trian_mae: 0.0427, trian_mse:0.0037, trian_r2: 0.0827, trian_cc: 0.7680
Epoch 78, val_loss: 0.0020, val_mae: 0.0459, val_mse: 0.0041, val_r2: -0.1594, val_cc: 0.7494
Epoch 79, trian_loss: 0.0019, trian_mae: 0.0427, trian_mse:0.0037, trian_r2: 0.1043, trian_cc: 0.7691
Epoch 79, val_loss: 0.0020, val_mae: 0.0456, val_mse: 0.0040, val_r2: -0.1261, val_cc: 0.7501
Epoch 80, trian_loss: 0.0019, trian_mae: 0.0425, trian_mse:0.0037, trian_r2: 0.0972, trian_cc: 0.7712
Epoch 80, val_loss: 0.0020, val_mae: 0.0460, val_mse: 0.0041, val_r2: -0.0987, val_cc: 0.7545
Epoch 81, trian_loss: 0.0018, trian_mae: 0.0424, trian_mse:0.0037, trian_r2: 0.1220, trian_cc: 0.7727
Epoch 81, val_loss: 0.0020, val_mae: 0.0465, val_mse: 0.0041, val_r2: -0.1838, val_cc: 0.7552
Epoch 82, trian_loss: 0.0018, trian_mae: 0.0423, trian_mse:0.0037, trian_r2: 0.1037, trian_cc: 0.7739
Epoch 82, val_loss: 0.0020, val_mae: 0.0453, val_mse: 0.0040, val_r2: -0.1277, val_cc: 0.7559
Epoch 83, trian_loss: 0.0018, trian_mae: 0.0420, trian_mse:0.0036, trian_r2: 0.1237, trian_cc: 0.7761
Epoch 83, val_loss: 0.0020, val_mae: 0.0451, val_mse: 0.0040, val_r2: -0.0945, val_cc: 0.7534
Epoch 84, trian_loss: 0.0018, trian_mae: 0.0417, trian_mse:0.0036, trian_r2: 0.1404, trian_cc: 0.7780
Epoch 84, val_loss: 0.0020, val_mae: 0.0449, val_mse: 0.0040, val_r2: -0.0999, val_cc: 0.7567
Epoch 85, trian_loss: 0.0018, trian_mae: 0.0414, trian_mse:0.0036, trian_r2: 0.1553, trian_cc: 0.7800
Epoch 85, val_loss: 0.0020, val_mae: 0.0450, val_mse: 0.0039, val_r2: -0.0716, val_cc: 0.7596
Epoch 86, trian_loss: 0.0018, trian_mae: 0.0413, trian_mse:0.0036, trian_r2: 0.1188, trian_cc: 0.7807
Epoch 86, val_loss: 0.0020, val_mae: 0.0465, val_mse: 0.0041, val_r2: -0.1707, val_cc: 0.7593
Epoch 87, trian_loss: 0.0018, trian_mae: 0.0418, trian_mse:0.0036, trian_r2: 0.1489, trian_cc: 0.7800
Epoch 87, val_loss: 0.0020, val_mae: 0.0453, val_mse: 0.0040, val_r2: -0.0929, val_cc: 0.7575
Epoch 88, trian_loss: 0.0018, trian_mae: 0.0418, trian_mse:0.0036, trian_r2: 0.1182, trian_cc: 0.7810
Epoch 88, val_loss: 0.0020, val_mae: 0.0458, val_mse: 0.0040, val_r2: -0.0951, val_cc: 0.7560
Epoch 89, trian_loss: 0.0018, trian_mae: 0.0412, trian_mse:0.0035, trian_r2: 0.1761, trian_cc: 0.7840
Epoch 89, val_loss: 0.0020, val_mae: 0.0453, val_mse: 0.0040, val_r2: -0.0768, val_cc: 0.7593
Epoch 90, trian_loss: 0.0018, trian_mae: 0.0412, trian_mse:0.0035, trian_r2: 0.1401, trian_cc: 0.7849
Epoch 90, val_loss: 0.0019, val_mae: 0.0447, val_mse: 0.0039, val_r2: -0.0423, val_cc: 0.7639
Epoch 91, trian_loss: 0.0018, trian_mae: 0.0416, trian_mse:0.0036, trian_r2: 0.1756, trian_cc: 0.7844
Epoch 91, val_loss: 0.0019, val_mae: 0.0436, val_mse: 0.0038, val_r2: -0.0300, val_cc: 0.7625
Epoch 92, trian_loss: 0.0018, trian_mae: 0.0412, trian_mse:0.0035, trian_r2: 0.1302, trian_cc: 0.7857
Epoch 92, val_loss: 0.0019, val_mae: 0.0439, val_mse: 0.0038, val_r2: -0.0313, val_cc: 0.7621
Epoch 93, trian_loss: 0.0017, trian_mae: 0.0406, trian_mse:0.0035, trian_r2: 0.1747, trian_cc: 0.7883
Epoch 93, val_loss: 0.0019, val_mae: 0.0446, val_mse: 0.0039, val_r2: -0.0646, val_cc: 0.7658
Epoch 94, trian_loss: 0.0017, trian_mae: 0.0405, trian_mse:0.0034, trian_r2: 0.2080, trian_cc: 0.7899
Epoch 94, val_loss: 0.0019, val_mae: 0.0440, val_mse: 0.0038, val_r2: 0.0046, val_cc: 0.7678
Epoch 95, trian_loss: 0.0017, trian_mae: 0.0403, trian_mse:0.0034, trian_r2: 0.1935, trian_cc: 0.7913
Epoch 95, val_loss: 0.0019, val_mae: 0.0433, val_mse: 0.0038, val_r2: 0.0430, val_cc: 0.7707
Epoch 96, trian_loss: 0.0017, trian_mae: 0.0401, trian_mse:0.0034, trian_r2: 0.2556, trian_cc: 0.7924
Epoch 96, val_loss: 0.0019, val_mae: 0.0439, val_mse: 0.0038, val_r2: 0.0067, val_cc: 0.7717
Epoch 97, trian_loss: 0.0017, trian_mae: 0.0404, trian_mse:0.0034, trian_r2: 0.2030, trian_cc: 0.7921
Epoch 97, val_loss: 0.0019, val_mae: 0.0432, val_mse: 0.0037, val_r2: -0.0223, val_cc: 0.7715
Epoch 98, trian_loss: 0.0017, trian_mae: 0.0405, trian_mse:0.0034, trian_r2: 0.2192, trian_cc: 0.7923
Epoch 98, val_loss: 0.0019, val_mae: 0.0435, val_mse: 0.0038, val_r2: -0.0563, val_cc: 0.7676
Epoch 99, trian_loss: 0.0017, trian_mae: 0.0402, trian_mse:0.0034, trian_r2: 0.2056, trian_cc: 0.7936
Epoch 99, val_loss: 0.0019, val_mae: 0.0435, val_mse: 0.0038, val_r2: -0.0261, val_cc: 0.7726
