Trian Data: 633   Validation Data: 211  Test Data: 212
[1, 1]
[1, 1]
[1, 1]
[1, 1]
model SENet(
  (conv1): Conv2d(437, 64, kernel_size=(3, 3), stride=(1, 1), padding=(1, 1), bias=False)
  (bn1): BatchNorm2d(64, eps=1e-05, momentum=0.1, affine=True, track_running_stats=True)
  (layer1): Sequential(
    (0): BasicBlock(
      (conv1): Conv2d(64, 64, kernel_size=(3, 3), stride=(1, 1), padding=(1, 1), bias=False)
      (bn1): BatchNorm2d(64, eps=1e-05, momentum=0.1, affine=True, track_running_stats=True)
      (conv2): Conv2d(64, 64, kernel_size=(3, 3), stride=(1, 1), padding=(1, 1), bias=False)
      (bn2): BatchNorm2d(64, eps=1e-05, momentum=0.1, affine=True, track_running_stats=True)
      (shortcut): Sequential()
      (fc1): Conv2d(64, 4, kernel_size=(1, 1), stride=(1, 1))
      (fc2): Conv2d(4, 64, kernel_size=(1, 1), stride=(1, 1))
    )
    (1): BasicBlock(
      (conv1): Conv2d(64, 64, kernel_size=(3, 3), stride=(1, 1), padding=(1, 1), bias=False)
      (bn1): BatchNorm2d(64, eps=1e-05, momentum=0.1, affine=True, track_running_stats=True)
      (conv2): Conv2d(64, 64, kernel_size=(3, 3), stride=(1, 1), padding=(1, 1), bias=False)
      (bn2): BatchNorm2d(64, eps=1e-05, momentum=0.1, affine=True, track_running_stats=True)
      (shortcut): Sequential()
      (fc1): Conv2d(64, 4, kernel_size=(1, 1), stride=(1, 1))
      (fc2): Conv2d(4, 64, kernel_size=(1, 1), stride=(1, 1))
    )
  )
  (layer2): Sequential(
    (0): BasicBlock(
      (conv1): Conv2d(64, 64, kernel_size=(3, 3), stride=(1, 1), padding=(1, 1), bias=False)
      (bn1): BatchNorm2d(64, eps=1e-05, momentum=0.1, affine=True, track_running_stats=True)
      (conv2): Conv2d(64, 64, kernel_size=(3, 3), stride=(1, 1), padding=(1, 1), bias=False)
      (bn2): BatchNorm2d(64, eps=1e-05, momentum=0.1, affine=True, track_running_stats=True)
      (shortcut): Sequential()
      (fc1): Conv2d(64, 4, kernel_size=(1, 1), stride=(1, 1))
      (fc2): Conv2d(4, 64, kernel_size=(1, 1), stride=(1, 1))
    )
    (1): BasicBlock(
      (conv1): Conv2d(64, 64, kernel_size=(3, 3), stride=(1, 1), padding=(1, 1), bias=False)
      (bn1): BatchNorm2d(64, eps=1e-05, momentum=0.1, affine=True, track_running_stats=True)
      (conv2): Conv2d(64, 64, kernel_size=(3, 3), stride=(1, 1), padding=(1, 1), bias=False)
      (bn2): BatchNorm2d(64, eps=1e-05, momentum=0.1, affine=True, track_running_stats=True)
      (shortcut): Sequential()
      (fc1): Conv2d(64, 4, kernel_size=(1, 1), stride=(1, 1))
      (fc2): Conv2d(4, 64, kernel_size=(1, 1), stride=(1, 1))
    )
  )
  (layer3): Sequential(
    (0): BasicBlock(
      (conv1): Conv2d(64, 64, kernel_size=(3, 3), stride=(1, 1), padding=(1, 1), bias=False)
      (bn1): BatchNorm2d(64, eps=1e-05, momentum=0.1, affine=True, track_running_stats=True)
      (conv2): Conv2d(64, 64, kernel_size=(3, 3), stride=(1, 1), padding=(1, 1), bias=False)
      (bn2): BatchNorm2d(64, eps=1e-05, momentum=0.1, affine=True, track_running_stats=True)
      (shortcut): Sequential()
      (fc1): Conv2d(64, 4, kernel_size=(1, 1), stride=(1, 1))
      (fc2): Conv2d(4, 64, kernel_size=(1, 1), stride=(1, 1))
    )
    (1): BasicBlock(
      (conv1): Conv2d(64, 64, kernel_size=(3, 3), stride=(1, 1), padding=(1, 1), bias=False)
      (bn1): BatchNorm2d(64, eps=1e-05, momentum=0.1, affine=True, track_running_stats=True)
      (conv2): Conv2d(64, 64, kernel_size=(3, 3), stride=(1, 1), padding=(1, 1), bias=False)
      (bn2): BatchNorm2d(64, eps=1e-05, momentum=0.1, affine=True, track_running_stats=True)
      (shortcut): Sequential()
      (fc1): Conv2d(64, 4, kernel_size=(1, 1), stride=(1, 1))
      (fc2): Conv2d(4, 64, kernel_size=(1, 1), stride=(1, 1))
    )
  )
  (layer4): Sequential(
    (0): BasicBlock(
      (conv1): Conv2d(64, 64, kernel_size=(3, 3), stride=(1, 1), padding=(1, 1), bias=False)
      (bn1): BatchNorm2d(64, eps=1e-05, momentum=0.1, affine=True, track_running_stats=True)
      (conv2): Conv2d(64, 64, kernel_size=(3, 3), stride=(1, 1), padding=(1, 1), bias=False)
      (bn2): BatchNorm2d(64, eps=1e-05, momentum=0.1, affine=True, track_running_stats=True)
      (shortcut): Sequential()
      (fc1): Conv2d(64, 4, kernel_size=(1, 1), stride=(1, 1))
      (fc2): Conv2d(4, 64, kernel_size=(1, 1), stride=(1, 1))
    )
    (1): BasicBlock(
      (conv1): Conv2d(64, 64, kernel_size=(3, 3), stride=(1, 1), padding=(1, 1), bias=False)
      (bn1): BatchNorm2d(64, eps=1e-05, momentum=0.1, affine=True, track_running_stats=True)
      (conv2): Conv2d(64, 64, kernel_size=(3, 3), stride=(1, 1), padding=(1, 1), bias=False)
      (bn2): BatchNorm2d(64, eps=1e-05, momentum=0.1, affine=True, track_running_stats=True)
      (shortcut): Sequential()
      (fc1): Conv2d(64, 4, kernel_size=(1, 1), stride=(1, 1))
      (fc2): Conv2d(4, 64, kernel_size=(1, 1), stride=(1, 1))
    )
  )
  (cnn): CNNnet(
    (conv1): Sequential(
      (0): Conv2d(64, 32, kernel_size=(3, 3), stride=(1, 1), padding=(1, 1))
      (1): BatchNorm2d(32, eps=1e-05, momentum=0.1, affine=True, track_running_stats=True)
      (2): ReLU()
    )
    (conv2): Sequential(
      (0): Conv2d(32, 16, kernel_size=(3, 3), stride=(1, 1), padding=(1, 1))
      (1): BatchNorm2d(16, eps=1e-05, momentum=0.1, affine=True, track_running_stats=True)
      (2): ReLU()
    )
    (conv3): Sequential(
      (0): Conv2d(16, 1, kernel_size=(3, 3), stride=(1, 1), padding=(1, 1))
      (1): BatchNorm2d(1, eps=1e-05, momentum=0.1, affine=True, track_running_stats=True)
      (2): ReLU()
    )
  )
)
Epoch  0, trian_loss: 0.0067, trian_mae: 0.0868, trian_mse:0.0135, trian_r2: -13.9967, trian_cc: 0.0249
Epoch  0, val_loss: 0.0060, val_mae: 0.0832, val_mse: 0.0119, val_r2: -15.1260, val_cc: 0.0381
Epoch  1, trian_loss: 0.0054, trian_mae: 0.0810, trian_mse:0.0108, trian_r2: -1057.3478, trian_cc: 0.0971
Epoch  1, val_loss: 0.0054, val_mae: 0.0800, val_mse: 0.0107, val_r2: -899.0242, val_cc: 0.1103
Epoch  2, trian_loss: 0.0054, trian_mae: 0.0808, trian_mse:0.0107, trian_r2: -684.2700, trian_cc: 0.1105
Epoch  2, val_loss: 0.0054, val_mae: 0.0800, val_mse: 0.0107, val_r2: -703.2325, val_cc: 0.1158
Epoch  3, trian_loss: 0.0053, trian_mae: 0.0807, trian_mse:0.0107, trian_r2: -462.5761, trian_cc: 0.1219
Epoch  3, val_loss: 0.0053, val_mae: 0.0798, val_mse: 0.0107, val_r2: -320.3954, val_cc: 0.1426
Epoch  4, trian_loss: 0.0053, trian_mae: 0.0805, trian_mse:0.0106, trian_r2: -251.4475, trian_cc: 0.1488
Epoch  4, val_loss: 0.0053, val_mae: 0.0797, val_mse: 0.0106, val_r2: -210.9279, val_cc: 0.1596
Epoch  5, trian_loss: 0.0053, trian_mae: 0.0805, trian_mse:0.0106, trian_r2: -227.4607, trian_cc: 0.1523
Epoch  5, val_loss: 0.0053, val_mae: 0.0797, val_mse: 0.0106, val_r2: -214.7309, val_cc: 0.1616
Epoch  6, trian_loss: 0.0053, trian_mae: 0.0804, trian_mse:0.0106, trian_r2: -182.3106, trian_cc: 0.1658
Epoch  6, val_loss: 0.0053, val_mae: 0.0796, val_mse: 0.0106, val_r2: -166.9256, val_cc: 0.1738
Epoch  7, trian_loss: 0.0053, trian_mae: 0.0802, trian_mse:0.0106, trian_r2: -167.6818, trian_cc: 0.1735
Epoch  7, val_loss: 0.0053, val_mae: 0.0793, val_mse: 0.0105, val_r2: -129.0053, val_cc: 0.1831
Epoch  8, trian_loss: 0.0053, trian_mae: 0.0800, trian_mse:0.0105, trian_r2: -125.8245, trian_cc: 0.1774
Epoch  8, val_loss: 0.0053, val_mae: 0.0791, val_mse: 0.0105, val_r2: -104.6772, val_cc: 0.1906
Epoch  9, trian_loss: 0.0052, trian_mae: 0.0797, trian_mse:0.0105, trian_r2: -99.2636, trian_cc: 0.1948
Epoch  9, val_loss: 0.0052, val_mae: 0.0788, val_mse: 0.0104, val_r2: -80.4009, val_cc: 0.2095
Epoch 10, trian_loss: 0.0052, trian_mae: 0.0792, trian_mse:0.0104, trian_r2: -75.8914, trian_cc: 0.2072
Epoch 10, val_loss: 0.0052, val_mae: 0.0782, val_mse: 0.0103, val_r2: -53.4871, val_cc: 0.2258
Epoch 11, trian_loss: 0.0051, trian_mae: 0.0786, trian_mse:0.0103, trian_r2: -54.2555, trian_cc: 0.2251
Epoch 11, val_loss: 0.0051, val_mae: 0.0776, val_mse: 0.0102, val_r2: -34.4488, val_cc: 0.2489
Epoch 12, trian_loss: 0.0050, trian_mae: 0.0776, trian_mse:0.0100, trian_r2: -41.9753, trian_cc: 0.2523
Epoch 12, val_loss: 0.0050, val_mae: 0.0768, val_mse: 0.0100, val_r2: -30.7967, val_cc: 0.2639
Epoch 13, trian_loss: 0.0050, trian_mae: 0.0772, trian_mse:0.0100, trian_r2: -39.3079, trian_cc: 0.2620
Epoch 13, val_loss: 0.0050, val_mae: 0.0764, val_mse: 0.0100, val_r2: -29.7851, val_cc: 0.2660
Epoch 14, trian_loss: 0.0049, trian_mae: 0.0766, trian_mse:0.0099, trian_r2: -34.2837, trian_cc: 0.2692
Epoch 14, val_loss: 0.0050, val_mae: 0.0762, val_mse: 0.0099, val_r2: -20.4353, val_cc: 0.2742
Epoch 15, trian_loss: 0.0049, trian_mae: 0.0758, trian_mse:0.0097, trian_r2: -29.6601, trian_cc: 0.2829
Epoch 15, val_loss: 0.0049, val_mae: 0.0757, val_mse: 0.0098, val_r2: -24.6093, val_cc: 0.2835
Epoch 16, trian_loss: 0.0048, trian_mae: 0.0756, trian_mse:0.0097, trian_r2: -26.2761, trian_cc: 0.2907
Epoch 16, val_loss: 0.0049, val_mae: 0.0751, val_mse: 0.0097, val_r2: -19.7592, val_cc: 0.2932
Epoch 17, trian_loss: 0.0048, trian_mae: 0.0747, trian_mse:0.0095, trian_r2: -22.7307, trian_cc: 0.3055
Epoch 17, val_loss: 0.0048, val_mae: 0.0750, val_mse: 0.0097, val_r2: -16.3067, val_cc: 0.2960
Epoch 18, trian_loss: 0.0047, trian_mae: 0.0744, trian_mse:0.0094, trian_r2: -21.8892, trian_cc: 0.3100
Epoch 18, val_loss: 0.0048, val_mae: 0.0744, val_mse: 0.0096, val_r2: -16.0397, val_cc: 0.3019
Epoch 19, trian_loss: 0.0047, trian_mae: 0.0742, trian_mse:0.0094, trian_r2: -21.1083, trian_cc: 0.3139
Epoch 19, val_loss: 0.0047, val_mae: 0.0740, val_mse: 0.0095, val_r2: -19.4651, val_cc: 0.3132
Epoch 20, trian_loss: 0.0047, trian_mae: 0.0736, trian_mse:0.0093, trian_r2: -19.2427, trian_cc: 0.3219
Epoch 20, val_loss: 0.0047, val_mae: 0.0733, val_mse: 0.0094, val_r2: -18.4674, val_cc: 0.3193
Epoch 21, trian_loss: 0.0046, trian_mae: 0.0729, trian_mse:0.0092, trian_r2: -17.7393, trian_cc: 0.3299
Epoch 21, val_loss: 0.0046, val_mae: 0.0729, val_mse: 0.0093, val_r2: -14.4605, val_cc: 0.3279
Epoch 22, trian_loss: 0.0045, trian_mae: 0.0725, trian_mse:0.0091, trian_r2: -15.6106, trian_cc: 0.3409
Epoch 22, val_loss: 0.0046, val_mae: 0.0725, val_mse: 0.0092, val_r2: -16.2808, val_cc: 0.3401
Epoch 23, trian_loss: 0.0045, trian_mae: 0.0721, trian_mse:0.0090, trian_r2: -14.8380, trian_cc: 0.3436
Epoch 23, val_loss: 0.0046, val_mae: 0.0724, val_mse: 0.0091, val_r2: -22.1736, val_cc: 0.3440
Epoch 24, trian_loss: 0.0044, trian_mae: 0.0711, trian_mse:0.0088, trian_r2: -12.6455, trian_cc: 0.3635
Epoch 24, val_loss: 0.0044, val_mae: 0.0709, val_mse: 0.0088, val_r2: -18.1081, val_cc: 0.3685
Epoch 25, trian_loss: 0.0043, trian_mae: 0.0703, trian_mse:0.0086, trian_r2: -11.9493, trian_cc: 0.3801
Epoch 25, val_loss: 0.0043, val_mae: 0.0702, val_mse: 0.0087, val_r2: -16.5118, val_cc: 0.3812
Epoch 26, trian_loss: 0.0041, trian_mae: 0.0687, trian_mse:0.0083, trian_r2: -8.9183, trian_cc: 0.4056
Epoch 26, val_loss: 0.0042, val_mae: 0.0697, val_mse: 0.0084, val_r2: -16.9608, val_cc: 0.4027
Epoch 27, trian_loss: 0.0041, trian_mae: 0.0681, trian_mse:0.0081, trian_r2: -8.2885, trian_cc: 0.4212
Epoch 27, val_loss: 0.0041, val_mae: 0.0685, val_mse: 0.0082, val_r2: -11.8205, val_cc: 0.4235
Epoch 28, trian_loss: 0.0040, trian_mae: 0.0678, trian_mse:0.0080, trian_r2: -7.8661, trian_cc: 0.4332
Epoch 28, val_loss: 0.0040, val_mae: 0.0682, val_mse: 0.0080, val_r2: -11.4984, val_cc: 0.4385
Epoch 29, trian_loss: 0.0039, trian_mae: 0.0667, trian_mse:0.0078, trian_r2: -6.9228, trian_cc: 0.4504
Epoch 29, val_loss: 0.0038, val_mae: 0.0664, val_mse: 0.0076, val_r2: -7.5738, val_cc: 0.4661
Epoch 30, trian_loss: 0.0037, trian_mae: 0.0648, trian_mse:0.0074, trian_r2: -5.3241, trian_cc: 0.4772
Epoch 30, val_loss: 0.0037, val_mae: 0.0654, val_mse: 0.0074, val_r2: -6.3118, val_cc: 0.4826
Epoch 31, trian_loss: 0.0036, trian_mae: 0.0645, trian_mse:0.0073, trian_r2: -5.2588, trian_cc: 0.4891
Epoch 31, val_loss: 0.0035, val_mae: 0.0634, val_mse: 0.0070, val_r2: -4.5540, val_cc: 0.5074
Epoch 32, trian_loss: 0.0036, trian_mae: 0.0637, trian_mse:0.0071, trian_r2: -4.4389, trian_cc: 0.5042
Epoch 32, val_loss: 0.0035, val_mae: 0.0632, val_mse: 0.0069, val_r2: -6.2720, val_cc: 0.5264
Epoch 33, trian_loss: 0.0035, trian_mae: 0.0633, trian_mse:0.0070, trian_r2: -4.2494, trian_cc: 0.5198
Epoch 33, val_loss: 0.0034, val_mae: 0.0626, val_mse: 0.0069, val_r2: -5.0268, val_cc: 0.5418
Epoch 34, trian_loss: 0.0034, trian_mae: 0.0623, trian_mse:0.0068, trian_r2: -3.7936, trian_cc: 0.5330
Epoch 34, val_loss: 0.0037, val_mae: 0.0652, val_mse: 0.0074, val_r2: -4.6832, val_cc: 0.5417
Epoch 35, trian_loss: 0.0034, trian_mae: 0.0616, trian_mse:0.0067, trian_r2: -3.2855, trian_cc: 0.5441
Epoch 35, val_loss: 0.0036, val_mae: 0.0642, val_mse: 0.0071, val_r2: -4.5979, val_cc: 0.5580
Epoch 36, trian_loss: 0.0033, trian_mae: 0.0608, trian_mse:0.0065, trian_r2: -2.6870, trian_cc: 0.5588
Epoch 36, val_loss: 0.0032, val_mae: 0.0606, val_mse: 0.0064, val_r2: -3.4820, val_cc: 0.5780
Epoch 37, trian_loss: 0.0032, trian_mae: 0.0598, trian_mse:0.0063, trian_r2: -2.5385, trian_cc: 0.5757
Epoch 37, val_loss: 0.0031, val_mae: 0.0592, val_mse: 0.0063, val_r2: -2.2296, val_cc: 0.5911
Epoch 38, trian_loss: 0.0031, trian_mae: 0.0596, trian_mse:0.0063, trian_r2: -2.6417, trian_cc: 0.5839
Epoch 38, val_loss: 0.0031, val_mae: 0.0599, val_mse: 0.0063, val_r2: -3.1263, val_cc: 0.5939
Epoch 39, trian_loss: 0.0031, trian_mae: 0.0595, trian_mse:0.0063, trian_r2: -2.2031, trian_cc: 0.5868
Epoch 39, val_loss: 0.0034, val_mae: 0.0626, val_mse: 0.0067, val_r2: -2.1981, val_cc: 0.5909
Epoch 40, trian_loss: 0.0031, trian_mae: 0.0592, trian_mse:0.0062, trian_r2: -1.9951, trian_cc: 0.5944
Epoch 40, val_loss: 0.0031, val_mae: 0.0596, val_mse: 0.0061, val_r2: -2.2687, val_cc: 0.6116
Epoch 41, trian_loss: 0.0030, trian_mae: 0.0587, trian_mse:0.0061, trian_r2: -1.9972, trian_cc: 0.6032
Epoch 41, val_loss: 0.0029, val_mae: 0.0576, val_mse: 0.0058, val_r2: -1.8919, val_cc: 0.6237
Epoch 42, trian_loss: 0.0030, trian_mae: 0.0576, trian_mse:0.0059, trian_r2: -1.8536, trian_cc: 0.6157
Epoch 42, val_loss: 0.0030, val_mae: 0.0595, val_mse: 0.0060, val_r2: -2.1584, val_cc: 0.6264
Epoch 43, trian_loss: 0.0029, trian_mae: 0.0566, trian_mse:0.0057, trian_r2: -1.3965, trian_cc: 0.6235
Epoch 43, val_loss: 0.0032, val_mae: 0.0620, val_mse: 0.0065, val_r2: -2.7833, val_cc: 0.6190
Epoch 44, trian_loss: 0.0028, trian_mae: 0.0566, trian_mse:0.0057, trian_r2: -1.2838, trian_cc: 0.6283
Epoch 44, val_loss: 0.0028, val_mae: 0.0558, val_mse: 0.0056, val_r2: -1.3711, val_cc: 0.6405
Epoch 45, trian_loss: 0.0029, trian_mae: 0.0569, trian_mse:0.0057, trian_r2: -1.3294, trian_cc: 0.6314
Epoch 45, val_loss: 0.0029, val_mae: 0.0571, val_mse: 0.0058, val_r2: -2.3590, val_cc: 0.6392
Epoch 46, trian_loss: 0.0028, trian_mae: 0.0557, trian_mse:0.0055, trian_r2: -1.1484, trian_cc: 0.6404
Epoch 46, val_loss: 0.0028, val_mae: 0.0566, val_mse: 0.0055, val_r2: -1.6175, val_cc: 0.6547
Epoch 47, trian_loss: 0.0027, trian_mae: 0.0549, trian_mse:0.0054, trian_r2: -1.0573, trian_cc: 0.6503
Epoch 47, val_loss: 0.0028, val_mae: 0.0572, val_mse: 0.0056, val_r2: -1.6790, val_cc: 0.6576
Epoch 48, trian_loss: 0.0027, trian_mae: 0.0552, trian_mse:0.0054, trian_r2: -1.0694, trian_cc: 0.6529
Epoch 48, val_loss: 0.0027, val_mae: 0.0552, val_mse: 0.0053, val_r2: -1.3491, val_cc: 0.6691
Epoch 49, trian_loss: 0.0026, trian_mae: 0.0534, trian_mse:0.0052, trian_r2: -0.7638, trian_cc: 0.6658
Epoch 49, val_loss: 0.0028, val_mae: 0.0575, val_mse: 0.0056, val_r2: -1.3549, val_cc: 0.6761
Epoch 50, trian_loss: 0.0024, trian_mae: 0.0515, trian_mse:0.0049, trian_r2: -0.6011, trian_cc: 0.6781
Epoch 50, val_loss: 0.0028, val_mae: 0.0582, val_mse: 0.0057, val_r2: -1.4445, val_cc: 0.6799
Epoch 51, trian_loss: 0.0025, trian_mae: 0.0526, trian_mse:0.0050, trian_r2: -0.6764, trian_cc: 0.6725
Epoch 51, val_loss: 0.0027, val_mae: 0.0564, val_mse: 0.0055, val_r2: -1.1983, val_cc: 0.6765
Epoch 52, trian_loss: 0.0026, trian_mae: 0.0540, trian_mse:0.0053, trian_r2: -0.8282, trian_cc: 0.6685
Epoch 52, val_loss: 0.0025, val_mae: 0.0528, val_mse: 0.0050, val_r2: -0.7836, val_cc: 0.6825
Epoch 53, trian_loss: 0.0025, trian_mae: 0.0525, trian_mse:0.0050, trian_r2: -0.6483, trian_cc: 0.6783
Epoch 53, val_loss: 0.0025, val_mae: 0.0517, val_mse: 0.0050, val_r2: -0.5478, val_cc: 0.6893
Epoch 54, trian_loss: 0.0025, trian_mae: 0.0523, trian_mse:0.0050, trian_r2: -0.6739, trian_cc: 0.6824
Epoch 54, val_loss: 0.0025, val_mae: 0.0522, val_mse: 0.0050, val_r2: -0.6340, val_cc: 0.6893
Epoch 55, trian_loss: 0.0025, trian_mae: 0.0529, trian_mse:0.0051, trian_r2: -0.6734, trian_cc: 0.6806
Epoch 55, val_loss: 0.0026, val_mae: 0.0557, val_mse: 0.0053, val_r2: -1.0421, val_cc: 0.6894
Epoch 56, trian_loss: 0.0024, trian_mae: 0.0511, trian_mse:0.0048, trian_r2: -0.4856, trian_cc: 0.6918
Epoch 56, val_loss: 0.0024, val_mae: 0.0512, val_mse: 0.0048, val_r2: -0.4545, val_cc: 0.7016
Epoch 57, trian_loss: 0.0024, trian_mae: 0.0507, trian_mse:0.0047, trian_r2: -0.4715, trian_cc: 0.6944
Epoch 57, val_loss: 0.0024, val_mae: 0.0521, val_mse: 0.0049, val_r2: -0.8077, val_cc: 0.6966
Epoch 58, trian_loss: 0.0025, trian_mae: 0.0520, trian_mse:0.0049, trian_r2: -0.5779, trian_cc: 0.6873
Epoch 58, val_loss: 0.0026, val_mae: 0.0543, val_mse: 0.0051, val_r2: -0.7542, val_cc: 0.6962
Epoch 59, trian_loss: 0.0024, trian_mae: 0.0512, trian_mse:0.0048, trian_r2: -0.4593, trian_cc: 0.6953
Epoch 59, val_loss: 0.0024, val_mae: 0.0512, val_mse: 0.0047, val_r2: -0.4816, val_cc: 0.7048
Epoch 60, trian_loss: 0.0023, trian_mae: 0.0503, trian_mse:0.0047, trian_r2: -0.3900, trian_cc: 0.6999
Epoch 60, val_loss: 0.0024, val_mae: 0.0502, val_mse: 0.0047, val_r2: -0.3585, val_cc: 0.7066
Epoch 61, trian_loss: 0.0024, trian_mae: 0.0515, trian_mse:0.0049, trian_r2: -0.5079, trian_cc: 0.6922
Epoch 61, val_loss: 0.0024, val_mae: 0.0503, val_mse: 0.0047, val_r2: -0.3347, val_cc: 0.7049
Epoch 62, trian_loss: 0.0024, trian_mae: 0.0509, trian_mse:0.0048, trian_r2: -0.4451, trian_cc: 0.7001
Epoch 62, val_loss: 0.0026, val_mae: 0.0565, val_mse: 0.0053, val_r2: -1.3226, val_cc: 0.7030
Epoch 63, trian_loss: 0.0023, trian_mae: 0.0496, trian_mse:0.0046, trian_r2: -0.3282, trian_cc: 0.7087
Epoch 63, val_loss: 0.0024, val_mae: 0.0529, val_mse: 0.0049, val_r2: -0.6593, val_cc: 0.7137
Epoch 64, trian_loss: 0.0023, trian_mae: 0.0497, trian_mse:0.0046, trian_r2: -0.3659, trian_cc: 0.7055
Epoch 64, val_loss: 0.0023, val_mae: 0.0499, val_mse: 0.0046, val_r2: -0.3772, val_cc: 0.7108
Epoch 65, trian_loss: 0.0023, trian_mae: 0.0500, trian_mse:0.0046, trian_r2: -0.3306, trian_cc: 0.7068
Epoch 65, val_loss: 0.0023, val_mae: 0.0489, val_mse: 0.0045, val_r2: -0.2649, val_cc: 0.7170
Epoch 66, trian_loss: 0.0023, trian_mae: 0.0498, trian_mse:0.0046, trian_r2: -0.3178, trian_cc: 0.7104
Epoch 66, val_loss: 0.0023, val_mae: 0.0504, val_mse: 0.0046, val_r2: -0.4431, val_cc: 0.7167
Epoch 67, trian_loss: 0.0023, trian_mae: 0.0500, trian_mse:0.0046, trian_r2: -0.3325, trian_cc: 0.7101
Epoch 67, val_loss: 0.0026, val_mae: 0.0561, val_mse: 0.0052, val_r2: -0.8940, val_cc: 0.7075
Epoch 68, trian_loss: 0.0023, trian_mae: 0.0499, trian_mse:0.0046, trian_r2: -0.3464, trian_cc: 0.7089
Epoch 68, val_loss: 0.0025, val_mae: 0.0536, val_mse: 0.0049, val_r2: -0.5996, val_cc: 0.7145
Epoch 69, trian_loss: 0.0024, trian_mae: 0.0508, trian_mse:0.0047, trian_r2: -0.3886, trian_cc: 0.7072
Epoch 69, val_loss: 0.0023, val_mae: 0.0509, val_mse: 0.0047, val_r2: -0.2600, val_cc: 0.7143
Epoch 70, trian_loss: 0.0022, trian_mae: 0.0490, trian_mse:0.0045, trian_r2: -0.2542, trian_cc: 0.7243
Epoch 70, val_loss: 0.0021, val_mae: 0.0469, val_mse: 0.0042, val_r2: -0.1235, val_cc: 0.7366
Epoch 71, trian_loss: 0.0020, trian_mae: 0.0459, trian_mse:0.0041, trian_r2: -0.0502, trian_cc: 0.7408
Epoch 71, val_loss: 0.0021, val_mae: 0.0467, val_mse: 0.0041, val_r2: -0.0891, val_cc: 0.7443
Epoch 72, trian_loss: 0.0020, trian_mae: 0.0449, trian_mse:0.0040, trian_r2: 0.0172, trian_cc: 0.7467
Epoch 72, val_loss: 0.0021, val_mae: 0.0476, val_mse: 0.0042, val_r2: -0.1206, val_cc: 0.7454
Epoch 73, trian_loss: 0.0020, trian_mae: 0.0448, trian_mse:0.0040, trian_r2: 0.0227, trian_cc: 0.7472
Epoch 73, val_loss: 0.0021, val_mae: 0.0473, val_mse: 0.0042, val_r2: -0.1012, val_cc: 0.7463
Epoch 74, trian_loss: 0.0020, trian_mae: 0.0447, trian_mse:0.0039, trian_r2: 0.0390, trian_cc: 0.7499
Epoch 74, val_loss: 0.0021, val_mae: 0.0470, val_mse: 0.0041, val_r2: -0.0580, val_cc: 0.7500
Epoch 75, trian_loss: 0.0020, trian_mae: 0.0444, trian_mse:0.0039, trian_r2: 0.0542, trian_cc: 0.7530
Epoch 75, val_loss: 0.0021, val_mae: 0.0479, val_mse: 0.0042, val_r2: -0.0661, val_cc: 0.7504
Epoch 76, trian_loss: 0.0020, trian_mae: 0.0446, trian_mse:0.0039, trian_r2: 0.0368, trian_cc: 0.7536
Epoch 76, val_loss: 0.0022, val_mae: 0.0503, val_mse: 0.0044, val_r2: -0.1566, val_cc: 0.7489
Epoch 77, trian_loss: 0.0020, trian_mae: 0.0446, trian_mse:0.0039, trian_r2: 0.0542, trian_cc: 0.7540
Epoch 77, val_loss: 0.0021, val_mae: 0.0484, val_mse: 0.0042, val_r2: -0.0444, val_cc: 0.7517
Epoch 78, trian_loss: 0.0020, trian_mae: 0.0444, trian_mse:0.0039, trian_r2: 0.0595, trian_cc: 0.7560
Epoch 78, val_loss: 0.0020, val_mae: 0.0464, val_mse: 0.0041, val_r2: 0.0655, val_cc: 0.7536
Epoch 79, trian_loss: 0.0020, trian_mae: 0.0444, trian_mse:0.0039, trian_r2: 0.0665, trian_cc: 0.7575
Epoch 79, val_loss: 0.0020, val_mae: 0.0461, val_mse: 0.0040, val_r2: 0.0867, val_cc: 0.7538
Epoch 80, trian_loss: 0.0019, trian_mae: 0.0441, trian_mse:0.0039, trian_r2: 0.0787, trian_cc: 0.7582
Epoch 80, val_loss: 0.0022, val_mae: 0.0490, val_mse: 0.0043, val_r2: -0.0379, val_cc: 0.7537
Epoch 81, trian_loss: 0.0020, trian_mae: 0.0447, trian_mse:0.0039, trian_r2: 0.0655, trian_cc: 0.7568
Epoch 81, val_loss: 0.0020, val_mae: 0.0465, val_mse: 0.0041, val_r2: 0.0789, val_cc: 0.7550
Epoch 82, trian_loss: 0.0020, trian_mae: 0.0446, trian_mse:0.0039, trian_r2: 0.0614, trian_cc: 0.7580
Epoch 82, val_loss: 0.0020, val_mae: 0.0453, val_mse: 0.0040, val_r2: 0.1224, val_cc: 0.7577
Epoch 83, trian_loss: 0.0019, trian_mae: 0.0441, trian_mse:0.0039, trian_r2: 0.0978, trian_cc: 0.7616
Epoch 83, val_loss: 0.0020, val_mae: 0.0449, val_mse: 0.0039, val_r2: 0.1665, val_cc: 0.7599
Epoch 84, trian_loss: 0.0019, trian_mae: 0.0436, trian_mse:0.0038, trian_r2: 0.1164, trian_cc: 0.7631
Epoch 84, val_loss: 0.0020, val_mae: 0.0465, val_mse: 0.0041, val_r2: 0.1262, val_cc: 0.7587
Epoch 85, trian_loss: 0.0019, trian_mae: 0.0439, trian_mse:0.0038, trian_r2: 0.0934, trian_cc: 0.7623
Epoch 85, val_loss: 0.0020, val_mae: 0.0463, val_mse: 0.0040, val_r2: 0.1217, val_cc: 0.7595
Epoch 86, trian_loss: 0.0019, trian_mae: 0.0437, trian_mse:0.0038, trian_r2: 0.1046, trian_cc: 0.7630
Epoch 86, val_loss: 0.0019, val_mae: 0.0447, val_mse: 0.0039, val_r2: 0.1457, val_cc: 0.7612
Epoch 87, trian_loss: 0.0019, trian_mae: 0.0436, trian_mse:0.0038, trian_r2: 0.1166, trian_cc: 0.7640
Epoch 87, val_loss: 0.0019, val_mae: 0.0442, val_mse: 0.0039, val_r2: 0.1527, val_cc: 0.7633
Epoch 88, trian_loss: 0.0019, trian_mae: 0.0434, trian_mse:0.0038, trian_r2: 0.1207, trian_cc: 0.7655
Epoch 88, val_loss: 0.0020, val_mae: 0.0464, val_mse: 0.0040, val_r2: 0.0585, val_cc: 0.7625
Epoch 89, trian_loss: 0.0019, trian_mae: 0.0436, trian_mse:0.0038, trian_r2: 0.1169, trian_cc: 0.7655
Epoch 89, val_loss: 0.0021, val_mae: 0.0482, val_mse: 0.0042, val_r2: 0.0706, val_cc: 0.7603
Epoch 90, trian_loss: 0.0019, trian_mae: 0.0441, trian_mse:0.0038, trian_r2: 0.0907, trian_cc: 0.7644
Epoch 90, val_loss: 0.0019, val_mae: 0.0440, val_mse: 0.0039, val_r2: 0.1538, val_cc: 0.7632
Epoch 91, trian_loss: 0.0019, trian_mae: 0.0436, trian_mse:0.0038, trian_r2: 0.1207, trian_cc: 0.7664
Epoch 91, val_loss: 0.0019, val_mae: 0.0432, val_mse: 0.0038, val_r2: 0.2205, val_cc: 0.7663
Epoch 92, trian_loss: 0.0018, trian_mae: 0.0427, trian_mse:0.0037, trian_r2: 0.1679, trian_cc: 0.7696
Epoch 92, val_loss: 0.0019, val_mae: 0.0439, val_mse: 0.0038, val_r2: 0.1792, val_cc: 0.7660
Epoch 93, trian_loss: 0.0018, trian_mae: 0.0426, trian_mse:0.0037, trian_r2: 0.1628, trian_cc: 0.7695
Epoch 93, val_loss: 0.0020, val_mae: 0.0452, val_mse: 0.0039, val_r2: 0.1597, val_cc: 0.7640
Epoch 94, trian_loss: 0.0019, trian_mae: 0.0430, trian_mse:0.0037, trian_r2: 0.1499, trian_cc: 0.7687
Epoch 94, val_loss: 0.0020, val_mae: 0.0460, val_mse: 0.0040, val_r2: 0.1366, val_cc: 0.7653
Epoch 95, trian_loss: 0.0019, trian_mae: 0.0429, trian_mse:0.0037, trian_r2: 0.1648, trian_cc: 0.7696
Epoch 95, val_loss: 0.0019, val_mae: 0.0453, val_mse: 0.0039, val_r2: 0.1287, val_cc: 0.7660
Epoch 96, trian_loss: 0.0019, trian_mae: 0.0429, trian_mse:0.0037, trian_r2: 0.1685, trian_cc: 0.7703
Epoch 96, val_loss: 0.0019, val_mae: 0.0441, val_mse: 0.0038, val_r2: 0.1749, val_cc: 0.7673
Epoch 97, trian_loss: 0.0019, trian_mae: 0.0429, trian_mse:0.0037, trian_r2: 0.1600, trian_cc: 0.7702
Epoch 97, val_loss: 0.0019, val_mae: 0.0440, val_mse: 0.0038, val_r2: 0.1740, val_cc: 0.7674
Epoch 98, trian_loss: 0.0019, trian_mae: 0.0431, trian_mse:0.0037, trian_r2: 0.1523, trian_cc: 0.7706
Epoch 98, val_loss: 0.0020, val_mae: 0.0452, val_mse: 0.0039, val_r2: 0.2160, val_cc: 0.7684
Epoch 99, trian_loss: 0.0018, trian_mae: 0.0426, trian_mse:0.0037, trian_r2: 0.1750, trian_cc: 0.7734
Epoch 99, val_loss: 0.0019, val_mae: 0.0445, val_mse: 0.0038, val_r2: 0.2120, val_cc: 0.7700
