Trian Data: 633   Validation Data: 211  Test Data: 212
[1, 1]
[1, 1]
[1, 1]
[1, 1]
model SENet(
  (conv1): Conv2d(401, 64, kernel_size=(3, 3), stride=(1, 1), padding=(1, 1), bias=False)
  (bn1): BatchNorm2d(64, eps=1e-05, momentum=0.1, affine=True, track_running_stats=True)
  (layer1): Sequential(
    (0): BasicBlock(
      (conv1): Conv2d(64, 64, kernel_size=(3, 3), stride=(1, 1), padding=(1, 1), bias=False)
      (bn1): BatchNorm2d(64, eps=1e-05, momentum=0.1, affine=True, track_running_stats=True)
      (conv2): Conv2d(64, 64, kernel_size=(3, 3), stride=(1, 1), padding=(1, 1), bias=False)
      (bn2): BatchNorm2d(64, eps=1e-05, momentum=0.1, affine=True, track_running_stats=True)
      (shortcut): Sequential()
      (fc1): Conv2d(64, 4, kernel_size=(1, 1), stride=(1, 1))
      (fc2): Conv2d(4, 64, kernel_size=(1, 1), stride=(1, 1))
    )
    (1): BasicBlock(
      (conv1): Conv2d(64, 64, kernel_size=(3, 3), stride=(1, 1), padding=(1, 1), bias=False)
      (bn1): BatchNorm2d(64, eps=1e-05, momentum=0.1, affine=True, track_running_stats=True)
      (conv2): Conv2d(64, 64, kernel_size=(3, 3), stride=(1, 1), padding=(1, 1), bias=False)
      (bn2): BatchNorm2d(64, eps=1e-05, momentum=0.1, affine=True, track_running_stats=True)
      (shortcut): Sequential()
      (fc1): Conv2d(64, 4, kernel_size=(1, 1), stride=(1, 1))
      (fc2): Conv2d(4, 64, kernel_size=(1, 1), stride=(1, 1))
    )
  )
  (layer2): Sequential(
    (0): BasicBlock(
      (conv1): Conv2d(64, 64, kernel_size=(3, 3), stride=(1, 1), padding=(1, 1), bias=False)
      (bn1): BatchNorm2d(64, eps=1e-05, momentum=0.1, affine=True, track_running_stats=True)
      (conv2): Conv2d(64, 64, kernel_size=(3, 3), stride=(1, 1), padding=(1, 1), bias=False)
      (bn2): BatchNorm2d(64, eps=1e-05, momentum=0.1, affine=True, track_running_stats=True)
      (shortcut): Sequential()
      (fc1): Conv2d(64, 4, kernel_size=(1, 1), stride=(1, 1))
      (fc2): Conv2d(4, 64, kernel_size=(1, 1), stride=(1, 1))
    )
    (1): BasicBlock(
      (conv1): Conv2d(64, 64, kernel_size=(3, 3), stride=(1, 1), padding=(1, 1), bias=False)
      (bn1): BatchNorm2d(64, eps=1e-05, momentum=0.1, affine=True, track_running_stats=True)
      (conv2): Conv2d(64, 64, kernel_size=(3, 3), stride=(1, 1), padding=(1, 1), bias=False)
      (bn2): BatchNorm2d(64, eps=1e-05, momentum=0.1, affine=True, track_running_stats=True)
      (shortcut): Sequential()
      (fc1): Conv2d(64, 4, kernel_size=(1, 1), stride=(1, 1))
      (fc2): Conv2d(4, 64, kernel_size=(1, 1), stride=(1, 1))
    )
  )
  (layer3): Sequential(
    (0): BasicBlock(
      (conv1): Conv2d(64, 64, kernel_size=(3, 3), stride=(1, 1), padding=(1, 1), bias=False)
      (bn1): BatchNorm2d(64, eps=1e-05, momentum=0.1, affine=True, track_running_stats=True)
      (conv2): Conv2d(64, 64, kernel_size=(3, 3), stride=(1, 1), padding=(1, 1), bias=False)
      (bn2): BatchNorm2d(64, eps=1e-05, momentum=0.1, affine=True, track_running_stats=True)
      (shortcut): Sequential()
      (fc1): Conv2d(64, 4, kernel_size=(1, 1), stride=(1, 1))
      (fc2): Conv2d(4, 64, kernel_size=(1, 1), stride=(1, 1))
    )
    (1): BasicBlock(
      (conv1): Conv2d(64, 64, kernel_size=(3, 3), stride=(1, 1), padding=(1, 1), bias=False)
      (bn1): BatchNorm2d(64, eps=1e-05, momentum=0.1, affine=True, track_running_stats=True)
      (conv2): Conv2d(64, 64, kernel_size=(3, 3), stride=(1, 1), padding=(1, 1), bias=False)
      (bn2): BatchNorm2d(64, eps=1e-05, momentum=0.1, affine=True, track_running_stats=True)
      (shortcut): Sequential()
      (fc1): Conv2d(64, 4, kernel_size=(1, 1), stride=(1, 1))
      (fc2): Conv2d(4, 64, kernel_size=(1, 1), stride=(1, 1))
    )
  )
  (layer4): Sequential(
    (0): BasicBlock(
      (conv1): Conv2d(64, 64, kernel_size=(3, 3), stride=(1, 1), padding=(1, 1), bias=False)
      (bn1): BatchNorm2d(64, eps=1e-05, momentum=0.1, affine=True, track_running_stats=True)
      (conv2): Conv2d(64, 64, kernel_size=(3, 3), stride=(1, 1), padding=(1, 1), bias=False)
      (bn2): BatchNorm2d(64, eps=1e-05, momentum=0.1, affine=True, track_running_stats=True)
      (shortcut): Sequential()
      (fc1): Conv2d(64, 4, kernel_size=(1, 1), stride=(1, 1))
      (fc2): Conv2d(4, 64, kernel_size=(1, 1), stride=(1, 1))
    )
    (1): BasicBlock(
      (conv1): Conv2d(64, 64, kernel_size=(3, 3), stride=(1, 1), padding=(1, 1), bias=False)
      (bn1): BatchNorm2d(64, eps=1e-05, momentum=0.1, affine=True, track_running_stats=True)
      (conv2): Conv2d(64, 64, kernel_size=(3, 3), stride=(1, 1), padding=(1, 1), bias=False)
      (bn2): BatchNorm2d(64, eps=1e-05, momentum=0.1, affine=True, track_running_stats=True)
      (shortcut): Sequential()
      (fc1): Conv2d(64, 4, kernel_size=(1, 1), stride=(1, 1))
      (fc2): Conv2d(4, 64, kernel_size=(1, 1), stride=(1, 1))
    )
  )
  (cnn): CNNnet(
    (conv1): Sequential(
      (0): Conv2d(64, 32, kernel_size=(3, 3), stride=(1, 1), padding=(1, 1))
      (1): BatchNorm2d(32, eps=1e-05, momentum=0.1, affine=True, track_running_stats=True)
      (2): ReLU()
    )
    (conv2): Sequential(
      (0): Conv2d(32, 16, kernel_size=(3, 3), stride=(1, 1), padding=(1, 1))
      (1): BatchNorm2d(16, eps=1e-05, momentum=0.1, affine=True, track_running_stats=True)
      (2): ReLU()
    )
    (conv3): Sequential(
      (0): Conv2d(16, 1, kernel_size=(3, 3), stride=(1, 1), padding=(1, 1))
      (1): BatchNorm2d(1, eps=1e-05, momentum=0.1, affine=True, track_running_stats=True)
      (2): ReLU()
    )
  )
)
Epoch  0, trian_loss: 0.0061, trian_mae: 0.0808, trian_mse:0.0123, trian_r2: -6.6398, trian_cc: 0.2980
Epoch  0, val_loss: 0.0066, val_mae: 0.0882, val_mse: 0.0132, val_r2: -142.1365, val_cc: 0.2415
Epoch  1, trian_loss: 0.0050, trian_mae: 0.0764, trian_mse:0.0100, trian_r2: -1269.0155, trian_cc: 0.2861
Epoch  1, val_loss: 0.0049, val_mae: 0.0752, val_mse: 0.0099, val_r2: -51.0828, val_cc: 0.3400
Epoch  2, trian_loss: 0.0048, trian_mae: 0.0734, trian_mse:0.0096, trian_r2: -305.5412, trian_cc: 0.3564
Epoch  2, val_loss: 0.0047, val_mae: 0.0718, val_mse: 0.0095, val_r2: -14.3225, val_cc: 0.3944
Epoch  3, trian_loss: 0.0047, trian_mae: 0.0720, trian_mse:0.0093, trian_r2: -76.5191, trian_cc: 0.3910
Epoch  3, val_loss: 0.0047, val_mae: 0.0709, val_mse: 0.0094, val_r2: -8.7312, val_cc: 0.4091
Epoch  4, trian_loss: 0.0046, trian_mae: 0.0708, trian_mse:0.0091, trian_r2: -29.0218, trian_cc: 0.4179
Epoch  4, val_loss: 0.0046, val_mae: 0.0703, val_mse: 0.0092, val_r2: -9.4535, val_cc: 0.4371
Epoch  5, trian_loss: 0.0044, trian_mae: 0.0695, trian_mse:0.0089, trian_r2: -6.0472, trian_cc: 0.4433
Epoch  5, val_loss: 0.0045, val_mae: 0.0694, val_mse: 0.0090, val_r2: -7.3082, val_cc: 0.4571
Epoch  6, trian_loss: 0.0044, trian_mae: 0.0686, trian_mse:0.0087, trian_r2: -5.4529, trian_cc: 0.4559
Epoch  6, val_loss: 0.0044, val_mae: 0.0685, val_mse: 0.0089, val_r2: -7.3011, val_cc: 0.4717
Epoch  7, trian_loss: 0.0043, trian_mae: 0.0677, trian_mse:0.0085, trian_r2: -4.5925, trian_cc: 0.4723
Epoch  7, val_loss: 0.0044, val_mae: 0.0680, val_mse: 0.0087, val_r2: -6.6320, val_cc: 0.4834
Epoch  8, trian_loss: 0.0042, trian_mae: 0.0667, trian_mse:0.0083, trian_r2: -3.7644, trian_cc: 0.4903
Epoch  8, val_loss: 0.0042, val_mae: 0.0666, val_mse: 0.0085, val_r2: -5.3622, val_cc: 0.5068
Epoch  9, trian_loss: 0.0040, trian_mae: 0.0656, trian_mse:0.0081, trian_r2: -3.2598, trian_cc: 0.5102
Epoch  9, val_loss: 0.0041, val_mae: 0.0658, val_mse: 0.0083, val_r2: -4.1315, val_cc: 0.5294
Epoch 10, trian_loss: 0.0039, trian_mae: 0.0644, trian_mse:0.0078, trian_r2: -2.8405, trian_cc: 0.5329
Epoch 10, val_loss: 0.0040, val_mae: 0.0650, val_mse: 0.0080, val_r2: -3.2216, val_cc: 0.5467
Epoch 11, trian_loss: 0.0038, trian_mae: 0.0632, trian_mse:0.0075, trian_r2: -2.3720, trian_cc: 0.5484
Epoch 11, val_loss: 0.0040, val_mae: 0.0649, val_mse: 0.0080, val_r2: -2.8069, val_cc: 0.5582
Epoch 12, trian_loss: 0.0036, trian_mae: 0.0618, trian_mse:0.0072, trian_r2: -2.2417, trian_cc: 0.5705
Epoch 12, val_loss: 0.0037, val_mae: 0.0628, val_mse: 0.0075, val_r2: -2.5669, val_cc: 0.5795
Epoch 13, trian_loss: 0.0034, trian_mae: 0.0602, trian_mse:0.0068, trian_r2: -1.8116, trian_cc: 0.5888
Epoch 13, val_loss: 0.0036, val_mae: 0.0621, val_mse: 0.0072, val_r2: -2.0974, val_cc: 0.5918
Epoch 14, trian_loss: 0.0032, trian_mae: 0.0586, trian_mse:0.0064, trian_r2: -1.4261, trian_cc: 0.6051
Epoch 14, val_loss: 0.0034, val_mae: 0.0609, val_mse: 0.0068, val_r2: -1.4503, val_cc: 0.6044
Epoch 15, trian_loss: 0.0031, trian_mae: 0.0573, trian_mse:0.0061, trian_r2: -1.2613, trian_cc: 0.6159
Epoch 15, val_loss: 0.0033, val_mae: 0.0593, val_mse: 0.0066, val_r2: -1.3804, val_cc: 0.6194
Epoch 16, trian_loss: 0.0029, trian_mae: 0.0560, trian_mse:0.0059, trian_r2: -1.1609, trian_cc: 0.6276
Epoch 16, val_loss: 0.0032, val_mae: 0.0592, val_mse: 0.0064, val_r2: -1.2963, val_cc: 0.6287
Epoch 17, trian_loss: 0.0029, trian_mae: 0.0557, trian_mse:0.0058, trian_r2: -1.0474, trian_cc: 0.6367
Epoch 17, val_loss: 0.0032, val_mae: 0.0595, val_mse: 0.0064, val_r2: -1.3062, val_cc: 0.6357
Epoch 18, trian_loss: 0.0029, trian_mae: 0.0552, trian_mse:0.0057, trian_r2: -1.0213, trian_cc: 0.6437
Epoch 18, val_loss: 0.0030, val_mae: 0.0578, val_mse: 0.0061, val_r2: -1.0676, val_cc: 0.6425
Epoch 19, trian_loss: 0.0028, trian_mae: 0.0547, trian_mse:0.0056, trian_r2: -0.9501, trian_cc: 0.6490
Epoch 19, val_loss: 0.0029, val_mae: 0.0563, val_mse: 0.0058, val_r2: -1.0216, val_cc: 0.6542
Epoch 20, trian_loss: 0.0027, trian_mae: 0.0540, trian_mse:0.0055, trian_r2: -0.9186, trian_cc: 0.6575
Epoch 20, val_loss: 0.0029, val_mae: 0.0560, val_mse: 0.0057, val_r2: -1.1074, val_cc: 0.6585
Epoch 21, trian_loss: 0.0027, trian_mae: 0.0540, trian_mse:0.0054, trian_r2: -0.8729, trian_cc: 0.6628
Epoch 21, val_loss: 0.0029, val_mae: 0.0562, val_mse: 0.0058, val_r2: -0.9942, val_cc: 0.6571
Epoch 22, trian_loss: 0.0027, trian_mae: 0.0532, trian_mse:0.0053, trian_r2: -0.8765, trian_cc: 0.6670
Epoch 22, val_loss: 0.0028, val_mae: 0.0554, val_mse: 0.0056, val_r2: -1.0956, val_cc: 0.6665
Epoch 23, trian_loss: 0.0027, trian_mae: 0.0535, trian_mse:0.0053, trian_r2: -0.8438, trian_cc: 0.6677
Epoch 23, val_loss: 0.0028, val_mae: 0.0544, val_mse: 0.0055, val_r2: -0.9768, val_cc: 0.6692
Epoch 24, trian_loss: 0.0026, trian_mae: 0.0533, trian_mse:0.0053, trian_r2: -0.7622, trian_cc: 0.6702
Epoch 24, val_loss: 0.0027, val_mae: 0.0548, val_mse: 0.0054, val_r2: -0.9928, val_cc: 0.6739
Epoch 25, trian_loss: 0.0026, trian_mae: 0.0524, trian_mse:0.0052, trian_r2: -0.7857, trian_cc: 0.6762
Epoch 25, val_loss: 0.0026, val_mae: 0.0536, val_mse: 0.0053, val_r2: -1.2784, val_cc: 0.6800
Epoch 26, trian_loss: 0.0026, trian_mae: 0.0521, trian_mse:0.0051, trian_r2: -0.7211, trian_cc: 0.6814
Epoch 26, val_loss: 0.0026, val_mae: 0.0536, val_mse: 0.0052, val_r2: -0.7847, val_cc: 0.6866
Epoch 27, trian_loss: 0.0025, trian_mae: 0.0517, trian_mse:0.0050, trian_r2: -0.5495, trian_cc: 0.6841
Epoch 27, val_loss: 0.0026, val_mae: 0.0522, val_mse: 0.0051, val_r2: -0.5650, val_cc: 0.6852
Epoch 28, trian_loss: 0.0025, trian_mae: 0.0517, trian_mse:0.0050, trian_r2: -0.7392, trian_cc: 0.6855
Epoch 28, val_loss: 0.0026, val_mae: 0.0516, val_mse: 0.0051, val_r2: -0.9006, val_cc: 0.6890
Epoch 29, trian_loss: 0.0025, trian_mae: 0.0516, trian_mse:0.0050, trian_r2: -0.5803, trian_cc: 0.6880
Epoch 29, val_loss: 0.0025, val_mae: 0.0523, val_mse: 0.0051, val_r2: -0.9511, val_cc: 0.6928
Epoch 30, trian_loss: 0.0025, trian_mae: 0.0514, trian_mse:0.0050, trian_r2: -0.7438, trian_cc: 0.6904
Epoch 30, val_loss: 0.0026, val_mae: 0.0543, val_mse: 0.0052, val_r2: -0.9183, val_cc: 0.6949
Epoch 31, trian_loss: 0.0024, trian_mae: 0.0510, trian_mse:0.0049, trian_r2: -0.5677, trian_cc: 0.6948
Epoch 31, val_loss: 0.0026, val_mae: 0.0535, val_mse: 0.0052, val_r2: -0.7921, val_cc: 0.6963
Epoch 32, trian_loss: 0.0024, trian_mae: 0.0506, trian_mse:0.0048, trian_r2: -0.5380, trian_cc: 0.6978
Epoch 32, val_loss: 0.0024, val_mae: 0.0507, val_mse: 0.0048, val_r2: -0.4221, val_cc: 0.7014
Epoch 33, trian_loss: 0.0024, trian_mae: 0.0504, trian_mse:0.0048, trian_r2: -0.4062, trian_cc: 0.6992
Epoch 33, val_loss: 0.0025, val_mae: 0.0509, val_mse: 0.0049, val_r2: -0.5803, val_cc: 0.7022
Epoch 34, trian_loss: 0.0024, trian_mae: 0.0507, trian_mse:0.0049, trian_r2: -0.4762, trian_cc: 0.6983
Epoch 34, val_loss: 0.0025, val_mae: 0.0523, val_mse: 0.0050, val_r2: -0.9506, val_cc: 0.7022
Epoch 35, trian_loss: 0.0024, trian_mae: 0.0502, trian_mse:0.0048, trian_r2: -0.5334, trian_cc: 0.7023
Epoch 35, val_loss: 0.0025, val_mae: 0.0531, val_mse: 0.0050, val_r2: -0.8254, val_cc: 0.7077
Epoch 36, trian_loss: 0.0023, trian_mae: 0.0494, trian_mse:0.0047, trian_r2: -0.4545, trian_cc: 0.7080
Epoch 36, val_loss: 0.0024, val_mae: 0.0506, val_mse: 0.0048, val_r2: -0.5051, val_cc: 0.7097
Epoch 37, trian_loss: 0.0024, trian_mae: 0.0499, trian_mse:0.0048, trian_r2: -0.4490, trian_cc: 0.7062
Epoch 37, val_loss: 0.0023, val_mae: 0.0505, val_mse: 0.0047, val_r2: -0.6048, val_cc: 0.7119
Epoch 38, trian_loss: 0.0023, trian_mae: 0.0490, trian_mse:0.0046, trian_r2: -0.4151, trian_cc: 0.7119
Epoch 38, val_loss: 0.0023, val_mae: 0.0502, val_mse: 0.0047, val_r2: -0.5098, val_cc: 0.7141
Epoch 39, trian_loss: 0.0023, trian_mae: 0.0496, trian_mse:0.0047, trian_r2: -0.4002, trian_cc: 0.7101
Epoch 39, val_loss: 0.0025, val_mae: 0.0526, val_mse: 0.0049, val_r2: -0.6351, val_cc: 0.7111
Epoch 40, trian_loss: 0.0023, trian_mae: 0.0496, trian_mse:0.0047, trian_r2: -0.4349, trian_cc: 0.7101
Epoch 40, val_loss: 0.0026, val_mae: 0.0551, val_mse: 0.0052, val_r2: -0.8343, val_cc: 0.7127
Epoch 41, trian_loss: 0.0023, trian_mae: 0.0493, trian_mse:0.0046, trian_r2: -0.3539, trian_cc: 0.7116
Epoch 41, val_loss: 0.0024, val_mae: 0.0514, val_mse: 0.0048, val_r2: -0.4418, val_cc: 0.7142
Epoch 42, trian_loss: 0.0023, trian_mae: 0.0492, trian_mse:0.0046, trian_r2: -0.3335, trian_cc: 0.7139
Epoch 42, val_loss: 0.0023, val_mae: 0.0497, val_mse: 0.0046, val_r2: -0.3325, val_cc: 0.7178
Epoch 43, trian_loss: 0.0023, trian_mae: 0.0488, trian_mse:0.0046, trian_r2: -0.3530, trian_cc: 0.7163
Epoch 43, val_loss: 0.0023, val_mae: 0.0505, val_mse: 0.0047, val_r2: -0.3433, val_cc: 0.7203
Epoch 44, trian_loss: 0.0023, trian_mae: 0.0492, trian_mse:0.0046, trian_r2: -0.3240, trian_cc: 0.7169
Epoch 44, val_loss: 0.0023, val_mae: 0.0485, val_mse: 0.0045, val_r2: -0.4386, val_cc: 0.7213
Epoch 45, trian_loss: 0.0022, trian_mae: 0.0481, trian_mse:0.0045, trian_r2: -0.2539, trian_cc: 0.7214
Epoch 45, val_loss: 0.0023, val_mae: 0.0497, val_mse: 0.0045, val_r2: -0.3414, val_cc: 0.7251
Epoch 46, trian_loss: 0.0023, trian_mae: 0.0484, trian_mse:0.0045, trian_r2: -0.2819, trian_cc: 0.7206
Epoch 46, val_loss: 0.0023, val_mae: 0.0507, val_mse: 0.0047, val_r2: -0.4651, val_cc: 0.7197
Epoch 47, trian_loss: 0.0023, trian_mae: 0.0484, trian_mse:0.0045, trian_r2: -0.3315, trian_cc: 0.7202
Epoch 47, val_loss: 0.0024, val_mae: 0.0510, val_mse: 0.0047, val_r2: -0.4638, val_cc: 0.7210
Epoch 48, trian_loss: 0.0023, trian_mae: 0.0486, trian_mse:0.0045, trian_r2: -0.3269, trian_cc: 0.7217
Epoch 48, val_loss: 0.0023, val_mae: 0.0505, val_mse: 0.0046, val_r2: -0.3674, val_cc: 0.7265
Epoch 49, trian_loss: 0.0022, trian_mae: 0.0480, trian_mse:0.0044, trian_r2: -0.2729, trian_cc: 0.7252
Epoch 49, val_loss: 0.0022, val_mae: 0.0492, val_mse: 0.0045, val_r2: -0.3279, val_cc: 0.7276
Epoch 50, trian_loss: 0.0022, trian_mae: 0.0471, trian_mse:0.0043, trian_r2: -0.1791, trian_cc: 0.7301
Epoch 50, val_loss: 0.0022, val_mae: 0.0488, val_mse: 0.0044, val_r2: -0.3207, val_cc: 0.7313
Epoch 51, trian_loss: 0.0022, trian_mae: 0.0479, trian_mse:0.0045, trian_r2: -0.2835, trian_cc: 0.7258
Epoch 51, val_loss: 0.0024, val_mae: 0.0516, val_mse: 0.0048, val_r2: -0.5522, val_cc: 0.7294
Epoch 52, trian_loss: 0.0022, trian_mae: 0.0476, trian_mse:0.0044, trian_r2: -0.2218, trian_cc: 0.7293
Epoch 52, val_loss: 0.0022, val_mae: 0.0487, val_mse: 0.0044, val_r2: -0.2299, val_cc: 0.7363
Epoch 53, trian_loss: 0.0021, trian_mae: 0.0466, trian_mse:0.0043, trian_r2: -0.1805, trian_cc: 0.7355
Epoch 53, val_loss: 0.0022, val_mae: 0.0479, val_mse: 0.0043, val_r2: -0.1752, val_cc: 0.7351
Epoch 54, trian_loss: 0.0022, trian_mae: 0.0473, trian_mse:0.0043, trian_r2: -0.2057, trian_cc: 0.7310
Epoch 54, val_loss: 0.0022, val_mae: 0.0491, val_mse: 0.0045, val_r2: -0.3230, val_cc: 0.7307
Epoch 55, trian_loss: 0.0022, trian_mae: 0.0475, trian_mse:0.0044, trian_r2: -0.2582, trian_cc: 0.7302
Epoch 55, val_loss: 0.0022, val_mae: 0.0468, val_mse: 0.0043, val_r2: -0.1685, val_cc: 0.7348
Epoch 56, trian_loss: 0.0022, trian_mae: 0.0477, trian_mse:0.0044, trian_r2: -0.2687, trian_cc: 0.7314
Epoch 56, val_loss: 0.0022, val_mae: 0.0471, val_mse: 0.0043, val_r2: -0.2688, val_cc: 0.7335
Epoch 57, trian_loss: 0.0022, trian_mae: 0.0476, trian_mse:0.0044, trian_r2: -0.2087, trian_cc: 0.7320
Epoch 57, val_loss: 0.0023, val_mae: 0.0506, val_mse: 0.0046, val_r2: -0.4448, val_cc: 0.7336
Epoch 58, trian_loss: 0.0022, trian_mae: 0.0471, trian_mse:0.0043, trian_r2: -0.1429, trian_cc: 0.7346
Epoch 58, val_loss: 0.0022, val_mae: 0.0491, val_mse: 0.0044, val_r2: -0.1616, val_cc: 0.7392
Epoch 59, trian_loss: 0.0021, trian_mae: 0.0467, trian_mse:0.0043, trian_r2: -0.1421, trian_cc: 0.7374
Epoch 59, val_loss: 0.0021, val_mae: 0.0474, val_mse: 0.0043, val_r2: -0.1210, val_cc: 0.7426
Epoch 60, trian_loss: 0.0021, trian_mae: 0.0457, trian_mse:0.0041, trian_r2: -0.0607, trian_cc: 0.7462
Epoch 60, val_loss: 0.0020, val_mae: 0.0447, val_mse: 0.0040, val_r2: -0.0809, val_cc: 0.7532
Epoch 61, trian_loss: 0.0020, trian_mae: 0.0439, trian_mse:0.0039, trian_r2: -0.0159, trian_cc: 0.7555
Epoch 61, val_loss: 0.0020, val_mae: 0.0448, val_mse: 0.0039, val_r2: -0.0555, val_cc: 0.7573
Epoch 62, trian_loss: 0.0019, trian_mae: 0.0434, trian_mse:0.0038, trian_r2: 0.0405, trian_cc: 0.7581
Epoch 62, val_loss: 0.0020, val_mae: 0.0437, val_mse: 0.0039, val_r2: 0.0101, val_cc: 0.7573
Epoch 63, trian_loss: 0.0019, trian_mae: 0.0437, trian_mse:0.0039, trian_r2: 0.0367, trian_cc: 0.7581
Epoch 63, val_loss: 0.0020, val_mae: 0.0438, val_mse: 0.0040, val_r2: -0.0152, val_cc: 0.7566
Epoch 64, trian_loss: 0.0020, trian_mae: 0.0440, trian_mse:0.0039, trian_r2: 0.0481, trian_cc: 0.7588
Epoch 64, val_loss: 0.0020, val_mae: 0.0444, val_mse: 0.0039, val_r2: -0.1089, val_cc: 0.7584
Epoch 65, trian_loss: 0.0019, trian_mae: 0.0435, trian_mse:0.0038, trian_r2: 0.0548, trian_cc: 0.7611
Epoch 65, val_loss: 0.0020, val_mae: 0.0453, val_mse: 0.0040, val_r2: -0.0666, val_cc: 0.7594
Epoch 66, trian_loss: 0.0019, trian_mae: 0.0437, trian_mse:0.0039, trian_r2: 0.0632, trian_cc: 0.7609
Epoch 66, val_loss: 0.0019, val_mae: 0.0441, val_mse: 0.0039, val_r2: 0.0040, val_cc: 0.7606
Epoch 67, trian_loss: 0.0019, trian_mae: 0.0436, trian_mse:0.0038, trian_r2: 0.0869, trian_cc: 0.7633
Epoch 67, val_loss: 0.0019, val_mae: 0.0437, val_mse: 0.0038, val_r2: 0.0266, val_cc: 0.7640
Epoch 68, trian_loss: 0.0019, trian_mae: 0.0428, trian_mse:0.0038, trian_r2: 0.0904, trian_cc: 0.7664
Epoch 68, val_loss: 0.0019, val_mae: 0.0434, val_mse: 0.0038, val_r2: 0.0862, val_cc: 0.7639
Epoch 69, trian_loss: 0.0019, trian_mae: 0.0431, trian_mse:0.0038, trian_r2: 0.0885, trian_cc: 0.7651
Epoch 69, val_loss: 0.0019, val_mae: 0.0436, val_mse: 0.0038, val_r2: 0.0493, val_cc: 0.7632
Epoch 70, trian_loss: 0.0019, trian_mae: 0.0434, trian_mse:0.0038, trian_r2: 0.1040, trian_cc: 0.7646
Epoch 70, val_loss: 0.0019, val_mae: 0.0435, val_mse: 0.0038, val_r2: 0.0447, val_cc: 0.7653
Epoch 71, trian_loss: 0.0019, trian_mae: 0.0433, trian_mse:0.0038, trian_r2: 0.1003, trian_cc: 0.7664
Epoch 71, val_loss: 0.0019, val_mae: 0.0428, val_mse: 0.0038, val_r2: 0.0323, val_cc: 0.7666
Epoch 72, trian_loss: 0.0019, trian_mae: 0.0430, trian_mse:0.0038, trian_r2: 0.0765, trian_cc: 0.7677
Epoch 72, val_loss: 0.0019, val_mae: 0.0434, val_mse: 0.0038, val_r2: 0.0235, val_cc: 0.7668
Epoch 73, trian_loss: 0.0019, trian_mae: 0.0431, trian_mse:0.0038, trian_r2: 0.1177, trian_cc: 0.7674
Epoch 73, val_loss: 0.0019, val_mae: 0.0436, val_mse: 0.0038, val_r2: -0.0186, val_cc: 0.7662
Epoch 74, trian_loss: 0.0019, trian_mae: 0.0431, trian_mse:0.0038, trian_r2: 0.1250, trian_cc: 0.7686
Epoch 74, val_loss: 0.0019, val_mae: 0.0436, val_mse: 0.0038, val_r2: 0.0357, val_cc: 0.7672
Epoch 75, trian_loss: 0.0019, trian_mae: 0.0431, trian_mse:0.0038, trian_r2: 0.1256, trian_cc: 0.7691
Epoch 75, val_loss: 0.0019, val_mae: 0.0449, val_mse: 0.0039, val_r2: -0.0607, val_cc: 0.7664
Epoch 76, trian_loss: 0.0019, trian_mae: 0.0427, trian_mse:0.0037, trian_r2: 0.1080, trian_cc: 0.7711
Epoch 76, val_loss: 0.0020, val_mae: 0.0470, val_mse: 0.0040, val_r2: -0.1821, val_cc: 0.7682
Epoch 77, trian_loss: 0.0018, trian_mae: 0.0422, trian_mse:0.0037, trian_r2: 0.1644, trian_cc: 0.7729
Epoch 77, val_loss: 0.0019, val_mae: 0.0448, val_mse: 0.0039, val_r2: 0.0658, val_cc: 0.7680
Epoch 78, trian_loss: 0.0019, trian_mae: 0.0427, trian_mse:0.0037, trian_r2: 0.1432, trian_cc: 0.7714
Epoch 78, val_loss: 0.0019, val_mae: 0.0425, val_mse: 0.0037, val_r2: 0.0916, val_cc: 0.7709
Epoch 79, trian_loss: 0.0019, trian_mae: 0.0427, trian_mse:0.0037, trian_r2: 0.1157, trian_cc: 0.7724
Epoch 79, val_loss: 0.0019, val_mae: 0.0431, val_mse: 0.0037, val_r2: 0.0478, val_cc: 0.7722
Epoch 80, trian_loss: 0.0018, trian_mae: 0.0422, trian_mse:0.0037, trian_r2: 0.1572, trian_cc: 0.7749
Epoch 80, val_loss: 0.0019, val_mae: 0.0434, val_mse: 0.0037, val_r2: 0.0646, val_cc: 0.7728
Epoch 81, trian_loss: 0.0018, trian_mae: 0.0421, trian_mse:0.0037, trian_r2: 0.1804, trian_cc: 0.7758
Epoch 81, val_loss: 0.0018, val_mae: 0.0420, val_mse: 0.0037, val_r2: 0.1743, val_cc: 0.7748
Epoch 82, trian_loss: 0.0018, trian_mae: 0.0418, trian_mse:0.0036, trian_r2: 0.1684, trian_cc: 0.7776
Epoch 82, val_loss: 0.0018, val_mae: 0.0426, val_mse: 0.0037, val_r2: 0.1246, val_cc: 0.7750
Epoch 83, trian_loss: 0.0018, trian_mae: 0.0418, trian_mse:0.0036, trian_r2: 0.1768, trian_cc: 0.7771
Epoch 83, val_loss: 0.0019, val_mae: 0.0452, val_mse: 0.0039, val_r2: -0.0043, val_cc: 0.7721
Epoch 84, trian_loss: 0.0018, trian_mae: 0.0422, trian_mse:0.0037, trian_r2: 0.1898, trian_cc: 0.7759
Epoch 84, val_loss: 0.0019, val_mae: 0.0432, val_mse: 0.0037, val_r2: 0.1182, val_cc: 0.7731
Epoch 85, trian_loss: 0.0018, trian_mae: 0.0423, trian_mse:0.0037, trian_r2: 0.1842, trian_cc: 0.7762
Epoch 85, val_loss: 0.0018, val_mae: 0.0422, val_mse: 0.0037, val_r2: 0.0994, val_cc: 0.7762
Epoch 86, trian_loss: 0.0018, trian_mae: 0.0418, trian_mse:0.0036, trian_r2: 0.1980, trian_cc: 0.7794
Epoch 86, val_loss: 0.0018, val_mae: 0.0417, val_mse: 0.0036, val_r2: 0.1767, val_cc: 0.7791
Epoch 87, trian_loss: 0.0018, trian_mae: 0.0413, trian_mse:0.0036, trian_r2: 0.1957, trian_cc: 0.7820
Epoch 87, val_loss: 0.0018, val_mae: 0.0417, val_mse: 0.0036, val_r2: 0.1949, val_cc: 0.7798
Epoch 88, trian_loss: 0.0018, trian_mae: 0.0412, trian_mse:0.0035, trian_r2: 0.2161, trian_cc: 0.7823
Epoch 88, val_loss: 0.0018, val_mae: 0.0430, val_mse: 0.0037, val_r2: 0.0587, val_cc: 0.7774
Epoch 89, trian_loss: 0.0018, trian_mae: 0.0417, trian_mse:0.0036, trian_r2: 0.1886, trian_cc: 0.7801
Epoch 89, val_loss: 0.0018, val_mae: 0.0420, val_mse: 0.0037, val_r2: 0.1974, val_cc: 0.7753
Epoch 90, trian_loss: 0.0018, trian_mae: 0.0417, trian_mse:0.0036, trian_r2: 0.2071, trian_cc: 0.7804
Epoch 90, val_loss: 0.0018, val_mae: 0.0416, val_mse: 0.0036, val_r2: 0.1963, val_cc: 0.7800
Epoch 91, trian_loss: 0.0018, trian_mae: 0.0411, trian_mse:0.0035, trian_r2: 0.2261, trian_cc: 0.7838
Epoch 91, val_loss: 0.0018, val_mae: 0.0417, val_mse: 0.0036, val_r2: 0.1650, val_cc: 0.7821
Epoch 92, trian_loss: 0.0018, trian_mae: 0.0409, trian_mse:0.0035, trian_r2: 0.2306, trian_cc: 0.7854
Epoch 92, val_loss: 0.0018, val_mae: 0.0425, val_mse: 0.0036, val_r2: 0.1245, val_cc: 0.7823
Epoch 93, trian_loss: 0.0018, trian_mae: 0.0410, trian_mse:0.0035, trian_r2: 0.2375, trian_cc: 0.7849
Epoch 93, val_loss: 0.0018, val_mae: 0.0418, val_mse: 0.0036, val_r2: 0.2128, val_cc: 0.7808
Epoch 94, trian_loss: 0.0018, trian_mae: 0.0413, trian_mse:0.0035, trian_r2: 0.2183, trian_cc: 0.7839
Epoch 94, val_loss: 0.0018, val_mae: 0.0414, val_mse: 0.0036, val_r2: 0.2284, val_cc: 0.7820
Epoch 95, trian_loss: 0.0018, trian_mae: 0.0411, trian_mse:0.0035, trian_r2: 0.2500, trian_cc: 0.7865
Epoch 95, val_loss: 0.0018, val_mae: 0.0415, val_mse: 0.0035, val_r2: 0.1746, val_cc: 0.7852
Epoch 96, trian_loss: 0.0017, trian_mae: 0.0405, trian_mse:0.0035, trian_r2: 0.2522, trian_cc: 0.7888
Epoch 96, val_loss: 0.0018, val_mae: 0.0412, val_mse: 0.0035, val_r2: 0.2368, val_cc: 0.7853
Epoch 97, trian_loss: 0.0017, trian_mae: 0.0404, trian_mse:0.0034, trian_r2: 0.2427, trian_cc: 0.7892
Epoch 97, val_loss: 0.0018, val_mae: 0.0409, val_mse: 0.0035, val_r2: 0.2570, val_cc: 0.7839
Epoch 98, trian_loss: 0.0017, trian_mae: 0.0406, trian_mse:0.0035, trian_r2: 0.2469, trian_cc: 0.7887
Epoch 98, val_loss: 0.0018, val_mae: 0.0416, val_mse: 0.0035, val_r2: 0.1846, val_cc: 0.7855
Epoch 99, trian_loss: 0.0017, trian_mae: 0.0409, trian_mse:0.0035, trian_r2: 0.2368, trian_cc: 0.7883
Epoch 99, val_loss: 0.0018, val_mae: 0.0419, val_mse: 0.0036, val_r2: 0.1872, val_cc: 0.7841
