Trian Data: 633   Validation Data: 211  Test Data: 212
[1, 1]
[1, 1]
[1, 1]
[1, 1]
model SENet(
  (conv1): Conv2d(437, 64, kernel_size=(3, 3), stride=(1, 1), padding=(1, 1), bias=False)
  (bn1): BatchNorm2d(64, eps=1e-05, momentum=0.1, affine=True, track_running_stats=True)
  (layer1): Sequential(
    (0): BasicBlock(
      (conv1): Conv2d(64, 64, kernel_size=(3, 3), stride=(1, 1), padding=(1, 1), bias=False)
      (bn1): BatchNorm2d(64, eps=1e-05, momentum=0.1, affine=True, track_running_stats=True)
      (conv2): Conv2d(64, 64, kernel_size=(3, 3), stride=(1, 1), padding=(1, 1), bias=False)
      (bn2): BatchNorm2d(64, eps=1e-05, momentum=0.1, affine=True, track_running_stats=True)
      (shortcut): Sequential()
      (fc1): Conv2d(64, 4, kernel_size=(1, 1), stride=(1, 1))
      (fc2): Conv2d(4, 64, kernel_size=(1, 1), stride=(1, 1))
    )
    (1): BasicBlock(
      (conv1): Conv2d(64, 64, kernel_size=(3, 3), stride=(1, 1), padding=(1, 1), bias=False)
      (bn1): BatchNorm2d(64, eps=1e-05, momentum=0.1, affine=True, track_running_stats=True)
      (conv2): Conv2d(64, 64, kernel_size=(3, 3), stride=(1, 1), padding=(1, 1), bias=False)
      (bn2): BatchNorm2d(64, eps=1e-05, momentum=0.1, affine=True, track_running_stats=True)
      (shortcut): Sequential()
      (fc1): Conv2d(64, 4, kernel_size=(1, 1), stride=(1, 1))
      (fc2): Conv2d(4, 64, kernel_size=(1, 1), stride=(1, 1))
    )
  )
  (layer2): Sequential(
    (0): BasicBlock(
      (conv1): Conv2d(64, 64, kernel_size=(3, 3), stride=(1, 1), padding=(1, 1), bias=False)
      (bn1): BatchNorm2d(64, eps=1e-05, momentum=0.1, affine=True, track_running_stats=True)
      (conv2): Conv2d(64, 64, kernel_size=(3, 3), stride=(1, 1), padding=(1, 1), bias=False)
      (bn2): BatchNorm2d(64, eps=1e-05, momentum=0.1, affine=True, track_running_stats=True)
      (shortcut): Sequential()
      (fc1): Conv2d(64, 4, kernel_size=(1, 1), stride=(1, 1))
      (fc2): Conv2d(4, 64, kernel_size=(1, 1), stride=(1, 1))
    )
    (1): BasicBlock(
      (conv1): Conv2d(64, 64, kernel_size=(3, 3), stride=(1, 1), padding=(1, 1), bias=False)
      (bn1): BatchNorm2d(64, eps=1e-05, momentum=0.1, affine=True, track_running_stats=True)
      (conv2): Conv2d(64, 64, kernel_size=(3, 3), stride=(1, 1), padding=(1, 1), bias=False)
      (bn2): BatchNorm2d(64, eps=1e-05, momentum=0.1, affine=True, track_running_stats=True)
      (shortcut): Sequential()
      (fc1): Conv2d(64, 4, kernel_size=(1, 1), stride=(1, 1))
      (fc2): Conv2d(4, 64, kernel_size=(1, 1), stride=(1, 1))
    )
  )
  (layer3): Sequential(
    (0): BasicBlock(
      (conv1): Conv2d(64, 64, kernel_size=(3, 3), stride=(1, 1), padding=(1, 1), bias=False)
      (bn1): BatchNorm2d(64, eps=1e-05, momentum=0.1, affine=True, track_running_stats=True)
      (conv2): Conv2d(64, 64, kernel_size=(3, 3), stride=(1, 1), padding=(1, 1), bias=False)
      (bn2): BatchNorm2d(64, eps=1e-05, momentum=0.1, affine=True, track_running_stats=True)
      (shortcut): Sequential()
      (fc1): Conv2d(64, 4, kernel_size=(1, 1), stride=(1, 1))
      (fc2): Conv2d(4, 64, kernel_size=(1, 1), stride=(1, 1))
    )
    (1): BasicBlock(
      (conv1): Conv2d(64, 64, kernel_size=(3, 3), stride=(1, 1), padding=(1, 1), bias=False)
      (bn1): BatchNorm2d(64, eps=1e-05, momentum=0.1, affine=True, track_running_stats=True)
      (conv2): Conv2d(64, 64, kernel_size=(3, 3), stride=(1, 1), padding=(1, 1), bias=False)
      (bn2): BatchNorm2d(64, eps=1e-05, momentum=0.1, affine=True, track_running_stats=True)
      (shortcut): Sequential()
      (fc1): Conv2d(64, 4, kernel_size=(1, 1), stride=(1, 1))
      (fc2): Conv2d(4, 64, kernel_size=(1, 1), stride=(1, 1))
    )
  )
  (layer4): Sequential(
    (0): BasicBlock(
      (conv1): Conv2d(64, 64, kernel_size=(3, 3), stride=(1, 1), padding=(1, 1), bias=False)
      (bn1): BatchNorm2d(64, eps=1e-05, momentum=0.1, affine=True, track_running_stats=True)
      (conv2): Conv2d(64, 64, kernel_size=(3, 3), stride=(1, 1), padding=(1, 1), bias=False)
      (bn2): BatchNorm2d(64, eps=1e-05, momentum=0.1, affine=True, track_running_stats=True)
      (shortcut): Sequential()
      (fc1): Conv2d(64, 4, kernel_size=(1, 1), stride=(1, 1))
      (fc2): Conv2d(4, 64, kernel_size=(1, 1), stride=(1, 1))
    )
    (1): BasicBlock(
      (conv1): Conv2d(64, 64, kernel_size=(3, 3), stride=(1, 1), padding=(1, 1), bias=False)
      (bn1): BatchNorm2d(64, eps=1e-05, momentum=0.1, affine=True, track_running_stats=True)
      (conv2): Conv2d(64, 64, kernel_size=(3, 3), stride=(1, 1), padding=(1, 1), bias=False)
      (bn2): BatchNorm2d(64, eps=1e-05, momentum=0.1, affine=True, track_running_stats=True)
      (shortcut): Sequential()
      (fc1): Conv2d(64, 4, kernel_size=(1, 1), stride=(1, 1))
      (fc2): Conv2d(4, 64, kernel_size=(1, 1), stride=(1, 1))
    )
  )
  (cnn): CNNnet(
    (conv1): Sequential(
      (0): Conv2d(64, 32, kernel_size=(3, 3), stride=(1, 1), padding=(1, 1))
      (1): BatchNorm2d(32, eps=1e-05, momentum=0.1, affine=True, track_running_stats=True)
      (2): ReLU()
    )
    (conv2): Sequential(
      (0): Conv2d(32, 16, kernel_size=(3, 3), stride=(1, 1), padding=(1, 1))
      (1): BatchNorm2d(16, eps=1e-05, momentum=0.1, affine=True, track_running_stats=True)
      (2): ReLU()
    )
    (conv3): Sequential(
      (0): Conv2d(16, 1, kernel_size=(3, 3), stride=(1, 1), padding=(1, 1))
      (1): BatchNorm2d(1, eps=1e-05, momentum=0.1, affine=True, track_running_stats=True)
      (2): ReLU()
    )
  )
)
Epoch  0, trian_loss: 0.0067, trian_mae: 0.0868, trian_mse:0.0135, trian_r2: -13.9967, trian_cc: 0.0249
Epoch  0, val_loss: 0.0071, val_mae: 0.0881, val_mse: 0.0143, val_r2: -19.8459, val_cc: 0.0387
Epoch  1, trian_loss: 0.0054, trian_mae: 0.0810, trian_mse:0.0108, trian_r2: -1057.3478, trian_cc: 0.0971
Epoch  1, val_loss: 0.0065, val_mae: 0.0849, val_mse: 0.0131, val_r2: -1133.1504, val_cc: 0.1066
Epoch  2, trian_loss: 0.0054, trian_mae: 0.0808, trian_mse:0.0107, trian_r2: -684.2700, trian_cc: 0.1105
Epoch  2, val_loss: 0.0065, val_mae: 0.0849, val_mse: 0.0131, val_r2: -890.1543, val_cc: 0.1112
Epoch  3, trian_loss: 0.0053, trian_mae: 0.0807, trian_mse:0.0107, trian_r2: -462.5761, trian_cc: 0.1219
Epoch  3, val_loss: 0.0065, val_mae: 0.0847, val_mse: 0.0130, val_r2: -408.2624, val_cc: 0.1364
Epoch  4, trian_loss: 0.0053, trian_mae: 0.0805, trian_mse:0.0106, trian_r2: -251.4475, trian_cc: 0.1488
Epoch  4, val_loss: 0.0065, val_mae: 0.0846, val_mse: 0.0130, val_r2: -268.9516, val_cc: 0.1529
Epoch  5, trian_loss: 0.0053, trian_mae: 0.0805, trian_mse:0.0106, trian_r2: -227.4607, trian_cc: 0.1523
Epoch  5, val_loss: 0.0065, val_mae: 0.0846, val_mse: 0.0130, val_r2: -274.6050, val_cc: 0.1547
Epoch  6, trian_loss: 0.0053, trian_mae: 0.0804, trian_mse:0.0106, trian_r2: -182.3106, trian_cc: 0.1658
Epoch  6, val_loss: 0.0065, val_mae: 0.0845, val_mse: 0.0129, val_r2: -213.7754, val_cc: 0.1664
Epoch  7, trian_loss: 0.0053, trian_mae: 0.0802, trian_mse:0.0106, trian_r2: -167.6818, trian_cc: 0.1735
Epoch  7, val_loss: 0.0065, val_mae: 0.0844, val_mse: 0.0129, val_r2: -166.4133, val_cc: 0.1680
Epoch  8, trian_loss: 0.0053, trian_mae: 0.0800, trian_mse:0.0105, trian_r2: -125.8245, trian_cc: 0.1774
Epoch  8, val_loss: 0.0064, val_mae: 0.0844, val_mse: 0.0129, val_r2: -137.5782, val_cc: 0.1701
Epoch  9, trian_loss: 0.0052, trian_mae: 0.0797, trian_mse:0.0105, trian_r2: -99.2636, trian_cc: 0.1948
Epoch  9, val_loss: 0.0064, val_mae: 0.0842, val_mse: 0.0129, val_r2: -106.9047, val_cc: 0.1825
Epoch 10, trian_loss: 0.0052, trian_mae: 0.0792, trian_mse:0.0104, trian_r2: -75.8914, trian_cc: 0.2072
Epoch 10, val_loss: 0.0064, val_mae: 0.0843, val_mse: 0.0129, val_r2: -72.1052, val_cc: 0.1829
Epoch 11, trian_loss: 0.0051, trian_mae: 0.0786, trian_mse:0.0103, trian_r2: -54.2555, trian_cc: 0.2251
Epoch 11, val_loss: 0.0064, val_mae: 0.0844, val_mse: 0.0128, val_r2: -47.7756, val_cc: 0.1885
Epoch 12, trian_loss: 0.0050, trian_mae: 0.0776, trian_mse:0.0100, trian_r2: -41.9753, trian_cc: 0.2523
Epoch 12, val_loss: 0.0064, val_mae: 0.0845, val_mse: 0.0128, val_r2: -44.1248, val_cc: 0.1864
Epoch 13, trian_loss: 0.0050, trian_mae: 0.0772, trian_mse:0.0100, trian_r2: -39.3079, trian_cc: 0.2620
Epoch 13, val_loss: 0.0064, val_mae: 0.0843, val_mse: 0.0128, val_r2: -42.7912, val_cc: 0.1850
Epoch 14, trian_loss: 0.0049, trian_mae: 0.0766, trian_mse:0.0099, trian_r2: -34.2837, trian_cc: 0.2692
Epoch 14, val_loss: 0.0064, val_mae: 0.0847, val_mse: 0.0129, val_r2: -29.5831, val_cc: 0.1815
Epoch 15, trian_loss: 0.0049, trian_mae: 0.0758, trian_mse:0.0097, trian_r2: -29.6601, trian_cc: 0.2829
Epoch 15, val_loss: 0.0064, val_mae: 0.0843, val_mse: 0.0128, val_r2: -37.1855, val_cc: 0.1837
Epoch 16, trian_loss: 0.0048, trian_mae: 0.0756, trian_mse:0.0097, trian_r2: -26.2761, trian_cc: 0.2907
Epoch 16, val_loss: 0.0064, val_mae: 0.0843, val_mse: 0.0128, val_r2: -30.2640, val_cc: 0.1827
Epoch 17, trian_loss: 0.0048, trian_mae: 0.0747, trian_mse:0.0095, trian_r2: -22.7307, trian_cc: 0.3055
Epoch 17, val_loss: 0.0064, val_mae: 0.0845, val_mse: 0.0128, val_r2: -25.4361, val_cc: 0.1813
Epoch 18, trian_loss: 0.0047, trian_mae: 0.0744, trian_mse:0.0094, trian_r2: -21.8892, trian_cc: 0.3100
Epoch 18, val_loss: 0.0064, val_mae: 0.0842, val_mse: 0.0128, val_r2: -25.5470, val_cc: 0.1828
Epoch 19, trian_loss: 0.0047, trian_mae: 0.0742, trian_mse:0.0094, trian_r2: -21.1083, trian_cc: 0.3139
Epoch 19, val_loss: 0.0064, val_mae: 0.0839, val_mse: 0.0127, val_r2: -31.7678, val_cc: 0.1848
Epoch 20, trian_loss: 0.0047, trian_mae: 0.0736, trian_mse:0.0093, trian_r2: -19.2427, trian_cc: 0.3219
Epoch 20, val_loss: 0.0063, val_mae: 0.0838, val_mse: 0.0127, val_r2: -31.1736, val_cc: 0.1882
Epoch 21, trian_loss: 0.0046, trian_mae: 0.0729, trian_mse:0.0092, trian_r2: -17.7393, trian_cc: 0.3299
Epoch 21, val_loss: 0.0064, val_mae: 0.0839, val_mse: 0.0127, val_r2: -24.6949, val_cc: 0.1899
Epoch 22, trian_loss: 0.0045, trian_mae: 0.0725, trian_mse:0.0091, trian_r2: -15.6106, trian_cc: 0.3409
Epoch 22, val_loss: 0.0063, val_mae: 0.0839, val_mse: 0.0127, val_r2: -29.0643, val_cc: 0.1858
Epoch 23, trian_loss: 0.0045, trian_mae: 0.0721, trian_mse:0.0090, trian_r2: -14.8380, trian_cc: 0.3436
Epoch 23, val_loss: 0.0063, val_mae: 0.0838, val_mse: 0.0126, val_r2: -40.6929, val_cc: 0.1831
Epoch 24, trian_loss: 0.0044, trian_mae: 0.0711, trian_mse:0.0088, trian_r2: -12.6455, trian_cc: 0.3635
Epoch 24, val_loss: 0.0063, val_mae: 0.0836, val_mse: 0.0126, val_r2: -38.3887, val_cc: 0.1739
Epoch 25, trian_loss: 0.0043, trian_mae: 0.0703, trian_mse:0.0086, trian_r2: -11.9493, trian_cc: 0.3801
Epoch 25, val_loss: 0.0063, val_mae: 0.0839, val_mse: 0.0126, val_r2: -36.4843, val_cc: 0.1659
Epoch 26, trian_loss: 0.0041, trian_mae: 0.0687, trian_mse:0.0083, trian_r2: -8.9183, trian_cc: 0.4056
Epoch 26, val_loss: 0.0063, val_mae: 0.0839, val_mse: 0.0127, val_r2: -39.2930, val_cc: 0.1505
Epoch 27, trian_loss: 0.0041, trian_mae: 0.0681, trian_mse:0.0081, trian_r2: -8.2885, trian_cc: 0.4212
Epoch 27, val_loss: 0.0064, val_mae: 0.0840, val_mse: 0.0128, val_r2: -28.5652, val_cc: 0.1378
Epoch 28, trian_loss: 0.0040, trian_mae: 0.0678, trian_mse:0.0080, trian_r2: -7.8661, trian_cc: 0.4332
Epoch 28, val_loss: 0.0064, val_mae: 0.0841, val_mse: 0.0127, val_r2: -26.6245, val_cc: 0.1443
Epoch 29, trian_loss: 0.0039, trian_mae: 0.0667, trian_mse:0.0078, trian_r2: -6.9228, trian_cc: 0.4504
Epoch 29, val_loss: 0.0064, val_mae: 0.0844, val_mse: 0.0129, val_r2: -19.1094, val_cc: 0.1346
Epoch 30, trian_loss: 0.0037, trian_mae: 0.0648, trian_mse:0.0074, trian_r2: -5.3241, trian_cc: 0.4772
Epoch 30, val_loss: 0.0065, val_mae: 0.0848, val_mse: 0.0129, val_r2: -16.6467, val_cc: 0.1245
Epoch 31, trian_loss: 0.0036, trian_mae: 0.0645, trian_mse:0.0073, trian_r2: -5.2588, trian_cc: 0.4891
Epoch 31, val_loss: 0.0065, val_mae: 0.0857, val_mse: 0.0130, val_r2: -12.1407, val_cc: 0.1259
Epoch 32, trian_loss: 0.0036, trian_mae: 0.0637, trian_mse:0.0071, trian_r2: -4.4389, trian_cc: 0.5042
Epoch 32, val_loss: 0.0065, val_mae: 0.0861, val_mse: 0.0130, val_r2: -16.3135, val_cc: 0.1107
Epoch 33, trian_loss: 0.0035, trian_mae: 0.0633, trian_mse:0.0070, trian_r2: -4.2494, trian_cc: 0.5198
Epoch 33, val_loss: 0.0065, val_mae: 0.0857, val_mse: 0.0131, val_r2: -14.9889, val_cc: 0.1273
Epoch 34, trian_loss: 0.0034, trian_mae: 0.0623, trian_mse:0.0068, trian_r2: -3.7936, trian_cc: 0.5330
Epoch 34, val_loss: 0.0069, val_mae: 0.0864, val_mse: 0.0137, val_r2: -13.9501, val_cc: 0.1264
Epoch 35, trian_loss: 0.0034, trian_mae: 0.0616, trian_mse:0.0067, trian_r2: -3.2855, trian_cc: 0.5441
Epoch 35, val_loss: 0.0068, val_mae: 0.0862, val_mse: 0.0136, val_r2: -13.9545, val_cc: 0.1292
Epoch 36, trian_loss: 0.0033, trian_mae: 0.0608, trian_mse:0.0065, trian_r2: -2.6870, trian_cc: 0.5588
Epoch 36, val_loss: 0.0066, val_mae: 0.0861, val_mse: 0.0132, val_r2: -10.4720, val_cc: 0.1234
Epoch 37, trian_loss: 0.0032, trian_mae: 0.0598, trian_mse:0.0063, trian_r2: -2.5385, trian_cc: 0.5757
Epoch 37, val_loss: 0.0069, val_mae: 0.0906, val_mse: 0.0139, val_r2: -7.6461, val_cc: 0.1077
Epoch 38, trian_loss: 0.0031, trian_mae: 0.0596, trian_mse:0.0063, trian_r2: -2.6417, trian_cc: 0.5839
Epoch 38, val_loss: 0.0066, val_mae: 0.0859, val_mse: 0.0131, val_r2: -11.3614, val_cc: 0.1228
Epoch 39, trian_loss: 0.0031, trian_mae: 0.0595, trian_mse:0.0063, trian_r2: -2.2031, trian_cc: 0.5868
Epoch 39, val_loss: 0.0070, val_mae: 0.0876, val_mse: 0.0140, val_r2: -8.7282, val_cc: 0.1317
Epoch 40, trian_loss: 0.0031, trian_mae: 0.0592, trian_mse:0.0062, trian_r2: -1.9951, trian_cc: 0.5944
Epoch 40, val_loss: 0.0068, val_mae: 0.0870, val_mse: 0.0136, val_r2: -8.8290, val_cc: 0.1193
Epoch 41, trian_loss: 0.0030, trian_mae: 0.0587, trian_mse:0.0061, trian_r2: -1.9972, trian_cc: 0.6032
Epoch 41, val_loss: 0.0068, val_mae: 0.0879, val_mse: 0.0136, val_r2: -7.6479, val_cc: 0.1143
Epoch 42, trian_loss: 0.0030, trian_mae: 0.0576, trian_mse:0.0059, trian_r2: -1.8536, trian_cc: 0.6157
Epoch 42, val_loss: 0.0069, val_mae: 0.0871, val_mse: 0.0139, val_r2: -10.1954, val_cc: 0.1247
Epoch 43, trian_loss: 0.0029, trian_mae: 0.0566, trian_mse:0.0057, trian_r2: -1.3965, trian_cc: 0.6235
Epoch 43, val_loss: 0.0070, val_mae: 0.0870, val_mse: 0.0139, val_r2: -11.1109, val_cc: 0.1270
Epoch 44, trian_loss: 0.0028, trian_mae: 0.0566, trian_mse:0.0057, trian_r2: -1.2838, trian_cc: 0.6283
Epoch 44, val_loss: 0.0069, val_mae: 0.0897, val_mse: 0.0138, val_r2: -6.6825, val_cc: 0.1059
Epoch 45, trian_loss: 0.0029, trian_mae: 0.0569, trian_mse:0.0057, trian_r2: -1.3294, trian_cc: 0.6314
Epoch 45, val_loss: 0.0067, val_mae: 0.0878, val_mse: 0.0133, val_r2: -10.8823, val_cc: 0.0938
Epoch 46, trian_loss: 0.0028, trian_mae: 0.0557, trian_mse:0.0055, trian_r2: -1.1484, trian_cc: 0.6404
Epoch 46, val_loss: 0.0068, val_mae: 0.0867, val_mse: 0.0136, val_r2: -9.2820, val_cc: 0.1130
Epoch 47, trian_loss: 0.0027, trian_mae: 0.0549, trian_mse:0.0054, trian_r2: -1.0573, trian_cc: 0.6503
Epoch 47, val_loss: 0.0069, val_mae: 0.0870, val_mse: 0.0137, val_r2: -9.5238, val_cc: 0.1119
Epoch 48, trian_loss: 0.0027, trian_mae: 0.0552, trian_mse:0.0054, trian_r2: -1.0694, trian_cc: 0.6529
Epoch 48, val_loss: 0.0068, val_mae: 0.0870, val_mse: 0.0137, val_r2: -8.3125, val_cc: 0.1211
Epoch 49, trian_loss: 0.0026, trian_mae: 0.0534, trian_mse:0.0052, trian_r2: -0.7638, trian_cc: 0.6658
Epoch 49, val_loss: 0.0071, val_mae: 0.0878, val_mse: 0.0141, val_r2: -8.5202, val_cc: 0.1296
Epoch 50, trian_loss: 0.0024, trian_mae: 0.0515, trian_mse:0.0049, trian_r2: -0.6011, trian_cc: 0.6781
Epoch 50, val_loss: 0.0071, val_mae: 0.0876, val_mse: 0.0141, val_r2: -8.8542, val_cc: 0.1266
Epoch 51, trian_loss: 0.0025, trian_mae: 0.0526, trian_mse:0.0050, trian_r2: -0.6764, trian_cc: 0.6725
Epoch 51, val_loss: 0.0071, val_mae: 0.0880, val_mse: 0.0141, val_r2: -7.5522, val_cc: 0.1291
Epoch 52, trian_loss: 0.0026, trian_mae: 0.0540, trian_mse:0.0053, trian_r2: -0.8282, trian_cc: 0.6685
Epoch 52, val_loss: 0.0069, val_mae: 0.0882, val_mse: 0.0138, val_r2: -6.1754, val_cc: 0.1110
Epoch 53, trian_loss: 0.0025, trian_mae: 0.0525, trian_mse:0.0050, trian_r2: -0.6483, trian_cc: 0.6783
Epoch 53, val_loss: 0.0070, val_mae: 0.0904, val_mse: 0.0141, val_r2: -5.3966, val_cc: 0.1001
Epoch 54, trian_loss: 0.0025, trian_mae: 0.0523, trian_mse:0.0050, trian_r2: -0.6739, trian_cc: 0.6824
Epoch 54, val_loss: 0.0069, val_mae: 0.0885, val_mse: 0.0139, val_r2: -5.8038, val_cc: 0.1114
Epoch 55, trian_loss: 0.0025, trian_mae: 0.0529, trian_mse:0.0051, trian_r2: -0.6734, trian_cc: 0.6806
Epoch 55, val_loss: 0.0071, val_mae: 0.0879, val_mse: 0.0141, val_r2: -7.8869, val_cc: 0.1123
Epoch 56, trian_loss: 0.0024, trian_mae: 0.0511, trian_mse:0.0048, trian_r2: -0.4856, trian_cc: 0.6918
Epoch 56, val_loss: 0.0070, val_mae: 0.0893, val_mse: 0.0141, val_r2: -5.6294, val_cc: 0.1008
Epoch 57, trian_loss: 0.0024, trian_mae: 0.0507, trian_mse:0.0047, trian_r2: -0.4715, trian_cc: 0.6944
Epoch 57, val_loss: 0.0068, val_mae: 0.0876, val_mse: 0.0136, val_r2: -6.7399, val_cc: 0.1137
Epoch 58, trian_loss: 0.0025, trian_mae: 0.0520, trian_mse:0.0049, trian_r2: -0.5779, trian_cc: 0.6873
Epoch 58, val_loss: 0.0071, val_mae: 0.0881, val_mse: 0.0141, val_r2: -7.0374, val_cc: 0.1195
Epoch 59, trian_loss: 0.0024, trian_mae: 0.0512, trian_mse:0.0048, trian_r2: -0.4593, trian_cc: 0.6953
Epoch 59, val_loss: 0.0070, val_mae: 0.0885, val_mse: 0.0140, val_r2: -5.8986, val_cc: 0.1108
Epoch 60, trian_loss: 0.0023, trian_mae: 0.0503, trian_mse:0.0047, trian_r2: -0.3900, trian_cc: 0.6999
Epoch 60, val_loss: 0.0070, val_mae: 0.0893, val_mse: 0.0140, val_r2: -5.3460, val_cc: 0.1052
Epoch 61, trian_loss: 0.0024, trian_mae: 0.0515, trian_mse:0.0049, trian_r2: -0.5079, trian_cc: 0.6922
Epoch 61, val_loss: 0.0070, val_mae: 0.0895, val_mse: 0.0140, val_r2: -5.2689, val_cc: 0.1028
Epoch 62, trian_loss: 0.0024, trian_mae: 0.0509, trian_mse:0.0048, trian_r2: -0.4451, trian_cc: 0.7001
Epoch 62, val_loss: 0.0071, val_mae: 0.0878, val_mse: 0.0142, val_r2: -9.5530, val_cc: 0.1268
Epoch 63, trian_loss: 0.0023, trian_mae: 0.0496, trian_mse:0.0046, trian_r2: -0.3282, trian_cc: 0.7087
Epoch 63, val_loss: 0.0071, val_mae: 0.0883, val_mse: 0.0142, val_r2: -6.8574, val_cc: 0.1163
Epoch 64, trian_loss: 0.0023, trian_mae: 0.0497, trian_mse:0.0046, trian_r2: -0.3659, trian_cc: 0.7055
Epoch 64, val_loss: 0.0070, val_mae: 0.0892, val_mse: 0.0140, val_r2: -5.5521, val_cc: 0.1026
Epoch 65, trian_loss: 0.0023, trian_mae: 0.0500, trian_mse:0.0046, trian_r2: -0.3306, trian_cc: 0.7068
Epoch 65, val_loss: 0.0070, val_mae: 0.0890, val_mse: 0.0139, val_r2: -5.5115, val_cc: 0.1093
Epoch 66, trian_loss: 0.0023, trian_mae: 0.0498, trian_mse:0.0046, trian_r2: -0.3178, trian_cc: 0.7104
Epoch 66, val_loss: 0.0069, val_mae: 0.0878, val_mse: 0.0138, val_r2: -6.3136, val_cc: 0.1169
Epoch 67, trian_loss: 0.0023, trian_mae: 0.0500, trian_mse:0.0046, trian_r2: -0.3325, trian_cc: 0.7101
Epoch 67, val_loss: 0.0072, val_mae: 0.0886, val_mse: 0.0145, val_r2: -7.7321, val_cc: 0.1208
Epoch 68, trian_loss: 0.0023, trian_mae: 0.0499, trian_mse:0.0046, trian_r2: -0.3464, trian_cc: 0.7089
Epoch 68, val_loss: 0.0071, val_mae: 0.0883, val_mse: 0.0142, val_r2: -6.2207, val_cc: 0.1264
Epoch 69, trian_loss: 0.0024, trian_mae: 0.0508, trian_mse:0.0047, trian_r2: -0.3886, trian_cc: 0.7072
Epoch 69, val_loss: 0.0071, val_mae: 0.0891, val_mse: 0.0143, val_r2: -5.2239, val_cc: 0.1141
Epoch 70, trian_loss: 0.0022, trian_mae: 0.0490, trian_mse:0.0045, trian_r2: -0.2542, trian_cc: 0.7243
Epoch 70, val_loss: 0.0070, val_mae: 0.0890, val_mse: 0.0140, val_r2: -5.4585, val_cc: 0.1107
Epoch 71, trian_loss: 0.0020, trian_mae: 0.0459, trian_mse:0.0041, trian_r2: -0.0502, trian_cc: 0.7408
Epoch 71, val_loss: 0.0070, val_mae: 0.0889, val_mse: 0.0141, val_r2: -5.3476, val_cc: 0.1118
Epoch 72, trian_loss: 0.0020, trian_mae: 0.0449, trian_mse:0.0040, trian_r2: 0.0172, trian_cc: 0.7467
Epoch 72, val_loss: 0.0071, val_mae: 0.0888, val_mse: 0.0141, val_r2: -5.4565, val_cc: 0.1114
Epoch 73, trian_loss: 0.0020, trian_mae: 0.0448, trian_mse:0.0040, trian_r2: 0.0227, trian_cc: 0.7472
Epoch 73, val_loss: 0.0071, val_mae: 0.0890, val_mse: 0.0142, val_r2: -5.4582, val_cc: 0.1100
Epoch 74, trian_loss: 0.0020, trian_mae: 0.0447, trian_mse:0.0039, trian_r2: 0.0390, trian_cc: 0.7499
Epoch 74, val_loss: 0.0071, val_mae: 0.0891, val_mse: 0.0142, val_r2: -5.2961, val_cc: 0.1097
Epoch 75, trian_loss: 0.0020, trian_mae: 0.0444, trian_mse:0.0039, trian_r2: 0.0542, trian_cc: 0.7530
Epoch 75, val_loss: 0.0072, val_mae: 0.0893, val_mse: 0.0143, val_r2: -5.2369, val_cc: 0.1119
Epoch 76, trian_loss: 0.0020, trian_mae: 0.0446, trian_mse:0.0039, trian_r2: 0.0368, trian_cc: 0.7536
Epoch 76, val_loss: 0.0073, val_mae: 0.0898, val_mse: 0.0147, val_r2: -5.4078, val_cc: 0.1160
Epoch 77, trian_loss: 0.0020, trian_mae: 0.0446, trian_mse:0.0039, trian_r2: 0.0542, trian_cc: 0.7540
Epoch 77, val_loss: 0.0073, val_mae: 0.0898, val_mse: 0.0145, val_r2: -4.9411, val_cc: 0.1117
Epoch 78, trian_loss: 0.0020, trian_mae: 0.0444, trian_mse:0.0039, trian_r2: 0.0595, trian_cc: 0.7560
Epoch 78, val_loss: 0.0072, val_mae: 0.0904, val_mse: 0.0145, val_r2: -4.4659, val_cc: 0.1010
Epoch 79, trian_loss: 0.0020, trian_mae: 0.0444, trian_mse:0.0039, trian_r2: 0.0665, trian_cc: 0.7575
Epoch 79, val_loss: 0.0073, val_mae: 0.0905, val_mse: 0.0145, val_r2: -4.5001, val_cc: 0.1012
Epoch 80, trian_loss: 0.0019, trian_mae: 0.0441, trian_mse:0.0039, trian_r2: 0.0787, trian_cc: 0.7582
Epoch 80, val_loss: 0.0074, val_mae: 0.0905, val_mse: 0.0148, val_r2: -4.9187, val_cc: 0.1064
Epoch 81, trian_loss: 0.0020, trian_mae: 0.0447, trian_mse:0.0039, trian_r2: 0.0655, trian_cc: 0.7568
Epoch 81, val_loss: 0.0073, val_mae: 0.0906, val_mse: 0.0147, val_r2: -4.5290, val_cc: 0.1085
Epoch 82, trian_loss: 0.0020, trian_mae: 0.0446, trian_mse:0.0039, trian_r2: 0.0614, trian_cc: 0.7580
Epoch 82, val_loss: 0.0073, val_mae: 0.0912, val_mse: 0.0146, val_r2: -4.3542, val_cc: 0.1006
Epoch 83, trian_loss: 0.0019, trian_mae: 0.0441, trian_mse:0.0039, trian_r2: 0.0978, trian_cc: 0.7616
Epoch 83, val_loss: 0.0074, val_mae: 0.0913, val_mse: 0.0147, val_r2: -4.2188, val_cc: 0.0973
Epoch 84, trian_loss: 0.0019, trian_mae: 0.0436, trian_mse:0.0038, trian_r2: 0.1164, trian_cc: 0.7631
Epoch 84, val_loss: 0.0075, val_mae: 0.0914, val_mse: 0.0149, val_r2: -4.2278, val_cc: 0.0971
Epoch 85, trian_loss: 0.0019, trian_mae: 0.0439, trian_mse:0.0038, trian_r2: 0.0934, trian_cc: 0.7623
Epoch 85, val_loss: 0.0074, val_mae: 0.0912, val_mse: 0.0149, val_r2: -4.2178, val_cc: 0.1023
Epoch 86, trian_loss: 0.0019, trian_mae: 0.0437, trian_mse:0.0038, trian_r2: 0.1046, trian_cc: 0.7630
Epoch 86, val_loss: 0.0073, val_mae: 0.0911, val_mse: 0.0146, val_r2: -4.2775, val_cc: 0.1009
Epoch 87, trian_loss: 0.0019, trian_mae: 0.0436, trian_mse:0.0038, trian_r2: 0.1166, trian_cc: 0.7640
Epoch 87, val_loss: 0.0073, val_mae: 0.0911, val_mse: 0.0146, val_r2: -4.4200, val_cc: 0.0965
Epoch 88, trian_loss: 0.0019, trian_mae: 0.0434, trian_mse:0.0038, trian_r2: 0.1207, trian_cc: 0.7655
Epoch 88, val_loss: 0.0073, val_mae: 0.0903, val_mse: 0.0146, val_r2: -4.7626, val_cc: 0.1036
Epoch 89, trian_loss: 0.0019, trian_mae: 0.0436, trian_mse:0.0038, trian_r2: 0.1169, trian_cc: 0.7655
Epoch 89, val_loss: 0.0075, val_mae: 0.0914, val_mse: 0.0151, val_r2: -4.4315, val_cc: 0.1036
Epoch 90, trian_loss: 0.0019, trian_mae: 0.0441, trian_mse:0.0038, trian_r2: 0.0907, trian_cc: 0.7644
Epoch 90, val_loss: 0.0073, val_mae: 0.0914, val_mse: 0.0146, val_r2: -4.1822, val_cc: 0.0989
Epoch 91, trian_loss: 0.0019, trian_mae: 0.0436, trian_mse:0.0038, trian_r2: 0.1207, trian_cc: 0.7664
Epoch 91, val_loss: 0.0073, val_mae: 0.0918, val_mse: 0.0146, val_r2: -4.1737, val_cc: 0.0945
Epoch 92, trian_loss: 0.0018, trian_mae: 0.0427, trian_mse:0.0037, trian_r2: 0.1679, trian_cc: 0.7696
Epoch 92, val_loss: 0.0073, val_mae: 0.0910, val_mse: 0.0146, val_r2: -4.3579, val_cc: 0.0965
Epoch 93, trian_loss: 0.0018, trian_mae: 0.0426, trian_mse:0.0037, trian_r2: 0.1628, trian_cc: 0.7695
Epoch 93, val_loss: 0.0074, val_mae: 0.0911, val_mse: 0.0148, val_r2: -4.3863, val_cc: 0.0970
Epoch 94, trian_loss: 0.0019, trian_mae: 0.0430, trian_mse:0.0037, trian_r2: 0.1499, trian_cc: 0.7687
Epoch 94, val_loss: 0.0074, val_mae: 0.0910, val_mse: 0.0148, val_r2: -4.2716, val_cc: 0.1036
Epoch 95, trian_loss: 0.0019, trian_mae: 0.0429, trian_mse:0.0037, trian_r2: 0.1648, trian_cc: 0.7696
Epoch 95, val_loss: 0.0073, val_mae: 0.0907, val_mse: 0.0147, val_r2: -4.3359, val_cc: 0.1048
Epoch 96, trian_loss: 0.0019, trian_mae: 0.0429, trian_mse:0.0037, trian_r2: 0.1685, trian_cc: 0.7703
Epoch 96, val_loss: 0.0073, val_mae: 0.0910, val_mse: 0.0146, val_r2: -4.2186, val_cc: 0.1005
Epoch 97, trian_loss: 0.0019, trian_mae: 0.0429, trian_mse:0.0037, trian_r2: 0.1600, trian_cc: 0.7702
Epoch 97, val_loss: 0.0073, val_mae: 0.0909, val_mse: 0.0146, val_r2: -4.3850, val_cc: 0.0973
Epoch 98, trian_loss: 0.0019, trian_mae: 0.0431, trian_mse:0.0037, trian_r2: 0.1523, trian_cc: 0.7706
Epoch 98, val_loss: 0.0075, val_mae: 0.0917, val_mse: 0.0150, val_r2: -3.9786, val_cc: 0.1001
Epoch 99, trian_loss: 0.0018, trian_mae: 0.0426, trian_mse:0.0037, trian_r2: 0.1750, trian_cc: 0.7734
Epoch 99, val_loss: 0.0074, val_mae: 0.0915, val_mse: 0.0149, val_r2: -4.0884, val_cc: 0.0976
