Trian Data: 633   Validation Data: 211  Test Data: 212
[1, 1]
[1, 1]
[1, 1]
[1, 1]
model SENet(
  (conv1): Conv2d(401, 64, kernel_size=(3, 3), stride=(1, 1), padding=(1, 1), bias=False)
  (bn1): BatchNorm2d(64, eps=1e-05, momentum=0.1, affine=True, track_running_stats=True)
  (layer1): Sequential(
    (0): BasicBlock(
      (conv1): Conv2d(64, 64, kernel_size=(3, 3), stride=(1, 1), padding=(1, 1), bias=False)
      (bn1): BatchNorm2d(64, eps=1e-05, momentum=0.1, affine=True, track_running_stats=True)
      (conv2): Conv2d(64, 64, kernel_size=(3, 3), stride=(1, 1), padding=(1, 1), bias=False)
      (bn2): BatchNorm2d(64, eps=1e-05, momentum=0.1, affine=True, track_running_stats=True)
      (shortcut): Sequential()
      (fc1): Conv2d(64, 4, kernel_size=(1, 1), stride=(1, 1))
      (fc2): Conv2d(4, 64, kernel_size=(1, 1), stride=(1, 1))
    )
    (1): BasicBlock(
      (conv1): Conv2d(64, 64, kernel_size=(3, 3), stride=(1, 1), padding=(1, 1), bias=False)
      (bn1): BatchNorm2d(64, eps=1e-05, momentum=0.1, affine=True, track_running_stats=True)
      (conv2): Conv2d(64, 64, kernel_size=(3, 3), stride=(1, 1), padding=(1, 1), bias=False)
      (bn2): BatchNorm2d(64, eps=1e-05, momentum=0.1, affine=True, track_running_stats=True)
      (shortcut): Sequential()
      (fc1): Conv2d(64, 4, kernel_size=(1, 1), stride=(1, 1))
      (fc2): Conv2d(4, 64, kernel_size=(1, 1), stride=(1, 1))
    )
  )
  (layer2): Sequential(
    (0): BasicBlock(
      (conv1): Conv2d(64, 64, kernel_size=(3, 3), stride=(1, 1), padding=(1, 1), bias=False)
      (bn1): BatchNorm2d(64, eps=1e-05, momentum=0.1, affine=True, track_running_stats=True)
      (conv2): Conv2d(64, 64, kernel_size=(3, 3), stride=(1, 1), padding=(1, 1), bias=False)
      (bn2): BatchNorm2d(64, eps=1e-05, momentum=0.1, affine=True, track_running_stats=True)
      (shortcut): Sequential()
      (fc1): Conv2d(64, 4, kernel_size=(1, 1), stride=(1, 1))
      (fc2): Conv2d(4, 64, kernel_size=(1, 1), stride=(1, 1))
    )
    (1): BasicBlock(
      (conv1): Conv2d(64, 64, kernel_size=(3, 3), stride=(1, 1), padding=(1, 1), bias=False)
      (bn1): BatchNorm2d(64, eps=1e-05, momentum=0.1, affine=True, track_running_stats=True)
      (conv2): Conv2d(64, 64, kernel_size=(3, 3), stride=(1, 1), padding=(1, 1), bias=False)
      (bn2): BatchNorm2d(64, eps=1e-05, momentum=0.1, affine=True, track_running_stats=True)
      (shortcut): Sequential()
      (fc1): Conv2d(64, 4, kernel_size=(1, 1), stride=(1, 1))
      (fc2): Conv2d(4, 64, kernel_size=(1, 1), stride=(1, 1))
    )
  )
  (layer3): Sequential(
    (0): BasicBlock(
      (conv1): Conv2d(64, 64, kernel_size=(3, 3), stride=(1, 1), padding=(1, 1), bias=False)
      (bn1): BatchNorm2d(64, eps=1e-05, momentum=0.1, affine=True, track_running_stats=True)
      (conv2): Conv2d(64, 64, kernel_size=(3, 3), stride=(1, 1), padding=(1, 1), bias=False)
      (bn2): BatchNorm2d(64, eps=1e-05, momentum=0.1, affine=True, track_running_stats=True)
      (shortcut): Sequential()
      (fc1): Conv2d(64, 4, kernel_size=(1, 1), stride=(1, 1))
      (fc2): Conv2d(4, 64, kernel_size=(1, 1), stride=(1, 1))
    )
    (1): BasicBlock(
      (conv1): Conv2d(64, 64, kernel_size=(3, 3), stride=(1, 1), padding=(1, 1), bias=False)
      (bn1): BatchNorm2d(64, eps=1e-05, momentum=0.1, affine=True, track_running_stats=True)
      (conv2): Conv2d(64, 64, kernel_size=(3, 3), stride=(1, 1), padding=(1, 1), bias=False)
      (bn2): BatchNorm2d(64, eps=1e-05, momentum=0.1, affine=True, track_running_stats=True)
      (shortcut): Sequential()
      (fc1): Conv2d(64, 4, kernel_size=(1, 1), stride=(1, 1))
      (fc2): Conv2d(4, 64, kernel_size=(1, 1), stride=(1, 1))
    )
  )
  (layer4): Sequential(
    (0): BasicBlock(
      (conv1): Conv2d(64, 64, kernel_size=(3, 3), stride=(1, 1), padding=(1, 1), bias=False)
      (bn1): BatchNorm2d(64, eps=1e-05, momentum=0.1, affine=True, track_running_stats=True)
      (conv2): Conv2d(64, 64, kernel_size=(3, 3), stride=(1, 1), padding=(1, 1), bias=False)
      (bn2): BatchNorm2d(64, eps=1e-05, momentum=0.1, affine=True, track_running_stats=True)
      (shortcut): Sequential()
      (fc1): Conv2d(64, 4, kernel_size=(1, 1), stride=(1, 1))
      (fc2): Conv2d(4, 64, kernel_size=(1, 1), stride=(1, 1))
    )
    (1): BasicBlock(
      (conv1): Conv2d(64, 64, kernel_size=(3, 3), stride=(1, 1), padding=(1, 1), bias=False)
      (bn1): BatchNorm2d(64, eps=1e-05, momentum=0.1, affine=True, track_running_stats=True)
      (conv2): Conv2d(64, 64, kernel_size=(3, 3), stride=(1, 1), padding=(1, 1), bias=False)
      (bn2): BatchNorm2d(64, eps=1e-05, momentum=0.1, affine=True, track_running_stats=True)
      (shortcut): Sequential()
      (fc1): Conv2d(64, 4, kernel_size=(1, 1), stride=(1, 1))
      (fc2): Conv2d(4, 64, kernel_size=(1, 1), stride=(1, 1))
    )
  )
  (cnn): CNNnet(
    (conv1): Sequential(
      (0): Conv2d(64, 32, kernel_size=(3, 3), stride=(1, 1), padding=(1, 1))
      (1): BatchNorm2d(32, eps=1e-05, momentum=0.1, affine=True, track_running_stats=True)
      (2): ReLU()
    )
    (conv2): Sequential(
      (0): Conv2d(32, 16, kernel_size=(3, 3), stride=(1, 1), padding=(1, 1))
      (1): BatchNorm2d(16, eps=1e-05, momentum=0.1, affine=True, track_running_stats=True)
      (2): ReLU()
    )
    (conv3): Sequential(
      (0): Conv2d(16, 1, kernel_size=(3, 3), stride=(1, 1), padding=(1, 1))
      (1): BatchNorm2d(1, eps=1e-05, momentum=0.1, affine=True, track_running_stats=True)
      (2): ReLU()
    )
  )
)
Epoch  0, trian_loss: 0.0061, trian_mae: 0.0808, trian_mse:0.0123, trian_r2: -6.6398, trian_cc: 0.2980
Epoch  0, val_loss: 0.0082, val_mae: 0.0960, val_mse: 0.0165, val_r2: -217.2003, val_cc: 0.2222
Epoch  1, trian_loss: 0.0050, trian_mae: 0.0764, trian_mse:0.0100, trian_r2: -1269.0155, trian_cc: 0.2861
Epoch  1, val_loss: 0.0060, val_mae: 0.0802, val_mse: 0.0121, val_r2: -83.6464, val_cc: 0.3294
Epoch  2, trian_loss: 0.0048, trian_mae: 0.0734, trian_mse:0.0096, trian_r2: -305.5412, trian_cc: 0.3564
Epoch  2, val_loss: 0.0059, val_mae: 0.0771, val_mse: 0.0117, val_r2: -19.3690, val_cc: 0.3827
Epoch  3, trian_loss: 0.0047, trian_mae: 0.0720, trian_mse:0.0093, trian_r2: -76.5191, trian_cc: 0.3910
Epoch  3, val_loss: 0.0058, val_mae: 0.0762, val_mse: 0.0116, val_r2: -10.6407, val_cc: 0.3952
Epoch  4, trian_loss: 0.0046, trian_mae: 0.0708, trian_mse:0.0091, trian_r2: -29.0218, trian_cc: 0.4179
Epoch  4, val_loss: 0.0058, val_mae: 0.0759, val_mse: 0.0115, val_r2: -11.0100, val_cc: 0.4165
Epoch  5, trian_loss: 0.0044, trian_mae: 0.0695, trian_mse:0.0089, trian_r2: -6.0472, trian_cc: 0.4433
Epoch  5, val_loss: 0.0057, val_mae: 0.0753, val_mse: 0.0113, val_r2: -8.9961, val_cc: 0.4322
Epoch  6, trian_loss: 0.0044, trian_mae: 0.0686, trian_mse:0.0087, trian_r2: -5.4529, trian_cc: 0.4559
Epoch  6, val_loss: 0.0056, val_mae: 0.0745, val_mse: 0.0112, val_r2: -9.2798, val_cc: 0.4379
Epoch  7, trian_loss: 0.0043, trian_mae: 0.0677, trian_mse:0.0085, trian_r2: -4.5925, trian_cc: 0.4723
Epoch  7, val_loss: 0.0056, val_mae: 0.0744, val_mse: 0.0112, val_r2: -9.0907, val_cc: 0.4412
Epoch  8, trian_loss: 0.0042, trian_mae: 0.0667, trian_mse:0.0083, trian_r2: -3.7644, trian_cc: 0.4903
Epoch  8, val_loss: 0.0055, val_mae: 0.0740, val_mse: 0.0111, val_r2: -7.6663, val_cc: 0.4456
Epoch  9, trian_loss: 0.0040, trian_mae: 0.0656, trian_mse:0.0081, trian_r2: -3.2598, trian_cc: 0.5102
Epoch  9, val_loss: 0.0056, val_mae: 0.0741, val_mse: 0.0111, val_r2: -6.5174, val_cc: 0.4454
Epoch 10, trian_loss: 0.0039, trian_mae: 0.0644, trian_mse:0.0078, trian_r2: -2.8405, trian_cc: 0.5329
Epoch 10, val_loss: 0.0056, val_mae: 0.0742, val_mse: 0.0111, val_r2: -5.4929, val_cc: 0.4449
Epoch 11, trian_loss: 0.0038, trian_mae: 0.0632, trian_mse:0.0075, trian_r2: -2.3720, trian_cc: 0.5484
Epoch 11, val_loss: 0.0056, val_mae: 0.0747, val_mse: 0.0112, val_r2: -5.1597, val_cc: 0.4432
Epoch 12, trian_loss: 0.0036, trian_mae: 0.0618, trian_mse:0.0072, trian_r2: -2.2417, trian_cc: 0.5705
Epoch 12, val_loss: 0.0055, val_mae: 0.0740, val_mse: 0.0110, val_r2: -4.8455, val_cc: 0.4424
Epoch 13, trian_loss: 0.0034, trian_mae: 0.0602, trian_mse:0.0068, trian_r2: -1.8116, trian_cc: 0.5888
Epoch 13, val_loss: 0.0055, val_mae: 0.0746, val_mse: 0.0111, val_r2: -4.4020, val_cc: 0.4328
Epoch 14, trian_loss: 0.0032, trian_mae: 0.0586, trian_mse:0.0064, trian_r2: -1.4261, trian_cc: 0.6051
Epoch 14, val_loss: 0.0056, val_mae: 0.0752, val_mse: 0.0111, val_r2: -3.6709, val_cc: 0.4301
Epoch 15, trian_loss: 0.0031, trian_mae: 0.0573, trian_mse:0.0061, trian_r2: -1.2613, trian_cc: 0.6159
Epoch 15, val_loss: 0.0055, val_mae: 0.0746, val_mse: 0.0110, val_r2: -3.8482, val_cc: 0.4295
Epoch 16, trian_loss: 0.0029, trian_mae: 0.0560, trian_mse:0.0059, trian_r2: -1.1609, trian_cc: 0.6276
Epoch 16, val_loss: 0.0056, val_mae: 0.0755, val_mse: 0.0112, val_r2: -3.9311, val_cc: 0.4220
Epoch 17, trian_loss: 0.0029, trian_mae: 0.0557, trian_mse:0.0058, trian_r2: -1.0474, trian_cc: 0.6367
Epoch 17, val_loss: 0.0056, val_mae: 0.0761, val_mse: 0.0113, val_r2: -3.7435, val_cc: 0.4156
Epoch 18, trian_loss: 0.0029, trian_mae: 0.0552, trian_mse:0.0057, trian_r2: -1.0213, trian_cc: 0.6437
Epoch 18, val_loss: 0.0056, val_mae: 0.0761, val_mse: 0.0112, val_r2: -3.4677, val_cc: 0.4098
Epoch 19, trian_loss: 0.0028, trian_mae: 0.0547, trian_mse:0.0056, trian_r2: -0.9501, trian_cc: 0.6490
Epoch 19, val_loss: 0.0055, val_mae: 0.0755, val_mse: 0.0111, val_r2: -3.7738, val_cc: 0.4144
Epoch 20, trian_loss: 0.0027, trian_mae: 0.0540, trian_mse:0.0055, trian_r2: -0.9186, trian_cc: 0.6575
Epoch 20, val_loss: 0.0056, val_mae: 0.0756, val_mse: 0.0111, val_r2: -3.8373, val_cc: 0.4123
Epoch 21, trian_loss: 0.0027, trian_mae: 0.0540, trian_mse:0.0054, trian_r2: -0.8729, trian_cc: 0.6628
Epoch 21, val_loss: 0.0056, val_mae: 0.0758, val_mse: 0.0112, val_r2: -3.6066, val_cc: 0.4069
Epoch 22, trian_loss: 0.0027, trian_mae: 0.0532, trian_mse:0.0053, trian_r2: -0.8765, trian_cc: 0.6670
Epoch 22, val_loss: 0.0055, val_mae: 0.0754, val_mse: 0.0111, val_r2: -3.8086, val_cc: 0.4077
Epoch 23, trian_loss: 0.0027, trian_mae: 0.0535, trian_mse:0.0053, trian_r2: -0.8438, trian_cc: 0.6677
Epoch 23, val_loss: 0.0055, val_mae: 0.0745, val_mse: 0.0109, val_r2: -4.0835, val_cc: 0.4133
Epoch 24, trian_loss: 0.0026, trian_mae: 0.0533, trian_mse:0.0053, trian_r2: -0.7622, trian_cc: 0.6702
Epoch 24, val_loss: 0.0056, val_mae: 0.0758, val_mse: 0.0112, val_r2: -3.9075, val_cc: 0.4127
Epoch 25, trian_loss: 0.0026, trian_mae: 0.0524, trian_mse:0.0052, trian_r2: -0.7857, trian_cc: 0.6762
Epoch 25, val_loss: 0.0055, val_mae: 0.0751, val_mse: 0.0110, val_r2: -4.2484, val_cc: 0.4079
Epoch 26, trian_loss: 0.0026, trian_mae: 0.0521, trian_mse:0.0051, trian_r2: -0.7211, trian_cc: 0.6814
Epoch 26, val_loss: 0.0056, val_mae: 0.0760, val_mse: 0.0112, val_r2: -3.6585, val_cc: 0.3986
Epoch 27, trian_loss: 0.0025, trian_mae: 0.0517, trian_mse:0.0050, trian_r2: -0.5495, trian_cc: 0.6841
Epoch 27, val_loss: 0.0055, val_mae: 0.0749, val_mse: 0.0110, val_r2: -3.0152, val_cc: 0.4076
Epoch 28, trian_loss: 0.0025, trian_mae: 0.0517, trian_mse:0.0050, trian_r2: -0.7392, trian_cc: 0.6855
Epoch 28, val_loss: 0.0054, val_mae: 0.0739, val_mse: 0.0108, val_r2: -3.7082, val_cc: 0.4114
Epoch 29, trian_loss: 0.0025, trian_mae: 0.0516, trian_mse:0.0050, trian_r2: -0.5803, trian_cc: 0.6880
Epoch 29, val_loss: 0.0054, val_mae: 0.0743, val_mse: 0.0109, val_r2: -4.0799, val_cc: 0.4037
Epoch 30, trian_loss: 0.0025, trian_mae: 0.0514, trian_mse:0.0050, trian_r2: -0.7438, trian_cc: 0.6904
Epoch 30, val_loss: 0.0057, val_mae: 0.0766, val_mse: 0.0114, val_r2: -4.1591, val_cc: 0.3994
Epoch 31, trian_loss: 0.0024, trian_mae: 0.0510, trian_mse:0.0049, trian_r2: -0.5677, trian_cc: 0.6948
Epoch 31, val_loss: 0.0057, val_mae: 0.0764, val_mse: 0.0113, val_r2: -3.6943, val_cc: 0.3973
Epoch 32, trian_loss: 0.0024, trian_mae: 0.0506, trian_mse:0.0048, trian_r2: -0.5380, trian_cc: 0.6978
Epoch 32, val_loss: 0.0055, val_mae: 0.0750, val_mse: 0.0110, val_r2: -3.0538, val_cc: 0.4013
Epoch 33, trian_loss: 0.0024, trian_mae: 0.0504, trian_mse:0.0048, trian_r2: -0.4062, trian_cc: 0.6992
Epoch 33, val_loss: 0.0055, val_mae: 0.0746, val_mse: 0.0110, val_r2: -3.0440, val_cc: 0.4013
Epoch 34, trian_loss: 0.0024, trian_mae: 0.0507, trian_mse:0.0049, trian_r2: -0.4762, trian_cc: 0.6983
Epoch 34, val_loss: 0.0056, val_mae: 0.0754, val_mse: 0.0112, val_r2: -3.9389, val_cc: 0.3950
Epoch 35, trian_loss: 0.0024, trian_mae: 0.0502, trian_mse:0.0048, trian_r2: -0.5334, trian_cc: 0.7023
Epoch 35, val_loss: 0.0057, val_mae: 0.0767, val_mse: 0.0114, val_r2: -3.8499, val_cc: 0.3907
Epoch 36, trian_loss: 0.0023, trian_mae: 0.0494, trian_mse:0.0047, trian_r2: -0.4545, trian_cc: 0.7080
Epoch 36, val_loss: 0.0055, val_mae: 0.0753, val_mse: 0.0111, val_r2: -3.3328, val_cc: 0.3952
Epoch 37, trian_loss: 0.0024, trian_mae: 0.0499, trian_mse:0.0048, trian_r2: -0.4490, trian_cc: 0.7062
Epoch 37, val_loss: 0.0056, val_mae: 0.0754, val_mse: 0.0111, val_r2: -3.4519, val_cc: 0.3957
Epoch 38, trian_loss: 0.0023, trian_mae: 0.0490, trian_mse:0.0046, trian_r2: -0.4151, trian_cc: 0.7119
Epoch 38, val_loss: 0.0056, val_mae: 0.0757, val_mse: 0.0112, val_r2: -3.3906, val_cc: 0.3903
Epoch 39, trian_loss: 0.0023, trian_mae: 0.0496, trian_mse:0.0047, trian_r2: -0.4002, trian_cc: 0.7101
Epoch 39, val_loss: 0.0057, val_mae: 0.0765, val_mse: 0.0115, val_r2: -3.5492, val_cc: 0.3963
Epoch 40, trian_loss: 0.0023, trian_mae: 0.0496, trian_mse:0.0047, trian_r2: -0.4349, trian_cc: 0.7101
Epoch 40, val_loss: 0.0060, val_mae: 0.0786, val_mse: 0.0120, val_r2: -4.1122, val_cc: 0.3921
Epoch 41, trian_loss: 0.0023, trian_mae: 0.0493, trian_mse:0.0046, trian_r2: -0.3539, trian_cc: 0.7116
Epoch 41, val_loss: 0.0057, val_mae: 0.0763, val_mse: 0.0113, val_r2: -3.0379, val_cc: 0.3929
Epoch 42, trian_loss: 0.0023, trian_mae: 0.0492, trian_mse:0.0046, trian_r2: -0.3335, trian_cc: 0.7139
Epoch 42, val_loss: 0.0056, val_mae: 0.0757, val_mse: 0.0113, val_r2: -2.9903, val_cc: 0.3988
Epoch 43, trian_loss: 0.0023, trian_mae: 0.0488, trian_mse:0.0046, trian_r2: -0.3530, trian_cc: 0.7163
Epoch 43, val_loss: 0.0057, val_mae: 0.0767, val_mse: 0.0115, val_r2: -2.9664, val_cc: 0.3906
Epoch 44, trian_loss: 0.0023, trian_mae: 0.0492, trian_mse:0.0046, trian_r2: -0.3240, trian_cc: 0.7169
Epoch 44, val_loss: 0.0055, val_mae: 0.0749, val_mse: 0.0111, val_r2: -2.9490, val_cc: 0.3919
Epoch 45, trian_loss: 0.0022, trian_mae: 0.0481, trian_mse:0.0045, trian_r2: -0.2539, trian_cc: 0.7214
Epoch 45, val_loss: 0.0057, val_mae: 0.0766, val_mse: 0.0115, val_r2: -3.0286, val_cc: 0.3910
Epoch 46, trian_loss: 0.0023, trian_mae: 0.0484, trian_mse:0.0045, trian_r2: -0.2819, trian_cc: 0.7206
Epoch 46, val_loss: 0.0058, val_mae: 0.0768, val_mse: 0.0116, val_r2: -3.3408, val_cc: 0.3915
Epoch 47, trian_loss: 0.0023, trian_mae: 0.0484, trian_mse:0.0045, trian_r2: -0.3315, trian_cc: 0.7202
Epoch 47, val_loss: 0.0058, val_mae: 0.0770, val_mse: 0.0116, val_r2: -3.2061, val_cc: 0.3847
Epoch 48, trian_loss: 0.0023, trian_mae: 0.0486, trian_mse:0.0045, trian_r2: -0.3269, trian_cc: 0.7217
Epoch 48, val_loss: 0.0058, val_mae: 0.0770, val_mse: 0.0115, val_r2: -2.9863, val_cc: 0.3893
Epoch 49, trian_loss: 0.0022, trian_mae: 0.0480, trian_mse:0.0044, trian_r2: -0.2729, trian_cc: 0.7252
Epoch 49, val_loss: 0.0057, val_mae: 0.0765, val_mse: 0.0114, val_r2: -3.0836, val_cc: 0.3882
Epoch 50, trian_loss: 0.0022, trian_mae: 0.0471, trian_mse:0.0043, trian_r2: -0.1791, trian_cc: 0.7301
Epoch 50, val_loss: 0.0057, val_mae: 0.0766, val_mse: 0.0115, val_r2: -3.0735, val_cc: 0.3897
Epoch 51, trian_loss: 0.0022, trian_mae: 0.0479, trian_mse:0.0045, trian_r2: -0.2835, trian_cc: 0.7258
Epoch 51, val_loss: 0.0059, val_mae: 0.0778, val_mse: 0.0117, val_r2: -3.4783, val_cc: 0.3920
Epoch 52, trian_loss: 0.0022, trian_mae: 0.0476, trian_mse:0.0044, trian_r2: -0.2218, trian_cc: 0.7293
Epoch 52, val_loss: 0.0058, val_mae: 0.0768, val_mse: 0.0115, val_r2: -2.8612, val_cc: 0.3908
Epoch 53, trian_loss: 0.0021, trian_mae: 0.0466, trian_mse:0.0043, trian_r2: -0.1805, trian_cc: 0.7355
Epoch 53, val_loss: 0.0057, val_mae: 0.0761, val_mse: 0.0114, val_r2: -2.7228, val_cc: 0.3967
Epoch 54, trian_loss: 0.0022, trian_mae: 0.0473, trian_mse:0.0043, trian_r2: -0.2057, trian_cc: 0.7310
Epoch 54, val_loss: 0.0057, val_mae: 0.0764, val_mse: 0.0114, val_r2: -3.0595, val_cc: 0.3890
Epoch 55, trian_loss: 0.0022, trian_mae: 0.0475, trian_mse:0.0044, trian_r2: -0.2582, trian_cc: 0.7302
Epoch 55, val_loss: 0.0056, val_mae: 0.0752, val_mse: 0.0112, val_r2: -2.6716, val_cc: 0.3950
Epoch 56, trian_loss: 0.0022, trian_mae: 0.0477, trian_mse:0.0044, trian_r2: -0.2687, trian_cc: 0.7314
Epoch 56, val_loss: 0.0056, val_mae: 0.0751, val_mse: 0.0112, val_r2: -2.7638, val_cc: 0.3892
Epoch 57, trian_loss: 0.0022, trian_mae: 0.0476, trian_mse:0.0044, trian_r2: -0.2087, trian_cc: 0.7320
Epoch 57, val_loss: 0.0059, val_mae: 0.0772, val_mse: 0.0117, val_r2: -3.5339, val_cc: 0.3868
Epoch 58, trian_loss: 0.0022, trian_mae: 0.0471, trian_mse:0.0043, trian_r2: -0.1429, trian_cc: 0.7346
Epoch 58, val_loss: 0.0058, val_mae: 0.0774, val_mse: 0.0116, val_r2: -2.7465, val_cc: 0.3944
Epoch 59, trian_loss: 0.0021, trian_mae: 0.0467, trian_mse:0.0043, trian_r2: -0.1421, trian_cc: 0.7374
Epoch 59, val_loss: 0.0058, val_mae: 0.0768, val_mse: 0.0115, val_r2: -2.4237, val_cc: 0.3915
Epoch 60, trian_loss: 0.0021, trian_mae: 0.0457, trian_mse:0.0041, trian_r2: -0.0607, trian_cc: 0.7462
Epoch 60, val_loss: 0.0057, val_mae: 0.0759, val_mse: 0.0114, val_r2: -2.5667, val_cc: 0.3921
Epoch 61, trian_loss: 0.0020, trian_mae: 0.0439, trian_mse:0.0039, trian_r2: -0.0159, trian_cc: 0.7555
Epoch 61, val_loss: 0.0057, val_mae: 0.0764, val_mse: 0.0115, val_r2: -2.5688, val_cc: 0.3892
Epoch 62, trian_loss: 0.0019, trian_mae: 0.0434, trian_mse:0.0038, trian_r2: 0.0405, trian_cc: 0.7581
Epoch 62, val_loss: 0.0057, val_mae: 0.0759, val_mse: 0.0114, val_r2: -2.3496, val_cc: 0.3888
Epoch 63, trian_loss: 0.0019, trian_mae: 0.0437, trian_mse:0.0039, trian_r2: 0.0367, trian_cc: 0.7581
Epoch 63, val_loss: 0.0056, val_mae: 0.0756, val_mse: 0.0113, val_r2: -2.4096, val_cc: 0.3897
Epoch 64, trian_loss: 0.0020, trian_mae: 0.0440, trian_mse:0.0039, trian_r2: 0.0481, trian_cc: 0.7588
Epoch 64, val_loss: 0.0056, val_mae: 0.0755, val_mse: 0.0113, val_r2: -2.7339, val_cc: 0.3879
Epoch 65, trian_loss: 0.0019, trian_mae: 0.0435, trian_mse:0.0038, trian_r2: 0.0548, trian_cc: 0.7611
Epoch 65, val_loss: 0.0058, val_mae: 0.0768, val_mse: 0.0116, val_r2: -2.6796, val_cc: 0.3843
Epoch 66, trian_loss: 0.0019, trian_mae: 0.0437, trian_mse:0.0039, trian_r2: 0.0632, trian_cc: 0.7609
Epoch 66, val_loss: 0.0057, val_mae: 0.0762, val_mse: 0.0114, val_r2: -2.4057, val_cc: 0.3872
Epoch 67, trian_loss: 0.0019, trian_mae: 0.0436, trian_mse:0.0038, trian_r2: 0.0869, trian_cc: 0.7633
Epoch 67, val_loss: 0.0057, val_mae: 0.0764, val_mse: 0.0115, val_r2: -2.3989, val_cc: 0.3868
Epoch 68, trian_loss: 0.0019, trian_mae: 0.0428, trian_mse:0.0038, trian_r2: 0.0904, trian_cc: 0.7664
Epoch 68, val_loss: 0.0058, val_mae: 0.0766, val_mse: 0.0115, val_r2: -2.1928, val_cc: 0.3874
Epoch 69, trian_loss: 0.0019, trian_mae: 0.0431, trian_mse:0.0038, trian_r2: 0.0885, trian_cc: 0.7651
Epoch 69, val_loss: 0.0057, val_mae: 0.0762, val_mse: 0.0114, val_r2: -2.2787, val_cc: 0.3862
Epoch 70, trian_loss: 0.0019, trian_mae: 0.0434, trian_mse:0.0038, trian_r2: 0.1040, trian_cc: 0.7646
Epoch 70, val_loss: 0.0058, val_mae: 0.0766, val_mse: 0.0116, val_r2: -2.3540, val_cc: 0.3826
Epoch 71, trian_loss: 0.0019, trian_mae: 0.0433, trian_mse:0.0038, trian_r2: 0.1003, trian_cc: 0.7664
Epoch 71, val_loss: 0.0057, val_mae: 0.0761, val_mse: 0.0114, val_r2: -2.3674, val_cc: 0.3813
Epoch 72, trian_loss: 0.0019, trian_mae: 0.0430, trian_mse:0.0038, trian_r2: 0.0765, trian_cc: 0.7677
Epoch 72, val_loss: 0.0057, val_mae: 0.0762, val_mse: 0.0115, val_r2: -2.4186, val_cc: 0.3817
Epoch 73, trian_loss: 0.0019, trian_mae: 0.0431, trian_mse:0.0038, trian_r2: 0.1177, trian_cc: 0.7674
Epoch 73, val_loss: 0.0058, val_mae: 0.0765, val_mse: 0.0115, val_r2: -2.5466, val_cc: 0.3774
Epoch 74, trian_loss: 0.0019, trian_mae: 0.0431, trian_mse:0.0038, trian_r2: 0.1250, trian_cc: 0.7686
Epoch 74, val_loss: 0.0058, val_mae: 0.0766, val_mse: 0.0115, val_r2: -2.4217, val_cc: 0.3770
Epoch 75, trian_loss: 0.0019, trian_mae: 0.0431, trian_mse:0.0038, trian_r2: 0.1256, trian_cc: 0.7691
Epoch 75, val_loss: 0.0059, val_mae: 0.0771, val_mse: 0.0117, val_r2: -2.7294, val_cc: 0.3723
Epoch 76, trian_loss: 0.0019, trian_mae: 0.0427, trian_mse:0.0037, trian_r2: 0.1080, trian_cc: 0.7711
Epoch 76, val_loss: 0.0060, val_mae: 0.0785, val_mse: 0.0120, val_r2: -3.0954, val_cc: 0.3728
Epoch 77, trian_loss: 0.0018, trian_mae: 0.0422, trian_mse:0.0037, trian_r2: 0.1644, trian_cc: 0.7729
Epoch 77, val_loss: 0.0060, val_mae: 0.0783, val_mse: 0.0120, val_r2: -2.3663, val_cc: 0.3737
Epoch 78, trian_loss: 0.0019, trian_mae: 0.0427, trian_mse:0.0037, trian_r2: 0.1432, trian_cc: 0.7714
Epoch 78, val_loss: 0.0057, val_mae: 0.0763, val_mse: 0.0115, val_r2: -2.2225, val_cc: 0.3799
Epoch 79, trian_loss: 0.0019, trian_mae: 0.0427, trian_mse:0.0037, trian_r2: 0.1157, trian_cc: 0.7724
Epoch 79, val_loss: 0.0058, val_mae: 0.0767, val_mse: 0.0116, val_r2: -2.4092, val_cc: 0.3760
Epoch 80, trian_loss: 0.0018, trian_mae: 0.0422, trian_mse:0.0037, trian_r2: 0.1572, trian_cc: 0.7749
Epoch 80, val_loss: 0.0059, val_mae: 0.0773, val_mse: 0.0118, val_r2: -2.3423, val_cc: 0.3749
Epoch 81, trian_loss: 0.0018, trian_mae: 0.0421, trian_mse:0.0037, trian_r2: 0.1804, trian_cc: 0.7758
Epoch 81, val_loss: 0.0058, val_mae: 0.0769, val_mse: 0.0116, val_r2: -2.0831, val_cc: 0.3752
Epoch 82, trian_loss: 0.0018, trian_mae: 0.0418, trian_mse:0.0036, trian_r2: 0.1684, trian_cc: 0.7776
Epoch 82, val_loss: 0.0059, val_mae: 0.0773, val_mse: 0.0117, val_r2: -2.2066, val_cc: 0.3754
Epoch 83, trian_loss: 0.0018, trian_mae: 0.0418, trian_mse:0.0036, trian_r2: 0.1768, trian_cc: 0.7771
Epoch 83, val_loss: 0.0059, val_mae: 0.0776, val_mse: 0.0118, val_r2: -2.5996, val_cc: 0.3745
Epoch 84, trian_loss: 0.0018, trian_mae: 0.0422, trian_mse:0.0037, trian_r2: 0.1898, trian_cc: 0.7759
Epoch 84, val_loss: 0.0059, val_mae: 0.0775, val_mse: 0.0118, val_r2: -2.2713, val_cc: 0.3741
Epoch 85, trian_loss: 0.0018, trian_mae: 0.0423, trian_mse:0.0037, trian_r2: 0.1842, trian_cc: 0.7762
Epoch 85, val_loss: 0.0058, val_mae: 0.0767, val_mse: 0.0116, val_r2: -2.2006, val_cc: 0.3783
Epoch 86, trian_loss: 0.0018, trian_mae: 0.0418, trian_mse:0.0036, trian_r2: 0.1980, trian_cc: 0.7794
Epoch 86, val_loss: 0.0058, val_mae: 0.0770, val_mse: 0.0117, val_r2: -2.0938, val_cc: 0.3754
Epoch 87, trian_loss: 0.0018, trian_mae: 0.0413, trian_mse:0.0036, trian_r2: 0.1957, trian_cc: 0.7820
Epoch 87, val_loss: 0.0059, val_mae: 0.0773, val_mse: 0.0118, val_r2: -2.0125, val_cc: 0.3730
Epoch 88, trian_loss: 0.0018, trian_mae: 0.0412, trian_mse:0.0035, trian_r2: 0.2161, trian_cc: 0.7823
Epoch 88, val_loss: 0.0058, val_mae: 0.0770, val_mse: 0.0116, val_r2: -2.3828, val_cc: 0.3763
Epoch 89, trian_loss: 0.0018, trian_mae: 0.0417, trian_mse:0.0036, trian_r2: 0.1886, trian_cc: 0.7801
Epoch 89, val_loss: 0.0059, val_mae: 0.0773, val_mse: 0.0117, val_r2: -1.9092, val_cc: 0.3775
Epoch 90, trian_loss: 0.0018, trian_mae: 0.0417, trian_mse:0.0036, trian_r2: 0.2071, trian_cc: 0.7804
Epoch 90, val_loss: 0.0059, val_mae: 0.0771, val_mse: 0.0117, val_r2: -2.0197, val_cc: 0.3762
Epoch 91, trian_loss: 0.0018, trian_mae: 0.0411, trian_mse:0.0035, trian_r2: 0.2261, trian_cc: 0.7838
Epoch 91, val_loss: 0.0059, val_mae: 0.0775, val_mse: 0.0118, val_r2: -2.1306, val_cc: 0.3729
Epoch 92, trian_loss: 0.0018, trian_mae: 0.0409, trian_mse:0.0035, trian_r2: 0.2306, trian_cc: 0.7854
Epoch 92, val_loss: 0.0059, val_mae: 0.0772, val_mse: 0.0117, val_r2: -2.2635, val_cc: 0.3749
Epoch 93, trian_loss: 0.0018, trian_mae: 0.0410, trian_mse:0.0035, trian_r2: 0.2375, trian_cc: 0.7849
Epoch 93, val_loss: 0.0059, val_mae: 0.0776, val_mse: 0.0118, val_r2: -1.9565, val_cc: 0.3751
Epoch 94, trian_loss: 0.0018, trian_mae: 0.0413, trian_mse:0.0035, trian_r2: 0.2183, trian_cc: 0.7839
Epoch 94, val_loss: 0.0059, val_mae: 0.0773, val_mse: 0.0118, val_r2: -1.9077, val_cc: 0.3762
Epoch 95, trian_loss: 0.0018, trian_mae: 0.0411, trian_mse:0.0035, trian_r2: 0.2500, trian_cc: 0.7865
Epoch 95, val_loss: 0.0059, val_mae: 0.0774, val_mse: 0.0118, val_r2: -2.1274, val_cc: 0.3741
Epoch 96, trian_loss: 0.0017, trian_mae: 0.0405, trian_mse:0.0035, trian_r2: 0.2522, trian_cc: 0.7888
Epoch 96, val_loss: 0.0059, val_mae: 0.0774, val_mse: 0.0118, val_r2: -1.9264, val_cc: 0.3750
Epoch 97, trian_loss: 0.0017, trian_mae: 0.0404, trian_mse:0.0034, trian_r2: 0.2427, trian_cc: 0.7892
Epoch 97, val_loss: 0.0059, val_mae: 0.0774, val_mse: 0.0118, val_r2: -1.8349, val_cc: 0.3737
Epoch 98, trian_loss: 0.0017, trian_mae: 0.0406, trian_mse:0.0035, trian_r2: 0.2469, trian_cc: 0.7887
Epoch 98, val_loss: 0.0059, val_mae: 0.0774, val_mse: 0.0118, val_r2: -2.0777, val_cc: 0.3755
Epoch 99, trian_loss: 0.0017, trian_mae: 0.0409, trian_mse:0.0035, trian_r2: 0.2368, trian_cc: 0.7883
Epoch 99, val_loss: 0.0059, val_mae: 0.0775, val_mse: 0.0118, val_r2: -2.1036, val_cc: 0.3717
