Trian Data: 633   Validation Data: 211  Test Data: 212
[1, 1]
[1, 1]
[1, 1]
[1, 1]
model SENet(
  (conv1): Conv2d(438, 64, kernel_size=(3, 3), stride=(1, 1), padding=(1, 1), bias=False)
  (bn1): BatchNorm2d(64, eps=1e-05, momentum=0.1, affine=True, track_running_stats=True)
  (layer1): Sequential(
    (0): BasicBlock(
      (conv1): Conv2d(64, 64, kernel_size=(3, 3), stride=(1, 1), padding=(1, 1), bias=False)
      (bn1): BatchNorm2d(64, eps=1e-05, momentum=0.1, affine=True, track_running_stats=True)
      (conv2): Conv2d(64, 64, kernel_size=(3, 3), stride=(1, 1), padding=(1, 1), bias=False)
      (bn2): BatchNorm2d(64, eps=1e-05, momentum=0.1, affine=True, track_running_stats=True)
      (shortcut): Sequential()
      (fc1): Conv2d(64, 4, kernel_size=(1, 1), stride=(1, 1))
      (fc2): Conv2d(4, 64, kernel_size=(1, 1), stride=(1, 1))
    )
    (1): BasicBlock(
      (conv1): Conv2d(64, 64, kernel_size=(3, 3), stride=(1, 1), padding=(1, 1), bias=False)
      (bn1): BatchNorm2d(64, eps=1e-05, momentum=0.1, affine=True, track_running_stats=True)
      (conv2): Conv2d(64, 64, kernel_size=(3, 3), stride=(1, 1), padding=(1, 1), bias=False)
      (bn2): BatchNorm2d(64, eps=1e-05, momentum=0.1, affine=True, track_running_stats=True)
      (shortcut): Sequential()
      (fc1): Conv2d(64, 4, kernel_size=(1, 1), stride=(1, 1))
      (fc2): Conv2d(4, 64, kernel_size=(1, 1), stride=(1, 1))
    )
  )
  (layer2): Sequential(
    (0): BasicBlock(
      (conv1): Conv2d(64, 64, kernel_size=(3, 3), stride=(1, 1), padding=(1, 1), bias=False)
      (bn1): BatchNorm2d(64, eps=1e-05, momentum=0.1, affine=True, track_running_stats=True)
      (conv2): Conv2d(64, 64, kernel_size=(3, 3), stride=(1, 1), padding=(1, 1), bias=False)
      (bn2): BatchNorm2d(64, eps=1e-05, momentum=0.1, affine=True, track_running_stats=True)
      (shortcut): Sequential()
      (fc1): Conv2d(64, 4, kernel_size=(1, 1), stride=(1, 1))
      (fc2): Conv2d(4, 64, kernel_size=(1, 1), stride=(1, 1))
    )
    (1): BasicBlock(
      (conv1): Conv2d(64, 64, kernel_size=(3, 3), stride=(1, 1), padding=(1, 1), bias=False)
      (bn1): BatchNorm2d(64, eps=1e-05, momentum=0.1, affine=True, track_running_stats=True)
      (conv2): Conv2d(64, 64, kernel_size=(3, 3), stride=(1, 1), padding=(1, 1), bias=False)
      (bn2): BatchNorm2d(64, eps=1e-05, momentum=0.1, affine=True, track_running_stats=True)
      (shortcut): Sequential()
      (fc1): Conv2d(64, 4, kernel_size=(1, 1), stride=(1, 1))
      (fc2): Conv2d(4, 64, kernel_size=(1, 1), stride=(1, 1))
    )
  )
  (layer3): Sequential(
    (0): BasicBlock(
      (conv1): Conv2d(64, 64, kernel_size=(3, 3), stride=(1, 1), padding=(1, 1), bias=False)
      (bn1): BatchNorm2d(64, eps=1e-05, momentum=0.1, affine=True, track_running_stats=True)
      (conv2): Conv2d(64, 64, kernel_size=(3, 3), stride=(1, 1), padding=(1, 1), bias=False)
      (bn2): BatchNorm2d(64, eps=1e-05, momentum=0.1, affine=True, track_running_stats=True)
      (shortcut): Sequential()
      (fc1): Conv2d(64, 4, kernel_size=(1, 1), stride=(1, 1))
      (fc2): Conv2d(4, 64, kernel_size=(1, 1), stride=(1, 1))
    )
    (1): BasicBlock(
      (conv1): Conv2d(64, 64, kernel_size=(3, 3), stride=(1, 1), padding=(1, 1), bias=False)
      (bn1): BatchNorm2d(64, eps=1e-05, momentum=0.1, affine=True, track_running_stats=True)
      (conv2): Conv2d(64, 64, kernel_size=(3, 3), stride=(1, 1), padding=(1, 1), bias=False)
      (bn2): BatchNorm2d(64, eps=1e-05, momentum=0.1, affine=True, track_running_stats=True)
      (shortcut): Sequential()
      (fc1): Conv2d(64, 4, kernel_size=(1, 1), stride=(1, 1))
      (fc2): Conv2d(4, 64, kernel_size=(1, 1), stride=(1, 1))
    )
  )
  (layer4): Sequential(
    (0): BasicBlock(
      (conv1): Conv2d(64, 64, kernel_size=(3, 3), stride=(1, 1), padding=(1, 1), bias=False)
      (bn1): BatchNorm2d(64, eps=1e-05, momentum=0.1, affine=True, track_running_stats=True)
      (conv2): Conv2d(64, 64, kernel_size=(3, 3), stride=(1, 1), padding=(1, 1), bias=False)
      (bn2): BatchNorm2d(64, eps=1e-05, momentum=0.1, affine=True, track_running_stats=True)
      (shortcut): Sequential()
      (fc1): Conv2d(64, 4, kernel_size=(1, 1), stride=(1, 1))
      (fc2): Conv2d(4, 64, kernel_size=(1, 1), stride=(1, 1))
    )
    (1): BasicBlock(
      (conv1): Conv2d(64, 64, kernel_size=(3, 3), stride=(1, 1), padding=(1, 1), bias=False)
      (bn1): BatchNorm2d(64, eps=1e-05, momentum=0.1, affine=True, track_running_stats=True)
      (conv2): Conv2d(64, 64, kernel_size=(3, 3), stride=(1, 1), padding=(1, 1), bias=False)
      (bn2): BatchNorm2d(64, eps=1e-05, momentum=0.1, affine=True, track_running_stats=True)
      (shortcut): Sequential()
      (fc1): Conv2d(64, 4, kernel_size=(1, 1), stride=(1, 1))
      (fc2): Conv2d(4, 64, kernel_size=(1, 1), stride=(1, 1))
    )
  )
  (cnn): CNNnet(
    (conv1): Sequential(
      (0): Conv2d(64, 32, kernel_size=(3, 3), stride=(1, 1), padding=(1, 1))
      (1): BatchNorm2d(32, eps=1e-05, momentum=0.1, affine=True, track_running_stats=True)
      (2): ReLU()
    )
    (conv2): Sequential(
      (0): Conv2d(32, 16, kernel_size=(3, 3), stride=(1, 1), padding=(1, 1))
      (1): BatchNorm2d(16, eps=1e-05, momentum=0.1, affine=True, track_running_stats=True)
      (2): ReLU()
    )
    (conv3): Sequential(
      (0): Conv2d(16, 1, kernel_size=(3, 3), stride=(1, 1), padding=(1, 1))
      (1): BatchNorm2d(1, eps=1e-05, momentum=0.1, affine=True, track_running_stats=True)
      (2): ReLU()
    )
  )
)
Epoch  0, trian_loss: 0.0067, trian_mae: 0.0836, trian_mse:0.0136, trian_r2: -6.7993, trian_cc: 0.2508
Epoch  0, val_loss: 0.0086, val_mae: 0.0966, val_mse: 0.0173, val_r2: -182.8795, val_cc: 0.1992
Epoch  1, trian_loss: 0.0052, trian_mae: 0.0785, trian_mse:0.0103, trian_r2: -481.2176, trian_cc: 0.2566
Epoch  1, val_loss: 0.0061, val_mae: 0.0806, val_mse: 0.0122, val_r2: -536.8519, val_cc: 0.3260
Epoch  2, trian_loss: 0.0049, trian_mae: 0.0743, trian_mse:0.0097, trian_r2: -275.9030, trian_cc: 0.3497
Epoch  2, val_loss: 0.0059, val_mae: 0.0783, val_mse: 0.0119, val_r2: -37.3554, val_cc: 0.3901
Epoch  3, trian_loss: 0.0047, trian_mae: 0.0719, trian_mse:0.0094, trian_r2: -104.3537, trian_cc: 0.3953
Epoch  3, val_loss: 0.0058, val_mae: 0.0766, val_mse: 0.0116, val_r2: -15.1009, val_cc: 0.4092
Epoch  4, trian_loss: 0.0046, trian_mae: 0.0707, trian_mse:0.0091, trian_r2: -18.4559, trian_cc: 0.4174
Epoch  4, val_loss: 0.0057, val_mae: 0.0759, val_mse: 0.0115, val_r2: -14.9112, val_cc: 0.4135
Epoch  5, trian_loss: 0.0044, trian_mae: 0.0693, trian_mse:0.0089, trian_r2: -5.7649, trian_cc: 0.4416
Epoch  5, val_loss: 0.0056, val_mae: 0.0750, val_mse: 0.0112, val_r2: -11.1844, val_cc: 0.4299
Epoch  6, trian_loss: 0.0043, trian_mae: 0.0683, trian_mse:0.0087, trian_r2: -4.4894, trian_cc: 0.4550
Epoch  6, val_loss: 0.0057, val_mae: 0.0750, val_mse: 0.0114, val_r2: -10.1799, val_cc: 0.4341
Epoch  7, trian_loss: 0.0042, trian_mae: 0.0674, trian_mse:0.0085, trian_r2: -3.9301, trian_cc: 0.4693
Epoch  7, val_loss: 0.0055, val_mae: 0.0739, val_mse: 0.0110, val_r2: -8.1449, val_cc: 0.4414
Epoch  8, trian_loss: 0.0041, trian_mae: 0.0666, trian_mse:0.0083, trian_r2: -3.4733, trian_cc: 0.4849
Epoch  8, val_loss: 0.0055, val_mae: 0.0740, val_mse: 0.0110, val_r2: -6.8569, val_cc: 0.4382
Epoch  9, trian_loss: 0.0040, trian_mae: 0.0654, trian_mse:0.0080, trian_r2: -2.9602, trian_cc: 0.5013
Epoch  9, val_loss: 0.0055, val_mae: 0.0737, val_mse: 0.0109, val_r2: -6.4205, val_cc: 0.4348
Epoch 10, trian_loss: 0.0039, trian_mae: 0.0645, trian_mse:0.0078, trian_r2: -2.8023, trian_cc: 0.5169
Epoch 10, val_loss: 0.0055, val_mae: 0.0738, val_mse: 0.0109, val_r2: -6.0405, val_cc: 0.4304
Epoch 11, trian_loss: 0.0038, trian_mae: 0.0638, trian_mse:0.0077, trian_r2: -2.4086, trian_cc: 0.5298
Epoch 11, val_loss: 0.0055, val_mae: 0.0740, val_mse: 0.0110, val_r2: -5.2264, val_cc: 0.4273
Epoch 12, trian_loss: 0.0037, trian_mae: 0.0628, trian_mse:0.0075, trian_r2: -2.1356, trian_cc: 0.5434
Epoch 12, val_loss: 0.0054, val_mae: 0.0736, val_mse: 0.0109, val_r2: -4.8693, val_cc: 0.4281
Epoch 13, trian_loss: 0.0036, trian_mae: 0.0620, trian_mse:0.0073, trian_r2: -1.9976, trian_cc: 0.5550
Epoch 13, val_loss: 0.0054, val_mae: 0.0737, val_mse: 0.0109, val_r2: -4.1021, val_cc: 0.4278
Epoch 14, trian_loss: 0.0035, trian_mae: 0.0609, trian_mse:0.0070, trian_r2: -1.6637, trian_cc: 0.5669
Epoch 14, val_loss: 0.0054, val_mae: 0.0738, val_mse: 0.0109, val_r2: -4.0387, val_cc: 0.4286
Epoch 15, trian_loss: 0.0035, trian_mae: 0.0603, trian_mse:0.0069, trian_r2: -1.7285, trian_cc: 0.5756
Epoch 15, val_loss: 0.0054, val_mae: 0.0737, val_mse: 0.0109, val_r2: -3.8590, val_cc: 0.4263
Epoch 16, trian_loss: 0.0033, trian_mae: 0.0592, trian_mse:0.0067, trian_r2: -1.3661, trian_cc: 0.5869
Epoch 16, val_loss: 0.0055, val_mae: 0.0738, val_mse: 0.0109, val_r2: -3.8094, val_cc: 0.4212
Epoch 17, trian_loss: 0.0032, trian_mae: 0.0583, trian_mse:0.0065, trian_r2: -1.3446, trian_cc: 0.5973
Epoch 17, val_loss: 0.0055, val_mae: 0.0742, val_mse: 0.0110, val_r2: -3.6845, val_cc: 0.4228
Epoch 18, trian_loss: 0.0031, trian_mae: 0.0575, trian_mse:0.0063, trian_r2: -1.1774, trian_cc: 0.6048
Epoch 18, val_loss: 0.0055, val_mae: 0.0740, val_mse: 0.0109, val_r2: -3.8237, val_cc: 0.4156
Epoch 19, trian_loss: 0.0031, trian_mae: 0.0574, trian_mse:0.0062, trian_r2: -1.2252, trian_cc: 0.6069
Epoch 19, val_loss: 0.0055, val_mae: 0.0741, val_mse: 0.0109, val_r2: -3.7831, val_cc: 0.4169
Epoch 20, trian_loss: 0.0030, trian_mae: 0.0565, trian_mse:0.0060, trian_r2: -1.0324, trian_cc: 0.6179
Epoch 20, val_loss: 0.0054, val_mae: 0.0736, val_mse: 0.0109, val_r2: -3.2922, val_cc: 0.4110
Epoch 21, trian_loss: 0.0029, trian_mae: 0.0558, trian_mse:0.0059, trian_r2: -0.9676, trian_cc: 0.6253
Epoch 21, val_loss: 0.0056, val_mae: 0.0750, val_mse: 0.0112, val_r2: -3.7304, val_cc: 0.4020
Epoch 22, trian_loss: 0.0029, trian_mae: 0.0560, trian_mse:0.0059, trian_r2: -1.0770, trian_cc: 0.6260
Epoch 22, val_loss: 0.0056, val_mae: 0.0749, val_mse: 0.0111, val_r2: -3.7308, val_cc: 0.4064
Epoch 23, trian_loss: 0.0029, trian_mae: 0.0559, trian_mse:0.0058, trian_r2: -1.0607, trian_cc: 0.6275
Epoch 23, val_loss: 0.0055, val_mae: 0.0744, val_mse: 0.0111, val_r2: -3.5981, val_cc: 0.4081
Epoch 24, trian_loss: 0.0029, trian_mae: 0.0555, trian_mse:0.0058, trian_r2: -1.0108, trian_cc: 0.6323
Epoch 24, val_loss: 0.0055, val_mae: 0.0743, val_mse: 0.0110, val_r2: -3.1850, val_cc: 0.4066
Epoch 25, trian_loss: 0.0028, trian_mae: 0.0549, trian_mse:0.0057, trian_r2: -0.9188, trian_cc: 0.6372
Epoch 25, val_loss: 0.0056, val_mae: 0.0748, val_mse: 0.0111, val_r2: -2.8116, val_cc: 0.4002
Epoch 26, trian_loss: 0.0028, trian_mae: 0.0547, trian_mse:0.0056, trian_r2: -0.8483, trian_cc: 0.6422
Epoch 26, val_loss: 0.0055, val_mae: 0.0744, val_mse: 0.0111, val_r2: -3.4733, val_cc: 0.4016
Epoch 27, trian_loss: 0.0028, trian_mae: 0.0545, trian_mse:0.0056, trian_r2: -0.9121, trian_cc: 0.6446
Epoch 27, val_loss: 0.0055, val_mae: 0.0744, val_mse: 0.0111, val_r2: -3.2617, val_cc: 0.3981
Epoch 28, trian_loss: 0.0027, trian_mae: 0.0538, trian_mse:0.0054, trian_r2: -0.7568, trian_cc: 0.6518
Epoch 28, val_loss: 0.0056, val_mae: 0.0748, val_mse: 0.0111, val_r2: -3.5193, val_cc: 0.3954
Epoch 29, trian_loss: 0.0027, trian_mae: 0.0535, trian_mse:0.0054, trian_r2: -0.8076, trian_cc: 0.6552
Epoch 29, val_loss: 0.0056, val_mae: 0.0750, val_mse: 0.0112, val_r2: -2.8131, val_cc: 0.4021
Epoch 30, trian_loss: 0.0027, trian_mae: 0.0535, trian_mse:0.0054, trian_r2: -0.9237, trian_cc: 0.6559
Epoch 30, val_loss: 0.0057, val_mae: 0.0754, val_mse: 0.0114, val_r2: -3.4230, val_cc: 0.3957
Epoch 31, trian_loss: 0.0026, trian_mae: 0.0530, trian_mse:0.0053, trian_r2: -1.3538, trian_cc: 0.6610
Epoch 31, val_loss: 0.0056, val_mae: 0.0750, val_mse: 0.0113, val_r2: -3.3509, val_cc: 0.3925
Epoch 32, trian_loss: 0.0027, trian_mae: 0.0533, trian_mse:0.0053, trian_r2: -0.7676, trian_cc: 0.6624
Epoch 32, val_loss: 0.0056, val_mae: 0.0752, val_mse: 0.0113, val_r2: -2.7832, val_cc: 0.3977
Epoch 33, trian_loss: 0.0026, trian_mae: 0.0524, trian_mse:0.0052, trian_r2: -0.6976, trian_cc: 0.6668
Epoch 33, val_loss: 0.0057, val_mae: 0.0757, val_mse: 0.0114, val_r2: -2.8061, val_cc: 0.3956
Epoch 34, trian_loss: 0.0026, trian_mae: 0.0525, trian_mse:0.0052, trian_r2: -0.7443, trian_cc: 0.6684
Epoch 34, val_loss: 0.0057, val_mae: 0.0751, val_mse: 0.0114, val_r2: -3.2472, val_cc: 0.3943
Epoch 35, trian_loss: 0.0026, trian_mae: 0.0523, trian_mse:0.0052, trian_r2: -0.6253, trian_cc: 0.6716
Epoch 35, val_loss: 0.0057, val_mae: 0.0756, val_mse: 0.0114, val_r2: -2.7749, val_cc: 0.3936
Epoch 36, trian_loss: 0.0025, trian_mae: 0.0516, trian_mse:0.0050, trian_r2: -0.5881, trian_cc: 0.6794
Epoch 36, val_loss: 0.0057, val_mae: 0.0756, val_mse: 0.0114, val_r2: -3.4182, val_cc: 0.3902
Epoch 37, trian_loss: 0.0025, trian_mae: 0.0513, trian_mse:0.0050, trian_r2: -0.5332, trian_cc: 0.6825
Epoch 37, val_loss: 0.0057, val_mae: 0.0755, val_mse: 0.0114, val_r2: -3.1452, val_cc: 0.3866
Epoch 38, trian_loss: 0.0025, trian_mae: 0.0513, trian_mse:0.0050, trian_r2: -0.5812, trian_cc: 0.6819
Epoch 38, val_loss: 0.0056, val_mae: 0.0750, val_mse: 0.0113, val_r2: -3.2884, val_cc: 0.3922
Epoch 39, trian_loss: 0.0025, trian_mae: 0.0514, trian_mse:0.0050, trian_r2: -0.6335, trian_cc: 0.6839
Epoch 39, val_loss: 0.0057, val_mae: 0.0755, val_mse: 0.0113, val_r2: -3.3359, val_cc: 0.3814
Epoch 40, trian_loss: 0.0025, trian_mae: 0.0512, trian_mse:0.0050, trian_r2: -0.5214, trian_cc: 0.6850
Epoch 40, val_loss: 0.0057, val_mae: 0.0756, val_mse: 0.0115, val_r2: -4.0641, val_cc: 0.3892
Epoch 41, trian_loss: 0.0025, trian_mae: 0.0513, trian_mse:0.0050, trian_r2: -0.5317, trian_cc: 0.6857
Epoch 41, val_loss: 0.0057, val_mae: 0.0759, val_mse: 0.0115, val_r2: -3.6247, val_cc: 0.3894
Epoch 42, trian_loss: 0.0024, trian_mae: 0.0508, trian_mse:0.0049, trian_r2: -0.4882, trian_cc: 0.6905
Epoch 42, val_loss: 0.0057, val_mae: 0.0758, val_mse: 0.0114, val_r2: -3.1004, val_cc: 0.3860
Epoch 43, trian_loss: 0.0024, trian_mae: 0.0504, trian_mse:0.0048, trian_r2: -0.4611, trian_cc: 0.6943
Epoch 43, val_loss: 0.0057, val_mae: 0.0753, val_mse: 0.0114, val_r2: -3.1690, val_cc: 0.3875
Epoch 44, trian_loss: 0.0024, trian_mae: 0.0503, trian_mse:0.0048, trian_r2: -0.4661, trian_cc: 0.6953
Epoch 44, val_loss: 0.0057, val_mae: 0.0753, val_mse: 0.0114, val_r2: -2.7286, val_cc: 0.3882
Epoch 45, trian_loss: 0.0024, trian_mae: 0.0502, trian_mse:0.0048, trian_r2: -0.4187, trian_cc: 0.6967
Epoch 45, val_loss: 0.0057, val_mae: 0.0755, val_mse: 0.0114, val_r2: -3.3997, val_cc: 0.3867
Epoch 46, trian_loss: 0.0024, trian_mae: 0.0500, trian_mse:0.0048, trian_r2: -0.7353, trian_cc: 0.6993
Epoch 46, val_loss: 0.0057, val_mae: 0.0760, val_mse: 0.0114, val_r2: -3.2122, val_cc: 0.3873
Epoch 47, trian_loss: 0.0023, trian_mae: 0.0490, trian_mse:0.0046, trian_r2: -0.2991, trian_cc: 0.7057
Epoch 47, val_loss: 0.0057, val_mae: 0.0760, val_mse: 0.0115, val_r2: -2.8014, val_cc: 0.3882
Epoch 48, trian_loss: 0.0024, trian_mae: 0.0499, trian_mse:0.0047, trian_r2: -0.5056, trian_cc: 0.7044
Epoch 48, val_loss: 0.0057, val_mae: 0.0756, val_mse: 0.0115, val_r2: -2.3204, val_cc: 0.3887
Epoch 49, trian_loss: 0.0024, trian_mae: 0.0496, trian_mse:0.0047, trian_r2: -0.3762, trian_cc: 0.7047
Epoch 49, val_loss: 0.0057, val_mae: 0.0752, val_mse: 0.0114, val_r2: -3.2375, val_cc: 0.3870
Epoch 50, trian_loss: 0.0024, trian_mae: 0.0497, trian_mse:0.0047, trian_r2: -0.4797, trian_cc: 0.7046
Epoch 50, val_loss: 0.0058, val_mae: 0.0760, val_mse: 0.0115, val_r2: -2.8710, val_cc: 0.3890
Epoch 51, trian_loss: 0.0023, trian_mae: 0.0485, trian_mse:0.0045, trian_r2: -0.2708, trian_cc: 0.7128
Epoch 51, val_loss: 0.0058, val_mae: 0.0761, val_mse: 0.0115, val_r2: -2.5446, val_cc: 0.3838
Epoch 52, trian_loss: 0.0023, trian_mae: 0.0487, trian_mse:0.0046, trian_r2: -0.2723, trian_cc: 0.7130
Epoch 52, val_loss: 0.0058, val_mae: 0.0759, val_mse: 0.0115, val_r2: -2.6031, val_cc: 0.3783
Epoch 53, trian_loss: 0.0024, trian_mae: 0.0499, trian_mse:0.0047, trian_r2: -0.4239, trian_cc: 0.7070
Epoch 53, val_loss: 0.0057, val_mae: 0.0752, val_mse: 0.0114, val_r2: -3.0634, val_cc: 0.3831
Epoch 54, trian_loss: 0.0023, trian_mae: 0.0491, trian_mse:0.0046, trian_r2: -0.3600, trian_cc: 0.7113
Epoch 54, val_loss: 0.0058, val_mae: 0.0762, val_mse: 0.0117, val_r2: -2.9949, val_cc: 0.3873
Epoch 55, trian_loss: 0.0023, trian_mae: 0.0496, trian_mse:0.0047, trian_r2: -0.3285, trian_cc: 0.7108
Epoch 55, val_loss: 0.0058, val_mae: 0.0759, val_mse: 0.0115, val_r2: -3.0585, val_cc: 0.3875
Epoch 56, trian_loss: 0.0023, trian_mae: 0.0485, trian_mse:0.0045, trian_r2: -0.2956, trian_cc: 0.7167
Epoch 56, val_loss: 0.0057, val_mae: 0.0756, val_mse: 0.0115, val_r2: -2.7701, val_cc: 0.3845
Epoch 57, trian_loss: 0.0022, trian_mae: 0.0477, trian_mse:0.0044, trian_r2: -0.1882, trian_cc: 0.7225
Epoch 57, val_loss: 0.0057, val_mae: 0.0754, val_mse: 0.0114, val_r2: -2.5983, val_cc: 0.3857
Epoch 58, trian_loss: 0.0022, trian_mae: 0.0477, trian_mse:0.0044, trian_r2: -0.3644, trian_cc: 0.7224
Epoch 58, val_loss: 0.0058, val_mae: 0.0762, val_mse: 0.0116, val_r2: -3.0023, val_cc: 0.3842
Epoch 59, trian_loss: 0.0022, trian_mae: 0.0480, trian_mse:0.0045, trian_r2: -0.2430, trian_cc: 0.7225
Epoch 59, val_loss: 0.0058, val_mae: 0.0760, val_mse: 0.0115, val_r2: -2.4041, val_cc: 0.3840
Epoch 60, trian_loss: 0.0022, trian_mae: 0.0475, trian_mse:0.0044, trian_r2: -0.2174, trian_cc: 0.7253
Epoch 60, val_loss: 0.0058, val_mae: 0.0761, val_mse: 0.0116, val_r2: -2.2576, val_cc: 0.3854
Epoch 61, trian_loss: 0.0022, trian_mae: 0.0477, trian_mse:0.0044, trian_r2: -0.1639, trian_cc: 0.7237
Epoch 61, val_loss: 0.0057, val_mae: 0.0754, val_mse: 0.0114, val_r2: -2.4198, val_cc: 0.3857
Epoch 62, trian_loss: 0.0022, trian_mae: 0.0483, trian_mse:0.0045, trian_r2: -0.2990, trian_cc: 0.7225
Epoch 62, val_loss: 0.0059, val_mae: 0.0765, val_mse: 0.0117, val_r2: -3.1501, val_cc: 0.3866
Epoch 63, trian_loss: 0.0022, trian_mae: 0.0475, trian_mse:0.0044, trian_r2: -0.1775, trian_cc: 0.7268
Epoch 63, val_loss: 0.0058, val_mae: 0.0763, val_mse: 0.0116, val_r2: -2.9452, val_cc: 0.3889
Epoch 64, trian_loss: 0.0022, trian_mae: 0.0476, trian_mse:0.0044, trian_r2: -0.1737, trian_cc: 0.7273
Epoch 64, val_loss: 0.0058, val_mae: 0.0757, val_mse: 0.0115, val_r2: -2.6285, val_cc: 0.3811
Epoch 65, trian_loss: 0.0022, trian_mae: 0.0479, trian_mse:0.0044, trian_r2: -0.1761, trian_cc: 0.7261
Epoch 65, val_loss: 0.0058, val_mae: 0.0759, val_mse: 0.0115, val_r2: -2.3558, val_cc: 0.3850
Epoch 66, trian_loss: 0.0022, trian_mae: 0.0473, trian_mse:0.0044, trian_r2: -0.1641, trian_cc: 0.7312
Epoch 66, val_loss: 0.0057, val_mae: 0.0758, val_mse: 0.0115, val_r2: -2.7414, val_cc: 0.3842
Epoch 67, trian_loss: 0.0021, trian_mae: 0.0463, trian_mse:0.0042, trian_r2: -0.1296, trian_cc: 0.7376
Epoch 67, val_loss: 0.0058, val_mae: 0.0761, val_mse: 0.0116, val_r2: -2.7012, val_cc: 0.3805
Epoch 68, trian_loss: 0.0021, trian_mae: 0.0458, trian_mse:0.0041, trian_r2: -0.0656, trian_cc: 0.7401
Epoch 68, val_loss: 0.0058, val_mae: 0.0763, val_mse: 0.0116, val_r2: -2.3166, val_cc: 0.3882
Epoch 69, trian_loss: 0.0021, trian_mae: 0.0469, trian_mse:0.0043, trian_r2: -0.1457, trian_cc: 0.7343
Epoch 69, val_loss: 0.0057, val_mae: 0.0756, val_mse: 0.0115, val_r2: -2.4873, val_cc: 0.3835
Epoch 70, trian_loss: 0.0021, trian_mae: 0.0468, trian_mse:0.0043, trian_r2: -0.1678, trian_cc: 0.7355
Epoch 70, val_loss: 0.0058, val_mae: 0.0764, val_mse: 0.0116, val_r2: -2.8649, val_cc: 0.3882
Epoch 71, trian_loss: 0.0021, trian_mae: 0.0461, trian_mse:0.0042, trian_r2: -0.0777, trian_cc: 0.7388
Epoch 71, val_loss: 0.0058, val_mae: 0.0762, val_mse: 0.0116, val_r2: -2.6393, val_cc: 0.3846
Epoch 72, trian_loss: 0.0021, trian_mae: 0.0458, trian_mse:0.0042, trian_r2: -0.1548, trian_cc: 0.7420
Epoch 72, val_loss: 0.0058, val_mae: 0.0759, val_mse: 0.0115, val_r2: -2.1731, val_cc: 0.3846
Epoch 73, trian_loss: 0.0021, trian_mae: 0.0460, trian_mse:0.0042, trian_r2: -0.1005, trian_cc: 0.7411
Epoch 73, val_loss: 0.0058, val_mae: 0.0764, val_mse: 0.0116, val_r2: -2.1820, val_cc: 0.3781
Epoch 74, trian_loss: 0.0021, trian_mae: 0.0468, trian_mse:0.0043, trian_r2: -0.1757, trian_cc: 0.7383
Epoch 74, val_loss: 0.0057, val_mae: 0.0757, val_mse: 0.0115, val_r2: -2.4381, val_cc: 0.3850
Epoch 75, trian_loss: 0.0020, trian_mae: 0.0455, trian_mse:0.0041, trian_r2: -0.0423, trian_cc: 0.7487
Epoch 75, val_loss: 0.0058, val_mae: 0.0757, val_mse: 0.0115, val_r2: -2.6499, val_cc: 0.3828
Epoch 76, trian_loss: 0.0019, trian_mae: 0.0432, trian_mse:0.0038, trian_r2: 0.0562, trian_cc: 0.7621
Epoch 76, val_loss: 0.0058, val_mae: 0.0759, val_mse: 0.0116, val_r2: -2.6289, val_cc: 0.3782
Epoch 77, trian_loss: 0.0019, trian_mae: 0.0426, trian_mse:0.0037, trian_r2: 0.0902, trian_cc: 0.7671
Epoch 77, val_loss: 0.0058, val_mae: 0.0761, val_mse: 0.0117, val_r2: -2.5563, val_cc: 0.3762
Epoch 78, trian_loss: 0.0019, trian_mae: 0.0427, trian_mse:0.0037, trian_r2: 0.0827, trian_cc: 0.7680
Epoch 78, val_loss: 0.0058, val_mae: 0.0762, val_mse: 0.0116, val_r2: -2.5393, val_cc: 0.3758
Epoch 79, trian_loss: 0.0019, trian_mae: 0.0427, trian_mse:0.0037, trian_r2: 0.1043, trian_cc: 0.7691
Epoch 79, val_loss: 0.0058, val_mae: 0.0761, val_mse: 0.0116, val_r2: -2.4366, val_cc: 0.3793
Epoch 80, trian_loss: 0.0019, trian_mae: 0.0425, trian_mse:0.0037, trian_r2: 0.0972, trian_cc: 0.7712
Epoch 80, val_loss: 0.0059, val_mae: 0.0769, val_mse: 0.0118, val_r2: -2.4042, val_cc: 0.3738
Epoch 81, trian_loss: 0.0018, trian_mae: 0.0424, trian_mse:0.0037, trian_r2: 0.1220, trian_cc: 0.7727
Epoch 81, val_loss: 0.0059, val_mae: 0.0769, val_mse: 0.0118, val_r2: -2.6786, val_cc: 0.3724
Epoch 82, trian_loss: 0.0018, trian_mae: 0.0423, trian_mse:0.0037, trian_r2: 0.1037, trian_cc: 0.7739
Epoch 82, val_loss: 0.0058, val_mae: 0.0764, val_mse: 0.0117, val_r2: -2.4407, val_cc: 0.3752
Epoch 83, trian_loss: 0.0018, trian_mae: 0.0420, trian_mse:0.0036, trian_r2: 0.1237, trian_cc: 0.7761
Epoch 83, val_loss: 0.0059, val_mae: 0.0765, val_mse: 0.0117, val_r2: -2.3869, val_cc: 0.3746
Epoch 84, trian_loss: 0.0018, trian_mae: 0.0417, trian_mse:0.0036, trian_r2: 0.1404, trian_cc: 0.7780
Epoch 84, val_loss: 0.0059, val_mae: 0.0766, val_mse: 0.0117, val_r2: -2.4193, val_cc: 0.3723
Epoch 85, trian_loss: 0.0018, trian_mae: 0.0414, trian_mse:0.0036, trian_r2: 0.1553, trian_cc: 0.7800
Epoch 85, val_loss: 0.0059, val_mae: 0.0770, val_mse: 0.0118, val_r2: -2.4214, val_cc: 0.3692
Epoch 86, trian_loss: 0.0018, trian_mae: 0.0413, trian_mse:0.0036, trian_r2: 0.1188, trian_cc: 0.7807
Epoch 86, val_loss: 0.0059, val_mae: 0.0773, val_mse: 0.0119, val_r2: -2.5413, val_cc: 0.3739
Epoch 87, trian_loss: 0.0018, trian_mae: 0.0418, trian_mse:0.0036, trian_r2: 0.1489, trian_cc: 0.7800
Epoch 87, val_loss: 0.0059, val_mae: 0.0768, val_mse: 0.0118, val_r2: -2.4253, val_cc: 0.3737
Epoch 88, trian_loss: 0.0018, trian_mae: 0.0418, trian_mse:0.0036, trian_r2: 0.1182, trian_cc: 0.7810
Epoch 88, val_loss: 0.0059, val_mae: 0.0772, val_mse: 0.0118, val_r2: -2.3722, val_cc: 0.3730
Epoch 89, trian_loss: 0.0018, trian_mae: 0.0412, trian_mse:0.0035, trian_r2: 0.1761, trian_cc: 0.7840
Epoch 89, val_loss: 0.0059, val_mae: 0.0772, val_mse: 0.0119, val_r2: -2.3542, val_cc: 0.3713
Epoch 90, trian_loss: 0.0018, trian_mae: 0.0412, trian_mse:0.0035, trian_r2: 0.1401, trian_cc: 0.7849
Epoch 90, val_loss: 0.0059, val_mae: 0.0769, val_mse: 0.0118, val_r2: -2.4020, val_cc: 0.3725
Epoch 91, trian_loss: 0.0018, trian_mae: 0.0416, trian_mse:0.0036, trian_r2: 0.1756, trian_cc: 0.7844
Epoch 91, val_loss: 0.0059, val_mae: 0.0767, val_mse: 0.0118, val_r2: -2.2466, val_cc: 0.3727
Epoch 92, trian_loss: 0.0018, trian_mae: 0.0412, trian_mse:0.0035, trian_r2: 0.1302, trian_cc: 0.7857
Epoch 92, val_loss: 0.0059, val_mae: 0.0766, val_mse: 0.0117, val_r2: -2.2661, val_cc: 0.3726
Epoch 93, trian_loss: 0.0017, trian_mae: 0.0406, trian_mse:0.0035, trian_r2: 0.1747, trian_cc: 0.7883
Epoch 93, val_loss: 0.0059, val_mae: 0.0771, val_mse: 0.0118, val_r2: -2.3585, val_cc: 0.3698
Epoch 94, trian_loss: 0.0017, trian_mae: 0.0405, trian_mse:0.0034, trian_r2: 0.2080, trian_cc: 0.7899
Epoch 94, val_loss: 0.0060, val_mae: 0.0774, val_mse: 0.0119, val_r2: -2.2750, val_cc: 0.3680
Epoch 95, trian_loss: 0.0017, trian_mae: 0.0403, trian_mse:0.0034, trian_r2: 0.1935, trian_cc: 0.7913
Epoch 95, val_loss: 0.0060, val_mae: 0.0772, val_mse: 0.0119, val_r2: -2.2237, val_cc: 0.3672
Epoch 96, trian_loss: 0.0017, trian_mae: 0.0401, trian_mse:0.0034, trian_r2: 0.2556, trian_cc: 0.7924
Epoch 96, val_loss: 0.0060, val_mae: 0.0773, val_mse: 0.0119, val_r2: -2.4148, val_cc: 0.3646
Epoch 97, trian_loss: 0.0017, trian_mae: 0.0404, trian_mse:0.0034, trian_r2: 0.2030, trian_cc: 0.7921
Epoch 97, val_loss: 0.0059, val_mae: 0.0769, val_mse: 0.0119, val_r2: -2.3510, val_cc: 0.3653
Epoch 98, trian_loss: 0.0017, trian_mae: 0.0405, trian_mse:0.0034, trian_r2: 0.2192, trian_cc: 0.7923
Epoch 98, val_loss: 0.0059, val_mae: 0.0766, val_mse: 0.0118, val_r2: -2.3162, val_cc: 0.3706
Epoch 99, trian_loss: 0.0017, trian_mae: 0.0402, trian_mse:0.0034, trian_r2: 0.2056, trian_cc: 0.7936
Epoch 99, val_loss: 0.0060, val_mae: 0.0772, val_mse: 0.0119, val_r2: -2.4408, val_cc: 0.3623
