Trian Data: 532   Validation Data: 177  Test Data: 178
[1, 1]
[1, 1]
[1, 1]
[1]
model SENet(
  (conv1): Conv2d(61, 64, kernel_size=(3, 3), stride=(1, 1), padding=(1, 1), bias=False)
  (bn1): BatchNorm2d(64, eps=1e-05, momentum=0.1, affine=True, track_running_stats=True)
  (layer1): Sequential(
    (0): BasicBlock(
      (conv1): Conv2d(64, 64, kernel_size=(3, 3), stride=(1, 1), padding=(1, 1), bias=False)
      (bn1): BatchNorm2d(64, eps=1e-05, momentum=0.1, affine=True, track_running_stats=True)
      (conv2): Conv2d(64, 64, kernel_size=(3, 3), stride=(1, 1), padding=(1, 1), bias=False)
      (bn2): BatchNorm2d(64, eps=1e-05, momentum=0.1, affine=True, track_running_stats=True)
      (shortcut): Sequential()
      (fc1): Conv2d(64, 4, kernel_size=(1, 1), stride=(1, 1))
      (fc2): Conv2d(4, 64, kernel_size=(1, 1), stride=(1, 1))
    )
    (1): BasicBlock(
      (conv1): Conv2d(64, 64, kernel_size=(3, 3), stride=(1, 1), padding=(1, 1), bias=False)
      (bn1): BatchNorm2d(64, eps=1e-05, momentum=0.1, affine=True, track_running_stats=True)
      (conv2): Conv2d(64, 64, kernel_size=(3, 3), stride=(1, 1), padding=(1, 1), bias=False)
      (bn2): BatchNorm2d(64, eps=1e-05, momentum=0.1, affine=True, track_running_stats=True)
      (shortcut): Sequential()
      (fc1): Conv2d(64, 4, kernel_size=(1, 1), stride=(1, 1))
      (fc2): Conv2d(4, 64, kernel_size=(1, 1), stride=(1, 1))
    )
  )
  (layer2): Sequential(
    (0): BasicBlock(
      (conv1): Conv2d(64, 64, kernel_size=(3, 3), stride=(1, 1), padding=(1, 1), bias=False)
      (bn1): BatchNorm2d(64, eps=1e-05, momentum=0.1, affine=True, track_running_stats=True)
      (conv2): Conv2d(64, 64, kernel_size=(3, 3), stride=(1, 1), padding=(1, 1), bias=False)
      (bn2): BatchNorm2d(64, eps=1e-05, momentum=0.1, affine=True, track_running_stats=True)
      (shortcut): Sequential()
      (fc1): Conv2d(64, 4, kernel_size=(1, 1), stride=(1, 1))
      (fc2): Conv2d(4, 64, kernel_size=(1, 1), stride=(1, 1))
    )
    (1): BasicBlock(
      (conv1): Conv2d(64, 64, kernel_size=(3, 3), stride=(1, 1), padding=(1, 1), bias=False)
      (bn1): BatchNorm2d(64, eps=1e-05, momentum=0.1, affine=True, track_running_stats=True)
      (conv2): Conv2d(64, 64, kernel_size=(3, 3), stride=(1, 1), padding=(1, 1), bias=False)
      (bn2): BatchNorm2d(64, eps=1e-05, momentum=0.1, affine=True, track_running_stats=True)
      (shortcut): Sequential()
      (fc1): Conv2d(64, 4, kernel_size=(1, 1), stride=(1, 1))
      (fc2): Conv2d(4, 64, kernel_size=(1, 1), stride=(1, 1))
    )
  )
  (layer3): Sequential(
    (0): BasicBlock(
      (conv1): Conv2d(64, 64, kernel_size=(3, 3), stride=(1, 1), padding=(1, 1), bias=False)
      (bn1): BatchNorm2d(64, eps=1e-05, momentum=0.1, affine=True, track_running_stats=True)
      (conv2): Conv2d(64, 64, kernel_size=(3, 3), stride=(1, 1), padding=(1, 1), bias=False)
      (bn2): BatchNorm2d(64, eps=1e-05, momentum=0.1, affine=True, track_running_stats=True)
      (shortcut): Sequential()
      (fc1): Conv2d(64, 4, kernel_size=(1, 1), stride=(1, 1))
      (fc2): Conv2d(4, 64, kernel_size=(1, 1), stride=(1, 1))
    )
    (1): BasicBlock(
      (conv1): Conv2d(64, 64, kernel_size=(3, 3), stride=(1, 1), padding=(1, 1), bias=False)
      (bn1): BatchNorm2d(64, eps=1e-05, momentum=0.1, affine=True, track_running_stats=True)
      (conv2): Conv2d(64, 64, kernel_size=(3, 3), stride=(1, 1), padding=(1, 1), bias=False)
      (bn2): BatchNorm2d(64, eps=1e-05, momentum=0.1, affine=True, track_running_stats=True)
      (shortcut): Sequential()
      (fc1): Conv2d(64, 4, kernel_size=(1, 1), stride=(1, 1))
      (fc2): Conv2d(4, 64, kernel_size=(1, 1), stride=(1, 1))
    )
  )
  (layer4): Sequential(
    (0): BasicBlock(
      (conv1): Conv2d(64, 64, kernel_size=(3, 3), stride=(1, 1), padding=(1, 1), bias=False)
      (bn1): BatchNorm2d(64, eps=1e-05, momentum=0.1, affine=True, track_running_stats=True)
      (conv2): Conv2d(64, 64, kernel_size=(3, 3), stride=(1, 1), padding=(1, 1), bias=False)
      (bn2): BatchNorm2d(64, eps=1e-05, momentum=0.1, affine=True, track_running_stats=True)
      (shortcut): Sequential()
      (fc1): Conv2d(64, 4, kernel_size=(1, 1), stride=(1, 1))
      (fc2): Conv2d(4, 64, kernel_size=(1, 1), stride=(1, 1))
    )
  )
  (cnn): CNNnet(
    (conv1): Sequential(
      (0): Conv2d(64, 32, kernel_size=(3, 3), stride=(1, 1), padding=(1, 1))
      (1): BatchNorm2d(32, eps=1e-05, momentum=0.1, affine=True, track_running_stats=True)
      (2): ReLU()
    )
    (conv2): Sequential(
      (0): Conv2d(32, 16, kernel_size=(3, 3), stride=(1, 1), padding=(1, 1))
      (1): BatchNorm2d(16, eps=1e-05, momentum=0.1, affine=True, track_running_stats=True)
      (2): ReLU()
    )
    (conv3): Sequential(
      (0): Conv2d(16, 1, kernel_size=(3, 3), stride=(1, 1), padding=(1, 1))
      (1): BatchNorm2d(1, eps=1e-05, momentum=0.1, affine=True, track_running_stats=True)
      (2): ReLU()
    )
  )
)
Epoch  0, trian_loss: 0.0080, trian_mae: 0.0914, trian_mse:0.0162, trian_r2: -10.6358, trian_cc: 0.2023
Epoch  0, val_loss: 0.0066, val_mae: 0.0924, val_mse: 0.0131, val_r2: -8.7609, val_cc: 0.1876
Epoch  1, trian_loss: 0.0051, trian_mae: 0.0756, trian_mse:0.0103, trian_r2: -2171.4521, trian_cc: -0.0071
Epoch  1, val_loss: 0.0049, val_mae: 0.0741, val_mse: 0.0098, val_r2: -1059.6913, val_cc: 0.0625
Epoch  2, trian_loss: 0.0050, trian_mae: 0.0742, trian_mse:0.0099, trian_r2: -3183.3152, trian_cc: 0.0887
Epoch  2, val_loss: 0.0049, val_mae: 0.0742, val_mse: 0.0098, val_r2: -1480.4079, val_cc: 0.1076
Epoch  3, trian_loss: 0.0049, trian_mae: 0.0741, trian_mse:0.0099, trian_r2: -1910.5449, trian_cc: 0.1221
Epoch  3, val_loss: 0.0049, val_mae: 0.0741, val_mse: 0.0097, val_r2: -1213.5014, val_cc: 0.1299
Epoch  4, trian_loss: 0.0049, trian_mae: 0.0741, trian_mse:0.0099, trian_r2: -1129.5877, trian_cc: 0.1266
Epoch  4, val_loss: 0.0049, val_mae: 0.0741, val_mse: 0.0098, val_r2: -717.6459, val_cc: 0.1368
Epoch  5, trian_loss: 0.0049, trian_mae: 0.0741, trian_mse:0.0099, trian_r2: -1091.3773, trian_cc: 0.1445
Epoch  5, val_loss: 0.0049, val_mae: 0.0743, val_mse: 0.0098, val_r2: -849.3717, val_cc: 0.1237
Epoch  6, trian_loss: 0.0049, trian_mae: 0.0740, trian_mse:0.0098, trian_r2: -1592.2753, trian_cc: 0.1308
Epoch  6, val_loss: 0.0049, val_mae: 0.0741, val_mse: 0.0097, val_r2: -641.7396, val_cc: 0.1409
Epoch  7, trian_loss: 0.0049, trian_mae: 0.0740, trian_mse:0.0098, trian_r2: -972.9604, trian_cc: 0.1430
Epoch  7, val_loss: 0.0049, val_mae: 0.0740, val_mse: 0.0097, val_r2: -529.2248, val_cc: 0.1459
Epoch  8, trian_loss: 0.0049, trian_mae: 0.0739, trian_mse:0.0098, trian_r2: -646.3162, trian_cc: 0.1406
Epoch  8, val_loss: 0.0048, val_mae: 0.0738, val_mse: 0.0097, val_r2: -397.0904, val_cc: 0.1579
Epoch  9, trian_loss: 0.0049, trian_mae: 0.0739, trian_mse:0.0098, trian_r2: -641.3710, trian_cc: 0.1447
Epoch  9, val_loss: 0.0048, val_mae: 0.0741, val_mse: 0.0096, val_r2: -496.7845, val_cc: 0.1569
Epoch 10, trian_loss: 0.0049, trian_mae: 0.0740, trian_mse:0.0098, trian_r2: -490.2253, trian_cc: 0.1404
Epoch 10, val_loss: 0.0048, val_mae: 0.0737, val_mse: 0.0096, val_r2: -266.3981, val_cc: 0.1577
Epoch 11, trian_loss: 0.0049, trian_mae: 0.0734, trian_mse:0.0097, trian_r2: -293.9328, trian_cc: 0.1587
Epoch 11, val_loss: 0.0048, val_mae: 0.0736, val_mse: 0.0096, val_r2: -234.3440, val_cc: 0.1520
Epoch 12, trian_loss: 0.0049, trian_mae: 0.0732, trian_mse:0.0097, trian_r2: -195.5749, trian_cc: 0.1690
Epoch 12, val_loss: 0.0047, val_mae: 0.0726, val_mse: 0.0095, val_r2: -120.4450, val_cc: 0.1939
Epoch 13, trian_loss: 0.0047, trian_mae: 0.0716, trian_mse:0.0093, trian_r2: -124.2520, trian_cc: 0.2131
Epoch 13, val_loss: 0.0044, val_mae: 0.0685, val_mse: 0.0087, val_r2: -98.5216, val_cc: 0.2820
Epoch 14, trian_loss: 0.0045, trian_mae: 0.0698, trian_mse:0.0090, trian_r2: -117.7539, trian_cc: 0.2568
Epoch 14, val_loss: 0.0043, val_mae: 0.0680, val_mse: 0.0087, val_r2: -63.3213, val_cc: 0.2872
Epoch 15, trian_loss: 0.0044, trian_mae: 0.0691, trian_mse:0.0088, trian_r2: -96.8815, trian_cc: 0.2931
Epoch 15, val_loss: 0.0043, val_mae: 0.0685, val_mse: 0.0086, val_r2: -80.8611, val_cc: 0.2744
Epoch 16, trian_loss: 0.0043, trian_mae: 0.0679, trian_mse:0.0085, trian_r2: -71.7148, trian_cc: 0.3469
Epoch 16, val_loss: 0.0040, val_mae: 0.0645, val_mse: 0.0080, val_r2: -42.5302, val_cc: 0.4377
Epoch 17, trian_loss: 0.0041, trian_mae: 0.0654, trian_mse:0.0081, trian_r2: -57.4446, trian_cc: 0.4380
Epoch 17, val_loss: 0.0040, val_mae: 0.0625, val_mse: 0.0081, val_r2: -28.7639, val_cc: 0.4885
Epoch 18, trian_loss: 0.0040, trian_mae: 0.0650, trian_mse:0.0080, trian_r2: -43.3397, trian_cc: 0.4580
Epoch 18, val_loss: 0.0036, val_mae: 0.0612, val_mse: 0.0073, val_r2: -15.1581, val_cc: 0.5282
Epoch 19, trian_loss: 0.0038, trian_mae: 0.0627, trian_mse:0.0076, trian_r2: -23.9286, trian_cc: 0.5186
Epoch 19, val_loss: 0.0036, val_mae: 0.0609, val_mse: 0.0073, val_r2: -8.4742, val_cc: 0.5293
Epoch 20, trian_loss: 0.0038, trian_mae: 0.0627, trian_mse:0.0076, trian_r2: -21.9216, trian_cc: 0.5084
Epoch 20, val_loss: 0.0037, val_mae: 0.0608, val_mse: 0.0073, val_r2: -24.9510, val_cc: 0.5341
Epoch 21, trian_loss: 0.0036, trian_mae: 0.0612, trian_mse:0.0073, trian_r2: -8.0031, trian_cc: 0.5434
Epoch 21, val_loss: 0.0037, val_mae: 0.0621, val_mse: 0.0074, val_r2: -18.3285, val_cc: 0.5204
Epoch 22, trian_loss: 0.0037, trian_mae: 0.0621, trian_mse:0.0075, trian_r2: -11.0481, trian_cc: 0.5388
Epoch 22, val_loss: 0.0036, val_mae: 0.0601, val_mse: 0.0072, val_r2: -17.8885, val_cc: 0.5529
Epoch 23, trian_loss: 0.0035, trian_mae: 0.0600, trian_mse:0.0071, trian_r2: -7.4789, trian_cc: 0.5655
Epoch 23, val_loss: 0.0036, val_mae: 0.0611, val_mse: 0.0071, val_r2: -10.7754, val_cc: 0.5530
Epoch 24, trian_loss: 0.0038, trian_mae: 0.0633, trian_mse:0.0077, trian_r2: -24.5724, trian_cc: 0.4758
Epoch 24, val_loss: 0.0034, val_mae: 0.0591, val_mse: 0.0069, val_r2: -7.4634, val_cc: 0.5666
Epoch 25, trian_loss: 0.0035, trian_mae: 0.0593, trian_mse:0.0070, trian_r2: -9.1381, trian_cc: 0.5733
Epoch 25, val_loss: 0.0034, val_mae: 0.0605, val_mse: 0.0069, val_r2: -8.5019, val_cc: 0.5787
Epoch 26, trian_loss: 0.0035, trian_mae: 0.0593, trian_mse:0.0069, trian_r2: -5.2972, trian_cc: 0.5741
Epoch 26, val_loss: 0.0036, val_mae: 0.0642, val_mse: 0.0073, val_r2: -9.8363, val_cc: 0.5384
Epoch 27, trian_loss: 0.0035, trian_mae: 0.0591, trian_mse:0.0069, trian_r2: -8.2273, trian_cc: 0.5777
Epoch 27, val_loss: 0.0033, val_mae: 0.0584, val_mse: 0.0067, val_r2: -4.6400, val_cc: 0.5850
Epoch 28, trian_loss: 0.0034, trian_mae: 0.0585, trian_mse:0.0068, trian_r2: -5.1536, trian_cc: 0.5892
Epoch 28, val_loss: 0.0032, val_mae: 0.0568, val_mse: 0.0065, val_r2: -4.9040, val_cc: 0.6013
Epoch 29, trian_loss: 0.0034, trian_mae: 0.0578, trian_mse:0.0067, trian_r2: -3.7933, trian_cc: 0.5971
Epoch 29, val_loss: 0.0033, val_mae: 0.0581, val_mse: 0.0067, val_r2: -6.1684, val_cc: 0.5922
Epoch 30, trian_loss: 0.0034, trian_mae: 0.0584, trian_mse:0.0068, trian_r2: -5.1336, trian_cc: 0.5912
Epoch 30, val_loss: 0.0033, val_mae: 0.0581, val_mse: 0.0066, val_r2: -5.5058, val_cc: 0.5941
Epoch 31, trian_loss: 0.0033, trian_mae: 0.0577, trian_mse:0.0067, trian_r2: -3.5970, trian_cc: 0.5983
Epoch 31, val_loss: 0.0033, val_mae: 0.0563, val_mse: 0.0065, val_r2: -4.0231, val_cc: 0.6042
Epoch 32, trian_loss: 0.0033, trian_mae: 0.0570, trian_mse:0.0066, trian_r2: -6.5216, trian_cc: 0.6026
Epoch 32, val_loss: 0.0032, val_mae: 0.0554, val_mse: 0.0064, val_r2: -4.0554, val_cc: 0.6131
Epoch 33, trian_loss: 0.0033, trian_mae: 0.0568, trian_mse:0.0065, trian_r2: -2.9901, trian_cc: 0.6114
Epoch 33, val_loss: 0.0031, val_mae: 0.0553, val_mse: 0.0063, val_r2: -3.1534, val_cc: 0.6204
Epoch 34, trian_loss: 0.0032, trian_mae: 0.0562, trian_mse:0.0064, trian_r2: -2.5601, trian_cc: 0.6158
Epoch 34, val_loss: 0.0032, val_mae: 0.0555, val_mse: 0.0063, val_r2: -4.1853, val_cc: 0.6202
Epoch 35, trian_loss: 0.0032, trian_mae: 0.0564, trian_mse:0.0065, trian_r2: -2.5209, trian_cc: 0.6153
Epoch 35, val_loss: 0.0032, val_mae: 0.0564, val_mse: 0.0064, val_r2: -4.3607, val_cc: 0.6190
Epoch 36, trian_loss: 0.0032, trian_mae: 0.0558, trian_mse:0.0064, trian_r2: -2.9115, trian_cc: 0.6229
Epoch 36, val_loss: 0.0031, val_mae: 0.0546, val_mse: 0.0063, val_r2: -4.1969, val_cc: 0.6245
Epoch 37, trian_loss: 0.0032, trian_mae: 0.0556, trian_mse:0.0064, trian_r2: -2.8263, trian_cc: 0.6244
Epoch 37, val_loss: 0.0034, val_mae: 0.0587, val_mse: 0.0068, val_r2: -3.8767, val_cc: 0.5789
Epoch 38, trian_loss: 0.0032, trian_mae: 0.0557, trian_mse:0.0063, trian_r2: -2.1739, trian_cc: 0.6262
Epoch 38, val_loss: 0.0031, val_mae: 0.0540, val_mse: 0.0061, val_r2: -3.4648, val_cc: 0.6296
Epoch 39, trian_loss: 0.0032, trian_mae: 0.0550, trian_mse:0.0063, trian_r2: -2.5172, trian_cc: 0.6249
Epoch 39, val_loss: 0.0034, val_mae: 0.0610, val_mse: 0.0068, val_r2: -4.8595, val_cc: 0.6020
Epoch 40, trian_loss: 0.0036, trian_mae: 0.0603, trian_mse:0.0072, trian_r2: -15.4317, trian_cc: 0.5118
Epoch 40, val_loss: 0.0044, val_mae: 0.0670, val_mse: 0.0088, val_r2: -29.7107, val_cc: 0.3037
Epoch 41, trian_loss: 0.0040, trian_mae: 0.0650, trian_mse:0.0080, trian_r2: -34.4307, trian_cc: 0.4267
Epoch 41, val_loss: 0.0036, val_mae: 0.0592, val_mse: 0.0071, val_r2: -8.3925, val_cc: 0.5702
Epoch 42, trian_loss: 0.0036, trian_mae: 0.0601, trian_mse:0.0071, trian_r2: -16.1540, trian_cc: 0.5349
Epoch 42, val_loss: 0.0034, val_mae: 0.0573, val_mse: 0.0068, val_r2: -5.0783, val_cc: 0.5885
Epoch 43, trian_loss: 0.0034, trian_mae: 0.0577, trian_mse:0.0067, trian_r2: -4.8412, trian_cc: 0.5920
Epoch 43, val_loss: 0.0033, val_mae: 0.0589, val_mse: 0.0066, val_r2: -6.5690, val_cc: 0.5954
Epoch 44, trian_loss: 0.0033, trian_mae: 0.0565, trian_mse:0.0065, trian_r2: -3.6620, trian_cc: 0.6042
Epoch 44, val_loss: 0.0032, val_mae: 0.0555, val_mse: 0.0064, val_r2: -3.9624, val_cc: 0.6125
Epoch 45, trian_loss: 0.0032, trian_mae: 0.0564, trian_mse:0.0065, trian_r2: -3.1713, trian_cc: 0.6089
Epoch 45, val_loss: 0.0033, val_mae: 0.0553, val_mse: 0.0065, val_r2: -4.5523, val_cc: 0.6178
Epoch 46, trian_loss: 0.0031, trian_mae: 0.0540, trian_mse:0.0061, trian_r2: -1.9291, trian_cc: 0.6308
Epoch 46, val_loss: 0.0030, val_mae: 0.0526, val_mse: 0.0061, val_r2: -2.4752, val_cc: 0.6372
Epoch 47, trian_loss: 0.0031, trian_mae: 0.0537, trian_mse:0.0061, trian_r2: -2.0976, trian_cc: 0.6332
Epoch 47, val_loss: 0.0031, val_mae: 0.0525, val_mse: 0.0061, val_r2: -2.6930, val_cc: 0.6388
Epoch 48, trian_loss: 0.0030, trian_mae: 0.0536, trian_mse:0.0061, trian_r2: -1.9517, trian_cc: 0.6374
Epoch 48, val_loss: 0.0031, val_mae: 0.0530, val_mse: 0.0062, val_r2: -2.3751, val_cc: 0.6417
Epoch 49, trian_loss: 0.0030, trian_mae: 0.0535, trian_mse:0.0061, trian_r2: -1.9518, trian_cc: 0.6389
Epoch 49, val_loss: 0.0032, val_mae: 0.0552, val_mse: 0.0065, val_r2: -5.2717, val_cc: 0.6177
Epoch 50, trian_loss: 0.0030, trian_mae: 0.0533, trian_mse:0.0060, trian_r2: -1.8383, trian_cc: 0.6384
Epoch 50, val_loss: 0.0031, val_mae: 0.0529, val_mse: 0.0061, val_r2: -2.3703, val_cc: 0.6413
Epoch 51, trian_loss: 0.0030, trian_mae: 0.0531, trian_mse:0.0060, trian_r2: -1.8042, trian_cc: 0.6440
Epoch 51, val_loss: 0.0030, val_mae: 0.0515, val_mse: 0.0060, val_r2: -2.3878, val_cc: 0.6500
Epoch 52, trian_loss: 0.0030, trian_mae: 0.0528, trian_mse:0.0059, trian_r2: -1.7281, trian_cc: 0.6473
Epoch 52, val_loss: 0.0030, val_mae: 0.0517, val_mse: 0.0060, val_r2: -2.5681, val_cc: 0.6496
Epoch 53, trian_loss: 0.0030, trian_mae: 0.0525, trian_mse:0.0059, trian_r2: -1.6499, trian_cc: 0.6506
Epoch 53, val_loss: 0.0030, val_mae: 0.0514, val_mse: 0.0060, val_r2: -2.3169, val_cc: 0.6523
Epoch 54, trian_loss: 0.0030, trian_mae: 0.0528, trian_mse:0.0060, trian_r2: -1.7719, trian_cc: 0.6475
Epoch 54, val_loss: 0.0031, val_mae: 0.0524, val_mse: 0.0062, val_r2: -3.9841, val_cc: 0.6432
Epoch 55, trian_loss: 0.0029, trian_mae: 0.0521, trian_mse:0.0059, trian_r2: -1.4857, trian_cc: 0.6541
Epoch 55, val_loss: 0.0032, val_mae: 0.0536, val_mse: 0.0065, val_r2: -7.9684, val_cc: 0.6247
Epoch 56, trian_loss: 0.0029, trian_mae: 0.0521, trian_mse:0.0059, trian_r2: -2.1338, trian_cc: 0.6529
Epoch 56, val_loss: 0.0029, val_mae: 0.0508, val_mse: 0.0058, val_r2: -1.8750, val_cc: 0.6598
Epoch 57, trian_loss: 0.0029, trian_mae: 0.0521, trian_mse:0.0059, trian_r2: -1.5299, trian_cc: 0.6569
Epoch 57, val_loss: 0.0029, val_mae: 0.0520, val_mse: 0.0059, val_r2: -1.9761, val_cc: 0.6580
Epoch 58, trian_loss: 0.0029, trian_mae: 0.0517, trian_mse:0.0058, trian_r2: -1.3452, trian_cc: 0.6603
Epoch 58, val_loss: 0.0030, val_mae: 0.0511, val_mse: 0.0059, val_r2: -2.8158, val_cc: 0.6597
Epoch 59, trian_loss: 0.0029, trian_mae: 0.0520, trian_mse:0.0059, trian_r2: -1.4817, trian_cc: 0.6583
Epoch 59, val_loss: 0.0029, val_mae: 0.0509, val_mse: 0.0059, val_r2: -2.6707, val_cc: 0.6600
Epoch 60, trian_loss: 0.0029, trian_mae: 0.0521, trian_mse:0.0059, trian_r2: -1.3804, trian_cc: 0.6581
Epoch 60, val_loss: 0.0029, val_mae: 0.0510, val_mse: 0.0058, val_r2: -2.0862, val_cc: 0.6588
Epoch 61, trian_loss: 0.0029, trian_mae: 0.0512, trian_mse:0.0057, trian_r2: -1.2894, trian_cc: 0.6664
Epoch 61, val_loss: 0.0029, val_mae: 0.0505, val_mse: 0.0058, val_r2: -2.4876, val_cc: 0.6631
Epoch 62, trian_loss: 0.0029, trian_mae: 0.0514, trian_mse:0.0058, trian_r2: -1.2788, trian_cc: 0.6642
Epoch 62, val_loss: 0.0029, val_mae: 0.0508, val_mse: 0.0058, val_r2: -2.2029, val_cc: 0.6595
Epoch 63, trian_loss: 0.0029, trian_mae: 0.0510, trian_mse:0.0057, trian_r2: -1.1809, trian_cc: 0.6676
Epoch 63, val_loss: 0.0029, val_mae: 0.0506, val_mse: 0.0058, val_r2: -1.7344, val_cc: 0.6633
Epoch 64, trian_loss: 0.0029, trian_mae: 0.0511, trian_mse:0.0057, trian_r2: -1.1582, trian_cc: 0.6682
Epoch 64, val_loss: 0.0029, val_mae: 0.0509, val_mse: 0.0059, val_r2: -2.2030, val_cc: 0.6655
Epoch 65, trian_loss: 0.0028, trian_mae: 0.0507, trian_mse:0.0057, trian_r2: -1.2027, trian_cc: 0.6716
Epoch 65, val_loss: 0.0029, val_mae: 0.0512, val_mse: 0.0058, val_r2: -2.3214, val_cc: 0.6614
Epoch 66, trian_loss: 0.0028, trian_mae: 0.0509, trian_mse:0.0057, trian_r2: -1.2010, trian_cc: 0.6704
Epoch 66, val_loss: 0.0029, val_mae: 0.0504, val_mse: 0.0058, val_r2: -2.6838, val_cc: 0.6692
Epoch 67, trian_loss: 0.0028, trian_mae: 0.0507, trian_mse:0.0056, trian_r2: -1.2793, trian_cc: 0.6723
Epoch 67, val_loss: 0.0029, val_mae: 0.0497, val_mse: 0.0057, val_r2: -1.5220, val_cc: 0.6718
Epoch 68, trian_loss: 0.0028, trian_mae: 0.0503, trian_mse:0.0056, trian_r2: -1.0302, trian_cc: 0.6762
Epoch 68, val_loss: 0.0028, val_mae: 0.0495, val_mse: 0.0056, val_r2: -1.9304, val_cc: 0.6749
Epoch 69, trian_loss: 0.0028, trian_mae: 0.0505, trian_mse:0.0056, trian_r2: -1.0356, trian_cc: 0.6749
Epoch 69, val_loss: 0.0029, val_mae: 0.0503, val_mse: 0.0059, val_r2: -1.9805, val_cc: 0.6650
Epoch 70, trian_loss: 0.0028, trian_mae: 0.0502, trian_mse:0.0056, trian_r2: -1.0825, trian_cc: 0.6772
Epoch 70, val_loss: 0.0028, val_mae: 0.0495, val_mse: 0.0056, val_r2: -1.4085, val_cc: 0.6752
Epoch 71, trian_loss: 0.0027, trian_mae: 0.0497, trian_mse:0.0055, trian_r2: -0.9042, trian_cc: 0.6808
Epoch 71, val_loss: 0.0028, val_mae: 0.0496, val_mse: 0.0056, val_r2: -1.5699, val_cc: 0.6739
Epoch 72, trian_loss: 0.0028, trian_mae: 0.0500, trian_mse:0.0055, trian_r2: -1.2533, trian_cc: 0.6774
Epoch 72, val_loss: 0.0029, val_mae: 0.0503, val_mse: 0.0059, val_r2: -1.9969, val_cc: 0.6687
Epoch 73, trian_loss: 0.0027, trian_mae: 0.0499, trian_mse:0.0055, trian_r2: -1.0673, trian_cc: 0.6799
Epoch 73, val_loss: 0.0029, val_mae: 0.0498, val_mse: 0.0057, val_r2: -1.4882, val_cc: 0.6713
Epoch 74, trian_loss: 0.0028, trian_mae: 0.0501, trian_mse:0.0055, trian_r2: -0.9398, trian_cc: 0.6793
Epoch 74, val_loss: 0.0030, val_mae: 0.0502, val_mse: 0.0059, val_r2: -1.8480, val_cc: 0.6635
Epoch 75, trian_loss: 0.0027, trian_mae: 0.0499, trian_mse:0.0055, trian_r2: -0.9511, trian_cc: 0.6800
Epoch 75, val_loss: 0.0029, val_mae: 0.0495, val_mse: 0.0058, val_r2: -1.7806, val_cc: 0.6737
Epoch 76, trian_loss: 0.0027, trian_mae: 0.0496, trian_mse:0.0054, trian_r2: -1.1764, trian_cc: 0.6812
Epoch 76, val_loss: 0.0028, val_mae: 0.0490, val_mse: 0.0055, val_r2: -1.5015, val_cc: 0.6797
Epoch 77, trian_loss: 0.0027, trian_mae: 0.0493, trian_mse:0.0054, trian_r2: -0.8699, trian_cc: 0.6846
Epoch 77, val_loss: 0.0028, val_mae: 0.0488, val_mse: 0.0056, val_r2: -1.5037, val_cc: 0.6805
Epoch 78, trian_loss: 0.0027, trian_mae: 0.0493, trian_mse:0.0053, trian_r2: -0.9036, trian_cc: 0.6845
Epoch 78, val_loss: 0.0028, val_mae: 0.0497, val_mse: 0.0057, val_r2: -1.7243, val_cc: 0.6743
Epoch 79, trian_loss: 0.0027, trian_mae: 0.0493, trian_mse:0.0053, trian_r2: -0.8740, trian_cc: 0.6844
Epoch 79, val_loss: 0.0028, val_mae: 0.0491, val_mse: 0.0056, val_r2: -1.4018, val_cc: 0.6789
Epoch 80, trian_loss: 0.0027, trian_mae: 0.0494, trian_mse:0.0053, trian_r2: -1.1694, trian_cc: 0.6825
Epoch 80, val_loss: 0.0029, val_mae: 0.0495, val_mse: 0.0058, val_r2: -2.4186, val_cc: 0.6762
Epoch 81, trian_loss: 0.0027, trian_mae: 0.0493, trian_mse:0.0053, trian_r2: -0.8328, trian_cc: 0.6843
Epoch 81, val_loss: 0.0028, val_mae: 0.0500, val_mse: 0.0056, val_r2: -2.3028, val_cc: 0.6648
Epoch 82, trian_loss: 0.0028, trian_mae: 0.0503, trian_mse:0.0056, trian_r2: -3.0503, trian_cc: 0.6688
Epoch 82, val_loss: 0.0028, val_mae: 0.0491, val_mse: 0.0056, val_r2: -1.3556, val_cc: 0.6806
Epoch 83, trian_loss: 0.0026, trian_mae: 0.0490, trian_mse:0.0053, trian_r2: -0.8021, trian_cc: 0.6872
Epoch 83, val_loss: 0.0028, val_mae: 0.0490, val_mse: 0.0055, val_r2: -1.4381, val_cc: 0.6800
Epoch 84, trian_loss: 0.0026, trian_mae: 0.0489, trian_mse:0.0052, trian_r2: -0.7824, trian_cc: 0.6885
Epoch 84, val_loss: 0.0028, val_mae: 0.0489, val_mse: 0.0055, val_r2: -1.4009, val_cc: 0.6815
Epoch 85, trian_loss: 0.0026, trian_mae: 0.0490, trian_mse:0.0053, trian_r2: -0.8572, trian_cc: 0.6857
Epoch 85, val_loss: 0.0027, val_mae: 0.0489, val_mse: 0.0055, val_r2: -1.0560, val_cc: 0.6826
Epoch 86, trian_loss: 0.0026, trian_mae: 0.0485, trian_mse:0.0052, trian_r2: -0.7740, trian_cc: 0.6900
Epoch 86, val_loss: 0.0031, val_mae: 0.0544, val_mse: 0.0063, val_r2: -6.8139, val_cc: 0.6008
Epoch 87, trian_loss: 0.0026, trian_mae: 0.0489, trian_mse:0.0052, trian_r2: -0.9327, trian_cc: 0.6857
Epoch 87, val_loss: 0.0028, val_mae: 0.0492, val_mse: 0.0056, val_r2: -2.6310, val_cc: 0.6794
Epoch 88, trian_loss: 0.0026, trian_mae: 0.0488, trian_mse:0.0052, trian_r2: -0.8845, trian_cc: 0.6878
Epoch 88, val_loss: 0.0027, val_mae: 0.0486, val_mse: 0.0053, val_r2: -0.9959, val_cc: 0.6839
Epoch 89, trian_loss: 0.0026, trian_mae: 0.0492, trian_mse:0.0053, trian_r2: -0.9185, trian_cc: 0.6847
Epoch 89, val_loss: 0.0028, val_mae: 0.0491, val_mse: 0.0056, val_r2: -1.5675, val_cc: 0.6817
Epoch 90, trian_loss: 0.0027, trian_mae: 0.0494, trian_mse:0.0053, trian_r2: -0.9428, trian_cc: 0.6811
Epoch 90, val_loss: 0.0028, val_mae: 0.0489, val_mse: 0.0055, val_r2: -1.2930, val_cc: 0.6806
Epoch 91, trian_loss: 0.0026, trian_mae: 0.0485, trian_mse:0.0052, trian_r2: -0.8209, trian_cc: 0.6900
Epoch 91, val_loss: 0.0028, val_mae: 0.0487, val_mse: 0.0055, val_r2: -1.3304, val_cc: 0.6848
Epoch 92, trian_loss: 0.0026, trian_mae: 0.0489, trian_mse:0.0052, trian_r2: -0.8976, trian_cc: 0.6878
Epoch 92, val_loss: 0.0028, val_mae: 0.0488, val_mse: 0.0056, val_r2: -1.5488, val_cc: 0.6817
Epoch 93, trian_loss: 0.0026, trian_mae: 0.0487, trian_mse:0.0052, trian_r2: -0.8072, trian_cc: 0.6901
Epoch 93, val_loss: 0.0028, val_mae: 0.0492, val_mse: 0.0057, val_r2: -1.7923, val_cc: 0.6779
Epoch 94, trian_loss: 0.0026, trian_mae: 0.0488, trian_mse:0.0052, trian_r2: -0.7729, trian_cc: 0.6888
Epoch 94, val_loss: 0.0029, val_mae: 0.0505, val_mse: 0.0057, val_r2: -1.7242, val_cc: 0.6639
Epoch 95, trian_loss: 0.0026, trian_mae: 0.0486, trian_mse:0.0051, trian_r2: -0.8087, trian_cc: 0.6902
Epoch 95, val_loss: 0.0028, val_mae: 0.0488, val_mse: 0.0056, val_r2: -1.2213, val_cc: 0.6813
Epoch 96, trian_loss: 0.0026, trian_mae: 0.0486, trian_mse:0.0052, trian_r2: -0.8359, trian_cc: 0.6922
Epoch 96, val_loss: 0.0027, val_mae: 0.0488, val_mse: 0.0055, val_r2: -0.9566, val_cc: 0.6835
Epoch 97, trian_loss: 0.0026, trian_mae: 0.0484, trian_mse:0.0051, trian_r2: -0.7048, trian_cc: 0.6927
Epoch 97, val_loss: 0.0028, val_mae: 0.0486, val_mse: 0.0055, val_r2: -1.1675, val_cc: 0.6838
Epoch 98, trian_loss: 0.0026, trian_mae: 0.0487, trian_mse:0.0052, trian_r2: -0.8695, trian_cc: 0.6906
Epoch 98, val_loss: 0.0028, val_mae: 0.0486, val_mse: 0.0056, val_r2: -1.1783, val_cc: 0.6847
Epoch 99, trian_loss: 0.0026, trian_mae: 0.0482, trian_mse:0.0051, trian_r2: -0.7326, trian_cc: 0.6932
Epoch 99, val_loss: 0.0027, val_mae: 0.0490, val_mse: 0.0054, val_r2: -0.9653, val_cc: 0.6837
