Trian Data: 532   Validation Data: 177  Test Data: 178
[1, 1]
[1, 1]
[1, 1]
[1]
model SENet(
  (conv1): Conv2d(61, 64, kernel_size=(3, 3), stride=(1, 1), padding=(1, 1), bias=False)
  (bn1): BatchNorm2d(64, eps=1e-05, momentum=0.1, affine=True, track_running_stats=True)
  (layer1): Sequential(
    (0): BasicBlock(
      (conv1): Conv2d(64, 64, kernel_size=(3, 3), stride=(1, 1), padding=(1, 1), bias=False)
      (bn1): BatchNorm2d(64, eps=1e-05, momentum=0.1, affine=True, track_running_stats=True)
      (conv2): Conv2d(64, 64, kernel_size=(3, 3), stride=(1, 1), padding=(1, 1), bias=False)
      (bn2): BatchNorm2d(64, eps=1e-05, momentum=0.1, affine=True, track_running_stats=True)
      (shortcut): Sequential()
      (fc1): Conv2d(64, 4, kernel_size=(1, 1), stride=(1, 1))
      (fc2): Conv2d(4, 64, kernel_size=(1, 1), stride=(1, 1))
    )
    (1): BasicBlock(
      (conv1): Conv2d(64, 64, kernel_size=(3, 3), stride=(1, 1), padding=(1, 1), bias=False)
      (bn1): BatchNorm2d(64, eps=1e-05, momentum=0.1, affine=True, track_running_stats=True)
      (conv2): Conv2d(64, 64, kernel_size=(3, 3), stride=(1, 1), padding=(1, 1), bias=False)
      (bn2): BatchNorm2d(64, eps=1e-05, momentum=0.1, affine=True, track_running_stats=True)
      (shortcut): Sequential()
      (fc1): Conv2d(64, 4, kernel_size=(1, 1), stride=(1, 1))
      (fc2): Conv2d(4, 64, kernel_size=(1, 1), stride=(1, 1))
    )
  )
  (layer2): Sequential(
    (0): BasicBlock(
      (conv1): Conv2d(64, 64, kernel_size=(3, 3), stride=(1, 1), padding=(1, 1), bias=False)
      (bn1): BatchNorm2d(64, eps=1e-05, momentum=0.1, affine=True, track_running_stats=True)
      (conv2): Conv2d(64, 64, kernel_size=(3, 3), stride=(1, 1), padding=(1, 1), bias=False)
      (bn2): BatchNorm2d(64, eps=1e-05, momentum=0.1, affine=True, track_running_stats=True)
      (shortcut): Sequential()
      (fc1): Conv2d(64, 4, kernel_size=(1, 1), stride=(1, 1))
      (fc2): Conv2d(4, 64, kernel_size=(1, 1), stride=(1, 1))
    )
    (1): BasicBlock(
      (conv1): Conv2d(64, 64, kernel_size=(3, 3), stride=(1, 1), padding=(1, 1), bias=False)
      (bn1): BatchNorm2d(64, eps=1e-05, momentum=0.1, affine=True, track_running_stats=True)
      (conv2): Conv2d(64, 64, kernel_size=(3, 3), stride=(1, 1), padding=(1, 1), bias=False)
      (bn2): BatchNorm2d(64, eps=1e-05, momentum=0.1, affine=True, track_running_stats=True)
      (shortcut): Sequential()
      (fc1): Conv2d(64, 4, kernel_size=(1, 1), stride=(1, 1))
      (fc2): Conv2d(4, 64, kernel_size=(1, 1), stride=(1, 1))
    )
  )
  (layer3): Sequential(
    (0): BasicBlock(
      (conv1): Conv2d(64, 64, kernel_size=(3, 3), stride=(1, 1), padding=(1, 1), bias=False)
      (bn1): BatchNorm2d(64, eps=1e-05, momentum=0.1, affine=True, track_running_stats=True)
      (conv2): Conv2d(64, 64, kernel_size=(3, 3), stride=(1, 1), padding=(1, 1), bias=False)
      (bn2): BatchNorm2d(64, eps=1e-05, momentum=0.1, affine=True, track_running_stats=True)
      (shortcut): Sequential()
      (fc1): Conv2d(64, 4, kernel_size=(1, 1), stride=(1, 1))
      (fc2): Conv2d(4, 64, kernel_size=(1, 1), stride=(1, 1))
    )
    (1): BasicBlock(
      (conv1): Conv2d(64, 64, kernel_size=(3, 3), stride=(1, 1), padding=(1, 1), bias=False)
      (bn1): BatchNorm2d(64, eps=1e-05, momentum=0.1, affine=True, track_running_stats=True)
      (conv2): Conv2d(64, 64, kernel_size=(3, 3), stride=(1, 1), padding=(1, 1), bias=False)
      (bn2): BatchNorm2d(64, eps=1e-05, momentum=0.1, affine=True, track_running_stats=True)
      (shortcut): Sequential()
      (fc1): Conv2d(64, 4, kernel_size=(1, 1), stride=(1, 1))
      (fc2): Conv2d(4, 64, kernel_size=(1, 1), stride=(1, 1))
    )
  )
  (layer4): Sequential(
    (0): BasicBlock(
      (conv1): Conv2d(64, 64, kernel_size=(3, 3), stride=(1, 1), padding=(1, 1), bias=False)
      (bn1): BatchNorm2d(64, eps=1e-05, momentum=0.1, affine=True, track_running_stats=True)
      (conv2): Conv2d(64, 64, kernel_size=(3, 3), stride=(1, 1), padding=(1, 1), bias=False)
      (bn2): BatchNorm2d(64, eps=1e-05, momentum=0.1, affine=True, track_running_stats=True)
      (shortcut): Sequential()
      (fc1): Conv2d(64, 4, kernel_size=(1, 1), stride=(1, 1))
      (fc2): Conv2d(4, 64, kernel_size=(1, 1), stride=(1, 1))
    )
  )
  (cnn): CNNnet(
    (conv1): Sequential(
      (0): Conv2d(64, 32, kernel_size=(3, 3), stride=(1, 1), padding=(1, 1))
      (1): BatchNorm2d(32, eps=1e-05, momentum=0.1, affine=True, track_running_stats=True)
      (2): ReLU()
    )
    (conv2): Sequential(
      (0): Conv2d(32, 16, kernel_size=(3, 3), stride=(1, 1), padding=(1, 1))
      (1): BatchNorm2d(16, eps=1e-05, momentum=0.1, affine=True, track_running_stats=True)
      (2): ReLU()
    )
    (conv3): Sequential(
      (0): Conv2d(16, 1, kernel_size=(3, 3), stride=(1, 1), padding=(1, 1))
      (1): BatchNorm2d(1, eps=1e-05, momentum=0.1, affine=True, track_running_stats=True)
      (2): ReLU()
    )
  )
)
Epoch  0, trian_loss: 0.0074, trian_mae: 0.0912, trian_mse:0.0149, trian_r2: -30.4621, trian_cc: 0.0706
Epoch  0, val_loss: 0.0066, val_mae: 0.0922, val_mse: 0.0131, val_r2: -21.7182, val_cc: 0.0605
Epoch  1, trian_loss: 0.0060, trian_mae: 0.0880, trian_mse:0.0121, trian_r2: -136.0598, trian_cc: 0.1066
Epoch  1, val_loss: 0.0060, val_mae: 0.0870, val_mse: 0.0120, val_r2: -131.6033, val_cc: 0.1136
Epoch  2, trian_loss: 0.0060, trian_mae: 0.0877, trian_mse:0.0120, trian_r2: -127.5343, trian_cc: 0.1198
Epoch  2, val_loss: 0.0060, val_mae: 0.0871, val_mse: 0.0120, val_r2: -131.2062, val_cc: 0.1162
Epoch  3, trian_loss: 0.0060, trian_mae: 0.0876, trian_mse:0.0119, trian_r2: -207.6723, trian_cc: 0.1468
Epoch  3, val_loss: 0.0059, val_mae: 0.0866, val_mse: 0.0119, val_r2: -160.2728, val_cc: 0.1756
Epoch  4, trian_loss: 0.0059, trian_mae: 0.0874, trian_mse:0.0119, trian_r2: -155.7378, trian_cc: 0.1727
Epoch  4, val_loss: 0.0059, val_mae: 0.0868, val_mse: 0.0118, val_r2: -189.7893, val_cc: 0.1733
Epoch  5, trian_loss: 0.0059, trian_mae: 0.0873, trian_mse:0.0118, trian_r2: -137.3466, trian_cc: 0.1781
Epoch  5, val_loss: 0.0059, val_mae: 0.0869, val_mse: 0.0118, val_r2: -166.4554, val_cc: 0.1799
Epoch  6, trian_loss: 0.0059, trian_mae: 0.0871, trian_mse:0.0118, trian_r2: -116.8051, trian_cc: 0.1861
Epoch  6, val_loss: 0.0059, val_mae: 0.0868, val_mse: 0.0118, val_r2: -135.7085, val_cc: 0.1853
Epoch  7, trian_loss: 0.0059, trian_mae: 0.0869, trian_mse:0.0118, trian_r2: -96.6598, trian_cc: 0.1926
Epoch  7, val_loss: 0.0059, val_mae: 0.0866, val_mse: 0.0117, val_r2: -99.4797, val_cc: 0.2021
Epoch  8, trian_loss: 0.0059, trian_mae: 0.0868, trian_mse:0.0118, trian_r2: -90.4822, trian_cc: 0.1947
Epoch  8, val_loss: 0.0058, val_mae: 0.0864, val_mse: 0.0117, val_r2: -95.8991, val_cc: 0.2041
Epoch  9, trian_loss: 0.0059, trian_mae: 0.0866, trian_mse:0.0117, trian_r2: -87.7764, trian_cc: 0.2007
Epoch  9, val_loss: 0.0058, val_mae: 0.0863, val_mse: 0.0117, val_r2: -100.5786, val_cc: 0.2072
Epoch 10, trian_loss: 0.0058, trian_mae: 0.0863, trian_mse:0.0117, trian_r2: -69.9614, trian_cc: 0.2087
Epoch 10, val_loss: 0.0058, val_mae: 0.0861, val_mse: 0.0117, val_r2: -95.5535, val_cc: 0.2081
Epoch 11, trian_loss: 0.0058, trian_mae: 0.0861, trian_mse:0.0117, trian_r2: -67.8109, trian_cc: 0.2110
Epoch 11, val_loss: 0.0058, val_mae: 0.0856, val_mse: 0.0117, val_r2: -75.0592, val_cc: 0.2108
Epoch 12, trian_loss: 0.0058, trian_mae: 0.0860, trian_mse:0.0116, trian_r2: -67.0656, trian_cc: 0.2131
Epoch 12, val_loss: 0.0058, val_mae: 0.0859, val_mse: 0.0116, val_r2: -88.2881, val_cc: 0.2149
Epoch 13, trian_loss: 0.0058, trian_mae: 0.0857, trian_mse:0.0116, trian_r2: -63.2266, trian_cc: 0.2182
Epoch 13, val_loss: 0.0058, val_mae: 0.0856, val_mse: 0.0116, val_r2: -83.0097, val_cc: 0.2152
Epoch 14, trian_loss: 0.0058, trian_mae: 0.0855, trian_mse:0.0116, trian_r2: -61.2722, trian_cc: 0.2210
Epoch 14, val_loss: 0.0058, val_mae: 0.0854, val_mse: 0.0115, val_r2: -88.5742, val_cc: 0.2309
Epoch 15, trian_loss: 0.0058, trian_mae: 0.0853, trian_mse:0.0116, trian_r2: -57.9987, trian_cc: 0.2273
Epoch 15, val_loss: 0.0057, val_mae: 0.0856, val_mse: 0.0115, val_r2: -84.8582, val_cc: 0.2282
Epoch 16, trian_loss: 0.0058, trian_mae: 0.0852, trian_mse:0.0115, trian_r2: -56.9101, trian_cc: 0.2309
Epoch 16, val_loss: 0.0057, val_mae: 0.0849, val_mse: 0.0115, val_r2: -76.2017, val_cc: 0.2329
Epoch 17, trian_loss: 0.0057, trian_mae: 0.0851, trian_mse:0.0115, trian_r2: -57.3384, trian_cc: 0.2364
Epoch 17, val_loss: 0.0057, val_mae: 0.0862, val_mse: 0.0115, val_r2: -90.4136, val_cc: 0.2284
Epoch 18, trian_loss: 0.0057, trian_mae: 0.0849, trian_mse:0.0115, trian_r2: -58.0068, trian_cc: 0.2423
Epoch 18, val_loss: 0.0057, val_mae: 0.0850, val_mse: 0.0115, val_r2: -64.4879, val_cc: 0.2377
Epoch 19, trian_loss: 0.0057, trian_mae: 0.0852, trian_mse:0.0115, trian_r2: -61.2422, trian_cc: 0.2420
Epoch 19, val_loss: 0.0057, val_mae: 0.0848, val_mse: 0.0114, val_r2: -63.9478, val_cc: 0.2448
Epoch 20, trian_loss: 0.0058, trian_mae: 0.0852, trian_mse:0.0115, trian_r2: -56.1149, trian_cc: 0.2310
Epoch 20, val_loss: 0.0056, val_mae: 0.0840, val_mse: 0.0113, val_r2: -74.1672, val_cc: 0.2639
Epoch 21, trian_loss: 0.0057, trian_mae: 0.0843, trian_mse:0.0114, trian_r2: -49.0054, trian_cc: 0.2602
Epoch 21, val_loss: 0.0056, val_mae: 0.0838, val_mse: 0.0112, val_r2: -36.4152, val_cc: 0.2949
Epoch 22, trian_loss: 0.0057, trian_mae: 0.0851, trian_mse:0.0115, trian_r2: -57.1702, trian_cc: 0.2399
Epoch 22, val_loss: 0.0057, val_mae: 0.0847, val_mse: 0.0114, val_r2: -64.6170, val_cc: 0.2382
Epoch 23, trian_loss: 0.0057, trian_mae: 0.0840, trian_mse:0.0113, trian_r2: -42.2460, trian_cc: 0.2734
Epoch 23, val_loss: 0.0055, val_mae: 0.0831, val_mse: 0.0111, val_r2: -36.3510, val_cc: 0.3072
Epoch 24, trian_loss: 0.0056, trian_mae: 0.0838, trian_mse:0.0113, trian_r2: -39.1916, trian_cc: 0.2804
Epoch 24, val_loss: 0.0057, val_mae: 0.0845, val_mse: 0.0115, val_r2: -51.4081, val_cc: 0.2374
Epoch 25, trian_loss: 0.0057, trian_mae: 0.0851, trian_mse:0.0115, trian_r2: -55.9986, trian_cc: 0.2392
Epoch 25, val_loss: 0.0057, val_mae: 0.0843, val_mse: 0.0115, val_r2: -49.1131, val_cc: 0.2373
Epoch 26, trian_loss: 0.0057, trian_mae: 0.0844, trian_mse:0.0114, trian_r2: -49.2451, trian_cc: 0.2582
Epoch 26, val_loss: 0.0056, val_mae: 0.0829, val_mse: 0.0113, val_r2: -38.4308, val_cc: 0.2861
Epoch 27, trian_loss: 0.0057, trian_mae: 0.0850, trian_mse:0.0115, trian_r2: -53.3228, trian_cc: 0.2475
Epoch 27, val_loss: 0.0057, val_mae: 0.0845, val_mse: 0.0114, val_r2: -54.0550, val_cc: 0.2596
Epoch 28, trian_loss: 0.0056, trian_mae: 0.0834, trian_mse:0.0112, trian_r2: -30.0301, trian_cc: 0.2887
Epoch 28, val_loss: 0.0056, val_mae: 0.0837, val_mse: 0.0112, val_r2: -57.1459, val_cc: 0.2750
Epoch 29, trian_loss: 0.0056, trian_mae: 0.0830, trian_mse:0.0111, trian_r2: -20.1905, trian_cc: 0.3046
Epoch 29, val_loss: 0.0056, val_mae: 0.0839, val_mse: 0.0112, val_r2: -26.3864, val_cc: 0.2863
Epoch 30, trian_loss: 0.0055, trian_mae: 0.0827, trian_mse:0.0110, trian_r2: -22.3031, trian_cc: 0.3113
Epoch 30, val_loss: 0.0055, val_mae: 0.0829, val_mse: 0.0109, val_r2: -19.4869, val_cc: 0.3226
Epoch 31, trian_loss: 0.0055, trian_mae: 0.0828, trian_mse:0.0110, trian_r2: -17.3638, trian_cc: 0.3163
Epoch 31, val_loss: 0.0055, val_mae: 0.0828, val_mse: 0.0109, val_r2: -22.2533, val_cc: 0.3180
Epoch 32, trian_loss: 0.0055, trian_mae: 0.0828, trian_mse:0.0110, trian_r2: -18.3114, trian_cc: 0.3147
Epoch 32, val_loss: 0.0054, val_mae: 0.0822, val_mse: 0.0108, val_r2: -16.1592, val_cc: 0.3315
Epoch 33, trian_loss: 0.0055, trian_mae: 0.0827, trian_mse:0.0110, trian_r2: -17.4028, trian_cc: 0.3194
Epoch 33, val_loss: 0.0055, val_mae: 0.0833, val_mse: 0.0110, val_r2: -21.3270, val_cc: 0.3144
Epoch 34, trian_loss: 0.0055, trian_mae: 0.0826, trian_mse:0.0109, trian_r2: -15.4349, trian_cc: 0.3214
Epoch 34, val_loss: 0.0055, val_mae: 0.0831, val_mse: 0.0110, val_r2: -22.1888, val_cc: 0.3049
Epoch 35, trian_loss: 0.0055, trian_mae: 0.0824, trian_mse:0.0109, trian_r2: -14.8634, trian_cc: 0.3263
Epoch 35, val_loss: 0.0054, val_mae: 0.0825, val_mse: 0.0108, val_r2: -22.3017, val_cc: 0.3313
Epoch 36, trian_loss: 0.0055, trian_mae: 0.0824, trian_mse:0.0109, trian_r2: -14.3670, trian_cc: 0.3254
Epoch 36, val_loss: 0.0055, val_mae: 0.0836, val_mse: 0.0109, val_r2: -16.0731, val_cc: 0.3165
Epoch 37, trian_loss: 0.0055, trian_mae: 0.0826, trian_mse:0.0109, trian_r2: -15.8866, trian_cc: 0.3242
Epoch 37, val_loss: 0.0056, val_mae: 0.0843, val_mse: 0.0111, val_r2: -29.2328, val_cc: 0.2935
Epoch 38, trian_loss: 0.0054, trian_mae: 0.0823, trian_mse:0.0109, trian_r2: -13.5549, trian_cc: 0.3298
Epoch 38, val_loss: 0.0055, val_mae: 0.0834, val_mse: 0.0111, val_r2: -38.7419, val_cc: 0.3103
Epoch 39, trian_loss: 0.0054, trian_mae: 0.0821, trian_mse:0.0108, trian_r2: -13.0496, trian_cc: 0.3344
Epoch 39, val_loss: 0.0054, val_mae: 0.0823, val_mse: 0.0107, val_r2: -14.8247, val_cc: 0.3387
Epoch 40, trian_loss: 0.0054, trian_mae: 0.0819, trian_mse:0.0108, trian_r2: -12.6880, trian_cc: 0.3375
Epoch 40, val_loss: 0.0053, val_mae: 0.0820, val_mse: 0.0107, val_r2: -14.5093, val_cc: 0.3412
Epoch 41, trian_loss: 0.0054, trian_mae: 0.0819, trian_mse:0.0108, trian_r2: -11.4311, trian_cc: 0.3383
Epoch 41, val_loss: 0.0053, val_mae: 0.0823, val_mse: 0.0107, val_r2: -15.2996, val_cc: 0.3397
Epoch 42, trian_loss: 0.0054, trian_mae: 0.0823, trian_mse:0.0109, trian_r2: -16.2352, trian_cc: 0.3332
Epoch 42, val_loss: 0.0054, val_mae: 0.0830, val_mse: 0.0108, val_r2: -20.6330, val_cc: 0.3314
Epoch 43, trian_loss: 0.0054, trian_mae: 0.0820, trian_mse:0.0108, trian_r2: -14.0281, trian_cc: 0.3368
Epoch 43, val_loss: 0.0053, val_mae: 0.0821, val_mse: 0.0106, val_r2: -14.9183, val_cc: 0.3458
Epoch 44, trian_loss: 0.0054, trian_mae: 0.0822, trian_mse:0.0108, trian_r2: -15.0382, trian_cc: 0.3316
Epoch 44, val_loss: 0.0057, val_mae: 0.0841, val_mse: 0.0113, val_r2: -46.0584, val_cc: 0.2734
Epoch 45, trian_loss: 0.0054, trian_mae: 0.0821, trian_mse:0.0108, trian_r2: -17.2891, trian_cc: 0.3357
Epoch 45, val_loss: 0.0055, val_mae: 0.0839, val_mse: 0.0110, val_r2: -28.5743, val_cc: 0.3012
Epoch 46, trian_loss: 0.0054, trian_mae: 0.0818, trian_mse:0.0107, trian_r2: -11.6558, trian_cc: 0.3427
Epoch 46, val_loss: 0.0054, val_mae: 0.0828, val_mse: 0.0107, val_r2: -15.4371, val_cc: 0.3352
Epoch 47, trian_loss: 0.0054, trian_mae: 0.0818, trian_mse:0.0107, trian_r2: -11.6041, trian_cc: 0.3419
Epoch 47, val_loss: 0.0053, val_mae: 0.0822, val_mse: 0.0107, val_r2: -15.7966, val_cc: 0.3410
Epoch 48, trian_loss: 0.0054, trian_mae: 0.0817, trian_mse:0.0107, trian_r2: -11.5850, trian_cc: 0.3451
Epoch 48, val_loss: 0.0053, val_mae: 0.0821, val_mse: 0.0106, val_r2: -16.8002, val_cc: 0.3508
Epoch 49, trian_loss: 0.0053, trian_mae: 0.0815, trian_mse:0.0107, trian_r2: -11.0385, trian_cc: 0.3498
Epoch 49, val_loss: 0.0053, val_mae: 0.0818, val_mse: 0.0106, val_r2: -14.0997, val_cc: 0.3501
Epoch 50, trian_loss: 0.0053, trian_mae: 0.0813, trian_mse:0.0106, trian_r2: -10.8323, trian_cc: 0.3518
Epoch 50, val_loss: 0.0053, val_mae: 0.0817, val_mse: 0.0106, val_r2: -14.4624, val_cc: 0.3527
Epoch 51, trian_loss: 0.0053, trian_mae: 0.0814, trian_mse:0.0106, trian_r2: -10.8457, trian_cc: 0.3509
Epoch 51, val_loss: 0.0053, val_mae: 0.0822, val_mse: 0.0106, val_r2: -13.0930, val_cc: 0.3444
Epoch 52, trian_loss: 0.0053, trian_mae: 0.0814, trian_mse:0.0106, trian_r2: -10.1892, trian_cc: 0.3531
Epoch 52, val_loss: 0.0053, val_mae: 0.0816, val_mse: 0.0106, val_r2: -12.9040, val_cc: 0.3543
Epoch 53, trian_loss: 0.0053, trian_mae: 0.0815, trian_mse:0.0107, trian_r2: -11.9754, trian_cc: 0.3472
Epoch 53, val_loss: 0.0053, val_mae: 0.0820, val_mse: 0.0106, val_r2: -14.1319, val_cc: 0.3507
Epoch 54, trian_loss: 0.0053, trian_mae: 0.0813, trian_mse:0.0106, trian_r2: -10.3065, trian_cc: 0.3540
Epoch 54, val_loss: 0.0053, val_mae: 0.0817, val_mse: 0.0106, val_r2: -15.3106, val_cc: 0.3515
Epoch 55, trian_loss: 0.0053, trian_mae: 0.0814, trian_mse:0.0107, trian_r2: -14.5648, trian_cc: 0.3513
Epoch 55, val_loss: 0.0053, val_mae: 0.0816, val_mse: 0.0106, val_r2: -12.3650, val_cc: 0.3552
Epoch 56, trian_loss: 0.0053, trian_mae: 0.0811, trian_mse:0.0106, trian_r2: -10.3230, trian_cc: 0.3576
Epoch 56, val_loss: 0.0054, val_mae: 0.0831, val_mse: 0.0108, val_r2: -36.6435, val_cc: 0.3341
Epoch 57, trian_loss: 0.0053, trian_mae: 0.0812, trian_mse:0.0106, trian_r2: -11.6398, trian_cc: 0.3552
Epoch 57, val_loss: 0.0053, val_mae: 0.0819, val_mse: 0.0106, val_r2: -17.3724, val_cc: 0.3518
Epoch 58, trian_loss: 0.0053, trian_mae: 0.0811, trian_mse:0.0106, trian_r2: -9.5116, trian_cc: 0.3578
Epoch 58, val_loss: 0.0053, val_mae: 0.0813, val_mse: 0.0105, val_r2: -11.0144, val_cc: 0.3587
Epoch 59, trian_loss: 0.0053, trian_mae: 0.0810, trian_mse:0.0105, trian_r2: -9.5359, trian_cc: 0.3600
Epoch 59, val_loss: 0.0053, val_mae: 0.0817, val_mse: 0.0106, val_r2: -11.8746, val_cc: 0.3514
Epoch 60, trian_loss: 0.0053, trian_mae: 0.0811, trian_mse:0.0106, trian_r2: -9.0588, trian_cc: 0.3607
Epoch 60, val_loss: 0.0053, val_mae: 0.0817, val_mse: 0.0107, val_r2: -17.4586, val_cc: 0.3532
Epoch 61, trian_loss: 0.0053, trian_mae: 0.0811, trian_mse:0.0105, trian_r2: -10.7770, trian_cc: 0.3580
Epoch 61, val_loss: 0.0053, val_mae: 0.0815, val_mse: 0.0106, val_r2: -10.6545, val_cc: 0.3539
Epoch 62, trian_loss: 0.0052, trian_mae: 0.0808, trian_mse:0.0105, trian_r2: -8.6709, trian_cc: 0.3634
Epoch 62, val_loss: 0.0053, val_mae: 0.0815, val_mse: 0.0106, val_r2: -14.5031, val_cc: 0.3541
Epoch 63, trian_loss: 0.0052, trian_mae: 0.0807, trian_mse:0.0105, trian_r2: -8.6338, trian_cc: 0.3653
Epoch 63, val_loss: 0.0053, val_mae: 0.0811, val_mse: 0.0106, val_r2: -12.1909, val_cc: 0.3576
Epoch 64, trian_loss: 0.0052, trian_mae: 0.0806, trian_mse:0.0104, trian_r2: -8.7300, trian_cc: 0.3676
Epoch 64, val_loss: 0.0052, val_mae: 0.0818, val_mse: 0.0105, val_r2: -13.6043, val_cc: 0.3581
Epoch 65, trian_loss: 0.0052, trian_mae: 0.0807, trian_mse:0.0105, trian_r2: -9.7047, trian_cc: 0.3641
Epoch 65, val_loss: 0.0053, val_mae: 0.0817, val_mse: 0.0105, val_r2: -12.9895, val_cc: 0.3532
Epoch 66, trian_loss: 0.0052, trian_mae: 0.0809, trian_mse:0.0105, trian_r2: -9.9521, trian_cc: 0.3597
Epoch 66, val_loss: 0.0052, val_mae: 0.0812, val_mse: 0.0104, val_r2: -10.3233, val_cc: 0.3604
Epoch 67, trian_loss: 0.0052, trian_mae: 0.0806, trian_mse:0.0104, trian_r2: -8.7169, trian_cc: 0.3655
Epoch 67, val_loss: 0.0053, val_mae: 0.0813, val_mse: 0.0105, val_r2: -11.2355, val_cc: 0.3597
Epoch 68, trian_loss: 0.0052, trian_mae: 0.0806, trian_mse:0.0104, trian_r2: -8.7710, trian_cc: 0.3654
Epoch 68, val_loss: 0.0052, val_mae: 0.0815, val_mse: 0.0105, val_r2: -11.3643, val_cc: 0.3584
Epoch 69, trian_loss: 0.0052, trian_mae: 0.0804, trian_mse:0.0104, trian_r2: -9.0211, trian_cc: 0.3659
Epoch 69, val_loss: 0.0052, val_mae: 0.0812, val_mse: 0.0105, val_r2: -10.8112, val_cc: 0.3590
Epoch 70, trian_loss: 0.0052, trian_mae: 0.0803, trian_mse:0.0103, trian_r2: -8.6747, trian_cc: 0.3675
Epoch 70, val_loss: 0.0053, val_mae: 0.0808, val_mse: 0.0106, val_r2: -10.9790, val_cc: 0.3625
Epoch 71, trian_loss: 0.0052, trian_mae: 0.0807, trian_mse:0.0104, trian_r2: -11.2593, trian_cc: 0.3620
Epoch 71, val_loss: 0.0052, val_mae: 0.0808, val_mse: 0.0104, val_r2: -8.6817, val_cc: 0.3651
Epoch 72, trian_loss: 0.0051, trian_mae: 0.0800, trian_mse:0.0102, trian_r2: -8.3535, trian_cc: 0.3694
Epoch 72, val_loss: 0.0053, val_mae: 0.0806, val_mse: 0.0106, val_r2: -10.9474, val_cc: 0.3617
Epoch 73, trian_loss: 0.0052, trian_mae: 0.0802, trian_mse:0.0103, trian_r2: -8.2642, trian_cc: 0.3687
Epoch 73, val_loss: 0.0052, val_mae: 0.0810, val_mse: 0.0104, val_r2: -9.7266, val_cc: 0.3616
Epoch 74, trian_loss: 0.0051, trian_mae: 0.0801, trian_mse:0.0102, trian_r2: -8.5929, trian_cc: 0.3693
Epoch 74, val_loss: 0.0053, val_mae: 0.0808, val_mse: 0.0106, val_r2: -16.0203, val_cc: 0.3582
Epoch 75, trian_loss: 0.0052, trian_mae: 0.0806, trian_mse:0.0104, trian_r2: -9.8817, trian_cc: 0.3589
Epoch 75, val_loss: 0.0052, val_mae: 0.0811, val_mse: 0.0105, val_r2: -8.3424, val_cc: 0.3604
Epoch 76, trian_loss: 0.0055, trian_mae: 0.0833, trian_mse:0.0111, trian_r2: -25.2147, trian_cc: 0.3025
Epoch 76, val_loss: 0.0053, val_mae: 0.0822, val_mse: 0.0107, val_r2: -13.0722, val_cc: 0.3398
Epoch 77, trian_loss: 0.0054, trian_mae: 0.0817, trian_mse:0.0107, trian_r2: -13.1807, trian_cc: 0.3373
Epoch 77, val_loss: 0.0054, val_mae: 0.0823, val_mse: 0.0108, val_r2: -19.9005, val_cc: 0.3332
Epoch 78, trian_loss: 0.0053, trian_mae: 0.0812, trian_mse:0.0105, trian_r2: -11.9912, trian_cc: 0.3444
Epoch 78, val_loss: 0.0053, val_mae: 0.0812, val_mse: 0.0105, val_r2: -11.8446, val_cc: 0.3527
Epoch 79, trian_loss: 0.0051, trian_mae: 0.0803, trian_mse:0.0103, trian_r2: -9.3524, trian_cc: 0.3585
Epoch 79, val_loss: 0.0052, val_mae: 0.0809, val_mse: 0.0104, val_r2: -9.0022, val_cc: 0.3593
Epoch 80, trian_loss: 0.0051, trian_mae: 0.0803, trian_mse:0.0103, trian_r2: -8.9622, trian_cc: 0.3598
Epoch 80, val_loss: 0.0052, val_mae: 0.0808, val_mse: 0.0104, val_r2: -9.0682, val_cc: 0.3610
Epoch 81, trian_loss: 0.0052, trian_mae: 0.0804, trian_mse:0.0103, trian_r2: -9.2220, trian_cc: 0.3599
Epoch 81, val_loss: 0.0052, val_mae: 0.0808, val_mse: 0.0104, val_r2: -8.3976, val_cc: 0.3599
Epoch 82, trian_loss: 0.0051, trian_mae: 0.0803, trian_mse:0.0103, trian_r2: -10.4187, trian_cc: 0.3572
Epoch 82, val_loss: 0.0052, val_mae: 0.0808, val_mse: 0.0104, val_r2: -7.5880, val_cc: 0.3606
Epoch 83, trian_loss: 0.0051, trian_mae: 0.0802, trian_mse:0.0103, trian_r2: -9.2850, trian_cc: 0.3622
Epoch 83, val_loss: 0.0052, val_mae: 0.0808, val_mse: 0.0105, val_r2: -8.7097, val_cc: 0.3598
Epoch 84, trian_loss: 0.0051, trian_mae: 0.0801, trian_mse:0.0102, trian_r2: -9.0857, trian_cc: 0.3629
Epoch 84, val_loss: 0.0052, val_mae: 0.0810, val_mse: 0.0104, val_r2: -8.0155, val_cc: 0.3599
Epoch 85, trian_loss: 0.0052, trian_mae: 0.0802, trian_mse:0.0103, trian_r2: -9.0494, trian_cc: 0.3642
Epoch 85, val_loss: 0.0052, val_mae: 0.0806, val_mse: 0.0104, val_r2: -7.6294, val_cc: 0.3626
Epoch 86, trian_loss: 0.0051, trian_mae: 0.0800, trian_mse:0.0102, trian_r2: -9.3478, trian_cc: 0.3656
Epoch 86, val_loss: 0.0052, val_mae: 0.0807, val_mse: 0.0104, val_r2: -7.9664, val_cc: 0.3637
Epoch 87, trian_loss: 0.0051, trian_mae: 0.0798, trian_mse:0.0102, trian_r2: -8.8619, trian_cc: 0.3680
Epoch 87, val_loss: 0.0052, val_mae: 0.0808, val_mse: 0.0104, val_r2: -10.0540, val_cc: 0.3582
Epoch 88, trian_loss: 0.0051, trian_mae: 0.0799, trian_mse:0.0102, trian_r2: -9.2718, trian_cc: 0.3675
Epoch 88, val_loss: 0.0052, val_mae: 0.0807, val_mse: 0.0104, val_r2: -7.9912, val_cc: 0.3644
Epoch 89, trian_loss: 0.0051, trian_mae: 0.0801, trian_mse:0.0103, trian_r2: -9.3212, trian_cc: 0.3619
Epoch 89, val_loss: 0.0052, val_mae: 0.0810, val_mse: 0.0104, val_r2: -8.1960, val_cc: 0.3583
Epoch 90, trian_loss: 0.0051, trian_mae: 0.0798, trian_mse:0.0102, trian_r2: -9.3148, trian_cc: 0.3670
Epoch 90, val_loss: 0.0052, val_mae: 0.0807, val_mse: 0.0104, val_r2: -7.5797, val_cc: 0.3624
Epoch 91, trian_loss: 0.0051, trian_mae: 0.0798, trian_mse:0.0102, trian_r2: -9.2010, trian_cc: 0.3661
Epoch 91, val_loss: 0.0052, val_mae: 0.0809, val_mse: 0.0104, val_r2: -7.8577, val_cc: 0.3593
Epoch 92, trian_loss: 0.0051, trian_mae: 0.0799, trian_mse:0.0102, trian_r2: -9.3921, trian_cc: 0.3668
Epoch 92, val_loss: 0.0052, val_mae: 0.0808, val_mse: 0.0104, val_r2: -6.8589, val_cc: 0.3640
Epoch 93, trian_loss: 0.0051, trian_mae: 0.0796, trian_mse:0.0101, trian_r2: -8.8025, trian_cc: 0.3715
Epoch 93, val_loss: 0.0052, val_mae: 0.0809, val_mse: 0.0104, val_r2: -7.1718, val_cc: 0.3639
Epoch 94, trian_loss: 0.0051, trian_mae: 0.0796, trian_mse:0.0101, trian_r2: -8.5523, trian_cc: 0.3705
Epoch 94, val_loss: 0.0052, val_mae: 0.0809, val_mse: 0.0104, val_r2: -8.1843, val_cc: 0.3605
Epoch 95, trian_loss: 0.0050, trian_mae: 0.0795, trian_mse:0.0101, trian_r2: -8.4484, trian_cc: 0.3726
Epoch 95, val_loss: 0.0052, val_mae: 0.0808, val_mse: 0.0104, val_r2: -8.2287, val_cc: 0.3616
Epoch 96, trian_loss: 0.0051, trian_mae: 0.0797, trian_mse:0.0101, trian_r2: -8.6866, trian_cc: 0.3717
Epoch 96, val_loss: 0.0052, val_mae: 0.0809, val_mse: 0.0104, val_r2: -7.7553, val_cc: 0.3641
Epoch 97, trian_loss: 0.0050, trian_mae: 0.0796, trian_mse:0.0101, trian_r2: -9.0242, trian_cc: 0.3728
Epoch 97, val_loss: 0.0052, val_mae: 0.0807, val_mse: 0.0104, val_r2: -8.6262, val_cc: 0.3615
Epoch 98, trian_loss: 0.0050, trian_mae: 0.0795, trian_mse:0.0101, trian_r2: -8.8414, trian_cc: 0.3731
Epoch 98, val_loss: 0.0052, val_mae: 0.0807, val_mse: 0.0104, val_r2: -7.0950, val_cc: 0.3656
Epoch 99, trian_loss: 0.0050, trian_mae: 0.0794, trian_mse:0.0101, trian_r2: -8.4512, trian_cc: 0.3748
Epoch 99, val_loss: 0.0052, val_mae: 0.0807, val_mse: 0.0104, val_r2: -7.9718, val_cc: 0.3644
