Trian Data: 532   Validation Data: 177  Test Data: 178
[1, 1]
[1, 1]
[1, 1]
[1]
model SENet(
  (conv1): Conv2d(101, 64, kernel_size=(3, 3), stride=(1, 1), padding=(1, 1), bias=False)
  (bn1): BatchNorm2d(64, eps=1e-05, momentum=0.1, affine=True, track_running_stats=True)
  (layer1): Sequential(
    (0): BasicBlock(
      (conv1): Conv2d(64, 64, kernel_size=(3, 3), stride=(1, 1), padding=(1, 1), bias=False)
      (bn1): BatchNorm2d(64, eps=1e-05, momentum=0.1, affine=True, track_running_stats=True)
      (conv2): Conv2d(64, 64, kernel_size=(3, 3), stride=(1, 1), padding=(1, 1), bias=False)
      (bn2): BatchNorm2d(64, eps=1e-05, momentum=0.1, affine=True, track_running_stats=True)
      (shortcut): Sequential()
      (fc1): Conv2d(64, 4, kernel_size=(1, 1), stride=(1, 1))
      (fc2): Conv2d(4, 64, kernel_size=(1, 1), stride=(1, 1))
    )
    (1): BasicBlock(
      (conv1): Conv2d(64, 64, kernel_size=(3, 3), stride=(1, 1), padding=(1, 1), bias=False)
      (bn1): BatchNorm2d(64, eps=1e-05, momentum=0.1, affine=True, track_running_stats=True)
      (conv2): Conv2d(64, 64, kernel_size=(3, 3), stride=(1, 1), padding=(1, 1), bias=False)
      (bn2): BatchNorm2d(64, eps=1e-05, momentum=0.1, affine=True, track_running_stats=True)
      (shortcut): Sequential()
      (fc1): Conv2d(64, 4, kernel_size=(1, 1), stride=(1, 1))
      (fc2): Conv2d(4, 64, kernel_size=(1, 1), stride=(1, 1))
    )
  )
  (layer2): Sequential(
    (0): BasicBlock(
      (conv1): Conv2d(64, 64, kernel_size=(3, 3), stride=(1, 1), padding=(1, 1), bias=False)
      (bn1): BatchNorm2d(64, eps=1e-05, momentum=0.1, affine=True, track_running_stats=True)
      (conv2): Conv2d(64, 64, kernel_size=(3, 3), stride=(1, 1), padding=(1, 1), bias=False)
      (bn2): BatchNorm2d(64, eps=1e-05, momentum=0.1, affine=True, track_running_stats=True)
      (shortcut): Sequential()
      (fc1): Conv2d(64, 4, kernel_size=(1, 1), stride=(1, 1))
      (fc2): Conv2d(4, 64, kernel_size=(1, 1), stride=(1, 1))
    )
    (1): BasicBlock(
      (conv1): Conv2d(64, 64, kernel_size=(3, 3), stride=(1, 1), padding=(1, 1), bias=False)
      (bn1): BatchNorm2d(64, eps=1e-05, momentum=0.1, affine=True, track_running_stats=True)
      (conv2): Conv2d(64, 64, kernel_size=(3, 3), stride=(1, 1), padding=(1, 1), bias=False)
      (bn2): BatchNorm2d(64, eps=1e-05, momentum=0.1, affine=True, track_running_stats=True)
      (shortcut): Sequential()
      (fc1): Conv2d(64, 4, kernel_size=(1, 1), stride=(1, 1))
      (fc2): Conv2d(4, 64, kernel_size=(1, 1), stride=(1, 1))
    )
  )
  (layer3): Sequential(
    (0): BasicBlock(
      (conv1): Conv2d(64, 64, kernel_size=(3, 3), stride=(1, 1), padding=(1, 1), bias=False)
      (bn1): BatchNorm2d(64, eps=1e-05, momentum=0.1, affine=True, track_running_stats=True)
      (conv2): Conv2d(64, 64, kernel_size=(3, 3), stride=(1, 1), padding=(1, 1), bias=False)
      (bn2): BatchNorm2d(64, eps=1e-05, momentum=0.1, affine=True, track_running_stats=True)
      (shortcut): Sequential()
      (fc1): Conv2d(64, 4, kernel_size=(1, 1), stride=(1, 1))
      (fc2): Conv2d(4, 64, kernel_size=(1, 1), stride=(1, 1))
    )
    (1): BasicBlock(
      (conv1): Conv2d(64, 64, kernel_size=(3, 3), stride=(1, 1), padding=(1, 1), bias=False)
      (bn1): BatchNorm2d(64, eps=1e-05, momentum=0.1, affine=True, track_running_stats=True)
      (conv2): Conv2d(64, 64, kernel_size=(3, 3), stride=(1, 1), padding=(1, 1), bias=False)
      (bn2): BatchNorm2d(64, eps=1e-05, momentum=0.1, affine=True, track_running_stats=True)
      (shortcut): Sequential()
      (fc1): Conv2d(64, 4, kernel_size=(1, 1), stride=(1, 1))
      (fc2): Conv2d(4, 64, kernel_size=(1, 1), stride=(1, 1))
    )
  )
  (layer4): Sequential(
    (0): BasicBlock(
      (conv1): Conv2d(64, 64, kernel_size=(3, 3), stride=(1, 1), padding=(1, 1), bias=False)
      (bn1): BatchNorm2d(64, eps=1e-05, momentum=0.1, affine=True, track_running_stats=True)
      (conv2): Conv2d(64, 64, kernel_size=(3, 3), stride=(1, 1), padding=(1, 1), bias=False)
      (bn2): BatchNorm2d(64, eps=1e-05, momentum=0.1, affine=True, track_running_stats=True)
      (shortcut): Sequential()
      (fc1): Conv2d(64, 4, kernel_size=(1, 1), stride=(1, 1))
      (fc2): Conv2d(4, 64, kernel_size=(1, 1), stride=(1, 1))
    )
  )
  (cnn): CNNnet(
    (conv1): Sequential(
      (0): Conv2d(64, 32, kernel_size=(3, 3), stride=(1, 1), padding=(1, 1))
      (1): BatchNorm2d(32, eps=1e-05, momentum=0.1, affine=True, track_running_stats=True)
      (2): ReLU()
    )
    (conv2): Sequential(
      (0): Conv2d(32, 16, kernel_size=(3, 3), stride=(1, 1), padding=(1, 1))
      (1): BatchNorm2d(16, eps=1e-05, momentum=0.1, affine=True, track_running_stats=True)
      (2): ReLU()
    )
    (conv3): Sequential(
      (0): Conv2d(16, 1, kernel_size=(3, 3), stride=(1, 1), padding=(1, 1))
      (1): BatchNorm2d(1, eps=1e-05, momentum=0.1, affine=True, track_running_stats=True)
      (2): ReLU()
    )
  )
)
Epoch  0, trian_loss: 0.0076, trian_mae: 0.0917, trian_mse:0.0153, trian_r2: -50.0659, trian_cc: 0.0803
Epoch  0, val_loss: 0.0060, val_mae: 0.0873, val_mse: 0.0120, val_r2: -43.7506, val_cc: 0.1256
Epoch  1, trian_loss: 0.0094, trian_mae: 0.0865, trian_mse:0.0189, trian_r2: -743.5935, trian_cc: 0.0281
Epoch  1, val_loss: 0.0060, val_mae: 0.0886, val_mse: 0.0120, val_r2: -340.0827, val_cc: 0.0581
Epoch  2, trian_loss: 0.0060, trian_mae: 0.0878, trian_mse:0.0119, trian_r2: -211.3169, trian_cc: 0.1594
Epoch  2, val_loss: 0.0059, val_mae: 0.0866, val_mse: 0.0119, val_r2: -182.4257, val_cc: 0.1760
Epoch  3, trian_loss: 0.0059, trian_mae: 0.0875, trian_mse:0.0118, trian_r2: -162.8004, trian_cc: 0.1763
Epoch  3, val_loss: 0.0059, val_mae: 0.0866, val_mse: 0.0119, val_r2: -173.3273, val_cc: 0.1776
Epoch  4, trian_loss: 0.0059, trian_mae: 0.0874, trian_mse:0.0118, trian_r2: -137.7920, trian_cc: 0.1783
Epoch  4, val_loss: 0.0059, val_mae: 0.0866, val_mse: 0.0118, val_r2: -130.2838, val_cc: 0.1818
Epoch  5, trian_loss: 0.0059, trian_mae: 0.0874, trian_mse:0.0118, trian_r2: -116.3667, trian_cc: 0.1791
Epoch  5, val_loss: 0.0059, val_mae: 0.0866, val_mse: 0.0118, val_r2: -110.6633, val_cc: 0.1868
Epoch  6, trian_loss: 0.0059, trian_mae: 0.0873, trian_mse:0.0118, trian_r2: -88.0705, trian_cc: 0.1841
Epoch  6, val_loss: 0.0059, val_mae: 0.0864, val_mse: 0.0118, val_r2: -77.2424, val_cc: 0.1921
Epoch  7, trian_loss: 0.0059, trian_mae: 0.0871, trian_mse:0.0118, trian_r2: -74.5122, trian_cc: 0.1910
Epoch  7, val_loss: 0.0059, val_mae: 0.0863, val_mse: 0.0118, val_r2: -73.1274, val_cc: 0.1952
Epoch  8, trian_loss: 0.0059, trian_mae: 0.0870, trian_mse:0.0118, trian_r2: -69.8983, trian_cc: 0.1949
Epoch  8, val_loss: 0.0059, val_mae: 0.0858, val_mse: 0.0117, val_r2: -76.6799, val_cc: 0.2022
Epoch  9, trian_loss: 0.0059, trian_mae: 0.0869, trian_mse:0.0118, trian_r2: -81.9218, trian_cc: 0.1967
Epoch  9, val_loss: 0.0058, val_mae: 0.0855, val_mse: 0.0117, val_r2: -69.2252, val_cc: 0.2107
Epoch 10, trian_loss: 0.0059, trian_mae: 0.0867, trian_mse:0.0117, trian_r2: -75.6290, trian_cc: 0.2020
Epoch 10, val_loss: 0.0058, val_mae: 0.0855, val_mse: 0.0117, val_r2: -107.7430, val_cc: 0.2089
Epoch 11, trian_loss: 0.0058, trian_mae: 0.0865, trian_mse:0.0117, trian_r2: -71.1528, trian_cc: 0.2057
Epoch 11, val_loss: 0.0058, val_mae: 0.0855, val_mse: 0.0117, val_r2: -102.2426, val_cc: 0.2060
Epoch 12, trian_loss: 0.0058, trian_mae: 0.0863, trian_mse:0.0117, trian_r2: -70.4974, trian_cc: 0.2111
Epoch 12, val_loss: 0.0058, val_mae: 0.0855, val_mse: 0.0116, val_r2: -104.0834, val_cc: 0.2171
Epoch 13, trian_loss: 0.0058, trian_mae: 0.0861, trian_mse:0.0116, trian_r2: -60.1624, trian_cc: 0.2171
Epoch 13, val_loss: 0.0058, val_mae: 0.0853, val_mse: 0.0115, val_r2: -67.7202, val_cc: 0.2214
Epoch 14, trian_loss: 0.0058, trian_mae: 0.0860, trian_mse:0.0116, trian_r2: -59.0792, trian_cc: 0.2196
Epoch 14, val_loss: 0.0058, val_mae: 0.0850, val_mse: 0.0116, val_r2: -59.5886, val_cc: 0.2228
Epoch 15, trian_loss: 0.0058, trian_mae: 0.0858, trian_mse:0.0116, trian_r2: -56.4443, trian_cc: 0.2219
Epoch 15, val_loss: 0.0058, val_mae: 0.0860, val_mse: 0.0115, val_r2: -83.7914, val_cc: 0.2241
Epoch 16, trian_loss: 0.0058, trian_mae: 0.0858, trian_mse:0.0116, trian_r2: -56.0253, trian_cc: 0.2224
Epoch 16, val_loss: 0.0058, val_mae: 0.0852, val_mse: 0.0115, val_r2: -69.7348, val_cc: 0.2264
Epoch 17, trian_loss: 0.0058, trian_mae: 0.0856, trian_mse:0.0116, trian_r2: -57.0091, trian_cc: 0.2239
Epoch 17, val_loss: 0.0058, val_mae: 0.0852, val_mse: 0.0115, val_r2: -66.5598, val_cc: 0.2253
Epoch 18, trian_loss: 0.0058, trian_mae: 0.0855, trian_mse:0.0115, trian_r2: -50.6099, trian_cc: 0.2283
Epoch 18, val_loss: 0.0057, val_mae: 0.0849, val_mse: 0.0115, val_r2: -58.2942, val_cc: 0.2304
Epoch 19, trian_loss: 0.0058, trian_mae: 0.0854, trian_mse:0.0115, trian_r2: -47.9879, trian_cc: 0.2292
Epoch 19, val_loss: 0.0058, val_mae: 0.0847, val_mse: 0.0115, val_r2: -45.4058, val_cc: 0.2303
Epoch 20, trian_loss: 0.0057, trian_mae: 0.0853, trian_mse:0.0115, trian_r2: -43.2472, trian_cc: 0.2294
Epoch 20, val_loss: 0.0057, val_mae: 0.0850, val_mse: 0.0115, val_r2: -47.6267, val_cc: 0.2280
Epoch 21, trian_loss: 0.0058, trian_mae: 0.0855, trian_mse:0.0115, trian_r2: -46.8670, trian_cc: 0.2294
Epoch 21, val_loss: 0.0057, val_mae: 0.0854, val_mse: 0.0115, val_r2: -54.6067, val_cc: 0.2298
Epoch 22, trian_loss: 0.0057, trian_mae: 0.0853, trian_mse:0.0115, trian_r2: -45.0960, trian_cc: 0.2317
Epoch 22, val_loss: 0.0057, val_mae: 0.0850, val_mse: 0.0115, val_r2: -47.8405, val_cc: 0.2308
Epoch 23, trian_loss: 0.0057, trian_mae: 0.0853, trian_mse:0.0115, trian_r2: -42.9061, trian_cc: 0.2321
Epoch 23, val_loss: 0.0057, val_mae: 0.0851, val_mse: 0.0115, val_r2: -48.1049, val_cc: 0.2324
Epoch 24, trian_loss: 0.0057, trian_mae: 0.0853, trian_mse:0.0115, trian_r2: -45.5810, trian_cc: 0.2323
Epoch 24, val_loss: 0.0057, val_mae: 0.0851, val_mse: 0.0115, val_r2: -56.6227, val_cc: 0.2310
Epoch 25, trian_loss: 0.0057, trian_mae: 0.0852, trian_mse:0.0114, trian_r2: -41.0357, trian_cc: 0.2331
Epoch 25, val_loss: 0.0058, val_mae: 0.0849, val_mse: 0.0116, val_r2: -50.8275, val_cc: 0.2268
Epoch 26, trian_loss: 0.0057, trian_mae: 0.0851, trian_mse:0.0115, trian_r2: -45.2989, trian_cc: 0.2343
Epoch 26, val_loss: 0.0057, val_mae: 0.0848, val_mse: 0.0115, val_r2: -38.1404, val_cc: 0.2311
Epoch 27, trian_loss: 0.0057, trian_mae: 0.0851, trian_mse:0.0114, trian_r2: -41.4389, trian_cc: 0.2344
Epoch 27, val_loss: 0.0058, val_mae: 0.0848, val_mse: 0.0115, val_r2: -44.5323, val_cc: 0.2283
Epoch 28, trian_loss: 0.0057, trian_mae: 0.0851, trian_mse:0.0115, trian_r2: -46.3632, trian_cc: 0.2339
Epoch 28, val_loss: 0.0057, val_mae: 0.0846, val_mse: 0.0115, val_r2: -36.3386, val_cc: 0.2339
Epoch 29, trian_loss: 0.0057, trian_mae: 0.0852, trian_mse:0.0115, trian_r2: -41.3203, trian_cc: 0.2344
Epoch 29, val_loss: 0.0057, val_mae: 0.0845, val_mse: 0.0115, val_r2: -41.1585, val_cc: 0.2351
Epoch 30, trian_loss: 0.0057, trian_mae: 0.0849, trian_mse:0.0114, trian_r2: -40.9839, trian_cc: 0.2358
Epoch 30, val_loss: 0.0058, val_mae: 0.0849, val_mse: 0.0116, val_r2: -42.5076, val_cc: 0.2237
Epoch 31, trian_loss: 0.0057, trian_mae: 0.0851, trian_mse:0.0114, trian_r2: -41.0692, trian_cc: 0.2354
Epoch 31, val_loss: 0.0057, val_mae: 0.0847, val_mse: 0.0114, val_r2: -43.1953, val_cc: 0.2329
Epoch 32, trian_loss: 0.0057, trian_mae: 0.0852, trian_mse:0.0114, trian_r2: -44.7104, trian_cc: 0.2361
Epoch 32, val_loss: 0.0057, val_mae: 0.0847, val_mse: 0.0113, val_r2: -47.7684, val_cc: 0.2411
Epoch 33, trian_loss: 0.0057, trian_mae: 0.0849, trian_mse:0.0114, trian_r2: -47.3434, trian_cc: 0.2410
Epoch 33, val_loss: 0.0057, val_mae: 0.0843, val_mse: 0.0113, val_r2: -51.3063, val_cc: 0.2616
Epoch 34, trian_loss: 0.0057, trian_mae: 0.0848, trian_mse:0.0114, trian_r2: -49.0379, trian_cc: 0.2439
Epoch 34, val_loss: 0.0057, val_mae: 0.0837, val_mse: 0.0114, val_r2: -27.8653, val_cc: 0.2541
Epoch 35, trian_loss: 0.0057, trian_mae: 0.0846, trian_mse:0.0114, trian_r2: -44.9165, trian_cc: 0.2545
Epoch 35, val_loss: 0.0057, val_mae: 0.0843, val_mse: 0.0114, val_r2: -35.6729, val_cc: 0.2510
Epoch 36, trian_loss: 0.0056, trian_mae: 0.0836, trian_mse:0.0112, trian_r2: -29.3133, trian_cc: 0.2811
Epoch 36, val_loss: 0.0056, val_mae: 0.0836, val_mse: 0.0111, val_r2: -26.4526, val_cc: 0.2842
Epoch 37, trian_loss: 0.0056, trian_mae: 0.0832, trian_mse:0.0111, trian_r2: -26.6316, trian_cc: 0.2965
Epoch 37, val_loss: 0.0055, val_mae: 0.0828, val_mse: 0.0110, val_r2: -16.5068, val_cc: 0.3047
Epoch 38, trian_loss: 0.0055, trian_mae: 0.0828, trian_mse:0.0110, trian_r2: -17.3792, trian_cc: 0.3088
Epoch 38, val_loss: 0.0055, val_mae: 0.0828, val_mse: 0.0110, val_r2: -17.1566, val_cc: 0.3110
Epoch 39, trian_loss: 0.0055, trian_mae: 0.0830, trian_mse:0.0110, trian_r2: -16.8009, trian_cc: 0.3090
Epoch 39, val_loss: 0.0055, val_mae: 0.0832, val_mse: 0.0110, val_r2: -21.0835, val_cc: 0.3067
Epoch 40, trian_loss: 0.0055, trian_mae: 0.0825, trian_mse:0.0109, trian_r2: -14.9201, trian_cc: 0.3182
Epoch 40, val_loss: 0.0055, val_mae: 0.0833, val_mse: 0.0110, val_r2: -26.6657, val_cc: 0.3070
Epoch 41, trian_loss: 0.0055, trian_mae: 0.0829, trian_mse:0.0110, trian_r2: -20.5097, trian_cc: 0.3109
Epoch 41, val_loss: 0.0055, val_mae: 0.0832, val_mse: 0.0109, val_r2: -23.2621, val_cc: 0.3152
Epoch 42, trian_loss: 0.0055, trian_mae: 0.0828, trian_mse:0.0110, trian_r2: -20.3290, trian_cc: 0.3165
Epoch 42, val_loss: 0.0055, val_mae: 0.0828, val_mse: 0.0109, val_r2: -20.1076, val_cc: 0.3209
Epoch 43, trian_loss: 0.0055, trian_mae: 0.0827, trian_mse:0.0109, trian_r2: -16.1463, trian_cc: 0.3147
Epoch 43, val_loss: 0.0054, val_mae: 0.0835, val_mse: 0.0109, val_r2: -19.3397, val_cc: 0.3129
Epoch 44, trian_loss: 0.0055, trian_mae: 0.0825, trian_mse:0.0109, trian_r2: -14.0722, trian_cc: 0.3250
Epoch 44, val_loss: 0.0054, val_mae: 0.0824, val_mse: 0.0108, val_r2: -15.9965, val_cc: 0.3306
Epoch 45, trian_loss: 0.0054, trian_mae: 0.0824, trian_mse:0.0109, trian_r2: -14.6373, trian_cc: 0.3288
Epoch 45, val_loss: 0.0055, val_mae: 0.0831, val_mse: 0.0110, val_r2: -21.5098, val_cc: 0.3059
Epoch 46, trian_loss: 0.0055, trian_mae: 0.0824, trian_mse:0.0109, trian_r2: -14.6461, trian_cc: 0.3241
Epoch 46, val_loss: 0.0054, val_mae: 0.0828, val_mse: 0.0109, val_r2: -17.3670, val_cc: 0.3274
Epoch 47, trian_loss: 0.0054, trian_mae: 0.0820, trian_mse:0.0108, trian_r2: -11.1988, trian_cc: 0.3369
Epoch 47, val_loss: 0.0054, val_mae: 0.0826, val_mse: 0.0108, val_r2: -15.7694, val_cc: 0.3303
Epoch 48, trian_loss: 0.0054, trian_mae: 0.0819, trian_mse:0.0107, trian_r2: -11.2163, trian_cc: 0.3400
Epoch 48, val_loss: 0.0054, val_mae: 0.0825, val_mse: 0.0109, val_r2: -18.8326, val_cc: 0.3280
Epoch 49, trian_loss: 0.0054, trian_mae: 0.0819, trian_mse:0.0108, trian_r2: -11.7551, trian_cc: 0.3380
Epoch 49, val_loss: 0.0054, val_mae: 0.0820, val_mse: 0.0108, val_r2: -14.1623, val_cc: 0.3360
Epoch 50, trian_loss: 0.0054, trian_mae: 0.0818, trian_mse:0.0107, trian_r2: -10.9356, trian_cc: 0.3417
Epoch 50, val_loss: 0.0054, val_mae: 0.0824, val_mse: 0.0109, val_r2: -16.2660, val_cc: 0.3312
Epoch 51, trian_loss: 0.0054, trian_mae: 0.0824, trian_mse:0.0109, trian_r2: -16.3248, trian_cc: 0.3252
Epoch 51, val_loss: 0.0054, val_mae: 0.0825, val_mse: 0.0108, val_r2: -15.5181, val_cc: 0.3332
Epoch 52, trian_loss: 0.0054, trian_mae: 0.0817, trian_mse:0.0107, trian_r2: -11.9601, trian_cc: 0.3413
Epoch 52, val_loss: 0.0054, val_mae: 0.0831, val_mse: 0.0109, val_r2: -31.9859, val_cc: 0.3124
Epoch 53, trian_loss: 0.0054, trian_mae: 0.0819, trian_mse:0.0108, trian_r2: -16.1319, trian_cc: 0.3346
Epoch 53, val_loss: 0.0054, val_mae: 0.0818, val_mse: 0.0108, val_r2: -13.8508, val_cc: 0.3405
Epoch 54, trian_loss: 0.0053, trian_mae: 0.0813, trian_mse:0.0106, trian_r2: -9.7585, trian_cc: 0.3525
Epoch 54, val_loss: 0.0054, val_mae: 0.0823, val_mse: 0.0108, val_r2: -16.7407, val_cc: 0.3368
Epoch 55, trian_loss: 0.0053, trian_mae: 0.0812, trian_mse:0.0106, trian_r2: -10.5402, trian_cc: 0.3505
Epoch 55, val_loss: 0.0054, val_mae: 0.0820, val_mse: 0.0107, val_r2: -13.7066, val_cc: 0.3390
Epoch 56, trian_loss: 0.0053, trian_mae: 0.0810, trian_mse:0.0105, trian_r2: -9.4318, trian_cc: 0.3549
Epoch 56, val_loss: 0.0054, val_mae: 0.0818, val_mse: 0.0107, val_r2: -11.7902, val_cc: 0.3389
Epoch 57, trian_loss: 0.0052, trian_mae: 0.0807, trian_mse:0.0105, trian_r2: -9.0411, trian_cc: 0.3609
Epoch 57, val_loss: 0.0053, val_mae: 0.0817, val_mse: 0.0107, val_r2: -14.1094, val_cc: 0.3449
Epoch 58, trian_loss: 0.0052, trian_mae: 0.0807, trian_mse:0.0105, trian_r2: -9.4291, trian_cc: 0.3610
Epoch 58, val_loss: 0.0053, val_mae: 0.0815, val_mse: 0.0107, val_r2: -14.0542, val_cc: 0.3480
Epoch 59, trian_loss: 0.0053, trian_mae: 0.0814, trian_mse:0.0106, trian_r2: -17.9723, trian_cc: 0.3422
Epoch 59, val_loss: 0.0054, val_mae: 0.0817, val_mse: 0.0109, val_r2: -17.2450, val_cc: 0.3392
Epoch 60, trian_loss: 0.0052, trian_mae: 0.0802, trian_mse:0.0104, trian_r2: -8.8557, trian_cc: 0.3663
Epoch 60, val_loss: 0.0054, val_mae: 0.0816, val_mse: 0.0107, val_r2: -17.3835, val_cc: 0.3477
Epoch 61, trian_loss: 0.0052, trian_mae: 0.0803, trian_mse:0.0104, trian_r2: -8.7509, trian_cc: 0.3681
Epoch 61, val_loss: 0.0053, val_mae: 0.0813, val_mse: 0.0106, val_r2: -12.6279, val_cc: 0.3542
Epoch 62, trian_loss: 0.0052, trian_mae: 0.0803, trian_mse:0.0104, trian_r2: -11.6731, trian_cc: 0.3659
Epoch 62, val_loss: 0.0053, val_mae: 0.0813, val_mse: 0.0106, val_r2: -14.9121, val_cc: 0.3533
Epoch 63, trian_loss: 0.0051, trian_mae: 0.0799, trian_mse:0.0103, trian_r2: -8.4050, trian_cc: 0.3742
Epoch 63, val_loss: 0.0053, val_mae: 0.0813, val_mse: 0.0107, val_r2: -13.5679, val_cc: 0.3537
Epoch 64, trian_loss: 0.0051, trian_mae: 0.0799, trian_mse:0.0103, trian_r2: -8.3793, trian_cc: 0.3749
Epoch 64, val_loss: 0.0053, val_mae: 0.0815, val_mse: 0.0107, val_r2: -16.2646, val_cc: 0.3559
Epoch 65, trian_loss: 0.0051, trian_mae: 0.0798, trian_mse:0.0102, trian_r2: -8.8851, trian_cc: 0.3746
Epoch 65, val_loss: 0.0053, val_mae: 0.0811, val_mse: 0.0106, val_r2: -11.4436, val_cc: 0.3562
Epoch 66, trian_loss: 0.0051, trian_mae: 0.0796, trian_mse:0.0102, trian_r2: -8.2192, trian_cc: 0.3761
Epoch 66, val_loss: 0.0054, val_mae: 0.0814, val_mse: 0.0107, val_r2: -15.9890, val_cc: 0.3491
Epoch 67, trian_loss: 0.0051, trian_mae: 0.0794, trian_mse:0.0101, trian_r2: -8.1475, trian_cc: 0.3786
Epoch 67, val_loss: 0.0053, val_mae: 0.0812, val_mse: 0.0106, val_r2: -15.2626, val_cc: 0.3606
Epoch 68, trian_loss: 0.0052, trian_mae: 0.0802, trian_mse:0.0103, trian_r2: -14.3658, trian_cc: 0.3597
Epoch 68, val_loss: 0.0053, val_mae: 0.0812, val_mse: 0.0107, val_r2: -13.6597, val_cc: 0.3592
Epoch 69, trian_loss: 0.0050, trian_mae: 0.0792, trian_mse:0.0101, trian_r2: -7.6996, trian_cc: 0.3816
Epoch 69, val_loss: 0.0054, val_mae: 0.0814, val_mse: 0.0107, val_r2: -12.7157, val_cc: 0.3565
Epoch 70, trian_loss: 0.0051, trian_mae: 0.0797, trian_mse:0.0102, trian_r2: -10.4882, trian_cc: 0.3725
Epoch 70, val_loss: 0.0053, val_mae: 0.0815, val_mse: 0.0107, val_r2: -17.9074, val_cc: 0.3547
Epoch 71, trian_loss: 0.0050, trian_mae: 0.0791, trian_mse:0.0100, trian_r2: -13.4319, trian_cc: 0.3791
Epoch 71, val_loss: 0.0053, val_mae: 0.0812, val_mse: 0.0106, val_r2: -14.9578, val_cc: 0.3568
Epoch 72, trian_loss: 0.0050, trian_mae: 0.0788, trian_mse:0.0100, trian_r2: -7.5826, trian_cc: 0.3860
Epoch 72, val_loss: 0.0053, val_mae: 0.0810, val_mse: 0.0106, val_r2: -12.3436, val_cc: 0.3643
Epoch 73, trian_loss: 0.0050, trian_mae: 0.0787, trian_mse:0.0099, trian_r2: -7.3201, trian_cc: 0.3874
Epoch 73, val_loss: 0.0053, val_mae: 0.0815, val_mse: 0.0107, val_r2: -18.8579, val_cc: 0.3595
Epoch 74, trian_loss: 0.0050, trian_mae: 0.0788, trian_mse:0.0100, trian_r2: -7.9827, trian_cc: 0.3862
Epoch 74, val_loss: 0.0053, val_mae: 0.0807, val_mse: 0.0106, val_r2: -12.3639, val_cc: 0.3628
Epoch 75, trian_loss: 0.0050, trian_mae: 0.0792, trian_mse:0.0100, trian_r2: -9.9961, trian_cc: 0.3752
Epoch 75, val_loss: 0.0054, val_mae: 0.0817, val_mse: 0.0108, val_r2: -19.9011, val_cc: 0.3480
Epoch 76, trian_loss: 0.0050, trian_mae: 0.0788, trian_mse:0.0100, trian_r2: -8.0788, trian_cc: 0.3828
Epoch 76, val_loss: 0.0053, val_mae: 0.0813, val_mse: 0.0106, val_r2: -14.8532, val_cc: 0.3533
Epoch 77, trian_loss: 0.0050, trian_mae: 0.0787, trian_mse:0.0100, trian_r2: -7.4615, trian_cc: 0.3868
Epoch 77, val_loss: 0.0053, val_mae: 0.0808, val_mse: 0.0106, val_r2: -10.5598, val_cc: 0.3606
Epoch 78, trian_loss: 0.0049, trian_mae: 0.0783, trian_mse:0.0098, trian_r2: -7.0034, trian_cc: 0.3912
Epoch 78, val_loss: 0.0053, val_mae: 0.0811, val_mse: 0.0106, val_r2: -15.5272, val_cc: 0.3566
Epoch 79, trian_loss: 0.0049, trian_mae: 0.0782, trian_mse:0.0099, trian_r2: -7.1784, trian_cc: 0.3936
Epoch 79, val_loss: 0.0053, val_mae: 0.0810, val_mse: 0.0109, val_r2: -11.1849, val_cc: 0.3524
Epoch 80, trian_loss: 0.0049, trian_mae: 0.0782, trian_mse:0.0098, trian_r2: -7.2589, trian_cc: 0.3926
Epoch 80, val_loss: 0.0053, val_mae: 0.0821, val_mse: 0.0106, val_r2: -20.7630, val_cc: 0.3549
Epoch 81, trian_loss: 0.0049, trian_mae: 0.0783, trian_mse:0.0098, trian_r2: -6.8481, trian_cc: 0.3935
Epoch 81, val_loss: 0.0054, val_mae: 0.0815, val_mse: 0.0107, val_r2: -24.4990, val_cc: 0.3470
Epoch 82, trian_loss: 0.0049, trian_mae: 0.0783, trian_mse:0.0098, trian_r2: -8.4536, trian_cc: 0.3897
Epoch 82, val_loss: 0.0053, val_mae: 0.0811, val_mse: 0.0107, val_r2: -16.9981, val_cc: 0.3643
Epoch 83, trian_loss: 0.0049, trian_mae: 0.0777, trian_mse:0.0097, trian_r2: -6.6974, trian_cc: 0.3981
Epoch 83, val_loss: 0.0053, val_mae: 0.0810, val_mse: 0.0107, val_r2: -16.0697, val_cc: 0.3621
Epoch 84, trian_loss: 0.0049, trian_mae: 0.0779, trian_mse:0.0097, trian_r2: -6.9633, trian_cc: 0.3976
Epoch 84, val_loss: 0.0053, val_mae: 0.0811, val_mse: 0.0107, val_r2: -18.3602, val_cc: 0.3620
Epoch 85, trian_loss: 0.0048, trian_mae: 0.0779, trian_mse:0.0097, trian_r2: -7.1878, trian_cc: 0.3967
Epoch 85, val_loss: 0.0053, val_mae: 0.0807, val_mse: 0.0106, val_r2: -11.9961, val_cc: 0.3592
Epoch 86, trian_loss: 0.0049, trian_mae: 0.0778, trian_mse:0.0097, trian_r2: -6.8313, trian_cc: 0.3982
Epoch 86, val_loss: 0.0053, val_mae: 0.0807, val_mse: 0.0106, val_r2: -12.7876, val_cc: 0.3654
Epoch 87, trian_loss: 0.0048, trian_mae: 0.0778, trian_mse:0.0097, trian_r2: -6.5248, trian_cc: 0.3984
Epoch 87, val_loss: 0.0056, val_mae: 0.0809, val_mse: 0.0111, val_r2: -20.6944, val_cc: 0.3545
Epoch 88, trian_loss: 0.0048, trian_mae: 0.0778, trian_mse:0.0097, trian_r2: -7.2100, trian_cc: 0.3974
Epoch 88, val_loss: 0.0054, val_mae: 0.0810, val_mse: 0.0108, val_r2: -13.8024, val_cc: 0.3617
Epoch 89, trian_loss: 0.0048, trian_mae: 0.0777, trian_mse:0.0097, trian_r2: -6.6982, trian_cc: 0.4004
Epoch 89, val_loss: 0.0054, val_mae: 0.0808, val_mse: 0.0107, val_r2: -11.7703, val_cc: 0.3640
Epoch 90, trian_loss: 0.0048, trian_mae: 0.0773, trian_mse:0.0096, trian_r2: -6.3837, trian_cc: 0.4030
Epoch 90, val_loss: 0.0054, val_mae: 0.0806, val_mse: 0.0108, val_r2: -12.9823, val_cc: 0.3697
Epoch 91, trian_loss: 0.0048, trian_mae: 0.0772, trian_mse:0.0095, trian_r2: -6.4372, trian_cc: 0.4062
Epoch 91, val_loss: 0.0053, val_mae: 0.0804, val_mse: 0.0107, val_r2: -13.0206, val_cc: 0.3698
Epoch 92, trian_loss: 0.0048, trian_mae: 0.0772, trian_mse:0.0096, trian_r2: -7.0098, trian_cc: 0.4047
Epoch 92, val_loss: 0.0055, val_mae: 0.0806, val_mse: 0.0111, val_r2: -13.8827, val_cc: 0.3720
Epoch 93, trian_loss: 0.0048, trian_mae: 0.0772, trian_mse:0.0095, trian_r2: -8.4866, trian_cc: 0.4038
Epoch 93, val_loss: 0.0055, val_mae: 0.0812, val_mse: 0.0110, val_r2: -11.9935, val_cc: 0.3699
Epoch 94, trian_loss: 0.0048, trian_mae: 0.0770, trian_mse:0.0095, trian_r2: -6.6870, trian_cc: 0.4086
Epoch 94, val_loss: 0.0054, val_mae: 0.0807, val_mse: 0.0109, val_r2: -9.9227, val_cc: 0.3732
Epoch 95, trian_loss: 0.0047, trian_mae: 0.0769, trian_mse:0.0095, trian_r2: -6.7408, trian_cc: 0.4064
Epoch 95, val_loss: 0.0054, val_mae: 0.0808, val_mse: 0.0109, val_r2: -11.8601, val_cc: 0.3701
Epoch 96, trian_loss: 0.0047, trian_mae: 0.0769, trian_mse:0.0095, trian_r2: -6.1376, trian_cc: 0.4081
Epoch 96, val_loss: 0.0054, val_mae: 0.0806, val_mse: 0.0109, val_r2: -10.1696, val_cc: 0.3743
Epoch 97, trian_loss: 0.0047, trian_mae: 0.0767, trian_mse:0.0094, trian_r2: -6.0743, trian_cc: 0.4111
Epoch 97, val_loss: 0.0055, val_mae: 0.0809, val_mse: 0.0111, val_r2: -15.4555, val_cc: 0.3626
Epoch 98, trian_loss: 0.0047, trian_mae: 0.0767, trian_mse:0.0094, trian_r2: -6.4043, trian_cc: 0.4113
Epoch 98, val_loss: 0.0054, val_mae: 0.0803, val_mse: 0.0109, val_r2: -11.2062, val_cc: 0.3769
Epoch 99, trian_loss: 0.0048, trian_mae: 0.0769, trian_mse:0.0095, trian_r2: -6.1950, trian_cc: 0.4099
Epoch 99, val_loss: 0.0054, val_mae: 0.0808, val_mse: 0.0109, val_r2: -11.2918, val_cc: 0.3656
