Trian Data: 532   Validation Data: 177  Test Data: 178
[1, 1]
[1]
[1]
[1]
model SENet(
  (conv1): Conv2d(61, 64, kernel_size=(3, 3), stride=(1, 1), padding=(1, 1), bias=False)
  (bn1): BatchNorm2d(64, eps=1e-05, momentum=0.1, affine=True, track_running_stats=True)
  (layer1): Sequential(
    (0): BasicBlock(
      (conv1): Conv2d(64, 64, kernel_size=(3, 3), stride=(1, 1), padding=(1, 1), bias=False)
      (bn1): BatchNorm2d(64, eps=1e-05, momentum=0.1, affine=True, track_running_stats=True)
      (conv2): Conv2d(64, 64, kernel_size=(3, 3), stride=(1, 1), padding=(1, 1), bias=False)
      (bn2): BatchNorm2d(64, eps=1e-05, momentum=0.1, affine=True, track_running_stats=True)
      (shortcut): Sequential()
      (fc1): Conv2d(64, 4, kernel_size=(1, 1), stride=(1, 1))
      (fc2): Conv2d(4, 64, kernel_size=(1, 1), stride=(1, 1))
    )
    (1): BasicBlock(
      (conv1): Conv2d(64, 64, kernel_size=(3, 3), stride=(1, 1), padding=(1, 1), bias=False)
      (bn1): BatchNorm2d(64, eps=1e-05, momentum=0.1, affine=True, track_running_stats=True)
      (conv2): Conv2d(64, 64, kernel_size=(3, 3), stride=(1, 1), padding=(1, 1), bias=False)
      (bn2): BatchNorm2d(64, eps=1e-05, momentum=0.1, affine=True, track_running_stats=True)
      (shortcut): Sequential()
      (fc1): Conv2d(64, 4, kernel_size=(1, 1), stride=(1, 1))
      (fc2): Conv2d(4, 64, kernel_size=(1, 1), stride=(1, 1))
    )
  )
  (layer2): Sequential(
    (0): BasicBlock(
      (conv1): Conv2d(64, 64, kernel_size=(3, 3), stride=(1, 1), padding=(1, 1), bias=False)
      (bn1): BatchNorm2d(64, eps=1e-05, momentum=0.1, affine=True, track_running_stats=True)
      (conv2): Conv2d(64, 64, kernel_size=(3, 3), stride=(1, 1), padding=(1, 1), bias=False)
      (bn2): BatchNorm2d(64, eps=1e-05, momentum=0.1, affine=True, track_running_stats=True)
      (shortcut): Sequential()
      (fc1): Conv2d(64, 4, kernel_size=(1, 1), stride=(1, 1))
      (fc2): Conv2d(4, 64, kernel_size=(1, 1), stride=(1, 1))
    )
  )
  (layer3): Sequential(
    (0): BasicBlock(
      (conv1): Conv2d(64, 64, kernel_size=(3, 3), stride=(1, 1), padding=(1, 1), bias=False)
      (bn1): BatchNorm2d(64, eps=1e-05, momentum=0.1, affine=True, track_running_stats=True)
      (conv2): Conv2d(64, 64, kernel_size=(3, 3), stride=(1, 1), padding=(1, 1), bias=False)
      (bn2): BatchNorm2d(64, eps=1e-05, momentum=0.1, affine=True, track_running_stats=True)
      (shortcut): Sequential()
      (fc1): Conv2d(64, 4, kernel_size=(1, 1), stride=(1, 1))
      (fc2): Conv2d(4, 64, kernel_size=(1, 1), stride=(1, 1))
    )
  )
  (layer4): Sequential(
    (0): BasicBlock(
      (conv1): Conv2d(64, 64, kernel_size=(3, 3), stride=(1, 1), padding=(1, 1), bias=False)
      (bn1): BatchNorm2d(64, eps=1e-05, momentum=0.1, affine=True, track_running_stats=True)
      (conv2): Conv2d(64, 64, kernel_size=(3, 3), stride=(1, 1), padding=(1, 1), bias=False)
      (bn2): BatchNorm2d(64, eps=1e-05, momentum=0.1, affine=True, track_running_stats=True)
      (shortcut): Sequential()
      (fc1): Conv2d(64, 4, kernel_size=(1, 1), stride=(1, 1))
      (fc2): Conv2d(4, 64, kernel_size=(1, 1), stride=(1, 1))
    )
  )
  (cnn): CNNnet(
    (conv1): Sequential(
      (0): Conv2d(64, 32, kernel_size=(3, 3), stride=(1, 1), padding=(1, 1))
      (1): BatchNorm2d(32, eps=1e-05, momentum=0.1, affine=True, track_running_stats=True)
      (2): ReLU()
    )
    (conv2): Sequential(
      (0): Conv2d(32, 16, kernel_size=(3, 3), stride=(1, 1), padding=(1, 1))
      (1): BatchNorm2d(16, eps=1e-05, momentum=0.1, affine=True, track_running_stats=True)
      (2): ReLU()
    )
    (conv3): Sequential(
      (0): Conv2d(16, 1, kernel_size=(3, 3), stride=(1, 1), padding=(1, 1))
      (1): BatchNorm2d(1, eps=1e-05, momentum=0.1, affine=True, track_running_stats=True)
      (2): ReLU()
    )
  )
)
Epoch  0, trian_loss: 0.0078, trian_mae: 0.0936, trian_mse:0.0158, trian_r2: -40.6867, trian_cc: 0.0676
Epoch  0, val_loss: 0.0061, val_mae: 0.0871, val_mse: 0.0122, val_r2: -51.9645, val_cc: 0.1241
Epoch  1, trian_loss: 0.0060, trian_mae: 0.0875, trian_mse:0.0120, trian_r2: -125.0648, trian_cc: 0.1321
Epoch  1, val_loss: 0.0059, val_mae: 0.0869, val_mse: 0.0118, val_r2: -191.7070, val_cc: 0.1741
Epoch  2, trian_loss: 0.0059, trian_mae: 0.0874, trian_mse:0.0118, trian_r2: -166.1214, trian_cc: 0.1693
Epoch  2, val_loss: 0.0059, val_mae: 0.0871, val_mse: 0.0118, val_r2: -196.6265, val_cc: 0.1773
Epoch  3, trian_loss: 0.0059, trian_mae: 0.0874, trian_mse:0.0118, trian_r2: -168.8588, trian_cc: 0.1698
Epoch  3, val_loss: 0.0059, val_mae: 0.0873, val_mse: 0.0118, val_r2: -201.2323, val_cc: 0.1753
Epoch  4, trian_loss: 0.0059, trian_mae: 0.0873, trian_mse:0.0118, trian_r2: -152.8359, trian_cc: 0.1759
Epoch  4, val_loss: 0.0059, val_mae: 0.0871, val_mse: 0.0118, val_r2: -203.3821, val_cc: 0.1741
Epoch  5, trian_loss: 0.0059, trian_mae: 0.0874, trian_mse:0.0118, trian_r2: -145.0018, trian_cc: 0.1754
Epoch  5, val_loss: 0.0059, val_mae: 0.0869, val_mse: 0.0118, val_r2: -166.9053, val_cc: 0.1777
Epoch  6, trian_loss: 0.0059, trian_mae: 0.0873, trian_mse:0.0118, trian_r2: -125.4935, trian_cc: 0.1805
Epoch  6, val_loss: 0.0059, val_mae: 0.0870, val_mse: 0.0118, val_r2: -140.4254, val_cc: 0.1832
Epoch  7, trian_loss: 0.0059, trian_mae: 0.0871, trian_mse:0.0118, trian_r2: -95.9535, trian_cc: 0.1873
Epoch  7, val_loss: 0.0059, val_mae: 0.0869, val_mse: 0.0118, val_r2: -146.3929, val_cc: 0.1930
Epoch  8, trian_loss: 0.0059, trian_mae: 0.0869, trian_mse:0.0118, trian_r2: -85.9521, trian_cc: 0.1932
Epoch  8, val_loss: 0.0059, val_mae: 0.0868, val_mse: 0.0118, val_r2: -167.1675, val_cc: 0.1962
Epoch  9, trian_loss: 0.0059, trian_mae: 0.0868, trian_mse:0.0117, trian_r2: -76.2387, trian_cc: 0.1959
Epoch  9, val_loss: 0.0059, val_mae: 0.0866, val_mse: 0.0117, val_r2: -106.1172, val_cc: 0.2016
Epoch 10, trian_loss: 0.0059, trian_mae: 0.0866, trian_mse:0.0117, trian_r2: -66.9747, trian_cc: 0.2021
Epoch 10, val_loss: 0.0058, val_mae: 0.0864, val_mse: 0.0117, val_r2: -92.3145, val_cc: 0.2041
Epoch 11, trian_loss: 0.0058, trian_mae: 0.0865, trian_mse:0.0117, trian_r2: -67.2913, trian_cc: 0.2048
Epoch 11, val_loss: 0.0058, val_mae: 0.0860, val_mse: 0.0116, val_r2: -58.6298, val_cc: 0.2106
Epoch 12, trian_loss: 0.0058, trian_mae: 0.0862, trian_mse:0.0117, trian_r2: -58.9451, trian_cc: 0.2093
Epoch 12, val_loss: 0.0058, val_mae: 0.0858, val_mse: 0.0116, val_r2: -51.6674, val_cc: 0.2150
Epoch 13, trian_loss: 0.0058, trian_mae: 0.0860, trian_mse:0.0116, trian_r2: -57.9692, trian_cc: 0.2127
Epoch 13, val_loss: 0.0058, val_mae: 0.0857, val_mse: 0.0116, val_r2: -61.1956, val_cc: 0.2179
Epoch 14, trian_loss: 0.0058, trian_mae: 0.0861, trian_mse:0.0116, trian_r2: -66.9034, trian_cc: 0.2136
Epoch 14, val_loss: 0.0058, val_mae: 0.0857, val_mse: 0.0116, val_r2: -52.5346, val_cc: 0.2157
Epoch 15, trian_loss: 0.0058, trian_mae: 0.0857, trian_mse:0.0116, trian_r2: -53.8879, trian_cc: 0.2197
Epoch 15, val_loss: 0.0057, val_mae: 0.0855, val_mse: 0.0115, val_r2: -48.9363, val_cc: 0.2234
Epoch 16, trian_loss: 0.0058, trian_mae: 0.0857, trian_mse:0.0116, trian_r2: -52.0749, trian_cc: 0.2218
Epoch 16, val_loss: 0.0058, val_mae: 0.0849, val_mse: 0.0115, val_r2: -44.7943, val_cc: 0.2226
Epoch 17, trian_loss: 0.0058, trian_mae: 0.0857, trian_mse:0.0116, trian_r2: -49.8366, trian_cc: 0.2234
Epoch 17, val_loss: 0.0058, val_mae: 0.0854, val_mse: 0.0115, val_r2: -42.8772, val_cc: 0.2224
Epoch 18, trian_loss: 0.0058, trian_mae: 0.0856, trian_mse:0.0115, trian_r2: -47.3768, trian_cc: 0.2254
Epoch 18, val_loss: 0.0058, val_mae: 0.0850, val_mse: 0.0115, val_r2: -39.8722, val_cc: 0.2250
Epoch 19, trian_loss: 0.0058, trian_mae: 0.0856, trian_mse:0.0115, trian_r2: -48.3895, trian_cc: 0.2241
Epoch 19, val_loss: 0.0057, val_mae: 0.0855, val_mse: 0.0115, val_r2: -46.4714, val_cc: 0.2252
Epoch 20, trian_loss: 0.0058, trian_mae: 0.0857, trian_mse:0.0115, trian_r2: -49.2128, trian_cc: 0.2250
Epoch 20, val_loss: 0.0057, val_mae: 0.0853, val_mse: 0.0115, val_r2: -44.6642, val_cc: 0.2264
Epoch 21, trian_loss: 0.0058, trian_mae: 0.0857, trian_mse:0.0115, trian_r2: -52.8845, trian_cc: 0.2249
Epoch 21, val_loss: 0.0058, val_mae: 0.0846, val_mse: 0.0116, val_r2: -45.3490, val_cc: 0.2240
Epoch 22, trian_loss: 0.0058, trian_mae: 0.0855, trian_mse:0.0115, trian_r2: -47.3110, trian_cc: 0.2258
Epoch 22, val_loss: 0.0057, val_mae: 0.0851, val_mse: 0.0115, val_r2: -39.4374, val_cc: 0.2265
Epoch 23, trian_loss: 0.0058, trian_mae: 0.0855, trian_mse:0.0115, trian_r2: -48.9953, trian_cc: 0.2279
Epoch 23, val_loss: 0.0057, val_mae: 0.0852, val_mse: 0.0115, val_r2: -41.1848, val_cc: 0.2284
Epoch 24, trian_loss: 0.0058, trian_mae: 0.0858, trian_mse:0.0116, trian_r2: -58.3514, trian_cc: 0.2223
Epoch 24, val_loss: 0.0058, val_mae: 0.0855, val_mse: 0.0116, val_r2: -69.3597, val_cc: 0.2203
Epoch 25, trian_loss: 0.0057, trian_mae: 0.0854, trian_mse:0.0115, trian_r2: -47.1877, trian_cc: 0.2277
Epoch 25, val_loss: 0.0057, val_mae: 0.0855, val_mse: 0.0115, val_r2: -44.9537, val_cc: 0.2290
Epoch 26, trian_loss: 0.0057, trian_mae: 0.0852, trian_mse:0.0115, trian_r2: -44.8240, trian_cc: 0.2297
Epoch 26, val_loss: 0.0058, val_mae: 0.0851, val_mse: 0.0116, val_r2: -45.4424, val_cc: 0.2164
Epoch 27, trian_loss: 0.0057, trian_mae: 0.0854, trian_mse:0.0115, trian_r2: -41.8113, trian_cc: 0.2295
Epoch 27, val_loss: 0.0058, val_mae: 0.0847, val_mse: 0.0116, val_r2: -33.8361, val_cc: 0.2227
Epoch 28, trian_loss: 0.0057, trian_mae: 0.0856, trian_mse:0.0115, trian_r2: -45.5479, trian_cc: 0.2278
Epoch 28, val_loss: 0.0058, val_mae: 0.0851, val_mse: 0.0115, val_r2: -54.0003, val_cc: 0.2277
Epoch 29, trian_loss: 0.0058, trian_mae: 0.0855, trian_mse:0.0115, trian_r2: -48.7732, trian_cc: 0.2272
Epoch 29, val_loss: 0.0057, val_mae: 0.0849, val_mse: 0.0115, val_r2: -50.7901, val_cc: 0.2307
Epoch 30, trian_loss: 0.0057, trian_mae: 0.0853, trian_mse:0.0115, trian_r2: -42.4861, trian_cc: 0.2302
Epoch 30, val_loss: 0.0058, val_mae: 0.0852, val_mse: 0.0115, val_r2: -53.5464, val_cc: 0.2280
Epoch 31, trian_loss: 0.0057, trian_mae: 0.0852, trian_mse:0.0115, trian_r2: -41.8740, trian_cc: 0.2305
Epoch 31, val_loss: 0.0057, val_mae: 0.0856, val_mse: 0.0115, val_r2: -60.6480, val_cc: 0.2272
Epoch 32, trian_loss: 0.0057, trian_mae: 0.0852, trian_mse:0.0115, trian_r2: -43.8903, trian_cc: 0.2307
Epoch 32, val_loss: 0.0057, val_mae: 0.0851, val_mse: 0.0115, val_r2: -40.5998, val_cc: 0.2294
Epoch 33, trian_loss: 0.0057, trian_mae: 0.0853, trian_mse:0.0115, trian_r2: -47.6056, trian_cc: 0.2318
Epoch 33, val_loss: 0.0058, val_mae: 0.0850, val_mse: 0.0115, val_r2: -56.0630, val_cc: 0.2288
Epoch 34, trian_loss: 0.0057, trian_mae: 0.0850, trian_mse:0.0115, trian_r2: -42.8581, trian_cc: 0.2371
Epoch 34, val_loss: 0.0057, val_mae: 0.0844, val_mse: 0.0113, val_r2: -34.7246, val_cc: 0.2505
Epoch 35, trian_loss: 0.0057, trian_mae: 0.0851, trian_mse:0.0114, trian_r2: -45.1500, trian_cc: 0.2407
Epoch 35, val_loss: 0.0057, val_mae: 0.0855, val_mse: 0.0114, val_r2: -47.9113, val_cc: 0.2283
Epoch 36, trian_loss: 0.0057, trian_mae: 0.0849, trian_mse:0.0114, trian_r2: -48.8116, trian_cc: 0.2436
Epoch 36, val_loss: 0.0057, val_mae: 0.0843, val_mse: 0.0113, val_r2: -41.5860, val_cc: 0.2545
Epoch 37, trian_loss: 0.0057, trian_mae: 0.0846, trian_mse:0.0114, trian_r2: -44.6784, trian_cc: 0.2531
Epoch 37, val_loss: 0.0057, val_mae: 0.0844, val_mse: 0.0114, val_r2: -38.8384, val_cc: 0.2411
Epoch 38, trian_loss: 0.0057, trian_mae: 0.0845, trian_mse:0.0113, trian_r2: -45.8568, trian_cc: 0.2573
Epoch 38, val_loss: 0.0057, val_mae: 0.0836, val_mse: 0.0114, val_r2: -34.0729, val_cc: 0.2723
Epoch 39, trian_loss: 0.0057, trian_mae: 0.0844, trian_mse:0.0113, trian_r2: -46.0042, trian_cc: 0.2575
Epoch 39, val_loss: 0.0057, val_mae: 0.0849, val_mse: 0.0113, val_r2: -40.6961, val_cc: 0.2413
Epoch 40, trian_loss: 0.0057, trian_mae: 0.0842, trian_mse:0.0113, trian_r2: -42.4470, trian_cc: 0.2707
Epoch 40, val_loss: 0.0056, val_mae: 0.0844, val_mse: 0.0112, val_r2: -48.7455, val_cc: 0.2579
Epoch 41, trian_loss: 0.0057, trian_mae: 0.0846, trian_mse:0.0114, trian_r2: -41.6870, trian_cc: 0.2600
Epoch 41, val_loss: 0.0056, val_mae: 0.0839, val_mse: 0.0112, val_r2: -38.6426, val_cc: 0.2758
Epoch 42, trian_loss: 0.0056, trian_mae: 0.0840, trian_mse:0.0113, trian_r2: -43.1334, trian_cc: 0.2768
Epoch 42, val_loss: 0.0056, val_mae: 0.0839, val_mse: 0.0112, val_r2: -55.1277, val_cc: 0.2687
Epoch 43, trian_loss: 0.0056, trian_mae: 0.0838, trian_mse:0.0113, trian_r2: -35.5852, trian_cc: 0.2775
Epoch 43, val_loss: 0.0056, val_mae: 0.0836, val_mse: 0.0112, val_r2: -32.7858, val_cc: 0.2758
Epoch 44, trian_loss: 0.0057, trian_mae: 0.0844, trian_mse:0.0113, trian_r2: -42.5056, trian_cc: 0.2608
Epoch 44, val_loss: 0.0056, val_mae: 0.0832, val_mse: 0.0111, val_r2: -25.7244, val_cc: 0.2945
Epoch 45, trian_loss: 0.0056, trian_mae: 0.0838, trian_mse:0.0112, trian_r2: -35.8820, trian_cc: 0.2819
Epoch 45, val_loss: 0.0055, val_mae: 0.0831, val_mse: 0.0111, val_r2: -26.0581, val_cc: 0.3016
Epoch 46, trian_loss: 0.0056, trian_mae: 0.0838, trian_mse:0.0112, trian_r2: -36.4825, trian_cc: 0.2762
Epoch 46, val_loss: 0.0055, val_mae: 0.0843, val_mse: 0.0111, val_r2: -22.9251, val_cc: 0.2864
Epoch 47, trian_loss: 0.0056, trian_mae: 0.0840, trian_mse:0.0113, trian_r2: -36.3704, trian_cc: 0.2773
Epoch 47, val_loss: 0.0056, val_mae: 0.0834, val_mse: 0.0112, val_r2: -25.2146, val_cc: 0.2960
Epoch 48, trian_loss: 0.0056, trian_mae: 0.0835, trian_mse:0.0112, trian_r2: -30.4340, trian_cc: 0.2914
Epoch 48, val_loss: 0.0055, val_mae: 0.0834, val_mse: 0.0110, val_r2: -24.8240, val_cc: 0.3015
Epoch 49, trian_loss: 0.0056, trian_mae: 0.0834, trian_mse:0.0111, trian_r2: -30.1895, trian_cc: 0.2961
Epoch 49, val_loss: 0.0055, val_mae: 0.0831, val_mse: 0.0110, val_r2: -22.2143, val_cc: 0.2997
Epoch 50, trian_loss: 0.0056, trian_mae: 0.0831, trian_mse:0.0111, trian_r2: -28.5741, trian_cc: 0.2984
Epoch 50, val_loss: 0.0055, val_mae: 0.0831, val_mse: 0.0109, val_r2: -19.1056, val_cc: 0.3109
Epoch 51, trian_loss: 0.0056, trian_mae: 0.0831, trian_mse:0.0111, trian_r2: -26.0617, trian_cc: 0.3033
Epoch 51, val_loss: 0.0055, val_mae: 0.0833, val_mse: 0.0110, val_r2: -28.3316, val_cc: 0.3075
Epoch 52, trian_loss: 0.0055, trian_mae: 0.0828, trian_mse:0.0110, trian_r2: -21.9730, trian_cc: 0.3128
Epoch 52, val_loss: 0.0055, val_mae: 0.0833, val_mse: 0.0110, val_r2: -29.2240, val_cc: 0.3074
Epoch 53, trian_loss: 0.0055, trian_mae: 0.0830, trian_mse:0.0110, trian_r2: -24.1108, trian_cc: 0.3076
Epoch 53, val_loss: 0.0055, val_mae: 0.0833, val_mse: 0.0109, val_r2: -29.4150, val_cc: 0.3089
Epoch 54, trian_loss: 0.0055, trian_mae: 0.0826, trian_mse:0.0109, trian_r2: -21.2863, trian_cc: 0.3170
Epoch 54, val_loss: 0.0055, val_mae: 0.0831, val_mse: 0.0111, val_r2: -27.8773, val_cc: 0.3052
Epoch 55, trian_loss: 0.0055, trian_mae: 0.0829, trian_mse:0.0110, trian_r2: -23.0046, trian_cc: 0.3120
Epoch 55, val_loss: 0.0054, val_mae: 0.0830, val_mse: 0.0109, val_r2: -20.2848, val_cc: 0.3206
Epoch 56, trian_loss: 0.0055, trian_mae: 0.0827, trian_mse:0.0110, trian_r2: -20.2786, trian_cc: 0.3130
Epoch 56, val_loss: 0.0056, val_mae: 0.0839, val_mse: 0.0112, val_r2: -32.5690, val_cc: 0.2773
Epoch 57, trian_loss: 0.0055, trian_mae: 0.0831, trian_mse:0.0110, trian_r2: -23.3959, trian_cc: 0.3084
Epoch 57, val_loss: 0.0055, val_mae: 0.0821, val_mse: 0.0110, val_r2: -12.1879, val_cc: 0.3238
Epoch 58, trian_loss: 0.0054, trian_mae: 0.0826, trian_mse:0.0109, trian_r2: -18.4833, trian_cc: 0.3188
Epoch 58, val_loss: 0.0055, val_mae: 0.0831, val_mse: 0.0110, val_r2: -29.2031, val_cc: 0.3112
Epoch 59, trian_loss: 0.0055, trian_mae: 0.0831, trian_mse:0.0110, trian_r2: -30.2427, trian_cc: 0.3075
Epoch 59, val_loss: 0.0055, val_mae: 0.0835, val_mse: 0.0110, val_r2: -24.9894, val_cc: 0.3051
Epoch 60, trian_loss: 0.0055, trian_mae: 0.0834, trian_mse:0.0111, trian_r2: -27.4097, trian_cc: 0.2991
Epoch 60, val_loss: 0.0056, val_mae: 0.0829, val_mse: 0.0111, val_r2: -27.2179, val_cc: 0.3066
Epoch 61, trian_loss: 0.0054, trian_mae: 0.0823, trian_mse:0.0108, trian_r2: -16.2287, trian_cc: 0.3270
Epoch 61, val_loss: 0.0054, val_mae: 0.0820, val_mse: 0.0108, val_r2: -12.7735, val_cc: 0.3329
Epoch 62, trian_loss: 0.0054, trian_mae: 0.0825, trian_mse:0.0109, trian_r2: -19.0849, trian_cc: 0.3249
Epoch 62, val_loss: 0.0055, val_mae: 0.0831, val_mse: 0.0109, val_r2: -28.9542, val_cc: 0.3201
Epoch 63, trian_loss: 0.0055, trian_mae: 0.0828, trian_mse:0.0109, trian_r2: -20.6106, trian_cc: 0.3184
Epoch 63, val_loss: 0.0054, val_mae: 0.0828, val_mse: 0.0108, val_r2: -16.1844, val_cc: 0.3285
Epoch 64, trian_loss: 0.0054, trian_mae: 0.0821, trian_mse:0.0108, trian_r2: -14.6578, trian_cc: 0.3311
Epoch 64, val_loss: 0.0054, val_mae: 0.0823, val_mse: 0.0108, val_r2: -16.0994, val_cc: 0.3326
Epoch 65, trian_loss: 0.0054, trian_mae: 0.0823, trian_mse:0.0109, trian_r2: -16.7332, trian_cc: 0.3286
Epoch 65, val_loss: 0.0055, val_mae: 0.0832, val_mse: 0.0109, val_r2: -28.6564, val_cc: 0.3175
Epoch 66, trian_loss: 0.0054, trian_mae: 0.0821, trian_mse:0.0108, trian_r2: -19.9810, trian_cc: 0.3281
Epoch 66, val_loss: 0.0054, val_mae: 0.0826, val_mse: 0.0107, val_r2: -19.0567, val_cc: 0.3367
Epoch 67, trian_loss: 0.0054, trian_mae: 0.0818, trian_mse:0.0108, trian_r2: -13.1277, trian_cc: 0.3409
Epoch 67, val_loss: 0.0053, val_mae: 0.0818, val_mse: 0.0107, val_r2: -13.5146, val_cc: 0.3438
Epoch 68, trian_loss: 0.0054, trian_mae: 0.0823, trian_mse:0.0109, trian_r2: -19.4881, trian_cc: 0.3282
Epoch 68, val_loss: 0.0055, val_mae: 0.0840, val_mse: 0.0111, val_r2: -24.2545, val_cc: 0.2845
Epoch 69, trian_loss: 0.0054, trian_mae: 0.0822, trian_mse:0.0108, trian_r2: -17.6139, trian_cc: 0.3297
Epoch 69, val_loss: 0.0054, val_mae: 0.0821, val_mse: 0.0108, val_r2: -17.0224, val_cc: 0.3397
Epoch 70, trian_loss: 0.0055, trian_mae: 0.0828, trian_mse:0.0109, trian_r2: -22.1724, trian_cc: 0.3163
Epoch 70, val_loss: 0.0054, val_mae: 0.0820, val_mse: 0.0107, val_r2: -12.3492, val_cc: 0.3422
Epoch 71, trian_loss: 0.0054, trian_mae: 0.0818, trian_mse:0.0107, trian_r2: -14.1444, trian_cc: 0.3393
Epoch 71, val_loss: 0.0053, val_mae: 0.0822, val_mse: 0.0107, val_r2: -18.0382, val_cc: 0.3439
Epoch 72, trian_loss: 0.0054, trian_mae: 0.0822, trian_mse:0.0109, trian_r2: -19.9084, trian_cc: 0.3308
Epoch 72, val_loss: 0.0055, val_mae: 0.0829, val_mse: 0.0109, val_r2: -34.3928, val_cc: 0.3102
Epoch 73, trian_loss: 0.0054, trian_mae: 0.0819, trian_mse:0.0108, trian_r2: -15.6067, trian_cc: 0.3334
Epoch 73, val_loss: 0.0056, val_mae: 0.0855, val_mse: 0.0112, val_r2: -39.7613, val_cc: 0.2600
Epoch 74, trian_loss: 0.0054, trian_mae: 0.0822, trian_mse:0.0108, trian_r2: -18.9566, trian_cc: 0.3280
Epoch 74, val_loss: 0.0053, val_mae: 0.0818, val_mse: 0.0107, val_r2: -15.3856, val_cc: 0.3453
Epoch 75, trian_loss: 0.0054, trian_mae: 0.0817, trian_mse:0.0107, trian_r2: -16.7884, trian_cc: 0.3428
Epoch 75, val_loss: 0.0053, val_mae: 0.0819, val_mse: 0.0107, val_r2: -21.6727, val_cc: 0.3374
Epoch 76, trian_loss: 0.0054, trian_mae: 0.0823, trian_mse:0.0109, trian_r2: -25.3250, trian_cc: 0.3214
Epoch 76, val_loss: 0.0053, val_mae: 0.0818, val_mse: 0.0107, val_r2: -22.9516, val_cc: 0.3443
Epoch 77, trian_loss: 0.0054, trian_mae: 0.0817, trian_mse:0.0107, trian_r2: -15.9133, trian_cc: 0.3425
Epoch 77, val_loss: 0.0054, val_mae: 0.0827, val_mse: 0.0109, val_r2: -26.2498, val_cc: 0.3110
Epoch 78, trian_loss: 0.0054, trian_mae: 0.0816, trian_mse:0.0107, trian_r2: -15.7466, trian_cc: 0.3417
Epoch 78, val_loss: 0.0054, val_mae: 0.0819, val_mse: 0.0107, val_r2: -18.4049, val_cc: 0.3425
Epoch 79, trian_loss: 0.0053, trian_mae: 0.0814, trian_mse:0.0107, trian_r2: -12.1750, trian_cc: 0.3515
Epoch 79, val_loss: 0.0056, val_mae: 0.0839, val_mse: 0.0112, val_r2: -55.2363, val_cc: 0.3090
Epoch 80, trian_loss: 0.0055, trian_mae: 0.0826, trian_mse:0.0109, trian_r2: -27.4181, trian_cc: 0.3172
Epoch 80, val_loss: 0.0054, val_mae: 0.0822, val_mse: 0.0107, val_r2: -20.4379, val_cc: 0.3440
Epoch 81, trian_loss: 0.0053, trian_mae: 0.0815, trian_mse:0.0107, trian_r2: -16.9182, trian_cc: 0.3455
Epoch 81, val_loss: 0.0053, val_mae: 0.0814, val_mse: 0.0106, val_r2: -16.4383, val_cc: 0.3544
Epoch 82, trian_loss: 0.0053, trian_mae: 0.0813, trian_mse:0.0106, trian_r2: -12.0694, trian_cc: 0.3543
Epoch 82, val_loss: 0.0053, val_mae: 0.0815, val_mse: 0.0106, val_r2: -13.7516, val_cc: 0.3547
Epoch 83, trian_loss: 0.0053, trian_mae: 0.0810, trian_mse:0.0106, trian_r2: -11.1553, trian_cc: 0.3583
Epoch 83, val_loss: 0.0053, val_mae: 0.0812, val_mse: 0.0106, val_r2: -12.4064, val_cc: 0.3558
Epoch 84, trian_loss: 0.0053, trian_mae: 0.0809, trian_mse:0.0105, trian_r2: -11.0676, trian_cc: 0.3596
Epoch 84, val_loss: 0.0053, val_mae: 0.0814, val_mse: 0.0106, val_r2: -15.0846, val_cc: 0.3549
Epoch 85, trian_loss: 0.0053, trian_mae: 0.0808, trian_mse:0.0105, trian_r2: -10.9785, trian_cc: 0.3620
Epoch 85, val_loss: 0.0053, val_mae: 0.0815, val_mse: 0.0105, val_r2: -13.1912, val_cc: 0.3601
Epoch 86, trian_loss: 0.0053, trian_mae: 0.0808, trian_mse:0.0105, trian_r2: -12.4980, trian_cc: 0.3606
Epoch 86, val_loss: 0.0053, val_mae: 0.0825, val_mse: 0.0106, val_r2: -19.5508, val_cc: 0.3435
Epoch 87, trian_loss: 0.0053, trian_mae: 0.0810, trian_mse:0.0105, trian_r2: -12.3943, trian_cc: 0.3594
Epoch 87, val_loss: 0.0053, val_mae: 0.0812, val_mse: 0.0106, val_r2: -14.0577, val_cc: 0.3591
Epoch 88, trian_loss: 0.0053, trian_mae: 0.0810, trian_mse:0.0106, trian_r2: -13.7092, trian_cc: 0.3564
Epoch 88, val_loss: 0.0053, val_mae: 0.0812, val_mse: 0.0106, val_r2: -16.0413, val_cc: 0.3580
Epoch 89, trian_loss: 0.0053, trian_mae: 0.0810, trian_mse:0.0106, trian_r2: -15.0524, trian_cc: 0.3579
Epoch 89, val_loss: 0.0055, val_mae: 0.0829, val_mse: 0.0110, val_r2: -45.9772, val_cc: 0.3180
Epoch 90, trian_loss: 0.0053, trian_mae: 0.0810, trian_mse:0.0106, trian_r2: -15.7553, trian_cc: 0.3558
Epoch 90, val_loss: 0.0054, val_mae: 0.0820, val_mse: 0.0107, val_r2: -22.5333, val_cc: 0.3452
Epoch 91, trian_loss: 0.0053, trian_mae: 0.0807, trian_mse:0.0105, trian_r2: -10.8874, trian_cc: 0.3646
Epoch 91, val_loss: 0.0053, val_mae: 0.0820, val_mse: 0.0107, val_r2: -22.1161, val_cc: 0.3507
Epoch 92, trian_loss: 0.0052, trian_mae: 0.0800, trian_mse:0.0103, trian_r2: -8.4973, trian_cc: 0.3739
Epoch 92, val_loss: 0.0053, val_mae: 0.0810, val_mse: 0.0106, val_r2: -13.4983, val_cc: 0.3630
Epoch 93, trian_loss: 0.0052, trian_mae: 0.0800, trian_mse:0.0103, trian_r2: -8.9845, trian_cc: 0.3728
Epoch 93, val_loss: 0.0053, val_mae: 0.0810, val_mse: 0.0106, val_r2: -12.1649, val_cc: 0.3626
Epoch 94, trian_loss: 0.0051, trian_mae: 0.0798, trian_mse:0.0103, trian_r2: -8.1512, trian_cc: 0.3757
Epoch 94, val_loss: 0.0052, val_mae: 0.0813, val_mse: 0.0105, val_r2: -12.7840, val_cc: 0.3587
Epoch 95, trian_loss: 0.0051, trian_mae: 0.0798, trian_mse:0.0103, trian_r2: -8.1611, trian_cc: 0.3763
Epoch 95, val_loss: 0.0053, val_mae: 0.0808, val_mse: 0.0106, val_r2: -10.6969, val_cc: 0.3650
Epoch 96, trian_loss: 0.0051, trian_mae: 0.0796, trian_mse:0.0102, trian_r2: -7.7021, trian_cc: 0.3794
Epoch 96, val_loss: 0.0053, val_mae: 0.0811, val_mse: 0.0106, val_r2: -12.5121, val_cc: 0.3627
Epoch 97, trian_loss: 0.0051, trian_mae: 0.0796, trian_mse:0.0102, trian_r2: -7.9544, trian_cc: 0.3792
Epoch 97, val_loss: 0.0052, val_mae: 0.0810, val_mse: 0.0104, val_r2: -10.5170, val_cc: 0.3627
Epoch 98, trian_loss: 0.0051, trian_mae: 0.0795, trian_mse:0.0102, trian_r2: -8.4492, trian_cc: 0.3782
Epoch 98, val_loss: 0.0053, val_mae: 0.0806, val_mse: 0.0105, val_r2: -10.2130, val_cc: 0.3686
Epoch 99, trian_loss: 0.0051, trian_mae: 0.0795, trian_mse:0.0101, trian_r2: -7.8386, trian_cc: 0.3793
Epoch 99, val_loss: 0.0053, val_mae: 0.0804, val_mse: 0.0105, val_r2: -9.2857, val_cc: 0.3705
