Trian Data: 532   Validation Data: 177  Test Data: 178
[1, 1, 1, 1]
[1, 1, 1, 1]
[1, 1, 1, 1]
[1, 1, 1]
model SENet(
  (conv1): Conv2d(101, 64, kernel_size=(3, 3), stride=(1, 1), padding=(1, 1), bias=False)
  (bn1): BatchNorm2d(64, eps=1e-05, momentum=0.1, affine=True, track_running_stats=True)
  (layer1): Sequential(
    (0): BasicBlock(
      (conv1): Conv2d(64, 64, kernel_size=(3, 3), stride=(1, 1), padding=(1, 1), bias=False)
      (bn1): BatchNorm2d(64, eps=1e-05, momentum=0.1, affine=True, track_running_stats=True)
      (conv2): Conv2d(64, 64, kernel_size=(3, 3), stride=(1, 1), padding=(1, 1), bias=False)
      (bn2): BatchNorm2d(64, eps=1e-05, momentum=0.1, affine=True, track_running_stats=True)
      (shortcut): Sequential()
      (fc1): Conv2d(64, 4, kernel_size=(1, 1), stride=(1, 1))
      (fc2): Conv2d(4, 64, kernel_size=(1, 1), stride=(1, 1))
    )
    (1): BasicBlock(
      (conv1): Conv2d(64, 64, kernel_size=(3, 3), stride=(1, 1), padding=(1, 1), bias=False)
      (bn1): BatchNorm2d(64, eps=1e-05, momentum=0.1, affine=True, track_running_stats=True)
      (conv2): Conv2d(64, 64, kernel_size=(3, 3), stride=(1, 1), padding=(1, 1), bias=False)
      (bn2): BatchNorm2d(64, eps=1e-05, momentum=0.1, affine=True, track_running_stats=True)
      (shortcut): Sequential()
      (fc1): Conv2d(64, 4, kernel_size=(1, 1), stride=(1, 1))
      (fc2): Conv2d(4, 64, kernel_size=(1, 1), stride=(1, 1))
    )
    (2): BasicBlock(
      (conv1): Conv2d(64, 64, kernel_size=(3, 3), stride=(1, 1), padding=(1, 1), bias=False)
      (bn1): BatchNorm2d(64, eps=1e-05, momentum=0.1, affine=True, track_running_stats=True)
      (conv2): Conv2d(64, 64, kernel_size=(3, 3), stride=(1, 1), padding=(1, 1), bias=False)
      (bn2): BatchNorm2d(64, eps=1e-05, momentum=0.1, affine=True, track_running_stats=True)
      (shortcut): Sequential()
      (fc1): Conv2d(64, 4, kernel_size=(1, 1), stride=(1, 1))
      (fc2): Conv2d(4, 64, kernel_size=(1, 1), stride=(1, 1))
    )
    (3): BasicBlock(
      (conv1): Conv2d(64, 64, kernel_size=(3, 3), stride=(1, 1), padding=(1, 1), bias=False)
      (bn1): BatchNorm2d(64, eps=1e-05, momentum=0.1, affine=True, track_running_stats=True)
      (conv2): Conv2d(64, 64, kernel_size=(3, 3), stride=(1, 1), padding=(1, 1), bias=False)
      (bn2): BatchNorm2d(64, eps=1e-05, momentum=0.1, affine=True, track_running_stats=True)
      (shortcut): Sequential()
      (fc1): Conv2d(64, 4, kernel_size=(1, 1), stride=(1, 1))
      (fc2): Conv2d(4, 64, kernel_size=(1, 1), stride=(1, 1))
    )
  )
  (layer2): Sequential(
    (0): BasicBlock(
      (conv1): Conv2d(64, 64, kernel_size=(3, 3), stride=(1, 1), padding=(1, 1), bias=False)
      (bn1): BatchNorm2d(64, eps=1e-05, momentum=0.1, affine=True, track_running_stats=True)
      (conv2): Conv2d(64, 64, kernel_size=(3, 3), stride=(1, 1), padding=(1, 1), bias=False)
      (bn2): BatchNorm2d(64, eps=1e-05, momentum=0.1, affine=True, track_running_stats=True)
      (shortcut): Sequential()
      (fc1): Conv2d(64, 4, kernel_size=(1, 1), stride=(1, 1))
      (fc2): Conv2d(4, 64, kernel_size=(1, 1), stride=(1, 1))
    )
    (1): BasicBlock(
      (conv1): Conv2d(64, 64, kernel_size=(3, 3), stride=(1, 1), padding=(1, 1), bias=False)
      (bn1): BatchNorm2d(64, eps=1e-05, momentum=0.1, affine=True, track_running_stats=True)
      (conv2): Conv2d(64, 64, kernel_size=(3, 3), stride=(1, 1), padding=(1, 1), bias=False)
      (bn2): BatchNorm2d(64, eps=1e-05, momentum=0.1, affine=True, track_running_stats=True)
      (shortcut): Sequential()
      (fc1): Conv2d(64, 4, kernel_size=(1, 1), stride=(1, 1))
      (fc2): Conv2d(4, 64, kernel_size=(1, 1), stride=(1, 1))
    )
    (2): BasicBlock(
      (conv1): Conv2d(64, 64, kernel_size=(3, 3), stride=(1, 1), padding=(1, 1), bias=False)
      (bn1): BatchNorm2d(64, eps=1e-05, momentum=0.1, affine=True, track_running_stats=True)
      (conv2): Conv2d(64, 64, kernel_size=(3, 3), stride=(1, 1), padding=(1, 1), bias=False)
      (bn2): BatchNorm2d(64, eps=1e-05, momentum=0.1, affine=True, track_running_stats=True)
      (shortcut): Sequential()
      (fc1): Conv2d(64, 4, kernel_size=(1, 1), stride=(1, 1))
      (fc2): Conv2d(4, 64, kernel_size=(1, 1), stride=(1, 1))
    )
    (3): BasicBlock(
      (conv1): Conv2d(64, 64, kernel_size=(3, 3), stride=(1, 1), padding=(1, 1), bias=False)
      (bn1): BatchNorm2d(64, eps=1e-05, momentum=0.1, affine=True, track_running_stats=True)
      (conv2): Conv2d(64, 64, kernel_size=(3, 3), stride=(1, 1), padding=(1, 1), bias=False)
      (bn2): BatchNorm2d(64, eps=1e-05, momentum=0.1, affine=True, track_running_stats=True)
      (shortcut): Sequential()
      (fc1): Conv2d(64, 4, kernel_size=(1, 1), stride=(1, 1))
      (fc2): Conv2d(4, 64, kernel_size=(1, 1), stride=(1, 1))
    )
  )
  (layer3): Sequential(
    (0): BasicBlock(
      (conv1): Conv2d(64, 64, kernel_size=(3, 3), stride=(1, 1), padding=(1, 1), bias=False)
      (bn1): BatchNorm2d(64, eps=1e-05, momentum=0.1, affine=True, track_running_stats=True)
      (conv2): Conv2d(64, 64, kernel_size=(3, 3), stride=(1, 1), padding=(1, 1), bias=False)
      (bn2): BatchNorm2d(64, eps=1e-05, momentum=0.1, affine=True, track_running_stats=True)
      (shortcut): Sequential()
      (fc1): Conv2d(64, 4, kernel_size=(1, 1), stride=(1, 1))
      (fc2): Conv2d(4, 64, kernel_size=(1, 1), stride=(1, 1))
    )
    (1): BasicBlock(
      (conv1): Conv2d(64, 64, kernel_size=(3, 3), stride=(1, 1), padding=(1, 1), bias=False)
      (bn1): BatchNorm2d(64, eps=1e-05, momentum=0.1, affine=True, track_running_stats=True)
      (conv2): Conv2d(64, 64, kernel_size=(3, 3), stride=(1, 1), padding=(1, 1), bias=False)
      (bn2): BatchNorm2d(64, eps=1e-05, momentum=0.1, affine=True, track_running_stats=True)
      (shortcut): Sequential()
      (fc1): Conv2d(64, 4, kernel_size=(1, 1), stride=(1, 1))
      (fc2): Conv2d(4, 64, kernel_size=(1, 1), stride=(1, 1))
    )
    (2): BasicBlock(
      (conv1): Conv2d(64, 64, kernel_size=(3, 3), stride=(1, 1), padding=(1, 1), bias=False)
      (bn1): BatchNorm2d(64, eps=1e-05, momentum=0.1, affine=True, track_running_stats=True)
      (conv2): Conv2d(64, 64, kernel_size=(3, 3), stride=(1, 1), padding=(1, 1), bias=False)
      (bn2): BatchNorm2d(64, eps=1e-05, momentum=0.1, affine=True, track_running_stats=True)
      (shortcut): Sequential()
      (fc1): Conv2d(64, 4, kernel_size=(1, 1), stride=(1, 1))
      (fc2): Conv2d(4, 64, kernel_size=(1, 1), stride=(1, 1))
    )
    (3): BasicBlock(
      (conv1): Conv2d(64, 64, kernel_size=(3, 3), stride=(1, 1), padding=(1, 1), bias=False)
      (bn1): BatchNorm2d(64, eps=1e-05, momentum=0.1, affine=True, track_running_stats=True)
      (conv2): Conv2d(64, 64, kernel_size=(3, 3), stride=(1, 1), padding=(1, 1), bias=False)
      (bn2): BatchNorm2d(64, eps=1e-05, momentum=0.1, affine=True, track_running_stats=True)
      (shortcut): Sequential()
      (fc1): Conv2d(64, 4, kernel_size=(1, 1), stride=(1, 1))
      (fc2): Conv2d(4, 64, kernel_size=(1, 1), stride=(1, 1))
    )
  )
  (layer4): Sequential(
    (0): BasicBlock(
      (conv1): Conv2d(64, 64, kernel_size=(3, 3), stride=(1, 1), padding=(1, 1), bias=False)
      (bn1): BatchNorm2d(64, eps=1e-05, momentum=0.1, affine=True, track_running_stats=True)
      (conv2): Conv2d(64, 64, kernel_size=(3, 3), stride=(1, 1), padding=(1, 1), bias=False)
      (bn2): BatchNorm2d(64, eps=1e-05, momentum=0.1, affine=True, track_running_stats=True)
      (shortcut): Sequential()
      (fc1): Conv2d(64, 4, kernel_size=(1, 1), stride=(1, 1))
      (fc2): Conv2d(4, 64, kernel_size=(1, 1), stride=(1, 1))
    )
    (1): BasicBlock(
      (conv1): Conv2d(64, 64, kernel_size=(3, 3), stride=(1, 1), padding=(1, 1), bias=False)
      (bn1): BatchNorm2d(64, eps=1e-05, momentum=0.1, affine=True, track_running_stats=True)
      (conv2): Conv2d(64, 64, kernel_size=(3, 3), stride=(1, 1), padding=(1, 1), bias=False)
      (bn2): BatchNorm2d(64, eps=1e-05, momentum=0.1, affine=True, track_running_stats=True)
      (shortcut): Sequential()
      (fc1): Conv2d(64, 4, kernel_size=(1, 1), stride=(1, 1))
      (fc2): Conv2d(4, 64, kernel_size=(1, 1), stride=(1, 1))
    )
    (2): BasicBlock(
      (conv1): Conv2d(64, 64, kernel_size=(3, 3), stride=(1, 1), padding=(1, 1), bias=False)
      (bn1): BatchNorm2d(64, eps=1e-05, momentum=0.1, affine=True, track_running_stats=True)
      (conv2): Conv2d(64, 64, kernel_size=(3, 3), stride=(1, 1), padding=(1, 1), bias=False)
      (bn2): BatchNorm2d(64, eps=1e-05, momentum=0.1, affine=True, track_running_stats=True)
      (shortcut): Sequential()
      (fc1): Conv2d(64, 4, kernel_size=(1, 1), stride=(1, 1))
      (fc2): Conv2d(4, 64, kernel_size=(1, 1), stride=(1, 1))
    )
  )
  (cnn): CNNnet(
    (conv1): Sequential(
      (0): Conv2d(64, 32, kernel_size=(3, 3), stride=(1, 1), padding=(1, 1))
      (1): BatchNorm2d(32, eps=1e-05, momentum=0.1, affine=True, track_running_stats=True)
      (2): ReLU()
    )
    (conv2): Sequential(
      (0): Conv2d(32, 16, kernel_size=(3, 3), stride=(1, 1), padding=(1, 1))
      (1): BatchNorm2d(16, eps=1e-05, momentum=0.1, affine=True, track_running_stats=True)
      (2): ReLU()
    )
    (conv3): Sequential(
      (0): Conv2d(16, 1, kernel_size=(3, 3), stride=(1, 1), padding=(1, 1))
      (1): BatchNorm2d(1, eps=1e-05, momentum=0.1, affine=True, track_running_stats=True)
      (2): ReLU()
    )
  )
)
Epoch  0, trian_loss: 0.0071, trian_mae: 0.0900, trian_mse:0.0144, trian_r2: -67.2730, trian_cc: 0.1364
Epoch  0, val_loss: 0.0063, val_mae: 0.0913, val_mse: 0.0126, val_r2: -37.7803, val_cc: 0.1473
Epoch  1, trian_loss: 0.0060, trian_mae: 0.0880, trian_mse:0.0120, trian_r2: -215.7571, trian_cc: 0.1072
Epoch  1, val_loss: 0.0059, val_mae: 0.0865, val_mse: 0.0119, val_r2: -152.8907, val_cc: 0.1702
Epoch  2, trian_loss: 0.0059, trian_mae: 0.0875, trian_mse:0.0119, trian_r2: -150.5471, trian_cc: 0.1678
Epoch  2, val_loss: 0.0059, val_mae: 0.0866, val_mse: 0.0119, val_r2: -155.7312, val_cc: 0.1779
Epoch  3, trian_loss: 0.0059, trian_mae: 0.0874, trian_mse:0.0119, trian_r2: -147.6663, trian_cc: 0.1714
Epoch  3, val_loss: 0.0059, val_mae: 0.0866, val_mse: 0.0118, val_r2: -141.5896, val_cc: 0.1817
Epoch  4, trian_loss: 0.0059, trian_mae: 0.0873, trian_mse:0.0118, trian_r2: -133.7413, trian_cc: 0.1784
Epoch  4, val_loss: 0.0059, val_mae: 0.0866, val_mse: 0.0118, val_r2: -141.6863, val_cc: 0.1857
Epoch  5, trian_loss: 0.0059, trian_mae: 0.0873, trian_mse:0.0118, trian_r2: -145.3568, trian_cc: 0.1792
Epoch  5, val_loss: 0.0059, val_mae: 0.0866, val_mse: 0.0118, val_r2: -117.8718, val_cc: 0.1898
Epoch  6, trian_loss: 0.0059, trian_mae: 0.0870, trian_mse:0.0118, trian_r2: -105.6232, trian_cc: 0.1868
Epoch  6, val_loss: 0.0059, val_mae: 0.0868, val_mse: 0.0118, val_r2: -151.6226, val_cc: 0.1914
Epoch  7, trian_loss: 0.0060, trian_mae: 0.0870, trian_mse:0.0120, trian_r2: -171.8591, trian_cc: 0.1799
Epoch  7, val_loss: 0.0059, val_mae: 0.0867, val_mse: 0.0117, val_r2: -107.8013, val_cc: 0.1975
Epoch  8, trian_loss: 0.0059, trian_mae: 0.0868, trian_mse:0.0117, trian_r2: -83.1627, trian_cc: 0.1957
Epoch  8, val_loss: 0.0059, val_mae: 0.0866, val_mse: 0.0117, val_r2: -119.1828, val_cc: 0.2014
Epoch  9, trian_loss: 0.0059, trian_mae: 0.0866, trian_mse:0.0117, trian_r2: -80.1367, trian_cc: 0.2012
Epoch  9, val_loss: 0.0059, val_mae: 0.0865, val_mse: 0.0117, val_r2: -115.3763, val_cc: 0.2019
Epoch 10, trian_loss: 0.0059, trian_mae: 0.0866, trian_mse:0.0117, trian_r2: -76.2951, trian_cc: 0.2048
Epoch 10, val_loss: 0.0058, val_mae: 0.0862, val_mse: 0.0117, val_r2: -91.9191, val_cc: 0.2097
Epoch 11, trian_loss: 0.0058, trian_mae: 0.0863, trian_mse:0.0117, trian_r2: -65.5129, trian_cc: 0.2099
Epoch 11, val_loss: 0.0058, val_mae: 0.0855, val_mse: 0.0117, val_r2: -68.4552, val_cc: 0.2175
Epoch 12, trian_loss: 0.0058, trian_mae: 0.0860, trian_mse:0.0116, trian_r2: -65.1431, trian_cc: 0.2147
Epoch 12, val_loss: 0.0058, val_mae: 0.0848, val_mse: 0.0116, val_r2: -59.9759, val_cc: 0.2225
Epoch 13, trian_loss: 0.0058, trian_mae: 0.0858, trian_mse:0.0116, trian_r2: -63.8408, trian_cc: 0.2184
Epoch 13, val_loss: 0.0058, val_mae: 0.0851, val_mse: 0.0116, val_r2: -65.7314, val_cc: 0.2240
Epoch 14, trian_loss: 0.0058, trian_mae: 0.0855, trian_mse:0.0116, trian_r2: -55.7218, trian_cc: 0.2234
Epoch 14, val_loss: 0.0058, val_mae: 0.0869, val_mse: 0.0116, val_r2: -81.7436, val_cc: 0.2021
Epoch 15, trian_loss: 0.0058, trian_mae: 0.0858, trian_mse:0.0116, trian_r2: -62.3099, trian_cc: 0.2202
Epoch 15, val_loss: 0.0058, val_mae: 0.0854, val_mse: 0.0115, val_r2: -57.2645, val_cc: 0.2278
Epoch 16, trian_loss: 0.0058, trian_mae: 0.0853, trian_mse:0.0115, trian_r2: -53.4692, trian_cc: 0.2296
Epoch 16, val_loss: 0.0057, val_mae: 0.0855, val_mse: 0.0115, val_r2: -66.0459, val_cc: 0.2312
Epoch 17, trian_loss: 0.0058, trian_mae: 0.0853, trian_mse:0.0115, trian_r2: -51.3779, trian_cc: 0.2322
Epoch 17, val_loss: 0.0057, val_mae: 0.0847, val_mse: 0.0115, val_r2: -43.7293, val_cc: 0.2335
Epoch 18, trian_loss: 0.0058, trian_mae: 0.0854, trian_mse:0.0115, trian_r2: -51.2568, trian_cc: 0.2288
Epoch 18, val_loss: 0.0057, val_mae: 0.0848, val_mse: 0.0115, val_r2: -46.2807, val_cc: 0.2326
Epoch 19, trian_loss: 0.0058, trian_mae: 0.0854, trian_mse:0.0115, trian_r2: -60.9387, trian_cc: 0.2281
Epoch 19, val_loss: 0.0057, val_mae: 0.0848, val_mse: 0.0115, val_r2: -46.8770, val_cc: 0.2335
Epoch 20, trian_loss: 0.0057, trian_mae: 0.0851, trian_mse:0.0115, trian_r2: -49.2542, trian_cc: 0.2352
Epoch 20, val_loss: 0.0057, val_mae: 0.0845, val_mse: 0.0115, val_r2: -39.1191, val_cc: 0.2369
Epoch 21, trian_loss: 0.0057, trian_mae: 0.0852, trian_mse:0.0115, trian_r2: -47.6841, trian_cc: 0.2366
Epoch 21, val_loss: 0.0057, val_mae: 0.0850, val_mse: 0.0114, val_r2: -46.5363, val_cc: 0.2390
Epoch 22, trian_loss: 0.0057, trian_mae: 0.0850, trian_mse:0.0114, trian_r2: -46.9874, trian_cc: 0.2396
Epoch 22, val_loss: 0.0057, val_mae: 0.0846, val_mse: 0.0114, val_r2: -42.1417, val_cc: 0.2383
Epoch 23, trian_loss: 0.0057, trian_mae: 0.0850, trian_mse:0.0114, trian_r2: -52.6231, trian_cc: 0.2386
Epoch 23, val_loss: 0.0057, val_mae: 0.0848, val_mse: 0.0114, val_r2: -45.0492, val_cc: 0.2404
Epoch 24, trian_loss: 0.0057, trian_mae: 0.0849, trian_mse:0.0114, trian_r2: -47.8037, trian_cc: 0.2407
Epoch 24, val_loss: 0.0057, val_mae: 0.0846, val_mse: 0.0114, val_r2: -42.5738, val_cc: 0.2410
Epoch 25, trian_loss: 0.0057, trian_mae: 0.0849, trian_mse:0.0114, trian_r2: -48.0194, trian_cc: 0.2412
Epoch 25, val_loss: 0.0057, val_mae: 0.0848, val_mse: 0.0114, val_r2: -45.4441, val_cc: 0.2451
Epoch 26, trian_loss: 0.0057, trian_mae: 0.0848, trian_mse:0.0114, trian_r2: -44.4941, trian_cc: 0.2450
Epoch 26, val_loss: 0.0057, val_mae: 0.0847, val_mse: 0.0114, val_r2: -46.2806, val_cc: 0.2445
Epoch 27, trian_loss: 0.0057, trian_mae: 0.0847, trian_mse:0.0114, trian_r2: -43.5857, trian_cc: 0.2454
Epoch 27, val_loss: 0.0057, val_mae: 0.0841, val_mse: 0.0114, val_r2: -34.1459, val_cc: 0.2473
Epoch 28, trian_loss: 0.0057, trian_mae: 0.0849, trian_mse:0.0114, trian_r2: -46.9199, trian_cc: 0.2433
Epoch 28, val_loss: 0.0057, val_mae: 0.0843, val_mse: 0.0114, val_r2: -39.4804, val_cc: 0.2452
Epoch 29, trian_loss: 0.0057, trian_mae: 0.0847, trian_mse:0.0114, trian_r2: -42.3169, trian_cc: 0.2473
Epoch 29, val_loss: 0.0057, val_mae: 0.0845, val_mse: 0.0114, val_r2: -45.3764, val_cc: 0.2477
Epoch 30, trian_loss: 0.0057, trian_mae: 0.0848, trian_mse:0.0114, trian_r2: -44.1807, trian_cc: 0.2412
Epoch 30, val_loss: 0.0057, val_mae: 0.0842, val_mse: 0.0114, val_r2: -36.9092, val_cc: 0.2492
Epoch 31, trian_loss: 0.0057, trian_mae: 0.0846, trian_mse:0.0114, trian_r2: -39.3973, trian_cc: 0.2489
Epoch 31, val_loss: 0.0057, val_mae: 0.0839, val_mse: 0.0114, val_r2: -31.6514, val_cc: 0.2484
Epoch 32, trian_loss: 0.0057, trian_mae: 0.0847, trian_mse:0.0114, trian_r2: -41.1250, trian_cc: 0.2465
Epoch 32, val_loss: 0.0057, val_mae: 0.0842, val_mse: 0.0115, val_r2: -45.1342, val_cc: 0.2468
Epoch 33, trian_loss: 0.0057, trian_mae: 0.0845, trian_mse:0.0114, trian_r2: -41.6338, trian_cc: 0.2465
Epoch 33, val_loss: 0.0057, val_mae: 0.0839, val_mse: 0.0114, val_r2: -28.5671, val_cc: 0.2499
Epoch 34, trian_loss: 0.0057, trian_mae: 0.0846, trian_mse:0.0113, trian_r2: -39.7896, trian_cc: 0.2479
Epoch 34, val_loss: 0.0057, val_mae: 0.0839, val_mse: 0.0115, val_r2: -26.2201, val_cc: 0.2492
Epoch 35, trian_loss: 0.0057, trian_mae: 0.0845, trian_mse:0.0113, trian_r2: -36.3296, trian_cc: 0.2500
Epoch 35, val_loss: 0.0057, val_mae: 0.0838, val_mse: 0.0115, val_r2: -27.4566, val_cc: 0.2491
Epoch 36, trian_loss: 0.0057, trian_mae: 0.0847, trian_mse:0.0114, trian_r2: -38.7046, trian_cc: 0.2433
Epoch 36, val_loss: 0.0057, val_mae: 0.0839, val_mse: 0.0115, val_r2: -34.1125, val_cc: 0.2414
Epoch 37, trian_loss: 0.0056, trian_mae: 0.0844, trian_mse:0.0113, trian_r2: -36.0434, trian_cc: 0.2486
Epoch 37, val_loss: 0.0057, val_mae: 0.0840, val_mse: 0.0114, val_r2: -27.0903, val_cc: 0.2508
Epoch 38, trian_loss: 0.0056, trian_mae: 0.0844, trian_mse:0.0113, trian_r2: -35.2877, trian_cc: 0.2500
Epoch 38, val_loss: 0.0058, val_mae: 0.0838, val_mse: 0.0116, val_r2: -32.5358, val_cc: 0.2460
Epoch 39, trian_loss: 0.0056, trian_mae: 0.0842, trian_mse:0.0112, trian_r2: -33.8998, trian_cc: 0.2504
Epoch 39, val_loss: 0.0057, val_mae: 0.0840, val_mse: 0.0115, val_r2: -32.6566, val_cc: 0.2508
Epoch 40, trian_loss: 0.0057, trian_mae: 0.0845, trian_mse:0.0113, trian_r2: -33.9243, trian_cc: 0.2487
Epoch 40, val_loss: 0.0058, val_mae: 0.0837, val_mse: 0.0116, val_r2: -29.6418, val_cc: 0.2499
Epoch 41, trian_loss: 0.0056, trian_mae: 0.0842, trian_mse:0.0112, trian_r2: -36.3322, trian_cc: 0.2498
Epoch 41, val_loss: 0.0057, val_mae: 0.0843, val_mse: 0.0115, val_r2: -33.4535, val_cc: 0.2480
Epoch 42, trian_loss: 0.0056, trian_mae: 0.0842, trian_mse:0.0113, trian_r2: -36.7911, trian_cc: 0.2492
Epoch 42, val_loss: 0.0058, val_mae: 0.0840, val_mse: 0.0116, val_r2: -35.6832, val_cc: 0.2431
Epoch 43, trian_loss: 0.0056, trian_mae: 0.0842, trian_mse:0.0112, trian_r2: -33.7096, trian_cc: 0.2494
Epoch 43, val_loss: 0.0058, val_mae: 0.0840, val_mse: 0.0116, val_r2: -39.8001, val_cc: 0.2514
Epoch 44, trian_loss: 0.0056, trian_mae: 0.0840, trian_mse:0.0112, trian_r2: -31.7737, trian_cc: 0.2516
Epoch 44, val_loss: 0.0057, val_mae: 0.0844, val_mse: 0.0115, val_r2: -34.6587, val_cc: 0.2507
Epoch 45, trian_loss: 0.0056, trian_mae: 0.0840, trian_mse:0.0112, trian_r2: -33.3664, trian_cc: 0.2522
Epoch 45, val_loss: 0.0057, val_mae: 0.0849, val_mse: 0.0114, val_r2: -35.3120, val_cc: 0.2500
Epoch 46, trian_loss: 0.0056, trian_mae: 0.0840, trian_mse:0.0112, trian_r2: -33.6662, trian_cc: 0.2514
Epoch 46, val_loss: 0.0058, val_mae: 0.0839, val_mse: 0.0116, val_r2: -46.8577, val_cc: 0.2421
Epoch 47, trian_loss: 0.0056, trian_mae: 0.0841, trian_mse:0.0112, trian_r2: -36.4335, trian_cc: 0.2466
Epoch 47, val_loss: 0.0059, val_mae: 0.0840, val_mse: 0.0117, val_r2: -29.2506, val_cc: 0.2438
Epoch 48, trian_loss: 0.0056, trian_mae: 0.0839, trian_mse:0.0112, trian_r2: -32.5780, trian_cc: 0.2512
Epoch 48, val_loss: 0.0058, val_mae: 0.0836, val_mse: 0.0117, val_r2: -26.0461, val_cc: 0.2478
Epoch 49, trian_loss: 0.0056, trian_mae: 0.0839, trian_mse:0.0111, trian_r2: -32.2875, trian_cc: 0.2514
Epoch 49, val_loss: 0.0058, val_mae: 0.0837, val_mse: 0.0116, val_r2: -33.4254, val_cc: 0.2488
Epoch 50, trian_loss: 0.0055, trian_mae: 0.0836, trian_mse:0.0110, trian_r2: -33.1197, trian_cc: 0.2535
Epoch 50, val_loss: 0.0058, val_mae: 0.0848, val_mse: 0.0116, val_r2: -38.2940, val_cc: 0.2494
Epoch 51, trian_loss: 0.0055, trian_mae: 0.0836, trian_mse:0.0110, trian_r2: -33.7955, trian_cc: 0.2551
Epoch 51, val_loss: 0.0058, val_mae: 0.0844, val_mse: 0.0117, val_r2: -46.5193, val_cc: 0.2515
Epoch 52, trian_loss: 0.0055, trian_mae: 0.0834, trian_mse:0.0110, trian_r2: -33.4648, trian_cc: 0.2562
Epoch 52, val_loss: 0.0059, val_mae: 0.0841, val_mse: 0.0117, val_r2: -42.8076, val_cc: 0.2508
Epoch 53, trian_loss: 0.0055, trian_mae: 0.0832, trian_mse:0.0110, trian_r2: -31.7707, trian_cc: 0.2559
Epoch 53, val_loss: 0.0058, val_mae: 0.0846, val_mse: 0.0117, val_r2: -40.5305, val_cc: 0.2356
Epoch 54, trian_loss: 0.0055, trian_mae: 0.0832, trian_mse:0.0110, trian_r2: -30.8119, trian_cc: 0.2568
Epoch 54, val_loss: 0.0058, val_mae: 0.0838, val_mse: 0.0116, val_r2: -34.6781, val_cc: 0.2517
Epoch 55, trian_loss: 0.0055, trian_mae: 0.0832, trian_mse:0.0110, trian_r2: -30.0173, trian_cc: 0.2553
Epoch 55, val_loss: 0.0058, val_mae: 0.0849, val_mse: 0.0116, val_r2: -35.1070, val_cc: 0.2457
Epoch 56, trian_loss: 0.0055, trian_mae: 0.0833, trian_mse:0.0110, trian_r2: -32.1283, trian_cc: 0.2552
Epoch 56, val_loss: 0.0058, val_mae: 0.0845, val_mse: 0.0115, val_r2: -36.1794, val_cc: 0.2506
Epoch 57, trian_loss: 0.0055, trian_mae: 0.0832, trian_mse:0.0110, trian_r2: -32.1054, trian_cc: 0.2545
Epoch 57, val_loss: 0.0059, val_mae: 0.0844, val_mse: 0.0117, val_r2: -32.9759, val_cc: 0.2518
Epoch 58, trian_loss: 0.0054, trian_mae: 0.0829, trian_mse:0.0109, trian_r2: -30.7793, trian_cc: 0.2595
Epoch 58, val_loss: 0.0058, val_mae: 0.0844, val_mse: 0.0117, val_r2: -35.5203, val_cc: 0.2502
Epoch 59, trian_loss: 0.0055, trian_mae: 0.0830, trian_mse:0.0109, trian_r2: -32.9851, trian_cc: 0.2604
Epoch 59, val_loss: 0.0058, val_mae: 0.0845, val_mse: 0.0116, val_r2: -37.5238, val_cc: 0.2530
Epoch 60, trian_loss: 0.0055, trian_mae: 0.0831, trian_mse:0.0109, trian_r2: -30.7277, trian_cc: 0.2604
Epoch 60, val_loss: 0.0058, val_mae: 0.0839, val_mse: 0.0117, val_r2: -40.0335, val_cc: 0.2519
Epoch 61, trian_loss: 0.0055, trian_mae: 0.0829, trian_mse:0.0109, trian_r2: -32.6071, trian_cc: 0.2603
Epoch 61, val_loss: 0.0057, val_mae: 0.0848, val_mse: 0.0115, val_r2: -35.5132, val_cc: 0.2519
Epoch 62, trian_loss: 0.0054, trian_mae: 0.0828, trian_mse:0.0109, trian_r2: -32.0171, trian_cc: 0.2611
Epoch 62, val_loss: 0.0057, val_mae: 0.0844, val_mse: 0.0114, val_r2: -28.2558, val_cc: 0.2549
Epoch 63, trian_loss: 0.0054, trian_mae: 0.0826, trian_mse:0.0109, trian_r2: -30.0499, trian_cc: 0.2619
Epoch 63, val_loss: 0.0058, val_mae: 0.0836, val_mse: 0.0117, val_r2: -32.2078, val_cc: 0.2522
Epoch 64, trian_loss: 0.0054, trian_mae: 0.0825, trian_mse:0.0108, trian_r2: -30.4617, trian_cc: 0.2630
Epoch 64, val_loss: 0.0058, val_mae: 0.0836, val_mse: 0.0116, val_r2: -33.9780, val_cc: 0.2534
Epoch 65, trian_loss: 0.0054, trian_mae: 0.0827, trian_mse:0.0108, trian_r2: -31.7264, trian_cc: 0.2624
Epoch 65, val_loss: 0.0058, val_mae: 0.0835, val_mse: 0.0117, val_r2: -30.1113, val_cc: 0.2508
Epoch 66, trian_loss: 0.0054, trian_mae: 0.0826, trian_mse:0.0108, trian_r2: -31.0465, trian_cc: 0.2633
Epoch 66, val_loss: 0.0059, val_mae: 0.0835, val_mse: 0.0118, val_r2: -43.2163, val_cc: 0.2455
Epoch 67, trian_loss: 0.0054, trian_mae: 0.0825, trian_mse:0.0108, trian_r2: -30.2060, trian_cc: 0.2625
Epoch 67, val_loss: 0.0058, val_mae: 0.0843, val_mse: 0.0116, val_r2: -30.4472, val_cc: 0.2533
Epoch 68, trian_loss: 0.0054, trian_mae: 0.0823, trian_mse:0.0108, trian_r2: -31.0407, trian_cc: 0.2648
Epoch 68, val_loss: 0.0059, val_mae: 0.0837, val_mse: 0.0117, val_r2: -31.0977, val_cc: 0.2507
Epoch 69, trian_loss: 0.0054, trian_mae: 0.0823, trian_mse:0.0108, trian_r2: -30.2861, trian_cc: 0.2646
Epoch 69, val_loss: 0.0058, val_mae: 0.0840, val_mse: 0.0116, val_r2: -27.1458, val_cc: 0.2514
Epoch 70, trian_loss: 0.0054, trian_mae: 0.0823, trian_mse:0.0107, trian_r2: -31.4048, trian_cc: 0.2624
Epoch 70, val_loss: 0.0058, val_mae: 0.0837, val_mse: 0.0116, val_r2: -28.3566, val_cc: 0.2511
Epoch 71, trian_loss: 0.0054, trian_mae: 0.0822, trian_mse:0.0107, trian_r2: -30.4629, trian_cc: 0.2645
Epoch 71, val_loss: 0.0058, val_mae: 0.0835, val_mse: 0.0117, val_r2: -31.7572, val_cc: 0.2475
Epoch 72, trian_loss: 0.0054, trian_mae: 0.0825, trian_mse:0.0108, trian_r2: -31.6188, trian_cc: 0.2619
Epoch 72, val_loss: 0.0058, val_mae: 0.0841, val_mse: 0.0116, val_r2: -27.6656, val_cc: 0.2519
Epoch 73, trian_loss: 0.0054, trian_mae: 0.0821, trian_mse:0.0107, trian_r2: -30.6371, trian_cc: 0.2664
Epoch 73, val_loss: 0.0059, val_mae: 0.0834, val_mse: 0.0118, val_r2: -31.4020, val_cc: 0.2486
Epoch 74, trian_loss: 0.0053, trian_mae: 0.0821, trian_mse:0.0107, trian_r2: -30.4862, trian_cc: 0.2660
Epoch 74, val_loss: 0.0059, val_mae: 0.0836, val_mse: 0.0118, val_r2: -35.0896, val_cc: 0.2468
Epoch 75, trian_loss: 0.0053, trian_mae: 0.0821, trian_mse:0.0107, trian_r2: -30.1099, trian_cc: 0.2648
Epoch 75, val_loss: 0.0059, val_mae: 0.0855, val_mse: 0.0118, val_r2: -21.0207, val_cc: 0.2467
Epoch 76, trian_loss: 0.0053, trian_mae: 0.0820, trian_mse:0.0107, trian_r2: -30.2478, trian_cc: 0.2655
Epoch 76, val_loss: 0.0058, val_mae: 0.0838, val_mse: 0.0117, val_r2: -30.3792, val_cc: 0.2490
Epoch 77, trian_loss: 0.0053, trian_mae: 0.0820, trian_mse:0.0106, trian_r2: -28.9409, trian_cc: 0.2655
Epoch 77, val_loss: 0.0059, val_mae: 0.0835, val_mse: 0.0118, val_r2: -32.5784, val_cc: 0.2487
Epoch 78, trian_loss: 0.0053, trian_mae: 0.0821, trian_mse:0.0107, trian_r2: -32.2618, trian_cc: 0.2649
Epoch 78, val_loss: 0.0058, val_mae: 0.0839, val_mse: 0.0116, val_r2: -27.2830, val_cc: 0.2469
Epoch 79, trian_loss: 0.0053, trian_mae: 0.0819, trian_mse:0.0106, trian_r2: -30.2656, trian_cc: 0.2670
Epoch 79, val_loss: 0.0059, val_mae: 0.0837, val_mse: 0.0117, val_r2: -32.4441, val_cc: 0.2475
Epoch 80, trian_loss: 0.0053, trian_mae: 0.0818, trian_mse:0.0106, trian_r2: -29.1347, trian_cc: 0.2672
Epoch 80, val_loss: 0.0059, val_mae: 0.0839, val_mse: 0.0117, val_r2: -31.5820, val_cc: 0.2488
Epoch 81, trian_loss: 0.0053, trian_mae: 0.0818, trian_mse:0.0106, trian_r2: -28.8918, trian_cc: 0.2654
Epoch 81, val_loss: 0.0058, val_mae: 0.0838, val_mse: 0.0117, val_r2: -34.4221, val_cc: 0.2485
Epoch 82, trian_loss: 0.0053, trian_mae: 0.0817, trian_mse:0.0105, trian_r2: -29.4310, trian_cc: 0.2676
Epoch 82, val_loss: 0.0058, val_mae: 0.0836, val_mse: 0.0116, val_r2: -41.2539, val_cc: 0.2507
Epoch 83, trian_loss: 0.0053, trian_mae: 0.0818, trian_mse:0.0106, trian_r2: -29.8077, trian_cc: 0.2689
Epoch 83, val_loss: 0.0058, val_mae: 0.0842, val_mse: 0.0116, val_r2: -34.0755, val_cc: 0.2492
Epoch 84, trian_loss: 0.0053, trian_mae: 0.0816, trian_mse:0.0105, trian_r2: -28.5686, trian_cc: 0.2691
Epoch 84, val_loss: 0.0059, val_mae: 0.0841, val_mse: 0.0118, val_r2: -28.3139, val_cc: 0.2462
Epoch 85, trian_loss: 0.0053, trian_mae: 0.0820, trian_mse:0.0106, trian_r2: -33.0037, trian_cc: 0.2648
Epoch 85, val_loss: 0.0058, val_mae: 0.0841, val_mse: 0.0116, val_r2: -35.1806, val_cc: 0.2408
Epoch 86, trian_loss: 0.0053, trian_mae: 0.0820, trian_mse:0.0106, trian_r2: -31.0850, trian_cc: 0.2636
Epoch 86, val_loss: 0.0059, val_mae: 0.0836, val_mse: 0.0118, val_r2: -32.8139, val_cc: 0.2496
Epoch 87, trian_loss: 0.0053, trian_mae: 0.0821, trian_mse:0.0106, trian_r2: -33.1929, trian_cc: 0.2653
Epoch 87, val_loss: 0.0058, val_mae: 0.0846, val_mse: 0.0117, val_r2: -27.9234, val_cc: 0.2486
Epoch 88, trian_loss: 0.0053, trian_mae: 0.0819, trian_mse:0.0106, trian_r2: -30.4926, trian_cc: 0.2674
Epoch 88, val_loss: 0.0059, val_mae: 0.0844, val_mse: 0.0118, val_r2: -31.8792, val_cc: 0.2463
Epoch 89, trian_loss: 0.0053, trian_mae: 0.0817, trian_mse:0.0105, trian_r2: -29.6282, trian_cc: 0.2688
Epoch 89, val_loss: 0.0059, val_mae: 0.0843, val_mse: 0.0118, val_r2: -24.5010, val_cc: 0.2465
Epoch 90, trian_loss: 0.0052, trian_mae: 0.0815, trian_mse:0.0105, trian_r2: -28.7579, trian_cc: 0.2710
Epoch 90, val_loss: 0.0059, val_mae: 0.0840, val_mse: 0.0118, val_r2: -33.4215, val_cc: 0.2445
Epoch 91, trian_loss: 0.0052, trian_mae: 0.0815, trian_mse:0.0104, trian_r2: -30.0374, trian_cc: 0.2709
Epoch 91, val_loss: 0.0059, val_mae: 0.0840, val_mse: 0.0118, val_r2: -33.4589, val_cc: 0.2474
Epoch 92, trian_loss: 0.0053, trian_mae: 0.0817, trian_mse:0.0105, trian_r2: -30.1083, trian_cc: 0.2698
Epoch 92, val_loss: 0.0058, val_mae: 0.0842, val_mse: 0.0117, val_r2: -30.9680, val_cc: 0.2495
Epoch 93, trian_loss: 0.0053, trian_mae: 0.0815, trian_mse:0.0105, trian_r2: -29.8801, trian_cc: 0.2710
Epoch 93, val_loss: 0.0059, val_mae: 0.0844, val_mse: 0.0117, val_r2: -30.1372, val_cc: 0.2478
Epoch 94, trian_loss: 0.0052, trian_mae: 0.0813, trian_mse:0.0104, trian_r2: -29.4977, trian_cc: 0.2731
Epoch 94, val_loss: 0.0058, val_mae: 0.0853, val_mse: 0.0116, val_r2: -28.5770, val_cc: 0.2453
Epoch 95, trian_loss: 0.0052, trian_mae: 0.0812, trian_mse:0.0104, trian_r2: -27.5225, trian_cc: 0.2743
Epoch 95, val_loss: 0.0059, val_mae: 0.0843, val_mse: 0.0118, val_r2: -27.9717, val_cc: 0.2432
Epoch 96, trian_loss: 0.0053, trian_mae: 0.0819, trian_mse:0.0106, trian_r2: -29.3768, trian_cc: 0.2704
Epoch 96, val_loss: 0.0059, val_mae: 0.0841, val_mse: 0.0117, val_r2: -25.6019, val_cc: 0.2464
Epoch 97, trian_loss: 0.0053, trian_mae: 0.0814, trian_mse:0.0105, trian_r2: -29.2264, trian_cc: 0.2718
Epoch 97, val_loss: 0.0058, val_mae: 0.0846, val_mse: 0.0117, val_r2: -29.9573, val_cc: 0.2467
Epoch 98, trian_loss: 0.0052, trian_mae: 0.0811, trian_mse:0.0103, trian_r2: -28.4541, trian_cc: 0.2738
Epoch 98, val_loss: 0.0059, val_mae: 0.0848, val_mse: 0.0117, val_r2: -26.9854, val_cc: 0.2452
Epoch 99, trian_loss: 0.0052, trian_mae: 0.0811, trian_mse:0.0103, trian_r2: -28.8386, trian_cc: 0.2766
Epoch 99, val_loss: 0.0059, val_mae: 0.0845, val_mse: 0.0118, val_r2: -29.4838, val_cc: 0.2448
