Trian Data: 515   Validation Data: 172  Test Data: 172
model ResNet_2D(
  (conv1): Sequential(
    (0): Conv2d(97, 64, kernel_size=(3, 3), stride=(1, 1), padding=(1, 1), bias=False)
    (1): BatchNorm2d(64, eps=1e-05, momentum=0.1, affine=True, track_running_stats=True)
  )
  (layer1): Sequential(
    (0): BasicBlock(
      (conv1): Conv2d(64, 64, kernel_size=(3, 3), stride=(1, 1), padding=(1, 1), bias=False)
      (bn1): BatchNorm2d(64, eps=1e-05, momentum=0.1, affine=True, track_running_stats=True)
      (conv2): Conv2d(64, 64, kernel_size=(3, 3), stride=(1, 1), padding=(1, 1), bias=False)
      (bn2): BatchNorm2d(64, eps=1e-05, momentum=0.1, affine=True, track_running_stats=True)
      (shortcut): Sequential()
    )
    (1): BasicBlock(
      (conv1): Conv2d(64, 64, kernel_size=(3, 3), stride=(1, 1), padding=(1, 1), bias=False)
      (bn1): BatchNorm2d(64, eps=1e-05, momentum=0.1, affine=True, track_running_stats=True)
      (conv2): Conv2d(64, 64, kernel_size=(3, 3), stride=(1, 1), padding=(1, 1), bias=False)
      (bn2): BatchNorm2d(64, eps=1e-05, momentum=0.1, affine=True, track_running_stats=True)
      (shortcut): Sequential()
    )
  )
  (layer2): Sequential(
    (0): BasicBlock(
      (conv1): Conv2d(64, 64, kernel_size=(3, 3), stride=(1, 1), padding=(1, 1), bias=False)
      (bn1): BatchNorm2d(64, eps=1e-05, momentum=0.1, affine=True, track_running_stats=True)
      (conv2): Conv2d(64, 64, kernel_size=(3, 3), stride=(1, 1), padding=(1, 1), bias=False)
      (bn2): BatchNorm2d(64, eps=1e-05, momentum=0.1, affine=True, track_running_stats=True)
      (shortcut): Sequential()
    )
    (1): BasicBlock(
      (conv1): Conv2d(64, 64, kernel_size=(3, 3), stride=(1, 1), padding=(1, 1), bias=False)
      (bn1): BatchNorm2d(64, eps=1e-05, momentum=0.1, affine=True, track_running_stats=True)
      (conv2): Conv2d(64, 64, kernel_size=(3, 3), stride=(1, 1), padding=(1, 1), bias=False)
      (bn2): BatchNorm2d(64, eps=1e-05, momentum=0.1, affine=True, track_running_stats=True)
      (shortcut): Sequential()
    )
  )
  (layer3): Sequential(
    (0): BasicBlock(
      (conv1): Conv2d(64, 64, kernel_size=(3, 3), stride=(1, 1), padding=(1, 1), bias=False)
      (bn1): BatchNorm2d(64, eps=1e-05, momentum=0.1, affine=True, track_running_stats=True)
      (conv2): Conv2d(64, 64, kernel_size=(3, 3), stride=(1, 1), padding=(1, 1), bias=False)
      (bn2): BatchNorm2d(64, eps=1e-05, momentum=0.1, affine=True, track_running_stats=True)
      (shortcut): Sequential()
    )
    (1): BasicBlock(
      (conv1): Conv2d(64, 64, kernel_size=(3, 3), stride=(1, 1), padding=(1, 1), bias=False)
      (bn1): BatchNorm2d(64, eps=1e-05, momentum=0.1, affine=True, track_running_stats=True)
      (conv2): Conv2d(64, 64, kernel_size=(3, 3), stride=(1, 1), padding=(1, 1), bias=False)
      (bn2): BatchNorm2d(64, eps=1e-05, momentum=0.1, affine=True, track_running_stats=True)
      (shortcut): Sequential()
    )
  )
  (layer4): Sequential(
    (0): BasicBlock(
      (conv1): Conv2d(64, 64, kernel_size=(3, 3), stride=(1, 1), padding=(1, 1), bias=False)
      (bn1): BatchNorm2d(64, eps=1e-05, momentum=0.1, affine=True, track_running_stats=True)
      (conv2): Conv2d(64, 64, kernel_size=(3, 3), stride=(1, 1), padding=(1, 1), bias=False)
      (bn2): BatchNorm2d(64, eps=1e-05, momentum=0.1, affine=True, track_running_stats=True)
      (shortcut): Sequential()
    )
    (1): BasicBlock(
      (conv1): Conv2d(64, 64, kernel_size=(3, 3), stride=(1, 1), padding=(1, 1), bias=False)
      (bn1): BatchNorm2d(64, eps=1e-05, momentum=0.1, affine=True, track_running_stats=True)
      (conv2): Conv2d(64, 64, kernel_size=(3, 3), stride=(1, 1), padding=(1, 1), bias=False)
      (bn2): BatchNorm2d(64, eps=1e-05, momentum=0.1, affine=True, track_running_stats=True)
      (shortcut): Sequential()
    )
  )
  (conv2): Sequential(
    (0): Conv2d(64, 32, kernel_size=(3, 3), stride=(1, 1), padding=(1, 1))
    (1): BatchNorm2d(32, eps=1e-05, momentum=0.1, affine=True, track_running_stats=True)
  )
  (conv3): Sequential(
    (0): Conv2d(32, 16, kernel_size=(3, 3), stride=(1, 1), padding=(1, 1))
    (1): BatchNorm2d(16, eps=1e-05, momentum=0.1, affine=True, track_running_stats=True)
  )
  (conv4): Sequential(
    (0): Conv2d(16, 1, kernel_size=(3, 3), stride=(1, 1), padding=(1, 1))
    (1): BatchNorm2d(1, eps=1e-05, momentum=0.1, affine=True, track_running_stats=True)
  )
)
Epoch  0, trian_loss: 0.0115, trian_mae: 0.1022, trian_mse:0.0236, trian_r2: -7.6461, trian_cc: -0.0699
Epoch  0, val_loss: 0.0063, val_mae: 0.0830, val_mse: 0.0126, val_r2: -15.4136, val_cc: -0.0514
Epoch  1, trian_loss: 0.0156, trian_mae: 0.1521, trian_mse:0.0313, trian_r2: -923395.0968, trian_cc: 0.0185
Epoch  1, val_loss: 0.0170, val_mae: 0.1578, val_mse: 0.0340, val_r2: -140207.4946, val_cc: 0.0294
Epoch  2, trian_loss: 0.0062, trian_mae: 0.0822, trian_mse:0.0123, trian_r2: -6581.1780, trian_cc: -0.0272
Epoch  2, val_loss: 0.0048, val_mae: 0.0721, val_mse: 0.0096, val_r2: -562.7312, val_cc: -0.0227
Epoch  3, trian_loss: 0.0042, trian_mae: 0.0687, trian_mse:0.0085, trian_r2: -852.2531, trian_cc: -0.0213
Epoch  3, val_loss: 0.0046, val_mae: 0.0709, val_mse: 0.0091, val_r2: -1208.6699, val_cc: -0.0115
Epoch  4, trian_loss: 0.0042, trian_mae: 0.0680, trian_mse:0.0083, trian_r2: -1260.4490, trian_cc: 0.0166
Epoch  4, val_loss: 0.0046, val_mae: 0.0716, val_mse: 0.0091, val_r2: -1171.6691, val_cc: 0.0143
Epoch  5, trian_loss: 0.0041, trian_mae: 0.0682, trian_mse:0.0083, trian_r2: -1367.2728, trian_cc: 0.0245
Epoch  5, val_loss: 0.0047, val_mae: 0.0727, val_mse: 0.0094, val_r2: -1101.9371, val_cc: 0.0330
Epoch  6, trian_loss: 0.0041, trian_mae: 0.0679, trian_mse:0.0083, trian_r2: -1496.6467, trian_cc: 0.0474
Epoch  6, val_loss: 0.0046, val_mae: 0.0716, val_mse: 0.0091, val_r2: -1369.9432, val_cc: 0.0654
Epoch  7, trian_loss: 0.0042, trian_mae: 0.0681, trian_mse:0.0083, trian_r2: -1382.0693, trian_cc: 0.0729
Epoch  7, val_loss: 0.0046, val_mae: 0.0709, val_mse: 0.0092, val_r2: -1041.4115, val_cc: 0.0825
Epoch  8, trian_loss: 0.0041, trian_mae: 0.0679, trian_mse:0.0083, trian_r2: -1171.2657, trian_cc: 0.0795
Epoch  8, val_loss: 0.0045, val_mae: 0.0715, val_mse: 0.0091, val_r2: -1136.7268, val_cc: 0.0844
Epoch  9, trian_loss: 0.0041, trian_mae: 0.0677, trian_mse:0.0082, trian_r2: -1416.6046, trian_cc: 0.0905
Epoch  9, val_loss: 0.0045, val_mae: 0.0716, val_mse: 0.0091, val_r2: -1079.4050, val_cc: 0.0912
Epoch 10, trian_loss: 0.0041, trian_mae: 0.0677, trian_mse:0.0082, trian_r2: -1264.3026, trian_cc: 0.0970
Epoch 10, val_loss: 0.0045, val_mae: 0.0715, val_mse: 0.0091, val_r2: -1085.6650, val_cc: 0.1054
Epoch 11, trian_loss: 0.0041, trian_mae: 0.0678, trian_mse:0.0082, trian_r2: -1202.9288, trian_cc: 0.1037
Epoch 11, val_loss: 0.0045, val_mae: 0.0715, val_mse: 0.0091, val_r2: -952.2701, val_cc: 0.1080
Epoch 12, trian_loss: 0.0041, trian_mae: 0.0677, trian_mse:0.0082, trian_r2: -1044.0040, trian_cc: 0.1079
Epoch 12, val_loss: 0.0045, val_mae: 0.0716, val_mse: 0.0091, val_r2: -907.8565, val_cc: 0.1090
Epoch 13, trian_loss: 0.0041, trian_mae: 0.0676, trian_mse:0.0082, trian_r2: -1285.4354, trian_cc: 0.1090
Epoch 13, val_loss: 0.0045, val_mae: 0.0721, val_mse: 0.0091, val_r2: -1681.3616, val_cc: 0.1048
Epoch 14, trian_loss: 0.0041, trian_mae: 0.0677, trian_mse:0.0082, trian_r2: -993.2614, trian_cc: 0.1177
Epoch 14, val_loss: 0.0045, val_mae: 0.0710, val_mse: 0.0090, val_r2: -837.7997, val_cc: 0.1096
Epoch 15, trian_loss: 0.0041, trian_mae: 0.0676, trian_mse:0.0082, trian_r2: -938.4758, trian_cc: 0.1201
Epoch 15, val_loss: 0.0045, val_mae: 0.0714, val_mse: 0.0091, val_r2: -878.8759, val_cc: 0.1142
Epoch 16, trian_loss: 0.0041, trian_mae: 0.0676, trian_mse:0.0082, trian_r2: -865.3332, trian_cc: 0.1206
Epoch 16, val_loss: 0.0046, val_mae: 0.0712, val_mse: 0.0093, val_r2: -444.9211, val_cc: 0.1107
Epoch 17, trian_loss: 0.0041, trian_mae: 0.0676, trian_mse:0.0082, trian_r2: -812.3431, trian_cc: 0.1234
Epoch 17, val_loss: 0.0045, val_mae: 0.0713, val_mse: 0.0091, val_r2: -641.1115, val_cc: 0.1166
Epoch 18, trian_loss: 0.0041, trian_mae: 0.0676, trian_mse:0.0082, trian_r2: -912.6355, trian_cc: 0.1228
Epoch 18, val_loss: 0.0045, val_mae: 0.0712, val_mse: 0.0091, val_r2: -632.8653, val_cc: 0.1213
Epoch 19, trian_loss: 0.0041, trian_mae: 0.0677, trian_mse:0.0082, trian_r2: -626.6451, trian_cc: 0.1291
Epoch 19, val_loss: 0.0045, val_mae: 0.0713, val_mse: 0.0091, val_r2: -523.0786, val_cc: 0.1211
Epoch 20, trian_loss: 0.0041, trian_mae: 0.0674, trian_mse:0.0081, trian_r2: -493.2200, trian_cc: 0.1309
Epoch 20, val_loss: 0.0045, val_mae: 0.0709, val_mse: 0.0090, val_r2: -277.2252, val_cc: 0.1327
Epoch 21, trian_loss: 0.0041, trian_mae: 0.0673, trian_mse:0.0081, trian_r2: -428.8484, trian_cc: 0.1367
Epoch 21, val_loss: 0.0045, val_mae: 0.0707, val_mse: 0.0090, val_r2: -244.4074, val_cc: 0.1319
Epoch 22, trian_loss: 0.0041, trian_mae: 0.0672, trian_mse:0.0081, trian_r2: -259.4662, trian_cc: 0.1380
Epoch 22, val_loss: 0.0045, val_mae: 0.0708, val_mse: 0.0089, val_r2: -163.0415, val_cc: 0.1389
Epoch 23, trian_loss: 0.0040, trian_mae: 0.0671, trian_mse:0.0081, trian_r2: -205.7776, trian_cc: 0.1490
Epoch 23, val_loss: 0.0045, val_mae: 0.0705, val_mse: 0.0089, val_r2: -138.6793, val_cc: 0.1563
Epoch 24, trian_loss: 0.0040, trian_mae: 0.0669, trian_mse:0.0081, trian_r2: -173.8422, trian_cc: 0.1592
Epoch 24, val_loss: 0.0044, val_mae: 0.0701, val_mse: 0.0089, val_r2: -111.2521, val_cc: 0.1558
Epoch 25, trian_loss: 0.0040, trian_mae: 0.0666, trian_mse:0.0080, trian_r2: -135.5241, trian_cc: 0.1678
Epoch 25, val_loss: 0.0044, val_mae: 0.0699, val_mse: 0.0089, val_r2: -104.7424, val_cc: 0.1629
Epoch 26, trian_loss: 0.0040, trian_mae: 0.0666, trian_mse:0.0080, trian_r2: -127.4926, trian_cc: 0.1724
Epoch 26, val_loss: 0.0044, val_mae: 0.0700, val_mse: 0.0088, val_r2: -95.7835, val_cc: 0.1669
Epoch 27, trian_loss: 0.0040, trian_mae: 0.0665, trian_mse:0.0080, trian_r2: -111.9263, trian_cc: 0.1765
Epoch 27, val_loss: 0.0044, val_mae: 0.0697, val_mse: 0.0088, val_r2: -92.6321, val_cc: 0.1749
Epoch 28, trian_loss: 0.0040, trian_mae: 0.0662, trian_mse:0.0079, trian_r2: -98.7838, trian_cc: 0.1837
Epoch 28, val_loss: 0.0044, val_mae: 0.0696, val_mse: 0.0088, val_r2: -81.9121, val_cc: 0.1762
Epoch 29, trian_loss: 0.0040, trian_mae: 0.0662, trian_mse:0.0079, trian_r2: -100.2449, trian_cc: 0.1873
Epoch 29, val_loss: 0.0044, val_mae: 0.0697, val_mse: 0.0088, val_r2: -74.2920, val_cc: 0.1824
Epoch 30, trian_loss: 0.0040, trian_mae: 0.0662, trian_mse:0.0079, trian_r2: -102.6051, trian_cc: 0.1873
Epoch 30, val_loss: 0.0044, val_mae: 0.0700, val_mse: 0.0088, val_r2: -74.3028, val_cc: 0.1701
Epoch 31, trian_loss: 0.0040, trian_mae: 0.0662, trian_mse:0.0079, trian_r2: -99.9520, trian_cc: 0.1868
Epoch 31, val_loss: 0.0044, val_mae: 0.0699, val_mse: 0.0088, val_r2: -79.1983, val_cc: 0.1805
Epoch 32, trian_loss: 0.0040, trian_mae: 0.0661, trian_mse:0.0079, trian_r2: -94.2274, trian_cc: 0.1904
Epoch 32, val_loss: 0.0044, val_mae: 0.0700, val_mse: 0.0088, val_r2: -75.8413, val_cc: 0.1744
Epoch 33, trian_loss: 0.0040, trian_mae: 0.0661, trian_mse:0.0079, trian_r2: -96.6324, trian_cc: 0.1957
Epoch 33, val_loss: 0.0044, val_mae: 0.0693, val_mse: 0.0088, val_r2: -72.1073, val_cc: 0.1865
Epoch 34, trian_loss: 0.0040, trian_mae: 0.0661, trian_mse:0.0079, trian_r2: -96.6173, trian_cc: 0.1925
Epoch 34, val_loss: 0.0044, val_mae: 0.0693, val_mse: 0.0088, val_r2: -89.5187, val_cc: 0.1835
Epoch 35, trian_loss: 0.0040, trian_mae: 0.0660, trian_mse:0.0079, trian_r2: -100.0590, trian_cc: 0.1948
Epoch 35, val_loss: 0.0044, val_mae: 0.0694, val_mse: 0.0088, val_r2: -83.6927, val_cc: 0.1850
Epoch 36, trian_loss: 0.0040, trian_mae: 0.0661, trian_mse:0.0079, trian_r2: -97.7211, trian_cc: 0.1930
Epoch 36, val_loss: 0.0044, val_mae: 0.0695, val_mse: 0.0088, val_r2: -76.7143, val_cc: 0.1857
Epoch 37, trian_loss: 0.0039, trian_mae: 0.0659, trian_mse:0.0079, trian_r2: -95.7181, trian_cc: 0.1969
Epoch 37, val_loss: 0.0044, val_mae: 0.0699, val_mse: 0.0089, val_r2: -105.2679, val_cc: 0.1848
Epoch 38, trian_loss: 0.0040, trian_mae: 0.0661, trian_mse:0.0079, trian_r2: -100.3628, trian_cc: 0.1938
Epoch 38, val_loss: 0.0044, val_mae: 0.0694, val_mse: 0.0088, val_r2: -79.2017, val_cc: 0.1891
Epoch 39, trian_loss: 0.0039, trian_mae: 0.0659, trian_mse:0.0079, trian_r2: -100.0329, trian_cc: 0.1961
Epoch 39, val_loss: 0.0044, val_mae: 0.0693, val_mse: 0.0088, val_r2: -74.9508, val_cc: 0.1861
Epoch 40, trian_loss: 0.0040, trian_mae: 0.0660, trian_mse:0.0079, trian_r2: -93.1932, trian_cc: 0.1985
Epoch 40, val_loss: 0.0044, val_mae: 0.0694, val_mse: 0.0088, val_r2: -76.8011, val_cc: 0.1874
Epoch 41, trian_loss: 0.0040, trian_mae: 0.0660, trian_mse:0.0079, trian_r2: -96.1850, trian_cc: 0.1964
Epoch 41, val_loss: 0.0044, val_mae: 0.0695, val_mse: 0.0088, val_r2: -78.0328, val_cc: 0.1859
Epoch 42, trian_loss: 0.0040, trian_mae: 0.0660, trian_mse:0.0079, trian_r2: -89.2348, trian_cc: 0.1952
Epoch 42, val_loss: 0.0044, val_mae: 0.0695, val_mse: 0.0088, val_r2: -84.7515, val_cc: 0.1842
Epoch 43, trian_loss: 0.0040, trian_mae: 0.0660, trian_mse:0.0079, trian_r2: -87.8740, trian_cc: 0.1973
Epoch 43, val_loss: 0.0044, val_mae: 0.0694, val_mse: 0.0088, val_r2: -82.2373, val_cc: 0.1846
Epoch 44, trian_loss: 0.0039, trian_mae: 0.0658, trian_mse:0.0079, trian_r2: -96.1634, trian_cc: 0.2005
Epoch 44, val_loss: 0.0044, val_mae: 0.0691, val_mse: 0.0088, val_r2: -85.0289, val_cc: 0.1881
Epoch 45, trian_loss: 0.0039, trian_mae: 0.0658, trian_mse:0.0079, trian_r2: -90.2991, trian_cc: 0.2010
Epoch 45, val_loss: 0.0044, val_mae: 0.0692, val_mse: 0.0088, val_r2: -84.8759, val_cc: 0.1847
Epoch 46, trian_loss: 0.0039, trian_mae: 0.0658, trian_mse:0.0079, trian_r2: -95.5593, trian_cc: 0.1989
Epoch 46, val_loss: 0.0044, val_mae: 0.0692, val_mse: 0.0088, val_r2: -85.4206, val_cc: 0.1860
Epoch 47, trian_loss: 0.0039, trian_mae: 0.0658, trian_mse:0.0079, trian_r2: -88.5244, trian_cc: 0.2012
Epoch 47, val_loss: 0.0044, val_mae: 0.0693, val_mse: 0.0088, val_r2: -86.4844, val_cc: 0.1891
Epoch 48, trian_loss: 0.0039, trian_mae: 0.0658, trian_mse:0.0079, trian_r2: -94.6536, trian_cc: 0.2023
Epoch 48, val_loss: 0.0044, val_mae: 0.0689, val_mse: 0.0088, val_r2: -87.1499, val_cc: 0.1924
Epoch 49, trian_loss: 0.0039, trian_mae: 0.0658, trian_mse:0.0079, trian_r2: -96.7793, trian_cc: 0.2026
Epoch 49, val_loss: 0.0044, val_mae: 0.0691, val_mse: 0.0088, val_r2: -80.8330, val_cc: 0.1904
Epoch 50, trian_loss: 0.0039, trian_mae: 0.0658, trian_mse:0.0079, trian_r2: -93.2029, trian_cc: 0.2016
Epoch 50, val_loss: 0.0044, val_mae: 0.0691, val_mse: 0.0088, val_r2: -77.4931, val_cc: 0.1917
Epoch 51, trian_loss: 0.0039, trian_mae: 0.0658, trian_mse:0.0079, trian_r2: -91.5190, trian_cc: 0.2012
Epoch 51, val_loss: 0.0044, val_mae: 0.0693, val_mse: 0.0088, val_r2: -84.6148, val_cc: 0.1940
Epoch 52, trian_loss: 0.0039, trian_mae: 0.0658, trian_mse:0.0079, trian_r2: -94.5735, trian_cc: 0.2038
Epoch 52, val_loss: 0.0044, val_mae: 0.0690, val_mse: 0.0088, val_r2: -89.7401, val_cc: 0.1928
Epoch 53, trian_loss: 0.0039, trian_mae: 0.0658, trian_mse:0.0079, trian_r2: -92.3431, trian_cc: 0.2043
Epoch 53, val_loss: 0.0044, val_mae: 0.0689, val_mse: 0.0088, val_r2: -88.8879, val_cc: 0.1945
Epoch 54, trian_loss: 0.0039, trian_mae: 0.0658, trian_mse:0.0079, trian_r2: -89.4692, trian_cc: 0.2057
Epoch 54, val_loss: 0.0044, val_mae: 0.0694, val_mse: 0.0088, val_r2: -83.3810, val_cc: 0.1876
Epoch 55, trian_loss: 0.0039, trian_mae: 0.0658, trian_mse:0.0079, trian_r2: -95.3589, trian_cc: 0.2028
Epoch 55, val_loss: 0.0044, val_mae: 0.0695, val_mse: 0.0088, val_r2: -91.0083, val_cc: 0.1869
Epoch 56, trian_loss: 0.0039, trian_mae: 0.0658, trian_mse:0.0079, trian_r2: -96.5504, trian_cc: 0.2032
Epoch 56, val_loss: 0.0044, val_mae: 0.0690, val_mse: 0.0088, val_r2: -85.0384, val_cc: 0.1929
Epoch 57, trian_loss: 0.0039, trian_mae: 0.0658, trian_mse:0.0079, trian_r2: -94.8041, trian_cc: 0.2046
Epoch 57, val_loss: 0.0044, val_mae: 0.0690, val_mse: 0.0088, val_r2: -81.9349, val_cc: 0.1957
Epoch 58, trian_loss: 0.0039, trian_mae: 0.0657, trian_mse:0.0079, trian_r2: -93.8999, trian_cc: 0.2059
Epoch 58, val_loss: 0.0044, val_mae: 0.0691, val_mse: 0.0088, val_r2: -95.2868, val_cc: 0.1917
Epoch 59, trian_loss: 0.0039, trian_mae: 0.0658, trian_mse:0.0079, trian_r2: -89.7172, trian_cc: 0.2042
Epoch 59, val_loss: 0.0044, val_mae: 0.0689, val_mse: 0.0088, val_r2: -86.7422, val_cc: 0.1938
Epoch 60, trian_loss: 0.0039, trian_mae: 0.0658, trian_mse:0.0079, trian_r2: -90.9782, trian_cc: 0.2045
Epoch 60, val_loss: 0.0044, val_mae: 0.0690, val_mse: 0.0088, val_r2: -85.0733, val_cc: 0.1923
Epoch 61, trian_loss: 0.0039, trian_mae: 0.0658, trian_mse:0.0079, trian_r2: -87.5110, trian_cc: 0.2051
Epoch 61, val_loss: 0.0044, val_mae: 0.0690, val_mse: 0.0088, val_r2: -82.8993, val_cc: 0.1966
Epoch 62, trian_loss: 0.0039, trian_mae: 0.0657, trian_mse:0.0079, trian_r2: -87.8440, trian_cc: 0.2060
Epoch 62, val_loss: 0.0044, val_mae: 0.0692, val_mse: 0.0088, val_r2: -78.4670, val_cc: 0.1936
Epoch 63, trian_loss: 0.0039, trian_mae: 0.0658, trian_mse:0.0079, trian_r2: -91.5925, trian_cc: 0.2043
Epoch 63, val_loss: 0.0044, val_mae: 0.0691, val_mse: 0.0088, val_r2: -81.8588, val_cc: 0.1942
Epoch 64, trian_loss: 0.0039, trian_mae: 0.0657, trian_mse:0.0079, trian_r2: -95.7025, trian_cc: 0.2057
Epoch 64, val_loss: 0.0044, val_mae: 0.0690, val_mse: 0.0088, val_r2: -81.4995, val_cc: 0.1952
Epoch 65, trian_loss: 0.0039, trian_mae: 0.0657, trian_mse:0.0079, trian_r2: -92.3772, trian_cc: 0.2047
Epoch 65, val_loss: 0.0044, val_mae: 0.0689, val_mse: 0.0088, val_r2: -81.2052, val_cc: 0.1961
Epoch 66, trian_loss: 0.0039, trian_mae: 0.0657, trian_mse:0.0079, trian_r2: -90.8680, trian_cc: 0.2072
Epoch 66, val_loss: 0.0044, val_mae: 0.0692, val_mse: 0.0088, val_r2: -84.0891, val_cc: 0.1918
Epoch 67, trian_loss: 0.0039, trian_mae: 0.0658, trian_mse:0.0079, trian_r2: -91.8662, trian_cc: 0.2046
Epoch 67, val_loss: 0.0044, val_mae: 0.0689, val_mse: 0.0088, val_r2: -81.8493, val_cc: 0.1973
Epoch 68, trian_loss: 0.0039, trian_mae: 0.0657, trian_mse:0.0079, trian_r2: -93.0353, trian_cc: 0.2073
Epoch 68, val_loss: 0.0044, val_mae: 0.0691, val_mse: 0.0088, val_r2: -86.2627, val_cc: 0.1960
Epoch 69, trian_loss: 0.0039, trian_mae: 0.0657, trian_mse:0.0079, trian_r2: -92.5619, trian_cc: 0.2060
Epoch 69, val_loss: 0.0044, val_mae: 0.0690, val_mse: 0.0088, val_r2: -98.4118, val_cc: 0.1922
Epoch 70, trian_loss: 0.0039, trian_mae: 0.0657, trian_mse:0.0079, trian_r2: -92.9734, trian_cc: 0.2069
Epoch 70, val_loss: 0.0044, val_mae: 0.0689, val_mse: 0.0088, val_r2: -83.4662, val_cc: 0.1984
Epoch 71, trian_loss: 0.0039, trian_mae: 0.0657, trian_mse:0.0079, trian_r2: -92.2257, trian_cc: 0.2078
Epoch 71, val_loss: 0.0044, val_mae: 0.0690, val_mse: 0.0088, val_r2: -80.3307, val_cc: 0.1950
Epoch 72, trian_loss: 0.0039, trian_mae: 0.0657, trian_mse:0.0079, trian_r2: -102.5523, trian_cc: 0.2068
Epoch 72, val_loss: 0.0044, val_mae: 0.0689, val_mse: 0.0088, val_r2: -89.8019, val_cc: 0.1969
Epoch 73, trian_loss: 0.0039, trian_mae: 0.0657, trian_mse:0.0079, trian_r2: -87.1119, trian_cc: 0.2081
Epoch 73, val_loss: 0.0044, val_mae: 0.0691, val_mse: 0.0088, val_r2: -81.2471, val_cc: 0.1936
Epoch 74, trian_loss: 0.0039, trian_mae: 0.0657, trian_mse:0.0079, trian_r2: -94.1743, trian_cc: 0.2082
Epoch 74, val_loss: 0.0044, val_mae: 0.0692, val_mse: 0.0088, val_r2: -79.6045, val_cc: 0.1957
Epoch 75, trian_loss: 0.0039, trian_mae: 0.0657, trian_mse:0.0079, trian_r2: -96.3944, trian_cc: 0.2078
Epoch 75, val_loss: 0.0044, val_mae: 0.0690, val_mse: 0.0088, val_r2: -88.2880, val_cc: 0.1978
Epoch 76, trian_loss: 0.0039, trian_mae: 0.0657, trian_mse:0.0079, trian_r2: -92.4438, trian_cc: 0.2070
Epoch 76, val_loss: 0.0044, val_mae: 0.0689, val_mse: 0.0088, val_r2: -86.2022, val_cc: 0.1971
Epoch 77, trian_loss: 0.0039, trian_mae: 0.0657, trian_mse:0.0079, trian_r2: -87.3722, trian_cc: 0.2077
Epoch 77, val_loss: 0.0044, val_mae: 0.0690, val_mse: 0.0088, val_r2: -81.7235, val_cc: 0.1962
Epoch 78, trian_loss: 0.0039, trian_mae: 0.0657, trian_mse:0.0079, trian_r2: -87.8299, trian_cc: 0.2076
Epoch 78, val_loss: 0.0044, val_mae: 0.0689, val_mse: 0.0088, val_r2: -86.1759, val_cc: 0.1993
Epoch 79, trian_loss: 0.0039, trian_mae: 0.0657, trian_mse:0.0079, trian_r2: -97.5349, trian_cc: 0.2079
Epoch 79, val_loss: 0.0044, val_mae: 0.0689, val_mse: 0.0088, val_r2: -93.8069, val_cc: 0.1998
Epoch 80, trian_loss: 0.0039, trian_mae: 0.0657, trian_mse:0.0079, trian_r2: -94.8206, trian_cc: 0.2092
Epoch 80, val_loss: 0.0044, val_mae: 0.0690, val_mse: 0.0088, val_r2: -95.8715, val_cc: 0.1953
Epoch 81, trian_loss: 0.0039, trian_mae: 0.0657, trian_mse:0.0079, trian_r2: -90.7403, trian_cc: 0.2060
Epoch 81, val_loss: 0.0044, val_mae: 0.0689, val_mse: 0.0088, val_r2: -82.2568, val_cc: 0.1995
Epoch 82, trian_loss: 0.0039, trian_mae: 0.0657, trian_mse:0.0079, trian_r2: -94.6716, trian_cc: 0.2089
Epoch 82, val_loss: 0.0044, val_mae: 0.0691, val_mse: 0.0088, val_r2: -93.2160, val_cc: 0.1971
Epoch 83, trian_loss: 0.0039, trian_mae: 0.0657, trian_mse:0.0079, trian_r2: -93.7906, trian_cc: 0.2085
Epoch 83, val_loss: 0.0044, val_mae: 0.0689, val_mse: 0.0088, val_r2: -83.0055, val_cc: 0.1985
Epoch 84, trian_loss: 0.0039, trian_mae: 0.0657, trian_mse:0.0079, trian_r2: -92.0488, trian_cc: 0.2086
Epoch 84, val_loss: 0.0044, val_mae: 0.0691, val_mse: 0.0088, val_r2: -89.8930, val_cc: 0.1964
Epoch 85, trian_loss: 0.0039, trian_mae: 0.0656, trian_mse:0.0079, trian_r2: -88.7183, trian_cc: 0.2086
Epoch 85, val_loss: 0.0044, val_mae: 0.0691, val_mse: 0.0088, val_r2: -73.4152, val_cc: 0.1973
Epoch 86, trian_loss: 0.0039, trian_mae: 0.0657, trian_mse:0.0079, trian_r2: -92.5965, trian_cc: 0.2084
Epoch 86, val_loss: 0.0044, val_mae: 0.0692, val_mse: 0.0088, val_r2: -77.7293, val_cc: 0.1977
Epoch 87, trian_loss: 0.0039, trian_mae: 0.0657, trian_mse:0.0079, trian_r2: -91.7513, trian_cc: 0.2086
Epoch 87, val_loss: 0.0044, val_mae: 0.0690, val_mse: 0.0088, val_r2: -81.0741, val_cc: 0.1992
Epoch 88, trian_loss: 0.0039, trian_mae: 0.0657, trian_mse:0.0079, trian_r2: -89.4161, trian_cc: 0.2086
Epoch 88, val_loss: 0.0044, val_mae: 0.0690, val_mse: 0.0088, val_r2: -80.9168, val_cc: 0.1960
Epoch 89, trian_loss: 0.0039, trian_mae: 0.0657, trian_mse:0.0079, trian_r2: -91.2706, trian_cc: 0.2077
Epoch 89, val_loss: 0.0044, val_mae: 0.0692, val_mse: 0.0088, val_r2: -77.0038, val_cc: 0.1932
Epoch 90, trian_loss: 0.0039, trian_mae: 0.0656, trian_mse:0.0079, trian_r2: -90.2123, trian_cc: 0.2102
Epoch 90, val_loss: 0.0044, val_mae: 0.0689, val_mse: 0.0088, val_r2: -81.8507, val_cc: 0.1988
Epoch 91, trian_loss: 0.0039, trian_mae: 0.0657, trian_mse:0.0079, trian_r2: -92.5162, trian_cc: 0.2091
Epoch 91, val_loss: 0.0044, val_mae: 0.0689, val_mse: 0.0088, val_r2: -81.7838, val_cc: 0.2001
Epoch 92, trian_loss: 0.0039, trian_mae: 0.0656, trian_mse:0.0078, trian_r2: -86.0402, trian_cc: 0.2101
Epoch 92, val_loss: 0.0044, val_mae: 0.0691, val_mse: 0.0088, val_r2: -81.1668, val_cc: 0.1961
Epoch 93, trian_loss: 0.0039, trian_mae: 0.0656, trian_mse:0.0078, trian_r2: -90.7337, trian_cc: 0.2091
Epoch 93, val_loss: 0.0044, val_mae: 0.0690, val_mse: 0.0088, val_r2: -92.4868, val_cc: 0.1987
Epoch 94, trian_loss: 0.0039, trian_mae: 0.0656, trian_mse:0.0079, trian_r2: -87.6016, trian_cc: 0.2095
Epoch 94, val_loss: 0.0044, val_mae: 0.0689, val_mse: 0.0088, val_r2: -79.8881, val_cc: 0.1996
Epoch 95, trian_loss: 0.0039, trian_mae: 0.0656, trian_mse:0.0079, trian_r2: -91.6847, trian_cc: 0.2104
Epoch 95, val_loss: 0.0044, val_mae: 0.0689, val_mse: 0.0088, val_r2: -87.8737, val_cc: 0.2003
Epoch 96, trian_loss: 0.0039, trian_mae: 0.0656, trian_mse:0.0079, trian_r2: -90.2907, trian_cc: 0.2110
Epoch 96, val_loss: 0.0044, val_mae: 0.0691, val_mse: 0.0088, val_r2: -87.1391, val_cc: 0.1996
Epoch 97, trian_loss: 0.0039, trian_mae: 0.0657, trian_mse:0.0079, trian_r2: -88.1474, trian_cc: 0.2106
Epoch 97, val_loss: 0.0044, val_mae: 0.0690, val_mse: 0.0088, val_r2: -84.4607, val_cc: 0.1978
Epoch 98, trian_loss: 0.0039, trian_mae: 0.0656, trian_mse:0.0079, trian_r2: -90.1368, trian_cc: 0.2092
Epoch 98, val_loss: 0.0044, val_mae: 0.0689, val_mse: 0.0088, val_r2: -84.0695, val_cc: 0.1996
Epoch 99, trian_loss: 0.0039, trian_mae: 0.0656, trian_mse:0.0079, trian_r2: -96.2452, trian_cc: 0.2111
Epoch 99, val_loss: 0.0044, val_mae: 0.0689, val_mse: 0.0088, val_r2: -92.1544, val_cc: 0.2000
