Trian Data: 515   Validation Data: 172  Test Data: 172
model ResNet_2D(
  (conv1): Sequential(
    (0): Conv2d(77, 64, kernel_size=(3, 3), stride=(1, 1), padding=(1, 1), bias=False)
    (1): BatchNorm2d(64, eps=1e-05, momentum=0.1, affine=True, track_running_stats=True)
  )
  (layer1): Sequential(
    (0): BasicBlock(
      (conv1): Conv2d(64, 64, kernel_size=(3, 3), stride=(1, 1), padding=(1, 1), bias=False)
      (bn1): BatchNorm2d(64, eps=1e-05, momentum=0.1, affine=True, track_running_stats=True)
      (conv2): Conv2d(64, 64, kernel_size=(3, 3), stride=(1, 1), padding=(1, 1), bias=False)
      (bn2): BatchNorm2d(64, eps=1e-05, momentum=0.1, affine=True, track_running_stats=True)
      (shortcut): Sequential()
    )
    (1): BasicBlock(
      (conv1): Conv2d(64, 64, kernel_size=(3, 3), stride=(1, 1), padding=(1, 1), bias=False)
      (bn1): BatchNorm2d(64, eps=1e-05, momentum=0.1, affine=True, track_running_stats=True)
      (conv2): Conv2d(64, 64, kernel_size=(3, 3), stride=(1, 1), padding=(1, 1), bias=False)
      (bn2): BatchNorm2d(64, eps=1e-05, momentum=0.1, affine=True, track_running_stats=True)
      (shortcut): Sequential()
    )
  )
  (layer2): Sequential(
    (0): BasicBlock(
      (conv1): Conv2d(64, 64, kernel_size=(3, 3), stride=(1, 1), padding=(1, 1), bias=False)
      (bn1): BatchNorm2d(64, eps=1e-05, momentum=0.1, affine=True, track_running_stats=True)
      (conv2): Conv2d(64, 64, kernel_size=(3, 3), stride=(1, 1), padding=(1, 1), bias=False)
      (bn2): BatchNorm2d(64, eps=1e-05, momentum=0.1, affine=True, track_running_stats=True)
      (shortcut): Sequential()
    )
    (1): BasicBlock(
      (conv1): Conv2d(64, 64, kernel_size=(3, 3), stride=(1, 1), padding=(1, 1), bias=False)
      (bn1): BatchNorm2d(64, eps=1e-05, momentum=0.1, affine=True, track_running_stats=True)
      (conv2): Conv2d(64, 64, kernel_size=(3, 3), stride=(1, 1), padding=(1, 1), bias=False)
      (bn2): BatchNorm2d(64, eps=1e-05, momentum=0.1, affine=True, track_running_stats=True)
      (shortcut): Sequential()
    )
  )
  (layer3): Sequential(
    (0): BasicBlock(
      (conv1): Conv2d(64, 64, kernel_size=(3, 3), stride=(1, 1), padding=(1, 1), bias=False)
      (bn1): BatchNorm2d(64, eps=1e-05, momentum=0.1, affine=True, track_running_stats=True)
      (conv2): Conv2d(64, 64, kernel_size=(3, 3), stride=(1, 1), padding=(1, 1), bias=False)
      (bn2): BatchNorm2d(64, eps=1e-05, momentum=0.1, affine=True, track_running_stats=True)
      (shortcut): Sequential()
    )
    (1): BasicBlock(
      (conv1): Conv2d(64, 64, kernel_size=(3, 3), stride=(1, 1), padding=(1, 1), bias=False)
      (bn1): BatchNorm2d(64, eps=1e-05, momentum=0.1, affine=True, track_running_stats=True)
      (conv2): Conv2d(64, 64, kernel_size=(3, 3), stride=(1, 1), padding=(1, 1), bias=False)
      (bn2): BatchNorm2d(64, eps=1e-05, momentum=0.1, affine=True, track_running_stats=True)
      (shortcut): Sequential()
    )
  )
  (layer4): Sequential(
    (0): BasicBlock(
      (conv1): Conv2d(64, 64, kernel_size=(3, 3), stride=(1, 1), padding=(1, 1), bias=False)
      (bn1): BatchNorm2d(64, eps=1e-05, momentum=0.1, affine=True, track_running_stats=True)
      (conv2): Conv2d(64, 64, kernel_size=(3, 3), stride=(1, 1), padding=(1, 1), bias=False)
      (bn2): BatchNorm2d(64, eps=1e-05, momentum=0.1, affine=True, track_running_stats=True)
      (shortcut): Sequential()
    )
    (1): BasicBlock(
      (conv1): Conv2d(64, 64, kernel_size=(3, 3), stride=(1, 1), padding=(1, 1), bias=False)
      (bn1): BatchNorm2d(64, eps=1e-05, momentum=0.1, affine=True, track_running_stats=True)
      (conv2): Conv2d(64, 64, kernel_size=(3, 3), stride=(1, 1), padding=(1, 1), bias=False)
      (bn2): BatchNorm2d(64, eps=1e-05, momentum=0.1, affine=True, track_running_stats=True)
      (shortcut): Sequential()
    )
  )
  (conv2): Sequential(
    (0): Conv2d(64, 32, kernel_size=(3, 3), stride=(1, 1), padding=(1, 1))
    (1): BatchNorm2d(32, eps=1e-05, momentum=0.1, affine=True, track_running_stats=True)
  )
  (conv3): Sequential(
    (0): Conv2d(32, 16, kernel_size=(3, 3), stride=(1, 1), padding=(1, 1))
    (1): BatchNorm2d(16, eps=1e-05, momentum=0.1, affine=True, track_running_stats=True)
  )
  (conv4): Sequential(
    (0): Conv2d(16, 1, kernel_size=(3, 3), stride=(1, 1), padding=(1, 1))
    (1): BatchNorm2d(1, eps=1e-05, momentum=0.1, affine=True, track_running_stats=True)
  )
)
Epoch  0, trian_loss: 0.0089, trian_mae: 0.0916, trian_mse:0.0179, trian_r2: -4.3794, trian_cc: -0.0023
Epoch  0, val_loss: 0.0065, val_mae: 0.0873, val_mse: 0.0130, val_r2: -10.7983, val_cc: -0.0072
Epoch  1, trian_loss: 0.0045, trian_mae: 0.0715, trian_mse:0.0091, trian_r2: -227.8666, trian_cc: -0.0527
Epoch  1, val_loss: 0.0047, val_mae: 0.0730, val_mse: 0.0093, val_r2: -213.9263, val_cc: -0.0430
Epoch  2, trian_loss: 0.0043, trian_mae: 0.0687, trian_mse:0.0085, trian_r2: -388.6498, trian_cc: -0.0429
Epoch  2, val_loss: 0.0046, val_mae: 0.0732, val_mse: 0.0092, val_r2: -534.6033, val_cc: -0.0453
Epoch  3, trian_loss: 0.0042, trian_mae: 0.0683, trian_mse:0.0083, trian_r2: -648.8267, trian_cc: -0.0398
Epoch  3, val_loss: 0.0046, val_mae: 0.0718, val_mse: 0.0092, val_r2: -759.9683, val_cc: -0.0512
Epoch  4, trian_loss: 0.0042, trian_mae: 0.0681, trian_mse:0.0083, trian_r2: -1175.4377, trian_cc: -0.0257
Epoch  4, val_loss: 0.0046, val_mae: 0.0715, val_mse: 0.0092, val_r2: -1622.3422, val_cc: -0.0205
Epoch  5, trian_loss: 0.0042, trian_mae: 0.0681, trian_mse:0.0083, trian_r2: -1839.7706, trian_cc: -0.0067
Epoch  5, val_loss: 0.0045, val_mae: 0.0718, val_mse: 0.0091, val_r2: -1929.4375, val_cc: 0.0095
Epoch  6, trian_loss: 0.0041, trian_mae: 0.0680, trian_mse:0.0083, trian_r2: -2310.9073, trian_cc: 0.0241
Epoch  6, val_loss: 0.0045, val_mae: 0.0717, val_mse: 0.0091, val_r2: -3149.5544, val_cc: 0.0279
Epoch  7, trian_loss: 0.0041, trian_mae: 0.0680, trian_mse:0.0083, trian_r2: -2461.0591, trian_cc: 0.0373
Epoch  7, val_loss: 0.0045, val_mae: 0.0712, val_mse: 0.0091, val_r2: -2973.9927, val_cc: 0.0276
Epoch  8, trian_loss: 0.0041, trian_mae: 0.0678, trian_mse:0.0082, trian_r2: -2361.8300, trian_cc: 0.0482
Epoch  8, val_loss: 0.0046, val_mae: 0.0718, val_mse: 0.0091, val_r2: -2240.0182, val_cc: 0.0500
Epoch  9, trian_loss: 0.0041, trian_mae: 0.0679, trian_mse:0.0082, trian_r2: -2349.4491, trian_cc: 0.0578
Epoch  9, val_loss: 0.0045, val_mae: 0.0717, val_mse: 0.0091, val_r2: -2426.9794, val_cc: 0.0620
Epoch 10, trian_loss: 0.0041, trian_mae: 0.0678, trian_mse:0.0082, trian_r2: -1790.5085, trian_cc: 0.0627
Epoch 10, val_loss: 0.0045, val_mae: 0.0715, val_mse: 0.0091, val_r2: -2871.6677, val_cc: 0.0682
Epoch 11, trian_loss: 0.0041, trian_mae: 0.0677, trian_mse:0.0082, trian_r2: -1611.6700, trian_cc: 0.0744
Epoch 11, val_loss: 0.0046, val_mae: 0.0720, val_mse: 0.0091, val_r2: -1767.4710, val_cc: 0.0759
Epoch 12, trian_loss: 0.0041, trian_mae: 0.0677, trian_mse:0.0082, trian_r2: -1669.8298, trian_cc: 0.0747
Epoch 12, val_loss: 0.0045, val_mae: 0.0719, val_mse: 0.0091, val_r2: -2112.8148, val_cc: 0.0799
Epoch 13, trian_loss: 0.0041, trian_mae: 0.0677, trian_mse:0.0082, trian_r2: -1373.7717, trian_cc: 0.0804
Epoch 13, val_loss: 0.0046, val_mae: 0.0717, val_mse: 0.0093, val_r2: -388.9324, val_cc: 0.0649
Epoch 14, trian_loss: 0.0041, trian_mae: 0.0677, trian_mse:0.0082, trian_r2: -1060.5453, trian_cc: 0.0775
Epoch 14, val_loss: 0.0045, val_mae: 0.0716, val_mse: 0.0091, val_r2: -1584.0450, val_cc: 0.0836
Epoch 15, trian_loss: 0.0041, trian_mae: 0.0677, trian_mse:0.0082, trian_r2: -1316.4125, trian_cc: 0.0902
Epoch 15, val_loss: 0.0045, val_mae: 0.0716, val_mse: 0.0091, val_r2: -1380.1005, val_cc: 0.0895
Epoch 16, trian_loss: 0.0041, trian_mae: 0.0677, trian_mse:0.0082, trian_r2: -1142.7515, trian_cc: 0.0957
Epoch 16, val_loss: 0.0045, val_mae: 0.0713, val_mse: 0.0091, val_r2: -1367.4959, val_cc: 0.0902
Epoch 17, trian_loss: 0.0041, trian_mae: 0.0676, trian_mse:0.0082, trian_r2: -1177.6369, trian_cc: 0.0953
Epoch 17, val_loss: 0.0045, val_mae: 0.0714, val_mse: 0.0091, val_r2: -948.6312, val_cc: 0.0983
Epoch 18, trian_loss: 0.0041, trian_mae: 0.0677, trian_mse:0.0082, trian_r2: -941.9779, trian_cc: 0.1010
Epoch 18, val_loss: 0.0045, val_mae: 0.0714, val_mse: 0.0090, val_r2: -1078.2130, val_cc: 0.0941
Epoch 19, trian_loss: 0.0041, trian_mae: 0.0675, trian_mse:0.0082, trian_r2: -1038.4192, trian_cc: 0.1090
Epoch 19, val_loss: 0.0046, val_mae: 0.0711, val_mse: 0.0091, val_r2: -830.5173, val_cc: 0.1077
Epoch 20, trian_loss: 0.0041, trian_mae: 0.0675, trian_mse:0.0082, trian_r2: -826.2217, trian_cc: 0.1155
Epoch 20, val_loss: 0.0046, val_mae: 0.0712, val_mse: 0.0091, val_r2: -879.5296, val_cc: 0.1100
Epoch 21, trian_loss: 0.0041, trian_mae: 0.0674, trian_mse:0.0082, trian_r2: -738.8100, trian_cc: 0.1156
Epoch 21, val_loss: 0.0045, val_mae: 0.0711, val_mse: 0.0091, val_r2: -675.9371, val_cc: 0.1071
Epoch 22, trian_loss: 0.0041, trian_mae: 0.0675, trian_mse:0.0082, trian_r2: -628.2562, trian_cc: 0.1127
Epoch 22, val_loss: 0.0045, val_mae: 0.0712, val_mse: 0.0091, val_r2: -783.5693, val_cc: 0.1062
Epoch 23, trian_loss: 0.0041, trian_mae: 0.0675, trian_mse:0.0081, trian_r2: -662.0830, trian_cc: 0.1213
Epoch 23, val_loss: 0.0046, val_mae: 0.0711, val_mse: 0.0091, val_r2: -555.8571, val_cc: 0.1113
Epoch 24, trian_loss: 0.0041, trian_mae: 0.0675, trian_mse:0.0081, trian_r2: -574.8857, trian_cc: 0.1262
Epoch 24, val_loss: 0.0045, val_mae: 0.0713, val_mse: 0.0091, val_r2: -707.8622, val_cc: 0.1130
Epoch 25, trian_loss: 0.0041, trian_mae: 0.0674, trian_mse:0.0081, trian_r2: -502.6281, trian_cc: 0.1230
Epoch 25, val_loss: 0.0045, val_mae: 0.0710, val_mse: 0.0091, val_r2: -522.0088, val_cc: 0.1104
Epoch 26, trian_loss: 0.0041, trian_mae: 0.0674, trian_mse:0.0081, trian_r2: -484.7042, trian_cc: 0.1298
Epoch 26, val_loss: 0.0045, val_mae: 0.0708, val_mse: 0.0091, val_r2: -535.0661, val_cc: 0.1162
Epoch 27, trian_loss: 0.0041, trian_mae: 0.0673, trian_mse:0.0081, trian_r2: -407.1513, trian_cc: 0.1304
Epoch 27, val_loss: 0.0045, val_mae: 0.0711, val_mse: 0.0091, val_r2: -455.5549, val_cc: 0.1181
Epoch 28, trian_loss: 0.0041, trian_mae: 0.0673, trian_mse:0.0081, trian_r2: -367.7860, trian_cc: 0.1356
Epoch 28, val_loss: 0.0045, val_mae: 0.0709, val_mse: 0.0091, val_r2: -367.8902, val_cc: 0.1206
Epoch 29, trian_loss: 0.0041, trian_mae: 0.0673, trian_mse:0.0081, trian_r2: -347.2479, trian_cc: 0.1335
Epoch 29, val_loss: 0.0046, val_mae: 0.0714, val_mse: 0.0091, val_r2: -411.9402, val_cc: 0.1075
Epoch 30, trian_loss: 0.0040, trian_mae: 0.0672, trian_mse:0.0081, trian_r2: -323.2752, trian_cc: 0.1347
Epoch 30, val_loss: 0.0046, val_mae: 0.0712, val_mse: 0.0091, val_r2: -262.9983, val_cc: 0.1136
Epoch 31, trian_loss: 0.0041, trian_mae: 0.0676, trian_mse:0.0082, trian_r2: -276.5503, trian_cc: 0.1314
Epoch 31, val_loss: 0.0046, val_mae: 0.0710, val_mse: 0.0091, val_r2: -302.1323, val_cc: 0.1106
Epoch 32, trian_loss: 0.0040, trian_mae: 0.0672, trian_mse:0.0081, trian_r2: -266.3456, trian_cc: 0.1397
Epoch 32, val_loss: 0.0045, val_mae: 0.0710, val_mse: 0.0091, val_r2: -273.9851, val_cc: 0.1152
Epoch 33, trian_loss: 0.0040, trian_mae: 0.0670, trian_mse:0.0081, trian_r2: -245.5232, trian_cc: 0.1411
Epoch 33, val_loss: 0.0045, val_mae: 0.0710, val_mse: 0.0091, val_r2: -239.8907, val_cc: 0.1160
Epoch 34, trian_loss: 0.0040, trian_mae: 0.0671, trian_mse:0.0081, trian_r2: -238.8904, trian_cc: 0.1468
Epoch 34, val_loss: 0.0045, val_mae: 0.0709, val_mse: 0.0090, val_r2: -210.7338, val_cc: 0.1156
Epoch 35, trian_loss: 0.0040, trian_mae: 0.0670, trian_mse:0.0081, trian_r2: -213.7634, trian_cc: 0.1466
Epoch 35, val_loss: 0.0045, val_mae: 0.0711, val_mse: 0.0090, val_r2: -179.1435, val_cc: 0.1129
Epoch 36, trian_loss: 0.0040, trian_mae: 0.0669, trian_mse:0.0080, trian_r2: -225.0782, trian_cc: 0.1483
Epoch 36, val_loss: 0.0045, val_mae: 0.0708, val_mse: 0.0091, val_r2: -198.0324, val_cc: 0.1142
Epoch 37, trian_loss: 0.0040, trian_mae: 0.0669, trian_mse:0.0080, trian_r2: -204.0836, trian_cc: 0.1514
Epoch 37, val_loss: 0.0045, val_mae: 0.0713, val_mse: 0.0091, val_r2: -147.6875, val_cc: 0.1142
Epoch 38, trian_loss: 0.0040, trian_mae: 0.0669, trian_mse:0.0080, trian_r2: -202.1634, trian_cc: 0.1510
Epoch 38, val_loss: 0.0045, val_mae: 0.0718, val_mse: 0.0090, val_r2: -137.1839, val_cc: 0.1066
Epoch 39, trian_loss: 0.0040, trian_mae: 0.0667, trian_mse:0.0079, trian_r2: -190.7917, trian_cc: 0.1485
Epoch 39, val_loss: 0.0046, val_mae: 0.0714, val_mse: 0.0091, val_r2: -118.8715, val_cc: 0.1120
Epoch 40, trian_loss: 0.0040, trian_mae: 0.0666, trian_mse:0.0080, trian_r2: -194.2964, trian_cc: 0.1541
Epoch 40, val_loss: 0.0046, val_mae: 0.0723, val_mse: 0.0092, val_r2: -104.1530, val_cc: 0.1039
Epoch 41, trian_loss: 0.0039, trian_mae: 0.0665, trian_mse:0.0079, trian_r2: -160.8499, trian_cc: 0.1564
Epoch 41, val_loss: 0.0046, val_mae: 0.0714, val_mse: 0.0091, val_r2: -104.4315, val_cc: 0.1059
Epoch 42, trian_loss: 0.0040, trian_mae: 0.0664, trian_mse:0.0079, trian_r2: -165.3639, trian_cc: 0.1564
Epoch 42, val_loss: 0.0045, val_mae: 0.0707, val_mse: 0.0090, val_r2: -129.0363, val_cc: 0.1081
Epoch 43, trian_loss: 0.0039, trian_mae: 0.0663, trian_mse:0.0079, trian_r2: -136.7100, trian_cc: 0.1570
Epoch 43, val_loss: 0.0045, val_mae: 0.0703, val_mse: 0.0090, val_r2: -148.4522, val_cc: 0.1137
Epoch 44, trian_loss: 0.0039, trian_mae: 0.0661, trian_mse:0.0078, trian_r2: -133.7641, trian_cc: 0.1611
Epoch 44, val_loss: 0.0046, val_mae: 0.0700, val_mse: 0.0091, val_r2: -172.5573, val_cc: 0.1035
Epoch 45, trian_loss: 0.0039, trian_mae: 0.0660, trian_mse:0.0078, trian_r2: -134.1475, trian_cc: 0.1628
Epoch 45, val_loss: 0.0046, val_mae: 0.0705, val_mse: 0.0091, val_r2: -143.7924, val_cc: 0.1028
Epoch 46, trian_loss: 0.0039, trian_mae: 0.0659, trian_mse:0.0078, trian_r2: -133.3288, trian_cc: 0.1612
Epoch 46, val_loss: 0.0047, val_mae: 0.0709, val_mse: 0.0093, val_r2: -104.2240, val_cc: 0.1103
Epoch 47, trian_loss: 0.0039, trian_mae: 0.0661, trian_mse:0.0078, trian_r2: -126.2723, trian_cc: 0.1603
Epoch 47, val_loss: 0.0046, val_mae: 0.0711, val_mse: 0.0093, val_r2: -99.0468, val_cc: 0.1086
Epoch 48, trian_loss: 0.0039, trian_mae: 0.0660, trian_mse:0.0078, trian_r2: -119.9711, trian_cc: 0.1661
Epoch 48, val_loss: 0.0047, val_mae: 0.0703, val_mse: 0.0093, val_r2: -105.9096, val_cc: 0.1151
Epoch 49, trian_loss: 0.0039, trian_mae: 0.0658, trian_mse:0.0078, trian_r2: -108.3417, trian_cc: 0.1642
Epoch 49, val_loss: 0.0047, val_mae: 0.0717, val_mse: 0.0094, val_r2: -77.1913, val_cc: 0.1166
Epoch 50, trian_loss: 0.0039, trian_mae: 0.0658, trian_mse:0.0077, trian_r2: -103.9667, trian_cc: 0.1669
Epoch 50, val_loss: 0.0045, val_mae: 0.0705, val_mse: 0.0091, val_r2: -93.8700, val_cc: 0.1115
Epoch 51, trian_loss: 0.0038, trian_mae: 0.0656, trian_mse:0.0077, trian_r2: -97.4175, trian_cc: 0.1697
Epoch 51, val_loss: 0.0046, val_mae: 0.0711, val_mse: 0.0092, val_r2: -61.8815, val_cc: 0.1106
Epoch 52, trian_loss: 0.0038, trian_mae: 0.0653, trian_mse:0.0076, trian_r2: -80.3708, trian_cc: 0.1734
Epoch 52, val_loss: 0.0046, val_mae: 0.0705, val_mse: 0.0091, val_r2: -76.1843, val_cc: 0.1077
Epoch 53, trian_loss: 0.0038, trian_mae: 0.0651, trian_mse:0.0075, trian_r2: -83.4929, trian_cc: 0.1773
Epoch 53, val_loss: 0.0046, val_mae: 0.0711, val_mse: 0.0092, val_r2: -58.6378, val_cc: 0.1100
Epoch 54, trian_loss: 0.0038, trian_mae: 0.0651, trian_mse:0.0076, trian_r2: -82.8324, trian_cc: 0.1784
Epoch 54, val_loss: 0.0046, val_mae: 0.0697, val_mse: 0.0092, val_r2: -106.1408, val_cc: 0.1092
Epoch 55, trian_loss: 0.0038, trian_mae: 0.0651, trian_mse:0.0075, trian_r2: -73.4501, trian_cc: 0.1810
Epoch 55, val_loss: 0.0045, val_mae: 0.0692, val_mse: 0.0091, val_r2: -81.0533, val_cc: 0.1173
Epoch 56, trian_loss: 0.0037, trian_mae: 0.0647, trian_mse:0.0075, trian_r2: -71.5933, trian_cc: 0.1832
Epoch 56, val_loss: 0.0047, val_mae: 0.0716, val_mse: 0.0093, val_r2: -58.7290, val_cc: 0.1073
Epoch 57, trian_loss: 0.0037, trian_mae: 0.0648, trian_mse:0.0075, trian_r2: -69.8429, trian_cc: 0.1860
Epoch 57, val_loss: 0.0046, val_mae: 0.0723, val_mse: 0.0092, val_r2: -48.5795, val_cc: 0.1073
Epoch 58, trian_loss: 0.0037, trian_mae: 0.0646, trian_mse:0.0074, trian_r2: -64.9840, trian_cc: 0.1858
Epoch 58, val_loss: 0.0045, val_mae: 0.0700, val_mse: 0.0091, val_r2: -55.1464, val_cc: 0.1003
Epoch 59, trian_loss: 0.0037, trian_mae: 0.0643, trian_mse:0.0074, trian_r2: -63.4676, trian_cc: 0.1900
Epoch 59, val_loss: 0.0046, val_mae: 0.0699, val_mse: 0.0091, val_r2: -45.5048, val_cc: 0.1182
Epoch 60, trian_loss: 0.0037, trian_mae: 0.0642, trian_mse:0.0074, trian_r2: -58.4380, trian_cc: 0.1940
Epoch 60, val_loss: 0.0045, val_mae: 0.0704, val_mse: 0.0089, val_r2: -41.4635, val_cc: 0.1099
Epoch 61, trian_loss: 0.0036, trian_mae: 0.0637, trian_mse:0.0072, trian_r2: -51.1468, trian_cc: 0.1984
Epoch 61, val_loss: 0.0045, val_mae: 0.0704, val_mse: 0.0091, val_r2: -35.3049, val_cc: 0.1058
Epoch 62, trian_loss: 0.0036, trian_mae: 0.0638, trian_mse:0.0073, trian_r2: -49.0196, trian_cc: 0.2024
Epoch 62, val_loss: 0.0045, val_mae: 0.0690, val_mse: 0.0089, val_r2: -39.3645, val_cc: 0.1125
Epoch 63, trian_loss: 0.0036, trian_mae: 0.0634, trian_mse:0.0072, trian_r2: -48.5787, trian_cc: 0.2038
Epoch 63, val_loss: 0.0044, val_mae: 0.0695, val_mse: 0.0088, val_r2: -38.3222, val_cc: 0.1147
Epoch 64, trian_loss: 0.0036, trian_mae: 0.0634, trian_mse:0.0072, trian_r2: -46.5959, trian_cc: 0.2088
Epoch 64, val_loss: 0.0044, val_mae: 0.0701, val_mse: 0.0089, val_r2: -33.9579, val_cc: 0.1024
Epoch 65, trian_loss: 0.0035, trian_mae: 0.0629, trian_mse:0.0071, trian_r2: -45.2714, trian_cc: 0.2135
Epoch 65, val_loss: 0.0044, val_mae: 0.0716, val_mse: 0.0089, val_r2: -39.1150, val_cc: 0.1052
Epoch 66, trian_loss: 0.0035, trian_mae: 0.0629, trian_mse:0.0071, trian_r2: -39.2957, trian_cc: 0.2156
Epoch 66, val_loss: 0.0043, val_mae: 0.0691, val_mse: 0.0087, val_r2: -34.8489, val_cc: 0.1141
Epoch 67, trian_loss: 0.0035, trian_mae: 0.0627, trian_mse:0.0070, trian_r2: -41.1560, trian_cc: 0.2216
Epoch 67, val_loss: 0.0043, val_mae: 0.0689, val_mse: 0.0086, val_r2: -41.5754, val_cc: 0.1054
Epoch 68, trian_loss: 0.0035, trian_mae: 0.0623, trian_mse:0.0069, trian_r2: -40.1465, trian_cc: 0.2255
Epoch 68, val_loss: 0.0043, val_mae: 0.0682, val_mse: 0.0086, val_r2: -39.5134, val_cc: 0.1133
Epoch 69, trian_loss: 0.0034, trian_mae: 0.0620, trian_mse:0.0069, trian_r2: -37.1490, trian_cc: 0.2328
Epoch 69, val_loss: 0.0043, val_mae: 0.0697, val_mse: 0.0087, val_r2: -33.4452, val_cc: 0.1118
Epoch 70, trian_loss: 0.0035, trian_mae: 0.0622, trian_mse:0.0069, trian_r2: -36.7324, trian_cc: 0.2371
Epoch 70, val_loss: 0.0043, val_mae: 0.0684, val_mse: 0.0086, val_r2: -35.0587, val_cc: 0.1163
Epoch 71, trian_loss: 0.0034, trian_mae: 0.0618, trian_mse:0.0068, trian_r2: -34.8440, trian_cc: 0.2419
Epoch 71, val_loss: 0.0043, val_mae: 0.0688, val_mse: 0.0086, val_r2: -35.4918, val_cc: 0.1138
Epoch 72, trian_loss: 0.0034, trian_mae: 0.0617, trian_mse:0.0068, trian_r2: -33.6784, trian_cc: 0.2497
Epoch 72, val_loss: 0.0043, val_mae: 0.0678, val_mse: 0.0085, val_r2: -43.9426, val_cc: 0.1129
Epoch 73, trian_loss: 0.0034, trian_mae: 0.0614, trian_mse:0.0067, trian_r2: -30.4107, trian_cc: 0.2553
Epoch 73, val_loss: 0.0044, val_mae: 0.0681, val_mse: 0.0089, val_r2: -35.7151, val_cc: 0.1102
Epoch 74, trian_loss: 0.0033, trian_mae: 0.0612, trian_mse:0.0067, trian_r2: -29.8183, trian_cc: 0.2622
Epoch 74, val_loss: 0.0043, val_mae: 0.0684, val_mse: 0.0085, val_r2: -31.7267, val_cc: 0.1158
Epoch 75, trian_loss: 0.0033, trian_mae: 0.0611, trian_mse:0.0066, trian_r2: -29.2168, trian_cc: 0.2663
Epoch 75, val_loss: 0.0044, val_mae: 0.0706, val_mse: 0.0088, val_r2: -29.0523, val_cc: 0.1048
Epoch 76, trian_loss: 0.0033, trian_mae: 0.0608, trian_mse:0.0066, trian_r2: -28.7873, trian_cc: 0.2732
Epoch 76, val_loss: 0.0044, val_mae: 0.0684, val_mse: 0.0088, val_r2: -39.9833, val_cc: 0.1208
Epoch 77, trian_loss: 0.0033, trian_mae: 0.0607, trian_mse:0.0066, trian_r2: -25.2150, trian_cc: 0.2790
Epoch 77, val_loss: 0.0044, val_mae: 0.0691, val_mse: 0.0088, val_r2: -25.9015, val_cc: 0.1057
Epoch 78, trian_loss: 0.0032, trian_mae: 0.0603, trian_mse:0.0065, trian_r2: -22.8608, trian_cc: 0.2882
Epoch 78, val_loss: 0.0042, val_mae: 0.0680, val_mse: 0.0085, val_r2: -24.9057, val_cc: 0.1147
Epoch 79, trian_loss: 0.0032, trian_mae: 0.0599, trian_mse:0.0064, trian_r2: -20.5692, trian_cc: 0.2962
Epoch 79, val_loss: 0.0044, val_mae: 0.0682, val_mse: 0.0087, val_r2: -24.2781, val_cc: 0.1220
Epoch 80, trian_loss: 0.0032, trian_mae: 0.0600, trian_mse:0.0064, trian_r2: -19.7706, trian_cc: 0.3023
Epoch 80, val_loss: 0.0045, val_mae: 0.0687, val_mse: 0.0091, val_r2: -24.0844, val_cc: 0.1145
Epoch 81, trian_loss: 0.0032, trian_mae: 0.0596, trian_mse:0.0063, trian_r2: -16.4562, trian_cc: 0.3096
Epoch 81, val_loss: 0.0044, val_mae: 0.0698, val_mse: 0.0088, val_r2: -22.0072, val_cc: 0.1171
Epoch 82, trian_loss: 0.0032, trian_mae: 0.0595, trian_mse:0.0063, trian_r2: -17.7417, trian_cc: 0.3153
Epoch 82, val_loss: 0.0043, val_mae: 0.0685, val_mse: 0.0087, val_r2: -25.4352, val_cc: 0.1161
Epoch 83, trian_loss: 0.0031, trian_mae: 0.0592, trian_mse:0.0062, trian_r2: -15.0446, trian_cc: 0.3243
Epoch 83, val_loss: 0.0046, val_mae: 0.0701, val_mse: 0.0092, val_r2: -16.9020, val_cc: 0.1184
Epoch 84, trian_loss: 0.0031, trian_mae: 0.0588, trian_mse:0.0062, trian_r2: -14.2429, trian_cc: 0.3315
Epoch 84, val_loss: 0.0046, val_mae: 0.0690, val_mse: 0.0091, val_r2: -24.1885, val_cc: 0.1163
Epoch 85, trian_loss: 0.0031, trian_mae: 0.0588, trian_mse:0.0062, trian_r2: -14.6661, trian_cc: 0.3359
Epoch 85, val_loss: 0.0044, val_mae: 0.0686, val_mse: 0.0089, val_r2: -21.9276, val_cc: 0.1194
Epoch 86, trian_loss: 0.0030, trian_mae: 0.0582, trian_mse:0.0060, trian_r2: -11.5406, trian_cc: 0.3472
Epoch 86, val_loss: 0.0045, val_mae: 0.0688, val_mse: 0.0089, val_r2: -17.8283, val_cc: 0.1231
Epoch 87, trian_loss: 0.0030, trian_mae: 0.0579, trian_mse:0.0060, trian_r2: -10.6687, trian_cc: 0.3571
Epoch 87, val_loss: 0.0047, val_mae: 0.0700, val_mse: 0.0093, val_r2: -19.7189, val_cc: 0.1201
Epoch 88, trian_loss: 0.0030, trian_mae: 0.0582, trian_mse:0.0061, trian_r2: -11.7598, trian_cc: 0.3604
Epoch 88, val_loss: 0.0043, val_mae: 0.0687, val_mse: 0.0087, val_r2: -18.6162, val_cc: 0.1215
Epoch 89, trian_loss: 0.0030, trian_mae: 0.0577, trian_mse:0.0059, trian_r2: -9.7703, trian_cc: 0.3692
Epoch 89, val_loss: 0.0048, val_mae: 0.0705, val_mse: 0.0097, val_r2: -22.6508, val_cc: 0.1276
Epoch 90, trian_loss: 0.0029, trian_mae: 0.0570, trian_mse:0.0058, trian_r2: -8.5312, trian_cc: 0.3788
Epoch 90, val_loss: 0.0045, val_mae: 0.0696, val_mse: 0.0090, val_r2: -17.4505, val_cc: 0.1194
Epoch 91, trian_loss: 0.0028, trian_mae: 0.0564, trian_mse:0.0057, trian_r2: -7.9281, trian_cc: 0.3898
Epoch 91, val_loss: 0.0047, val_mae: 0.0696, val_mse: 0.0093, val_r2: -17.4421, val_cc: 0.1319
Epoch 92, trian_loss: 0.0029, trian_mae: 0.0573, trian_mse:0.0059, trian_r2: -8.2907, trian_cc: 0.3897
Epoch 92, val_loss: 0.0045, val_mae: 0.0705, val_mse: 0.0090, val_r2: -13.8738, val_cc: 0.1100
Epoch 93, trian_loss: 0.0028, trian_mae: 0.0558, trian_mse:0.0056, trian_r2: -7.3657, trian_cc: 0.4072
Epoch 93, val_loss: 0.0046, val_mae: 0.0698, val_mse: 0.0092, val_r2: -16.7003, val_cc: 0.1262
Epoch 94, trian_loss: 0.0028, trian_mae: 0.0555, trian_mse:0.0055, trian_r2: -6.3138, trian_cc: 0.4137
Epoch 94, val_loss: 0.0050, val_mae: 0.0719, val_mse: 0.0099, val_r2: -16.3697, val_cc: 0.1278
Epoch 95, trian_loss: 0.0028, trian_mae: 0.0560, trian_mse:0.0056, trian_r2: -7.2150, trian_cc: 0.4170
Epoch 95, val_loss: 0.0047, val_mae: 0.0702, val_mse: 0.0094, val_r2: -13.4135, val_cc: 0.1301
Epoch 96, trian_loss: 0.0028, trian_mae: 0.0560, trian_mse:0.0056, trian_r2: -6.9269, trian_cc: 0.4237
Epoch 96, val_loss: 0.0047, val_mae: 0.0697, val_mse: 0.0094, val_r2: -18.0046, val_cc: 0.1195
Epoch 97, trian_loss: 0.0027, trian_mae: 0.0550, trian_mse:0.0054, trian_r2: -6.2483, trian_cc: 0.4345
Epoch 97, val_loss: 0.0047, val_mae: 0.0697, val_mse: 0.0093, val_r2: -14.7530, val_cc: 0.1343
Epoch 98, trian_loss: 0.0027, trian_mae: 0.0547, trian_mse:0.0054, trian_r2: -5.8974, trian_cc: 0.4438
Epoch 98, val_loss: 0.0046, val_mae: 0.0688, val_mse: 0.0092, val_r2: -22.8378, val_cc: 0.1274
Epoch 99, trian_loss: 0.0027, trian_mae: 0.0547, trian_mse:0.0054, trian_r2: -5.1835, trian_cc: 0.4525
Epoch 99, val_loss: 0.0051, val_mae: 0.0716, val_mse: 0.0102, val_r2: -28.9275, val_cc: 0.1210
