Trian Data: 515   Validation Data: 172  Test Data: 172
model ResNet_2D(
  (conv1): Sequential(
    (0): Conv2d(41, 64, kernel_size=(3, 3), stride=(1, 1), padding=(1, 1), bias=False)
    (1): BatchNorm2d(64, eps=1e-05, momentum=0.1, affine=True, track_running_stats=True)
  )
  (layer1): Sequential(
    (0): BasicBlock(
      (conv1): Conv2d(64, 64, kernel_size=(3, 3), stride=(1, 1), padding=(1, 1), bias=False)
      (bn1): BatchNorm2d(64, eps=1e-05, momentum=0.1, affine=True, track_running_stats=True)
      (conv2): Conv2d(64, 64, kernel_size=(3, 3), stride=(1, 1), padding=(1, 1), bias=False)
      (bn2): BatchNorm2d(64, eps=1e-05, momentum=0.1, affine=True, track_running_stats=True)
      (shortcut): Sequential()
    )
    (1): BasicBlock(
      (conv1): Conv2d(64, 64, kernel_size=(3, 3), stride=(1, 1), padding=(1, 1), bias=False)
      (bn1): BatchNorm2d(64, eps=1e-05, momentum=0.1, affine=True, track_running_stats=True)
      (conv2): Conv2d(64, 64, kernel_size=(3, 3), stride=(1, 1), padding=(1, 1), bias=False)
      (bn2): BatchNorm2d(64, eps=1e-05, momentum=0.1, affine=True, track_running_stats=True)
      (shortcut): Sequential()
    )
  )
  (layer2): Sequential(
    (0): BasicBlock(
      (conv1): Conv2d(64, 64, kernel_size=(3, 3), stride=(1, 1), padding=(1, 1), bias=False)
      (bn1): BatchNorm2d(64, eps=1e-05, momentum=0.1, affine=True, track_running_stats=True)
      (conv2): Conv2d(64, 64, kernel_size=(3, 3), stride=(1, 1), padding=(1, 1), bias=False)
      (bn2): BatchNorm2d(64, eps=1e-05, momentum=0.1, affine=True, track_running_stats=True)
      (shortcut): Sequential()
    )
    (1): BasicBlock(
      (conv1): Conv2d(64, 64, kernel_size=(3, 3), stride=(1, 1), padding=(1, 1), bias=False)
      (bn1): BatchNorm2d(64, eps=1e-05, momentum=0.1, affine=True, track_running_stats=True)
      (conv2): Conv2d(64, 64, kernel_size=(3, 3), stride=(1, 1), padding=(1, 1), bias=False)
      (bn2): BatchNorm2d(64, eps=1e-05, momentum=0.1, affine=True, track_running_stats=True)
      (shortcut): Sequential()
    )
  )
  (layer3): Sequential(
    (0): BasicBlock(
      (conv1): Conv2d(64, 64, kernel_size=(3, 3), stride=(1, 1), padding=(1, 1), bias=False)
      (bn1): BatchNorm2d(64, eps=1e-05, momentum=0.1, affine=True, track_running_stats=True)
      (conv2): Conv2d(64, 64, kernel_size=(3, 3), stride=(1, 1), padding=(1, 1), bias=False)
      (bn2): BatchNorm2d(64, eps=1e-05, momentum=0.1, affine=True, track_running_stats=True)
      (shortcut): Sequential()
    )
    (1): BasicBlock(
      (conv1): Conv2d(64, 64, kernel_size=(3, 3), stride=(1, 1), padding=(1, 1), bias=False)
      (bn1): BatchNorm2d(64, eps=1e-05, momentum=0.1, affine=True, track_running_stats=True)
      (conv2): Conv2d(64, 64, kernel_size=(3, 3), stride=(1, 1), padding=(1, 1), bias=False)
      (bn2): BatchNorm2d(64, eps=1e-05, momentum=0.1, affine=True, track_running_stats=True)
      (shortcut): Sequential()
    )
  )
  (layer4): Sequential(
    (0): BasicBlock(
      (conv1): Conv2d(64, 64, kernel_size=(3, 3), stride=(1, 1), padding=(1, 1), bias=False)
      (bn1): BatchNorm2d(64, eps=1e-05, momentum=0.1, affine=True, track_running_stats=True)
      (conv2): Conv2d(64, 64, kernel_size=(3, 3), stride=(1, 1), padding=(1, 1), bias=False)
      (bn2): BatchNorm2d(64, eps=1e-05, momentum=0.1, affine=True, track_running_stats=True)
      (shortcut): Sequential()
    )
    (1): BasicBlock(
      (conv1): Conv2d(64, 64, kernel_size=(3, 3), stride=(1, 1), padding=(1, 1), bias=False)
      (bn1): BatchNorm2d(64, eps=1e-05, momentum=0.1, affine=True, track_running_stats=True)
      (conv2): Conv2d(64, 64, kernel_size=(3, 3), stride=(1, 1), padding=(1, 1), bias=False)
      (bn2): BatchNorm2d(64, eps=1e-05, momentum=0.1, affine=True, track_running_stats=True)
      (shortcut): Sequential()
    )
  )
  (conv2): Sequential(
    (0): Conv2d(64, 32, kernel_size=(3, 3), stride=(1, 1), padding=(1, 1))
    (1): BatchNorm2d(32, eps=1e-05, momentum=0.1, affine=True, track_running_stats=True)
  )
  (conv3): Sequential(
    (0): Conv2d(32, 16, kernel_size=(3, 3), stride=(1, 1), padding=(1, 1))
    (1): BatchNorm2d(16, eps=1e-05, momentum=0.1, affine=True, track_running_stats=True)
  )
  (conv4): Sequential(
    (0): Conv2d(16, 1, kernel_size=(3, 3), stride=(1, 1), padding=(1, 1))
    (1): BatchNorm2d(1, eps=1e-05, momentum=0.1, affine=True, track_running_stats=True)
  )
)
Epoch  0, trian_loss: 0.0071, trian_mae: 0.0794, trian_mse:0.0145, trian_r2: -1.9764, trian_cc: 0.4175
Epoch  0, val_loss: 0.0075, val_mae: 0.0981, val_mse: 0.0149, val_r2: -inf, val_cc: nan
Epoch  1, trian_loss: 0.0044, trian_mae: 0.0705, trian_mse:0.0089, trian_r2: -inf, trian_cc: nan
Epoch  1, val_loss: 0.0045, val_mae: 0.0718, val_mse: 0.0090, val_r2: -123.4014, val_cc: 0.2680
Epoch  2, trian_loss: 0.0039, trian_mae: 0.0661, trian_mse:0.0079, trian_r2: -inf, trian_cc: nan
Epoch  2, val_loss: 0.0042, val_mae: 0.0696, val_mse: 0.0085, val_r2: -124.5166, val_cc: 0.3131
Epoch  3, trian_loss: 0.0039, trian_mae: 0.0661, trian_mse:0.0078, trian_r2: -inf, trian_cc: nan
Epoch  3, val_loss: 0.0047, val_mae: 0.0732, val_mse: 0.0095, val_r2: -75.7973, val_cc: 0.3723
Epoch  4, trian_loss: 0.0039, trian_mae: 0.0659, trian_mse:0.0078, trian_r2: -inf, trian_cc: nan
Epoch  4, val_loss: 0.0046, val_mae: 0.0727, val_mse: 0.0093, val_r2: -60.1377, val_cc: 0.3614
Epoch  5, trian_loss: 0.0038, trian_mae: 0.0651, trian_mse:0.0076, trian_r2: -inf, trian_cc: nan
Epoch  5, val_loss: 0.0044, val_mae: 0.0697, val_mse: 0.0088, val_r2: -86.6505, val_cc: 0.3875
Epoch  6, trian_loss: 0.0038, trian_mae: 0.0652, trian_mse:0.0076, trian_r2: -inf, trian_cc: nan
Epoch  6, val_loss: 0.0043, val_mae: 0.0679, val_mse: 0.0086, val_r2: -133.7602, val_cc: 0.3855
Epoch  7, trian_loss: 0.0038, trian_mae: 0.0649, trian_mse:0.0076, trian_r2: -inf, trian_cc: nan
Epoch  7, val_loss: 0.0041, val_mae: 0.0677, val_mse: 0.0082, val_r2: -229.0058, val_cc: 0.3790
Epoch  8, trian_loss: 0.0038, trian_mae: 0.0648, trian_mse:0.0075, trian_r2: -inf, trian_cc: nan
Epoch  8, val_loss: 0.0048, val_mae: 0.0730, val_mse: 0.0096, val_r2: -93.2063, val_cc: 0.4149
Epoch  9, trian_loss: 0.0037, trian_mae: 0.0643, trian_mse:0.0074, trian_r2: -inf, trian_cc: nan
Epoch  9, val_loss: 0.0043, val_mae: 0.0684, val_mse: 0.0085, val_r2: -193.2716, val_cc: 0.3871
Epoch 10, trian_loss: 0.0037, trian_mae: 0.0644, trian_mse:0.0075, trian_r2: -inf, trian_cc: nan
Epoch 10, val_loss: 0.0057, val_mae: 0.0820, val_mse: 0.0113, val_r2: -93.1528, val_cc: 0.3845
Epoch 11, trian_loss: 0.0037, trian_mae: 0.0644, trian_mse:0.0074, trian_r2: -inf, trian_cc: nan
Epoch 11, val_loss: 0.0042, val_mae: 0.0682, val_mse: 0.0084, val_r2: -145.3545, val_cc: 0.4060
Epoch 12, trian_loss: 0.0037, trian_mae: 0.0641, trian_mse:0.0074, trian_r2: -inf, trian_cc: nan
Epoch 12, val_loss: 0.0042, val_mae: 0.0682, val_mse: 0.0084, val_r2: -124.0273, val_cc: 0.4045
Epoch 13, trian_loss: 0.0037, trian_mae: 0.0642, trian_mse:0.0074, trian_r2: -inf, trian_cc: nan
Epoch 13, val_loss: 0.0043, val_mae: 0.0688, val_mse: 0.0086, val_r2: -101.5326, val_cc: 0.4004
Epoch 14, trian_loss: 0.0037, trian_mae: 0.0637, trian_mse:0.0073, trian_r2: -inf, trian_cc: nan
Epoch 14, val_loss: 0.0042, val_mae: 0.0672, val_mse: 0.0084, val_r2: -205.4827, val_cc: 0.3978
Epoch 15, trian_loss: 0.0037, trian_mae: 0.0640, trian_mse:0.0074, trian_r2: -inf, trian_cc: nan
Epoch 15, val_loss: 0.0042, val_mae: 0.0678, val_mse: 0.0084, val_r2: -87.7440, val_cc: 0.3896
Epoch 16, trian_loss: 0.0037, trian_mae: 0.0638, trian_mse:0.0073, trian_r2: -inf, trian_cc: nan
Epoch 16, val_loss: 0.0041, val_mae: 0.0669, val_mse: 0.0082, val_r2: -173.2279, val_cc: 0.3789
Epoch 17, trian_loss: 0.0037, trian_mae: 0.0641, trian_mse:0.0074, trian_r2: -inf, trian_cc: nan
Epoch 17, val_loss: 0.0041, val_mae: 0.0678, val_mse: 0.0083, val_r2: -134.1576, val_cc: 0.3764
Epoch 18, trian_loss: 0.0036, trian_mae: 0.0637, trian_mse:0.0073, trian_r2: -inf, trian_cc: nan
Epoch 18, val_loss: 0.0043, val_mae: 0.0693, val_mse: 0.0085, val_r2: -62.3382, val_cc: 0.3774
Epoch 19, trian_loss: 0.0036, trian_mae: 0.0636, trian_mse:0.0073, trian_r2: -inf, trian_cc: nan
Epoch 19, val_loss: 0.0041, val_mae: 0.0671, val_mse: 0.0081, val_r2: -83.2907, val_cc: 0.3825
Epoch 20, trian_loss: 0.0037, trian_mae: 0.0642, trian_mse:0.0074, trian_r2: -inf, trian_cc: nan
Epoch 20, val_loss: 0.0042, val_mae: 0.0687, val_mse: 0.0083, val_r2: -85.7449, val_cc: 0.3753
Epoch 21, trian_loss: 0.0036, trian_mae: 0.0639, trian_mse:0.0073, trian_r2: -inf, trian_cc: nan
Epoch 21, val_loss: 0.0041, val_mae: 0.0679, val_mse: 0.0083, val_r2: -84.1647, val_cc: 0.3578
Epoch 22, trian_loss: 0.0036, trian_mae: 0.0630, trian_mse:0.0071, trian_r2: -inf, trian_cc: nan
Epoch 22, val_loss: 0.0042, val_mae: 0.0680, val_mse: 0.0083, val_r2: -89.0151, val_cc: 0.3789
Epoch 23, trian_loss: 0.0036, trian_mae: 0.0633, trian_mse:0.0072, trian_r2: -inf, trian_cc: nan
Epoch 23, val_loss: 0.0041, val_mae: 0.0677, val_mse: 0.0083, val_r2: -76.6348, val_cc: 0.3678
Epoch 24, trian_loss: 0.0036, trian_mae: 0.0630, trian_mse:0.0071, trian_r2: -inf, trian_cc: nan
Epoch 24, val_loss: 0.0042, val_mae: 0.0683, val_mse: 0.0084, val_r2: -57.3762, val_cc: 0.3709
Epoch 25, trian_loss: 0.0036, trian_mae: 0.0631, trian_mse:0.0071, trian_r2: -inf, trian_cc: nan
Epoch 25, val_loss: 0.0041, val_mae: 0.0678, val_mse: 0.0082, val_r2: -48.5708, val_cc: 0.3585
Epoch 26, trian_loss: 0.0035, trian_mae: 0.0629, trian_mse:0.0071, trian_r2: -inf, trian_cc: nan
Epoch 26, val_loss: 0.0042, val_mae: 0.0687, val_mse: 0.0084, val_r2: -46.2461, val_cc: 0.3489
Epoch 27, trian_loss: 0.0035, trian_mae: 0.0626, trian_mse:0.0070, trian_r2: -inf, trian_cc: nan
Epoch 27, val_loss: 0.0041, val_mae: 0.0676, val_mse: 0.0082, val_r2: -60.1931, val_cc: 0.3551
Epoch 28, trian_loss: 0.0035, trian_mae: 0.0625, trian_mse:0.0070, trian_r2: -inf, trian_cc: nan
Epoch 28, val_loss: 0.0042, val_mae: 0.0688, val_mse: 0.0084, val_r2: -35.8983, val_cc: 0.3375
Epoch 29, trian_loss: 0.0035, trian_mae: 0.0622, trian_mse:0.0069, trian_r2: -inf, trian_cc: nan
Epoch 29, val_loss: 0.0042, val_mae: 0.0682, val_mse: 0.0084, val_r2: -43.9141, val_cc: 0.3610
Epoch 30, trian_loss: 0.0034, trian_mae: 0.0620, trian_mse:0.0069, trian_r2: -inf, trian_cc: nan
Epoch 30, val_loss: 0.0044, val_mae: 0.0703, val_mse: 0.0088, val_r2: -31.6854, val_cc: 0.3403
Epoch 31, trian_loss: 0.0035, trian_mae: 0.0622, trian_mse:0.0069, trian_r2: -inf, trian_cc: nan
Epoch 31, val_loss: 0.0043, val_mae: 0.0704, val_mse: 0.0087, val_r2: -33.6056, val_cc: 0.3343
Epoch 32, trian_loss: 0.0034, trian_mae: 0.0619, trian_mse:0.0068, trian_r2: -inf, trian_cc: nan
Epoch 32, val_loss: 0.0043, val_mae: 0.0697, val_mse: 0.0087, val_r2: -25.9516, val_cc: 0.3244
Epoch 33, trian_loss: 0.0034, trian_mae: 0.0620, trian_mse:0.0068, trian_r2: -inf, trian_cc: nan
Epoch 33, val_loss: 0.0043, val_mae: 0.0692, val_mse: 0.0085, val_r2: -31.6237, val_cc: 0.3382
Epoch 34, trian_loss: 0.0034, trian_mae: 0.0615, trian_mse:0.0068, trian_r2: -inf, trian_cc: nan
Epoch 34, val_loss: 0.0043, val_mae: 0.0690, val_mse: 0.0085, val_r2: -28.7954, val_cc: 0.3345
Epoch 35, trian_loss: 0.0034, trian_mae: 0.0614, trian_mse:0.0067, trian_r2: -inf, trian_cc: nan
Epoch 35, val_loss: 0.0045, val_mae: 0.0710, val_mse: 0.0090, val_r2: -23.0071, val_cc: 0.3294
Epoch 36, trian_loss: 0.0033, trian_mae: 0.0606, trian_mse:0.0066, trian_r2: -inf, trian_cc: nan
Epoch 36, val_loss: 0.0043, val_mae: 0.0690, val_mse: 0.0086, val_r2: -16.8353, val_cc: 0.3813
Epoch 37, trian_loss: 0.0031, trian_mae: 0.0585, trian_mse:0.0063, trian_r2: -inf, trian_cc: nan
Epoch 37, val_loss: 0.0042, val_mae: 0.0667, val_mse: 0.0083, val_r2: -13.9795, val_cc: 0.4195
Epoch 38, trian_loss: 0.0031, trian_mae: 0.0573, trian_mse:0.0061, trian_r2: -inf, trian_cc: nan
Epoch 38, val_loss: 0.0039, val_mae: 0.0652, val_mse: 0.0078, val_r2: -12.9653, val_cc: 0.4597
Epoch 39, trian_loss: 0.0030, trian_mae: 0.0561, trian_mse:0.0060, trian_r2: -inf, trian_cc: nan
Epoch 39, val_loss: 0.0039, val_mae: 0.0649, val_mse: 0.0077, val_r2: -13.1337, val_cc: 0.4744
Epoch 40, trian_loss: 0.0029, trian_mae: 0.0549, trian_mse:0.0058, trian_r2: -inf, trian_cc: nan
Epoch 40, val_loss: 0.0039, val_mae: 0.0656, val_mse: 0.0078, val_r2: -11.0493, val_cc: 0.4928
Epoch 41, trian_loss: 0.0028, trian_mae: 0.0535, trian_mse:0.0056, trian_r2: -inf, trian_cc: nan
Epoch 41, val_loss: 0.0039, val_mae: 0.0642, val_mse: 0.0077, val_r2: -7.1900, val_cc: 0.5044
Epoch 42, trian_loss: 0.0028, trian_mae: 0.0533, trian_mse:0.0055, trian_r2: -inf, trian_cc: nan
Epoch 42, val_loss: 0.0035, val_mae: 0.0598, val_mse: 0.0071, val_r2: -8.9132, val_cc: 0.5127
Epoch 43, trian_loss: 0.0027, trian_mae: 0.0527, trian_mse:0.0055, trian_r2: -inf, trian_cc: nan
Epoch 43, val_loss: 0.0039, val_mae: 0.0634, val_mse: 0.0078, val_r2: -5.6197, val_cc: 0.5055
Epoch 44, trian_loss: 0.0027, trian_mae: 0.0520, trian_mse:0.0053, trian_r2: -inf, trian_cc: nan
Epoch 44, val_loss: 0.0037, val_mae: 0.0600, val_mse: 0.0073, val_r2: -5.6787, val_cc: 0.5145
Epoch 45, trian_loss: 0.0025, trian_mae: 0.0503, trian_mse:0.0051, trian_r2: -inf, trian_cc: nan
Epoch 45, val_loss: 0.0035, val_mae: 0.0586, val_mse: 0.0070, val_r2: -5.4389, val_cc: 0.5288
Epoch 46, trian_loss: 0.0025, trian_mae: 0.0503, trian_mse:0.0050, trian_r2: -inf, trian_cc: nan
Epoch 46, val_loss: 0.0039, val_mae: 0.0591, val_mse: 0.0077, val_r2: -7.1013, val_cc: 0.5006
Epoch 47, trian_loss: 0.0025, trian_mae: 0.0502, trian_mse:0.0050, trian_r2: -inf, trian_cc: nan
Epoch 47, val_loss: 0.0038, val_mae: 0.0612, val_mse: 0.0076, val_r2: -4.9941, val_cc: 0.5259
Epoch 48, trian_loss: 0.0025, trian_mae: 0.0502, trian_mse:0.0050, trian_r2: -inf, trian_cc: nan
Epoch 48, val_loss: 0.0034, val_mae: 0.0572, val_mse: 0.0068, val_r2: -3.8890, val_cc: 0.5293
Epoch 49, trian_loss: 0.0024, trian_mae: 0.0494, trian_mse:0.0049, trian_r2: -inf, trian_cc: nan
Epoch 49, val_loss: 0.0037, val_mae: 0.0604, val_mse: 0.0074, val_r2: -3.2877, val_cc: 0.5347
Epoch 50, trian_loss: 0.0024, trian_mae: 0.0484, trian_mse:0.0047, trian_r2: -inf, trian_cc: nan
Epoch 50, val_loss: 0.0036, val_mae: 0.0601, val_mse: 0.0072, val_r2: -3.0595, val_cc: 0.5495
Epoch 51, trian_loss: 0.0023, trian_mae: 0.0483, trian_mse:0.0047, trian_r2: -inf, trian_cc: nan
Epoch 51, val_loss: 0.0034, val_mae: 0.0573, val_mse: 0.0068, val_r2: -3.0334, val_cc: 0.5342
Epoch 52, trian_loss: 0.0023, trian_mae: 0.0474, trian_mse:0.0045, trian_r2: -inf, trian_cc: nan
Epoch 52, val_loss: 0.0037, val_mae: 0.0587, val_mse: 0.0074, val_r2: -2.7592, val_cc: 0.5357
Epoch 53, trian_loss: 0.0023, trian_mae: 0.0474, trian_mse:0.0045, trian_r2: -inf, trian_cc: nan
Epoch 53, val_loss: 0.0035, val_mae: 0.0574, val_mse: 0.0071, val_r2: -3.4651, val_cc: 0.5288
Epoch 54, trian_loss: 0.0023, trian_mae: 0.0472, trian_mse:0.0045, trian_r2: -inf, trian_cc: nan
Epoch 54, val_loss: 0.0037, val_mae: 0.0599, val_mse: 0.0074, val_r2: -2.2484, val_cc: 0.5450
Epoch 55, trian_loss: 0.0022, trian_mae: 0.0464, trian_mse:0.0044, trian_r2: -inf, trian_cc: nan
Epoch 55, val_loss: 0.0035, val_mae: 0.0577, val_mse: 0.0069, val_r2: -2.5448, val_cc: 0.5447
Epoch 56, trian_loss: 0.0021, trian_mae: 0.0460, trian_mse:0.0043, trian_r2: -inf, trian_cc: nan
Epoch 56, val_loss: 0.0036, val_mae: 0.0582, val_mse: 0.0071, val_r2: -3.4472, val_cc: 0.5395
Epoch 57, trian_loss: 0.0022, trian_mae: 0.0464, trian_mse:0.0044, trian_r2: -inf, trian_cc: nan
Epoch 57, val_loss: 0.0034, val_mae: 0.0589, val_mse: 0.0069, val_r2: -2.8041, val_cc: 0.5473
Epoch 58, trian_loss: 0.0020, trian_mae: 0.0443, trian_mse:0.0040, trian_r2: -inf, trian_cc: nan
Epoch 58, val_loss: 0.0033, val_mae: 0.0583, val_mse: 0.0066, val_r2: -2.4194, val_cc: 0.5612
Epoch 59, trian_loss: 0.0020, trian_mae: 0.0446, trian_mse:0.0040, trian_r2: -inf, trian_cc: nan
Epoch 59, val_loss: 0.0034, val_mae: 0.0581, val_mse: 0.0069, val_r2: -2.3704, val_cc: 0.5459
Epoch 60, trian_loss: 0.0020, trian_mae: 0.0440, trian_mse:0.0039, trian_r2: -inf, trian_cc: nan
Epoch 60, val_loss: 0.0037, val_mae: 0.0622, val_mse: 0.0074, val_r2: -2.7929, val_cc: 0.5561
Epoch 61, trian_loss: 0.0020, trian_mae: 0.0446, trian_mse:0.0040, trian_r2: -inf, trian_cc: nan
Epoch 61, val_loss: 0.0034, val_mae: 0.0573, val_mse: 0.0068, val_r2: -2.7736, val_cc: 0.5444
Epoch 62, trian_loss: 0.0020, trian_mae: 0.0440, trian_mse:0.0039, trian_r2: -inf, trian_cc: nan
Epoch 62, val_loss: 0.0033, val_mae: 0.0583, val_mse: 0.0067, val_r2: -2.4681, val_cc: 0.5590
Epoch 63, trian_loss: 0.0020, trian_mae: 0.0449, trian_mse:0.0041, trian_r2: -inf, trian_cc: nan
Epoch 63, val_loss: 0.0034, val_mae: 0.0577, val_mse: 0.0068, val_r2: -3.5237, val_cc: 0.5362
Epoch 64, trian_loss: 0.0019, trian_mae: 0.0440, trian_mse:0.0039, trian_r2: -inf, trian_cc: nan
Epoch 64, val_loss: 0.0035, val_mae: 0.0569, val_mse: 0.0070, val_r2: -3.2557, val_cc: 0.5349
Epoch 65, trian_loss: 0.0019, trian_mae: 0.0435, trian_mse:0.0038, trian_r2: -inf, trian_cc: nan
Epoch 65, val_loss: 0.0038, val_mae: 0.0600, val_mse: 0.0076, val_r2: -1.5014, val_cc: 0.5401
Epoch 66, trian_loss: 0.0019, trian_mae: 0.0434, trian_mse:0.0038, trian_r2: -inf, trian_cc: nan
Epoch 66, val_loss: 0.0035, val_mae: 0.0572, val_mse: 0.0071, val_r2: -3.1748, val_cc: 0.5402
Epoch 67, trian_loss: 0.0018, trian_mae: 0.0429, trian_mse:0.0037, trian_r2: -inf, trian_cc: nan
Epoch 67, val_loss: 0.0038, val_mae: 0.0607, val_mse: 0.0075, val_r2: -1.8284, val_cc: 0.5451
Epoch 68, trian_loss: 0.0018, trian_mae: 0.0425, trian_mse:0.0036, trian_r2: -inf, trian_cc: nan
Epoch 68, val_loss: 0.0036, val_mae: 0.0580, val_mse: 0.0071, val_r2: -2.2390, val_cc: 0.5338
Epoch 69, trian_loss: 0.0018, trian_mae: 0.0429, trian_mse:0.0037, trian_r2: -inf, trian_cc: nan
Epoch 69, val_loss: 0.0035, val_mae: 0.0579, val_mse: 0.0071, val_r2: -2.5858, val_cc: 0.5260
Epoch 70, trian_loss: 0.0018, trian_mae: 0.0420, trian_mse:0.0035, trian_r2: -inf, trian_cc: nan
Epoch 70, val_loss: 0.0036, val_mae: 0.0605, val_mse: 0.0071, val_r2: -2.0443, val_cc: 0.5543
Epoch 71, trian_loss: 0.0017, trian_mae: 0.0416, trian_mse:0.0034, trian_r2: -inf, trian_cc: nan
Epoch 71, val_loss: 0.0033, val_mae: 0.0560, val_mse: 0.0066, val_r2: -3.0690, val_cc: 0.5409
Epoch 72, trian_loss: 0.0018, trian_mae: 0.0419, trian_mse:0.0035, trian_r2: -inf, trian_cc: nan
Epoch 72, val_loss: 0.0036, val_mae: 0.0589, val_mse: 0.0072, val_r2: -2.0405, val_cc: 0.5316
Epoch 73, trian_loss: 0.0016, trian_mae: 0.0408, trian_mse:0.0033, trian_r2: -inf, trian_cc: nan
Epoch 73, val_loss: 0.0037, val_mae: 0.0574, val_mse: 0.0074, val_r2: -3.1787, val_cc: 0.5171
Epoch 74, trian_loss: 0.0017, trian_mae: 0.0412, trian_mse:0.0034, trian_r2: -inf, trian_cc: nan
Epoch 74, val_loss: 0.0034, val_mae: 0.0597, val_mse: 0.0068, val_r2: -3.3309, val_cc: 0.5573
Epoch 75, trian_loss: 0.0016, trian_mae: 0.0406, trian_mse:0.0033, trian_r2: -inf, trian_cc: nan
Epoch 75, val_loss: 0.0036, val_mae: 0.0571, val_mse: 0.0071, val_r2: -2.8067, val_cc: 0.5401
Epoch 76, trian_loss: 0.0016, trian_mae: 0.0402, trian_mse:0.0032, trian_r2: -inf, trian_cc: nan
Epoch 76, val_loss: 0.0037, val_mae: 0.0600, val_mse: 0.0074, val_r2: -1.6299, val_cc: 0.5415
Epoch 77, trian_loss: 0.0015, trian_mae: 0.0395, trian_mse:0.0031, trian_r2: -inf, trian_cc: nan
Epoch 77, val_loss: 0.0035, val_mae: 0.0578, val_mse: 0.0069, val_r2: -2.2530, val_cc: 0.5282
Epoch 78, trian_loss: 0.0016, trian_mae: 0.0401, trian_mse:0.0032, trian_r2: -inf, trian_cc: nan
Epoch 78, val_loss: 0.0036, val_mae: 0.0584, val_mse: 0.0072, val_r2: -2.3233, val_cc: 0.5282
Epoch 79, trian_loss: 0.0015, trian_mae: 0.0390, trian_mse:0.0030, trian_r2: -inf, trian_cc: nan
Epoch 79, val_loss: 0.0036, val_mae: 0.0582, val_mse: 0.0072, val_r2: -2.5304, val_cc: 0.5279
Epoch 80, trian_loss: 0.0015, trian_mae: 0.0392, trian_mse:0.0030, trian_r2: -inf, trian_cc: nan
Epoch 80, val_loss: 0.0036, val_mae: 0.0580, val_mse: 0.0072, val_r2: -3.2156, val_cc: 0.5182
Epoch 81, trian_loss: 0.0016, trian_mae: 0.0397, trian_mse:0.0031, trian_r2: -inf, trian_cc: nan
Epoch 81, val_loss: 0.0038, val_mae: 0.0579, val_mse: 0.0077, val_r2: -2.3840, val_cc: 0.5167
Epoch 82, trian_loss: 0.0015, trian_mae: 0.0387, trian_mse:0.0030, trian_r2: -inf, trian_cc: nan
Epoch 82, val_loss: 0.0043, val_mae: 0.0633, val_mse: 0.0085, val_r2: -1.7979, val_cc: 0.5248
Epoch 83, trian_loss: 0.0015, trian_mae: 0.0385, trian_mse:0.0029, trian_r2: -inf, trian_cc: nan
Epoch 83, val_loss: 0.0038, val_mae: 0.0592, val_mse: 0.0076, val_r2: -1.9140, val_cc: 0.5237
Epoch 84, trian_loss: 0.0014, trian_mae: 0.0380, trian_mse:0.0028, trian_r2: -inf, trian_cc: nan
Epoch 84, val_loss: 0.0040, val_mae: 0.0624, val_mse: 0.0081, val_r2: -1.9736, val_cc: 0.5243
Epoch 85, trian_loss: 0.0014, trian_mae: 0.0380, trian_mse:0.0028, trian_r2: -inf, trian_cc: nan
Epoch 85, val_loss: 0.0037, val_mae: 0.0576, val_mse: 0.0074, val_r2: -2.3517, val_cc: 0.5138
Epoch 86, trian_loss: 0.0014, trian_mae: 0.0383, trian_mse:0.0029, trian_r2: -inf, trian_cc: nan
Epoch 86, val_loss: 0.0036, val_mae: 0.0582, val_mse: 0.0072, val_r2: -3.2185, val_cc: 0.5196
Epoch 87, trian_loss: 0.0014, trian_mae: 0.0382, trian_mse:0.0029, trian_r2: -inf, trian_cc: nan
Epoch 87, val_loss: 0.0037, val_mae: 0.0577, val_mse: 0.0075, val_r2: -3.6960, val_cc: 0.5392
Epoch 88, trian_loss: 0.0014, trian_mae: 0.0377, trian_mse:0.0028, trian_r2: -inf, trian_cc: nan
Epoch 88, val_loss: 0.0035, val_mae: 0.0571, val_mse: 0.0071, val_r2: -2.1672, val_cc: 0.5175
Epoch 89, trian_loss: 0.0014, trian_mae: 0.0377, trian_mse:0.0028, trian_r2: -inf, trian_cc: nan
Epoch 89, val_loss: 0.0036, val_mae: 0.0569, val_mse: 0.0072, val_r2: -5.1023, val_cc: 0.5069
Epoch 90, trian_loss: 0.0013, trian_mae: 0.0368, trian_mse:0.0026, trian_r2: -inf, trian_cc: nan
Epoch 90, val_loss: 0.0039, val_mae: 0.0588, val_mse: 0.0078, val_r2: -2.5448, val_cc: 0.5113
Epoch 91, trian_loss: 0.0013, trian_mae: 0.0365, trian_mse:0.0026, trian_r2: -inf, trian_cc: nan
Epoch 91, val_loss: 0.0038, val_mae: 0.0595, val_mse: 0.0077, val_r2: -2.0951, val_cc: 0.5231
Epoch 92, trian_loss: 0.0013, trian_mae: 0.0367, trian_mse:0.0027, trian_r2: -inf, trian_cc: nan
Epoch 92, val_loss: 0.0035, val_mae: 0.0562, val_mse: 0.0070, val_r2: -2.8963, val_cc: 0.5306
Epoch 93, trian_loss: 0.0013, trian_mae: 0.0361, trian_mse:0.0025, trian_r2: -inf, trian_cc: nan
Epoch 93, val_loss: 0.0038, val_mae: 0.0593, val_mse: 0.0076, val_r2: -1.6272, val_cc: 0.5115
Epoch 94, trian_loss: 0.0012, trian_mae: 0.0357, trian_mse:0.0025, trian_r2: -inf, trian_cc: nan
Epoch 94, val_loss: 0.0046, val_mae: 0.0631, val_mse: 0.0092, val_r2: -1.5434, val_cc: 0.5146
Epoch 95, trian_loss: 0.0013, trian_mae: 0.0367, trian_mse:0.0026, trian_r2: -inf, trian_cc: nan
Epoch 95, val_loss: 0.0038, val_mae: 0.0587, val_mse: 0.0075, val_r2: -1.9755, val_cc: 0.5145
Epoch 96, trian_loss: 0.0013, trian_mae: 0.0365, trian_mse:0.0026, trian_r2: -inf, trian_cc: nan
Epoch 96, val_loss: 0.0037, val_mae: 0.0575, val_mse: 0.0075, val_r2: -2.4003, val_cc: 0.5084
Epoch 97, trian_loss: 0.0012, trian_mae: 0.0353, trian_mse:0.0024, trian_r2: -inf, trian_cc: nan
Epoch 97, val_loss: 0.0038, val_mae: 0.0581, val_mse: 0.0076, val_r2: -2.2567, val_cc: 0.5126
Epoch 98, trian_loss: 0.0012, trian_mae: 0.0355, trian_mse:0.0024, trian_r2: -inf, trian_cc: nan
Epoch 98, val_loss: 0.0037, val_mae: 0.0577, val_mse: 0.0074, val_r2: -3.4281, val_cc: 0.5183
Epoch 99, trian_loss: 0.0012, trian_mae: 0.0346, trian_mse:0.0024, trian_r2: -inf, trian_cc: nan
Epoch 99, val_loss: 0.0038, val_mae: 0.0575, val_mse: 0.0077, val_r2: -4.7951, val_cc: 0.5117
