Trian Data: 515   Validation Data: 172  Test Data: 172
model ResNet_2D(
  (conv1): Sequential(
    (0): Conv2d(78, 64, kernel_size=(3, 3), stride=(1, 1), padding=(1, 1), bias=False)
    (1): BatchNorm2d(64, eps=1e-05, momentum=0.1, affine=True, track_running_stats=True)
  )
  (layer1): Sequential(
    (0): BasicBlock(
      (conv1): Conv2d(64, 64, kernel_size=(3, 3), stride=(1, 1), padding=(1, 1), bias=False)
      (bn1): BatchNorm2d(64, eps=1e-05, momentum=0.1, affine=True, track_running_stats=True)
      (conv2): Conv2d(64, 64, kernel_size=(3, 3), stride=(1, 1), padding=(1, 1), bias=False)
      (bn2): BatchNorm2d(64, eps=1e-05, momentum=0.1, affine=True, track_running_stats=True)
      (shortcut): Sequential()
    )
    (1): BasicBlock(
      (conv1): Conv2d(64, 64, kernel_size=(3, 3), stride=(1, 1), padding=(1, 1), bias=False)
      (bn1): BatchNorm2d(64, eps=1e-05, momentum=0.1, affine=True, track_running_stats=True)
      (conv2): Conv2d(64, 64, kernel_size=(3, 3), stride=(1, 1), padding=(1, 1), bias=False)
      (bn2): BatchNorm2d(64, eps=1e-05, momentum=0.1, affine=True, track_running_stats=True)
      (shortcut): Sequential()
    )
  )
  (layer2): Sequential(
    (0): BasicBlock(
      (conv1): Conv2d(64, 64, kernel_size=(3, 3), stride=(1, 1), padding=(1, 1), bias=False)
      (bn1): BatchNorm2d(64, eps=1e-05, momentum=0.1, affine=True, track_running_stats=True)
      (conv2): Conv2d(64, 64, kernel_size=(3, 3), stride=(1, 1), padding=(1, 1), bias=False)
      (bn2): BatchNorm2d(64, eps=1e-05, momentum=0.1, affine=True, track_running_stats=True)
      (shortcut): Sequential()
    )
    (1): BasicBlock(
      (conv1): Conv2d(64, 64, kernel_size=(3, 3), stride=(1, 1), padding=(1, 1), bias=False)
      (bn1): BatchNorm2d(64, eps=1e-05, momentum=0.1, affine=True, track_running_stats=True)
      (conv2): Conv2d(64, 64, kernel_size=(3, 3), stride=(1, 1), padding=(1, 1), bias=False)
      (bn2): BatchNorm2d(64, eps=1e-05, momentum=0.1, affine=True, track_running_stats=True)
      (shortcut): Sequential()
    )
  )
  (layer3): Sequential(
    (0): BasicBlock(
      (conv1): Conv2d(64, 64, kernel_size=(3, 3), stride=(1, 1), padding=(1, 1), bias=False)
      (bn1): BatchNorm2d(64, eps=1e-05, momentum=0.1, affine=True, track_running_stats=True)
      (conv2): Conv2d(64, 64, kernel_size=(3, 3), stride=(1, 1), padding=(1, 1), bias=False)
      (bn2): BatchNorm2d(64, eps=1e-05, momentum=0.1, affine=True, track_running_stats=True)
      (shortcut): Sequential()
    )
    (1): BasicBlock(
      (conv1): Conv2d(64, 64, kernel_size=(3, 3), stride=(1, 1), padding=(1, 1), bias=False)
      (bn1): BatchNorm2d(64, eps=1e-05, momentum=0.1, affine=True, track_running_stats=True)
      (conv2): Conv2d(64, 64, kernel_size=(3, 3), stride=(1, 1), padding=(1, 1), bias=False)
      (bn2): BatchNorm2d(64, eps=1e-05, momentum=0.1, affine=True, track_running_stats=True)
      (shortcut): Sequential()
    )
  )
  (layer4): Sequential(
    (0): BasicBlock(
      (conv1): Conv2d(64, 64, kernel_size=(3, 3), stride=(1, 1), padding=(1, 1), bias=False)
      (bn1): BatchNorm2d(64, eps=1e-05, momentum=0.1, affine=True, track_running_stats=True)
      (conv2): Conv2d(64, 64, kernel_size=(3, 3), stride=(1, 1), padding=(1, 1), bias=False)
      (bn2): BatchNorm2d(64, eps=1e-05, momentum=0.1, affine=True, track_running_stats=True)
      (shortcut): Sequential()
    )
    (1): BasicBlock(
      (conv1): Conv2d(64, 64, kernel_size=(3, 3), stride=(1, 1), padding=(1, 1), bias=False)
      (bn1): BatchNorm2d(64, eps=1e-05, momentum=0.1, affine=True, track_running_stats=True)
      (conv2): Conv2d(64, 64, kernel_size=(3, 3), stride=(1, 1), padding=(1, 1), bias=False)
      (bn2): BatchNorm2d(64, eps=1e-05, momentum=0.1, affine=True, track_running_stats=True)
      (shortcut): Sequential()
    )
  )
  (conv2): Sequential(
    (0): Conv2d(64, 32, kernel_size=(3, 3), stride=(1, 1), padding=(1, 1))
    (1): BatchNorm2d(32, eps=1e-05, momentum=0.1, affine=True, track_running_stats=True)
  )
  (conv3): Sequential(
    (0): Conv2d(32, 16, kernel_size=(3, 3), stride=(1, 1), padding=(1, 1))
    (1): BatchNorm2d(16, eps=1e-05, momentum=0.1, affine=True, track_running_stats=True)
  )
  (conv4): Sequential(
    (0): Conv2d(16, 1, kernel_size=(3, 3), stride=(1, 1), padding=(1, 1))
    (1): BatchNorm2d(1, eps=1e-05, momentum=0.1, affine=True, track_running_stats=True)
  )
)
Epoch  0, trian_loss: 0.0063, trian_mae: 0.0760, trian_mse:0.0129, trian_r2: -2.4581, trian_cc: 0.3971
Epoch  0, val_loss: 0.0068, val_mae: 0.0944, val_mse: 0.0135, val_r2: -753.9819, val_cc: 0.1935
Epoch  1, trian_loss: 0.0043, trian_mae: 0.0689, trian_mse:0.0085, trian_r2: -234.9065, trian_cc: 0.1979
Epoch  1, val_loss: 0.0043, val_mae: 0.0712, val_mse: 0.0087, val_r2: -151.0370, val_cc: 0.2666
Epoch  2, trian_loss: 0.0039, trian_mae: 0.0660, trian_mse:0.0078, trian_r2: -245.7087, trian_cc: 0.2771
Epoch  2, val_loss: 0.0042, val_mae: 0.0694, val_mse: 0.0085, val_r2: -186.6901, val_cc: 0.3239
Epoch  3, trian_loss: 0.0038, trian_mae: 0.0655, trian_mse:0.0077, trian_r2: -275.7299, trian_cc: 0.3246
Epoch  3, val_loss: 0.0044, val_mae: 0.0689, val_mse: 0.0087, val_r2: -171.4499, val_cc: 0.3308
Epoch  4, trian_loss: 0.0039, trian_mae: 0.0654, trian_mse:0.0077, trian_r2: -345.7370, trian_cc: 0.3263
Epoch  4, val_loss: 0.0044, val_mae: 0.0683, val_mse: 0.0088, val_r2: -144.9156, val_cc: 0.3703
Epoch  5, trian_loss: 0.0039, trian_mae: 0.0654, trian_mse:0.0077, trian_r2: -391.5524, trian_cc: 0.3421
Epoch  5, val_loss: 0.0043, val_mae: 0.0678, val_mse: 0.0085, val_r2: -139.2419, val_cc: 0.3767
Epoch  6, trian_loss: 0.0038, trian_mae: 0.0647, trian_mse:0.0075, trian_r2: -336.2707, trian_cc: 0.3883
Epoch  6, val_loss: 0.0044, val_mae: 0.0698, val_mse: 0.0088, val_r2: -113.4625, val_cc: 0.4118
Epoch  7, trian_loss: 0.0038, trian_mae: 0.0647, trian_mse:0.0075, trian_r2: -372.3860, trian_cc: 0.3895
Epoch  7, val_loss: 0.0043, val_mae: 0.0687, val_mse: 0.0086, val_r2: -202.7493, val_cc: 0.3910
Epoch  8, trian_loss: 0.0037, trian_mae: 0.0643, trian_mse:0.0074, trian_r2: -305.5287, trian_cc: 0.3987
Epoch  8, val_loss: 0.0042, val_mae: 0.0697, val_mse: 0.0083, val_r2: -293.9729, val_cc: 0.3805
Epoch  9, trian_loss: 0.0037, trian_mae: 0.0645, trian_mse:0.0075, trian_r2: -323.9014, trian_cc: 0.3943
Epoch  9, val_loss: 0.0042, val_mae: 0.0679, val_mse: 0.0084, val_r2: -132.8182, val_cc: 0.4156
Epoch 10, trian_loss: 0.0037, trian_mae: 0.0639, trian_mse:0.0073, trian_r2: -346.6385, trian_cc: 0.4034
Epoch 10, val_loss: 0.0042, val_mae: 0.0684, val_mse: 0.0085, val_r2: -197.5810, val_cc: 0.4068
Epoch 11, trian_loss: 0.0037, trian_mae: 0.0645, trian_mse:0.0074, trian_r2: -333.4096, trian_cc: 0.3993
Epoch 11, val_loss: 0.0041, val_mae: 0.0690, val_mse: 0.0082, val_r2: -193.0962, val_cc: 0.3997
Epoch 12, trian_loss: 0.0037, trian_mae: 0.0640, trian_mse:0.0074, trian_r2: -303.4054, trian_cc: 0.4056
Epoch 12, val_loss: 0.0043, val_mae: 0.0702, val_mse: 0.0085, val_r2: -153.6860, val_cc: 0.4043
Epoch 13, trian_loss: 0.0037, trian_mae: 0.0639, trian_mse:0.0073, trian_r2: -290.6067, trian_cc: 0.4123
Epoch 13, val_loss: 0.0041, val_mae: 0.0683, val_mse: 0.0082, val_r2: -144.3045, val_cc: 0.4040
Epoch 14, trian_loss: 0.0036, trian_mae: 0.0634, trian_mse:0.0072, trian_r2: -312.1817, trian_cc: 0.4137
Epoch 14, val_loss: 0.0043, val_mae: 0.0710, val_mse: 0.0085, val_r2: -155.8083, val_cc: 0.3926
Epoch 15, trian_loss: 0.0036, trian_mae: 0.0634, trian_mse:0.0072, trian_r2: -236.9635, trian_cc: 0.4159
Epoch 15, val_loss: 0.0042, val_mae: 0.0701, val_mse: 0.0084, val_r2: -123.8531, val_cc: 0.3878
Epoch 16, trian_loss: 0.0036, trian_mae: 0.0632, trian_mse:0.0071, trian_r2: -241.6792, trian_cc: 0.4100
Epoch 16, val_loss: 0.0045, val_mae: 0.0728, val_mse: 0.0089, val_r2: -104.9146, val_cc: 0.3774
Epoch 17, trian_loss: 0.0035, trian_mae: 0.0630, trian_mse:0.0071, trian_r2: -265.6166, trian_cc: 0.4065
Epoch 17, val_loss: 0.0040, val_mae: 0.0674, val_mse: 0.0080, val_r2: -130.3723, val_cc: 0.3897
Epoch 18, trian_loss: 0.0035, trian_mae: 0.0626, trian_mse:0.0070, trian_r2: -193.1854, trian_cc: 0.4081
Epoch 18, val_loss: 0.0041, val_mae: 0.0685, val_mse: 0.0083, val_r2: -87.5813, val_cc: 0.3703
Epoch 19, trian_loss: 0.0035, trian_mae: 0.0627, trian_mse:0.0070, trian_r2: -180.2571, trian_cc: 0.4072
Epoch 19, val_loss: 0.0041, val_mae: 0.0689, val_mse: 0.0082, val_r2: -73.7653, val_cc: 0.3465
Epoch 20, trian_loss: 0.0034, trian_mae: 0.0623, trian_mse:0.0069, trian_r2: -149.4979, trian_cc: 0.4023
Epoch 20, val_loss: 0.0040, val_mae: 0.0662, val_mse: 0.0079, val_r2: -115.6539, val_cc: 0.3739
Epoch 21, trian_loss: 0.0034, trian_mae: 0.0620, trian_mse:0.0069, trian_r2: -145.6330, trian_cc: 0.4050
Epoch 21, val_loss: 0.0041, val_mae: 0.0678, val_mse: 0.0081, val_r2: -76.3106, val_cc: 0.3428
Epoch 22, trian_loss: 0.0034, trian_mae: 0.0623, trian_mse:0.0069, trian_r2: -128.6770, trian_cc: 0.3926
Epoch 22, val_loss: 0.0040, val_mae: 0.0666, val_mse: 0.0081, val_r2: -87.9470, val_cc: 0.3539
Epoch 23, trian_loss: 0.0034, trian_mae: 0.0616, trian_mse:0.0068, trian_r2: -110.4213, trian_cc: 0.4029
Epoch 23, val_loss: 0.0040, val_mae: 0.0687, val_mse: 0.0081, val_r2: -83.8851, val_cc: 0.3519
Epoch 24, trian_loss: 0.0034, trian_mae: 0.0620, trian_mse:0.0068, trian_r2: -113.2590, trian_cc: 0.3993
Epoch 24, val_loss: 0.0040, val_mae: 0.0662, val_mse: 0.0080, val_r2: -67.2399, val_cc: 0.3471
Epoch 25, trian_loss: 0.0034, trian_mae: 0.0618, trian_mse:0.0068, trian_r2: -99.1015, trian_cc: 0.3942
Epoch 25, val_loss: 0.0039, val_mae: 0.0666, val_mse: 0.0078, val_r2: -76.2308, val_cc: 0.3378
Epoch 26, trian_loss: 0.0034, trian_mae: 0.0617, trian_mse:0.0067, trian_r2: -96.4250, trian_cc: 0.3879
Epoch 26, val_loss: 0.0039, val_mae: 0.0662, val_mse: 0.0078, val_r2: -63.9319, val_cc: 0.3285
Epoch 27, trian_loss: 0.0033, trian_mae: 0.0612, trian_mse:0.0066, trian_r2: -79.4282, trian_cc: 0.3882
Epoch 27, val_loss: 0.0043, val_mae: 0.0712, val_mse: 0.0085, val_r2: -48.6792, val_cc: 0.3420
Epoch 28, trian_loss: 0.0033, trian_mae: 0.0610, trian_mse:0.0066, trian_r2: -74.7687, trian_cc: 0.3896
Epoch 28, val_loss: 0.0040, val_mae: 0.0673, val_mse: 0.0079, val_r2: -58.4166, val_cc: 0.3274
Epoch 29, trian_loss: 0.0033, trian_mae: 0.0610, trian_mse:0.0066, trian_r2: -68.7227, trian_cc: 0.3894
Epoch 29, val_loss: 0.0040, val_mae: 0.0671, val_mse: 0.0080, val_r2: -45.9810, val_cc: 0.3238
Epoch 30, trian_loss: 0.0033, trian_mae: 0.0610, trian_mse:0.0066, trian_r2: -60.9795, trian_cc: 0.3850
Epoch 30, val_loss: 0.0039, val_mae: 0.0664, val_mse: 0.0079, val_r2: -53.5936, val_cc: 0.3013
Epoch 31, trian_loss: 0.0033, trian_mae: 0.0608, trian_mse:0.0065, trian_r2: -54.7491, trian_cc: 0.3848
Epoch 31, val_loss: 0.0041, val_mae: 0.0660, val_mse: 0.0081, val_r2: -42.3511, val_cc: 0.3268
Epoch 32, trian_loss: 0.0033, trian_mae: 0.0607, trian_mse:0.0065, trian_r2: -55.2609, trian_cc: 0.3949
Epoch 32, val_loss: 0.0039, val_mae: 0.0653, val_mse: 0.0078, val_r2: -46.8849, val_cc: 0.3178
Epoch 33, trian_loss: 0.0033, trian_mae: 0.0606, trian_mse:0.0065, trian_r2: -49.8271, trian_cc: 0.3868
Epoch 33, val_loss: 0.0039, val_mae: 0.0666, val_mse: 0.0078, val_r2: -44.6717, val_cc: 0.3206
Epoch 34, trian_loss: 0.0032, trian_mae: 0.0603, trian_mse:0.0064, trian_r2: -47.3305, trian_cc: 0.3937
Epoch 34, val_loss: 0.0039, val_mae: 0.0661, val_mse: 0.0079, val_r2: -43.0840, val_cc: 0.3161
Epoch 35, trian_loss: 0.0032, trian_mae: 0.0603, trian_mse:0.0064, trian_r2: -47.0404, trian_cc: 0.3945
Epoch 35, val_loss: 0.0039, val_mae: 0.0649, val_mse: 0.0078, val_r2: -55.4783, val_cc: 0.3175
Epoch 36, trian_loss: 0.0032, trian_mae: 0.0597, trian_mse:0.0063, trian_r2: -38.3667, trian_cc: 0.3947
Epoch 36, val_loss: 0.0039, val_mae: 0.0658, val_mse: 0.0079, val_r2: -35.6203, val_cc: 0.3013
Epoch 37, trian_loss: 0.0032, trian_mae: 0.0597, trian_mse:0.0063, trian_r2: -36.2852, trian_cc: 0.4009
Epoch 37, val_loss: 0.0039, val_mae: 0.0662, val_mse: 0.0078, val_r2: -36.1327, val_cc: 0.3114
Epoch 38, trian_loss: 0.0031, trian_mae: 0.0595, trian_mse:0.0062, trian_r2: -34.6823, trian_cc: 0.4045
Epoch 38, val_loss: 0.0041, val_mae: 0.0667, val_mse: 0.0081, val_r2: -26.5961, val_cc: 0.3090
Epoch 39, trian_loss: 0.0031, trian_mae: 0.0594, trian_mse:0.0062, trian_r2: -31.5570, trian_cc: 0.4070
Epoch 39, val_loss: 0.0041, val_mae: 0.0658, val_mse: 0.0081, val_r2: -33.5828, val_cc: 0.3136
Epoch 40, trian_loss: 0.0031, trian_mae: 0.0590, trian_mse:0.0062, trian_r2: -27.2489, trian_cc: 0.4111
Epoch 40, val_loss: 0.0040, val_mae: 0.0675, val_mse: 0.0081, val_r2: -24.1939, val_cc: 0.3242
Epoch 41, trian_loss: 0.0031, trian_mae: 0.0588, trian_mse:0.0061, trian_r2: -26.4094, trian_cc: 0.4131
Epoch 41, val_loss: 0.0040, val_mae: 0.0666, val_mse: 0.0080, val_r2: -22.7776, val_cc: 0.3108
Epoch 42, trian_loss: 0.0030, trian_mae: 0.0581, trian_mse:0.0060, trian_r2: -21.4531, trian_cc: 0.4273
Epoch 42, val_loss: 0.0039, val_mae: 0.0649, val_mse: 0.0078, val_r2: -25.0422, val_cc: 0.3294
Epoch 43, trian_loss: 0.0030, trian_mae: 0.0577, trian_mse:0.0059, trian_r2: -19.6961, trian_cc: 0.4416
Epoch 43, val_loss: 0.0040, val_mae: 0.0674, val_mse: 0.0081, val_r2: -21.7704, val_cc: 0.3530
Epoch 44, trian_loss: 0.0029, trian_mae: 0.0569, trian_mse:0.0058, trian_r2: -17.3536, trian_cc: 0.4655
Epoch 44, val_loss: 0.0039, val_mae: 0.0648, val_mse: 0.0078, val_r2: -16.9979, val_cc: 0.3546
Epoch 45, trian_loss: 0.0028, trian_mae: 0.0558, trian_mse:0.0057, trian_r2: -13.7147, trian_cc: 0.4917
Epoch 45, val_loss: 0.0047, val_mae: 0.0689, val_mse: 0.0093, val_r2: -10.4353, val_cc: 0.3929
Epoch 46, trian_loss: 0.0028, trian_mae: 0.0549, trian_mse:0.0055, trian_r2: -12.2508, trian_cc: 0.5137
Epoch 46, val_loss: 0.0040, val_mae: 0.0643, val_mse: 0.0079, val_r2: -9.2403, val_cc: 0.4178
Epoch 47, trian_loss: 0.0027, trian_mae: 0.0544, trian_mse:0.0055, trian_r2: -10.4697, trian_cc: 0.5313
Epoch 47, val_loss: 0.0038, val_mae: 0.0632, val_mse: 0.0076, val_r2: -11.6999, val_cc: 0.4388
Epoch 48, trian_loss: 0.0026, trian_mae: 0.0526, trian_mse:0.0052, trian_r2: -8.0119, trian_cc: 0.5529
Epoch 48, val_loss: 0.0038, val_mae: 0.0632, val_mse: 0.0077, val_r2: -10.5177, val_cc: 0.4456
Epoch 49, trian_loss: 0.0026, trian_mae: 0.0520, trian_mse:0.0051, trian_r2: -7.5856, trian_cc: 0.5708
Epoch 49, val_loss: 0.0036, val_mae: 0.0606, val_mse: 0.0071, val_r2: -10.8636, val_cc: 0.4580
Epoch 50, trian_loss: 0.0026, trian_mae: 0.0520, trian_mse:0.0051, trian_r2: -7.7178, trian_cc: 0.5742
Epoch 50, val_loss: 0.0037, val_mae: 0.0613, val_mse: 0.0073, val_r2: -11.4394, val_cc: 0.4683
Epoch 51, trian_loss: 0.0025, trian_mae: 0.0512, trian_mse:0.0050, trian_r2: -6.5005, trian_cc: 0.5889
Epoch 51, val_loss: 0.0037, val_mae: 0.0596, val_mse: 0.0074, val_r2: -15.2954, val_cc: 0.4485
Epoch 52, trian_loss: 0.0025, trian_mae: 0.0505, trian_mse:0.0049, trian_r2: -6.4847, trian_cc: 0.6037
Epoch 52, val_loss: 0.0034, val_mae: 0.0589, val_mse: 0.0068, val_r2: -20.6533, val_cc: 0.4835
Epoch 53, trian_loss: 0.0025, trian_mae: 0.0505, trian_mse:0.0049, trian_r2: -6.2546, trian_cc: 0.6092
Epoch 53, val_loss: 0.0035, val_mae: 0.0590, val_mse: 0.0070, val_r2: -7.7921, val_cc: 0.4979
Epoch 54, trian_loss: 0.0024, trian_mae: 0.0490, trian_mse:0.0047, trian_r2: -4.9015, trian_cc: 0.6226
Epoch 54, val_loss: 0.0035, val_mae: 0.0602, val_mse: 0.0071, val_r2: -8.3141, val_cc: 0.4970
Epoch 55, trian_loss: 0.0022, trian_mae: 0.0479, trian_mse:0.0045, trian_r2: -3.8526, trian_cc: 0.6331
Epoch 55, val_loss: 0.0036, val_mae: 0.0583, val_mse: 0.0073, val_r2: -6.4334, val_cc: 0.5115
Epoch 56, trian_loss: 0.0023, trian_mae: 0.0477, trian_mse:0.0045, trian_r2: -3.4644, trian_cc: 0.6418
Epoch 56, val_loss: 0.0042, val_mae: 0.0630, val_mse: 0.0084, val_r2: -6.9927, val_cc: 0.4883
Epoch 57, trian_loss: 0.0022, trian_mae: 0.0475, trian_mse:0.0045, trian_r2: -3.5395, trian_cc: 0.6459
Epoch 57, val_loss: 0.0039, val_mae: 0.0613, val_mse: 0.0078, val_r2: -5.1144, val_cc: 0.4984
Epoch 58, trian_loss: 0.0022, trian_mae: 0.0471, trian_mse:0.0044, trian_r2: -2.9175, trian_cc: 0.6501
Epoch 58, val_loss: 0.0035, val_mae: 0.0592, val_mse: 0.0071, val_r2: -5.9083, val_cc: 0.5213
Epoch 59, trian_loss: 0.0022, trian_mae: 0.0475, trian_mse:0.0045, trian_r2: -3.3493, trian_cc: 0.6519
Epoch 59, val_loss: 0.0044, val_mae: 0.0647, val_mse: 0.0088, val_r2: -3.8873, val_cc: 0.5127
Epoch 60, trian_loss: 0.0022, trian_mae: 0.0466, trian_mse:0.0043, trian_r2: -2.9600, trian_cc: 0.6630
Epoch 60, val_loss: 0.0034, val_mae: 0.0573, val_mse: 0.0069, val_r2: -5.2034, val_cc: 0.5278
Epoch 61, trian_loss: 0.0021, trian_mae: 0.0460, trian_mse:0.0043, trian_r2: -2.7203, trian_cc: 0.6669
Epoch 61, val_loss: 0.0038, val_mae: 0.0610, val_mse: 0.0075, val_r2: -5.2214, val_cc: 0.5288
Epoch 62, trian_loss: 0.0022, trian_mae: 0.0467, trian_mse:0.0044, trian_r2: -2.7875, trian_cc: 0.6632
Epoch 62, val_loss: 0.0039, val_mae: 0.0628, val_mse: 0.0077, val_r2: -5.0974, val_cc: 0.5283
Epoch 63, trian_loss: 0.0021, trian_mae: 0.0458, trian_mse:0.0042, trian_r2: -2.6296, trian_cc: 0.6739
Epoch 63, val_loss: 0.0035, val_mae: 0.0572, val_mse: 0.0070, val_r2: -4.1201, val_cc: 0.5159
Epoch 64, trian_loss: 0.0021, trian_mae: 0.0452, trian_mse:0.0041, trian_r2: -2.4021, trian_cc: 0.6800
Epoch 64, val_loss: 0.0032, val_mae: 0.0562, val_mse: 0.0065, val_r2: -5.2132, val_cc: 0.5489
Epoch 65, trian_loss: 0.0020, trian_mae: 0.0447, trian_mse:0.0040, trian_r2: -1.7868, trian_cc: 0.6844
Epoch 65, val_loss: 0.0034, val_mae: 0.0570, val_mse: 0.0067, val_r2: -6.3190, val_cc: 0.5335
Epoch 66, trian_loss: 0.0020, trian_mae: 0.0449, trian_mse:0.0041, trian_r2: -2.0354, trian_cc: 0.6877
Epoch 66, val_loss: 0.0036, val_mae: 0.0577, val_mse: 0.0071, val_r2: -5.4096, val_cc: 0.5348
Epoch 67, trian_loss: 0.0020, trian_mae: 0.0448, trian_mse:0.0041, trian_r2: -1.9100, trian_cc: 0.6913
Epoch 67, val_loss: 0.0039, val_mae: 0.0621, val_mse: 0.0079, val_r2: -3.9199, val_cc: 0.5376
Epoch 68, trian_loss: 0.0019, trian_mae: 0.0436, trian_mse:0.0039, trian_r2: -1.4096, trian_cc: 0.7005
Epoch 68, val_loss: 0.0039, val_mae: 0.0579, val_mse: 0.0078, val_r2: -5.9719, val_cc: 0.5066
Epoch 69, trian_loss: 0.0020, trian_mae: 0.0439, trian_mse:0.0039, trian_r2: -1.6152, trian_cc: 0.7019
Epoch 69, val_loss: 0.0037, val_mae: 0.0602, val_mse: 0.0075, val_r2: -4.1075, val_cc: 0.5434
Epoch 70, trian_loss: 0.0019, trian_mae: 0.0427, trian_mse:0.0037, trian_r2: -1.3021, trian_cc: 0.7112
Epoch 70, val_loss: 0.0035, val_mae: 0.0587, val_mse: 0.0070, val_r2: -3.8521, val_cc: 0.5438
Epoch 71, trian_loss: 0.0018, trian_mae: 0.0421, trian_mse:0.0036, trian_r2: -1.0786, trian_cc: 0.7136
Epoch 71, val_loss: 0.0041, val_mae: 0.0602, val_mse: 0.0082, val_r2: -3.2796, val_cc: 0.5026
Epoch 72, trian_loss: 0.0018, trian_mae: 0.0427, trian_mse:0.0037, trian_r2: -1.2437, trian_cc: 0.7151
Epoch 72, val_loss: 0.0034, val_mae: 0.0588, val_mse: 0.0069, val_r2: -4.9280, val_cc: 0.5420
Epoch 73, trian_loss: 0.0019, trian_mae: 0.0436, trian_mse:0.0039, trian_r2: -1.5593, trian_cc: 0.7107
Epoch 73, val_loss: 0.0033, val_mae: 0.0573, val_mse: 0.0066, val_r2: -5.2388, val_cc: 0.5509
Epoch 74, trian_loss: 0.0018, trian_mae: 0.0415, trian_mse:0.0035, trian_r2: -0.9233, trian_cc: 0.7272
Epoch 74, val_loss: 0.0037, val_mae: 0.0591, val_mse: 0.0073, val_r2: -4.1420, val_cc: 0.5327
Epoch 75, trian_loss: 0.0018, trian_mae: 0.0421, trian_mse:0.0036, trian_r2: -1.1129, trian_cc: 0.7253
Epoch 75, val_loss: 0.0036, val_mae: 0.0586, val_mse: 0.0072, val_r2: -4.6786, val_cc: 0.5420
Epoch 76, trian_loss: 0.0018, trian_mae: 0.0420, trian_mse:0.0036, trian_r2: -0.9700, trian_cc: 0.7279
Epoch 76, val_loss: 0.0038, val_mae: 0.0607, val_mse: 0.0075, val_r2: -3.1330, val_cc: 0.5287
Epoch 77, trian_loss: 0.0017, trian_mae: 0.0411, trian_mse:0.0035, trian_r2: -1.0034, trian_cc: 0.7379
Epoch 77, val_loss: 0.0035, val_mae: 0.0567, val_mse: 0.0070, val_r2: -4.4141, val_cc: 0.5265
Epoch 78, trian_loss: 0.0017, trian_mae: 0.0410, trian_mse:0.0034, trian_r2: -0.9425, trian_cc: 0.7384
Epoch 78, val_loss: 0.0042, val_mae: 0.0627, val_mse: 0.0084, val_r2: -2.4061, val_cc: 0.5235
Epoch 79, trian_loss: 0.0016, trian_mae: 0.0405, trian_mse:0.0033, trian_r2: -0.9605, trian_cc: 0.7440
Epoch 79, val_loss: 0.0044, val_mae: 0.0674, val_mse: 0.0088, val_r2: -4.0355, val_cc: 0.5372
Epoch 80, trian_loss: 0.0017, trian_mae: 0.0419, trian_mse:0.0035, trian_r2: -0.8236, trian_cc: 0.7387
Epoch 80, val_loss: 0.0035, val_mae: 0.0568, val_mse: 0.0069, val_r2: -4.7869, val_cc: 0.5296
Epoch 81, trian_loss: 0.0017, trian_mae: 0.0409, trian_mse:0.0034, trian_r2: -0.6088, trian_cc: 0.7452
Epoch 81, val_loss: 0.0039, val_mae: 0.0593, val_mse: 0.0078, val_r2: -2.8139, val_cc: 0.4998
Epoch 82, trian_loss: 0.0017, trian_mae: 0.0405, trian_mse:0.0033, trian_r2: -0.6358, trian_cc: 0.7515
Epoch 82, val_loss: 0.0035, val_mae: 0.0569, val_mse: 0.0069, val_r2: -3.5794, val_cc: 0.5290
Epoch 83, trian_loss: 0.0016, trian_mae: 0.0402, trian_mse:0.0032, trian_r2: -0.6542, trian_cc: 0.7551
Epoch 83, val_loss: 0.0039, val_mae: 0.0614, val_mse: 0.0078, val_r2: -2.5743, val_cc: 0.5195
Epoch 84, trian_loss: 0.0014, trian_mae: 0.0379, trian_mse:0.0029, trian_r2: -0.2928, trian_cc: 0.7675
Epoch 84, val_loss: 0.0036, val_mae: 0.0581, val_mse: 0.0072, val_r2: -3.7918, val_cc: 0.5197
Epoch 85, trian_loss: 0.0015, trian_mae: 0.0382, trian_mse:0.0029, trian_r2: -0.4190, trian_cc: 0.7673
Epoch 85, val_loss: 0.0039, val_mae: 0.0604, val_mse: 0.0078, val_r2: -2.4506, val_cc: 0.5117
Epoch 86, trian_loss: 0.0015, trian_mae: 0.0384, trian_mse:0.0029, trian_r2: -0.4065, trian_cc: 0.7698
Epoch 86, val_loss: 0.0044, val_mae: 0.0654, val_mse: 0.0089, val_r2: -2.3042, val_cc: 0.5157
Epoch 87, trian_loss: 0.0015, trian_mae: 0.0390, trian_mse:0.0030, trian_r2: -0.5693, trian_cc: 0.7665
Epoch 87, val_loss: 0.0049, val_mae: 0.0640, val_mse: 0.0098, val_r2: -3.2592, val_cc: 0.5135
Epoch 88, trian_loss: 0.0014, trian_mae: 0.0381, trian_mse:0.0029, trian_r2: -0.4155, trian_cc: 0.7735
Epoch 88, val_loss: 0.0036, val_mae: 0.0567, val_mse: 0.0073, val_r2: -3.5320, val_cc: 0.5002
Epoch 89, trian_loss: 0.0014, trian_mae: 0.0376, trian_mse:0.0028, trian_r2: -0.4391, trian_cc: 0.7758
Epoch 89, val_loss: 0.0037, val_mae: 0.0593, val_mse: 0.0075, val_r2: -3.0135, val_cc: 0.5126
Epoch 90, trian_loss: 0.0014, trian_mae: 0.0373, trian_mse:0.0028, trian_r2: -0.2759, trian_cc: 0.7800
Epoch 90, val_loss: 0.0037, val_mae: 0.0604, val_mse: 0.0074, val_r2: -2.2668, val_cc: 0.5200
Epoch 91, trian_loss: 0.0013, trian_mae: 0.0370, trian_mse:0.0027, trian_r2: -0.2406, trian_cc: 0.7853
Epoch 91, val_loss: 0.0040, val_mae: 0.0614, val_mse: 0.0080, val_r2: -1.9436, val_cc: 0.5120
Epoch 92, trian_loss: 0.0014, trian_mae: 0.0375, trian_mse:0.0028, trian_r2: -0.3444, trian_cc: 0.7816
Epoch 92, val_loss: 0.0037, val_mae: 0.0576, val_mse: 0.0073, val_r2: -3.4168, val_cc: 0.5020
Epoch 93, trian_loss: 0.0013, trian_mae: 0.0366, trian_mse:0.0027, trian_r2: -0.4323, trian_cc: 0.7894
Epoch 93, val_loss: 0.0041, val_mae: 0.0632, val_mse: 0.0082, val_r2: -2.0525, val_cc: 0.5164
Epoch 94, trian_loss: 0.0013, trian_mae: 0.0362, trian_mse:0.0026, trian_r2: -0.1587, trian_cc: 0.7912
Epoch 94, val_loss: 0.0038, val_mae: 0.0590, val_mse: 0.0076, val_r2: -2.7657, val_cc: 0.5159
Epoch 95, trian_loss: 0.0014, trian_mae: 0.0381, trian_mse:0.0029, trian_r2: -0.4903, trian_cc: 0.7842
Epoch 95, val_loss: 0.0038, val_mae: 0.0589, val_mse: 0.0076, val_r2: -2.9144, val_cc: 0.5187
Epoch 96, trian_loss: 0.0013, trian_mae: 0.0365, trian_mse:0.0026, trian_r2: -0.0971, trian_cc: 0.7932
Epoch 96, val_loss: 0.0038, val_mae: 0.0620, val_mse: 0.0076, val_r2: -2.3216, val_cc: 0.5167
Epoch 97, trian_loss: 0.0012, trian_mae: 0.0346, trian_mse:0.0023, trian_r2: -0.0367, trian_cc: 0.8018
Epoch 97, val_loss: 0.0037, val_mae: 0.0588, val_mse: 0.0073, val_r2: -2.9826, val_cc: 0.5118
Epoch 98, trian_loss: 0.0012, trian_mae: 0.0355, trian_mse:0.0025, trian_r2: -0.1787, trian_cc: 0.7996
Epoch 98, val_loss: 0.0037, val_mae: 0.0577, val_mse: 0.0074, val_r2: -2.8286, val_cc: 0.4921
Epoch 99, trian_loss: 0.0013, trian_mae: 0.0355, trian_mse:0.0025, trian_r2: -0.1829, trian_cc: 0.7997
Epoch 99, val_loss: 0.0038, val_mae: 0.0595, val_mse: 0.0075, val_r2: -2.4853, val_cc: 0.5082
