Trian Data: 532   Validation Data: 177  Test Data: 178
[1, 1]
[1, 1]
[1, 1]
[1, 1]
model SENet(
  (conv1): Conv2d(41, 64, kernel_size=(3, 3), stride=(1, 1), padding=(1, 1), bias=False)
  (bn1): BatchNorm2d(64, eps=1e-05, momentum=0.1, affine=True, track_running_stats=True)
  (layer1): Sequential(
    (0): BasicBlock(
      (conv1): Conv2d(64, 64, kernel_size=(3, 3), stride=(1, 1), padding=(1, 1), bias=False)
      (bn1): BatchNorm2d(64, eps=1e-05, momentum=0.1, affine=True, track_running_stats=True)
      (conv2): Conv2d(64, 64, kernel_size=(3, 3), stride=(1, 1), padding=(1, 1), bias=False)
      (bn2): BatchNorm2d(64, eps=1e-05, momentum=0.1, affine=True, track_running_stats=True)
      (shortcut): Sequential()
      (fc1): Conv2d(64, 4, kernel_size=(1, 1), stride=(1, 1))
      (fc2): Conv2d(4, 64, kernel_size=(1, 1), stride=(1, 1))
    )
    (1): BasicBlock(
      (conv1): Conv2d(64, 64, kernel_size=(3, 3), stride=(1, 1), padding=(1, 1), bias=False)
      (bn1): BatchNorm2d(64, eps=1e-05, momentum=0.1, affine=True, track_running_stats=True)
      (conv2): Conv2d(64, 64, kernel_size=(3, 3), stride=(1, 1), padding=(1, 1), bias=False)
      (bn2): BatchNorm2d(64, eps=1e-05, momentum=0.1, affine=True, track_running_stats=True)
      (shortcut): Sequential()
      (fc1): Conv2d(64, 4, kernel_size=(1, 1), stride=(1, 1))
      (fc2): Conv2d(4, 64, kernel_size=(1, 1), stride=(1, 1))
    )
  )
  (layer2): Sequential(
    (0): BasicBlock(
      (conv1): Conv2d(64, 64, kernel_size=(3, 3), stride=(1, 1), padding=(1, 1), bias=False)
      (bn1): BatchNorm2d(64, eps=1e-05, momentum=0.1, affine=True, track_running_stats=True)
      (conv2): Conv2d(64, 64, kernel_size=(3, 3), stride=(1, 1), padding=(1, 1), bias=False)
      (bn2): BatchNorm2d(64, eps=1e-05, momentum=0.1, affine=True, track_running_stats=True)
      (shortcut): Sequential()
      (fc1): Conv2d(64, 4, kernel_size=(1, 1), stride=(1, 1))
      (fc2): Conv2d(4, 64, kernel_size=(1, 1), stride=(1, 1))
    )
    (1): BasicBlock(
      (conv1): Conv2d(64, 64, kernel_size=(3, 3), stride=(1, 1), padding=(1, 1), bias=False)
      (bn1): BatchNorm2d(64, eps=1e-05, momentum=0.1, affine=True, track_running_stats=True)
      (conv2): Conv2d(64, 64, kernel_size=(3, 3), stride=(1, 1), padding=(1, 1), bias=False)
      (bn2): BatchNorm2d(64, eps=1e-05, momentum=0.1, affine=True, track_running_stats=True)
      (shortcut): Sequential()
      (fc1): Conv2d(64, 4, kernel_size=(1, 1), stride=(1, 1))
      (fc2): Conv2d(4, 64, kernel_size=(1, 1), stride=(1, 1))
    )
  )
  (layer3): Sequential(
    (0): BasicBlock(
      (conv1): Conv2d(64, 64, kernel_size=(3, 3), stride=(1, 1), padding=(1, 1), bias=False)
      (bn1): BatchNorm2d(64, eps=1e-05, momentum=0.1, affine=True, track_running_stats=True)
      (conv2): Conv2d(64, 64, kernel_size=(3, 3), stride=(1, 1), padding=(1, 1), bias=False)
      (bn2): BatchNorm2d(64, eps=1e-05, momentum=0.1, affine=True, track_running_stats=True)
      (shortcut): Sequential()
      (fc1): Conv2d(64, 4, kernel_size=(1, 1), stride=(1, 1))
      (fc2): Conv2d(4, 64, kernel_size=(1, 1), stride=(1, 1))
    )
    (1): BasicBlock(
      (conv1): Conv2d(64, 64, kernel_size=(3, 3), stride=(1, 1), padding=(1, 1), bias=False)
      (bn1): BatchNorm2d(64, eps=1e-05, momentum=0.1, affine=True, track_running_stats=True)
      (conv2): Conv2d(64, 64, kernel_size=(3, 3), stride=(1, 1), padding=(1, 1), bias=False)
      (bn2): BatchNorm2d(64, eps=1e-05, momentum=0.1, affine=True, track_running_stats=True)
      (shortcut): Sequential()
      (fc1): Conv2d(64, 4, kernel_size=(1, 1), stride=(1, 1))
      (fc2): Conv2d(4, 64, kernel_size=(1, 1), stride=(1, 1))
    )
  )
  (layer4): Sequential(
    (0): BasicBlock(
      (conv1): Conv2d(64, 64, kernel_size=(3, 3), stride=(1, 1), padding=(1, 1), bias=False)
      (bn1): BatchNorm2d(64, eps=1e-05, momentum=0.1, affine=True, track_running_stats=True)
      (conv2): Conv2d(64, 64, kernel_size=(3, 3), stride=(1, 1), padding=(1, 1), bias=False)
      (bn2): BatchNorm2d(64, eps=1e-05, momentum=0.1, affine=True, track_running_stats=True)
      (shortcut): Sequential()
      (fc1): Conv2d(64, 4, kernel_size=(1, 1), stride=(1, 1))
      (fc2): Conv2d(4, 64, kernel_size=(1, 1), stride=(1, 1))
    )
    (1): BasicBlock(
      (conv1): Conv2d(64, 64, kernel_size=(3, 3), stride=(1, 1), padding=(1, 1), bias=False)
      (bn1): BatchNorm2d(64, eps=1e-05, momentum=0.1, affine=True, track_running_stats=True)
      (conv2): Conv2d(64, 64, kernel_size=(3, 3), stride=(1, 1), padding=(1, 1), bias=False)
      (bn2): BatchNorm2d(64, eps=1e-05, momentum=0.1, affine=True, track_running_stats=True)
      (shortcut): Sequential()
      (fc1): Conv2d(64, 4, kernel_size=(1, 1), stride=(1, 1))
      (fc2): Conv2d(4, 64, kernel_size=(1, 1), stride=(1, 1))
    )
  )
  (cnn): CNNnet(
    (conv1): Sequential(
      (0): Conv2d(64, 32, kernel_size=(3, 3), stride=(1, 1), padding=(1, 1))
      (1): BatchNorm2d(32, eps=1e-05, momentum=0.1, affine=True, track_running_stats=True)
      (2): ReLU()
    )
    (conv2): Sequential(
      (0): Conv2d(32, 16, kernel_size=(3, 3), stride=(1, 1), padding=(1, 1))
      (1): BatchNorm2d(16, eps=1e-05, momentum=0.1, affine=True, track_running_stats=True)
      (2): ReLU()
    )
    (conv3): Sequential(
      (0): Conv2d(16, 1, kernel_size=(3, 3), stride=(1, 1), padding=(1, 1))
      (1): BatchNorm2d(1, eps=1e-05, momentum=0.1, affine=True, track_running_stats=True)
      (2): ReLU()
    )
  )
)
Epoch  0, trian_loss: 0.0060, trian_mae: 0.0791, trian_mse:0.0121, trian_r2: -3.7256, trian_cc: 0.3264
Epoch  0, val_loss: 0.0054, val_mae: 0.0801, val_mse: 0.0108, val_r2: -inf, val_cc: nan
Epoch  1, trian_loss: 0.0043, trian_mae: 0.0683, trian_mse:0.0087, trian_r2: -270.0583, trian_cc: 0.4104
Epoch  1, val_loss: 0.0038, val_mae: 0.0636, val_mse: 0.0076, val_r2: -251.6117, val_cc: 0.4554
Epoch  2, trian_loss: 0.0040, trian_mae: 0.0649, trian_mse:0.0080, trian_r2: -222.6047, trian_cc: 0.4965
Epoch  2, val_loss: 0.0036, val_mae: 0.0611, val_mse: 0.0073, val_r2: -389.0091, val_cc: 0.5100
Epoch  3, trian_loss: 0.0038, trian_mae: 0.0633, trian_mse:0.0077, trian_r2: -149.3057, trian_cc: 0.5258
Epoch  3, val_loss: 0.0036, val_mae: 0.0633, val_mse: 0.0072, val_r2: -74.1580, val_cc: 0.5399
Epoch  4, trian_loss: 0.0038, trian_mae: 0.0628, trian_mse:0.0075, trian_r2: -28.9845, trian_cc: 0.5557
Epoch  4, val_loss: 0.0034, val_mae: 0.0597, val_mse: 0.0068, val_r2: -41.4122, val_cc: 0.5742
Epoch  5, trian_loss: 0.0036, trian_mae: 0.0607, trian_mse:0.0072, trian_r2: -25.7203, trian_cc: 0.5753
Epoch  5, val_loss: 0.0033, val_mae: 0.0577, val_mse: 0.0066, val_r2: -6.6568, val_cc: 0.5873
Epoch  6, trian_loss: 0.0036, trian_mae: 0.0603, trian_mse:0.0071, trian_r2: -35.5482, trian_cc: 0.5838
Epoch  6, val_loss: 0.0033, val_mae: 0.0569, val_mse: 0.0066, val_r2: -265.5064, val_cc: 0.5750
Epoch  7, trian_loss: 0.0034, trian_mae: 0.0590, trian_mse:0.0069, trian_r2: -12.7088, trian_cc: 0.5946
Epoch  7, val_loss: 0.0035, val_mae: 0.0615, val_mse: 0.0070, val_r2: -4.8037, val_cc: 0.5724
Epoch  8, trian_loss: 0.0034, trian_mae: 0.0588, trian_mse:0.0068, trian_r2: -2.3297, trian_cc: 0.6087
Epoch  8, val_loss: 0.0033, val_mae: 0.0601, val_mse: 0.0067, val_r2: -3.3167, val_cc: 0.5979
Epoch  9, trian_loss: 0.0033, trian_mae: 0.0578, trian_mse:0.0065, trian_r2: -3.6453, trian_cc: 0.6199
Epoch  9, val_loss: 0.0033, val_mae: 0.0574, val_mse: 0.0065, val_r2: -8.1581, val_cc: 0.6055
Epoch 10, trian_loss: 0.0031, trian_mae: 0.0558, trian_mse:0.0063, trian_r2: -1.4279, trian_cc: 0.6359
Epoch 10, val_loss: 0.0032, val_mae: 0.0569, val_mse: 0.0064, val_r2: -1.9545, val_cc: 0.6035
Epoch 11, trian_loss: 0.0030, trian_mae: 0.0548, trian_mse:0.0061, trian_r2: -1.0904, trian_cc: 0.6476
Epoch 11, val_loss: 0.0032, val_mae: 0.0574, val_mse: 0.0064, val_r2: -3.0284, val_cc: 0.6123
Epoch 12, trian_loss: 0.0029, trian_mae: 0.0540, trian_mse:0.0059, trian_r2: -1.0276, trian_cc: 0.6558
Epoch 12, val_loss: 0.0031, val_mae: 0.0555, val_mse: 0.0063, val_r2: -1.8712, val_cc: 0.6119
Epoch 13, trian_loss: 0.0028, trian_mae: 0.0529, trian_mse:0.0057, trian_r2: -0.7837, trian_cc: 0.6663
Epoch 13, val_loss: 0.0032, val_mae: 0.0557, val_mse: 0.0064, val_r2: -1.8151, val_cc: 0.6027
Epoch 14, trian_loss: 0.0028, trian_mae: 0.0521, trian_mse:0.0055, trian_r2: -0.6487, trian_cc: 0.6716
Epoch 14, val_loss: 0.0033, val_mae: 0.0553, val_mse: 0.0066, val_r2: -1.7707, val_cc: 0.5983
Epoch 15, trian_loss: 0.0027, trian_mae: 0.0512, trian_mse:0.0054, trian_r2: -0.5459, trian_cc: 0.6792
Epoch 15, val_loss: 0.0032, val_mae: 0.0548, val_mse: 0.0064, val_r2: -1.7831, val_cc: 0.6022
Epoch 16, trian_loss: 0.0026, trian_mae: 0.0504, trian_mse:0.0052, trian_r2: -0.4317, trian_cc: 0.6852
Epoch 16, val_loss: 0.0032, val_mae: 0.0544, val_mse: 0.0063, val_r2: -2.0479, val_cc: 0.6044
Epoch 17, trian_loss: 0.0025, trian_mae: 0.0491, trian_mse:0.0050, trian_r2: -0.3585, trian_cc: 0.6933
Epoch 17, val_loss: 0.0032, val_mae: 0.0547, val_mse: 0.0064, val_r2: -1.7777, val_cc: 0.5949
Epoch 18, trian_loss: 0.0024, trian_mae: 0.0482, trian_mse:0.0048, trian_r2: -0.2810, trian_cc: 0.7001
Epoch 18, val_loss: 0.0032, val_mae: 0.0547, val_mse: 0.0064, val_r2: -1.8832, val_cc: 0.5962
Epoch 19, trian_loss: 0.0023, trian_mae: 0.0476, trian_mse:0.0046, trian_r2: -0.2154, trian_cc: 0.7054
Epoch 19, val_loss: 0.0033, val_mae: 0.0550, val_mse: 0.0065, val_r2: -2.7798, val_cc: 0.5922
Epoch 20, trian_loss: 0.0022, trian_mae: 0.0464, trian_mse:0.0044, trian_r2: -0.1419, trian_cc: 0.7143
Epoch 20, val_loss: 0.0033, val_mae: 0.0550, val_mse: 0.0066, val_r2: -1.7195, val_cc: 0.5878
Epoch 21, trian_loss: 0.0022, trian_mae: 0.0462, trian_mse:0.0043, trian_r2: -0.1362, trian_cc: 0.7166
Epoch 21, val_loss: 0.0033, val_mae: 0.0552, val_mse: 0.0066, val_r2: -1.8217, val_cc: 0.5848
Epoch 22, trian_loss: 0.0021, trian_mae: 0.0458, trian_mse:0.0043, trian_r2: -0.0943, trian_cc: 0.7191
Epoch 22, val_loss: 0.0032, val_mae: 0.0548, val_mse: 0.0064, val_r2: -1.6705, val_cc: 0.5888
Epoch 23, trian_loss: 0.0020, trian_mae: 0.0448, trian_mse:0.0041, trian_r2: -0.0512, trian_cc: 0.7250
Epoch 23, val_loss: 0.0033, val_mae: 0.0557, val_mse: 0.0066, val_r2: -1.8108, val_cc: 0.5832
Epoch 24, trian_loss: 0.0020, trian_mae: 0.0450, trian_mse:0.0041, trian_r2: -0.0623, trian_cc: 0.7261
Epoch 24, val_loss: 0.0035, val_mae: 0.0565, val_mse: 0.0070, val_r2: -2.0118, val_cc: 0.5711
Epoch 25, trian_loss: 0.0020, trian_mae: 0.0444, trian_mse:0.0040, trian_r2: -0.0166, trian_cc: 0.7302
Epoch 25, val_loss: 0.0033, val_mae: 0.0566, val_mse: 0.0066, val_r2: -1.5402, val_cc: 0.5819
Epoch 26, trian_loss: 0.0020, trian_mae: 0.0441, trian_mse:0.0039, trian_r2: -0.0115, trian_cc: 0.7341
Epoch 26, val_loss: 0.0034, val_mae: 0.0562, val_mse: 0.0067, val_r2: -1.8635, val_cc: 0.5717
Epoch 27, trian_loss: 0.0019, trian_mae: 0.0441, trian_mse:0.0039, trian_r2: -0.0158, trian_cc: 0.7368
Epoch 27, val_loss: 0.0035, val_mae: 0.0564, val_mse: 0.0070, val_r2: -1.4577, val_cc: 0.5722
Epoch 28, trian_loss: 0.0019, trian_mae: 0.0428, trian_mse:0.0037, trian_r2: 0.0536, trian_cc: 0.7453
Epoch 28, val_loss: 0.0034, val_mae: 0.0554, val_mse: 0.0067, val_r2: -1.3805, val_cc: 0.5846
Epoch 29, trian_loss: 0.0017, trian_mae: 0.0415, trian_mse:0.0035, trian_r2: 0.1250, trian_cc: 0.7522
Epoch 29, val_loss: 0.0033, val_mae: 0.0556, val_mse: 0.0066, val_r2: -1.1081, val_cc: 0.5816
Epoch 30, trian_loss: 0.0017, trian_mae: 0.0415, trian_mse:0.0034, trian_r2: 0.1106, trian_cc: 0.7525
Epoch 30, val_loss: 0.0033, val_mae: 0.0556, val_mse: 0.0066, val_r2: -1.3894, val_cc: 0.5796
Epoch 31, trian_loss: 0.0018, trian_mae: 0.0422, trian_mse:0.0036, trian_r2: 0.0884, trian_cc: 0.7494
Epoch 31, val_loss: 0.0035, val_mae: 0.0564, val_mse: 0.0071, val_r2: -2.4643, val_cc: 0.5695
Epoch 32, trian_loss: 0.0017, trian_mae: 0.0420, trian_mse:0.0035, trian_r2: 0.1059, trian_cc: 0.7501
Epoch 32, val_loss: 0.0034, val_mae: 0.0560, val_mse: 0.0067, val_r2: -1.1226, val_cc: 0.5832
Epoch 33, trian_loss: 0.0016, trian_mae: 0.0407, trian_mse:0.0033, trian_r2: 0.1495, trian_cc: 0.7600
Epoch 33, val_loss: 0.0032, val_mae: 0.0554, val_mse: 0.0065, val_r2: -1.5380, val_cc: 0.5901
Epoch 34, trian_loss: 0.0016, trian_mae: 0.0407, trian_mse:0.0033, trian_r2: 0.1566, trian_cc: 0.7615
Epoch 34, val_loss: 0.0036, val_mae: 0.0564, val_mse: 0.0071, val_r2: -1.6495, val_cc: 0.5737
Epoch 35, trian_loss: 0.0017, trian_mae: 0.0411, trian_mse:0.0034, trian_r2: 0.1435, trian_cc: 0.7616
Epoch 35, val_loss: 0.0034, val_mae: 0.0556, val_mse: 0.0068, val_r2: -0.9686, val_cc: 0.5852
Epoch 36, trian_loss: 0.0016, trian_mae: 0.0396, trian_mse:0.0031, trian_r2: 0.1856, trian_cc: 0.7708
Epoch 36, val_loss: 0.0036, val_mae: 0.0565, val_mse: 0.0071, val_r2: -1.2696, val_cc: 0.5856
Epoch 37, trian_loss: 0.0016, trian_mae: 0.0405, trian_mse:0.0032, trian_r2: 0.0794, trian_cc: 0.7690
Epoch 37, val_loss: 0.0033, val_mae: 0.0567, val_mse: 0.0065, val_r2: -1.0412, val_cc: 0.5844
Epoch 38, trian_loss: 0.0016, trian_mae: 0.0404, trian_mse:0.0032, trian_r2: 0.1616, trian_cc: 0.7682
Epoch 38, val_loss: 0.0033, val_mae: 0.0557, val_mse: 0.0067, val_r2: -1.1831, val_cc: 0.5759
Epoch 39, trian_loss: 0.0015, trian_mae: 0.0394, trian_mse:0.0031, trian_r2: 0.2158, trian_cc: 0.7755
Epoch 39, val_loss: 0.0034, val_mae: 0.0554, val_mse: 0.0067, val_r2: -1.0159, val_cc: 0.5939
Epoch 40, trian_loss: 0.0016, trian_mae: 0.0398, trian_mse:0.0031, trian_r2: 0.1839, trian_cc: 0.7712
Epoch 40, val_loss: 0.0033, val_mae: 0.0551, val_mse: 0.0066, val_r2: -1.0458, val_cc: 0.5921
Epoch 41, trian_loss: 0.0017, trian_mae: 0.0411, trian_mse:0.0034, trian_r2: 0.0315, trian_cc: 0.7682
Epoch 41, val_loss: 0.0034, val_mae: 0.0567, val_mse: 0.0068, val_r2: -0.9721, val_cc: 0.5869
Epoch 42, trian_loss: 0.0015, trian_mae: 0.0393, trian_mse:0.0030, trian_r2: 0.1763, trian_cc: 0.7765
Epoch 42, val_loss: 0.0032, val_mae: 0.0569, val_mse: 0.0065, val_r2: -1.8251, val_cc: 0.5959
Epoch 43, trian_loss: 0.0015, trian_mae: 0.0397, trian_mse:0.0031, trian_r2: 0.1930, trian_cc: 0.7781
Epoch 43, val_loss: 0.0034, val_mae: 0.0554, val_mse: 0.0069, val_r2: -1.2182, val_cc: 0.5931
Epoch 44, trian_loss: 0.0015, trian_mae: 0.0388, trian_mse:0.0030, trian_r2: 0.2060, trian_cc: 0.7829
Epoch 44, val_loss: 0.0033, val_mae: 0.0552, val_mse: 0.0067, val_r2: -1.0923, val_cc: 0.5905
Epoch 45, trian_loss: 0.0014, trian_mae: 0.0377, trian_mse:0.0028, trian_r2: 0.2661, trian_cc: 0.7884
Epoch 45, val_loss: 0.0035, val_mae: 0.0568, val_mse: 0.0070, val_r2: -0.8659, val_cc: 0.5914
Epoch 46, trian_loss: 0.0015, trian_mae: 0.0392, trian_mse:0.0030, trian_r2: 0.2316, trian_cc: 0.7838
Epoch 46, val_loss: 0.0033, val_mae: 0.0554, val_mse: 0.0066, val_r2: -0.9015, val_cc: 0.5872
Epoch 47, trian_loss: 0.0015, trian_mae: 0.0392, trian_mse:0.0030, trian_r2: 0.1971, trian_cc: 0.7832
Epoch 47, val_loss: 0.0033, val_mae: 0.0567, val_mse: 0.0066, val_r2: -1.2367, val_cc: 0.5904
Epoch 48, trian_loss: 0.0013, trian_mae: 0.0373, trian_mse:0.0027, trian_r2: 0.2884, trian_cc: 0.7941
Epoch 48, val_loss: 0.0034, val_mae: 0.0552, val_mse: 0.0068, val_r2: -1.1723, val_cc: 0.5932
Epoch 49, trian_loss: 0.0014, trian_mae: 0.0372, trian_mse:0.0027, trian_r2: 0.3000, trian_cc: 0.7947
Epoch 49, val_loss: 0.0033, val_mae: 0.0549, val_mse: 0.0067, val_r2: -1.6063, val_cc: 0.5884
Epoch 50, trian_loss: 0.0014, trian_mae: 0.0380, trian_mse:0.0029, trian_r2: 0.2563, trian_cc: 0.7928
Epoch 50, val_loss: 0.0035, val_mae: 0.0556, val_mse: 0.0069, val_r2: -1.2714, val_cc: 0.5881
Epoch 51, trian_loss: 0.0014, trian_mae: 0.0380, trian_mse:0.0028, trian_r2: 0.2599, trian_cc: 0.7923
Epoch 51, val_loss: 0.0034, val_mae: 0.0558, val_mse: 0.0068, val_r2: -0.8580, val_cc: 0.5943
Epoch 52, trian_loss: 0.0015, trian_mae: 0.0385, trian_mse:0.0029, trian_r2: 0.2317, trian_cc: 0.7897
Epoch 52, val_loss: 0.0033, val_mae: 0.0581, val_mse: 0.0067, val_r2: -1.2356, val_cc: 0.5794
Epoch 53, trian_loss: 0.0013, trian_mae: 0.0371, trian_mse:0.0027, trian_r2: 0.2878, trian_cc: 0.7977
Epoch 53, val_loss: 0.0033, val_mae: 0.0574, val_mse: 0.0065, val_r2: -2.6469, val_cc: 0.5889
Epoch 54, trian_loss: 0.0013, trian_mae: 0.0367, trian_mse:0.0026, trian_r2: 0.3058, trian_cc: 0.8009
Epoch 54, val_loss: 0.0033, val_mae: 0.0553, val_mse: 0.0067, val_r2: -1.1455, val_cc: 0.5927
Epoch 55, trian_loss: 0.0013, trian_mae: 0.0372, trian_mse:0.0027, trian_r2: 0.3059, trian_cc: 0.8001
Epoch 55, val_loss: 0.0035, val_mae: 0.0557, val_mse: 0.0071, val_r2: -2.2930, val_cc: 0.5931
Epoch 56, trian_loss: 0.0013, trian_mae: 0.0365, trian_mse:0.0026, trian_r2: 0.3285, trian_cc: 0.8020
Epoch 56, val_loss: 0.0034, val_mae: 0.0549, val_mse: 0.0067, val_r2: -1.4067, val_cc: 0.5869
Epoch 57, trian_loss: 0.0013, trian_mae: 0.0365, trian_mse:0.0026, trian_r2: 0.3411, trian_cc: 0.8047
Epoch 57, val_loss: 0.0037, val_mae: 0.0585, val_mse: 0.0073, val_r2: -0.7949, val_cc: 0.5880
Epoch 58, trian_loss: 0.0013, trian_mae: 0.0361, trian_mse:0.0026, trian_r2: 0.3546, trian_cc: 0.8076
Epoch 58, val_loss: 0.0035, val_mae: 0.0554, val_mse: 0.0069, val_r2: -1.1719, val_cc: 0.5948
Epoch 59, trian_loss: 0.0013, trian_mae: 0.0361, trian_mse:0.0025, trian_r2: 0.3438, trian_cc: 0.8095
Epoch 59, val_loss: 0.0036, val_mae: 0.0588, val_mse: 0.0072, val_r2: -0.6083, val_cc: 0.5807
Epoch 60, trian_loss: 0.0013, trian_mae: 0.0364, trian_mse:0.0026, trian_r2: 0.3385, trian_cc: 0.8091
Epoch 60, val_loss: 0.0034, val_mae: 0.0604, val_mse: 0.0067, val_r2: -2.3869, val_cc: 0.5871
Epoch 61, trian_loss: 0.0013, trian_mae: 0.0374, trian_mse:0.0027, trian_r2: 0.2785, trian_cc: 0.8016
Epoch 61, val_loss: 0.0034, val_mae: 0.0549, val_mse: 0.0069, val_r2: -1.7198, val_cc: 0.5943
Epoch 62, trian_loss: 0.0013, trian_mae: 0.0365, trian_mse:0.0026, trian_r2: 0.3412, trian_cc: 0.8083
Epoch 62, val_loss: 0.0034, val_mae: 0.0549, val_mse: 0.0069, val_r2: -1.8181, val_cc: 0.5926
Epoch 63, trian_loss: 0.0012, trian_mae: 0.0348, trian_mse:0.0024, trian_r2: 0.3949, trian_cc: 0.8159
Epoch 63, val_loss: 0.0035, val_mae: 0.0554, val_mse: 0.0070, val_r2: -1.8804, val_cc: 0.5795
Epoch 64, trian_loss: 0.0013, trian_mae: 0.0366, trian_mse:0.0026, trian_r2: 0.3246, trian_cc: 0.8103
Epoch 64, val_loss: 0.0034, val_mae: 0.0566, val_mse: 0.0067, val_r2: -0.7427, val_cc: 0.5894
Epoch 65, trian_loss: 0.0013, trian_mae: 0.0360, trian_mse:0.0025, trian_r2: 0.3417, trian_cc: 0.8130
Epoch 65, val_loss: 0.0033, val_mae: 0.0559, val_mse: 0.0065, val_r2: -1.0460, val_cc: 0.5942
Epoch 66, trian_loss: 0.0013, trian_mae: 0.0359, trian_mse:0.0025, trian_r2: 0.3571, trian_cc: 0.8133
Epoch 66, val_loss: 0.0034, val_mae: 0.0556, val_mse: 0.0069, val_r2: -1.0649, val_cc: 0.5930
Epoch 67, trian_loss: 0.0012, trian_mae: 0.0345, trian_mse:0.0023, trian_r2: 0.4203, trian_cc: 0.8218
Epoch 67, val_loss: 0.0035, val_mae: 0.0555, val_mse: 0.0070, val_r2: -1.3196, val_cc: 0.5920
Epoch 68, trian_loss: 0.0011, trian_mae: 0.0343, trian_mse:0.0023, trian_r2: 0.4097, trian_cc: 0.8237
Epoch 68, val_loss: 0.0034, val_mae: 0.0563, val_mse: 0.0068, val_r2: -1.3397, val_cc: 0.5825
Epoch 69, trian_loss: 0.0013, trian_mae: 0.0358, trian_mse:0.0026, trian_r2: 0.3863, trian_cc: 0.8149
Epoch 69, val_loss: 0.0033, val_mae: 0.0554, val_mse: 0.0067, val_r2: -1.1102, val_cc: 0.5920
Epoch 70, trian_loss: 0.0012, trian_mae: 0.0349, trian_mse:0.0024, trian_r2: 0.4082, trian_cc: 0.8235
Epoch 70, val_loss: 0.0034, val_mae: 0.0552, val_mse: 0.0067, val_r2: -1.1648, val_cc: 0.5877
Epoch 71, trian_loss: 0.0011, trian_mae: 0.0336, trian_mse:0.0022, trian_r2: 0.4308, trian_cc: 0.8284
Epoch 71, val_loss: 0.0035, val_mae: 0.0585, val_mse: 0.0070, val_r2: -0.8339, val_cc: 0.5904
Epoch 72, trian_loss: 0.0012, trian_mae: 0.0346, trian_mse:0.0024, trian_r2: 0.4062, trian_cc: 0.8231
Epoch 72, val_loss: 0.0034, val_mae: 0.0551, val_mse: 0.0069, val_r2: -1.1038, val_cc: 0.5928
Epoch 73, trian_loss: 0.0011, trian_mae: 0.0338, trian_mse:0.0023, trian_r2: 0.4402, trian_cc: 0.8277
Epoch 73, val_loss: 0.0034, val_mae: 0.0557, val_mse: 0.0068, val_r2: -0.8903, val_cc: 0.5836
Epoch 74, trian_loss: 0.0011, trian_mae: 0.0338, trian_mse:0.0022, trian_r2: 0.4394, trian_cc: 0.8299
Epoch 74, val_loss: 0.0034, val_mae: 0.0576, val_mse: 0.0068, val_r2: -0.5426, val_cc: 0.5919
Epoch 75, trian_loss: 0.0011, trian_mae: 0.0339, trian_mse:0.0022, trian_r2: 0.4410, trian_cc: 0.8290
Epoch 75, val_loss: 0.0034, val_mae: 0.0578, val_mse: 0.0068, val_r2: -0.9622, val_cc: 0.5902
Epoch 76, trian_loss: 0.0011, trian_mae: 0.0334, trian_mse:0.0022, trian_r2: 0.4571, trian_cc: 0.8330
Epoch 76, val_loss: 0.0032, val_mae: 0.0560, val_mse: 0.0065, val_r2: -2.1120, val_cc: 0.5905
Epoch 77, trian_loss: 0.0011, trian_mae: 0.0338, trian_mse:0.0022, trian_r2: 0.4479, trian_cc: 0.8314
Epoch 77, val_loss: 0.0036, val_mae: 0.0557, val_mse: 0.0072, val_r2: -2.2480, val_cc: 0.5833
Epoch 78, trian_loss: 0.0011, trian_mae: 0.0338, trian_mse:0.0023, trian_r2: 0.4476, trian_cc: 0.8341
Epoch 78, val_loss: 0.0034, val_mae: 0.0548, val_mse: 0.0067, val_r2: -1.3256, val_cc: 0.5891
Epoch 79, trian_loss: 0.0011, trian_mae: 0.0328, trian_mse:0.0021, trian_r2: 0.4801, trian_cc: 0.8372
Epoch 79, val_loss: 0.0035, val_mae: 0.0551, val_mse: 0.0069, val_r2: -1.5962, val_cc: 0.5834
Epoch 80, trian_loss: 0.0010, trian_mae: 0.0327, trian_mse:0.0021, trian_r2: 0.4791, trian_cc: 0.8380
Epoch 80, val_loss: 0.0035, val_mae: 0.0552, val_mse: 0.0070, val_r2: -2.0793, val_cc: 0.5862
Epoch 81, trian_loss: 0.0011, trian_mae: 0.0344, trian_mse:0.0023, trian_r2: 0.4276, trian_cc: 0.8296
Epoch 81, val_loss: 0.0035, val_mae: 0.0589, val_mse: 0.0069, val_r2: -0.9752, val_cc: 0.5814
Epoch 82, trian_loss: 0.0011, trian_mae: 0.0340, trian_mse:0.0023, trian_r2: 0.4541, trian_cc: 0.8327
Epoch 82, val_loss: 0.0034, val_mae: 0.0564, val_mse: 0.0069, val_r2: -0.9893, val_cc: 0.5853
Epoch 83, trian_loss: 0.0011, trian_mae: 0.0331, trian_mse:0.0021, trian_r2: 0.4763, trian_cc: 0.8380
Epoch 83, val_loss: 0.0034, val_mae: 0.0548, val_mse: 0.0068, val_r2: -2.0947, val_cc: 0.5873
Epoch 84, trian_loss: 0.0010, trian_mae: 0.0323, trian_mse:0.0020, trian_r2: 0.4957, trian_cc: 0.8415
Epoch 84, val_loss: 0.0035, val_mae: 0.0556, val_mse: 0.0069, val_r2: -1.3039, val_cc: 0.5792
Epoch 85, trian_loss: 0.0011, trian_mae: 0.0337, trian_mse:0.0022, trian_r2: 0.4569, trian_cc: 0.8356
Epoch 85, val_loss: 0.0034, val_mae: 0.0553, val_mse: 0.0068, val_r2: -0.9841, val_cc: 0.5845
Epoch 86, trian_loss: 0.0011, trian_mae: 0.0332, trian_mse:0.0021, trian_r2: 0.4799, trian_cc: 0.8393
Epoch 86, val_loss: 0.0035, val_mae: 0.0558, val_mse: 0.0070, val_r2: -1.1193, val_cc: 0.5817
Epoch 87, trian_loss: 0.0010, trian_mae: 0.0325, trian_mse:0.0021, trian_r2: 0.5012, trian_cc: 0.8410
Epoch 87, val_loss: 0.0034, val_mae: 0.0559, val_mse: 0.0068, val_r2: -0.7910, val_cc: 0.5889
Epoch 88, trian_loss: 0.0011, trian_mae: 0.0331, trian_mse:0.0022, trian_r2: 0.4715, trian_cc: 0.8399
Epoch 88, val_loss: 0.0035, val_mae: 0.0576, val_mse: 0.0070, val_r2: -0.6176, val_cc: 0.5829
Epoch 89, trian_loss: 0.0010, trian_mae: 0.0327, trian_mse:0.0021, trian_r2: 0.4790, trian_cc: 0.8418
Epoch 89, val_loss: 0.0034, val_mae: 0.0569, val_mse: 0.0069, val_r2: -0.7619, val_cc: 0.5868
Epoch 90, trian_loss: 0.0010, trian_mae: 0.0317, trian_mse:0.0020, trian_r2: 0.5213, trian_cc: 0.8479
Epoch 90, val_loss: 0.0034, val_mae: 0.0548, val_mse: 0.0067, val_r2: -0.9444, val_cc: 0.5884
Epoch 91, trian_loss: 0.0010, trian_mae: 0.0316, trian_mse:0.0019, trian_r2: 0.5190, trian_cc: 0.8499
Epoch 91, val_loss: 0.0035, val_mae: 0.0574, val_mse: 0.0071, val_r2: -0.5750, val_cc: 0.5813
Epoch 92, trian_loss: 0.0010, trian_mae: 0.0316, trian_mse:0.0020, trian_r2: 0.5248, trian_cc: 0.8502
Epoch 92, val_loss: 0.0034, val_mae: 0.0561, val_mse: 0.0069, val_r2: -0.6585, val_cc: 0.5839
Epoch 93, trian_loss: 0.0010, trian_mae: 0.0320, trian_mse:0.0020, trian_r2: 0.5164, trian_cc: 0.8495
Epoch 93, val_loss: 0.0035, val_mae: 0.0580, val_mse: 0.0070, val_r2: -0.7260, val_cc: 0.5842
Epoch 94, trian_loss: 0.0011, trian_mae: 0.0331, trian_mse:0.0021, trian_r2: 0.4803, trian_cc: 0.8446
Epoch 94, val_loss: 0.0034, val_mae: 0.0547, val_mse: 0.0067, val_r2: -1.1635, val_cc: 0.5811
Epoch 95, trian_loss: 0.0010, trian_mae: 0.0320, trian_mse:0.0020, trian_r2: 0.5210, trian_cc: 0.8491
Epoch 95, val_loss: 0.0034, val_mae: 0.0560, val_mse: 0.0067, val_r2: -0.8308, val_cc: 0.5809
Epoch 96, trian_loss: 0.0010, trian_mae: 0.0319, trian_mse:0.0020, trian_r2: 0.5239, trian_cc: 0.8474
Epoch 96, val_loss: 0.0034, val_mae: 0.0547, val_mse: 0.0068, val_r2: -1.1968, val_cc: 0.5878
Epoch 97, trian_loss: 0.0010, trian_mae: 0.0312, trian_mse:0.0019, trian_r2: 0.5500, trian_cc: 0.8534
Epoch 97, val_loss: 0.0034, val_mae: 0.0552, val_mse: 0.0067, val_r2: -0.7961, val_cc: 0.5817
Epoch 98, trian_loss: 0.0009, trian_mae: 0.0312, trian_mse:0.0019, trian_r2: 0.5481, trian_cc: 0.8553
Epoch 98, val_loss: 0.0033, val_mae: 0.0550, val_mse: 0.0067, val_r2: -1.1696, val_cc: 0.5788
Epoch 99, trian_loss: 0.0009, trian_mae: 0.0306, trian_mse:0.0018, trian_r2: 0.5601, trian_cc: 0.8586
Epoch 99, val_loss: 0.0034, val_mae: 0.0566, val_mse: 0.0067, val_r2: -0.8916, val_cc: 0.5888
