Trian Data: 633   Validation Data: 211  Test Data: 212
[1, 1]
[1, 1]
[1, 1]
[1, 1]
model SENet(
  (conv1): Conv2d(138, 64, kernel_size=(3, 3), stride=(1, 1), padding=(1, 1), bias=False)
  (bn1): BatchNorm2d(64, eps=1e-05, momentum=0.1, affine=True, track_running_stats=True)
  (layer1): Sequential(
    (0): BasicBlock(
      (conv1): Conv2d(64, 64, kernel_size=(3, 3), stride=(1, 1), padding=(1, 1), bias=False)
      (bn1): BatchNorm2d(64, eps=1e-05, momentum=0.1, affine=True, track_running_stats=True)
      (conv2): Conv2d(64, 64, kernel_size=(3, 3), stride=(1, 1), padding=(1, 1), bias=False)
      (bn2): BatchNorm2d(64, eps=1e-05, momentum=0.1, affine=True, track_running_stats=True)
      (shortcut): Sequential()
      (fc1): Conv2d(64, 4, kernel_size=(1, 1), stride=(1, 1))
      (fc2): Conv2d(4, 64, kernel_size=(1, 1), stride=(1, 1))
    )
    (1): BasicBlock(
      (conv1): Conv2d(64, 64, kernel_size=(3, 3), stride=(1, 1), padding=(1, 1), bias=False)
      (bn1): BatchNorm2d(64, eps=1e-05, momentum=0.1, affine=True, track_running_stats=True)
      (conv2): Conv2d(64, 64, kernel_size=(3, 3), stride=(1, 1), padding=(1, 1), bias=False)
      (bn2): BatchNorm2d(64, eps=1e-05, momentum=0.1, affine=True, track_running_stats=True)
      (shortcut): Sequential()
      (fc1): Conv2d(64, 4, kernel_size=(1, 1), stride=(1, 1))
      (fc2): Conv2d(4, 64, kernel_size=(1, 1), stride=(1, 1))
    )
  )
  (layer2): Sequential(
    (0): BasicBlock(
      (conv1): Conv2d(64, 64, kernel_size=(3, 3), stride=(1, 1), padding=(1, 1), bias=False)
      (bn1): BatchNorm2d(64, eps=1e-05, momentum=0.1, affine=True, track_running_stats=True)
      (conv2): Conv2d(64, 64, kernel_size=(3, 3), stride=(1, 1), padding=(1, 1), bias=False)
      (bn2): BatchNorm2d(64, eps=1e-05, momentum=0.1, affine=True, track_running_stats=True)
      (shortcut): Sequential()
      (fc1): Conv2d(64, 4, kernel_size=(1, 1), stride=(1, 1))
      (fc2): Conv2d(4, 64, kernel_size=(1, 1), stride=(1, 1))
    )
    (1): BasicBlock(
      (conv1): Conv2d(64, 64, kernel_size=(3, 3), stride=(1, 1), padding=(1, 1), bias=False)
      (bn1): BatchNorm2d(64, eps=1e-05, momentum=0.1, affine=True, track_running_stats=True)
      (conv2): Conv2d(64, 64, kernel_size=(3, 3), stride=(1, 1), padding=(1, 1), bias=False)
      (bn2): BatchNorm2d(64, eps=1e-05, momentum=0.1, affine=True, track_running_stats=True)
      (shortcut): Sequential()
      (fc1): Conv2d(64, 4, kernel_size=(1, 1), stride=(1, 1))
      (fc2): Conv2d(4, 64, kernel_size=(1, 1), stride=(1, 1))
    )
  )
  (layer3): Sequential(
    (0): BasicBlock(
      (conv1): Conv2d(64, 64, kernel_size=(3, 3), stride=(1, 1), padding=(1, 1), bias=False)
      (bn1): BatchNorm2d(64, eps=1e-05, momentum=0.1, affine=True, track_running_stats=True)
      (conv2): Conv2d(64, 64, kernel_size=(3, 3), stride=(1, 1), padding=(1, 1), bias=False)
      (bn2): BatchNorm2d(64, eps=1e-05, momentum=0.1, affine=True, track_running_stats=True)
      (shortcut): Sequential()
      (fc1): Conv2d(64, 4, kernel_size=(1, 1), stride=(1, 1))
      (fc2): Conv2d(4, 64, kernel_size=(1, 1), stride=(1, 1))
    )
    (1): BasicBlock(
      (conv1): Conv2d(64, 64, kernel_size=(3, 3), stride=(1, 1), padding=(1, 1), bias=False)
      (bn1): BatchNorm2d(64, eps=1e-05, momentum=0.1, affine=True, track_running_stats=True)
      (conv2): Conv2d(64, 64, kernel_size=(3, 3), stride=(1, 1), padding=(1, 1), bias=False)
      (bn2): BatchNorm2d(64, eps=1e-05, momentum=0.1, affine=True, track_running_stats=True)
      (shortcut): Sequential()
      (fc1): Conv2d(64, 4, kernel_size=(1, 1), stride=(1, 1))
      (fc2): Conv2d(4, 64, kernel_size=(1, 1), stride=(1, 1))
    )
  )
  (layer4): Sequential(
    (0): BasicBlock(
      (conv1): Conv2d(64, 64, kernel_size=(3, 3), stride=(1, 1), padding=(1, 1), bias=False)
      (bn1): BatchNorm2d(64, eps=1e-05, momentum=0.1, affine=True, track_running_stats=True)
      (conv2): Conv2d(64, 64, kernel_size=(3, 3), stride=(1, 1), padding=(1, 1), bias=False)
      (bn2): BatchNorm2d(64, eps=1e-05, momentum=0.1, affine=True, track_running_stats=True)
      (shortcut): Sequential()
      (fc1): Conv2d(64, 4, kernel_size=(1, 1), stride=(1, 1))
      (fc2): Conv2d(4, 64, kernel_size=(1, 1), stride=(1, 1))
    )
    (1): BasicBlock(
      (conv1): Conv2d(64, 64, kernel_size=(3, 3), stride=(1, 1), padding=(1, 1), bias=False)
      (bn1): BatchNorm2d(64, eps=1e-05, momentum=0.1, affine=True, track_running_stats=True)
      (conv2): Conv2d(64, 64, kernel_size=(3, 3), stride=(1, 1), padding=(1, 1), bias=False)
      (bn2): BatchNorm2d(64, eps=1e-05, momentum=0.1, affine=True, track_running_stats=True)
      (shortcut): Sequential()
      (fc1): Conv2d(64, 4, kernel_size=(1, 1), stride=(1, 1))
      (fc2): Conv2d(4, 64, kernel_size=(1, 1), stride=(1, 1))
    )
  )
  (cnn): CNNnet(
    (conv1): Sequential(
      (0): Conv2d(64, 32, kernel_size=(3, 3), stride=(1, 1), padding=(1, 1))
      (1): BatchNorm2d(32, eps=1e-05, momentum=0.1, affine=True, track_running_stats=True)
      (2): ReLU()
    )
    (conv2): Sequential(
      (0): Conv2d(32, 16, kernel_size=(3, 3), stride=(1, 1), padding=(1, 1))
      (1): BatchNorm2d(16, eps=1e-05, momentum=0.1, affine=True, track_running_stats=True)
      (2): ReLU()
    )
    (conv3): Sequential(
      (0): Conv2d(16, 1, kernel_size=(3, 3), stride=(1, 1), padding=(1, 1))
      (1): BatchNorm2d(1, eps=1e-05, momentum=0.1, affine=True, track_running_stats=True)
      (2): ReLU()
    )
  )
)
Epoch  0, trian_loss: 0.0072, trian_mae: 0.0868, trian_mse:0.0150, trian_r2: -11.3338, trian_cc: 0.1730
Epoch  0, val_loss: 0.0074, val_mae: 0.0904, val_mse: 0.0148, val_r2: -27.4008, val_cc: 0.1603
Epoch  1, trian_loss: 0.0055, trian_mae: 0.0814, trian_mse:0.0110, trian_r2: -377.4657, trian_cc: 0.1268
Epoch  1, val_loss: 0.0064, val_mae: 0.0843, val_mse: 0.0128, val_r2: -207.3030, val_cc: 0.1830
Epoch  2, trian_loss: 0.0053, trian_mae: 0.0804, trian_mse:0.0107, trian_r2: -163.9590, trian_cc: 0.1903
Epoch  2, val_loss: 0.0064, val_mae: 0.0842, val_mse: 0.0129, val_r2: -92.8062, val_cc: 0.1962
Epoch  3, trian_loss: 0.0053, trian_mae: 0.0802, trian_mse:0.0106, trian_r2: -132.2367, trian_cc: 0.1970
Epoch  3, val_loss: 0.0064, val_mae: 0.0838, val_mse: 0.0128, val_r2: -70.7564, val_cc: 0.2071
Epoch  4, trian_loss: 0.0052, trian_mae: 0.0793, trian_mse:0.0104, trian_r2: -126.0382, trian_cc: 0.2288
Epoch  4, val_loss: 0.0062, val_mae: 0.0818, val_mse: 0.0124, val_r2: -97.4170, val_cc: 0.2718
Epoch  5, trian_loss: 0.0052, trian_mae: 0.0794, trian_mse:0.0105, trian_r2: -102.4574, trian_cc: 0.2304
Epoch  5, val_loss: 0.0062, val_mae: 0.0823, val_mse: 0.0125, val_r2: -72.3722, val_cc: 0.2513
Epoch  6, trian_loss: 0.0049, trian_mae: 0.0753, trian_mse:0.0098, trian_r2: -82.7760, trian_cc: 0.3353
Epoch  6, val_loss: 0.0060, val_mae: 0.0784, val_mse: 0.0120, val_r2: -19.0830, val_cc: 0.3716
Epoch  7, trian_loss: 0.0048, trian_mae: 0.0732, trian_mse:0.0096, trian_r2: -44.5173, trian_cc: 0.3751
Epoch  7, val_loss: 0.0057, val_mae: 0.0756, val_mse: 0.0114, val_r2: -10.6450, val_cc: 0.4133
Epoch  8, trian_loss: 0.0046, trian_mae: 0.0713, trian_mse:0.0092, trian_r2: -16.8681, trian_cc: 0.4048
Epoch  8, val_loss: 0.0057, val_mae: 0.0750, val_mse: 0.0113, val_r2: -12.7509, val_cc: 0.4246
Epoch  9, trian_loss: 0.0046, trian_mae: 0.0706, trian_mse:0.0091, trian_r2: -11.3785, trian_cc: 0.4182
Epoch  9, val_loss: 0.0056, val_mae: 0.0748, val_mse: 0.0113, val_r2: -9.6144, val_cc: 0.4282
Epoch 10, trian_loss: 0.0045, trian_mae: 0.0699, trian_mse:0.0090, trian_r2: -8.2380, trian_cc: 0.4324
Epoch 10, val_loss: 0.0056, val_mae: 0.0744, val_mse: 0.0112, val_r2: -12.6251, val_cc: 0.4324
Epoch 11, trian_loss: 0.0045, trian_mae: 0.0699, trian_mse:0.0090, trian_r2: -10.6812, trian_cc: 0.4315
Epoch 11, val_loss: 0.0056, val_mae: 0.0743, val_mse: 0.0111, val_r2: -10.5068, val_cc: 0.4419
Epoch 12, trian_loss: 0.0044, trian_mae: 0.0695, trian_mse:0.0089, trian_r2: -7.8237, trian_cc: 0.4403
Epoch 12, val_loss: 0.0055, val_mae: 0.0739, val_mse: 0.0110, val_r2: -10.4224, val_cc: 0.4449
Epoch 13, trian_loss: 0.0044, trian_mae: 0.0696, trian_mse:0.0089, trian_r2: -6.7386, trian_cc: 0.4411
Epoch 13, val_loss: 0.0055, val_mae: 0.0738, val_mse: 0.0111, val_r2: -11.8447, val_cc: 0.4449
Epoch 14, trian_loss: 0.0044, trian_mae: 0.0687, trian_mse:0.0087, trian_r2: -5.7999, trian_cc: 0.4506
Epoch 14, val_loss: 0.0055, val_mae: 0.0738, val_mse: 0.0110, val_r2: -9.1317, val_cc: 0.4461
Epoch 15, trian_loss: 0.0044, trian_mae: 0.0688, trian_mse:0.0087, trian_r2: -6.1414, trian_cc: 0.4505
Epoch 15, val_loss: 0.0055, val_mae: 0.0737, val_mse: 0.0110, val_r2: -10.1877, val_cc: 0.4421
Epoch 16, trian_loss: 0.0043, trian_mae: 0.0685, trian_mse:0.0087, trian_r2: -6.6370, trian_cc: 0.4524
Epoch 16, val_loss: 0.0055, val_mae: 0.0739, val_mse: 0.0110, val_r2: -10.7876, val_cc: 0.4555
Epoch 17, trian_loss: 0.0043, trian_mae: 0.0686, trian_mse:0.0087, trian_r2: -6.8703, trian_cc: 0.4551
Epoch 17, val_loss: 0.0054, val_mae: 0.0733, val_mse: 0.0109, val_r2: -8.9028, val_cc: 0.4582
Epoch 18, trian_loss: 0.0043, trian_mae: 0.0683, trian_mse:0.0087, trian_r2: -6.0194, trian_cc: 0.4564
Epoch 18, val_loss: 0.0054, val_mae: 0.0733, val_mse: 0.0109, val_r2: -11.0294, val_cc: 0.4556
Epoch 19, trian_loss: 0.0043, trian_mae: 0.0682, trian_mse:0.0086, trian_r2: -6.0653, trian_cc: 0.4597
Epoch 19, val_loss: 0.0055, val_mae: 0.0737, val_mse: 0.0109, val_r2: -8.1852, val_cc: 0.4526
Epoch 20, trian_loss: 0.0043, trian_mae: 0.0676, trian_mse:0.0085, trian_r2: -5.1600, trian_cc: 0.4684
Epoch 20, val_loss: 0.0055, val_mae: 0.0734, val_mse: 0.0109, val_r2: -7.9577, val_cc: 0.4597
Epoch 21, trian_loss: 0.0043, trian_mae: 0.0676, trian_mse:0.0085, trian_r2: -4.8481, trian_cc: 0.4677
Epoch 21, val_loss: 0.0055, val_mae: 0.0735, val_mse: 0.0109, val_r2: -8.2285, val_cc: 0.4617
Epoch 22, trian_loss: 0.0043, trian_mae: 0.0676, trian_mse:0.0085, trian_r2: -4.9951, trian_cc: 0.4687
Epoch 22, val_loss: 0.0054, val_mae: 0.0729, val_mse: 0.0108, val_r2: -8.6333, val_cc: 0.4644
Epoch 23, trian_loss: 0.0043, trian_mae: 0.0680, trian_mse:0.0086, trian_r2: -7.7823, trian_cc: 0.4613
Epoch 23, val_loss: 0.0054, val_mae: 0.0726, val_mse: 0.0108, val_r2: -10.4961, val_cc: 0.4581
Epoch 24, trian_loss: 0.0042, trian_mae: 0.0672, trian_mse:0.0084, trian_r2: -4.5008, trian_cc: 0.4730
Epoch 24, val_loss: 0.0053, val_mae: 0.0722, val_mse: 0.0106, val_r2: -7.9877, val_cc: 0.4721
Epoch 25, trian_loss: 0.0042, trian_mae: 0.0672, trian_mse:0.0084, trian_r2: -4.5061, trian_cc: 0.4750
Epoch 25, val_loss: 0.0054, val_mae: 0.0727, val_mse: 0.0108, val_r2: -7.6708, val_cc: 0.4628
Epoch 26, trian_loss: 0.0042, trian_mae: 0.0672, trian_mse:0.0084, trian_r2: -4.9036, trian_cc: 0.4745
Epoch 26, val_loss: 0.0054, val_mae: 0.0730, val_mse: 0.0108, val_r2: -7.5767, val_cc: 0.4653
Epoch 27, trian_loss: 0.0042, trian_mae: 0.0671, trian_mse:0.0084, trian_r2: -4.7015, trian_cc: 0.4768
Epoch 27, val_loss: 0.0053, val_mae: 0.0722, val_mse: 0.0107, val_r2: -7.8399, val_cc: 0.4756
Epoch 28, trian_loss: 0.0042, trian_mae: 0.0671, trian_mse:0.0084, trian_r2: -4.6338, trian_cc: 0.4808
Epoch 28, val_loss: 0.0054, val_mae: 0.0728, val_mse: 0.0108, val_r2: -7.6237, val_cc: 0.4724
Epoch 29, trian_loss: 0.0042, trian_mae: 0.0667, trian_mse:0.0084, trian_r2: -4.7464, trian_cc: 0.4847
Epoch 29, val_loss: 0.0053, val_mae: 0.0724, val_mse: 0.0107, val_r2: -7.6108, val_cc: 0.4699
Epoch 30, trian_loss: 0.0044, trian_mae: 0.0695, trian_mse:0.0089, trian_r2: -10.2514, trian_cc: 0.4347
Epoch 30, val_loss: 0.0055, val_mae: 0.0735, val_mse: 0.0110, val_r2: -13.2455, val_cc: 0.4498
Epoch 31, trian_loss: 0.0043, trian_mae: 0.0683, trian_mse:0.0086, trian_r2: -6.1179, trian_cc: 0.4565
Epoch 31, val_loss: 0.0054, val_mae: 0.0732, val_mse: 0.0108, val_r2: -9.9574, val_cc: 0.4503
Epoch 32, trian_loss: 0.0042, trian_mae: 0.0675, trian_mse:0.0085, trian_r2: -5.3685, trian_cc: 0.4638
Epoch 32, val_loss: 0.0054, val_mae: 0.0728, val_mse: 0.0107, val_r2: -7.7496, val_cc: 0.4580
Epoch 33, trian_loss: 0.0042, trian_mae: 0.0675, trian_mse:0.0085, trian_r2: -6.3902, trian_cc: 0.4645
Epoch 33, val_loss: 0.0053, val_mae: 0.0722, val_mse: 0.0106, val_r2: -8.4380, val_cc: 0.4635
Epoch 34, trian_loss: 0.0042, trian_mae: 0.0676, trian_mse:0.0085, trian_r2: -5.9297, trian_cc: 0.4640
Epoch 34, val_loss: 0.0054, val_mae: 0.0732, val_mse: 0.0108, val_r2: -8.5942, val_cc: 0.4574
Epoch 35, trian_loss: 0.0042, trian_mae: 0.0672, trian_mse:0.0084, trian_r2: -4.8586, trian_cc: 0.4710
Epoch 35, val_loss: 0.0053, val_mae: 0.0720, val_mse: 0.0106, val_r2: -7.5135, val_cc: 0.4665
Epoch 36, trian_loss: 0.0041, trian_mae: 0.0660, trian_mse:0.0082, trian_r2: -4.2004, trian_cc: 0.4804
Epoch 36, val_loss: 0.0052, val_mae: 0.0714, val_mse: 0.0105, val_r2: -8.3538, val_cc: 0.4689
Epoch 37, trian_loss: 0.0041, trian_mae: 0.0659, trian_mse:0.0082, trian_r2: -4.0533, trian_cc: 0.4842
Epoch 37, val_loss: 0.0052, val_mae: 0.0712, val_mse: 0.0104, val_r2: -7.6770, val_cc: 0.4741
Epoch 38, trian_loss: 0.0041, trian_mae: 0.0657, trian_mse:0.0081, trian_r2: -3.9474, trian_cc: 0.4854
Epoch 38, val_loss: 0.0052, val_mae: 0.0711, val_mse: 0.0103, val_r2: -7.2965, val_cc: 0.4766
Epoch 39, trian_loss: 0.0040, trian_mae: 0.0655, trian_mse:0.0081, trian_r2: -3.7150, trian_cc: 0.4871
Epoch 39, val_loss: 0.0052, val_mae: 0.0712, val_mse: 0.0104, val_r2: -7.7871, val_cc: 0.4738
Epoch 40, trian_loss: 0.0040, trian_mae: 0.0656, trian_mse:0.0081, trian_r2: -3.8985, trian_cc: 0.4865
Epoch 40, val_loss: 0.0051, val_mae: 0.0709, val_mse: 0.0102, val_r2: -7.3252, val_cc: 0.4776
Epoch 41, trian_loss: 0.0040, trian_mae: 0.0655, trian_mse:0.0081, trian_r2: -3.7527, trian_cc: 0.4872
Epoch 41, val_loss: 0.0052, val_mae: 0.0715, val_mse: 0.0104, val_r2: -8.4527, val_cc: 0.4723
Epoch 42, trian_loss: 0.0040, trian_mae: 0.0653, trian_mse:0.0080, trian_r2: -3.7920, trian_cc: 0.4885
Epoch 42, val_loss: 0.0051, val_mae: 0.0707, val_mse: 0.0102, val_r2: -7.0602, val_cc: 0.4777
Epoch 43, trian_loss: 0.0040, trian_mae: 0.0655, trian_mse:0.0080, trian_r2: -3.7394, trian_cc: 0.4871
Epoch 43, val_loss: 0.0052, val_mae: 0.0712, val_mse: 0.0105, val_r2: -9.3846, val_cc: 0.4754
Epoch 44, trian_loss: 0.0040, trian_mae: 0.0650, trian_mse:0.0080, trian_r2: -3.6342, trian_cc: 0.4914
Epoch 44, val_loss: 0.0051, val_mae: 0.0706, val_mse: 0.0102, val_r2: -7.0758, val_cc: 0.4779
Epoch 45, trian_loss: 0.0040, trian_mae: 0.0650, trian_mse:0.0080, trian_r2: -3.7172, trian_cc: 0.4912
Epoch 45, val_loss: 0.0051, val_mae: 0.0704, val_mse: 0.0101, val_r2: -6.6462, val_cc: 0.4801
Epoch 46, trian_loss: 0.0040, trian_mae: 0.0651, trian_mse:0.0080, trian_r2: -3.8631, trian_cc: 0.4904
Epoch 46, val_loss: 0.0051, val_mae: 0.0709, val_mse: 0.0102, val_r2: -6.8035, val_cc: 0.4739
Epoch 47, trian_loss: 0.0040, trian_mae: 0.0649, trian_mse:0.0079, trian_r2: -3.5510, trian_cc: 0.4923
Epoch 47, val_loss: 0.0051, val_mae: 0.0704, val_mse: 0.0101, val_r2: -6.3798, val_cc: 0.4771
Epoch 48, trian_loss: 0.0040, trian_mae: 0.0648, trian_mse:0.0079, trian_r2: -3.3514, trian_cc: 0.4957
Epoch 48, val_loss: 0.0053, val_mae: 0.0717, val_mse: 0.0105, val_r2: -8.7660, val_cc: 0.4785
Epoch 49, trian_loss: 0.0039, trian_mae: 0.0646, trian_mse:0.0079, trian_r2: -3.4410, trian_cc: 0.4979
Epoch 49, val_loss: 0.0050, val_mae: 0.0699, val_mse: 0.0100, val_r2: -6.3256, val_cc: 0.4852
Epoch 50, trian_loss: 0.0039, trian_mae: 0.0644, trian_mse:0.0078, trian_r2: -3.2831, trian_cc: 0.4986
Epoch 50, val_loss: 0.0050, val_mae: 0.0701, val_mse: 0.0100, val_r2: -6.4495, val_cc: 0.4815
Epoch 51, trian_loss: 0.0039, trian_mae: 0.0643, trian_mse:0.0078, trian_r2: -3.3638, trian_cc: 0.5006
Epoch 51, val_loss: 0.0050, val_mae: 0.0699, val_mse: 0.0099, val_r2: -5.7344, val_cc: 0.4860
Epoch 52, trian_loss: 0.0039, trian_mae: 0.0642, trian_mse:0.0078, trian_r2: -3.2450, trian_cc: 0.5023
Epoch 52, val_loss: 0.0050, val_mae: 0.0699, val_mse: 0.0100, val_r2: -6.3606, val_cc: 0.4836
Epoch 53, trian_loss: 0.0039, trian_mae: 0.0641, trian_mse:0.0077, trian_r2: -3.3163, trian_cc: 0.5033
Epoch 53, val_loss: 0.0050, val_mae: 0.0699, val_mse: 0.0100, val_r2: -6.6067, val_cc: 0.4845
Epoch 54, trian_loss: 0.0039, trian_mae: 0.0642, trian_mse:0.0078, trian_r2: -3.4933, trian_cc: 0.5006
Epoch 54, val_loss: 0.0050, val_mae: 0.0699, val_mse: 0.0100, val_r2: -6.7221, val_cc: 0.4807
Epoch 55, trian_loss: 0.0038, trian_mae: 0.0637, trian_mse:0.0077, trian_r2: -3.1538, trian_cc: 0.5067
Epoch 55, val_loss: 0.0050, val_mae: 0.0698, val_mse: 0.0099, val_r2: -6.4901, val_cc: 0.4824
Epoch 56, trian_loss: 0.0038, trian_mae: 0.0637, trian_mse:0.0076, trian_r2: -3.1596, trian_cc: 0.5074
Epoch 56, val_loss: 0.0050, val_mae: 0.0700, val_mse: 0.0100, val_r2: -7.8327, val_cc: 0.4858
Epoch 57, trian_loss: 0.0038, trian_mae: 0.0635, trian_mse:0.0076, trian_r2: -3.1272, trian_cc: 0.5088
Epoch 57, val_loss: 0.0050, val_mae: 0.0700, val_mse: 0.0100, val_r2: -7.6692, val_cc: 0.4844
Epoch 58, trian_loss: 0.0038, trian_mae: 0.0636, trian_mse:0.0076, trian_r2: -3.0562, trian_cc: 0.5094
Epoch 58, val_loss: 0.0050, val_mae: 0.0697, val_mse: 0.0100, val_r2: -7.0300, val_cc: 0.4886
Epoch 59, trian_loss: 0.0038, trian_mae: 0.0635, trian_mse:0.0076, trian_r2: -3.0715, trian_cc: 0.5097
Epoch 59, val_loss: 0.0049, val_mae: 0.0693, val_mse: 0.0098, val_r2: -6.2889, val_cc: 0.4855
Epoch 60, trian_loss: 0.0038, trian_mae: 0.0636, trian_mse:0.0076, trian_r2: -3.3511, trian_cc: 0.5084
Epoch 60, val_loss: 0.0050, val_mae: 0.0697, val_mse: 0.0099, val_r2: -7.6391, val_cc: 0.4852
Epoch 61, trian_loss: 0.0038, trian_mae: 0.0636, trian_mse:0.0076, trian_r2: -3.2726, trian_cc: 0.5104
Epoch 61, val_loss: 0.0050, val_mae: 0.0694, val_mse: 0.0099, val_r2: -6.3634, val_cc: 0.4904
Epoch 62, trian_loss: 0.0038, trian_mae: 0.0632, trian_mse:0.0075, trian_r2: -2.9980, trian_cc: 0.5127
Epoch 62, val_loss: 0.0049, val_mae: 0.0692, val_mse: 0.0098, val_r2: -6.5455, val_cc: 0.4879
Epoch 63, trian_loss: 0.0037, trian_mae: 0.0629, trian_mse:0.0074, trian_r2: -2.9246, trian_cc: 0.5151
Epoch 63, val_loss: 0.0049, val_mae: 0.0690, val_mse: 0.0097, val_r2: -6.3399, val_cc: 0.4902
Epoch 64, trian_loss: 0.0037, trian_mae: 0.0630, trian_mse:0.0075, trian_r2: -3.1322, trian_cc: 0.5148
Epoch 64, val_loss: 0.0048, val_mae: 0.0687, val_mse: 0.0096, val_r2: -5.9484, val_cc: 0.4922
Epoch 65, trian_loss: 0.0037, trian_mae: 0.0630, trian_mse:0.0074, trian_r2: -3.0807, trian_cc: 0.5159
Epoch 65, val_loss: 0.0049, val_mae: 0.0690, val_mse: 0.0098, val_r2: -6.6806, val_cc: 0.4922
Epoch 66, trian_loss: 0.0037, trian_mae: 0.0627, trian_mse:0.0074, trian_r2: -3.0043, trian_cc: 0.5177
Epoch 66, val_loss: 0.0049, val_mae: 0.0692, val_mse: 0.0099, val_r2: -6.7723, val_cc: 0.4942
Epoch 67, trian_loss: 0.0037, trian_mae: 0.0627, trian_mse:0.0074, trian_r2: -2.9739, trian_cc: 0.5175
Epoch 67, val_loss: 0.0049, val_mae: 0.0695, val_mse: 0.0098, val_r2: -6.9998, val_cc: 0.4905
Epoch 68, trian_loss: 0.0037, trian_mae: 0.0627, trian_mse:0.0074, trian_r2: -2.9940, trian_cc: 0.5182
Epoch 68, val_loss: 0.0051, val_mae: 0.0699, val_mse: 0.0101, val_r2: -6.9880, val_cc: 0.4916
Epoch 69, trian_loss: 0.0037, trian_mae: 0.0628, trian_mse:0.0074, trian_r2: -3.0480, trian_cc: 0.5174
Epoch 69, val_loss: 0.0049, val_mae: 0.0691, val_mse: 0.0098, val_r2: -6.3266, val_cc: 0.4928
Epoch 70, trian_loss: 0.0037, trian_mae: 0.0625, trian_mse:0.0074, trian_r2: -2.7560, trian_cc: 0.5214
Epoch 70, val_loss: 0.0050, val_mae: 0.0699, val_mse: 0.0100, val_r2: -7.1913, val_cc: 0.4947
Epoch 71, trian_loss: 0.0037, trian_mae: 0.0624, trian_mse:0.0073, trian_r2: -2.8614, trian_cc: 0.5222
Epoch 71, val_loss: 0.0049, val_mae: 0.0694, val_mse: 0.0098, val_r2: -7.0030, val_cc: 0.4935
Epoch 72, trian_loss: 0.0036, trian_mae: 0.0622, trian_mse:0.0073, trian_r2: -2.7982, trian_cc: 0.5227
Epoch 72, val_loss: 0.0050, val_mae: 0.0697, val_mse: 0.0100, val_r2: -7.0064, val_cc: 0.4933
Epoch 73, trian_loss: 0.0036, trian_mae: 0.0622, trian_mse:0.0073, trian_r2: -2.8481, trian_cc: 0.5237
Epoch 73, val_loss: 0.0049, val_mae: 0.0695, val_mse: 0.0099, val_r2: -6.9747, val_cc: 0.4948
Epoch 74, trian_loss: 0.0037, trian_mae: 0.0623, trian_mse:0.0073, trian_r2: -2.8211, trian_cc: 0.5231
Epoch 74, val_loss: 0.0050, val_mae: 0.0699, val_mse: 0.0100, val_r2: -7.6205, val_cc: 0.4937
Epoch 75, trian_loss: 0.0036, trian_mae: 0.0621, trian_mse:0.0072, trian_r2: -2.7629, trian_cc: 0.5248
Epoch 75, val_loss: 0.0050, val_mae: 0.0699, val_mse: 0.0100, val_r2: -7.3378, val_cc: 0.4893
Epoch 76, trian_loss: 0.0036, trian_mae: 0.0622, trian_mse:0.0073, trian_r2: -2.7658, trian_cc: 0.5249
Epoch 76, val_loss: 0.0050, val_mae: 0.0697, val_mse: 0.0101, val_r2: -7.3459, val_cc: 0.4945
Epoch 77, trian_loss: 0.0037, trian_mae: 0.0623, trian_mse:0.0073, trian_r2: -2.8590, trian_cc: 0.5241
Epoch 77, val_loss: 0.0050, val_mae: 0.0694, val_mse: 0.0099, val_r2: -7.6352, val_cc: 0.4977
Epoch 78, trian_loss: 0.0036, trian_mae: 0.0619, trian_mse:0.0072, trian_r2: -2.8659, trian_cc: 0.5263
Epoch 78, val_loss: 0.0049, val_mae: 0.0692, val_mse: 0.0098, val_r2: -7.0332, val_cc: 0.4978
Epoch 79, trian_loss: 0.0036, trian_mae: 0.0619, trian_mse:0.0072, trian_r2: -2.7738, trian_cc: 0.5267
Epoch 79, val_loss: 0.0050, val_mae: 0.0697, val_mse: 0.0101, val_r2: -7.2435, val_cc: 0.4952
Epoch 80, trian_loss: 0.0036, trian_mae: 0.0620, trian_mse:0.0072, trian_r2: -2.7064, trian_cc: 0.5275
Epoch 80, val_loss: 0.0050, val_mae: 0.0695, val_mse: 0.0100, val_r2: -6.6366, val_cc: 0.4966
Epoch 81, trian_loss: 0.0036, trian_mae: 0.0620, trian_mse:0.0072, trian_r2: -2.7319, trian_cc: 0.5280
Epoch 81, val_loss: 0.0051, val_mae: 0.0700, val_mse: 0.0101, val_r2: -7.3617, val_cc: 0.4966
Epoch 82, trian_loss: 0.0036, trian_mae: 0.0618, trian_mse:0.0072, trian_r2: -2.8285, trian_cc: 0.5273
Epoch 82, val_loss: 0.0050, val_mae: 0.0694, val_mse: 0.0100, val_r2: -7.1176, val_cc: 0.4956
Epoch 83, trian_loss: 0.0036, trian_mae: 0.0619, trian_mse:0.0072, trian_r2: -2.6454, trian_cc: 0.5274
Epoch 83, val_loss: 0.0050, val_mae: 0.0697, val_mse: 0.0100, val_r2: -7.2578, val_cc: 0.4946
Epoch 84, trian_loss: 0.0036, trian_mae: 0.0616, trian_mse:0.0071, trian_r2: -2.6522, trian_cc: 0.5294
Epoch 84, val_loss: 0.0050, val_mae: 0.0697, val_mse: 0.0099, val_r2: -7.2472, val_cc: 0.4946
Epoch 85, trian_loss: 0.0036, trian_mae: 0.0618, trian_mse:0.0071, trian_r2: -2.6307, trian_cc: 0.5289
Epoch 85, val_loss: 0.0049, val_mae: 0.0692, val_mse: 0.0098, val_r2: -6.7005, val_cc: 0.4946
Epoch 86, trian_loss: 0.0035, trian_mae: 0.0616, trian_mse:0.0071, trian_r2: -2.6909, trian_cc: 0.5309
Epoch 86, val_loss: 0.0050, val_mae: 0.0696, val_mse: 0.0100, val_r2: -6.4058, val_cc: 0.4964
Epoch 87, trian_loss: 0.0036, trian_mae: 0.0617, trian_mse:0.0071, trian_r2: -2.7444, trian_cc: 0.5293
Epoch 87, val_loss: 0.0049, val_mae: 0.0692, val_mse: 0.0098, val_r2: -6.3253, val_cc: 0.4978
Epoch 88, trian_loss: 0.0036, trian_mae: 0.0616, trian_mse:0.0071, trian_r2: -2.5795, trian_cc: 0.5315
Epoch 88, val_loss: 0.0049, val_mae: 0.0693, val_mse: 0.0098, val_r2: -6.2616, val_cc: 0.4971
Epoch 89, trian_loss: 0.0035, trian_mae: 0.0614, trian_mse:0.0071, trian_r2: -2.6153, trian_cc: 0.5312
Epoch 89, val_loss: 0.0050, val_mae: 0.0699, val_mse: 0.0101, val_r2: -6.9311, val_cc: 0.4946
Epoch 90, trian_loss: 0.0036, trian_mae: 0.0622, trian_mse:0.0073, trian_r2: -2.7467, trian_cc: 0.5258
Epoch 90, val_loss: 0.0050, val_mae: 0.0698, val_mse: 0.0100, val_r2: -6.4653, val_cc: 0.4960
Epoch 91, trian_loss: 0.0036, trian_mae: 0.0617, trian_mse:0.0071, trian_r2: -2.5755, trian_cc: 0.5293
Epoch 91, val_loss: 0.0049, val_mae: 0.0693, val_mse: 0.0097, val_r2: -6.0292, val_cc: 0.4995
Epoch 92, trian_loss: 0.0035, trian_mae: 0.0613, trian_mse:0.0070, trian_r2: -2.6073, trian_cc: 0.5340
Epoch 92, val_loss: 0.0049, val_mae: 0.0694, val_mse: 0.0099, val_r2: -6.5377, val_cc: 0.4983
Epoch 93, trian_loss: 0.0035, trian_mae: 0.0613, trian_mse:0.0070, trian_r2: -2.6953, trian_cc: 0.5328
Epoch 93, val_loss: 0.0048, val_mae: 0.0685, val_mse: 0.0096, val_r2: -6.8118, val_cc: 0.4983
Epoch 94, trian_loss: 0.0035, trian_mae: 0.0615, trian_mse:0.0071, trian_r2: -2.7426, trian_cc: 0.5311
Epoch 94, val_loss: 0.0049, val_mae: 0.0690, val_mse: 0.0098, val_r2: -6.3313, val_cc: 0.5001
Epoch 95, trian_loss: 0.0036, trian_mae: 0.0617, trian_mse:0.0071, trian_r2: -2.6454, trian_cc: 0.5323
Epoch 95, val_loss: 0.0049, val_mae: 0.0693, val_mse: 0.0099, val_r2: -5.8475, val_cc: 0.4999
Epoch 96, trian_loss: 0.0035, trian_mae: 0.0613, trian_mse:0.0070, trian_r2: -2.6505, trian_cc: 0.5334
Epoch 96, val_loss: 0.0049, val_mae: 0.0695, val_mse: 0.0099, val_r2: -6.1013, val_cc: 0.4977
Epoch 97, trian_loss: 0.0035, trian_mae: 0.0612, trian_mse:0.0070, trian_r2: -2.6019, trian_cc: 0.5338
Epoch 97, val_loss: 0.0049, val_mae: 0.0688, val_mse: 0.0098, val_r2: -6.2749, val_cc: 0.5027
Epoch 98, trian_loss: 0.0035, trian_mae: 0.0613, trian_mse:0.0070, trian_r2: -2.6015, trian_cc: 0.5342
Epoch 98, val_loss: 0.0049, val_mae: 0.0688, val_mse: 0.0097, val_r2: -5.5294, val_cc: 0.5012
Epoch 99, trian_loss: 0.0035, trian_mae: 0.0612, trian_mse:0.0070, trian_r2: -2.5207, trian_cc: 0.5356
Epoch 99, val_loss: 0.0049, val_mae: 0.0692, val_mse: 0.0098, val_r2: -6.0097, val_cc: 0.5003
