Trian Data: 515   Validation Data: 172  Test Data: 172
model ResNet_2D(
  (conv1): Sequential(
    (0): Conv2d(461, 64, kernel_size=(3, 3), stride=(1, 1), padding=(1, 1), bias=False)
    (1): BatchNorm2d(64, eps=1e-05, momentum=0.1, affine=True, track_running_stats=True)
  )
  (layer1): Sequential(
    (0): BasicBlock(
      (conv1): Conv2d(64, 64, kernel_size=(3, 3), stride=(1, 1), padding=(1, 1), bias=False)
      (bn1): BatchNorm2d(64, eps=1e-05, momentum=0.1, affine=True, track_running_stats=True)
      (conv2): Conv2d(64, 64, kernel_size=(3, 3), stride=(1, 1), padding=(1, 1), bias=False)
      (bn2): BatchNorm2d(64, eps=1e-05, momentum=0.1, affine=True, track_running_stats=True)
      (shortcut): Sequential()
    )
    (1): BasicBlock(
      (conv1): Conv2d(64, 64, kernel_size=(3, 3), stride=(1, 1), padding=(1, 1), bias=False)
      (bn1): BatchNorm2d(64, eps=1e-05, momentum=0.1, affine=True, track_running_stats=True)
      (conv2): Conv2d(64, 64, kernel_size=(3, 3), stride=(1, 1), padding=(1, 1), bias=False)
      (bn2): BatchNorm2d(64, eps=1e-05, momentum=0.1, affine=True, track_running_stats=True)
      (shortcut): Sequential()
    )
  )
  (layer2): Sequential(
    (0): BasicBlock(
      (conv1): Conv2d(64, 64, kernel_size=(3, 3), stride=(1, 1), padding=(1, 1), bias=False)
      (bn1): BatchNorm2d(64, eps=1e-05, momentum=0.1, affine=True, track_running_stats=True)
      (conv2): Conv2d(64, 64, kernel_size=(3, 3), stride=(1, 1), padding=(1, 1), bias=False)
      (bn2): BatchNorm2d(64, eps=1e-05, momentum=0.1, affine=True, track_running_stats=True)
      (shortcut): Sequential()
    )
    (1): BasicBlock(
      (conv1): Conv2d(64, 64, kernel_size=(3, 3), stride=(1, 1), padding=(1, 1), bias=False)
      (bn1): BatchNorm2d(64, eps=1e-05, momentum=0.1, affine=True, track_running_stats=True)
      (conv2): Conv2d(64, 64, kernel_size=(3, 3), stride=(1, 1), padding=(1, 1), bias=False)
      (bn2): BatchNorm2d(64, eps=1e-05, momentum=0.1, affine=True, track_running_stats=True)
      (shortcut): Sequential()
    )
  )
  (layer3): Sequential(
    (0): BasicBlock(
      (conv1): Conv2d(64, 64, kernel_size=(3, 3), stride=(1, 1), padding=(1, 1), bias=False)
      (bn1): BatchNorm2d(64, eps=1e-05, momentum=0.1, affine=True, track_running_stats=True)
      (conv2): Conv2d(64, 64, kernel_size=(3, 3), stride=(1, 1), padding=(1, 1), bias=False)
      (bn2): BatchNorm2d(64, eps=1e-05, momentum=0.1, affine=True, track_running_stats=True)
      (shortcut): Sequential()
    )
    (1): BasicBlock(
      (conv1): Conv2d(64, 64, kernel_size=(3, 3), stride=(1, 1), padding=(1, 1), bias=False)
      (bn1): BatchNorm2d(64, eps=1e-05, momentum=0.1, affine=True, track_running_stats=True)
      (conv2): Conv2d(64, 64, kernel_size=(3, 3), stride=(1, 1), padding=(1, 1), bias=False)
      (bn2): BatchNorm2d(64, eps=1e-05, momentum=0.1, affine=True, track_running_stats=True)
      (shortcut): Sequential()
    )
  )
  (layer4): Sequential(
    (0): BasicBlock(
      (conv1): Conv2d(64, 64, kernel_size=(3, 3), stride=(1, 1), padding=(1, 1), bias=False)
      (bn1): BatchNorm2d(64, eps=1e-05, momentum=0.1, affine=True, track_running_stats=True)
      (conv2): Conv2d(64, 64, kernel_size=(3, 3), stride=(1, 1), padding=(1, 1), bias=False)
      (bn2): BatchNorm2d(64, eps=1e-05, momentum=0.1, affine=True, track_running_stats=True)
      (shortcut): Sequential()
    )
    (1): BasicBlock(
      (conv1): Conv2d(64, 64, kernel_size=(3, 3), stride=(1, 1), padding=(1, 1), bias=False)
      (bn1): BatchNorm2d(64, eps=1e-05, momentum=0.1, affine=True, track_running_stats=True)
      (conv2): Conv2d(64, 64, kernel_size=(3, 3), stride=(1, 1), padding=(1, 1), bias=False)
      (bn2): BatchNorm2d(64, eps=1e-05, momentum=0.1, affine=True, track_running_stats=True)
      (shortcut): Sequential()
    )
  )
  (conv2): Sequential(
    (0): Conv2d(64, 32, kernel_size=(3, 3), stride=(1, 1), padding=(1, 1))
    (1): BatchNorm2d(32, eps=1e-05, momentum=0.1, affine=True, track_running_stats=True)
  )
  (conv3): Sequential(
    (0): Conv2d(32, 16, kernel_size=(3, 3), stride=(1, 1), padding=(1, 1))
    (1): BatchNorm2d(16, eps=1e-05, momentum=0.1, affine=True, track_running_stats=True)
  )
  (conv4): Sequential(
    (0): Conv2d(16, 1, kernel_size=(3, 3), stride=(1, 1), padding=(1, 1))
    (1): BatchNorm2d(1, eps=1e-05, momentum=0.1, affine=True, track_running_stats=True)
  )
)
Epoch  0, trian_loss: 0.0173, trian_mae: 0.1236, trian_mse:0.0349, trian_r2: -7.5499, trian_cc: 0.2338
Epoch  0, val_loss: 0.0132, val_mae: 0.1286, val_mse: 0.0264, val_r2: -21.4364, val_cc: 0.3631
Epoch  1, trian_loss: 0.0089, trian_mae: 0.0942, trian_mse:0.0179, trian_r2: -359.6714, trian_cc: -0.0439
Epoch  1, val_loss: 0.0078, val_mae: 0.0907, val_mse: 0.0157, val_r2: -443.1619, val_cc: -0.0547
Epoch  2, trian_loss: 0.0071, trian_mae: 0.0855, trian_mse:0.0143, trian_r2: -639.1295, trian_cc: -0.0368
Epoch  2, val_loss: 0.0080, val_mae: 0.0937, val_mse: 0.0161, val_r2: -845.2074, val_cc: -0.0498
Epoch  3, trian_loss: 0.0069, trian_mae: 0.0846, trian_mse:0.0139, trian_r2: -818.1653, trian_cc: -0.0228
Epoch  3, val_loss: 0.0077, val_mae: 0.0932, val_mse: 0.0154, val_r2: -778.3733, val_cc: -0.0547
Epoch  4, trian_loss: 0.0069, trian_mae: 0.0840, trian_mse:0.0137, trian_r2: -767.4577, trian_cc: 0.0148
Epoch  4, val_loss: 0.0076, val_mae: 0.0913, val_mse: 0.0152, val_r2: -932.2661, val_cc: 0.0176
Epoch  5, trian_loss: 0.0068, trian_mae: 0.0837, trian_mse:0.0136, trian_r2: -798.8357, trian_cc: 0.0304
Epoch  5, val_loss: 0.0077, val_mae: 0.0907, val_mse: 0.0154, val_r2: -967.0627, val_cc: 0.0356
Epoch  6, trian_loss: 0.0068, trian_mae: 0.0836, trian_mse:0.0136, trian_r2: -1148.6566, trian_cc: 0.0386
Epoch  6, val_loss: 0.0076, val_mae: 0.0901, val_mse: 0.0152, val_r2: -1731.7514, val_cc: 0.0523
Epoch  7, trian_loss: 0.0068, trian_mae: 0.0836, trian_mse:0.0135, trian_r2: -1642.2283, trian_cc: 0.0445
Epoch  7, val_loss: 0.0076, val_mae: 0.0905, val_mse: 0.0153, val_r2: -3164.8897, val_cc: 0.0576
Epoch  8, trian_loss: 0.0067, trian_mae: 0.0832, trian_mse:0.0134, trian_r2: -1857.7004, trian_cc: 0.0740
Epoch  8, val_loss: 0.0075, val_mae: 0.0889, val_mse: 0.0150, val_r2: -880.8614, val_cc: 0.0544
Epoch  9, trian_loss: 0.0068, trian_mae: 0.0834, trian_mse:0.0135, trian_r2: -1531.8999, trian_cc: 0.0789
Epoch  9, val_loss: 0.0075, val_mae: 0.0888, val_mse: 0.0150, val_r2: -2494.2416, val_cc: 0.0784
Epoch 10, trian_loss: 0.0067, trian_mae: 0.0831, trian_mse:0.0134, trian_r2: -2606.4759, trian_cc: 0.0810
Epoch 10, val_loss: 0.0075, val_mae: 0.0884, val_mse: 0.0151, val_r2: -1646.3063, val_cc: 0.0434
Epoch 11, trian_loss: 0.0067, trian_mae: 0.0830, trian_mse:0.0134, trian_r2: -1819.3003, trian_cc: 0.0972
Epoch 11, val_loss: 0.0075, val_mae: 0.0893, val_mse: 0.0150, val_r2: -2235.9655, val_cc: 0.1160
Epoch 12, trian_loss: 0.0067, trian_mae: 0.0832, trian_mse:0.0134, trian_r2: -1477.5987, trian_cc: 0.1084
Epoch 12, val_loss: 0.0075, val_mae: 0.0906, val_mse: 0.0151, val_r2: -2013.7210, val_cc: 0.1195
Epoch 13, trian_loss: 0.0067, trian_mae: 0.0828, trian_mse:0.0133, trian_r2: -1822.9439, trian_cc: 0.1562
Epoch 13, val_loss: 0.0075, val_mae: 0.0886, val_mse: 0.0151, val_r2: -1872.7791, val_cc: 0.1008
Epoch 14, trian_loss: 0.0067, trian_mae: 0.0830, trian_mse:0.0134, trian_r2: -1806.4269, trian_cc: 0.1337
Epoch 14, val_loss: 0.0072, val_mae: 0.0878, val_mse: 0.0144, val_r2: -1431.4608, val_cc: 0.3119
Epoch 15, trian_loss: 0.0065, trian_mae: 0.0820, trian_mse:0.0130, trian_r2: -971.8003, trian_cc: 0.2410
Epoch 15, val_loss: 0.0070, val_mae: 0.0873, val_mse: 0.0141, val_r2: -1025.5300, val_cc: 0.3427
Epoch 16, trian_loss: 0.0065, trian_mae: 0.0823, trian_mse:0.0131, trian_r2: -666.5509, trian_cc: 0.2758
Epoch 16, val_loss: 0.0075, val_mae: 0.0904, val_mse: 0.0149, val_r2: -2101.4873, val_cc: 0.2258
Epoch 17, trian_loss: 0.0065, trian_mae: 0.0816, trian_mse:0.0129, trian_r2: -1014.4451, trian_cc: 0.2819
Epoch 17, val_loss: 0.0077, val_mae: 0.0893, val_mse: 0.0154, val_r2: -1877.4433, val_cc: 0.0644
Epoch 18, trian_loss: 0.0065, trian_mae: 0.0815, trian_mse:0.0129, trian_r2: -1299.6292, trian_cc: 0.2987
Epoch 18, val_loss: 0.0074, val_mae: 0.0876, val_mse: 0.0148, val_r2: -1156.0931, val_cc: 0.1424
Epoch 19, trian_loss: 0.0066, trian_mae: 0.0824, trian_mse:0.0132, trian_r2: -1353.3595, trian_cc: 0.2251
Epoch 19, val_loss: 0.0079, val_mae: 0.0858, val_mse: 0.0158, val_r2: -437.1160, val_cc: 0.2970
Epoch 20, trian_loss: 0.0062, trian_mae: 0.0798, trian_mse:0.0125, trian_r2: -1205.0258, trian_cc: 0.3934
Epoch 20, val_loss: 0.0070, val_mae: 0.0831, val_mse: 0.0140, val_r2: -847.1302, val_cc: 0.4302
Epoch 21, trian_loss: 0.0064, trian_mae: 0.0804, trian_mse:0.0127, trian_r2: -964.7311, trian_cc: 0.3588
Epoch 21, val_loss: 0.0071, val_mae: 0.0833, val_mse: 0.0143, val_r2: -740.3291, val_cc: 0.3974
Epoch 22, trian_loss: 0.0062, trian_mae: 0.0799, trian_mse:0.0124, trian_r2: -959.8991, trian_cc: 0.3855
Epoch 22, val_loss: 0.0071, val_mae: 0.0826, val_mse: 0.0143, val_r2: -666.2443, val_cc: 0.4109
Epoch 23, trian_loss: 0.0066, trian_mae: 0.0824, trian_mse:0.0132, trian_r2: -1441.0271, trian_cc: 0.1480
Epoch 23, val_loss: 0.0075, val_mae: 0.0886, val_mse: 0.0150, val_r2: -2524.0976, val_cc: 0.1034
Epoch 24, trian_loss: 0.0067, trian_mae: 0.0828, trian_mse:0.0133, trian_r2: -2384.4381, trian_cc: 0.1080
Epoch 24, val_loss: 0.0075, val_mae: 0.0887, val_mse: 0.0150, val_r2: -4308.8409, val_cc: 0.0976
Epoch 25, trian_loss: 0.0067, trian_mae: 0.0829, trian_mse:0.0134, trian_r2: -2187.5348, trian_cc: 0.1094
Epoch 25, val_loss: 0.0075, val_mae: 0.0887, val_mse: 0.0150, val_r2: -1769.4879, val_cc: 0.1059
Epoch 26, trian_loss: 0.0067, trian_mae: 0.0829, trian_mse:0.0133, trian_r2: -2172.4780, trian_cc: 0.1113
Epoch 26, val_loss: 0.0075, val_mae: 0.0886, val_mse: 0.0150, val_r2: -2233.8210, val_cc: 0.1136
Epoch 27, trian_loss: 0.0066, trian_mae: 0.0822, trian_mse:0.0131, trian_r2: -1248.6779, trian_cc: 0.2098
Epoch 27, val_loss: 0.0075, val_mae: 0.0887, val_mse: 0.0151, val_r2: -1076.8895, val_cc: 0.1068
Epoch 28, trian_loss: 0.0066, trian_mae: 0.0828, trian_mse:0.0133, trian_r2: -1710.6062, trian_cc: 0.1591
Epoch 28, val_loss: 0.0072, val_mae: 0.0912, val_mse: 0.0145, val_r2: -1931.2061, val_cc: 0.3477
Epoch 29, trian_loss: 0.0063, trian_mae: 0.0803, trian_mse:0.0125, trian_r2: -677.4303, trian_cc: 0.3574
Epoch 29, val_loss: 0.0069, val_mae: 0.0839, val_mse: 0.0138, val_r2: -895.9172, val_cc: 0.4114
Epoch 30, trian_loss: 0.0064, trian_mae: 0.0813, trian_mse:0.0127, trian_r2: -675.9220, trian_cc: 0.3457
Epoch 30, val_loss: 0.0070, val_mae: 0.0853, val_mse: 0.0139, val_r2: -732.2097, val_cc: 0.4016
Epoch 31, trian_loss: 0.0062, trian_mae: 0.0800, trian_mse:0.0125, trian_r2: -642.9168, trian_cc: 0.3892
Epoch 31, val_loss: 0.0071, val_mae: 0.0858, val_mse: 0.0141, val_r2: -1864.9233, val_cc: 0.3638
Epoch 32, trian_loss: 0.0062, trian_mae: 0.0800, trian_mse:0.0125, trian_r2: -610.2172, trian_cc: 0.3869
Epoch 32, val_loss: 0.0070, val_mae: 0.0865, val_mse: 0.0139, val_r2: -1698.0333, val_cc: 0.2679
Epoch 33, trian_loss: 0.0062, trian_mae: 0.0798, trian_mse:0.0124, trian_r2: -543.6151, trian_cc: 0.3879
Epoch 33, val_loss: 0.0070, val_mae: 0.0840, val_mse: 0.0139, val_r2: -836.6616, val_cc: 0.4135
Epoch 34, trian_loss: 0.0062, trian_mae: 0.0795, trian_mse:0.0123, trian_r2: -566.0821, trian_cc: 0.4035
Epoch 34, val_loss: 0.0069, val_mae: 0.0826, val_mse: 0.0138, val_r2: -596.7396, val_cc: 0.4313
Epoch 35, trian_loss: 0.0061, trian_mae: 0.0795, trian_mse:0.0123, trian_r2: -520.4324, trian_cc: 0.4039
Epoch 35, val_loss: 0.0069, val_mae: 0.0829, val_mse: 0.0138, val_r2: -1274.5554, val_cc: 0.4203
Epoch 36, trian_loss: 0.0061, trian_mae: 0.0797, trian_mse:0.0122, trian_r2: -626.6210, trian_cc: 0.4275
Epoch 36, val_loss: 0.0069, val_mae: 0.0835, val_mse: 0.0137, val_r2: -1227.2984, val_cc: 0.4301
Epoch 37, trian_loss: 0.0061, trian_mae: 0.0793, trian_mse:0.0123, trian_r2: -654.5791, trian_cc: 0.4167
Epoch 37, val_loss: 0.0074, val_mae: 0.0837, val_mse: 0.0148, val_r2: -488.5961, val_cc: 0.3586
Epoch 38, trian_loss: 0.0062, trian_mae: 0.0793, trian_mse:0.0123, trian_r2: -912.5039, trian_cc: 0.4115
Epoch 38, val_loss: 0.0068, val_mae: 0.0830, val_mse: 0.0136, val_r2: -930.5004, val_cc: 0.4234
Epoch 39, trian_loss: 0.0061, trian_mae: 0.0789, trian_mse:0.0122, trian_r2: -638.1651, trian_cc: 0.4276
Epoch 39, val_loss: 0.0069, val_mae: 0.0855, val_mse: 0.0138, val_r2: -1088.0608, val_cc: 0.3955
Epoch 40, trian_loss: 0.0061, trian_mae: 0.0793, trian_mse:0.0122, trian_r2: -516.2132, trian_cc: 0.4277
Epoch 40, val_loss: 0.0072, val_mae: 0.0878, val_mse: 0.0145, val_r2: -498.1591, val_cc: 0.3974
Epoch 41, trian_loss: 0.0060, trian_mae: 0.0783, trian_mse:0.0121, trian_r2: -524.9878, trian_cc: 0.4411
Epoch 41, val_loss: 0.0068, val_mae: 0.0830, val_mse: 0.0137, val_r2: -636.0291, val_cc: 0.4401
Epoch 42, trian_loss: 0.0059, trian_mae: 0.0779, trian_mse:0.0119, trian_r2: -414.5310, trian_cc: 0.4367
Epoch 42, val_loss: 0.0069, val_mae: 0.0850, val_mse: 0.0138, val_r2: -595.4068, val_cc: 0.3963
Epoch 43, trian_loss: 0.0060, trian_mae: 0.0785, trian_mse:0.0121, trian_r2: -445.9063, trian_cc: 0.4369
Epoch 43, val_loss: 0.0068, val_mae: 0.0835, val_mse: 0.0136, val_r2: -959.2390, val_cc: 0.4532
Epoch 44, trian_loss: 0.0059, trian_mae: 0.0782, trian_mse:0.0119, trian_r2: -346.4974, trian_cc: 0.4505
Epoch 44, val_loss: 0.0068, val_mae: 0.0827, val_mse: 0.0137, val_r2: -452.2551, val_cc: 0.4459
Epoch 45, trian_loss: 0.0060, trian_mae: 0.0787, trian_mse:0.0121, trian_r2: -416.1225, trian_cc: 0.4365
Epoch 45, val_loss: 0.0069, val_mae: 0.0842, val_mse: 0.0139, val_r2: -679.0203, val_cc: 0.4145
Epoch 46, trian_loss: 0.0060, trian_mae: 0.0785, trian_mse:0.0120, trian_r2: -431.8945, trian_cc: 0.4349
Epoch 46, val_loss: 0.0069, val_mae: 0.0831, val_mse: 0.0139, val_r2: -447.4196, val_cc: 0.4546
Epoch 47, trian_loss: 0.0060, trian_mae: 0.0784, trian_mse:0.0120, trian_r2: -471.5546, trian_cc: 0.4490
Epoch 47, val_loss: 0.0068, val_mae: 0.0833, val_mse: 0.0136, val_r2: -537.8723, val_cc: 0.4445
Epoch 48, trian_loss: 0.0061, trian_mae: 0.0793, trian_mse:0.0122, trian_r2: -378.3431, trian_cc: 0.4267
Epoch 48, val_loss: 0.0069, val_mae: 0.0841, val_mse: 0.0137, val_r2: -608.7948, val_cc: 0.4047
Epoch 49, trian_loss: 0.0060, trian_mae: 0.0782, trian_mse:0.0119, trian_r2: -412.3594, trian_cc: 0.4453
Epoch 49, val_loss: 0.0068, val_mae: 0.0833, val_mse: 0.0136, val_r2: -484.5394, val_cc: 0.4567
Epoch 50, trian_loss: 0.0060, trian_mae: 0.0787, trian_mse:0.0120, trian_r2: -403.6107, trian_cc: 0.4377
Epoch 50, val_loss: 0.0068, val_mae: 0.0838, val_mse: 0.0136, val_r2: -603.0512, val_cc: 0.4223
Epoch 51, trian_loss: 0.0060, trian_mae: 0.0787, trian_mse:0.0121, trian_r2: -541.2920, trian_cc: 0.4289
Epoch 51, val_loss: 0.0069, val_mae: 0.0832, val_mse: 0.0138, val_r2: -469.6580, val_cc: 0.4294
Epoch 52, trian_loss: 0.0059, trian_mae: 0.0776, trian_mse:0.0118, trian_r2: -369.4627, trian_cc: 0.4487
Epoch 52, val_loss: 0.0068, val_mae: 0.0838, val_mse: 0.0136, val_r2: -408.4416, val_cc: 0.4155
Epoch 53, trian_loss: 0.0059, trian_mae: 0.0777, trian_mse:0.0118, trian_r2: -324.8659, trian_cc: 0.4536
Epoch 53, val_loss: 0.0068, val_mae: 0.0855, val_mse: 0.0137, val_r2: -912.2823, val_cc: 0.4211
Epoch 54, trian_loss: 0.0060, trian_mae: 0.0782, trian_mse:0.0119, trian_r2: -392.6934, trian_cc: 0.4457
Epoch 54, val_loss: 0.0068, val_mae: 0.0849, val_mse: 0.0136, val_r2: -595.0631, val_cc: 0.4208
Epoch 55, trian_loss: 0.0060, trian_mae: 0.0785, trian_mse:0.0120, trian_r2: -294.9778, trian_cc: 0.4326
Epoch 55, val_loss: 0.0068, val_mae: 0.0866, val_mse: 0.0136, val_r2: -415.0306, val_cc: 0.3802
Epoch 56, trian_loss: 0.0059, trian_mae: 0.0780, trian_mse:0.0118, trian_r2: -364.9411, trian_cc: 0.4385
Epoch 56, val_loss: 0.0069, val_mae: 0.0833, val_mse: 0.0138, val_r2: -428.9694, val_cc: 0.4355
Epoch 57, trian_loss: 0.0059, trian_mae: 0.0774, trian_mse:0.0118, trian_r2: -252.6716, trian_cc: 0.4461
Epoch 57, val_loss: 0.0069, val_mae: 0.0843, val_mse: 0.0137, val_r2: -432.1601, val_cc: 0.4300
Epoch 58, trian_loss: 0.0059, trian_mae: 0.0775, trian_mse:0.0118, trian_r2: -286.7497, trian_cc: 0.4500
Epoch 58, val_loss: 0.0069, val_mae: 0.0830, val_mse: 0.0138, val_r2: -277.9381, val_cc: 0.4463
Epoch 59, trian_loss: 0.0060, trian_mae: 0.0784, trian_mse:0.0119, trian_r2: -288.5193, trian_cc: 0.4406
Epoch 59, val_loss: 0.0068, val_mae: 0.0830, val_mse: 0.0136, val_r2: -362.1555, val_cc: 0.4193
Epoch 60, trian_loss: 0.0060, trian_mae: 0.0786, trian_mse:0.0120, trian_r2: -341.4349, trian_cc: 0.4121
Epoch 60, val_loss: 0.0069, val_mae: 0.0837, val_mse: 0.0137, val_r2: -416.8986, val_cc: 0.4292
Epoch 61, trian_loss: 0.0060, trian_mae: 0.0783, trian_mse:0.0120, trian_r2: -311.3734, trian_cc: 0.4382
Epoch 61, val_loss: 0.0068, val_mae: 0.0841, val_mse: 0.0136, val_r2: -502.3816, val_cc: 0.4190
Epoch 62, trian_loss: 0.0060, trian_mae: 0.0780, trian_mse:0.0119, trian_r2: -265.9337, trian_cc: 0.4416
Epoch 62, val_loss: 0.0068, val_mae: 0.0837, val_mse: 0.0136, val_r2: -383.2865, val_cc: 0.4277
Epoch 63, trian_loss: 0.0059, trian_mae: 0.0776, trian_mse:0.0118, trian_r2: -364.0512, trian_cc: 0.4520
Epoch 63, val_loss: 0.0067, val_mae: 0.0844, val_mse: 0.0135, val_r2: -330.3582, val_cc: 0.4012
Epoch 64, trian_loss: 0.0059, trian_mae: 0.0775, trian_mse:0.0118, trian_r2: -291.4488, trian_cc: 0.4604
Epoch 64, val_loss: 0.0068, val_mae: 0.0839, val_mse: 0.0135, val_r2: -406.7325, val_cc: 0.4268
Epoch 65, trian_loss: 0.0060, trian_mae: 0.0783, trian_mse:0.0119, trian_r2: -257.7053, trian_cc: 0.4266
Epoch 65, val_loss: 0.0067, val_mae: 0.0822, val_mse: 0.0135, val_r2: -306.7977, val_cc: 0.4142
Epoch 66, trian_loss: 0.0059, trian_mae: 0.0774, trian_mse:0.0117, trian_r2: -235.0694, trian_cc: 0.4404
Epoch 66, val_loss: 0.0068, val_mae: 0.0823, val_mse: 0.0135, val_r2: -224.3605, val_cc: 0.4223
Epoch 67, trian_loss: 0.0059, trian_mae: 0.0776, trian_mse:0.0118, trian_r2: -193.3281, trian_cc: 0.4355
Epoch 67, val_loss: 0.0068, val_mae: 0.0826, val_mse: 0.0135, val_r2: -234.9943, val_cc: 0.4091
Epoch 68, trian_loss: 0.0057, trian_mae: 0.0766, trian_mse:0.0115, trian_r2: -245.4477, trian_cc: 0.4470
Epoch 68, val_loss: 0.0067, val_mae: 0.0821, val_mse: 0.0134, val_r2: -203.3233, val_cc: 0.4253
Epoch 69, trian_loss: 0.0057, trian_mae: 0.0762, trian_mse:0.0114, trian_r2: -149.5008, trian_cc: 0.4543
Epoch 69, val_loss: 0.0067, val_mae: 0.0826, val_mse: 0.0134, val_r2: -175.1207, val_cc: 0.4535
Epoch 70, trian_loss: 0.0057, trian_mae: 0.0761, trian_mse:0.0114, trian_r2: -169.2334, trian_cc: 0.4541
Epoch 70, val_loss: 0.0065, val_mae: 0.0800, val_mse: 0.0130, val_r2: -143.8087, val_cc: 0.4530
Epoch 71, trian_loss: 0.0056, trian_mae: 0.0752, trian_mse:0.0112, trian_r2: -131.3118, trian_cc: 0.4769
Epoch 71, val_loss: 0.0064, val_mae: 0.0814, val_mse: 0.0127, val_r2: -49.7672, val_cc: 0.4485
Epoch 72, trian_loss: 0.0055, trian_mae: 0.0748, trian_mse:0.0111, trian_r2: -84.2965, trian_cc: 0.4894
Epoch 72, val_loss: 0.0064, val_mae: 0.0810, val_mse: 0.0127, val_r2: -78.9187, val_cc: 0.4648
Epoch 73, trian_loss: 0.0054, trian_mae: 0.0736, trian_mse:0.0109, trian_r2: -85.3292, trian_cc: 0.4926
Epoch 73, val_loss: 0.0064, val_mae: 0.0806, val_mse: 0.0127, val_r2: -32.6024, val_cc: 0.4578
Epoch 74, trian_loss: 0.0053, trian_mae: 0.0731, trian_mse:0.0107, trian_r2: -53.2473, trian_cc: 0.4962
Epoch 74, val_loss: 0.0064, val_mae: 0.0804, val_mse: 0.0128, val_r2: -27.2318, val_cc: 0.4623
Epoch 75, trian_loss: 0.0053, trian_mae: 0.0723, trian_mse:0.0105, trian_r2: -36.0983, trian_cc: 0.4982
Epoch 75, val_loss: 0.0063, val_mae: 0.0788, val_mse: 0.0125, val_r2: -30.3293, val_cc: 0.4731
Epoch 76, trian_loss: 0.0052, trian_mae: 0.0721, trian_mse:0.0103, trian_r2: -27.6248, trian_cc: 0.5001
Epoch 76, val_loss: 0.0061, val_mae: 0.0778, val_mse: 0.0122, val_r2: -26.8509, val_cc: 0.4718
Epoch 77, trian_loss: 0.0052, trian_mae: 0.0721, trian_mse:0.0104, trian_r2: -49.1492, trian_cc: 0.5087
Epoch 77, val_loss: 0.0063, val_mae: 0.0799, val_mse: 0.0126, val_r2: -26.9301, val_cc: 0.4768
Epoch 78, trian_loss: 0.0051, trian_mae: 0.0713, trian_mse:0.0102, trian_r2: -32.4293, trian_cc: 0.5156
Epoch 78, val_loss: 0.0063, val_mae: 0.0798, val_mse: 0.0126, val_r2: -15.7262, val_cc: 0.4702
Epoch 79, trian_loss: 0.0051, trian_mae: 0.0713, trian_mse:0.0101, trian_r2: -28.2750, trian_cc: 0.5226
Epoch 79, val_loss: 0.0062, val_mae: 0.0783, val_mse: 0.0125, val_r2: -19.3077, val_cc: 0.4627
Epoch 80, trian_loss: 0.0050, trian_mae: 0.0709, trian_mse:0.0101, trian_r2: -24.6474, trian_cc: 0.5155
Epoch 80, val_loss: 0.0065, val_mae: 0.0804, val_mse: 0.0129, val_r2: -17.4482, val_cc: 0.4654
Epoch 81, trian_loss: 0.0050, trian_mae: 0.0702, trian_mse:0.0099, trian_r2: -19.4986, trian_cc: 0.5221
Epoch 81, val_loss: 0.0062, val_mae: 0.0785, val_mse: 0.0124, val_r2: -12.7449, val_cc: 0.4715
Epoch 82, trian_loss: 0.0049, trian_mae: 0.0702, trian_mse:0.0099, trian_r2: -19.6916, trian_cc: 0.5302
Epoch 82, val_loss: 0.0064, val_mae: 0.0811, val_mse: 0.0128, val_r2: -12.0454, val_cc: 0.4792
Epoch 83, trian_loss: 0.0049, trian_mae: 0.0698, trian_mse:0.0098, trian_r2: -14.8321, trian_cc: 0.5285
Epoch 83, val_loss: 0.0064, val_mae: 0.0821, val_mse: 0.0128, val_r2: -15.3627, val_cc: 0.4864
Epoch 84, trian_loss: 0.0049, trian_mae: 0.0700, trian_mse:0.0098, trian_r2: -15.1455, trian_cc: 0.5289
Epoch 84, val_loss: 0.0064, val_mae: 0.0810, val_mse: 0.0129, val_r2: -11.5991, val_cc: 0.4731
Epoch 85, trian_loss: 0.0048, trian_mae: 0.0690, trian_mse:0.0095, trian_r2: -14.2127, trian_cc: 0.5353
Epoch 85, val_loss: 0.0063, val_mae: 0.0803, val_mse: 0.0125, val_r2: -9.8967, val_cc: 0.4821
Epoch 86, trian_loss: 0.0048, trian_mae: 0.0690, trian_mse:0.0096, trian_r2: -12.6506, trian_cc: 0.5382
Epoch 86, val_loss: 0.0063, val_mae: 0.0803, val_mse: 0.0127, val_r2: -8.2875, val_cc: 0.4764
Epoch 87, trian_loss: 0.0048, trian_mae: 0.0691, trian_mse:0.0096, trian_r2: -12.3527, trian_cc: 0.5382
Epoch 87, val_loss: 0.0062, val_mae: 0.0816, val_mse: 0.0125, val_r2: -9.3526, val_cc: 0.4892
Epoch 88, trian_loss: 0.0047, trian_mae: 0.0681, trian_mse:0.0094, trian_r2: -10.8655, trian_cc: 0.5409
Epoch 88, val_loss: 0.0066, val_mae: 0.0819, val_mse: 0.0131, val_r2: -7.6836, val_cc: 0.4817
Epoch 89, trian_loss: 0.0046, trian_mae: 0.0675, trian_mse:0.0093, trian_r2: -8.0586, trian_cc: 0.5447
Epoch 89, val_loss: 0.0063, val_mae: 0.0798, val_mse: 0.0126, val_r2: -6.5536, val_cc: 0.4846
Epoch 90, trian_loss: 0.0046, trian_mae: 0.0674, trian_mse:0.0092, trian_r2: -8.0493, trian_cc: 0.5497
Epoch 90, val_loss: 0.0062, val_mae: 0.0809, val_mse: 0.0125, val_r2: -7.5596, val_cc: 0.4835
Epoch 91, trian_loss: 0.0046, trian_mae: 0.0669, trian_mse:0.0091, trian_r2: -8.3377, trian_cc: 0.5554
Epoch 91, val_loss: 0.0069, val_mae: 0.0864, val_mse: 0.0138, val_r2: -5.9471, val_cc: 0.4887
Epoch 92, trian_loss: 0.0046, trian_mae: 0.0670, trian_mse:0.0092, trian_r2: -8.0423, trian_cc: 0.5565
Epoch 92, val_loss: 0.0062, val_mae: 0.0785, val_mse: 0.0123, val_r2: -6.1129, val_cc: 0.4860
Epoch 93, trian_loss: 0.0045, trian_mae: 0.0664, trian_mse:0.0090, trian_r2: -7.0794, trian_cc: 0.5581
Epoch 93, val_loss: 0.0066, val_mae: 0.0815, val_mse: 0.0131, val_r2: -5.8598, val_cc: 0.4839
Epoch 94, trian_loss: 0.0044, trian_mae: 0.0656, trian_mse:0.0088, trian_r2: -6.3607, trian_cc: 0.5609
Epoch 94, val_loss: 0.0069, val_mae: 0.0851, val_mse: 0.0138, val_r2: -4.1725, val_cc: 0.4846
Epoch 95, trian_loss: 0.0044, trian_mae: 0.0662, trian_mse:0.0089, trian_r2: -7.0322, trian_cc: 0.5618
Epoch 95, val_loss: 0.0065, val_mae: 0.0818, val_mse: 0.0130, val_r2: -4.8479, val_cc: 0.4812
Epoch 96, trian_loss: 0.0043, trian_mae: 0.0646, trian_mse:0.0085, trian_r2: -5.0234, trian_cc: 0.5622
Epoch 96, val_loss: 0.0070, val_mae: 0.0859, val_mse: 0.0141, val_r2: -4.6224, val_cc: 0.4823
Epoch 97, trian_loss: 0.0045, trian_mae: 0.0658, trian_mse:0.0089, trian_r2: -6.0072, trian_cc: 0.5657
Epoch 97, val_loss: 0.0064, val_mae: 0.0806, val_mse: 0.0128, val_r2: -4.5533, val_cc: 0.4828
Epoch 98, trian_loss: 0.0042, trian_mae: 0.0642, trian_mse:0.0085, trian_r2: -4.5297, trian_cc: 0.5663
Epoch 98, val_loss: 0.0065, val_mae: 0.0800, val_mse: 0.0130, val_r2: -3.7853, val_cc: 0.4801
Epoch 99, trian_loss: 0.0042, trian_mae: 0.0640, trian_mse:0.0085, trian_r2: -4.8154, trian_cc: 0.5708
Epoch 99, val_loss: 0.0072, val_mae: 0.0863, val_mse: 0.0144, val_r2: -3.7081, val_cc: 0.4850
