Trian Data: 515   Validation Data: 172  Test Data: 172
model ResNet_2D(
  (conv1): Sequential(
    (0): Conv2d(101, 64, kernel_size=(3, 3), stride=(1, 1), padding=(1, 1), bias=False)
    (1): BatchNorm2d(64, eps=1e-05, momentum=0.1, affine=True, track_running_stats=True)
  )
  (layer1): Sequential(
    (0): BasicBlock(
      (conv1): Conv2d(64, 64, kernel_size=(3, 3), stride=(1, 1), padding=(1, 1), bias=False)
      (bn1): BatchNorm2d(64, eps=1e-05, momentum=0.1, affine=True, track_running_stats=True)
      (conv2): Conv2d(64, 64, kernel_size=(3, 3), stride=(1, 1), padding=(1, 1), bias=False)
      (bn2): BatchNorm2d(64, eps=1e-05, momentum=0.1, affine=True, track_running_stats=True)
      (shortcut): Sequential()
    )
    (1): BasicBlock(
      (conv1): Conv2d(64, 64, kernel_size=(3, 3), stride=(1, 1), padding=(1, 1), bias=False)
      (bn1): BatchNorm2d(64, eps=1e-05, momentum=0.1, affine=True, track_running_stats=True)
      (conv2): Conv2d(64, 64, kernel_size=(3, 3), stride=(1, 1), padding=(1, 1), bias=False)
      (bn2): BatchNorm2d(64, eps=1e-05, momentum=0.1, affine=True, track_running_stats=True)
      (shortcut): Sequential()
    )
  )
  (layer2): Sequential(
    (0): BasicBlock(
      (conv1): Conv2d(64, 64, kernel_size=(3, 3), stride=(1, 1), padding=(1, 1), bias=False)
      (bn1): BatchNorm2d(64, eps=1e-05, momentum=0.1, affine=True, track_running_stats=True)
      (conv2): Conv2d(64, 64, kernel_size=(3, 3), stride=(1, 1), padding=(1, 1), bias=False)
      (bn2): BatchNorm2d(64, eps=1e-05, momentum=0.1, affine=True, track_running_stats=True)
      (shortcut): Sequential()
    )
    (1): BasicBlock(
      (conv1): Conv2d(64, 64, kernel_size=(3, 3), stride=(1, 1), padding=(1, 1), bias=False)
      (bn1): BatchNorm2d(64, eps=1e-05, momentum=0.1, affine=True, track_running_stats=True)
      (conv2): Conv2d(64, 64, kernel_size=(3, 3), stride=(1, 1), padding=(1, 1), bias=False)
      (bn2): BatchNorm2d(64, eps=1e-05, momentum=0.1, affine=True, track_running_stats=True)
      (shortcut): Sequential()
    )
  )
  (layer3): Sequential(
    (0): BasicBlock(
      (conv1): Conv2d(64, 64, kernel_size=(3, 3), stride=(1, 1), padding=(1, 1), bias=False)
      (bn1): BatchNorm2d(64, eps=1e-05, momentum=0.1, affine=True, track_running_stats=True)
      (conv2): Conv2d(64, 64, kernel_size=(3, 3), stride=(1, 1), padding=(1, 1), bias=False)
      (bn2): BatchNorm2d(64, eps=1e-05, momentum=0.1, affine=True, track_running_stats=True)
      (shortcut): Sequential()
    )
    (1): BasicBlock(
      (conv1): Conv2d(64, 64, kernel_size=(3, 3), stride=(1, 1), padding=(1, 1), bias=False)
      (bn1): BatchNorm2d(64, eps=1e-05, momentum=0.1, affine=True, track_running_stats=True)
      (conv2): Conv2d(64, 64, kernel_size=(3, 3), stride=(1, 1), padding=(1, 1), bias=False)
      (bn2): BatchNorm2d(64, eps=1e-05, momentum=0.1, affine=True, track_running_stats=True)
      (shortcut): Sequential()
    )
  )
  (layer4): Sequential(
    (0): BasicBlock(
      (conv1): Conv2d(64, 64, kernel_size=(3, 3), stride=(1, 1), padding=(1, 1), bias=False)
      (bn1): BatchNorm2d(64, eps=1e-05, momentum=0.1, affine=True, track_running_stats=True)
      (conv2): Conv2d(64, 64, kernel_size=(3, 3), stride=(1, 1), padding=(1, 1), bias=False)
      (bn2): BatchNorm2d(64, eps=1e-05, momentum=0.1, affine=True, track_running_stats=True)
      (shortcut): Sequential()
    )
    (1): BasicBlock(
      (conv1): Conv2d(64, 64, kernel_size=(3, 3), stride=(1, 1), padding=(1, 1), bias=False)
      (bn1): BatchNorm2d(64, eps=1e-05, momentum=0.1, affine=True, track_running_stats=True)
      (conv2): Conv2d(64, 64, kernel_size=(3, 3), stride=(1, 1), padding=(1, 1), bias=False)
      (bn2): BatchNorm2d(64, eps=1e-05, momentum=0.1, affine=True, track_running_stats=True)
      (shortcut): Sequential()
    )
    (2): BasicBlock(
      (conv1): Conv2d(64, 64, kernel_size=(3, 3), stride=(1, 1), padding=(1, 1), bias=False)
      (bn1): BatchNorm2d(64, eps=1e-05, momentum=0.1, affine=True, track_running_stats=True)
      (conv2): Conv2d(64, 64, kernel_size=(3, 3), stride=(1, 1), padding=(1, 1), bias=False)
      (bn2): BatchNorm2d(64, eps=1e-05, momentum=0.1, affine=True, track_running_stats=True)
      (shortcut): Sequential()
    )
  )
  (conv2): Sequential(
    (0): Conv2d(64, 32, kernel_size=(3, 3), stride=(1, 1), padding=(1, 1))
    (1): BatchNorm2d(32, eps=1e-05, momentum=0.1, affine=True, track_running_stats=True)
  )
  (conv3): Sequential(
    (0): Conv2d(32, 16, kernel_size=(3, 3), stride=(1, 1), padding=(1, 1))
    (1): BatchNorm2d(16, eps=1e-05, momentum=0.1, affine=True, track_running_stats=True)
  )
  (conv4): Sequential(
    (0): Conv2d(16, 1, kernel_size=(3, 3), stride=(1, 1), padding=(1, 1))
    (1): BatchNorm2d(1, eps=1e-05, momentum=0.1, affine=True, track_running_stats=True)
  )
)
Epoch  0, trian_loss: 0.0179, trian_mae: 0.1060, trian_mse:0.0366, trian_r2: -9.9604, trian_cc: 0.2152
Epoch  0, val_loss: 0.0072, val_mae: 0.0923, val_mse: 0.0144, val_r2: -25.7022, val_cc: 0.3563
Epoch  1, trian_loss: 0.0047, trian_mae: 0.0695, trian_mse:0.0095, trian_r2: -403.0284, trian_cc: -0.0372
Epoch  1, val_loss: 0.0048, val_mae: 0.0722, val_mse: 0.0096, val_r2: -654.1246, val_cc: -0.0346
Epoch  2, trian_loss: 0.0044, trian_mae: 0.0669, trian_mse:0.0087, trian_r2: -1154.7658, trian_cc: -0.0129
Epoch  2, val_loss: 0.0048, val_mae: 0.0714, val_mse: 0.0096, val_r2: -1016.1249, val_cc: -0.0183
Epoch  3, trian_loss: 0.0043, trian_mae: 0.0668, trian_mse:0.0086, trian_r2: -2482.4728, trian_cc: -0.0062
Epoch  3, val_loss: 0.0048, val_mae: 0.0729, val_mse: 0.0097, val_r2: -3065.0354, val_cc: -0.0106
Epoch  4, trian_loss: 0.0043, trian_mae: 0.0666, trian_mse:0.0087, trian_r2: -4245.2269, trian_cc: 0.0288
Epoch  4, val_loss: 0.0048, val_mae: 0.0719, val_mse: 0.0097, val_r2: -6717.9658, val_cc: 0.0128
Epoch  5, trian_loss: 0.0043, trian_mae: 0.0665, trian_mse:0.0086, trian_r2: -4706.7857, trian_cc: 0.0505
Epoch  5, val_loss: 0.0048, val_mae: 0.0717, val_mse: 0.0097, val_r2: -7155.4759, val_cc: 0.0591
Epoch  6, trian_loss: 0.0043, trian_mae: 0.0664, trian_mse:0.0086, trian_r2: -3120.1549, trian_cc: 0.0690
Epoch  6, val_loss: 0.0048, val_mae: 0.0716, val_mse: 0.0096, val_r2: -3759.2011, val_cc: 0.0733
Epoch  7, trian_loss: 0.0043, trian_mae: 0.0664, trian_mse:0.0086, trian_r2: -2966.2281, trian_cc: 0.0634
Epoch  7, val_loss: 0.0048, val_mae: 0.0713, val_mse: 0.0096, val_r2: -4828.4712, val_cc: 0.0752
Epoch  8, trian_loss: 0.0043, trian_mae: 0.0665, trian_mse:0.0086, trian_r2: -2801.9834, trian_cc: 0.0711
Epoch  8, val_loss: 0.0048, val_mae: 0.0711, val_mse: 0.0096, val_r2: -2798.3914, val_cc: 0.0875
Epoch  9, trian_loss: 0.0043, trian_mae: 0.0663, trian_mse:0.0085, trian_r2: -2809.2589, trian_cc: 0.0906
Epoch  9, val_loss: 0.0048, val_mae: 0.0711, val_mse: 0.0097, val_r2: -2367.4783, val_cc: 0.0988
Epoch 10, trian_loss: 0.0043, trian_mae: 0.0664, trian_mse:0.0086, trian_r2: -2182.5226, trian_cc: 0.0922
Epoch 10, val_loss: 0.0048, val_mae: 0.0706, val_mse: 0.0096, val_r2: -2347.5450, val_cc: 0.0970
Epoch 11, trian_loss: 0.0043, trian_mae: 0.0663, trian_mse:0.0085, trian_r2: -2321.7812, trian_cc: 0.1016
Epoch 11, val_loss: 0.0048, val_mae: 0.0708, val_mse: 0.0096, val_r2: -2216.4750, val_cc: 0.1025
Epoch 12, trian_loss: 0.0042, trian_mae: 0.0661, trian_mse:0.0085, trian_r2: -3140.4759, trian_cc: 0.1033
Epoch 12, val_loss: 0.0048, val_mae: 0.0704, val_mse: 0.0096, val_r2: -1967.6619, val_cc: 0.1043
Epoch 13, trian_loss: 0.0043, trian_mae: 0.0664, trian_mse:0.0086, trian_r2: -2096.3289, trian_cc: 0.0956
Epoch 13, val_loss: 0.0048, val_mae: 0.0704, val_mse: 0.0096, val_r2: -2118.2907, val_cc: 0.1025
Epoch 14, trian_loss: 0.0042, trian_mae: 0.0662, trian_mse:0.0085, trian_r2: -2372.9331, trian_cc: 0.1032
Epoch 14, val_loss: 0.0048, val_mae: 0.0704, val_mse: 0.0096, val_r2: -2326.7887, val_cc: 0.1077
Epoch 15, trian_loss: 0.0043, trian_mae: 0.0662, trian_mse:0.0085, trian_r2: -2773.2249, trian_cc: 0.1045
Epoch 15, val_loss: 0.0048, val_mae: 0.0702, val_mse: 0.0096, val_r2: -1669.8282, val_cc: 0.1094
Epoch 16, trian_loss: 0.0043, trian_mae: 0.0664, trian_mse:0.0085, trian_r2: -1898.7215, trian_cc: 0.0928
Epoch 16, val_loss: 0.0048, val_mae: 0.0704, val_mse: 0.0096, val_r2: -1899.2886, val_cc: 0.1069
Epoch 17, trian_loss: 0.0042, trian_mae: 0.0662, trian_mse:0.0085, trian_r2: -2245.6742, trian_cc: 0.0994
Epoch 17, val_loss: 0.0048, val_mae: 0.0702, val_mse: 0.0096, val_r2: -2053.5485, val_cc: 0.1045
Epoch 18, trian_loss: 0.0043, trian_mae: 0.0662, trian_mse:0.0085, trian_r2: -2674.3812, trian_cc: 0.1051
Epoch 18, val_loss: 0.0048, val_mae: 0.0702, val_mse: 0.0097, val_r2: -1783.3699, val_cc: 0.1044
Epoch 19, trian_loss: 0.0042, trian_mae: 0.0662, trian_mse:0.0085, trian_r2: -1762.1217, trian_cc: 0.1091
Epoch 19, val_loss: 0.0048, val_mae: 0.0699, val_mse: 0.0097, val_r2: -1899.3375, val_cc: 0.1096
Epoch 20, trian_loss: 0.0042, trian_mae: 0.0660, trian_mse:0.0085, trian_r2: -1658.1444, trian_cc: 0.1059
Epoch 20, val_loss: 0.0049, val_mae: 0.0699, val_mse: 0.0097, val_r2: -2158.5290, val_cc: 0.0935
Epoch 21, trian_loss: 0.0042, trian_mae: 0.0661, trian_mse:0.0085, trian_r2: -1975.9285, trian_cc: 0.1068
Epoch 21, val_loss: 0.0048, val_mae: 0.0698, val_mse: 0.0097, val_r2: -2274.3604, val_cc: 0.1043
Epoch 22, trian_loss: 0.0042, trian_mae: 0.0661, trian_mse:0.0085, trian_r2: -2017.6880, trian_cc: 0.1084
Epoch 22, val_loss: 0.0048, val_mae: 0.0698, val_mse: 0.0096, val_r2: -2087.9298, val_cc: 0.1108
Epoch 23, trian_loss: 0.0042, trian_mae: 0.0660, trian_mse:0.0085, trian_r2: -1940.7666, trian_cc: 0.1125
Epoch 23, val_loss: 0.0048, val_mae: 0.0700, val_mse: 0.0097, val_r2: -1894.8042, val_cc: 0.1128
Epoch 24, trian_loss: 0.0042, trian_mae: 0.0661, trian_mse:0.0085, trian_r2: -1556.4449, trian_cc: 0.1098
Epoch 24, val_loss: 0.0048, val_mae: 0.0700, val_mse: 0.0097, val_r2: -1715.1535, val_cc: 0.0922
Epoch 25, trian_loss: 0.0042, trian_mae: 0.0661, trian_mse:0.0085, trian_r2: -1716.6055, trian_cc: 0.1118
Epoch 25, val_loss: 0.0048, val_mae: 0.0698, val_mse: 0.0097, val_r2: -2731.7177, val_cc: 0.1085
Epoch 26, trian_loss: 0.0042, trian_mae: 0.0661, trian_mse:0.0085, trian_r2: -1535.0782, trian_cc: 0.1093
Epoch 26, val_loss: 0.0048, val_mae: 0.0699, val_mse: 0.0097, val_r2: -1827.0948, val_cc: 0.1104
Epoch 27, trian_loss: 0.0042, trian_mae: 0.0660, trian_mse:0.0085, trian_r2: -1647.1617, trian_cc: 0.1136
Epoch 27, val_loss: 0.0048, val_mae: 0.0700, val_mse: 0.0097, val_r2: -2124.2476, val_cc: 0.1092
Epoch 28, trian_loss: 0.0042, trian_mae: 0.0661, trian_mse:0.0085, trian_r2: -2049.3730, trian_cc: 0.1128
Epoch 28, val_loss: 0.0049, val_mae: 0.0706, val_mse: 0.0099, val_r2: -1707.4629, val_cc: 0.1075
Epoch 29, trian_loss: 0.0043, trian_mae: 0.0662, trian_mse:0.0085, trian_r2: -1450.3467, trian_cc: 0.1176
Epoch 29, val_loss: 0.0048, val_mae: 0.0701, val_mse: 0.0097, val_r2: -1652.7850, val_cc: 0.1192
Epoch 30, trian_loss: 0.0042, trian_mae: 0.0660, trian_mse:0.0085, trian_r2: -1394.8156, trian_cc: 0.1213
Epoch 30, val_loss: 0.0048, val_mae: 0.0707, val_mse: 0.0096, val_r2: -1632.4086, val_cc: 0.1219
Epoch 31, trian_loss: 0.0042, trian_mae: 0.0652, trian_mse:0.0083, trian_r2: -1129.6674, trian_cc: 0.2474
Epoch 31, val_loss: 0.0047, val_mae: 0.0698, val_mse: 0.0094, val_r2: -1019.9020, val_cc: 0.2235
Epoch 32, trian_loss: 0.0040, trian_mae: 0.0645, trian_mse:0.0080, trian_r2: -998.9873, trian_cc: 0.3631
Epoch 32, val_loss: 0.0044, val_mae: 0.0681, val_mse: 0.0088, val_r2: -437.3233, val_cc: 0.3739
Epoch 33, trian_loss: 0.0039, trian_mae: 0.0638, trian_mse:0.0079, trian_r2: -599.0238, trian_cc: 0.3926
Epoch 33, val_loss: 0.0043, val_mae: 0.0668, val_mse: 0.0086, val_r2: -691.7848, val_cc: 0.4486
Epoch 34, trian_loss: 0.0040, trian_mae: 0.0643, trian_mse:0.0080, trian_r2: -822.8403, trian_cc: 0.3242
Epoch 34, val_loss: 0.0044, val_mae: 0.0686, val_mse: 0.0089, val_r2: -800.5706, val_cc: 0.2887
Epoch 35, trian_loss: 0.0042, trian_mae: 0.0665, trian_mse:0.0085, trian_r2: -1367.2705, trian_cc: 0.1640
Epoch 35, val_loss: 0.0047, val_mae: 0.0701, val_mse: 0.0094, val_r2: -1859.8791, val_cc: 0.2544
Epoch 36, trian_loss: 0.0041, trian_mae: 0.0656, trian_mse:0.0083, trian_r2: -1425.3942, trian_cc: 0.2579
Epoch 36, val_loss: 0.0047, val_mae: 0.0712, val_mse: 0.0095, val_r2: -1438.7742, val_cc: 0.2234
Epoch 37, trian_loss: 0.0042, trian_mae: 0.0657, trian_mse:0.0084, trian_r2: -1450.0446, trian_cc: 0.2360
Epoch 37, val_loss: 0.0047, val_mae: 0.0707, val_mse: 0.0095, val_r2: -1260.5202, val_cc: 0.2826
Epoch 38, trian_loss: 0.0041, trian_mae: 0.0645, trian_mse:0.0082, trian_r2: -938.5952, trian_cc: 0.3256
Epoch 38, val_loss: 0.0045, val_mae: 0.0664, val_mse: 0.0090, val_r2: -1567.1538, val_cc: 0.3475
Epoch 39, trian_loss: 0.0040, trian_mae: 0.0639, trian_mse:0.0080, trian_r2: -1093.1774, trian_cc: 0.3467
Epoch 39, val_loss: 0.0045, val_mae: 0.0677, val_mse: 0.0091, val_r2: -1261.9691, val_cc: 0.3339
Epoch 40, trian_loss: 0.0040, trian_mae: 0.0639, trian_mse:0.0079, trian_r2: -824.0287, trian_cc: 0.3744
Epoch 40, val_loss: 0.0044, val_mae: 0.0662, val_mse: 0.0088, val_r2: -648.6045, val_cc: 0.4066
Epoch 41, trian_loss: 0.0040, trian_mae: 0.0642, trian_mse:0.0079, trian_r2: -721.9165, trian_cc: 0.3501
Epoch 41, val_loss: 0.0046, val_mae: 0.0669, val_mse: 0.0091, val_r2: -315.2943, val_cc: 0.3318
Epoch 42, trian_loss: 0.0039, trian_mae: 0.0631, trian_mse:0.0078, trian_r2: -482.8535, trian_cc: 0.4039
Epoch 42, val_loss: 0.0045, val_mae: 0.0670, val_mse: 0.0091, val_r2: -412.7430, val_cc: 0.4391
Epoch 43, trian_loss: 0.0039, trian_mae: 0.0640, trian_mse:0.0079, trian_r2: -489.7040, trian_cc: 0.3957
Epoch 43, val_loss: 0.0044, val_mae: 0.0655, val_mse: 0.0089, val_r2: -282.4759, val_cc: 0.4176
Epoch 44, trian_loss: 0.0039, trian_mae: 0.0641, trian_mse:0.0079, trian_r2: -794.0084, trian_cc: 0.3904
Epoch 44, val_loss: 0.0045, val_mae: 0.0675, val_mse: 0.0089, val_r2: -850.3390, val_cc: 0.3403
Epoch 45, trian_loss: 0.0040, trian_mae: 0.0647, trian_mse:0.0081, trian_r2: -1014.3151, trian_cc: 0.3129
Epoch 45, val_loss: 0.0046, val_mae: 0.0675, val_mse: 0.0092, val_r2: -561.4610, val_cc: 0.2985
Epoch 46, trian_loss: 0.0040, trian_mae: 0.0640, trian_mse:0.0079, trian_r2: -1058.8421, trian_cc: 0.3419
Epoch 46, val_loss: 0.0046, val_mae: 0.0663, val_mse: 0.0092, val_r2: -653.1306, val_cc: 0.4368
Epoch 47, trian_loss: 0.0039, trian_mae: 0.0632, trian_mse:0.0078, trian_r2: -839.8109, trian_cc: 0.3945
Epoch 47, val_loss: 0.0047, val_mae: 0.0665, val_mse: 0.0093, val_r2: -376.7562, val_cc: 0.4181
Epoch 48, trian_loss: 0.0039, trian_mae: 0.0637, trian_mse:0.0078, trian_r2: -605.0151, trian_cc: 0.3899
Epoch 48, val_loss: 0.0044, val_mae: 0.0659, val_mse: 0.0088, val_r2: -651.2611, val_cc: 0.4416
Epoch 49, trian_loss: 0.0038, trian_mae: 0.0631, trian_mse:0.0077, trian_r2: -707.7683, trian_cc: 0.4283
Epoch 49, val_loss: 0.0048, val_mae: 0.0673, val_mse: 0.0097, val_r2: -269.4224, val_cc: 0.4063
Epoch 50, trian_loss: 0.0039, trian_mae: 0.0631, trian_mse:0.0077, trian_r2: -840.7632, trian_cc: 0.4222
Epoch 50, val_loss: 0.0045, val_mae: 0.0660, val_mse: 0.0090, val_r2: -454.6531, val_cc: 0.4098
Epoch 51, trian_loss: 0.0039, trian_mae: 0.0639, trian_mse:0.0078, trian_r2: -761.9804, trian_cc: 0.4051
Epoch 51, val_loss: 0.0044, val_mae: 0.0657, val_mse: 0.0087, val_r2: -525.7724, val_cc: 0.4344
Epoch 52, trian_loss: 0.0039, trian_mae: 0.0636, trian_mse:0.0078, trian_r2: -640.3278, trian_cc: 0.3821
Epoch 52, val_loss: 0.0044, val_mae: 0.0663, val_mse: 0.0087, val_r2: -571.3116, val_cc: 0.4126
Epoch 53, trian_loss: 0.0038, trian_mae: 0.0625, trian_mse:0.0076, trian_r2: -820.7775, trian_cc: 0.4314
Epoch 53, val_loss: 0.0043, val_mae: 0.0658, val_mse: 0.0087, val_r2: -770.7112, val_cc: 0.4504
Epoch 54, trian_loss: 0.0039, trian_mae: 0.0630, trian_mse:0.0077, trian_r2: -532.3546, trian_cc: 0.4167
Epoch 54, val_loss: 0.0044, val_mae: 0.0664, val_mse: 0.0088, val_r2: -499.0880, val_cc: 0.4003
Epoch 55, trian_loss: 0.0039, trian_mae: 0.0630, trian_mse:0.0077, trian_r2: -495.6656, trian_cc: 0.4312
Epoch 55, val_loss: 0.0044, val_mae: 0.0657, val_mse: 0.0088, val_r2: -461.7266, val_cc: 0.4368
Epoch 56, trian_loss: 0.0040, trian_mae: 0.0645, trian_mse:0.0080, trian_r2: -636.2642, trian_cc: 0.3403
Epoch 56, val_loss: 0.0044, val_mae: 0.0693, val_mse: 0.0088, val_r2: -504.0220, val_cc: 0.4110
Epoch 57, trian_loss: 0.0038, trian_mae: 0.0631, trian_mse:0.0077, trian_r2: -529.5824, trian_cc: 0.4132
Epoch 57, val_loss: 0.0044, val_mae: 0.0659, val_mse: 0.0089, val_r2: -390.5701, val_cc: 0.4326
Epoch 58, trian_loss: 0.0039, trian_mae: 0.0637, trian_mse:0.0079, trian_r2: -522.9320, trian_cc: 0.3806
Epoch 58, val_loss: 0.0044, val_mae: 0.0673, val_mse: 0.0087, val_r2: -828.1630, val_cc: 0.4209
Epoch 59, trian_loss: 0.0039, trian_mae: 0.0631, trian_mse:0.0077, trian_r2: -443.7473, trian_cc: 0.4037
Epoch 59, val_loss: 0.0044, val_mae: 0.0704, val_mse: 0.0089, val_r2: -757.0486, val_cc: 0.3750
Epoch 60, trian_loss: 0.0038, trian_mae: 0.0630, trian_mse:0.0077, trian_r2: -460.4465, trian_cc: 0.4111
Epoch 60, val_loss: 0.0044, val_mae: 0.0675, val_mse: 0.0087, val_r2: -921.5266, val_cc: 0.4408
Epoch 61, trian_loss: 0.0039, trian_mae: 0.0632, trian_mse:0.0078, trian_r2: -443.9419, trian_cc: 0.4092
Epoch 61, val_loss: 0.0044, val_mae: 0.0668, val_mse: 0.0089, val_r2: -879.2289, val_cc: 0.4420
Epoch 62, trian_loss: 0.0038, trian_mae: 0.0627, trian_mse:0.0077, trian_r2: -695.0884, trian_cc: 0.4247
Epoch 62, val_loss: 0.0043, val_mae: 0.0658, val_mse: 0.0087, val_r2: -374.2686, val_cc: 0.4195
Epoch 63, trian_loss: 0.0039, trian_mae: 0.0632, trian_mse:0.0077, trian_r2: -513.4525, trian_cc: 0.4304
Epoch 63, val_loss: 0.0043, val_mae: 0.0666, val_mse: 0.0086, val_r2: -632.8960, val_cc: 0.4420
Epoch 64, trian_loss: 0.0038, trian_mae: 0.0631, trian_mse:0.0077, trian_r2: -427.2989, trian_cc: 0.4235
Epoch 64, val_loss: 0.0044, val_mae: 0.0686, val_mse: 0.0087, val_r2: -676.4502, val_cc: 0.4079
Epoch 65, trian_loss: 0.0038, trian_mae: 0.0626, trian_mse:0.0076, trian_r2: -390.1618, trian_cc: 0.4251
Epoch 65, val_loss: 0.0044, val_mae: 0.0686, val_mse: 0.0088, val_r2: -1072.7404, val_cc: 0.4270
Epoch 66, trian_loss: 0.0038, trian_mae: 0.0628, trian_mse:0.0076, trian_r2: -271.4318, trian_cc: 0.4277
Epoch 66, val_loss: 0.0044, val_mae: 0.0678, val_mse: 0.0087, val_r2: -511.9089, val_cc: 0.4312
Epoch 67, trian_loss: 0.0038, trian_mae: 0.0625, trian_mse:0.0076, trian_r2: -400.8435, trian_cc: 0.4210
Epoch 67, val_loss: 0.0043, val_mae: 0.0674, val_mse: 0.0086, val_r2: -638.7413, val_cc: 0.4275
Epoch 68, trian_loss: 0.0038, trian_mae: 0.0625, trian_mse:0.0076, trian_r2: -358.4733, trian_cc: 0.4243
Epoch 68, val_loss: 0.0043, val_mae: 0.0658, val_mse: 0.0085, val_r2: -435.3882, val_cc: 0.4420
Epoch 69, trian_loss: 0.0038, trian_mae: 0.0626, trian_mse:0.0076, trian_r2: -365.1589, trian_cc: 0.4181
Epoch 69, val_loss: 0.0044, val_mae: 0.0670, val_mse: 0.0088, val_r2: -341.3832, val_cc: 0.4123
Epoch 70, trian_loss: 0.0038, trian_mae: 0.0627, trian_mse:0.0076, trian_r2: -319.7463, trian_cc: 0.4304
Epoch 70, val_loss: 0.0043, val_mae: 0.0666, val_mse: 0.0087, val_r2: -418.2823, val_cc: 0.4417
Epoch 71, trian_loss: 0.0038, trian_mae: 0.0624, trian_mse:0.0075, trian_r2: -336.1059, trian_cc: 0.4316
Epoch 71, val_loss: 0.0043, val_mae: 0.0661, val_mse: 0.0086, val_r2: -365.5397, val_cc: 0.4383
Epoch 72, trian_loss: 0.0038, trian_mae: 0.0622, trian_mse:0.0075, trian_r2: -359.0008, trian_cc: 0.4204
Epoch 72, val_loss: 0.0043, val_mae: 0.0662, val_mse: 0.0086, val_r2: -284.8757, val_cc: 0.4519
Epoch 73, trian_loss: 0.0038, trian_mae: 0.0624, trian_mse:0.0075, trian_r2: -235.5041, trian_cc: 0.4225
Epoch 73, val_loss: 0.0043, val_mae: 0.0659, val_mse: 0.0085, val_r2: -410.7511, val_cc: 0.4355
Epoch 74, trian_loss: 0.0038, trian_mae: 0.0628, trian_mse:0.0076, trian_r2: -266.3694, trian_cc: 0.4253
Epoch 74, val_loss: 0.0043, val_mae: 0.0682, val_mse: 0.0086, val_r2: -278.2878, val_cc: 0.4058
Epoch 75, trian_loss: 0.0038, trian_mae: 0.0631, trian_mse:0.0077, trian_r2: -257.8593, trian_cc: 0.4005
Epoch 75, val_loss: 0.0043, val_mae: 0.0678, val_mse: 0.0085, val_r2: -410.8961, val_cc: 0.4137
Epoch 76, trian_loss: 0.0038, trian_mae: 0.0625, trian_mse:0.0075, trian_r2: -204.0088, trian_cc: 0.4162
Epoch 76, val_loss: 0.0043, val_mae: 0.0689, val_mse: 0.0086, val_r2: -241.1170, val_cc: 0.4055
Epoch 77, trian_loss: 0.0038, trian_mae: 0.0625, trian_mse:0.0076, trian_r2: -187.0580, trian_cc: 0.4115
Epoch 77, val_loss: 0.0042, val_mae: 0.0680, val_mse: 0.0085, val_r2: -237.7996, val_cc: 0.4279
Epoch 78, trian_loss: 0.0037, trian_mae: 0.0622, trian_mse:0.0075, trian_r2: -181.7291, trian_cc: 0.4278
Epoch 78, val_loss: 0.0042, val_mae: 0.0668, val_mse: 0.0084, val_r2: -286.6350, val_cc: 0.4342
Epoch 79, trian_loss: 0.0037, trian_mae: 0.0619, trian_mse:0.0074, trian_r2: -219.8024, trian_cc: 0.4384
Epoch 79, val_loss: 0.0042, val_mae: 0.0659, val_mse: 0.0084, val_r2: -295.7440, val_cc: 0.4270
Epoch 80, trian_loss: 0.0037, trian_mae: 0.0621, trian_mse:0.0075, trian_r2: -270.6448, trian_cc: 0.4266
Epoch 80, val_loss: 0.0042, val_mae: 0.0672, val_mse: 0.0084, val_r2: -475.6685, val_cc: 0.4225
Epoch 81, trian_loss: 0.0038, trian_mae: 0.0626, trian_mse:0.0076, trian_r2: -176.1162, trian_cc: 0.4008
Epoch 81, val_loss: 0.0042, val_mae: 0.0655, val_mse: 0.0085, val_r2: -287.8045, val_cc: 0.4206
Epoch 82, trian_loss: 0.0037, trian_mae: 0.0616, trian_mse:0.0074, trian_r2: -195.9630, trian_cc: 0.4324
Epoch 82, val_loss: 0.0042, val_mae: 0.0651, val_mse: 0.0085, val_r2: -215.7709, val_cc: 0.4245
Epoch 83, trian_loss: 0.0037, trian_mae: 0.0613, trian_mse:0.0074, trian_r2: -151.0318, trian_cc: 0.4241
Epoch 83, val_loss: 0.0043, val_mae: 0.0679, val_mse: 0.0086, val_r2: -355.8174, val_cc: 0.4173
Epoch 84, trian_loss: 0.0037, trian_mae: 0.0616, trian_mse:0.0074, trian_r2: -123.8244, trian_cc: 0.4244
Epoch 84, val_loss: 0.0041, val_mae: 0.0648, val_mse: 0.0083, val_r2: -162.6993, val_cc: 0.4404
Epoch 85, trian_loss: 0.0037, trian_mae: 0.0615, trian_mse:0.0073, trian_r2: -112.7166, trian_cc: 0.4389
Epoch 85, val_loss: 0.0042, val_mae: 0.0645, val_mse: 0.0083, val_r2: -235.7808, val_cc: 0.4398
Epoch 86, trian_loss: 0.0036, trian_mae: 0.0599, trian_mse:0.0071, trian_r2: -119.6891, trian_cc: 0.4584
Epoch 86, val_loss: 0.0040, val_mae: 0.0633, val_mse: 0.0080, val_r2: -55.9681, val_cc: 0.4618
Epoch 87, trian_loss: 0.0035, trian_mae: 0.0588, trian_mse:0.0069, trian_r2: -75.5923, trian_cc: 0.4838
Epoch 87, val_loss: 0.0041, val_mae: 0.0628, val_mse: 0.0082, val_r2: -26.2271, val_cc: 0.4726
Epoch 88, trian_loss: 0.0034, trian_mae: 0.0579, trian_mse:0.0068, trian_r2: -47.9279, trian_cc: 0.4980
Epoch 88, val_loss: 0.0040, val_mae: 0.0634, val_mse: 0.0081, val_r2: -38.2599, val_cc: 0.4642
Epoch 89, trian_loss: 0.0033, trian_mae: 0.0572, trian_mse:0.0067, trian_r2: -44.5988, trian_cc: 0.5006
Epoch 89, val_loss: 0.0041, val_mae: 0.0628, val_mse: 0.0081, val_r2: -26.2721, val_cc: 0.4769
Epoch 90, trian_loss: 0.0033, trian_mae: 0.0568, trian_mse:0.0066, trian_r2: -33.1919, trian_cc: 0.5097
Epoch 90, val_loss: 0.0041, val_mae: 0.0613, val_mse: 0.0082, val_r2: -28.8393, val_cc: 0.4871
Epoch 91, trian_loss: 0.0032, trian_mae: 0.0556, trian_mse:0.0064, trian_r2: -27.8639, trian_cc: 0.5249
Epoch 91, val_loss: 0.0040, val_mae: 0.0622, val_mse: 0.0080, val_r2: -20.8999, val_cc: 0.4938
Epoch 92, trian_loss: 0.0032, trian_mae: 0.0559, trian_mse:0.0064, trian_r2: -28.5038, trian_cc: 0.5227
Epoch 92, val_loss: 0.0041, val_mae: 0.0614, val_mse: 0.0081, val_r2: -14.3439, val_cc: 0.4944
Epoch 93, trian_loss: 0.0032, trian_mae: 0.0561, trian_mse:0.0064, trian_r2: -30.3153, trian_cc: 0.5268
Epoch 93, val_loss: 0.0040, val_mae: 0.0612, val_mse: 0.0079, val_r2: -18.6997, val_cc: 0.5015
Epoch 94, trian_loss: 0.0032, trian_mae: 0.0556, trian_mse:0.0063, trian_r2: -27.1504, trian_cc: 0.5239
Epoch 94, val_loss: 0.0040, val_mae: 0.0623, val_mse: 0.0081, val_r2: -13.8720, val_cc: 0.4965
Epoch 95, trian_loss: 0.0032, trian_mae: 0.0552, trian_mse:0.0063, trian_r2: -26.2050, trian_cc: 0.5326
Epoch 95, val_loss: 0.0039, val_mae: 0.0610, val_mse: 0.0078, val_r2: -11.7758, val_cc: 0.5061
Epoch 96, trian_loss: 0.0031, trian_mae: 0.0551, trian_mse:0.0063, trian_r2: -19.8524, trian_cc: 0.5282
Epoch 96, val_loss: 0.0039, val_mae: 0.0607, val_mse: 0.0077, val_r2: -19.4925, val_cc: 0.5107
Epoch 97, trian_loss: 0.0031, trian_mae: 0.0549, trian_mse:0.0062, trian_r2: -26.8801, trian_cc: 0.5359
Epoch 97, val_loss: 0.0039, val_mae: 0.0611, val_mse: 0.0078, val_r2: -17.4151, val_cc: 0.5102
Epoch 98, trian_loss: 0.0031, trian_mae: 0.0545, trian_mse:0.0062, trian_r2: -20.1588, trian_cc: 0.5363
Epoch 98, val_loss: 0.0038, val_mae: 0.0613, val_mse: 0.0077, val_r2: -13.8386, val_cc: 0.5126
Epoch 99, trian_loss: 0.0031, trian_mae: 0.0542, trian_mse:0.0061, trian_r2: -13.7841, trian_cc: 0.5398
Epoch 99, val_loss: 0.0039, val_mae: 0.0604, val_mse: 0.0078, val_r2: -13.3486, val_cc: 0.5119
