Trian Data: 515   Validation Data: 172  Test Data: 172
model ResNet_2D(
  (conv1): Sequential(
    (0): Conv2d(100, 64, kernel_size=(3, 3), stride=(1, 1), padding=(1, 1), bias=False)
    (1): BatchNorm2d(64, eps=1e-05, momentum=0.1, affine=True, track_running_stats=True)
  )
  (layer1): Sequential(
    (0): BasicBlock(
      (conv1): Conv2d(64, 64, kernel_size=(3, 3), stride=(1, 1), padding=(1, 1), bias=False)
      (bn1): BatchNorm2d(64, eps=1e-05, momentum=0.1, affine=True, track_running_stats=True)
      (conv2): Conv2d(64, 64, kernel_size=(3, 3), stride=(1, 1), padding=(1, 1), bias=False)
      (bn2): BatchNorm2d(64, eps=1e-05, momentum=0.1, affine=True, track_running_stats=True)
      (shortcut): Sequential()
    )
    (1): BasicBlock(
      (conv1): Conv2d(64, 64, kernel_size=(3, 3), stride=(1, 1), padding=(1, 1), bias=False)
      (bn1): BatchNorm2d(64, eps=1e-05, momentum=0.1, affine=True, track_running_stats=True)
      (conv2): Conv2d(64, 64, kernel_size=(3, 3), stride=(1, 1), padding=(1, 1), bias=False)
      (bn2): BatchNorm2d(64, eps=1e-05, momentum=0.1, affine=True, track_running_stats=True)
      (shortcut): Sequential()
    )
  )
  (layer2): Sequential(
    (0): BasicBlock(
      (conv1): Conv2d(64, 64, kernel_size=(3, 3), stride=(1, 1), padding=(1, 1), bias=False)
      (bn1): BatchNorm2d(64, eps=1e-05, momentum=0.1, affine=True, track_running_stats=True)
      (conv2): Conv2d(64, 64, kernel_size=(3, 3), stride=(1, 1), padding=(1, 1), bias=False)
      (bn2): BatchNorm2d(64, eps=1e-05, momentum=0.1, affine=True, track_running_stats=True)
      (shortcut): Sequential()
    )
    (1): BasicBlock(
      (conv1): Conv2d(64, 64, kernel_size=(3, 3), stride=(1, 1), padding=(1, 1), bias=False)
      (bn1): BatchNorm2d(64, eps=1e-05, momentum=0.1, affine=True, track_running_stats=True)
      (conv2): Conv2d(64, 64, kernel_size=(3, 3), stride=(1, 1), padding=(1, 1), bias=False)
      (bn2): BatchNorm2d(64, eps=1e-05, momentum=0.1, affine=True, track_running_stats=True)
      (shortcut): Sequential()
    )
  )
  (layer3): Sequential(
    (0): BasicBlock(
      (conv1): Conv2d(64, 64, kernel_size=(3, 3), stride=(1, 1), padding=(1, 1), bias=False)
      (bn1): BatchNorm2d(64, eps=1e-05, momentum=0.1, affine=True, track_running_stats=True)
      (conv2): Conv2d(64, 64, kernel_size=(3, 3), stride=(1, 1), padding=(1, 1), bias=False)
      (bn2): BatchNorm2d(64, eps=1e-05, momentum=0.1, affine=True, track_running_stats=True)
      (shortcut): Sequential()
    )
    (1): BasicBlock(
      (conv1): Conv2d(64, 64, kernel_size=(3, 3), stride=(1, 1), padding=(1, 1), bias=False)
      (bn1): BatchNorm2d(64, eps=1e-05, momentum=0.1, affine=True, track_running_stats=True)
      (conv2): Conv2d(64, 64, kernel_size=(3, 3), stride=(1, 1), padding=(1, 1), bias=False)
      (bn2): BatchNorm2d(64, eps=1e-05, momentum=0.1, affine=True, track_running_stats=True)
      (shortcut): Sequential()
    )
  )
  (layer4): Sequential(
    (0): BasicBlock(
      (conv1): Conv2d(64, 64, kernel_size=(3, 3), stride=(1, 1), padding=(1, 1), bias=False)
      (bn1): BatchNorm2d(64, eps=1e-05, momentum=0.1, affine=True, track_running_stats=True)
      (conv2): Conv2d(64, 64, kernel_size=(3, 3), stride=(1, 1), padding=(1, 1), bias=False)
      (bn2): BatchNorm2d(64, eps=1e-05, momentum=0.1, affine=True, track_running_stats=True)
      (shortcut): Sequential()
    )
    (1): BasicBlock(
      (conv1): Conv2d(64, 64, kernel_size=(3, 3), stride=(1, 1), padding=(1, 1), bias=False)
      (bn1): BatchNorm2d(64, eps=1e-05, momentum=0.1, affine=True, track_running_stats=True)
      (conv2): Conv2d(64, 64, kernel_size=(3, 3), stride=(1, 1), padding=(1, 1), bias=False)
      (bn2): BatchNorm2d(64, eps=1e-05, momentum=0.1, affine=True, track_running_stats=True)
      (shortcut): Sequential()
    )
    (2): BasicBlock(
      (conv1): Conv2d(64, 64, kernel_size=(3, 3), stride=(1, 1), padding=(1, 1), bias=False)
      (bn1): BatchNorm2d(64, eps=1e-05, momentum=0.1, affine=True, track_running_stats=True)
      (conv2): Conv2d(64, 64, kernel_size=(3, 3), stride=(1, 1), padding=(1, 1), bias=False)
      (bn2): BatchNorm2d(64, eps=1e-05, momentum=0.1, affine=True, track_running_stats=True)
      (shortcut): Sequential()
    )
  )
  (conv2): Sequential(
    (0): Conv2d(64, 32, kernel_size=(3, 3), stride=(1, 1), padding=(1, 1))
    (1): BatchNorm2d(32, eps=1e-05, momentum=0.1, affine=True, track_running_stats=True)
  )
  (conv3): Sequential(
    (0): Conv2d(32, 16, kernel_size=(3, 3), stride=(1, 1), padding=(1, 1))
    (1): BatchNorm2d(16, eps=1e-05, momentum=0.1, affine=True, track_running_stats=True)
  )
  (conv4): Sequential(
    (0): Conv2d(16, 1, kernel_size=(3, 3), stride=(1, 1), padding=(1, 1))
    (1): BatchNorm2d(1, eps=1e-05, momentum=0.1, affine=True, track_running_stats=True)
  )
)
Epoch  0, trian_loss: 0.0110, trian_mae: 0.0924, trian_mse:0.0224, trian_r2: -19.2607, trian_cc: 0.0113
Epoch  0, val_loss: 0.0057, val_mae: 0.0738, val_mse: 0.0114, val_r2: -58.6818, val_cc: 0.0319
Epoch  1, trian_loss: 0.0046, trian_mae: 0.0687, trian_mse:0.0093, trian_r2: -747.6658, trian_cc: -0.0334
Epoch  1, val_loss: 0.0048, val_mae: 0.0720, val_mse: 0.0097, val_r2: -910.4158, val_cc: -0.0437
Epoch  2, trian_loss: 0.0043, trian_mae: 0.0666, trian_mse:0.0087, trian_r2: -3192.0155, trian_cc: -0.0261
Epoch  2, val_loss: 0.0048, val_mae: 0.0716, val_mse: 0.0096, val_r2: -3309.2871, val_cc: -0.0253
Epoch  3, trian_loss: 0.0043, trian_mae: 0.0664, trian_mse:0.0086, trian_r2: -8329.5048, trian_cc: -0.0120
Epoch  3, val_loss: 0.0048, val_mae: 0.0711, val_mse: 0.0096, val_r2: -7827.5893, val_cc: -0.0057
Epoch  4, trian_loss: 0.0043, trian_mae: 0.0662, trian_mse:0.0085, trian_r2: -6851.5700, trian_cc: 0.0246
Epoch  4, val_loss: 0.0049, val_mae: 0.0727, val_mse: 0.0097, val_r2: -7526.7527, val_cc: -0.0194
Epoch  5, trian_loss: 0.0043, trian_mae: 0.0662, trian_mse:0.0085, trian_r2: -5452.0592, trian_cc: 0.0346
Epoch  5, val_loss: 0.0048, val_mae: 0.0705, val_mse: 0.0096, val_r2: -6173.3751, val_cc: 0.0377
Epoch  6, trian_loss: 0.0043, trian_mae: 0.0663, trian_mse:0.0085, trian_r2: -4621.1610, trian_cc: 0.0485
Epoch  6, val_loss: 0.0048, val_mae: 0.0707, val_mse: 0.0096, val_r2: -10221.4510, val_cc: 0.0631
Epoch  7, trian_loss: 0.0043, trian_mae: 0.0662, trian_mse:0.0085, trian_r2: -6201.1721, trian_cc: 0.0678
Epoch  7, val_loss: 0.0048, val_mae: 0.0704, val_mse: 0.0096, val_r2: -5865.9607, val_cc: 0.0691
Epoch  8, trian_loss: 0.0043, trian_mae: 0.0662, trian_mse:0.0085, trian_r2: -4052.7830, trian_cc: 0.0764
Epoch  8, val_loss: 0.0048, val_mae: 0.0702, val_mse: 0.0097, val_r2: -4250.2706, val_cc: 0.0806
Epoch  9, trian_loss: 0.0043, trian_mae: 0.0665, trian_mse:0.0086, trian_r2: -3846.2298, trian_cc: 0.0757
Epoch  9, val_loss: 0.0048, val_mae: 0.0706, val_mse: 0.0096, val_r2: -7206.0979, val_cc: 0.0628
Epoch 10, trian_loss: 0.0043, trian_mae: 0.0663, trian_mse:0.0085, trian_r2: -4015.2859, trian_cc: 0.0846
Epoch 10, val_loss: 0.0048, val_mae: 0.0705, val_mse: 0.0097, val_r2: -2599.5549, val_cc: 0.0741
Epoch 11, trian_loss: 0.0043, trian_mae: 0.0663, trian_mse:0.0085, trian_r2: -3670.8598, trian_cc: 0.0833
Epoch 11, val_loss: 0.0048, val_mae: 0.0702, val_mse: 0.0097, val_r2: -5935.9199, val_cc: 0.0948
Epoch 12, trian_loss: 0.0042, trian_mae: 0.0662, trian_mse:0.0085, trian_r2: -3715.3581, trian_cc: 0.0944
Epoch 12, val_loss: 0.0048, val_mae: 0.0700, val_mse: 0.0097, val_r2: -4743.6266, val_cc: 0.0980
Epoch 13, trian_loss: 0.0043, trian_mae: 0.0662, trian_mse:0.0085, trian_r2: -2589.1983, trian_cc: 0.0903
Epoch 13, val_loss: 0.0048, val_mae: 0.0708, val_mse: 0.0097, val_r2: -3617.2572, val_cc: 0.0917
Epoch 14, trian_loss: 0.0043, trian_mae: 0.0663, trian_mse:0.0085, trian_r2: -3572.7062, trian_cc: 0.0927
Epoch 14, val_loss: 0.0048, val_mae: 0.0699, val_mse: 0.0097, val_r2: -3391.1415, val_cc: 0.0978
Epoch 15, trian_loss: 0.0042, trian_mae: 0.0661, trian_mse:0.0085, trian_r2: -3588.9367, trian_cc: 0.0977
Epoch 15, val_loss: 0.0048, val_mae: 0.0700, val_mse: 0.0096, val_r2: -3536.3294, val_cc: 0.0962
Epoch 16, trian_loss: 0.0043, trian_mae: 0.0663, trian_mse:0.0085, trian_r2: -3680.3789, trian_cc: 0.1002
Epoch 16, val_loss: 0.0048, val_mae: 0.0700, val_mse: 0.0097, val_r2: -2674.0278, val_cc: 0.1043
Epoch 17, trian_loss: 0.0043, trian_mae: 0.0663, trian_mse:0.0085, trian_r2: -2528.7192, trian_cc: 0.0985
Epoch 17, val_loss: 0.0048, val_mae: 0.0699, val_mse: 0.0096, val_r2: -3348.0846, val_cc: 0.1005
Epoch 18, trian_loss: 0.0043, trian_mae: 0.0662, trian_mse:0.0085, trian_r2: -3144.5287, trian_cc: 0.1010
Epoch 18, val_loss: 0.0048, val_mae: 0.0701, val_mse: 0.0096, val_r2: -2782.5792, val_cc: 0.1079
Epoch 19, trian_loss: 0.0042, trian_mae: 0.0660, trian_mse:0.0085, trian_r2: -2697.3514, trian_cc: 0.1044
Epoch 19, val_loss: 0.0048, val_mae: 0.0695, val_mse: 0.0097, val_r2: -3705.3441, val_cc: 0.1082
Epoch 20, trian_loss: 0.0042, trian_mae: 0.0659, trian_mse:0.0085, trian_r2: -2774.9376, trian_cc: 0.1083
Epoch 20, val_loss: 0.0048, val_mae: 0.0701, val_mse: 0.0097, val_r2: -2797.4343, val_cc: 0.1061
Epoch 21, trian_loss: 0.0042, trian_mae: 0.0661, trian_mse:0.0085, trian_r2: -2525.5490, trian_cc: 0.1072
Epoch 21, val_loss: 0.0048, val_mae: 0.0702, val_mse: 0.0096, val_r2: -3708.2058, val_cc: 0.1071
Epoch 22, trian_loss: 0.0042, trian_mae: 0.0662, trian_mse:0.0085, trian_r2: -2180.9006, trian_cc: 0.1024
Epoch 22, val_loss: 0.0048, val_mae: 0.0701, val_mse: 0.0097, val_r2: -2130.1956, val_cc: 0.1058
Epoch 23, trian_loss: 0.0042, trian_mae: 0.0662, trian_mse:0.0085, trian_r2: -1763.2666, trian_cc: 0.1095
Epoch 23, val_loss: 0.0048, val_mae: 0.0700, val_mse: 0.0097, val_r2: -2222.5730, val_cc: 0.1037
Epoch 24, trian_loss: 0.0042, trian_mae: 0.0661, trian_mse:0.0085, trian_r2: -2011.9392, trian_cc: 0.1046
Epoch 24, val_loss: 0.0048, val_mae: 0.0698, val_mse: 0.0097, val_r2: -1992.9271, val_cc: 0.1082
Epoch 25, trian_loss: 0.0042, trian_mae: 0.0660, trian_mse:0.0085, trian_r2: -2116.2697, trian_cc: 0.1041
Epoch 25, val_loss: 0.0048, val_mae: 0.0700, val_mse: 0.0096, val_r2: -4034.6070, val_cc: 0.0990
Epoch 26, trian_loss: 0.0042, trian_mae: 0.0661, trian_mse:0.0085, trian_r2: -2160.7924, trian_cc: 0.1033
Epoch 26, val_loss: 0.0048, val_mae: 0.0698, val_mse: 0.0097, val_r2: -2336.5929, val_cc: 0.1069
Epoch 27, trian_loss: 0.0042, trian_mae: 0.0660, trian_mse:0.0085, trian_r2: -1779.7633, trian_cc: 0.1053
Epoch 27, val_loss: 0.0048, val_mae: 0.0700, val_mse: 0.0097, val_r2: -2342.9020, val_cc: 0.1079
Epoch 28, trian_loss: 0.0042, trian_mae: 0.0662, trian_mse:0.0085, trian_r2: -1901.8475, trian_cc: 0.1068
Epoch 28, val_loss: 0.0048, val_mae: 0.0699, val_mse: 0.0097, val_r2: -2082.4648, val_cc: 0.1013
Epoch 29, trian_loss: 0.0042, trian_mae: 0.0660, trian_mse:0.0085, trian_r2: -1600.6293, trian_cc: 0.1018
Epoch 29, val_loss: 0.0048, val_mae: 0.0698, val_mse: 0.0097, val_r2: -1308.5772, val_cc: 0.0957
Epoch 30, trian_loss: 0.0042, trian_mae: 0.0659, trian_mse:0.0085, trian_r2: -1082.6947, trian_cc: 0.0954
Epoch 30, val_loss: 0.0048, val_mae: 0.0699, val_mse: 0.0097, val_r2: -1421.8607, val_cc: 0.0981
Epoch 31, trian_loss: 0.0042, trian_mae: 0.0660, trian_mse:0.0085, trian_r2: -804.1732, trian_cc: 0.0908
Epoch 31, val_loss: 0.0048, val_mae: 0.0698, val_mse: 0.0096, val_r2: -838.2065, val_cc: 0.1096
Epoch 32, trian_loss: 0.0042, trian_mae: 0.0661, trian_mse:0.0085, trian_r2: -889.3766, trian_cc: 0.0886
Epoch 32, val_loss: 0.0048, val_mae: 0.0699, val_mse: 0.0096, val_r2: -1352.1569, val_cc: 0.0991
Epoch 33, trian_loss: 0.0042, trian_mae: 0.0659, trian_mse:0.0085, trian_r2: -683.4189, trian_cc: 0.0890
Epoch 33, val_loss: 0.0048, val_mae: 0.0698, val_mse: 0.0096, val_r2: -614.1205, val_cc: 0.0831
Epoch 34, trian_loss: 0.0042, trian_mae: 0.0659, trian_mse:0.0084, trian_r2: -548.7885, trian_cc: 0.0856
Epoch 34, val_loss: 0.0048, val_mae: 0.0695, val_mse: 0.0096, val_r2: -598.1210, val_cc: 0.1006
Epoch 35, trian_loss: 0.0042, trian_mae: 0.0657, trian_mse:0.0084, trian_r2: -468.6802, trian_cc: 0.0902
Epoch 35, val_loss: 0.0048, val_mae: 0.0698, val_mse: 0.0096, val_r2: -551.3639, val_cc: 0.1109
Epoch 36, trian_loss: 0.0042, trian_mae: 0.0658, trian_mse:0.0084, trian_r2: -426.5742, trian_cc: 0.0997
Epoch 36, val_loss: 0.0048, val_mae: 0.0694, val_mse: 0.0096, val_r2: -469.9988, val_cc: 0.0920
Epoch 37, trian_loss: 0.0042, trian_mae: 0.0656, trian_mse:0.0084, trian_r2: -401.0829, trian_cc: 0.0991
Epoch 37, val_loss: 0.0048, val_mae: 0.0694, val_mse: 0.0096, val_r2: -330.1010, val_cc: 0.0789
Epoch 38, trian_loss: 0.0042, trian_mae: 0.0657, trian_mse:0.0084, trian_r2: -345.4561, trian_cc: 0.0967
Epoch 38, val_loss: 0.0048, val_mae: 0.0691, val_mse: 0.0096, val_r2: -297.1624, val_cc: 0.0931
Epoch 39, trian_loss: 0.0042, trian_mae: 0.0656, trian_mse:0.0084, trian_r2: -473.9413, trian_cc: 0.1003
Epoch 39, val_loss: 0.0048, val_mae: 0.0694, val_mse: 0.0096, val_r2: -427.3923, val_cc: 0.1237
Epoch 40, trian_loss: 0.0042, trian_mae: 0.0655, trian_mse:0.0084, trian_r2: -366.7469, trian_cc: 0.1045
Epoch 40, val_loss: 0.0048, val_mae: 0.0693, val_mse: 0.0096, val_r2: -380.6902, val_cc: 0.1195
Epoch 41, trian_loss: 0.0042, trian_mae: 0.0655, trian_mse:0.0084, trian_r2: -338.0980, trian_cc: 0.1107
Epoch 41, val_loss: 0.0048, val_mae: 0.0692, val_mse: 0.0096, val_r2: -317.0619, val_cc: 0.1048
Epoch 42, trian_loss: 0.0042, trian_mae: 0.0655, trian_mse:0.0084, trian_r2: -345.2954, trian_cc: 0.1167
Epoch 42, val_loss: 0.0048, val_mae: 0.0692, val_mse: 0.0096, val_r2: -449.2066, val_cc: 0.1072
Epoch 43, trian_loss: 0.0042, trian_mae: 0.0655, trian_mse:0.0084, trian_r2: -356.6418, trian_cc: 0.1094
Epoch 43, val_loss: 0.0048, val_mae: 0.0690, val_mse: 0.0096, val_r2: -308.9959, val_cc: 0.1237
Epoch 44, trian_loss: 0.0042, trian_mae: 0.0654, trian_mse:0.0084, trian_r2: -373.4311, trian_cc: 0.1163
Epoch 44, val_loss: 0.0048, val_mae: 0.0690, val_mse: 0.0096, val_r2: -414.2888, val_cc: 0.1125
Epoch 45, trian_loss: 0.0042, trian_mae: 0.0653, trian_mse:0.0084, trian_r2: -346.7739, trian_cc: 0.1214
Epoch 45, val_loss: 0.0048, val_mae: 0.0689, val_mse: 0.0096, val_r2: -366.4096, val_cc: 0.1118
Epoch 46, trian_loss: 0.0042, trian_mae: 0.0654, trian_mse:0.0084, trian_r2: -390.9404, trian_cc: 0.1256
Epoch 46, val_loss: 0.0048, val_mae: 0.0690, val_mse: 0.0095, val_r2: -356.8286, val_cc: 0.1181
Epoch 47, trian_loss: 0.0042, trian_mae: 0.0655, trian_mse:0.0084, trian_r2: -382.9590, trian_cc: 0.1159
Epoch 47, val_loss: 0.0048, val_mae: 0.0691, val_mse: 0.0096, val_r2: -363.6484, val_cc: 0.1184
Epoch 48, trian_loss: 0.0042, trian_mae: 0.0653, trian_mse:0.0084, trian_r2: -375.8082, trian_cc: 0.1235
Epoch 48, val_loss: 0.0048, val_mae: 0.0688, val_mse: 0.0095, val_r2: -334.6464, val_cc: 0.1248
Epoch 49, trian_loss: 0.0042, trian_mae: 0.0654, trian_mse:0.0084, trian_r2: -371.1189, trian_cc: 0.1202
Epoch 49, val_loss: 0.0048, val_mae: 0.0689, val_mse: 0.0095, val_r2: -436.6220, val_cc: 0.1153
Epoch 50, trian_loss: 0.0042, trian_mae: 0.0653, trian_mse:0.0083, trian_r2: -346.5986, trian_cc: 0.1212
Epoch 50, val_loss: 0.0048, val_mae: 0.0690, val_mse: 0.0095, val_r2: -365.3751, val_cc: 0.1062
Epoch 51, trian_loss: 0.0042, trian_mae: 0.0654, trian_mse:0.0084, trian_r2: -344.2664, trian_cc: 0.1254
Epoch 51, val_loss: 0.0048, val_mae: 0.0689, val_mse: 0.0096, val_r2: -342.4619, val_cc: 0.1093
Epoch 52, trian_loss: 0.0042, trian_mae: 0.0653, trian_mse:0.0084, trian_r2: -345.0808, trian_cc: 0.1262
Epoch 52, val_loss: 0.0048, val_mae: 0.0689, val_mse: 0.0095, val_r2: -350.4311, val_cc: 0.1200
Epoch 53, trian_loss: 0.0042, trian_mae: 0.0653, trian_mse:0.0083, trian_r2: -368.8900, trian_cc: 0.1262
Epoch 53, val_loss: 0.0048, val_mae: 0.0689, val_mse: 0.0095, val_r2: -385.9878, val_cc: 0.1198
Epoch 54, trian_loss: 0.0042, trian_mae: 0.0653, trian_mse:0.0084, trian_r2: -380.2424, trian_cc: 0.1285
Epoch 54, val_loss: 0.0048, val_mae: 0.0689, val_mse: 0.0095, val_r2: -452.5550, val_cc: 0.1301
Epoch 55, trian_loss: 0.0042, trian_mae: 0.0652, trian_mse:0.0084, trian_r2: -329.0623, trian_cc: 0.1309
Epoch 55, val_loss: 0.0048, val_mae: 0.0691, val_mse: 0.0095, val_r2: -432.4323, val_cc: 0.1500
Epoch 56, trian_loss: 0.0042, trian_mae: 0.0654, trian_mse:0.0084, trian_r2: -303.6106, trian_cc: 0.1297
Epoch 56, val_loss: 0.0048, val_mae: 0.0697, val_mse: 0.0095, val_r2: -323.0190, val_cc: 0.1045
Epoch 57, trian_loss: 0.0042, trian_mae: 0.0653, trian_mse:0.0083, trian_r2: -264.3646, trian_cc: 0.1348
Epoch 57, val_loss: 0.0048, val_mae: 0.0686, val_mse: 0.0095, val_r2: -328.4265, val_cc: 0.1497
Epoch 58, trian_loss: 0.0041, trian_mae: 0.0650, trian_mse:0.0083, trian_r2: -247.0570, trian_cc: 0.1512
Epoch 58, val_loss: 0.0047, val_mae: 0.0686, val_mse: 0.0095, val_r2: -215.1069, val_cc: 0.1551
Epoch 59, trian_loss: 0.0041, trian_mae: 0.0649, trian_mse:0.0083, trian_r2: -219.4561, trian_cc: 0.1552
Epoch 59, val_loss: 0.0047, val_mae: 0.0685, val_mse: 0.0095, val_r2: -184.2467, val_cc: 0.1575
Epoch 60, trian_loss: 0.0041, trian_mae: 0.0649, trian_mse:0.0083, trian_r2: -197.9160, trian_cc: 0.1568
Epoch 60, val_loss: 0.0047, val_mae: 0.0686, val_mse: 0.0095, val_r2: -144.3693, val_cc: 0.1638
Epoch 61, trian_loss: 0.0041, trian_mae: 0.0649, trian_mse:0.0083, trian_r2: -208.4987, trian_cc: 0.1574
Epoch 61, val_loss: 0.0047, val_mae: 0.0685, val_mse: 0.0094, val_r2: -170.7490, val_cc: 0.1620
Epoch 62, trian_loss: 0.0041, trian_mae: 0.0648, trian_mse:0.0082, trian_r2: -192.3683, trian_cc: 0.1684
Epoch 62, val_loss: 0.0047, val_mae: 0.0683, val_mse: 0.0094, val_r2: -143.3460, val_cc: 0.1676
Epoch 63, trian_loss: 0.0041, trian_mae: 0.0649, trian_mse:0.0083, trian_r2: -202.3171, trian_cc: 0.1602
Epoch 63, val_loss: 0.0047, val_mae: 0.0687, val_mse: 0.0094, val_r2: -163.9566, val_cc: 0.1545
Epoch 64, trian_loss: 0.0041, trian_mae: 0.0648, trian_mse:0.0083, trian_r2: -173.0429, trian_cc: 0.1619
Epoch 64, val_loss: 0.0047, val_mae: 0.0686, val_mse: 0.0094, val_r2: -125.4058, val_cc: 0.1590
Epoch 65, trian_loss: 0.0041, trian_mae: 0.0646, trian_mse:0.0082, trian_r2: -153.0367, trian_cc: 0.1679
Epoch 65, val_loss: 0.0047, val_mae: 0.0684, val_mse: 0.0095, val_r2: -141.6771, val_cc: 0.1608
Epoch 66, trian_loss: 0.0041, trian_mae: 0.0646, trian_mse:0.0082, trian_r2: -160.4711, trian_cc: 0.1675
Epoch 66, val_loss: 0.0047, val_mae: 0.0686, val_mse: 0.0094, val_r2: -120.7720, val_cc: 0.1645
Epoch 67, trian_loss: 0.0041, trian_mae: 0.0647, trian_mse:0.0083, trian_r2: -158.1598, trian_cc: 0.1762
Epoch 67, val_loss: 0.0047, val_mae: 0.0685, val_mse: 0.0094, val_r2: -160.7476, val_cc: 0.1547
Epoch 68, trian_loss: 0.0041, trian_mae: 0.0647, trian_mse:0.0082, trian_r2: -136.1077, trian_cc: 0.1791
Epoch 68, val_loss: 0.0047, val_mae: 0.0682, val_mse: 0.0094, val_r2: -109.9920, val_cc: 0.1730
Epoch 69, trian_loss: 0.0041, trian_mae: 0.0645, trian_mse:0.0082, trian_r2: -152.4997, trian_cc: 0.1766
Epoch 69, val_loss: 0.0047, val_mae: 0.0684, val_mse: 0.0094, val_r2: -132.4004, val_cc: 0.1693
Epoch 70, trian_loss: 0.0041, trian_mae: 0.0645, trian_mse:0.0082, trian_r2: -142.6042, trian_cc: 0.1803
Epoch 70, val_loss: 0.0047, val_mae: 0.0683, val_mse: 0.0094, val_r2: -126.0764, val_cc: 0.1642
Epoch 71, trian_loss: 0.0041, trian_mae: 0.0645, trian_mse:0.0082, trian_r2: -143.8569, trian_cc: 0.1734
Epoch 71, val_loss: 0.0047, val_mae: 0.0681, val_mse: 0.0094, val_r2: -132.9017, val_cc: 0.1714
Epoch 72, trian_loss: 0.0041, trian_mae: 0.0644, trian_mse:0.0082, trian_r2: -133.1069, trian_cc: 0.1842
Epoch 72, val_loss: 0.0047, val_mae: 0.0683, val_mse: 0.0094, val_r2: -119.5076, val_cc: 0.1795
Epoch 73, trian_loss: 0.0041, trian_mae: 0.0645, trian_mse:0.0082, trian_r2: -131.6651, trian_cc: 0.1804
Epoch 73, val_loss: 0.0047, val_mae: 0.0684, val_mse: 0.0094, val_r2: -134.7437, val_cc: 0.1632
Epoch 74, trian_loss: 0.0041, trian_mae: 0.0645, trian_mse:0.0082, trian_r2: -140.8472, trian_cc: 0.1798
Epoch 74, val_loss: 0.0047, val_mae: 0.0684, val_mse: 0.0094, val_r2: -112.6897, val_cc: 0.1625
Epoch 75, trian_loss: 0.0041, trian_mae: 0.0644, trian_mse:0.0082, trian_r2: -139.0515, trian_cc: 0.1831
Epoch 75, val_loss: 0.0047, val_mae: 0.0683, val_mse: 0.0094, val_r2: -129.4794, val_cc: 0.1664
Epoch 76, trian_loss: 0.0041, trian_mae: 0.0644, trian_mse:0.0082, trian_r2: -120.3004, trian_cc: 0.1843
Epoch 76, val_loss: 0.0047, val_mae: 0.0686, val_mse: 0.0094, val_r2: -91.9779, val_cc: 0.1651
Epoch 77, trian_loss: 0.0041, trian_mae: 0.0644, trian_mse:0.0082, trian_r2: -123.1355, trian_cc: 0.1792
Epoch 77, val_loss: 0.0047, val_mae: 0.0685, val_mse: 0.0094, val_r2: -118.7484, val_cc: 0.1618
Epoch 78, trian_loss: 0.0041, trian_mae: 0.0643, trian_mse:0.0082, trian_r2: -131.7720, trian_cc: 0.1846
Epoch 78, val_loss: 0.0047, val_mae: 0.0684, val_mse: 0.0094, val_r2: -121.9975, val_cc: 0.1674
Epoch 79, trian_loss: 0.0041, trian_mae: 0.0644, trian_mse:0.0082, trian_r2: -122.6086, trian_cc: 0.1806
Epoch 79, val_loss: 0.0047, val_mae: 0.0683, val_mse: 0.0094, val_r2: -105.7443, val_cc: 0.1657
Epoch 80, trian_loss: 0.0041, trian_mae: 0.0642, trian_mse:0.0082, trian_r2: -113.3720, trian_cc: 0.1869
Epoch 80, val_loss: 0.0047, val_mae: 0.0685, val_mse: 0.0094, val_r2: -90.5443, val_cc: 0.1578
Epoch 81, trian_loss: 0.0041, trian_mae: 0.0642, trian_mse:0.0081, trian_r2: -126.8018, trian_cc: 0.1912
Epoch 81, val_loss: 0.0047, val_mae: 0.0684, val_mse: 0.0094, val_r2: -106.1498, val_cc: 0.1664
Epoch 82, trian_loss: 0.0041, trian_mae: 0.0643, trian_mse:0.0081, trian_r2: -106.9209, trian_cc: 0.1863
Epoch 82, val_loss: 0.0047, val_mae: 0.0682, val_mse: 0.0094, val_r2: -92.0578, val_cc: 0.1662
Epoch 83, trian_loss: 0.0041, trian_mae: 0.0641, trian_mse:0.0082, trian_r2: -107.7589, trian_cc: 0.1986
Epoch 83, val_loss: 0.0047, val_mae: 0.0685, val_mse: 0.0094, val_r2: -93.7417, val_cc: 0.1621
Epoch 84, trian_loss: 0.0041, trian_mae: 0.0641, trian_mse:0.0081, trian_r2: -106.9881, trian_cc: 0.1943
Epoch 84, val_loss: 0.0047, val_mae: 0.0683, val_mse: 0.0094, val_r2: -124.5097, val_cc: 0.1664
Epoch 85, trian_loss: 0.0041, trian_mae: 0.0641, trian_mse:0.0081, trian_r2: -90.5839, trian_cc: 0.1885
Epoch 85, val_loss: 0.0047, val_mae: 0.0685, val_mse: 0.0094, val_r2: -100.2178, val_cc: 0.1680
Epoch 86, trian_loss: 0.0041, trian_mae: 0.0642, trian_mse:0.0081, trian_r2: -101.4910, trian_cc: 0.1911
Epoch 86, val_loss: 0.0047, val_mae: 0.0684, val_mse: 0.0094, val_r2: -101.5667, val_cc: 0.1639
Epoch 87, trian_loss: 0.0041, trian_mae: 0.0640, trian_mse:0.0081, trian_r2: -102.5574, trian_cc: 0.1948
Epoch 87, val_loss: 0.0047, val_mae: 0.0685, val_mse: 0.0094, val_r2: -114.0780, val_cc: 0.1669
Epoch 88, trian_loss: 0.0041, trian_mae: 0.0641, trian_mse:0.0081, trian_r2: -95.3087, trian_cc: 0.1929
Epoch 88, val_loss: 0.0047, val_mae: 0.0685, val_mse: 0.0094, val_r2: -116.4754, val_cc: 0.1652
Epoch 89, trian_loss: 0.0041, trian_mae: 0.0641, trian_mse:0.0081, trian_r2: -96.4375, trian_cc: 0.1940
Epoch 89, val_loss: 0.0047, val_mae: 0.0683, val_mse: 0.0095, val_r2: -91.0613, val_cc: 0.1639
Epoch 90, trian_loss: 0.0041, trian_mae: 0.0641, trian_mse:0.0081, trian_r2: -90.8289, trian_cc: 0.2004
Epoch 90, val_loss: 0.0047, val_mae: 0.0684, val_mse: 0.0094, val_r2: -112.3863, val_cc: 0.1641
Epoch 91, trian_loss: 0.0040, trian_mae: 0.0638, trian_mse:0.0081, trian_r2: -88.5865, trian_cc: 0.2041
Epoch 91, val_loss: 0.0047, val_mae: 0.0686, val_mse: 0.0094, val_r2: -89.4877, val_cc: 0.1631
Epoch 92, trian_loss: 0.0040, trian_mae: 0.0640, trian_mse:0.0081, trian_r2: -90.3884, trian_cc: 0.2009
Epoch 92, val_loss: 0.0047, val_mae: 0.0685, val_mse: 0.0094, val_r2: -101.3347, val_cc: 0.1628
Epoch 93, trian_loss: 0.0040, trian_mae: 0.0639, trian_mse:0.0081, trian_r2: -79.7639, trian_cc: 0.2015
Epoch 93, val_loss: 0.0047, val_mae: 0.0684, val_mse: 0.0095, val_r2: -88.5285, val_cc: 0.1625
Epoch 94, trian_loss: 0.0040, trian_mae: 0.0638, trian_mse:0.0081, trian_r2: -83.6167, trian_cc: 0.2001
Epoch 94, val_loss: 0.0047, val_mae: 0.0686, val_mse: 0.0095, val_r2: -89.2132, val_cc: 0.1677
Epoch 95, trian_loss: 0.0040, trian_mae: 0.0639, trian_mse:0.0081, trian_r2: -80.2483, trian_cc: 0.2021
Epoch 95, val_loss: 0.0047, val_mae: 0.0686, val_mse: 0.0094, val_r2: -94.7362, val_cc: 0.1589
Epoch 96, trian_loss: 0.0040, trian_mae: 0.0638, trian_mse:0.0081, trian_r2: -80.3189, trian_cc: 0.2072
Epoch 96, val_loss: 0.0047, val_mae: 0.0688, val_mse: 0.0095, val_r2: -88.0507, val_cc: 0.1507
Epoch 97, trian_loss: 0.0040, trian_mae: 0.0638, trian_mse:0.0081, trian_r2: -77.5535, trian_cc: 0.2043
Epoch 97, val_loss: 0.0047, val_mae: 0.0685, val_mse: 0.0094, val_r2: -89.3866, val_cc: 0.1579
Epoch 98, trian_loss: 0.0040, trian_mae: 0.0637, trian_mse:0.0081, trian_r2: -78.4913, trian_cc: 0.2064
Epoch 98, val_loss: 0.0047, val_mae: 0.0687, val_mse: 0.0095, val_r2: -71.8918, val_cc: 0.1521
Epoch 99, trian_loss: 0.0040, trian_mae: 0.0636, trian_mse:0.0080, trian_r2: -71.2799, trian_cc: 0.2116
Epoch 99, val_loss: 0.0047, val_mae: 0.0685, val_mse: 0.0095, val_r2: -78.0527, val_cc: 0.1580
