Trian Data: 515   Validation Data: 172  Test Data: 172
model ResNet_2D(
  (conv1): Sequential(
    (0): Conv2d(400, 64, kernel_size=(3, 3), stride=(1, 1), padding=(1, 1), bias=False)
    (1): BatchNorm2d(64, eps=1e-05, momentum=0.1, affine=True, track_running_stats=True)
  )
  (layer1): Sequential(
    (0): BasicBlock(
      (conv1): Conv2d(64, 64, kernel_size=(3, 3), stride=(1, 1), padding=(1, 1), bias=False)
      (bn1): BatchNorm2d(64, eps=1e-05, momentum=0.1, affine=True, track_running_stats=True)
      (conv2): Conv2d(64, 64, kernel_size=(3, 3), stride=(1, 1), padding=(1, 1), bias=False)
      (bn2): BatchNorm2d(64, eps=1e-05, momentum=0.1, affine=True, track_running_stats=True)
      (shortcut): Sequential()
    )
    (1): BasicBlock(
      (conv1): Conv2d(64, 64, kernel_size=(3, 3), stride=(1, 1), padding=(1, 1), bias=False)
      (bn1): BatchNorm2d(64, eps=1e-05, momentum=0.1, affine=True, track_running_stats=True)
      (conv2): Conv2d(64, 64, kernel_size=(3, 3), stride=(1, 1), padding=(1, 1), bias=False)
      (bn2): BatchNorm2d(64, eps=1e-05, momentum=0.1, affine=True, track_running_stats=True)
      (shortcut): Sequential()
    )
  )
  (layer2): Sequential(
    (0): BasicBlock(
      (conv1): Conv2d(64, 64, kernel_size=(3, 3), stride=(1, 1), padding=(1, 1), bias=False)
      (bn1): BatchNorm2d(64, eps=1e-05, momentum=0.1, affine=True, track_running_stats=True)
      (conv2): Conv2d(64, 64, kernel_size=(3, 3), stride=(1, 1), padding=(1, 1), bias=False)
      (bn2): BatchNorm2d(64, eps=1e-05, momentum=0.1, affine=True, track_running_stats=True)
      (shortcut): Sequential()
    )
    (1): BasicBlock(
      (conv1): Conv2d(64, 64, kernel_size=(3, 3), stride=(1, 1), padding=(1, 1), bias=False)
      (bn1): BatchNorm2d(64, eps=1e-05, momentum=0.1, affine=True, track_running_stats=True)
      (conv2): Conv2d(64, 64, kernel_size=(3, 3), stride=(1, 1), padding=(1, 1), bias=False)
      (bn2): BatchNorm2d(64, eps=1e-05, momentum=0.1, affine=True, track_running_stats=True)
      (shortcut): Sequential()
    )
  )
  (layer3): Sequential(
    (0): BasicBlock(
      (conv1): Conv2d(64, 64, kernel_size=(3, 3), stride=(1, 1), padding=(1, 1), bias=False)
      (bn1): BatchNorm2d(64, eps=1e-05, momentum=0.1, affine=True, track_running_stats=True)
      (conv2): Conv2d(64, 64, kernel_size=(3, 3), stride=(1, 1), padding=(1, 1), bias=False)
      (bn2): BatchNorm2d(64, eps=1e-05, momentum=0.1, affine=True, track_running_stats=True)
      (shortcut): Sequential()
    )
    (1): BasicBlock(
      (conv1): Conv2d(64, 64, kernel_size=(3, 3), stride=(1, 1), padding=(1, 1), bias=False)
      (bn1): BatchNorm2d(64, eps=1e-05, momentum=0.1, affine=True, track_running_stats=True)
      (conv2): Conv2d(64, 64, kernel_size=(3, 3), stride=(1, 1), padding=(1, 1), bias=False)
      (bn2): BatchNorm2d(64, eps=1e-05, momentum=0.1, affine=True, track_running_stats=True)
      (shortcut): Sequential()
    )
  )
  (layer4): Sequential(
    (0): BasicBlock(
      (conv1): Conv2d(64, 64, kernel_size=(3, 3), stride=(1, 1), padding=(1, 1), bias=False)
      (bn1): BatchNorm2d(64, eps=1e-05, momentum=0.1, affine=True, track_running_stats=True)
      (conv2): Conv2d(64, 64, kernel_size=(3, 3), stride=(1, 1), padding=(1, 1), bias=False)
      (bn2): BatchNorm2d(64, eps=1e-05, momentum=0.1, affine=True, track_running_stats=True)
      (shortcut): Sequential()
    )
    (1): BasicBlock(
      (conv1): Conv2d(64, 64, kernel_size=(3, 3), stride=(1, 1), padding=(1, 1), bias=False)
      (bn1): BatchNorm2d(64, eps=1e-05, momentum=0.1, affine=True, track_running_stats=True)
      (conv2): Conv2d(64, 64, kernel_size=(3, 3), stride=(1, 1), padding=(1, 1), bias=False)
      (bn2): BatchNorm2d(64, eps=1e-05, momentum=0.1, affine=True, track_running_stats=True)
      (shortcut): Sequential()
    )
  )
  (conv2): Sequential(
    (0): Conv2d(64, 32, kernel_size=(3, 3), stride=(1, 1), padding=(1, 1))
    (1): BatchNorm2d(32, eps=1e-05, momentum=0.1, affine=True, track_running_stats=True)
  )
  (conv3): Sequential(
    (0): Conv2d(32, 16, kernel_size=(3, 3), stride=(1, 1), padding=(1, 1))
    (1): BatchNorm2d(16, eps=1e-05, momentum=0.1, affine=True, track_running_stats=True)
  )
  (conv4): Sequential(
    (0): Conv2d(16, 1, kernel_size=(3, 3), stride=(1, 1), padding=(1, 1))
    (1): BatchNorm2d(1, eps=1e-05, momentum=0.1, affine=True, track_running_stats=True)
  )
)
Epoch  0, trian_loss: 0.0251, trian_mae: 0.1359, trian_mse:0.0510, trian_r2: -2.3303, trian_cc: -0.0009
Epoch  0, val_loss: 0.0149, val_mae: 0.1045, val_mse: 0.0301, val_r2: -10.0058, val_cc: -0.0061
Epoch  1, trian_loss: 0.0077, trian_mae: 0.0884, trian_mse:0.0154, trian_r2: -94.4474, trian_cc: -0.0165
Epoch  1, val_loss: 0.0079, val_mae: 0.0929, val_mse: 0.0158, val_r2: -138.2921, val_cc: -0.0228
Epoch  2, trian_loss: 0.0070, trian_mae: 0.0854, trian_mse:0.0141, trian_r2: -144.5823, trian_cc: -0.0192
Epoch  2, val_loss: 0.0077, val_mae: 0.0891, val_mse: 0.0155, val_r2: -195.1266, val_cc: -0.0184
Epoch  3, trian_loss: 0.0068, trian_mae: 0.0837, trian_mse:0.0137, trian_r2: -171.9720, trian_cc: -0.0166
Epoch  3, val_loss: 0.0076, val_mae: 0.0900, val_mse: 0.0153, val_r2: -254.2773, val_cc: -0.0147
Epoch  4, trian_loss: 0.0068, trian_mae: 0.0841, trian_mse:0.0137, trian_r2: -267.6695, trian_cc: -0.0101
Epoch  4, val_loss: 0.0077, val_mae: 0.0910, val_mse: 0.0154, val_r2: -294.7018, val_cc: -0.0131
Epoch  5, trian_loss: 0.0067, trian_mae: 0.0834, trian_mse:0.0135, trian_r2: -318.1916, trian_cc: -0.0055
Epoch  5, val_loss: 0.0076, val_mae: 0.0909, val_mse: 0.0152, val_r2: -448.3676, val_cc: -0.0106
Epoch  6, trian_loss: 0.0068, trian_mae: 0.0834, trian_mse:0.0136, trian_r2: -395.0756, trian_cc: 0.0012
Epoch  6, val_loss: 0.0077, val_mae: 0.0901, val_mse: 0.0154, val_r2: -632.0108, val_cc: -0.0003
Epoch  7, trian_loss: 0.0067, trian_mae: 0.0832, trian_mse:0.0134, trian_r2: -507.0193, trian_cc: 0.0082
Epoch  7, val_loss: 0.0075, val_mae: 0.0896, val_mse: 0.0150, val_r2: -616.6598, val_cc: 0.0037
Epoch  8, trian_loss: 0.0067, trian_mae: 0.0827, trian_mse:0.0134, trian_r2: -597.6683, trian_cc: 0.0127
Epoch  8, val_loss: 0.0077, val_mae: 0.0921, val_mse: 0.0153, val_r2: -839.4782, val_cc: 0.0060
Epoch  9, trian_loss: 0.0067, trian_mae: 0.0833, trian_mse:0.0134, trian_r2: -599.2129, trian_cc: 0.0170
Epoch  9, val_loss: 0.0076, val_mae: 0.0899, val_mse: 0.0153, val_r2: -733.1443, val_cc: 0.0126
Epoch 10, trian_loss: 0.0068, trian_mae: 0.0833, trian_mse:0.0135, trian_r2: -614.5137, trian_cc: 0.0220
Epoch 10, val_loss: 0.0076, val_mae: 0.0886, val_mse: 0.0153, val_r2: -841.5275, val_cc: 0.0212
Epoch 11, trian_loss: 0.0067, trian_mae: 0.0829, trian_mse:0.0134, trian_r2: -690.1696, trian_cc: 0.0237
Epoch 11, val_loss: 0.0076, val_mae: 0.0887, val_mse: 0.0152, val_r2: -860.8072, val_cc: 0.0178
Epoch 12, trian_loss: 0.0067, trian_mae: 0.0827, trian_mse:0.0133, trian_r2: -850.7402, trian_cc: 0.0299
Epoch 12, val_loss: 0.0076, val_mae: 0.0887, val_mse: 0.0151, val_r2: -1191.4592, val_cc: 0.0310
Epoch 13, trian_loss: 0.0067, trian_mae: 0.0831, trian_mse:0.0134, trian_r2: -836.5085, trian_cc: 0.0341
Epoch 13, val_loss: 0.0075, val_mae: 0.0887, val_mse: 0.0150, val_r2: -947.9696, val_cc: 0.0253
Epoch 14, trian_loss: 0.0067, trian_mae: 0.0829, trian_mse:0.0133, trian_r2: -859.8823, trian_cc: 0.0362
Epoch 14, val_loss: 0.0076, val_mae: 0.0881, val_mse: 0.0151, val_r2: -1174.7026, val_cc: 0.0330
Epoch 15, trian_loss: 0.0067, trian_mae: 0.0828, trian_mse:0.0133, trian_r2: -879.5671, trian_cc: 0.0394
Epoch 15, val_loss: 0.0075, val_mae: 0.0887, val_mse: 0.0150, val_r2: -1541.9876, val_cc: 0.0276
Epoch 16, trian_loss: 0.0066, trian_mae: 0.0828, trian_mse:0.0133, trian_r2: -838.3487, trian_cc: 0.0414
Epoch 16, val_loss: 0.0076, val_mae: 0.0880, val_mse: 0.0152, val_r2: -944.4708, val_cc: 0.0315
Epoch 17, trian_loss: 0.0067, trian_mae: 0.0827, trian_mse:0.0133, trian_r2: -663.3579, trian_cc: 0.0411
Epoch 17, val_loss: 0.0075, val_mae: 0.0876, val_mse: 0.0151, val_r2: -778.7977, val_cc: 0.0269
Epoch 18, trian_loss: 0.0066, trian_mae: 0.0826, trian_mse:0.0133, trian_r2: -518.5900, trian_cc: 0.0454
Epoch 18, val_loss: 0.0075, val_mae: 0.0883, val_mse: 0.0151, val_r2: -623.2683, val_cc: 0.0266
Epoch 19, trian_loss: 0.0066, trian_mae: 0.0826, trian_mse:0.0133, trian_r2: -430.6000, trian_cc: 0.0528
Epoch 19, val_loss: 0.0075, val_mae: 0.0878, val_mse: 0.0151, val_r2: -828.5417, val_cc: 0.0319
Epoch 20, trian_loss: 0.0066, trian_mae: 0.0824, trian_mse:0.0132, trian_r2: -429.5980, trian_cc: 0.0602
Epoch 20, val_loss: 0.0076, val_mae: 0.0881, val_mse: 0.0151, val_r2: -581.6171, val_cc: 0.0313
Epoch 21, trian_loss: 0.0066, trian_mae: 0.0822, trian_mse:0.0132, trian_r2: -293.2224, trian_cc: 0.0677
Epoch 21, val_loss: 0.0075, val_mae: 0.0879, val_mse: 0.0151, val_r2: -375.3714, val_cc: 0.0241
Epoch 22, trian_loss: 0.0066, trian_mae: 0.0821, trian_mse:0.0131, trian_r2: -260.5227, trian_cc: 0.0760
Epoch 22, val_loss: 0.0076, val_mae: 0.0878, val_mse: 0.0151, val_r2: -242.8213, val_cc: 0.0196
Epoch 23, trian_loss: 0.0065, trian_mae: 0.0817, trian_mse:0.0130, trian_r2: -202.0599, trian_cc: 0.0844
Epoch 23, val_loss: 0.0076, val_mae: 0.0881, val_mse: 0.0151, val_r2: -222.3228, val_cc: 0.0233
Epoch 24, trian_loss: 0.0065, trian_mae: 0.0819, trian_mse:0.0131, trian_r2: -238.4308, trian_cc: 0.0900
Epoch 24, val_loss: 0.0076, val_mae: 0.0880, val_mse: 0.0153, val_r2: -180.1460, val_cc: 0.0161
Epoch 25, trian_loss: 0.0065, trian_mae: 0.0816, trian_mse:0.0130, trian_r2: -130.4249, trian_cc: 0.1009
Epoch 25, val_loss: 0.0076, val_mae: 0.0878, val_mse: 0.0152, val_r2: -149.6479, val_cc: 0.0180
Epoch 26, trian_loss: 0.0065, trian_mae: 0.0811, trian_mse:0.0129, trian_r2: -107.7653, trian_cc: 0.1200
Epoch 26, val_loss: 0.0077, val_mae: 0.0889, val_mse: 0.0153, val_r2: -109.0953, val_cc: 0.0120
Epoch 27, trian_loss: 0.0064, trian_mae: 0.0809, trian_mse:0.0128, trian_r2: -86.1532, trian_cc: 0.1455
Epoch 27, val_loss: 0.0078, val_mae: 0.0892, val_mse: 0.0156, val_r2: -43.9098, val_cc: 0.0084
Epoch 28, trian_loss: 0.0062, trian_mae: 0.0796, trian_mse:0.0125, trian_r2: -53.4387, trian_cc: 0.1734
Epoch 28, val_loss: 0.0084, val_mae: 0.0936, val_mse: 0.0167, val_r2: -12.8650, val_cc: -0.0016
Epoch 29, trian_loss: 0.0060, trian_mae: 0.0782, trian_mse:0.0121, trian_r2: -38.5222, trian_cc: 0.2203
Epoch 29, val_loss: 0.0083, val_mae: 0.0941, val_mse: 0.0167, val_r2: -14.2643, val_cc: -0.0015
Epoch 30, trian_loss: 0.0058, trian_mae: 0.0766, trian_mse:0.0115, trian_r2: -24.6720, trian_cc: 0.2652
Epoch 30, val_loss: 0.0086, val_mae: 0.0958, val_mse: 0.0172, val_r2: -9.0062, val_cc: -0.0060
Epoch 31, trian_loss: 0.0055, trian_mae: 0.0745, trian_mse:0.0111, trian_r2: -18.9378, trian_cc: 0.3047
Epoch 31, val_loss: 0.0087, val_mae: 0.0970, val_mse: 0.0175, val_r2: -7.9694, val_cc: -0.0021
Epoch 32, trian_loss: 0.0052, trian_mae: 0.0725, trian_mse:0.0104, trian_r2: -15.4599, trian_cc: 0.3415
Epoch 32, val_loss: 0.0082, val_mae: 0.0901, val_mse: 0.0164, val_r2: -25.8100, val_cc: 0.0037
Epoch 33, trian_loss: 0.0049, trian_mae: 0.0707, trian_mse:0.0098, trian_r2: -10.0378, trian_cc: 0.3713
Epoch 33, val_loss: 0.0101, val_mae: 0.1069, val_mse: 0.0202, val_r2: -3.8094, val_cc: -0.0097
Epoch 34, trian_loss: 0.0049, trian_mae: 0.0702, trian_mse:0.0097, trian_r2: -9.3270, trian_cc: 0.3892
Epoch 34, val_loss: 0.0105, val_mae: 0.1151, val_mse: 0.0209, val_r2: -5.4222, val_cc: -0.0149
Epoch 35, trian_loss: 0.0045, trian_mae: 0.0677, trian_mse:0.0091, trian_r2: -7.3689, trian_cc: 0.4143
Epoch 35, val_loss: 0.0108, val_mae: 0.1102, val_mse: 0.0217, val_r2: -2.9702, val_cc: -0.0077
Epoch 36, trian_loss: 0.0044, trian_mae: 0.0670, trian_mse:0.0088, trian_r2: -8.3495, trian_cc: 0.4269
Epoch 36, val_loss: 0.0094, val_mae: 0.0974, val_mse: 0.0188, val_r2: -6.2022, val_cc: 0.0022
Epoch 37, trian_loss: 0.0042, trian_mae: 0.0652, trian_mse:0.0084, trian_r2: -7.2713, trian_cc: 0.4460
Epoch 37, val_loss: 0.0091, val_mae: 0.1012, val_mse: 0.0182, val_r2: -5.3303, val_cc: -0.0060
Epoch 38, trian_loss: 0.0042, trian_mae: 0.0649, trian_mse:0.0084, trian_r2: -5.6886, trian_cc: 0.4604
Epoch 38, val_loss: 0.0093, val_mae: 0.0997, val_mse: 0.0187, val_r2: -4.9992, val_cc: 0.0014
Epoch 39, trian_loss: 0.0039, trian_mae: 0.0638, trian_mse:0.0079, trian_r2: -5.3773, trian_cc: 0.4718
Epoch 39, val_loss: 0.0092, val_mae: 0.0988, val_mse: 0.0184, val_r2: -5.1623, val_cc: 0.0004
Epoch 40, trian_loss: 0.0038, trian_mae: 0.0625, trian_mse:0.0076, trian_r2: -3.8436, trian_cc: 0.4912
Epoch 40, val_loss: 0.0116, val_mae: 0.1118, val_mse: 0.0231, val_r2: -2.3755, val_cc: -0.0030
Epoch 41, trian_loss: 0.0036, trian_mae: 0.0610, trian_mse:0.0072, trian_r2: -3.0514, trian_cc: 0.5038
Epoch 41, val_loss: 0.0082, val_mae: 0.0894, val_mse: 0.0164, val_r2: -25.3212, val_cc: 0.0100
Epoch 42, trian_loss: 0.0038, trian_mae: 0.0616, trian_mse:0.0075, trian_r2: -3.4739, trian_cc: 0.5067
Epoch 42, val_loss: 0.0100, val_mae: 0.1034, val_mse: 0.0200, val_r2: -3.6711, val_cc: -0.0010
Epoch 43, trian_loss: 0.0033, trian_mae: 0.0587, trian_mse:0.0066, trian_r2: -2.3704, trian_cc: 0.5339
Epoch 43, val_loss: 0.0111, val_mae: 0.1115, val_mse: 0.0221, val_r2: -2.7208, val_cc: -0.0014
Epoch 44, trian_loss: 0.0037, trian_mae: 0.0618, trian_mse:0.0075, trian_r2: -4.6860, trian_cc: 0.5204
Epoch 44, val_loss: 0.0096, val_mae: 0.0952, val_mse: 0.0192, val_r2: -14.2464, val_cc: 0.0067
Epoch 45, trian_loss: 0.0032, trian_mae: 0.0574, trian_mse:0.0064, trian_r2: -1.8995, trian_cc: 0.5559
Epoch 45, val_loss: 0.0095, val_mae: 0.0998, val_mse: 0.0191, val_r2: -4.7872, val_cc: 0.0008
Epoch 46, trian_loss: 0.0032, trian_mae: 0.0580, trian_mse:0.0065, trian_r2: -2.4508, trian_cc: 0.5594
Epoch 46, val_loss: 0.0090, val_mae: 0.0956, val_mse: 0.0179, val_r2: -6.7775, val_cc: 0.0039
Epoch 47, trian_loss: 0.0029, trian_mae: 0.0550, trian_mse:0.0057, trian_r2: -2.4486, trian_cc: 0.5820
Epoch 47, val_loss: 0.0100, val_mae: 0.1014, val_mse: 0.0201, val_r2: -4.7673, val_cc: 0.0016
Epoch 48, trian_loss: 0.0028, trian_mae: 0.0548, trian_mse:0.0056, trian_r2: -1.9545, trian_cc: 0.5848
Epoch 48, val_loss: 0.0084, val_mae: 0.0908, val_mse: 0.0168, val_r2: -15.9319, val_cc: 0.0121
Epoch 49, trian_loss: 0.0029, trian_mae: 0.0545, trian_mse:0.0057, trian_r2: -1.5820, trian_cc: 0.6033
Epoch 49, val_loss: 0.0096, val_mae: 0.0980, val_mse: 0.0193, val_r2: -5.7610, val_cc: 0.0077
Epoch 50, trian_loss: 0.0027, trian_mae: 0.0537, trian_mse:0.0054, trian_r2: -1.9025, trian_cc: 0.6062
Epoch 50, val_loss: 0.0089, val_mae: 0.0936, val_mse: 0.0179, val_r2: -9.0405, val_cc: 0.0064
Epoch 51, trian_loss: 0.0026, trian_mae: 0.0530, trian_mse:0.0052, trian_r2: -1.4274, trian_cc: 0.6086
Epoch 51, val_loss: 0.0105, val_mae: 0.1100, val_mse: 0.0209, val_r2: -3.9122, val_cc: 0.0007
Epoch 52, trian_loss: 0.0026, trian_mae: 0.0527, trian_mse:0.0052, trian_r2: -1.4610, trian_cc: 0.6131
Epoch 52, val_loss: 0.0086, val_mae: 0.0932, val_mse: 0.0172, val_r2: -11.7991, val_cc: 0.0065
Epoch 53, trian_loss: 0.0026, trian_mae: 0.0525, trian_mse:0.0051, trian_r2: -1.1368, trian_cc: 0.6246
Epoch 53, val_loss: 0.0088, val_mae: 0.0940, val_mse: 0.0176, val_r2: -9.3709, val_cc: 0.0124
Epoch 54, trian_loss: 0.0024, trian_mae: 0.0509, trian_mse:0.0048, trian_r2: -1.0174, trian_cc: 0.6369
Epoch 54, val_loss: 0.0105, val_mae: 0.1048, val_mse: 0.0209, val_r2: -3.5554, val_cc: 0.0093
Epoch 55, trian_loss: 0.0024, trian_mae: 0.0505, trian_mse:0.0048, trian_r2: -1.1092, trian_cc: 0.6521
Epoch 55, val_loss: 0.0098, val_mae: 0.0988, val_mse: 0.0196, val_r2: -5.9124, val_cc: 0.0140
Epoch 56, trian_loss: 0.0023, trian_mae: 0.0502, trian_mse:0.0046, trian_r2: -1.0328, trian_cc: 0.6491
Epoch 56, val_loss: 0.0088, val_mae: 0.0927, val_mse: 0.0176, val_r2: -12.0032, val_cc: 0.0161
Epoch 57, trian_loss: 0.0022, trian_mae: 0.0497, trian_mse:0.0045, trian_r2: -0.8643, trian_cc: 0.6576
Epoch 57, val_loss: 0.0110, val_mae: 0.1086, val_mse: 0.0221, val_r2: -2.7123, val_cc: 0.0031
Epoch 58, trian_loss: 0.0021, trian_mae: 0.0482, trian_mse:0.0042, trian_r2: -1.0643, trian_cc: 0.6650
Epoch 58, val_loss: 0.0108, val_mae: 0.1066, val_mse: 0.0216, val_r2: -2.9237, val_cc: 0.0096
Epoch 59, trian_loss: 0.0023, trian_mae: 0.0498, trian_mse:0.0045, trian_r2: -0.9918, trian_cc: 0.6560
Epoch 59, val_loss: 0.0099, val_mae: 0.1034, val_mse: 0.0197, val_r2: -4.2557, val_cc: 0.0128
Epoch 60, trian_loss: 0.0021, trian_mae: 0.0485, trian_mse:0.0042, trian_r2: -1.0480, trian_cc: 0.6707
Epoch 60, val_loss: 0.0089, val_mae: 0.0959, val_mse: 0.0179, val_r2: -6.3027, val_cc: 0.0186
Epoch 61, trian_loss: 0.0021, trian_mae: 0.0475, trian_mse:0.0041, trian_r2: -0.8945, trian_cc: 0.6829
Epoch 61, val_loss: 0.0115, val_mae: 0.1138, val_mse: 0.0230, val_r2: -2.2754, val_cc: 0.0027
Epoch 62, trian_loss: 0.0020, trian_mae: 0.0469, trian_mse:0.0039, trian_r2: -0.6375, trian_cc: 0.6919
Epoch 62, val_loss: 0.0122, val_mae: 0.1205, val_mse: 0.0245, val_r2: -2.4186, val_cc: 0.0040
Epoch 63, trian_loss: 0.0020, trian_mae: 0.0467, trian_mse:0.0039, trian_r2: -0.6702, trian_cc: 0.6925
Epoch 63, val_loss: 0.0112, val_mae: 0.1142, val_mse: 0.0224, val_r2: -2.7947, val_cc: 0.0004
Epoch 64, trian_loss: 0.0020, trian_mae: 0.0470, trian_mse:0.0040, trian_r2: -0.7547, trian_cc: 0.6953
Epoch 64, val_loss: 0.0096, val_mae: 0.1003, val_mse: 0.0193, val_r2: -4.4570, val_cc: 0.0130
Epoch 65, trian_loss: 0.0020, trian_mae: 0.0467, trian_mse:0.0039, trian_r2: -0.6537, trian_cc: 0.7020
Epoch 65, val_loss: 0.0098, val_mae: 0.0994, val_mse: 0.0196, val_r2: -5.6267, val_cc: 0.0129
Epoch 66, trian_loss: 0.0019, trian_mae: 0.0462, trian_mse:0.0038, trian_r2: -0.7300, trian_cc: 0.7030
Epoch 66, val_loss: 0.0126, val_mae: 0.1176, val_mse: 0.0251, val_r2: -1.9807, val_cc: 0.0060
Epoch 67, trian_loss: 0.0021, trian_mae: 0.0484, trian_mse:0.0042, trian_r2: -0.9964, trian_cc: 0.6912
Epoch 67, val_loss: 0.0094, val_mae: 0.0970, val_mse: 0.0187, val_r2: -6.7714, val_cc: 0.0143
Epoch 68, trian_loss: 0.0019, trian_mae: 0.0462, trian_mse:0.0039, trian_r2: -0.6369, trian_cc: 0.7092
Epoch 68, val_loss: 0.0099, val_mae: 0.1048, val_mse: 0.0199, val_r2: -3.8117, val_cc: 0.0122
Epoch 69, trian_loss: 0.0017, trian_mae: 0.0431, trian_mse:0.0033, trian_r2: -0.6709, trian_cc: 0.7361
Epoch 69, val_loss: 0.0117, val_mae: 0.1135, val_mse: 0.0234, val_r2: -2.0876, val_cc: 0.0066
Epoch 70, trian_loss: 0.0017, trian_mae: 0.0434, trian_mse:0.0033, trian_r2: -0.2776, trian_cc: 0.7323
Epoch 70, val_loss: 0.0108, val_mae: 0.1116, val_mse: 0.0216, val_r2: -3.2085, val_cc: 0.0008
Epoch 71, trian_loss: 0.0018, trian_mae: 0.0446, trian_mse:0.0036, trian_r2: -0.4145, trian_cc: 0.7235
Epoch 71, val_loss: 0.0095, val_mae: 0.0992, val_mse: 0.0190, val_r2: -4.9376, val_cc: 0.0155
Epoch 72, trian_loss: 0.0018, trian_mae: 0.0449, trian_mse:0.0036, trian_r2: -0.4317, trian_cc: 0.7228
Epoch 72, val_loss: 0.0092, val_mae: 0.0986, val_mse: 0.0185, val_r2: -5.3691, val_cc: 0.0153
Epoch 73, trian_loss: 0.0017, trian_mae: 0.0435, trian_mse:0.0033, trian_r2: -0.4012, trian_cc: 0.7394
Epoch 73, val_loss: 0.0092, val_mae: 0.0979, val_mse: 0.0184, val_r2: -5.2209, val_cc: 0.0148
Epoch 74, trian_loss: 0.0018, trian_mae: 0.0445, trian_mse:0.0035, trian_r2: -0.5178, trian_cc: 0.7250
Epoch 74, val_loss: 0.0095, val_mae: 0.0987, val_mse: 0.0191, val_r2: -5.0260, val_cc: 0.0145
Epoch 75, trian_loss: 0.0019, trian_mae: 0.0460, trian_mse:0.0038, trian_r2: -0.6342, trian_cc: 0.7211
Epoch 75, val_loss: 0.0103, val_mae: 0.1037, val_mse: 0.0205, val_r2: -3.5272, val_cc: 0.0135
Epoch 76, trian_loss: 0.0016, trian_mae: 0.0433, trian_mse:0.0033, trian_r2: -0.4299, trian_cc: 0.7410
Epoch 76, val_loss: 0.0100, val_mae: 0.1033, val_mse: 0.0200, val_r2: -3.5064, val_cc: 0.0091
Epoch 77, trian_loss: 0.0017, trian_mae: 0.0434, trian_mse:0.0033, trian_r2: -0.3657, trian_cc: 0.7406
Epoch 77, val_loss: 0.0089, val_mae: 0.0953, val_mse: 0.0178, val_r2: -6.9732, val_cc: 0.0209
Epoch 78, trian_loss: 0.0016, trian_mae: 0.0427, trian_mse:0.0032, trian_r2: -0.2784, trian_cc: 0.7485
Epoch 78, val_loss: 0.0106, val_mae: 0.1106, val_mse: 0.0212, val_r2: -3.3651, val_cc: 0.0093
Epoch 79, trian_loss: 0.0016, trian_mae: 0.0428, trian_mse:0.0032, trian_r2: -0.3011, trian_cc: 0.7494
Epoch 79, val_loss: 0.0101, val_mae: 0.1053, val_mse: 0.0202, val_r2: -3.5974, val_cc: 0.0109
Epoch 80, trian_loss: 0.0015, trian_mae: 0.0408, trian_mse:0.0030, trian_r2: -0.1255, trian_cc: 0.7713
Epoch 80, val_loss: 0.0096, val_mae: 0.0988, val_mse: 0.0192, val_r2: -5.0792, val_cc: 0.0181
Epoch 81, trian_loss: 0.0014, trian_mae: 0.0390, trian_mse:0.0028, trian_r2: -0.0266, trian_cc: 0.7866
Epoch 81, val_loss: 0.0093, val_mae: 0.0978, val_mse: 0.0185, val_r2: -5.3926, val_cc: 0.0220
Epoch 82, trian_loss: 0.0014, trian_mae: 0.0391, trian_mse:0.0029, trian_r2: -0.0124, trian_cc: 0.7957
Epoch 82, val_loss: 0.0097, val_mae: 0.1042, val_mse: 0.0194, val_r2: -3.8840, val_cc: 0.0105
Epoch 83, trian_loss: 0.0012, trian_mae: 0.0366, trian_mse:0.0024, trian_r2: 0.1379, trian_cc: 0.8118
Epoch 83, val_loss: 0.0094, val_mae: 0.1012, val_mse: 0.0187, val_r2: -4.4287, val_cc: 0.0128
Epoch 84, trian_loss: 0.0013, trian_mae: 0.0380, trian_mse:0.0026, trian_r2: 0.0596, trian_cc: 0.8034
Epoch 84, val_loss: 0.0103, val_mae: 0.1056, val_mse: 0.0205, val_r2: -2.9826, val_cc: 0.0113
Epoch 85, trian_loss: 0.0014, trian_mae: 0.0400, trian_mse:0.0028, trian_r2: -0.2198, trian_cc: 0.7866
Epoch 85, val_loss: 0.0097, val_mae: 0.1021, val_mse: 0.0195, val_r2: -3.8867, val_cc: 0.0097
Epoch 86, trian_loss: 0.0015, trian_mae: 0.0405, trian_mse:0.0029, trian_r2: -0.1483, trian_cc: 0.7790
Epoch 86, val_loss: 0.0091, val_mae: 0.0964, val_mse: 0.0182, val_r2: -6.5480, val_cc: 0.0155
Epoch 87, trian_loss: 0.0014, trian_mae: 0.0399, trian_mse:0.0028, trian_r2: -0.0972, trian_cc: 0.7851
Epoch 87, val_loss: 0.0093, val_mae: 0.1004, val_mse: 0.0186, val_r2: -4.9696, val_cc: 0.0126
Epoch 88, trian_loss: 0.0013, trian_mae: 0.0385, trian_mse:0.0026, trian_r2: -0.0211, trian_cc: 0.7935
Epoch 88, val_loss: 0.0098, val_mae: 0.1049, val_mse: 0.0195, val_r2: -4.0106, val_cc: 0.0044
Epoch 89, trian_loss: 0.0014, trian_mae: 0.0404, trian_mse:0.0029, trian_r2: -0.1018, trian_cc: 0.7823
Epoch 89, val_loss: 0.0101, val_mae: 0.1054, val_mse: 0.0202, val_r2: -3.8767, val_cc: 0.0111
Epoch 90, trian_loss: 0.0014, trian_mae: 0.0394, trian_mse:0.0027, trian_r2: 0.0359, trian_cc: 0.7881
Epoch 90, val_loss: 0.0102, val_mae: 0.1036, val_mse: 0.0205, val_r2: -3.8470, val_cc: 0.0100
Epoch 91, trian_loss: 0.0014, trian_mae: 0.0389, trian_mse:0.0027, trian_r2: -0.0830, trian_cc: 0.8044
Epoch 91, val_loss: 0.0090, val_mae: 0.0977, val_mse: 0.0180, val_r2: -5.5729, val_cc: 0.0150
Epoch 92, trian_loss: 0.0013, trian_mae: 0.0383, trian_mse:0.0026, trian_r2: -0.0042, trian_cc: 0.8052
Epoch 92, val_loss: 0.0099, val_mae: 0.1057, val_mse: 0.0198, val_r2: -3.5655, val_cc: 0.0070
Epoch 93, trian_loss: 0.0013, trian_mae: 0.0381, trian_mse:0.0026, trian_r2: 0.0909, trian_cc: 0.8086
Epoch 93, val_loss: 0.0092, val_mae: 0.1013, val_mse: 0.0184, val_r2: -5.4809, val_cc: 0.0103
Epoch 94, trian_loss: 0.0012, trian_mae: 0.0366, trian_mse:0.0023, trian_r2: 0.0729, trian_cc: 0.8148
Epoch 94, val_loss: 0.0109, val_mae: 0.1144, val_mse: 0.0217, val_r2: -3.3806, val_cc: 0.0023
Epoch 95, trian_loss: 0.0013, trian_mae: 0.0380, trian_mse:0.0026, trian_r2: -0.1268, trian_cc: 0.8144
Epoch 95, val_loss: 0.0094, val_mae: 0.1021, val_mse: 0.0189, val_r2: -5.0805, val_cc: 0.0129
Epoch 96, trian_loss: 0.0012, trian_mae: 0.0373, trian_mse:0.0024, trian_r2: 0.1424, trian_cc: 0.8143
Epoch 96, val_loss: 0.0087, val_mae: 0.0948, val_mse: 0.0174, val_r2: -7.6430, val_cc: 0.0198
Epoch 97, trian_loss: 0.0012, trian_mae: 0.0373, trian_mse:0.0024, trian_r2: 0.1330, trian_cc: 0.8130
Epoch 97, val_loss: 0.0089, val_mae: 0.0939, val_mse: 0.0178, val_r2: -8.8841, val_cc: 0.0266
Epoch 98, trian_loss: 0.0013, trian_mae: 0.0376, trian_mse:0.0025, trian_r2: 0.1044, trian_cc: 0.8126
Epoch 98, val_loss: 0.0106, val_mae: 0.1121, val_mse: 0.0212, val_r2: -3.3315, val_cc: 0.0092
Epoch 99, trian_loss: 0.0012, trian_mae: 0.0364, trian_mse:0.0023, trian_r2: 0.0970, trian_cc: 0.8237
Epoch 99, val_loss: 0.0098, val_mae: 0.1043, val_mse: 0.0196, val_r2: -3.7219, val_cc: 0.0058
