Trian Data: 532   Validation Data: 177  Test Data: 178
[1, 1, 1, 1, 1]
[1, 1, 1, 1]
[1, 1, 1, 1]
[1, 1, 1, 1]
model SENet(
  (conv1): Conv2d(101, 64, kernel_size=(3, 3), stride=(1, 1), padding=(1, 1), bias=False)
  (bn1): BatchNorm2d(64, eps=1e-05, momentum=0.1, affine=True, track_running_stats=True)
  (layer1): Sequential(
    (0): BasicBlock(
      (conv1): Conv2d(64, 64, kernel_size=(3, 3), stride=(1, 1), padding=(1, 1), bias=False)
      (bn1): BatchNorm2d(64, eps=1e-05, momentum=0.1, affine=True, track_running_stats=True)
      (conv2): Conv2d(64, 64, kernel_size=(3, 3), stride=(1, 1), padding=(1, 1), bias=False)
      (bn2): BatchNorm2d(64, eps=1e-05, momentum=0.1, affine=True, track_running_stats=True)
      (shortcut): Sequential()
      (fc1): Conv2d(64, 4, kernel_size=(1, 1), stride=(1, 1))
      (fc2): Conv2d(4, 64, kernel_size=(1, 1), stride=(1, 1))
    )
    (1): BasicBlock(
      (conv1): Conv2d(64, 64, kernel_size=(3, 3), stride=(1, 1), padding=(1, 1), bias=False)
      (bn1): BatchNorm2d(64, eps=1e-05, momentum=0.1, affine=True, track_running_stats=True)
      (conv2): Conv2d(64, 64, kernel_size=(3, 3), stride=(1, 1), padding=(1, 1), bias=False)
      (bn2): BatchNorm2d(64, eps=1e-05, momentum=0.1, affine=True, track_running_stats=True)
      (shortcut): Sequential()
      (fc1): Conv2d(64, 4, kernel_size=(1, 1), stride=(1, 1))
      (fc2): Conv2d(4, 64, kernel_size=(1, 1), stride=(1, 1))
    )
    (2): BasicBlock(
      (conv1): Conv2d(64, 64, kernel_size=(3, 3), stride=(1, 1), padding=(1, 1), bias=False)
      (bn1): BatchNorm2d(64, eps=1e-05, momentum=0.1, affine=True, track_running_stats=True)
      (conv2): Conv2d(64, 64, kernel_size=(3, 3), stride=(1, 1), padding=(1, 1), bias=False)
      (bn2): BatchNorm2d(64, eps=1e-05, momentum=0.1, affine=True, track_running_stats=True)
      (shortcut): Sequential()
      (fc1): Conv2d(64, 4, kernel_size=(1, 1), stride=(1, 1))
      (fc2): Conv2d(4, 64, kernel_size=(1, 1), stride=(1, 1))
    )
    (3): BasicBlock(
      (conv1): Conv2d(64, 64, kernel_size=(3, 3), stride=(1, 1), padding=(1, 1), bias=False)
      (bn1): BatchNorm2d(64, eps=1e-05, momentum=0.1, affine=True, track_running_stats=True)
      (conv2): Conv2d(64, 64, kernel_size=(3, 3), stride=(1, 1), padding=(1, 1), bias=False)
      (bn2): BatchNorm2d(64, eps=1e-05, momentum=0.1, affine=True, track_running_stats=True)
      (shortcut): Sequential()
      (fc1): Conv2d(64, 4, kernel_size=(1, 1), stride=(1, 1))
      (fc2): Conv2d(4, 64, kernel_size=(1, 1), stride=(1, 1))
    )
    (4): BasicBlock(
      (conv1): Conv2d(64, 64, kernel_size=(3, 3), stride=(1, 1), padding=(1, 1), bias=False)
      (bn1): BatchNorm2d(64, eps=1e-05, momentum=0.1, affine=True, track_running_stats=True)
      (conv2): Conv2d(64, 64, kernel_size=(3, 3), stride=(1, 1), padding=(1, 1), bias=False)
      (bn2): BatchNorm2d(64, eps=1e-05, momentum=0.1, affine=True, track_running_stats=True)
      (shortcut): Sequential()
      (fc1): Conv2d(64, 4, kernel_size=(1, 1), stride=(1, 1))
      (fc2): Conv2d(4, 64, kernel_size=(1, 1), stride=(1, 1))
    )
  )
  (layer2): Sequential(
    (0): BasicBlock(
      (conv1): Conv2d(64, 64, kernel_size=(3, 3), stride=(1, 1), padding=(1, 1), bias=False)
      (bn1): BatchNorm2d(64, eps=1e-05, momentum=0.1, affine=True, track_running_stats=True)
      (conv2): Conv2d(64, 64, kernel_size=(3, 3), stride=(1, 1), padding=(1, 1), bias=False)
      (bn2): BatchNorm2d(64, eps=1e-05, momentum=0.1, affine=True, track_running_stats=True)
      (shortcut): Sequential()
      (fc1): Conv2d(64, 4, kernel_size=(1, 1), stride=(1, 1))
      (fc2): Conv2d(4, 64, kernel_size=(1, 1), stride=(1, 1))
    )
    (1): BasicBlock(
      (conv1): Conv2d(64, 64, kernel_size=(3, 3), stride=(1, 1), padding=(1, 1), bias=False)
      (bn1): BatchNorm2d(64, eps=1e-05, momentum=0.1, affine=True, track_running_stats=True)
      (conv2): Conv2d(64, 64, kernel_size=(3, 3), stride=(1, 1), padding=(1, 1), bias=False)
      (bn2): BatchNorm2d(64, eps=1e-05, momentum=0.1, affine=True, track_running_stats=True)
      (shortcut): Sequential()
      (fc1): Conv2d(64, 4, kernel_size=(1, 1), stride=(1, 1))
      (fc2): Conv2d(4, 64, kernel_size=(1, 1), stride=(1, 1))
    )
    (2): BasicBlock(
      (conv1): Conv2d(64, 64, kernel_size=(3, 3), stride=(1, 1), padding=(1, 1), bias=False)
      (bn1): BatchNorm2d(64, eps=1e-05, momentum=0.1, affine=True, track_running_stats=True)
      (conv2): Conv2d(64, 64, kernel_size=(3, 3), stride=(1, 1), padding=(1, 1), bias=False)
      (bn2): BatchNorm2d(64, eps=1e-05, momentum=0.1, affine=True, track_running_stats=True)
      (shortcut): Sequential()
      (fc1): Conv2d(64, 4, kernel_size=(1, 1), stride=(1, 1))
      (fc2): Conv2d(4, 64, kernel_size=(1, 1), stride=(1, 1))
    )
    (3): BasicBlock(
      (conv1): Conv2d(64, 64, kernel_size=(3, 3), stride=(1, 1), padding=(1, 1), bias=False)
      (bn1): BatchNorm2d(64, eps=1e-05, momentum=0.1, affine=True, track_running_stats=True)
      (conv2): Conv2d(64, 64, kernel_size=(3, 3), stride=(1, 1), padding=(1, 1), bias=False)
      (bn2): BatchNorm2d(64, eps=1e-05, momentum=0.1, affine=True, track_running_stats=True)
      (shortcut): Sequential()
      (fc1): Conv2d(64, 4, kernel_size=(1, 1), stride=(1, 1))
      (fc2): Conv2d(4, 64, kernel_size=(1, 1), stride=(1, 1))
    )
  )
  (layer3): Sequential(
    (0): BasicBlock(
      (conv1): Conv2d(64, 64, kernel_size=(3, 3), stride=(1, 1), padding=(1, 1), bias=False)
      (bn1): BatchNorm2d(64, eps=1e-05, momentum=0.1, affine=True, track_running_stats=True)
      (conv2): Conv2d(64, 64, kernel_size=(3, 3), stride=(1, 1), padding=(1, 1), bias=False)
      (bn2): BatchNorm2d(64, eps=1e-05, momentum=0.1, affine=True, track_running_stats=True)
      (shortcut): Sequential()
      (fc1): Conv2d(64, 4, kernel_size=(1, 1), stride=(1, 1))
      (fc2): Conv2d(4, 64, kernel_size=(1, 1), stride=(1, 1))
    )
    (1): BasicBlock(
      (conv1): Conv2d(64, 64, kernel_size=(3, 3), stride=(1, 1), padding=(1, 1), bias=False)
      (bn1): BatchNorm2d(64, eps=1e-05, momentum=0.1, affine=True, track_running_stats=True)
      (conv2): Conv2d(64, 64, kernel_size=(3, 3), stride=(1, 1), padding=(1, 1), bias=False)
      (bn2): BatchNorm2d(64, eps=1e-05, momentum=0.1, affine=True, track_running_stats=True)
      (shortcut): Sequential()
      (fc1): Conv2d(64, 4, kernel_size=(1, 1), stride=(1, 1))
      (fc2): Conv2d(4, 64, kernel_size=(1, 1), stride=(1, 1))
    )
    (2): BasicBlock(
      (conv1): Conv2d(64, 64, kernel_size=(3, 3), stride=(1, 1), padding=(1, 1), bias=False)
      (bn1): BatchNorm2d(64, eps=1e-05, momentum=0.1, affine=True, track_running_stats=True)
      (conv2): Conv2d(64, 64, kernel_size=(3, 3), stride=(1, 1), padding=(1, 1), bias=False)
      (bn2): BatchNorm2d(64, eps=1e-05, momentum=0.1, affine=True, track_running_stats=True)
      (shortcut): Sequential()
      (fc1): Conv2d(64, 4, kernel_size=(1, 1), stride=(1, 1))
      (fc2): Conv2d(4, 64, kernel_size=(1, 1), stride=(1, 1))
    )
    (3): BasicBlock(
      (conv1): Conv2d(64, 64, kernel_size=(3, 3), stride=(1, 1), padding=(1, 1), bias=False)
      (bn1): BatchNorm2d(64, eps=1e-05, momentum=0.1, affine=True, track_running_stats=True)
      (conv2): Conv2d(64, 64, kernel_size=(3, 3), stride=(1, 1), padding=(1, 1), bias=False)
      (bn2): BatchNorm2d(64, eps=1e-05, momentum=0.1, affine=True, track_running_stats=True)
      (shortcut): Sequential()
      (fc1): Conv2d(64, 4, kernel_size=(1, 1), stride=(1, 1))
      (fc2): Conv2d(4, 64, kernel_size=(1, 1), stride=(1, 1))
    )
  )
  (layer4): Sequential(
    (0): BasicBlock(
      (conv1): Conv2d(64, 64, kernel_size=(3, 3), stride=(1, 1), padding=(1, 1), bias=False)
      (bn1): BatchNorm2d(64, eps=1e-05, momentum=0.1, affine=True, track_running_stats=True)
      (conv2): Conv2d(64, 64, kernel_size=(3, 3), stride=(1, 1), padding=(1, 1), bias=False)
      (bn2): BatchNorm2d(64, eps=1e-05, momentum=0.1, affine=True, track_running_stats=True)
      (shortcut): Sequential()
      (fc1): Conv2d(64, 4, kernel_size=(1, 1), stride=(1, 1))
      (fc2): Conv2d(4, 64, kernel_size=(1, 1), stride=(1, 1))
    )
    (1): BasicBlock(
      (conv1): Conv2d(64, 64, kernel_size=(3, 3), stride=(1, 1), padding=(1, 1), bias=False)
      (bn1): BatchNorm2d(64, eps=1e-05, momentum=0.1, affine=True, track_running_stats=True)
      (conv2): Conv2d(64, 64, kernel_size=(3, 3), stride=(1, 1), padding=(1, 1), bias=False)
      (bn2): BatchNorm2d(64, eps=1e-05, momentum=0.1, affine=True, track_running_stats=True)
      (shortcut): Sequential()
      (fc1): Conv2d(64, 4, kernel_size=(1, 1), stride=(1, 1))
      (fc2): Conv2d(4, 64, kernel_size=(1, 1), stride=(1, 1))
    )
    (2): BasicBlock(
      (conv1): Conv2d(64, 64, kernel_size=(3, 3), stride=(1, 1), padding=(1, 1), bias=False)
      (bn1): BatchNorm2d(64, eps=1e-05, momentum=0.1, affine=True, track_running_stats=True)
      (conv2): Conv2d(64, 64, kernel_size=(3, 3), stride=(1, 1), padding=(1, 1), bias=False)
      (bn2): BatchNorm2d(64, eps=1e-05, momentum=0.1, affine=True, track_running_stats=True)
      (shortcut): Sequential()
      (fc1): Conv2d(64, 4, kernel_size=(1, 1), stride=(1, 1))
      (fc2): Conv2d(4, 64, kernel_size=(1, 1), stride=(1, 1))
    )
    (3): BasicBlock(
      (conv1): Conv2d(64, 64, kernel_size=(3, 3), stride=(1, 1), padding=(1, 1), bias=False)
      (bn1): BatchNorm2d(64, eps=1e-05, momentum=0.1, affine=True, track_running_stats=True)
      (conv2): Conv2d(64, 64, kernel_size=(3, 3), stride=(1, 1), padding=(1, 1), bias=False)
      (bn2): BatchNorm2d(64, eps=1e-05, momentum=0.1, affine=True, track_running_stats=True)
      (shortcut): Sequential()
      (fc1): Conv2d(64, 4, kernel_size=(1, 1), stride=(1, 1))
      (fc2): Conv2d(4, 64, kernel_size=(1, 1), stride=(1, 1))
    )
  )
  (cnn): CNNnet(
    (conv1): Sequential(
      (0): Conv2d(64, 32, kernel_size=(3, 3), stride=(1, 1), padding=(1, 1))
      (1): BatchNorm2d(32, eps=1e-05, momentum=0.1, affine=True, track_running_stats=True)
      (2): ReLU()
    )
    (conv2): Sequential(
      (0): Conv2d(32, 16, kernel_size=(3, 3), stride=(1, 1), padding=(1, 1))
      (1): BatchNorm2d(16, eps=1e-05, momentum=0.1, affine=True, track_running_stats=True)
      (2): ReLU()
    )
    (conv3): Sequential(
      (0): Conv2d(16, 1, kernel_size=(3, 3), stride=(1, 1), padding=(1, 1))
      (1): BatchNorm2d(1, eps=1e-05, momentum=0.1, affine=True, track_running_stats=True)
      (2): ReLU()
    )
  )
)
Epoch  0, trian_loss: 0.0077, trian_mae: 0.0927, trian_mse:0.0155, trian_r2: -55.1359, trian_cc: 0.0009
Epoch  0, val_loss: 0.0063, val_mae: 0.0920, val_mse: 0.0126, val_r2: -34.1960, val_cc: 0.0038
Epoch  1, trian_loss: 0.0060, trian_mae: 0.0881, trian_mse:0.0121, trian_r2: -164.5130, trian_cc: 0.0823
Epoch  1, val_loss: 0.0060, val_mae: 0.0877, val_mse: 0.0120, val_r2: -174.3432, val_cc: 0.0888
Epoch  2, trian_loss: 0.0060, trian_mae: 0.0880, trian_mse:0.0120, trian_r2: -157.7234, trian_cc: 0.0933
Epoch  2, val_loss: 0.0059, val_mae: 0.0875, val_mse: 0.0119, val_r2: -207.6245, val_cc: 0.1448
Epoch  3, trian_loss: 0.0059, trian_mae: 0.0875, trian_mse:0.0118, trian_r2: -166.2241, trian_cc: 0.1704
Epoch  3, val_loss: 0.0059, val_mae: 0.0872, val_mse: 0.0118, val_r2: -216.9778, val_cc: 0.1788
Epoch  4, trian_loss: 0.0059, trian_mae: 0.0874, trian_mse:0.0118, trian_r2: -160.0907, trian_cc: 0.1748
Epoch  4, val_loss: 0.0059, val_mae: 0.0872, val_mse: 0.0118, val_r2: -177.8662, val_cc: 0.1836
Epoch  5, trian_loss: 0.0059, trian_mae: 0.0873, trian_mse:0.0118, trian_r2: -128.3113, trian_cc: 0.1777
Epoch  5, val_loss: 0.0059, val_mae: 0.0871, val_mse: 0.0118, val_r2: -141.9004, val_cc: 0.1874
Epoch  6, trian_loss: 0.0059, trian_mae: 0.0872, trian_mse:0.0118, trian_r2: -86.7091, trian_cc: 0.1847
Epoch  6, val_loss: 0.0059, val_mae: 0.0870, val_mse: 0.0118, val_r2: -120.0789, val_cc: 0.1969
Epoch  7, trian_loss: 0.0059, trian_mae: 0.0871, trian_mse:0.0118, trian_r2: -82.9020, trian_cc: 0.1865
Epoch  7, val_loss: 0.0059, val_mae: 0.0867, val_mse: 0.0118, val_r2: -142.8949, val_cc: 0.1919
Epoch  8, trian_loss: 0.0059, trian_mae: 0.0870, trian_mse:0.0118, trian_r2: -73.2941, trian_cc: 0.1925
Epoch  8, val_loss: 0.0059, val_mae: 0.0868, val_mse: 0.0118, val_r2: -105.2929, val_cc: 0.1972
Epoch  9, trian_loss: 0.0059, trian_mae: 0.0871, trian_mse:0.0118, trian_r2: -852.7556, trian_cc: 0.1821
Epoch  9, val_loss: 0.0059, val_mae: 0.0866, val_mse: 0.0117, val_r2: -81.4317, val_cc: 0.2017
Epoch 10, trian_loss: 0.0059, trian_mae: 0.0867, trian_mse:0.0117, trian_r2: -58.0535, trian_cc: 0.2032
Epoch 10, val_loss: 0.0058, val_mae: 0.0864, val_mse: 0.0117, val_r2: -77.4127, val_cc: 0.2036
Epoch 11, trian_loss: 0.0059, trian_mae: 0.0867, trian_mse:0.0117, trian_r2: -65.8908, trian_cc: 0.2039
Epoch 11, val_loss: 0.0058, val_mae: 0.0861, val_mse: 0.0117, val_r2: -70.4886, val_cc: 0.2119
Epoch 12, trian_loss: 0.0058, trian_mae: 0.0864, trian_mse:0.0117, trian_r2: -55.9400, trian_cc: 0.2098
Epoch 12, val_loss: 0.0058, val_mae: 0.0860, val_mse: 0.0117, val_r2: -85.0884, val_cc: 0.2052
Epoch 13, trian_loss: 0.0058, trian_mae: 0.0863, trian_mse:0.0117, trian_r2: -50.1603, trian_cc: 0.2124
Epoch 13, val_loss: 0.0058, val_mae: 0.0860, val_mse: 0.0116, val_r2: -61.1822, val_cc: 0.2169
Epoch 14, trian_loss: 0.0058, trian_mae: 0.0860, trian_mse:0.0117, trian_r2: -51.1105, trian_cc: 0.2156
Epoch 14, val_loss: 0.0058, val_mae: 0.0860, val_mse: 0.0116, val_r2: -57.0684, val_cc: 0.2172
Epoch 15, trian_loss: 0.0058, trian_mae: 0.0857, trian_mse:0.0116, trian_r2: -46.4923, trian_cc: 0.2226
Epoch 15, val_loss: 0.0058, val_mae: 0.0851, val_mse: 0.0116, val_r2: -42.6299, val_cc: 0.2269
Epoch 16, trian_loss: 0.0058, trian_mae: 0.0860, trian_mse:0.0116, trian_r2: -76.1820, trian_cc: 0.2114
Epoch 16, val_loss: 0.0058, val_mae: 0.0856, val_mse: 0.0115, val_r2: -58.3999, val_cc: 0.2305
Epoch 17, trian_loss: 0.0058, trian_mae: 0.0852, trian_mse:0.0115, trian_r2: -44.9997, trian_cc: 0.2319
Epoch 17, val_loss: 0.0057, val_mae: 0.0851, val_mse: 0.0115, val_r2: -41.2824, val_cc: 0.2335
Epoch 18, trian_loss: 0.0058, trian_mae: 0.0853, trian_mse:0.0115, trian_r2: -48.5419, trian_cc: 0.2309
Epoch 18, val_loss: 0.0057, val_mae: 0.0850, val_mse: 0.0114, val_r2: -52.3826, val_cc: 0.2370
Epoch 19, trian_loss: 0.0057, trian_mae: 0.0850, trian_mse:0.0115, trian_r2: -44.8305, trian_cc: 0.2380
Epoch 19, val_loss: 0.0057, val_mae: 0.0852, val_mse: 0.0114, val_r2: -50.6379, val_cc: 0.2430
Epoch 20, trian_loss: 0.0057, trian_mae: 0.0850, trian_mse:0.0115, trian_r2: -42.1193, trian_cc: 0.2405
Epoch 20, val_loss: 0.0057, val_mae: 0.0846, val_mse: 0.0114, val_r2: -38.4967, val_cc: 0.2445
Epoch 21, trian_loss: 0.0057, trian_mae: 0.0849, trian_mse:0.0114, trian_r2: -43.5458, trian_cc: 0.2426
Epoch 21, val_loss: 0.0057, val_mae: 0.0846, val_mse: 0.0114, val_r2: -43.4546, val_cc: 0.2449
Epoch 22, trian_loss: 0.0057, trian_mae: 0.0848, trian_mse:0.0114, trian_r2: -40.1495, trian_cc: 0.2444
Epoch 22, val_loss: 0.0057, val_mae: 0.0844, val_mse: 0.0114, val_r2: -36.4387, val_cc: 0.2491
Epoch 23, trian_loss: 0.0057, trian_mae: 0.0848, trian_mse:0.0114, trian_r2: -39.8829, trian_cc: 0.2448
Epoch 23, val_loss: 0.0057, val_mae: 0.0843, val_mse: 0.0114, val_r2: -35.7499, val_cc: 0.2484
Epoch 24, trian_loss: 0.0057, trian_mae: 0.0848, trian_mse:0.0114, trian_r2: -37.7941, trian_cc: 0.2476
Epoch 24, val_loss: 0.0057, val_mae: 0.0842, val_mse: 0.0114, val_r2: -36.3339, val_cc: 0.2496
Epoch 25, trian_loss: 0.0057, trian_mae: 0.0847, trian_mse:0.0114, trian_r2: -38.0027, trian_cc: 0.2493
Epoch 25, val_loss: 0.0057, val_mae: 0.0841, val_mse: 0.0114, val_r2: -35.3362, val_cc: 0.2520
Epoch 26, trian_loss: 0.0057, trian_mae: 0.0846, trian_mse:0.0114, trian_r2: -35.9338, trian_cc: 0.2504
Epoch 26, val_loss: 0.0057, val_mae: 0.0844, val_mse: 0.0113, val_r2: -35.6502, val_cc: 0.2524
Epoch 27, trian_loss: 0.0057, trian_mae: 0.0848, trian_mse:0.0114, trian_r2: -42.3738, trian_cc: 0.2478
Epoch 27, val_loss: 0.0056, val_mae: 0.0847, val_mse: 0.0113, val_r2: -37.7915, val_cc: 0.2534
Epoch 28, trian_loss: 0.0057, trian_mae: 0.0847, trian_mse:0.0114, trian_r2: -37.8378, trian_cc: 0.2506
Epoch 28, val_loss: 0.0057, val_mae: 0.0840, val_mse: 0.0114, val_r2: -32.6234, val_cc: 0.2538
Epoch 29, trian_loss: 0.0057, trian_mae: 0.0844, trian_mse:0.0113, trian_r2: -34.7710, trian_cc: 0.2522
Epoch 29, val_loss: 0.0057, val_mae: 0.0853, val_mse: 0.0114, val_r2: -42.4486, val_cc: 0.2443
Epoch 30, trian_loss: 0.0057, trian_mae: 0.0846, trian_mse:0.0114, trian_r2: -36.2672, trian_cc: 0.2517
Epoch 30, val_loss: 0.0057, val_mae: 0.0844, val_mse: 0.0114, val_r2: -34.1568, val_cc: 0.2482
Epoch 31, trian_loss: 0.0057, trian_mae: 0.0846, trian_mse:0.0114, trian_r2: -36.7858, trian_cc: 0.2523
Epoch 31, val_loss: 0.0057, val_mae: 0.0846, val_mse: 0.0113, val_r2: -35.4339, val_cc: 0.2566
Epoch 32, trian_loss: 0.0057, trian_mae: 0.0846, trian_mse:0.0114, trian_r2: -37.8372, trian_cc: 0.2529
Epoch 32, val_loss: 0.0057, val_mae: 0.0841, val_mse: 0.0113, val_r2: -32.2062, val_cc: 0.2521
Epoch 33, trian_loss: 0.0057, trian_mae: 0.0845, trian_mse:0.0113, trian_r2: -34.6673, trian_cc: 0.2531
Epoch 33, val_loss: 0.0056, val_mae: 0.0844, val_mse: 0.0113, val_r2: -35.2408, val_cc: 0.2605
Epoch 34, trian_loss: 0.0057, trian_mae: 0.0843, trian_mse:0.0113, trian_r2: -35.2230, trian_cc: 0.2555
Epoch 34, val_loss: 0.0057, val_mae: 0.0840, val_mse: 0.0113, val_r2: -31.7183, val_cc: 0.2569
Epoch 35, trian_loss: 0.0056, trian_mae: 0.0844, trian_mse:0.0113, trian_r2: -35.4752, trian_cc: 0.2567
Epoch 35, val_loss: 0.0057, val_mae: 0.0837, val_mse: 0.0114, val_r2: -27.4989, val_cc: 0.2568
Epoch 36, trian_loss: 0.0057, trian_mae: 0.0844, trian_mse:0.0113, trian_r2: -34.2830, trian_cc: 0.2575
Epoch 36, val_loss: 0.0056, val_mae: 0.0841, val_mse: 0.0113, val_r2: -31.2980, val_cc: 0.2558
Epoch 37, trian_loss: 0.0056, trian_mae: 0.0844, trian_mse:0.0113, trian_r2: -33.8756, trian_cc: 0.2578
Epoch 37, val_loss: 0.0057, val_mae: 0.0838, val_mse: 0.0114, val_r2: -34.1857, val_cc: 0.2519
Epoch 38, trian_loss: 0.0057, trian_mae: 0.0844, trian_mse:0.0113, trian_r2: -36.1809, trian_cc: 0.2560
Epoch 38, val_loss: 0.0057, val_mae: 0.0843, val_mse: 0.0113, val_r2: -34.4336, val_cc: 0.2548
Epoch 39, trian_loss: 0.0056, trian_mae: 0.0843, trian_mse:0.0113, trian_r2: -33.5316, trian_cc: 0.2581
Epoch 39, val_loss: 0.0056, val_mae: 0.0844, val_mse: 0.0113, val_r2: -34.5818, val_cc: 0.2592
Epoch 40, trian_loss: 0.0056, trian_mae: 0.0841, trian_mse:0.0113, trian_r2: -31.0747, trian_cc: 0.2574
Epoch 40, val_loss: 0.0056, val_mae: 0.0840, val_mse: 0.0113, val_r2: -31.4533, val_cc: 0.2554
Epoch 41, trian_loss: 0.0056, trian_mae: 0.0843, trian_mse:0.0113, trian_r2: -32.4817, trian_cc: 0.2589
Epoch 41, val_loss: 0.0056, val_mae: 0.0837, val_mse: 0.0113, val_r2: -30.4620, val_cc: 0.2573
Epoch 42, trian_loss: 0.0056, trian_mae: 0.0845, trian_mse:0.0113, trian_r2: -41.8212, trian_cc: 0.2555
Epoch 42, val_loss: 0.0057, val_mae: 0.0849, val_mse: 0.0115, val_r2: -110.7663, val_cc: 0.2403
Epoch 43, trian_loss: 0.0057, trian_mae: 0.0845, trian_mse:0.0114, trian_r2: -43.7625, trian_cc: 0.2484
Epoch 43, val_loss: 0.0057, val_mae: 0.0840, val_mse: 0.0114, val_r2: -34.8133, val_cc: 0.2530
Epoch 44, trian_loss: 0.0056, trian_mae: 0.0844, trian_mse:0.0113, trian_r2: -34.1334, trian_cc: 0.2525
Epoch 44, val_loss: 0.0057, val_mae: 0.0844, val_mse: 0.0113, val_r2: -36.5496, val_cc: 0.2569
Epoch 45, trian_loss: 0.0056, trian_mae: 0.0840, trian_mse:0.0112, trian_r2: -33.6434, trian_cc: 0.2590
Epoch 45, val_loss: 0.0057, val_mae: 0.0838, val_mse: 0.0114, val_r2: -27.5687, val_cc: 0.2554
Epoch 46, trian_loss: 0.0056, trian_mae: 0.0841, trian_mse:0.0112, trian_r2: -33.8573, trian_cc: 0.2591
Epoch 46, val_loss: 0.0056, val_mae: 0.0838, val_mse: 0.0113, val_r2: -30.5939, val_cc: 0.2547
Epoch 47, trian_loss: 0.0056, trian_mae: 0.0841, trian_mse:0.0112, trian_r2: -31.4612, trian_cc: 0.2594
Epoch 47, val_loss: 0.0057, val_mae: 0.0838, val_mse: 0.0113, val_r2: -30.3030, val_cc: 0.2562
Epoch 48, trian_loss: 0.0056, trian_mae: 0.0841, trian_mse:0.0112, trian_r2: -32.5468, trian_cc: 0.2601
Epoch 48, val_loss: 0.0057, val_mae: 0.0837, val_mse: 0.0113, val_r2: -30.8034, val_cc: 0.2570
Epoch 49, trian_loss: 0.0056, trian_mae: 0.0839, trian_mse:0.0112, trian_r2: -32.1734, trian_cc: 0.2608
Epoch 49, val_loss: 0.0057, val_mae: 0.0837, val_mse: 0.0113, val_r2: -25.5540, val_cc: 0.2570
Epoch 50, trian_loss: 0.0056, trian_mae: 0.0839, trian_mse:0.0112, trian_r2: -31.2945, trian_cc: 0.2628
Epoch 50, val_loss: 0.0056, val_mae: 0.0838, val_mse: 0.0113, val_r2: -30.0181, val_cc: 0.2579
Epoch 51, trian_loss: 0.0056, trian_mae: 0.0839, trian_mse:0.0112, trian_r2: -33.4555, trian_cc: 0.2615
Epoch 51, val_loss: 0.0057, val_mae: 0.0837, val_mse: 0.0113, val_r2: -31.8038, val_cc: 0.2575
Epoch 52, trian_loss: 0.0056, trian_mae: 0.0840, trian_mse:0.0112, trian_r2: -34.4355, trian_cc: 0.2610
Epoch 52, val_loss: 0.0056, val_mae: 0.0837, val_mse: 0.0112, val_r2: -31.6277, val_cc: 0.2633
Epoch 53, trian_loss: 0.0056, trian_mae: 0.0837, trian_mse:0.0112, trian_r2: -34.7508, trian_cc: 0.2648
Epoch 53, val_loss: 0.0056, val_mae: 0.0843, val_mse: 0.0111, val_r2: -28.8919, val_cc: 0.2633
Epoch 54, trian_loss: 0.0056, trian_mae: 0.0838, trian_mse:0.0112, trian_r2: -31.4270, trian_cc: 0.2618
Epoch 54, val_loss: 0.0057, val_mae: 0.0838, val_mse: 0.0114, val_r2: -27.5391, val_cc: 0.2623
Epoch 55, trian_loss: 0.0056, trian_mae: 0.0834, trian_mse:0.0111, trian_r2: -29.7114, trian_cc: 0.2749
Epoch 55, val_loss: 0.0056, val_mae: 0.0849, val_mse: 0.0112, val_r2: -32.5380, val_cc: 0.2599
Epoch 56, trian_loss: 0.0056, trian_mae: 0.0841, trian_mse:0.0112, trian_r2: -35.5034, trian_cc: 0.2579
Epoch 56, val_loss: 0.0059, val_mae: 0.0832, val_mse: 0.0118, val_r2: -32.0968, val_cc: 0.2430
Epoch 57, trian_loss: 0.0056, trian_mae: 0.0834, trian_mse:0.0111, trian_r2: -28.7232, trian_cc: 0.2764
Epoch 57, val_loss: 0.0056, val_mae: 0.0829, val_mse: 0.0111, val_r2: -26.1873, val_cc: 0.2870
Epoch 58, trian_loss: 0.0055, trian_mae: 0.0832, trian_mse:0.0111, trian_r2: -29.1343, trian_cc: 0.2773
Epoch 58, val_loss: 0.0055, val_mae: 0.0825, val_mse: 0.0111, val_r2: -17.7859, val_cc: 0.3024
Epoch 59, trian_loss: 0.0055, trian_mae: 0.0830, trian_mse:0.0110, trian_r2: -28.0083, trian_cc: 0.2912
Epoch 59, val_loss: 0.0056, val_mae: 0.0838, val_mse: 0.0112, val_r2: -37.8689, val_cc: 0.2718
Epoch 60, trian_loss: 0.0056, trian_mae: 0.0835, trian_mse:0.0111, trian_r2: -32.9075, trian_cc: 0.2731
Epoch 60, val_loss: 0.0055, val_mae: 0.0829, val_mse: 0.0110, val_r2: -23.6410, val_cc: 0.2997
Epoch 61, trian_loss: 0.0055, trian_mae: 0.0828, trian_mse:0.0110, trian_r2: -22.6957, trian_cc: 0.3004
Epoch 61, val_loss: 0.0056, val_mae: 0.0834, val_mse: 0.0112, val_r2: -36.3200, val_cc: 0.2824
Epoch 62, trian_loss: 0.0055, trian_mae: 0.0826, trian_mse:0.0110, trian_r2: -22.9599, trian_cc: 0.3018
Epoch 62, val_loss: 0.0056, val_mae: 0.0826, val_mse: 0.0112, val_r2: -28.4074, val_cc: 0.2900
Epoch 63, trian_loss: 0.0055, trian_mae: 0.0825, trian_mse:0.0109, trian_r2: -22.9804, trian_cc: 0.2994
Epoch 63, val_loss: 0.0055, val_mae: 0.0823, val_mse: 0.0109, val_r2: -15.6025, val_cc: 0.3202
Epoch 64, trian_loss: 0.0054, trian_mae: 0.0821, trian_mse:0.0108, trian_r2: -15.4321, trian_cc: 0.3201
Epoch 64, val_loss: 0.0055, val_mae: 0.0826, val_mse: 0.0110, val_r2: -20.8468, val_cc: 0.3179
Epoch 65, trian_loss: 0.0054, trian_mae: 0.0819, trian_mse:0.0108, trian_r2: -16.5697, trian_cc: 0.3220
Epoch 65, val_loss: 0.0055, val_mae: 0.0822, val_mse: 0.0110, val_r2: -18.2557, val_cc: 0.3298
Epoch 66, trian_loss: 0.0053, trian_mae: 0.0815, trian_mse:0.0107, trian_r2: -14.4629, trian_cc: 0.3287
Epoch 66, val_loss: 0.0056, val_mae: 0.0829, val_mse: 0.0111, val_r2: -23.7301, val_cc: 0.3081
Epoch 67, trian_loss: 0.0053, trian_mae: 0.0813, trian_mse:0.0106, trian_r2: -12.7645, trian_cc: 0.3315
Epoch 67, val_loss: 0.0055, val_mae: 0.0826, val_mse: 0.0109, val_r2: -19.5731, val_cc: 0.3266
Epoch 68, trian_loss: 0.0053, trian_mae: 0.0813, trian_mse:0.0106, trian_r2: -13.0643, trian_cc: 0.3312
Epoch 68, val_loss: 0.0054, val_mae: 0.0827, val_mse: 0.0109, val_r2: -18.1490, val_cc: 0.3278
Epoch 69, trian_loss: 0.0052, trian_mae: 0.0810, trian_mse:0.0105, trian_r2: -11.0260, trian_cc: 0.3358
Epoch 69, val_loss: 0.0054, val_mae: 0.0819, val_mse: 0.0108, val_r2: -15.2055, val_cc: 0.3406
Epoch 70, trian_loss: 0.0052, trian_mae: 0.0808, trian_mse:0.0104, trian_r2: -10.1459, trian_cc: 0.3412
Epoch 70, val_loss: 0.0054, val_mae: 0.0823, val_mse: 0.0108, val_r2: -17.2888, val_cc: 0.3398
Epoch 71, trian_loss: 0.0052, trian_mae: 0.0808, trian_mse:0.0104, trian_r2: -11.0576, trian_cc: 0.3416
Epoch 71, val_loss: 0.0055, val_mae: 0.0818, val_mse: 0.0109, val_r2: -17.6653, val_cc: 0.3328
Epoch 72, trian_loss: 0.0052, trian_mae: 0.0807, trian_mse:0.0103, trian_r2: -10.1713, trian_cc: 0.3459
Epoch 72, val_loss: 0.0053, val_mae: 0.0818, val_mse: 0.0107, val_r2: -12.6099, val_cc: 0.3465
Epoch 73, trian_loss: 0.0051, trian_mae: 0.0805, trian_mse:0.0102, trian_r2: -10.9392, trian_cc: 0.3435
Epoch 73, val_loss: 0.0054, val_mae: 0.0821, val_mse: 0.0108, val_r2: -15.0522, val_cc: 0.3425
Epoch 74, trian_loss: 0.0051, trian_mae: 0.0805, trian_mse:0.0103, trian_r2: -10.8555, trian_cc: 0.3455
Epoch 74, val_loss: 0.0053, val_mae: 0.0819, val_mse: 0.0107, val_r2: -14.6359, val_cc: 0.3455
Epoch 75, trian_loss: 0.0051, trian_mae: 0.0807, trian_mse:0.0103, trian_r2: -16.0986, trian_cc: 0.3336
Epoch 75, val_loss: 0.0055, val_mae: 0.0821, val_mse: 0.0110, val_r2: -21.3575, val_cc: 0.3233
Epoch 76, trian_loss: 0.0051, trian_mae: 0.0802, trian_mse:0.0102, trian_r2: -9.4258, trian_cc: 0.3517
Epoch 76, val_loss: 0.0054, val_mae: 0.0820, val_mse: 0.0108, val_r2: -14.0580, val_cc: 0.3485
Epoch 77, trian_loss: 0.0050, trian_mae: 0.0799, trian_mse:0.0101, trian_r2: -9.3386, trian_cc: 0.3554
Epoch 77, val_loss: 0.0054, val_mae: 0.0818, val_mse: 0.0107, val_r2: -15.0256, val_cc: 0.3477
Epoch 78, trian_loss: 0.0050, trian_mae: 0.0800, trian_mse:0.0101, trian_r2: -11.0335, trian_cc: 0.3519
Epoch 78, val_loss: 0.0054, val_mae: 0.0821, val_mse: 0.0107, val_r2: -21.3133, val_cc: 0.3346
Epoch 79, trian_loss: 0.0051, trian_mae: 0.0802, trian_mse:0.0102, trian_r2: -11.0326, trian_cc: 0.3506
Epoch 79, val_loss: 0.0054, val_mae: 0.0819, val_mse: 0.0107, val_r2: -17.5544, val_cc: 0.3478
Epoch 80, trian_loss: 0.0050, trian_mae: 0.0799, trian_mse:0.0100, trian_r2: -9.6989, trian_cc: 0.3561
Epoch 80, val_loss: 0.0054, val_mae: 0.0819, val_mse: 0.0107, val_r2: -16.4113, val_cc: 0.3451
Epoch 81, trian_loss: 0.0050, trian_mae: 0.0794, trian_mse:0.0099, trian_r2: -8.6652, trian_cc: 0.3612
Epoch 81, val_loss: 0.0053, val_mae: 0.0818, val_mse: 0.0106, val_r2: -11.5489, val_cc: 0.3559
Epoch 82, trian_loss: 0.0051, trian_mae: 0.0797, trian_mse:0.0101, trian_r2: -8.7755, trian_cc: 0.3598
Epoch 82, val_loss: 0.0053, val_mae: 0.0816, val_mse: 0.0106, val_r2: -12.1139, val_cc: 0.3539
Epoch 83, trian_loss: 0.0050, trian_mae: 0.0796, trian_mse:0.0100, trian_r2: -10.1488, trian_cc: 0.3579
Epoch 83, val_loss: 0.0054, val_mae: 0.0817, val_mse: 0.0108, val_r2: -11.8475, val_cc: 0.3559
Epoch 84, trian_loss: 0.0049, trian_mae: 0.0790, trian_mse:0.0098, trian_r2: -8.2667, trian_cc: 0.3669
Epoch 84, val_loss: 0.0054, val_mae: 0.0822, val_mse: 0.0107, val_r2: -12.9681, val_cc: 0.3551
Epoch 85, trian_loss: 0.0050, trian_mae: 0.0800, trian_mse:0.0101, trian_r2: -12.3552, trian_cc: 0.3491
Epoch 85, val_loss: 0.0054, val_mae: 0.0821, val_mse: 0.0108, val_r2: -13.8992, val_cc: 0.3500
Epoch 86, trian_loss: 0.0049, trian_mae: 0.0790, trian_mse:0.0098, trian_r2: -8.4220, trian_cc: 0.3679
Epoch 86, val_loss: 0.0053, val_mae: 0.0819, val_mse: 0.0106, val_r2: -13.3371, val_cc: 0.3592
Epoch 87, trian_loss: 0.0049, trian_mae: 0.0790, trian_mse:0.0098, trian_r2: -8.0043, trian_cc: 0.3685
Epoch 87, val_loss: 0.0053, val_mae: 0.0817, val_mse: 0.0107, val_r2: -15.8318, val_cc: 0.3581
Epoch 88, trian_loss: 0.0050, trian_mae: 0.0793, trian_mse:0.0100, trian_r2: -9.3418, trian_cc: 0.3656
Epoch 88, val_loss: 0.0054, val_mae: 0.0820, val_mse: 0.0108, val_r2: -13.2153, val_cc: 0.3554
Epoch 89, trian_loss: 0.0049, trian_mae: 0.0789, trian_mse:0.0098, trian_r2: -9.1810, trian_cc: 0.3665
Epoch 89, val_loss: 0.0054, val_mae: 0.0822, val_mse: 0.0108, val_r2: -16.3959, val_cc: 0.3531
Epoch 90, trian_loss: 0.0049, trian_mae: 0.0792, trian_mse:0.0099, trian_r2: -10.9336, trian_cc: 0.3608
Epoch 90, val_loss: 0.0054, val_mae: 0.0819, val_mse: 0.0108, val_r2: -13.6744, val_cc: 0.3585
Epoch 91, trian_loss: 0.0049, trian_mae: 0.0788, trian_mse:0.0098, trian_r2: -8.4822, trian_cc: 0.3724
Epoch 91, val_loss: 0.0054, val_mae: 0.0817, val_mse: 0.0107, val_r2: -13.3930, val_cc: 0.3594
Epoch 92, trian_loss: 0.0048, trian_mae: 0.0785, trian_mse:0.0097, trian_r2: -7.8473, trian_cc: 0.3764
Epoch 92, val_loss: 0.0053, val_mae: 0.0816, val_mse: 0.0106, val_r2: -13.3146, val_cc: 0.3631
Epoch 93, trian_loss: 0.0049, trian_mae: 0.0787, trian_mse:0.0098, trian_r2: -8.4475, trian_cc: 0.3752
Epoch 93, val_loss: 0.0054, val_mae: 0.0818, val_mse: 0.0107, val_r2: -15.0666, val_cc: 0.3587
Epoch 94, trian_loss: 0.0049, trian_mae: 0.0786, trian_mse:0.0097, trian_r2: -7.9839, trian_cc: 0.3751
Epoch 94, val_loss: 0.0054, val_mae: 0.0818, val_mse: 0.0108, val_r2: -12.8002, val_cc: 0.3601
Epoch 95, trian_loss: 0.0049, trian_mae: 0.0784, trian_mse:0.0098, trian_r2: -7.6706, trian_cc: 0.3790
Epoch 95, val_loss: 0.0054, val_mae: 0.0817, val_mse: 0.0107, val_r2: -13.9141, val_cc: 0.3607
Epoch 96, trian_loss: 0.0049, trian_mae: 0.0785, trian_mse:0.0097, trian_r2: -8.0088, trian_cc: 0.3797
Epoch 96, val_loss: 0.0054, val_mae: 0.0815, val_mse: 0.0107, val_r2: -12.4723, val_cc: 0.3637
Epoch 97, trian_loss: 0.0048, trian_mae: 0.0784, trian_mse:0.0097, trian_r2: -7.6930, trian_cc: 0.3802
Epoch 97, val_loss: 0.0053, val_mae: 0.0814, val_mse: 0.0107, val_r2: -12.9340, val_cc: 0.3626
Epoch 98, trian_loss: 0.0048, trian_mae: 0.0780, trian_mse:0.0096, trian_r2: -7.0685, trian_cc: 0.3854
Epoch 98, val_loss: 0.0053, val_mae: 0.0814, val_mse: 0.0106, val_r2: -11.9251, val_cc: 0.3612
Epoch 99, trian_loss: 0.0048, trian_mae: 0.0779, trian_mse:0.0095, trian_r2: -7.2868, trian_cc: 0.3853
Epoch 99, val_loss: 0.0053, val_mae: 0.0817, val_mse: 0.0107, val_r2: -12.8384, val_cc: 0.3601
