Trian Data: 532   Validation Data: 177  Test Data: 178
[1, 1, 1, 1]
[1, 1, 1, 1]
[1, 1, 1, 1]
[1, 1, 1]
model SENet(
  (conv1): Conv2d(61, 64, kernel_size=(3, 3), stride=(1, 1), padding=(1, 1), bias=False)
  (bn1): BatchNorm2d(64, eps=1e-05, momentum=0.1, affine=True, track_running_stats=True)
  (layer1): Sequential(
    (0): BasicBlock(
      (conv1): Conv2d(64, 64, kernel_size=(3, 3), stride=(1, 1), padding=(1, 1), bias=False)
      (bn1): BatchNorm2d(64, eps=1e-05, momentum=0.1, affine=True, track_running_stats=True)
      (conv2): Conv2d(64, 64, kernel_size=(3, 3), stride=(1, 1), padding=(1, 1), bias=False)
      (bn2): BatchNorm2d(64, eps=1e-05, momentum=0.1, affine=True, track_running_stats=True)
      (shortcut): Sequential()
      (fc1): Conv2d(64, 4, kernel_size=(1, 1), stride=(1, 1))
      (fc2): Conv2d(4, 64, kernel_size=(1, 1), stride=(1, 1))
    )
    (1): BasicBlock(
      (conv1): Conv2d(64, 64, kernel_size=(3, 3), stride=(1, 1), padding=(1, 1), bias=False)
      (bn1): BatchNorm2d(64, eps=1e-05, momentum=0.1, affine=True, track_running_stats=True)
      (conv2): Conv2d(64, 64, kernel_size=(3, 3), stride=(1, 1), padding=(1, 1), bias=False)
      (bn2): BatchNorm2d(64, eps=1e-05, momentum=0.1, affine=True, track_running_stats=True)
      (shortcut): Sequential()
      (fc1): Conv2d(64, 4, kernel_size=(1, 1), stride=(1, 1))
      (fc2): Conv2d(4, 64, kernel_size=(1, 1), stride=(1, 1))
    )
    (2): BasicBlock(
      (conv1): Conv2d(64, 64, kernel_size=(3, 3), stride=(1, 1), padding=(1, 1), bias=False)
      (bn1): BatchNorm2d(64, eps=1e-05, momentum=0.1, affine=True, track_running_stats=True)
      (conv2): Conv2d(64, 64, kernel_size=(3, 3), stride=(1, 1), padding=(1, 1), bias=False)
      (bn2): BatchNorm2d(64, eps=1e-05, momentum=0.1, affine=True, track_running_stats=True)
      (shortcut): Sequential()
      (fc1): Conv2d(64, 4, kernel_size=(1, 1), stride=(1, 1))
      (fc2): Conv2d(4, 64, kernel_size=(1, 1), stride=(1, 1))
    )
    (3): BasicBlock(
      (conv1): Conv2d(64, 64, kernel_size=(3, 3), stride=(1, 1), padding=(1, 1), bias=False)
      (bn1): BatchNorm2d(64, eps=1e-05, momentum=0.1, affine=True, track_running_stats=True)
      (conv2): Conv2d(64, 64, kernel_size=(3, 3), stride=(1, 1), padding=(1, 1), bias=False)
      (bn2): BatchNorm2d(64, eps=1e-05, momentum=0.1, affine=True, track_running_stats=True)
      (shortcut): Sequential()
      (fc1): Conv2d(64, 4, kernel_size=(1, 1), stride=(1, 1))
      (fc2): Conv2d(4, 64, kernel_size=(1, 1), stride=(1, 1))
    )
  )
  (layer2): Sequential(
    (0): BasicBlock(
      (conv1): Conv2d(64, 64, kernel_size=(3, 3), stride=(1, 1), padding=(1, 1), bias=False)
      (bn1): BatchNorm2d(64, eps=1e-05, momentum=0.1, affine=True, track_running_stats=True)
      (conv2): Conv2d(64, 64, kernel_size=(3, 3), stride=(1, 1), padding=(1, 1), bias=False)
      (bn2): BatchNorm2d(64, eps=1e-05, momentum=0.1, affine=True, track_running_stats=True)
      (shortcut): Sequential()
      (fc1): Conv2d(64, 4, kernel_size=(1, 1), stride=(1, 1))
      (fc2): Conv2d(4, 64, kernel_size=(1, 1), stride=(1, 1))
    )
    (1): BasicBlock(
      (conv1): Conv2d(64, 64, kernel_size=(3, 3), stride=(1, 1), padding=(1, 1), bias=False)
      (bn1): BatchNorm2d(64, eps=1e-05, momentum=0.1, affine=True, track_running_stats=True)
      (conv2): Conv2d(64, 64, kernel_size=(3, 3), stride=(1, 1), padding=(1, 1), bias=False)
      (bn2): BatchNorm2d(64, eps=1e-05, momentum=0.1, affine=True, track_running_stats=True)
      (shortcut): Sequential()
      (fc1): Conv2d(64, 4, kernel_size=(1, 1), stride=(1, 1))
      (fc2): Conv2d(4, 64, kernel_size=(1, 1), stride=(1, 1))
    )
    (2): BasicBlock(
      (conv1): Conv2d(64, 64, kernel_size=(3, 3), stride=(1, 1), padding=(1, 1), bias=False)
      (bn1): BatchNorm2d(64, eps=1e-05, momentum=0.1, affine=True, track_running_stats=True)
      (conv2): Conv2d(64, 64, kernel_size=(3, 3), stride=(1, 1), padding=(1, 1), bias=False)
      (bn2): BatchNorm2d(64, eps=1e-05, momentum=0.1, affine=True, track_running_stats=True)
      (shortcut): Sequential()
      (fc1): Conv2d(64, 4, kernel_size=(1, 1), stride=(1, 1))
      (fc2): Conv2d(4, 64, kernel_size=(1, 1), stride=(1, 1))
    )
    (3): BasicBlock(
      (conv1): Conv2d(64, 64, kernel_size=(3, 3), stride=(1, 1), padding=(1, 1), bias=False)
      (bn1): BatchNorm2d(64, eps=1e-05, momentum=0.1, affine=True, track_running_stats=True)
      (conv2): Conv2d(64, 64, kernel_size=(3, 3), stride=(1, 1), padding=(1, 1), bias=False)
      (bn2): BatchNorm2d(64, eps=1e-05, momentum=0.1, affine=True, track_running_stats=True)
      (shortcut): Sequential()
      (fc1): Conv2d(64, 4, kernel_size=(1, 1), stride=(1, 1))
      (fc2): Conv2d(4, 64, kernel_size=(1, 1), stride=(1, 1))
    )
  )
  (layer3): Sequential(
    (0): BasicBlock(
      (conv1): Conv2d(64, 64, kernel_size=(3, 3), stride=(1, 1), padding=(1, 1), bias=False)
      (bn1): BatchNorm2d(64, eps=1e-05, momentum=0.1, affine=True, track_running_stats=True)
      (conv2): Conv2d(64, 64, kernel_size=(3, 3), stride=(1, 1), padding=(1, 1), bias=False)
      (bn2): BatchNorm2d(64, eps=1e-05, momentum=0.1, affine=True, track_running_stats=True)
      (shortcut): Sequential()
      (fc1): Conv2d(64, 4, kernel_size=(1, 1), stride=(1, 1))
      (fc2): Conv2d(4, 64, kernel_size=(1, 1), stride=(1, 1))
    )
    (1): BasicBlock(
      (conv1): Conv2d(64, 64, kernel_size=(3, 3), stride=(1, 1), padding=(1, 1), bias=False)
      (bn1): BatchNorm2d(64, eps=1e-05, momentum=0.1, affine=True, track_running_stats=True)
      (conv2): Conv2d(64, 64, kernel_size=(3, 3), stride=(1, 1), padding=(1, 1), bias=False)
      (bn2): BatchNorm2d(64, eps=1e-05, momentum=0.1, affine=True, track_running_stats=True)
      (shortcut): Sequential()
      (fc1): Conv2d(64, 4, kernel_size=(1, 1), stride=(1, 1))
      (fc2): Conv2d(4, 64, kernel_size=(1, 1), stride=(1, 1))
    )
    (2): BasicBlock(
      (conv1): Conv2d(64, 64, kernel_size=(3, 3), stride=(1, 1), padding=(1, 1), bias=False)
      (bn1): BatchNorm2d(64, eps=1e-05, momentum=0.1, affine=True, track_running_stats=True)
      (conv2): Conv2d(64, 64, kernel_size=(3, 3), stride=(1, 1), padding=(1, 1), bias=False)
      (bn2): BatchNorm2d(64, eps=1e-05, momentum=0.1, affine=True, track_running_stats=True)
      (shortcut): Sequential()
      (fc1): Conv2d(64, 4, kernel_size=(1, 1), stride=(1, 1))
      (fc2): Conv2d(4, 64, kernel_size=(1, 1), stride=(1, 1))
    )
    (3): BasicBlock(
      (conv1): Conv2d(64, 64, kernel_size=(3, 3), stride=(1, 1), padding=(1, 1), bias=False)
      (bn1): BatchNorm2d(64, eps=1e-05, momentum=0.1, affine=True, track_running_stats=True)
      (conv2): Conv2d(64, 64, kernel_size=(3, 3), stride=(1, 1), padding=(1, 1), bias=False)
      (bn2): BatchNorm2d(64, eps=1e-05, momentum=0.1, affine=True, track_running_stats=True)
      (shortcut): Sequential()
      (fc1): Conv2d(64, 4, kernel_size=(1, 1), stride=(1, 1))
      (fc2): Conv2d(4, 64, kernel_size=(1, 1), stride=(1, 1))
    )
  )
  (layer4): Sequential(
    (0): BasicBlock(
      (conv1): Conv2d(64, 64, kernel_size=(3, 3), stride=(1, 1), padding=(1, 1), bias=False)
      (bn1): BatchNorm2d(64, eps=1e-05, momentum=0.1, affine=True, track_running_stats=True)
      (conv2): Conv2d(64, 64, kernel_size=(3, 3), stride=(1, 1), padding=(1, 1), bias=False)
      (bn2): BatchNorm2d(64, eps=1e-05, momentum=0.1, affine=True, track_running_stats=True)
      (shortcut): Sequential()
      (fc1): Conv2d(64, 4, kernel_size=(1, 1), stride=(1, 1))
      (fc2): Conv2d(4, 64, kernel_size=(1, 1), stride=(1, 1))
    )
    (1): BasicBlock(
      (conv1): Conv2d(64, 64, kernel_size=(3, 3), stride=(1, 1), padding=(1, 1), bias=False)
      (bn1): BatchNorm2d(64, eps=1e-05, momentum=0.1, affine=True, track_running_stats=True)
      (conv2): Conv2d(64, 64, kernel_size=(3, 3), stride=(1, 1), padding=(1, 1), bias=False)
      (bn2): BatchNorm2d(64, eps=1e-05, momentum=0.1, affine=True, track_running_stats=True)
      (shortcut): Sequential()
      (fc1): Conv2d(64, 4, kernel_size=(1, 1), stride=(1, 1))
      (fc2): Conv2d(4, 64, kernel_size=(1, 1), stride=(1, 1))
    )
    (2): BasicBlock(
      (conv1): Conv2d(64, 64, kernel_size=(3, 3), stride=(1, 1), padding=(1, 1), bias=False)
      (bn1): BatchNorm2d(64, eps=1e-05, momentum=0.1, affine=True, track_running_stats=True)
      (conv2): Conv2d(64, 64, kernel_size=(3, 3), stride=(1, 1), padding=(1, 1), bias=False)
      (bn2): BatchNorm2d(64, eps=1e-05, momentum=0.1, affine=True, track_running_stats=True)
      (shortcut): Sequential()
      (fc1): Conv2d(64, 4, kernel_size=(1, 1), stride=(1, 1))
      (fc2): Conv2d(4, 64, kernel_size=(1, 1), stride=(1, 1))
    )
  )
  (cnn): CNNnet(
    (conv1): Sequential(
      (0): Conv2d(64, 32, kernel_size=(3, 3), stride=(1, 1), padding=(1, 1))
      (1): BatchNorm2d(32, eps=1e-05, momentum=0.1, affine=True, track_running_stats=True)
      (2): ReLU()
    )
    (conv2): Sequential(
      (0): Conv2d(32, 16, kernel_size=(3, 3), stride=(1, 1), padding=(1, 1))
      (1): BatchNorm2d(16, eps=1e-05, momentum=0.1, affine=True, track_running_stats=True)
      (2): ReLU()
    )
    (conv3): Sequential(
      (0): Conv2d(16, 1, kernel_size=(3, 3), stride=(1, 1), padding=(1, 1))
      (1): BatchNorm2d(1, eps=1e-05, momentum=0.1, affine=True, track_running_stats=True)
      (2): ReLU()
    )
  )
)
Epoch  0, trian_loss: 0.0070, trian_mae: 0.0848, trian_mse:0.0141, trian_r2: -20.8084, trian_cc: 0.1959
Epoch  0, val_loss: 0.0057, val_mae: 0.0847, val_mse: 0.0114, val_r2: -11.9269, val_cc: 0.1695
Epoch  1, trian_loss: 0.0050, trian_mae: 0.0743, trian_mse:0.0100, trian_r2: -4330.2435, trian_cc: 0.0794
Epoch  1, val_loss: 0.0049, val_mae: 0.0743, val_mse: 0.0098, val_r2: -1848.1950, val_cc: 0.0859
Epoch  2, trian_loss: 0.0049, trian_mae: 0.0741, trian_mse:0.0099, trian_r2: -1872.9022, trian_cc: 0.1152
Epoch  2, val_loss: 0.0049, val_mae: 0.0742, val_mse: 0.0098, val_r2: -874.6140, val_cc: 0.1177
Epoch  3, trian_loss: 0.0049, trian_mae: 0.0741, trian_mse:0.0099, trian_r2: -1477.0723, trian_cc: 0.1203
Epoch  3, val_loss: 0.0049, val_mae: 0.0741, val_mse: 0.0097, val_r2: -644.2832, val_cc: 0.1249
Epoch  4, trian_loss: 0.0049, trian_mae: 0.0740, trian_mse:0.0098, trian_r2: -1854.4514, trian_cc: 0.1165
Epoch  4, val_loss: 0.0049, val_mae: 0.0742, val_mse: 0.0098, val_r2: -743.6015, val_cc: 0.1186
Epoch  5, trian_loss: 0.0049, trian_mae: 0.0740, trian_mse:0.0098, trian_r2: -1672.5107, trian_cc: 0.1129
Epoch  5, val_loss: 0.0049, val_mae: 0.0741, val_mse: 0.0097, val_r2: -916.5162, val_cc: 0.0758
Epoch  6, trian_loss: 0.0049, trian_mae: 0.0738, trian_mse:0.0098, trian_r2: -819.2696, trian_cc: 0.1129
Epoch  6, val_loss: 0.0048, val_mae: 0.0737, val_mse: 0.0097, val_r2: -438.7178, val_cc: 0.1170
Epoch  7, trian_loss: 0.0049, trian_mae: 0.0735, trian_mse:0.0097, trian_r2: -592.6045, trian_cc: 0.1127
Epoch  7, val_loss: 0.0048, val_mae: 0.0734, val_mse: 0.0096, val_r2: -313.2633, val_cc: 0.1253
Epoch  8, trian_loss: 0.0048, trian_mae: 0.0731, trian_mse:0.0097, trian_r2: -257.2260, trian_cc: 0.1466
Epoch  8, val_loss: 0.0048, val_mae: 0.0731, val_mse: 0.0095, val_r2: -220.1514, val_cc: 0.1555
Epoch  9, trian_loss: 0.0048, trian_mae: 0.0725, trian_mse:0.0096, trian_r2: -227.7988, trian_cc: 0.1731
Epoch  9, val_loss: 0.0047, val_mae: 0.0726, val_mse: 0.0094, val_r2: -148.0856, val_cc: 0.1807
Epoch 10, trian_loss: 0.0047, trian_mae: 0.0721, trian_mse:0.0095, trian_r2: -219.3438, trian_cc: 0.1861
Epoch 10, val_loss: 0.0048, val_mae: 0.0739, val_mse: 0.0096, val_r2: -284.8700, val_cc: 0.1650
Epoch 11, trian_loss: 0.0047, trian_mae: 0.0717, trian_mse:0.0094, trian_r2: -157.2490, trian_cc: 0.2064
Epoch 11, val_loss: 0.0046, val_mae: 0.0708, val_mse: 0.0091, val_r2: -80.3935, val_cc: 0.2483
Epoch 12, trian_loss: 0.0045, trian_mae: 0.0696, trian_mse:0.0091, trian_r2: -87.8355, trian_cc: 0.2611
Epoch 12, val_loss: 0.0044, val_mae: 0.0689, val_mse: 0.0088, val_r2: -63.1993, val_cc: 0.2855
Epoch 13, trian_loss: 0.0044, trian_mae: 0.0682, trian_mse:0.0089, trian_r2: -70.5243, trian_cc: 0.2967
Epoch 13, val_loss: 0.0043, val_mae: 0.0674, val_mse: 0.0087, val_r2: -44.3724, val_cc: 0.3078
Epoch 14, trian_loss: 0.0044, trian_mae: 0.0682, trian_mse:0.0089, trian_r2: -74.5602, trian_cc: 0.2954
Epoch 14, val_loss: 0.0044, val_mae: 0.0678, val_mse: 0.0087, val_r2: -42.5403, val_cc: 0.2955
Epoch 15, trian_loss: 0.0045, trian_mae: 0.0692, trian_mse:0.0090, trian_r2: -92.7035, trian_cc: 0.2819
Epoch 15, val_loss: 0.0045, val_mae: 0.0706, val_mse: 0.0090, val_r2: -84.0901, val_cc: 0.2708
Epoch 16, trian_loss: 0.0045, trian_mae: 0.0700, trian_mse:0.0091, trian_r2: -87.4881, trian_cc: 0.2723
Epoch 16, val_loss: 0.0043, val_mae: 0.0674, val_mse: 0.0087, val_r2: -48.3257, val_cc: 0.3132
Epoch 17, trian_loss: 0.0044, trian_mae: 0.0684, trian_mse:0.0088, trian_r2: -128.8963, trian_cc: 0.2885
Epoch 17, val_loss: 0.0043, val_mae: 0.0665, val_mse: 0.0086, val_r2: -46.4659, val_cc: 0.3160
Epoch 18, trian_loss: 0.0044, trian_mae: 0.0679, trian_mse:0.0087, trian_r2: -103.7981, trian_cc: 0.2869
Epoch 18, val_loss: 0.0043, val_mae: 0.0658, val_mse: 0.0085, val_r2: -54.9990, val_cc: 0.3264
Epoch 19, trian_loss: 0.0043, trian_mae: 0.0673, trian_mse:0.0086, trian_r2: -90.0128, trian_cc: 0.3081
Epoch 19, val_loss: 0.0042, val_mae: 0.0661, val_mse: 0.0085, val_r2: -43.5114, val_cc: 0.3283
Epoch 20, trian_loss: 0.0042, trian_mae: 0.0663, trian_mse:0.0084, trian_r2: -115.6861, trian_cc: 0.3240
Epoch 20, val_loss: 0.0042, val_mae: 0.0656, val_mse: 0.0084, val_r2: -26.7497, val_cc: 0.3455
Epoch 21, trian_loss: 0.0042, trian_mae: 0.0662, trian_mse:0.0083, trian_r2: -96.7709, trian_cc: 0.3308
Epoch 21, val_loss: 0.0042, val_mae: 0.0653, val_mse: 0.0084, val_r2: -27.8971, val_cc: 0.3473
Epoch 22, trian_loss: 0.0041, trian_mae: 0.0656, trian_mse:0.0082, trian_r2: -66.9889, trian_cc: 0.3432
Epoch 22, val_loss: 0.0043, val_mae: 0.0659, val_mse: 0.0085, val_r2: -20.5372, val_cc: 0.3530
Epoch 23, trian_loss: 0.0041, trian_mae: 0.0659, trian_mse:0.0083, trian_r2: -59.2734, trian_cc: 0.3364
Epoch 23, val_loss: 0.0042, val_mae: 0.0649, val_mse: 0.0084, val_r2: -19.0189, val_cc: 0.3558
Epoch 24, trian_loss: 0.0041, trian_mae: 0.0653, trian_mse:0.0082, trian_r2: -70.8178, trian_cc: 0.3488
Epoch 24, val_loss: 0.0041, val_mae: 0.0645, val_mse: 0.0082, val_r2: -21.0832, val_cc: 0.3605
Epoch 25, trian_loss: 0.0041, trian_mae: 0.0650, trian_mse:0.0081, trian_r2: -42.7664, trian_cc: 0.3527
Epoch 25, val_loss: 0.0041, val_mae: 0.0640, val_mse: 0.0083, val_r2: -17.1356, val_cc: 0.3650
Epoch 26, trian_loss: 0.0041, trian_mae: 0.0653, trian_mse:0.0082, trian_r2: -53.6413, trian_cc: 0.3423
Epoch 26, val_loss: 0.0041, val_mae: 0.0642, val_mse: 0.0083, val_r2: -23.3373, val_cc: 0.3551
Epoch 27, trian_loss: 0.0040, trian_mae: 0.0647, trian_mse:0.0081, trian_r2: -42.1105, trian_cc: 0.3539
Epoch 27, val_loss: 0.0041, val_mae: 0.0644, val_mse: 0.0083, val_r2: -33.2119, val_cc: 0.3634
Epoch 28, trian_loss: 0.0040, trian_mae: 0.0644, trian_mse:0.0081, trian_r2: -41.7893, trian_cc: 0.3591
Epoch 28, val_loss: 0.0041, val_mae: 0.0636, val_mse: 0.0081, val_r2: -14.6128, val_cc: 0.3690
Epoch 29, trian_loss: 0.0041, trian_mae: 0.0648, trian_mse:0.0081, trian_r2: -38.1426, trian_cc: 0.3534
Epoch 29, val_loss: 0.0040, val_mae: 0.0635, val_mse: 0.0081, val_r2: -15.1896, val_cc: 0.3726
Epoch 30, trian_loss: 0.0040, trian_mae: 0.0639, trian_mse:0.0080, trian_r2: -30.9366, trian_cc: 0.3640
Epoch 30, val_loss: 0.0040, val_mae: 0.0635, val_mse: 0.0080, val_r2: -16.2411, val_cc: 0.3764
Epoch 31, trian_loss: 0.0040, trian_mae: 0.0639, trian_mse:0.0080, trian_r2: -31.3431, trian_cc: 0.3661
Epoch 31, val_loss: 0.0041, val_mae: 0.0633, val_mse: 0.0081, val_r2: -18.2807, val_cc: 0.3746
Epoch 32, trian_loss: 0.0040, trian_mae: 0.0639, trian_mse:0.0080, trian_r2: -25.2966, trian_cc: 0.3677
Epoch 32, val_loss: 0.0041, val_mae: 0.0630, val_mse: 0.0081, val_r2: -19.2833, val_cc: 0.3784
Epoch 33, trian_loss: 0.0040, trian_mae: 0.0636, trian_mse:0.0079, trian_r2: -28.1433, trian_cc: 0.3812
Epoch 33, val_loss: 0.0044, val_mae: 0.0651, val_mse: 0.0087, val_r2: -24.2711, val_cc: 0.3709
Epoch 34, trian_loss: 0.0040, trian_mae: 0.0636, trian_mse:0.0079, trian_r2: -22.9289, trian_cc: 0.3926
Epoch 34, val_loss: 0.0041, val_mae: 0.0642, val_mse: 0.0082, val_r2: -18.5667, val_cc: 0.3847
Epoch 35, trian_loss: 0.0039, trian_mae: 0.0633, trian_mse:0.0078, trian_r2: -24.0173, trian_cc: 0.4160
Epoch 35, val_loss: 0.0039, val_mae: 0.0612, val_mse: 0.0077, val_r2: -9.8880, val_cc: 0.4627
Epoch 36, trian_loss: 0.0039, trian_mae: 0.0632, trian_mse:0.0077, trian_r2: -20.0409, trian_cc: 0.4489
Epoch 36, val_loss: 0.0037, val_mae: 0.0597, val_mse: 0.0074, val_r2: -6.0335, val_cc: 0.5060
Epoch 37, trian_loss: 0.0039, trian_mae: 0.0628, trian_mse:0.0077, trian_r2: -20.8333, trian_cc: 0.4435
Epoch 37, val_loss: 0.0037, val_mae: 0.0603, val_mse: 0.0074, val_r2: -5.7240, val_cc: 0.5099
Epoch 38, trian_loss: 0.0036, trian_mae: 0.0600, trian_mse:0.0073, trian_r2: -9.8685, trian_cc: 0.5256
Epoch 38, val_loss: 0.0035, val_mae: 0.0576, val_mse: 0.0070, val_r2: -6.4646, val_cc: 0.5579
Epoch 39, trian_loss: 0.0036, trian_mae: 0.0592, trian_mse:0.0072, trian_r2: -7.8792, trian_cc: 0.5500
Epoch 39, val_loss: 0.0035, val_mae: 0.0575, val_mse: 0.0069, val_r2: -4.2930, val_cc: 0.5759
Epoch 40, trian_loss: 0.0034, trian_mae: 0.0573, trian_mse:0.0067, trian_r2: -3.2980, trian_cc: 0.5886
Epoch 40, val_loss: 0.0034, val_mae: 0.0559, val_mse: 0.0068, val_r2: -3.3524, val_cc: 0.5990
Epoch 41, trian_loss: 0.0035, trian_mae: 0.0586, trian_mse:0.0069, trian_r2: -8.0080, trian_cc: 0.5691
Epoch 41, val_loss: 0.0033, val_mae: 0.0566, val_mse: 0.0066, val_r2: -2.6615, val_cc: 0.5924
Epoch 42, trian_loss: 0.0034, trian_mae: 0.0577, trian_mse:0.0068, trian_r2: -4.8117, trian_cc: 0.5774
Epoch 42, val_loss: 0.0033, val_mae: 0.0570, val_mse: 0.0067, val_r2: -3.6461, val_cc: 0.5947
Epoch 43, trian_loss: 0.0034, trian_mae: 0.0578, trian_mse:0.0068, trian_r2: -4.6791, trian_cc: 0.5851
Epoch 43, val_loss: 0.0032, val_mae: 0.0547, val_mse: 0.0064, val_r2: -2.8111, val_cc: 0.6081
Epoch 44, trian_loss: 0.0033, trian_mae: 0.0565, trian_mse:0.0066, trian_r2: -2.5770, trian_cc: 0.6051
Epoch 44, val_loss: 0.0033, val_mae: 0.0557, val_mse: 0.0066, val_r2: -3.6365, val_cc: 0.5984
Epoch 45, trian_loss: 0.0033, trian_mae: 0.0569, trian_mse:0.0066, trian_r2: -3.6164, trian_cc: 0.5978
Epoch 45, val_loss: 0.0033, val_mae: 0.0568, val_mse: 0.0067, val_r2: -5.0088, val_cc: 0.5899
Epoch 46, trian_loss: 0.0033, trian_mae: 0.0560, trian_mse:0.0065, trian_r2: -2.6093, trian_cc: 0.6122
Epoch 46, val_loss: 0.0032, val_mae: 0.0552, val_mse: 0.0064, val_r2: -2.6251, val_cc: 0.6129
Epoch 47, trian_loss: 0.0032, trian_mae: 0.0561, trian_mse:0.0065, trian_r2: -3.2462, trian_cc: 0.6133
Epoch 47, val_loss: 0.0033, val_mae: 0.0556, val_mse: 0.0065, val_r2: -3.6592, val_cc: 0.6101
Epoch 48, trian_loss: 0.0032, trian_mae: 0.0549, trian_mse:0.0063, trian_r2: -2.1173, trian_cc: 0.6274
Epoch 48, val_loss: 0.0031, val_mae: 0.0529, val_mse: 0.0061, val_r2: -2.2772, val_cc: 0.6302
Epoch 49, trian_loss: 0.0031, trian_mae: 0.0549, trian_mse:0.0063, trian_r2: -2.0190, trian_cc: 0.6297
Epoch 49, val_loss: 0.0031, val_mae: 0.0546, val_mse: 0.0062, val_r2: -2.0785, val_cc: 0.6313
Epoch 50, trian_loss: 0.0032, trian_mae: 0.0551, trian_mse:0.0063, trian_r2: -2.8001, trian_cc: 0.6260
Epoch 50, val_loss: 0.0031, val_mae: 0.0528, val_mse: 0.0061, val_r2: -2.5583, val_cc: 0.6408
Epoch 51, trian_loss: 0.0031, trian_mae: 0.0542, trian_mse:0.0062, trian_r2: -2.2891, trian_cc: 0.6376
Epoch 51, val_loss: 0.0031, val_mae: 0.0541, val_mse: 0.0061, val_r2: -5.0496, val_cc: 0.6321
Epoch 52, trian_loss: 0.0031, trian_mae: 0.0540, trian_mse:0.0061, trian_r2: -1.7475, trian_cc: 0.6425
Epoch 52, val_loss: 0.0030, val_mae: 0.0522, val_mse: 0.0059, val_r2: -2.3741, val_cc: 0.6512
Epoch 53, trian_loss: 0.0031, trian_mae: 0.0543, trian_mse:0.0062, trian_r2: -2.0213, trian_cc: 0.6403
Epoch 53, val_loss: 0.0030, val_mae: 0.0523, val_mse: 0.0060, val_r2: -2.3506, val_cc: 0.6481
Epoch 54, trian_loss: 0.0033, trian_mae: 0.0570, trian_mse:0.0067, trian_r2: -9.4851, trian_cc: 0.5823
Epoch 54, val_loss: 0.0030, val_mae: 0.0532, val_mse: 0.0060, val_r2: -3.2232, val_cc: 0.6396
Epoch 55, trian_loss: 0.0031, trian_mae: 0.0539, trian_mse:0.0061, trian_r2: -2.9425, trian_cc: 0.6393
Epoch 55, val_loss: 0.0030, val_mae: 0.0519, val_mse: 0.0060, val_r2: -3.4917, val_cc: 0.6450
Epoch 56, trian_loss: 0.0030, trian_mae: 0.0528, trian_mse:0.0060, trian_r2: -1.7864, trian_cc: 0.6548
Epoch 56, val_loss: 0.0030, val_mae: 0.0529, val_mse: 0.0060, val_r2: -2.6377, val_cc: 0.6450
Epoch 57, trian_loss: 0.0030, trian_mae: 0.0527, trian_mse:0.0060, trian_r2: -1.7277, trian_cc: 0.6566
Epoch 57, val_loss: 0.0032, val_mae: 0.0541, val_mse: 0.0065, val_r2: -2.6578, val_cc: 0.6187
Epoch 58, trian_loss: 0.0030, trian_mae: 0.0528, trian_mse:0.0059, trian_r2: -1.5198, trian_cc: 0.6551
Epoch 58, val_loss: 0.0030, val_mae: 0.0530, val_mse: 0.0061, val_r2: -3.3190, val_cc: 0.6520
Epoch 59, trian_loss: 0.0030, trian_mae: 0.0526, trian_mse:0.0059, trian_r2: -1.4562, trian_cc: 0.6607
Epoch 59, val_loss: 0.0029, val_mae: 0.0531, val_mse: 0.0059, val_r2: -2.7321, val_cc: 0.6570
Epoch 60, trian_loss: 0.0029, trian_mae: 0.0525, trian_mse:0.0059, trian_r2: -1.3711, trian_cc: 0.6607
Epoch 60, val_loss: 0.0030, val_mae: 0.0525, val_mse: 0.0061, val_r2: -2.1731, val_cc: 0.6539
Epoch 61, trian_loss: 0.0029, trian_mae: 0.0525, trian_mse:0.0059, trian_r2: -1.3759, trian_cc: 0.6605
Epoch 61, val_loss: 0.0031, val_mae: 0.0536, val_mse: 0.0063, val_r2: -2.6613, val_cc: 0.6361
Epoch 62, trian_loss: 0.0029, trian_mae: 0.0521, trian_mse:0.0058, trian_r2: -1.3747, trian_cc: 0.6629
Epoch 62, val_loss: 0.0029, val_mae: 0.0522, val_mse: 0.0059, val_r2: -2.3778, val_cc: 0.6564
Epoch 63, trian_loss: 0.0030, trian_mae: 0.0530, trian_mse:0.0059, trian_r2: -1.6345, trian_cc: 0.6566
Epoch 63, val_loss: 0.0029, val_mae: 0.0512, val_mse: 0.0058, val_r2: -1.8395, val_cc: 0.6582
Epoch 64, trian_loss: 0.0029, trian_mae: 0.0514, trian_mse:0.0057, trian_r2: -1.1445, trian_cc: 0.6702
Epoch 64, val_loss: 0.0029, val_mae: 0.0504, val_mse: 0.0057, val_r2: -1.4223, val_cc: 0.6663
Epoch 65, trian_loss: 0.0028, trian_mae: 0.0513, trian_mse:0.0057, trian_r2: -1.2498, trian_cc: 0.6682
Epoch 65, val_loss: 0.0031, val_mae: 0.0520, val_mse: 0.0062, val_r2: -1.8378, val_cc: 0.6543
Epoch 66, trian_loss: 0.0029, trian_mae: 0.0514, trian_mse:0.0057, trian_r2: -1.2882, trian_cc: 0.6721
Epoch 66, val_loss: 0.0029, val_mae: 0.0506, val_mse: 0.0059, val_r2: -1.8570, val_cc: 0.6712
Epoch 67, trian_loss: 0.0028, trian_mae: 0.0512, trian_mse:0.0056, trian_r2: -1.1752, trian_cc: 0.6738
Epoch 67, val_loss: 0.0029, val_mae: 0.0498, val_mse: 0.0057, val_r2: -2.4180, val_cc: 0.6790
Epoch 68, trian_loss: 0.0028, trian_mae: 0.0512, trian_mse:0.0056, trian_r2: -1.2036, trian_cc: 0.6748
Epoch 68, val_loss: 0.0029, val_mae: 0.0512, val_mse: 0.0059, val_r2: -2.1460, val_cc: 0.6713
Epoch 69, trian_loss: 0.0028, trian_mae: 0.0507, trian_mse:0.0056, trian_r2: -1.4460, trian_cc: 0.6772
Epoch 69, val_loss: 0.0028, val_mae: 0.0505, val_mse: 0.0056, val_r2: -1.7430, val_cc: 0.6772
Epoch 70, trian_loss: 0.0028, trian_mae: 0.0508, trian_mse:0.0055, trian_r2: -1.1465, trian_cc: 0.6762
Epoch 70, val_loss: 0.0028, val_mae: 0.0523, val_mse: 0.0056, val_r2: -1.8514, val_cc: 0.6725
Epoch 71, trian_loss: 0.0028, trian_mae: 0.0511, trian_mse:0.0055, trian_r2: -1.3053, trian_cc: 0.6762
Epoch 71, val_loss: 0.0029, val_mae: 0.0501, val_mse: 0.0059, val_r2: -2.7740, val_cc: 0.6747
Epoch 72, trian_loss: 0.0027, trian_mae: 0.0507, trian_mse:0.0055, trian_r2: -1.3965, trian_cc: 0.6755
Epoch 72, val_loss: 0.0028, val_mae: 0.0495, val_mse: 0.0055, val_r2: -1.3372, val_cc: 0.6806
Epoch 73, trian_loss: 0.0028, trian_mae: 0.0507, trian_mse:0.0055, trian_r2: -1.3181, trian_cc: 0.6769
Epoch 73, val_loss: 0.0028, val_mae: 0.0495, val_mse: 0.0055, val_r2: -1.6003, val_cc: 0.6815
Epoch 74, trian_loss: 0.0027, trian_mae: 0.0505, trian_mse:0.0054, trian_r2: -1.1932, trian_cc: 0.6761
Epoch 74, val_loss: 0.0040, val_mae: 0.0651, val_mse: 0.0081, val_r2: -6.6104, val_cc: 0.5281
Epoch 75, trian_loss: 0.0029, trian_mae: 0.0517, trian_mse:0.0057, trian_r2: -1.4729, trian_cc: 0.6669
Epoch 75, val_loss: 0.0027, val_mae: 0.0494, val_mse: 0.0055, val_r2: -1.6227, val_cc: 0.6843
Epoch 76, trian_loss: 0.0027, trian_mae: 0.0505, trian_mse:0.0054, trian_r2: -1.0604, trian_cc: 0.6764
Epoch 76, val_loss: 0.0032, val_mae: 0.0525, val_mse: 0.0064, val_r2: -5.9049, val_cc: 0.6550
Epoch 77, trian_loss: 0.0028, trian_mae: 0.0507, trian_mse:0.0055, trian_r2: -1.7369, trian_cc: 0.6731
Epoch 77, val_loss: 0.0035, val_mae: 0.0591, val_mse: 0.0070, val_r2: -36.0474, val_cc: 0.5156
Epoch 78, trian_loss: 0.0027, trian_mae: 0.0502, trian_mse:0.0054, trian_r2: -1.4443, trian_cc: 0.6790
Epoch 78, val_loss: 0.0028, val_mae: 0.0494, val_mse: 0.0057, val_r2: -1.4429, val_cc: 0.6824
Epoch 79, trian_loss: 0.0027, trian_mae: 0.0506, trian_mse:0.0055, trian_r2: -1.3838, trian_cc: 0.6790
Epoch 79, val_loss: 0.0028, val_mae: 0.0492, val_mse: 0.0055, val_r2: -1.7347, val_cc: 0.6870
Epoch 80, trian_loss: 0.0027, trian_mae: 0.0501, trian_mse:0.0054, trian_r2: -1.1029, trian_cc: 0.6830
Epoch 80, val_loss: 0.0027, val_mae: 0.0490, val_mse: 0.0055, val_r2: -1.2106, val_cc: 0.6841
Epoch 81, trian_loss: 0.0026, trian_mae: 0.0484, trian_mse:0.0052, trian_r2: -0.9341, trian_cc: 0.6891
Epoch 81, val_loss: 0.0028, val_mae: 0.0485, val_mse: 0.0055, val_r2: -1.0801, val_cc: 0.6913
Epoch 82, trian_loss: 0.0026, trian_mae: 0.0485, trian_mse:0.0051, trian_r2: -0.8817, trian_cc: 0.6915
Epoch 82, val_loss: 0.0027, val_mae: 0.0485, val_mse: 0.0054, val_r2: -0.7534, val_cc: 0.6912
Epoch 83, trian_loss: 0.0025, trian_mae: 0.0483, trian_mse:0.0051, trian_r2: -0.8256, trian_cc: 0.6918
Epoch 83, val_loss: 0.0027, val_mae: 0.0487, val_mse: 0.0054, val_r2: -0.7305, val_cc: 0.6901
Epoch 84, trian_loss: 0.0025, trian_mae: 0.0484, trian_mse:0.0051, trian_r2: -0.8156, trian_cc: 0.6927
Epoch 84, val_loss: 0.0027, val_mae: 0.0480, val_mse: 0.0053, val_r2: -0.8919, val_cc: 0.6923
Epoch 85, trian_loss: 0.0025, trian_mae: 0.0480, trian_mse:0.0050, trian_r2: -0.8358, trian_cc: 0.6933
Epoch 85, val_loss: 0.0028, val_mae: 0.0489, val_mse: 0.0055, val_r2: -0.6561, val_cc: 0.6927
Epoch 86, trian_loss: 0.0025, trian_mae: 0.0481, trian_mse:0.0050, trian_r2: -0.8824, trian_cc: 0.6961
Epoch 86, val_loss: 0.0027, val_mae: 0.0487, val_mse: 0.0055, val_r2: -0.7414, val_cc: 0.6927
Epoch 87, trian_loss: 0.0025, trian_mae: 0.0479, trian_mse:0.0050, trian_r2: -0.7534, trian_cc: 0.6953
Epoch 87, val_loss: 0.0027, val_mae: 0.0486, val_mse: 0.0055, val_r2: -0.6545, val_cc: 0.6934
Epoch 88, trian_loss: 0.0025, trian_mae: 0.0477, trian_mse:0.0049, trian_r2: -0.7892, trian_cc: 0.6970
Epoch 88, val_loss: 0.0027, val_mae: 0.0486, val_mse: 0.0055, val_r2: -0.6618, val_cc: 0.6940
Epoch 89, trian_loss: 0.0025, trian_mae: 0.0477, trian_mse:0.0049, trian_r2: -0.7504, trian_cc: 0.6971
Epoch 89, val_loss: 0.0027, val_mae: 0.0482, val_mse: 0.0053, val_r2: -0.7833, val_cc: 0.6938
Epoch 90, trian_loss: 0.0025, trian_mae: 0.0476, trian_mse:0.0049, trian_r2: -0.7151, trian_cc: 0.6988
Epoch 90, val_loss: 0.0027, val_mae: 0.0480, val_mse: 0.0054, val_r2: -0.7601, val_cc: 0.6925
Epoch 91, trian_loss: 0.0025, trian_mae: 0.0477, trian_mse:0.0050, trian_r2: -0.8164, trian_cc: 0.6983
Epoch 91, val_loss: 0.0028, val_mae: 0.0490, val_mse: 0.0056, val_r2: -0.6809, val_cc: 0.6938
Epoch 92, trian_loss: 0.0024, trian_mae: 0.0474, trian_mse:0.0049, trian_r2: -0.6956, trian_cc: 0.6998
Epoch 92, val_loss: 0.0027, val_mae: 0.0485, val_mse: 0.0055, val_r2: -0.7321, val_cc: 0.6949
Epoch 93, trian_loss: 0.0025, trian_mae: 0.0476, trian_mse:0.0049, trian_r2: -0.7755, trian_cc: 0.6992
Epoch 93, val_loss: 0.0027, val_mae: 0.0482, val_mse: 0.0055, val_r2: -0.8806, val_cc: 0.6939
Epoch 94, trian_loss: 0.0024, trian_mae: 0.0472, trian_mse:0.0048, trian_r2: -0.7220, trian_cc: 0.7012
Epoch 94, val_loss: 0.0027, val_mae: 0.0480, val_mse: 0.0054, val_r2: -0.7956, val_cc: 0.6953
Epoch 95, trian_loss: 0.0024, trian_mae: 0.0474, trian_mse:0.0048, trian_r2: -0.7136, trian_cc: 0.6996
Epoch 95, val_loss: 0.0027, val_mae: 0.0481, val_mse: 0.0054, val_r2: -0.7307, val_cc: 0.6945
Epoch 96, trian_loss: 0.0024, trian_mae: 0.0471, trian_mse:0.0048, trian_r2: -0.6753, trian_cc: 0.7000
Epoch 96, val_loss: 0.0027, val_mae: 0.0482, val_mse: 0.0054, val_r2: -0.8405, val_cc: 0.6949
Epoch 97, trian_loss: 0.0024, trian_mae: 0.0470, trian_mse:0.0048, trian_r2: -0.6628, trian_cc: 0.7016
Epoch 97, val_loss: 0.0028, val_mae: 0.0488, val_mse: 0.0055, val_r2: -0.6569, val_cc: 0.6942
Epoch 98, trian_loss: 0.0024, trian_mae: 0.0474, trian_mse:0.0049, trian_r2: -0.7397, trian_cc: 0.7002
Epoch 98, val_loss: 0.0027, val_mae: 0.0479, val_mse: 0.0054, val_r2: -0.8398, val_cc: 0.6958
Epoch 99, trian_loss: 0.0024, trian_mae: 0.0470, trian_mse:0.0048, trian_r2: -0.6940, trian_cc: 0.7030
Epoch 99, val_loss: 0.0027, val_mae: 0.0481, val_mse: 0.0054, val_r2: -0.7511, val_cc: 0.6942
