Trian Data: 515   Validation Data: 172  Test Data: 172
model ResNet_2D(
  (conv1): Sequential(
    (0): Conv2d(400, 64, kernel_size=(3, 3), stride=(1, 1), padding=(1, 1), bias=False)
    (1): BatchNorm2d(64, eps=1e-05, momentum=0.1, affine=True, track_running_stats=True)
  )
  (layer1): Sequential(
    (0): BasicBlock(
      (conv1): Conv2d(64, 64, kernel_size=(3, 3), stride=(1, 1), padding=(1, 1), bias=False)
      (bn1): BatchNorm2d(64, eps=1e-05, momentum=0.1, affine=True, track_running_stats=True)
      (conv2): Conv2d(64, 64, kernel_size=(3, 3), stride=(1, 1), padding=(1, 1), bias=False)
      (bn2): BatchNorm2d(64, eps=1e-05, momentum=0.1, affine=True, track_running_stats=True)
      (shortcut): Sequential()
    )
    (1): BasicBlock(
      (conv1): Conv2d(64, 64, kernel_size=(3, 3), stride=(1, 1), padding=(1, 1), bias=False)
      (bn1): BatchNorm2d(64, eps=1e-05, momentum=0.1, affine=True, track_running_stats=True)
      (conv2): Conv2d(64, 64, kernel_size=(3, 3), stride=(1, 1), padding=(1, 1), bias=False)
      (bn2): BatchNorm2d(64, eps=1e-05, momentum=0.1, affine=True, track_running_stats=True)
      (shortcut): Sequential()
    )
  )
  (layer2): Sequential(
    (0): BasicBlock(
      (conv1): Conv2d(64, 64, kernel_size=(3, 3), stride=(1, 1), padding=(1, 1), bias=False)
      (bn1): BatchNorm2d(64, eps=1e-05, momentum=0.1, affine=True, track_running_stats=True)
      (conv2): Conv2d(64, 64, kernel_size=(3, 3), stride=(1, 1), padding=(1, 1), bias=False)
      (bn2): BatchNorm2d(64, eps=1e-05, momentum=0.1, affine=True, track_running_stats=True)
      (shortcut): Sequential()
    )
    (1): BasicBlock(
      (conv1): Conv2d(64, 64, kernel_size=(3, 3), stride=(1, 1), padding=(1, 1), bias=False)
      (bn1): BatchNorm2d(64, eps=1e-05, momentum=0.1, affine=True, track_running_stats=True)
      (conv2): Conv2d(64, 64, kernel_size=(3, 3), stride=(1, 1), padding=(1, 1), bias=False)
      (bn2): BatchNorm2d(64, eps=1e-05, momentum=0.1, affine=True, track_running_stats=True)
      (shortcut): Sequential()
    )
  )
  (layer3): Sequential(
    (0): BasicBlock(
      (conv1): Conv2d(64, 64, kernel_size=(3, 3), stride=(1, 1), padding=(1, 1), bias=False)
      (bn1): BatchNorm2d(64, eps=1e-05, momentum=0.1, affine=True, track_running_stats=True)
      (conv2): Conv2d(64, 64, kernel_size=(3, 3), stride=(1, 1), padding=(1, 1), bias=False)
      (bn2): BatchNorm2d(64, eps=1e-05, momentum=0.1, affine=True, track_running_stats=True)
      (shortcut): Sequential()
    )
    (1): BasicBlock(
      (conv1): Conv2d(64, 64, kernel_size=(3, 3), stride=(1, 1), padding=(1, 1), bias=False)
      (bn1): BatchNorm2d(64, eps=1e-05, momentum=0.1, affine=True, track_running_stats=True)
      (conv2): Conv2d(64, 64, kernel_size=(3, 3), stride=(1, 1), padding=(1, 1), bias=False)
      (bn2): BatchNorm2d(64, eps=1e-05, momentum=0.1, affine=True, track_running_stats=True)
      (shortcut): Sequential()
    )
  )
  (layer4): Sequential(
    (0): BasicBlock(
      (conv1): Conv2d(64, 64, kernel_size=(3, 3), stride=(1, 1), padding=(1, 1), bias=False)
      (bn1): BatchNorm2d(64, eps=1e-05, momentum=0.1, affine=True, track_running_stats=True)
      (conv2): Conv2d(64, 64, kernel_size=(3, 3), stride=(1, 1), padding=(1, 1), bias=False)
      (bn2): BatchNorm2d(64, eps=1e-05, momentum=0.1, affine=True, track_running_stats=True)
      (shortcut): Sequential()
    )
    (1): BasicBlock(
      (conv1): Conv2d(64, 64, kernel_size=(3, 3), stride=(1, 1), padding=(1, 1), bias=False)
      (bn1): BatchNorm2d(64, eps=1e-05, momentum=0.1, affine=True, track_running_stats=True)
      (conv2): Conv2d(64, 64, kernel_size=(3, 3), stride=(1, 1), padding=(1, 1), bias=False)
      (bn2): BatchNorm2d(64, eps=1e-05, momentum=0.1, affine=True, track_running_stats=True)
      (shortcut): Sequential()
    )
    (2): BasicBlock(
      (conv1): Conv2d(64, 64, kernel_size=(3, 3), stride=(1, 1), padding=(1, 1), bias=False)
      (bn1): BatchNorm2d(64, eps=1e-05, momentum=0.1, affine=True, track_running_stats=True)
      (conv2): Conv2d(64, 64, kernel_size=(3, 3), stride=(1, 1), padding=(1, 1), bias=False)
      (bn2): BatchNorm2d(64, eps=1e-05, momentum=0.1, affine=True, track_running_stats=True)
      (shortcut): Sequential()
    )
  )
  (conv2): Sequential(
    (0): Conv2d(64, 32, kernel_size=(3, 3), stride=(1, 1), padding=(1, 1))
    (1): BatchNorm2d(32, eps=1e-05, momentum=0.1, affine=True, track_running_stats=True)
  )
  (conv3): Sequential(
    (0): Conv2d(32, 16, kernel_size=(3, 3), stride=(1, 1), padding=(1, 1))
    (1): BatchNorm2d(16, eps=1e-05, momentum=0.1, affine=True, track_running_stats=True)
  )
  (conv4): Sequential(
    (0): Conv2d(16, 1, kernel_size=(3, 3), stride=(1, 1), padding=(1, 1))
    (1): BatchNorm2d(1, eps=1e-05, momentum=0.1, affine=True, track_running_stats=True)
  )
)
Epoch  0, trian_loss: 0.0137, trian_mae: 0.0932, trian_mse:0.0280, trian_r2: -1.3679, trian_cc: 0.0017
Epoch  0, val_loss: 0.0081, val_mae: 0.0741, val_mse: 0.0163, val_r2: -3.0654, val_cc: 0.0093
Epoch  1, trian_loss: 0.0036, trian_mae: 0.0660, trian_mse:0.0071, trian_r2: -54.1015, trian_cc: 0.0174
Epoch  1, val_loss: 0.0032, val_mae: 0.0638, val_mse: 0.0065, val_r2: -71.8308, val_cc: 0.0209
Epoch  2, trian_loss: 0.0033, trian_mae: 0.0651, trian_mse:0.0065, trian_r2: -101.2770, trian_cc: 0.0277
Epoch  2, val_loss: 0.0032, val_mae: 0.0627, val_mse: 0.0065, val_r2: -129.7087, val_cc: 0.0341
Epoch  3, trian_loss: 0.0032, trian_mae: 0.0645, trian_mse:0.0064, trian_r2: -185.0241, trian_cc: 0.0463
Epoch  3, val_loss: 0.0032, val_mae: 0.0649, val_mse: 0.0063, val_r2: -256.9970, val_cc: 0.0586
Epoch  4, trian_loss: 0.0032, trian_mae: 0.0644, trian_mse:0.0064, trian_r2: -317.0059, trian_cc: 0.0736
Epoch  4, val_loss: 0.0032, val_mae: 0.0643, val_mse: 0.0063, val_r2: -392.7816, val_cc: 0.0918
Epoch  5, trian_loss: 0.0032, trian_mae: 0.0642, trian_mse:0.0063, trian_r2: -307.3401, trian_cc: 0.1036
Epoch  5, val_loss: 0.0031, val_mae: 0.0644, val_mse: 0.0063, val_r2: -244.5741, val_cc: 0.1159
Epoch  6, trian_loss: 0.0032, trian_mae: 0.0640, trian_mse:0.0063, trian_r2: -216.7778, trian_cc: 0.1203
Epoch  6, val_loss: 0.0031, val_mae: 0.0638, val_mse: 0.0062, val_r2: -177.0839, val_cc: 0.1265
Epoch  7, trian_loss: 0.0031, trian_mae: 0.0638, trian_mse:0.0063, trian_r2: -157.6612, trian_cc: 0.1296
Epoch  7, val_loss: 0.0031, val_mae: 0.0637, val_mse: 0.0062, val_r2: -129.1693, val_cc: 0.1349
Epoch  8, trian_loss: 0.0031, trian_mae: 0.0638, trian_mse:0.0063, trian_r2: -139.4007, trian_cc: 0.1331
Epoch  8, val_loss: 0.0031, val_mae: 0.0638, val_mse: 0.0062, val_r2: -120.1791, val_cc: 0.1369
Epoch  9, trian_loss: 0.0031, trian_mae: 0.0637, trian_mse:0.0063, trian_r2: -129.0045, trian_cc: 0.1371
Epoch  9, val_loss: 0.0031, val_mae: 0.0634, val_mse: 0.0062, val_r2: -147.0242, val_cc: 0.1393
Epoch 10, trian_loss: 0.0031, trian_mae: 0.0637, trian_mse:0.0063, trian_r2: -122.3995, trian_cc: 0.1396
Epoch 10, val_loss: 0.0031, val_mae: 0.0635, val_mse: 0.0062, val_r2: -103.7944, val_cc: 0.1420
Epoch 11, trian_loss: 0.0031, trian_mae: 0.0636, trian_mse:0.0063, trian_r2: -113.8564, trian_cc: 0.1403
Epoch 11, val_loss: 0.0031, val_mae: 0.0633, val_mse: 0.0062, val_r2: -102.4403, val_cc: 0.1423
Epoch 12, trian_loss: 0.0031, trian_mae: 0.0637, trian_mse:0.0063, trian_r2: -117.1059, trian_cc: 0.1422
Epoch 12, val_loss: 0.0031, val_mae: 0.0639, val_mse: 0.0062, val_r2: -117.0803, val_cc: 0.1431
Epoch 13, trian_loss: 0.0031, trian_mae: 0.0636, trian_mse:0.0063, trian_r2: -110.2969, trian_cc: 0.1431
Epoch 13, val_loss: 0.0031, val_mae: 0.0632, val_mse: 0.0062, val_r2: -104.7424, val_cc: 0.1441
Epoch 14, trian_loss: 0.0031, trian_mae: 0.0635, trian_mse:0.0063, trian_r2: -110.5285, trian_cc: 0.1440
Epoch 14, val_loss: 0.0031, val_mae: 0.0635, val_mse: 0.0062, val_r2: -108.0470, val_cc: 0.1449
Epoch 15, trian_loss: 0.0031, trian_mae: 0.0636, trian_mse:0.0063, trian_r2: -107.3755, trian_cc: 0.1440
Epoch 15, val_loss: 0.0031, val_mae: 0.0638, val_mse: 0.0062, val_r2: -95.1116, val_cc: 0.1486
Epoch 16, trian_loss: 0.0031, trian_mae: 0.0635, trian_mse:0.0062, trian_r2: -100.8082, trian_cc: 0.1476
Epoch 16, val_loss: 0.0031, val_mae: 0.0634, val_mse: 0.0062, val_r2: -112.5103, val_cc: 0.1548
Epoch 17, trian_loss: 0.0031, trian_mae: 0.0634, trian_mse:0.0062, trian_r2: -98.6750, trian_cc: 0.1550
Epoch 17, val_loss: 0.0031, val_mae: 0.0633, val_mse: 0.0062, val_r2: -86.6881, val_cc: 0.1649
Epoch 18, trian_loss: 0.0031, trian_mae: 0.0631, trian_mse:0.0062, trian_r2: -84.7253, trian_cc: 0.1668
Epoch 18, val_loss: 0.0031, val_mae: 0.0632, val_mse: 0.0062, val_r2: -67.8644, val_cc: 0.1729
Epoch 19, trian_loss: 0.0031, trian_mae: 0.0629, trian_mse:0.0062, trian_r2: -80.2812, trian_cc: 0.1804
Epoch 19, val_loss: 0.0031, val_mae: 0.0630, val_mse: 0.0061, val_r2: -65.1298, val_cc: 0.1852
Epoch 20, trian_loss: 0.0031, trian_mae: 0.0626, trian_mse:0.0061, trian_r2: -69.2255, trian_cc: 0.1920
Epoch 20, val_loss: 0.0030, val_mae: 0.0628, val_mse: 0.0061, val_r2: -57.6851, val_cc: 0.1994
Epoch 21, trian_loss: 0.0030, trian_mae: 0.0624, trian_mse:0.0061, trian_r2: -62.2148, trian_cc: 0.2049
Epoch 21, val_loss: 0.0030, val_mae: 0.0625, val_mse: 0.0061, val_r2: -56.4816, val_cc: 0.2094
Epoch 22, trian_loss: 0.0030, trian_mae: 0.0622, trian_mse:0.0061, trian_r2: -62.1282, trian_cc: 0.2154
Epoch 22, val_loss: 0.0030, val_mae: 0.0622, val_mse: 0.0060, val_r2: -45.8531, val_cc: 0.2219
Epoch 23, trian_loss: 0.0030, trian_mae: 0.0619, trian_mse:0.0060, trian_r2: -53.0961, trian_cc: 0.2257
Epoch 23, val_loss: 0.0030, val_mae: 0.0621, val_mse: 0.0060, val_r2: -46.4657, val_cc: 0.2326
Epoch 24, trian_loss: 0.0030, trian_mae: 0.0617, trian_mse:0.0060, trian_r2: -50.9638, trian_cc: 0.2366
Epoch 24, val_loss: 0.0030, val_mae: 0.0617, val_mse: 0.0060, val_r2: -47.0313, val_cc: 0.2418
Epoch 25, trian_loss: 0.0030, trian_mae: 0.0616, trian_mse:0.0060, trian_r2: -47.9168, trian_cc: 0.2440
Epoch 25, val_loss: 0.0030, val_mae: 0.0617, val_mse: 0.0059, val_r2: -43.1954, val_cc: 0.2518
Epoch 26, trian_loss: 0.0030, trian_mae: 0.0613, trian_mse:0.0059, trian_r2: -41.8655, trian_cc: 0.2582
Epoch 26, val_loss: 0.0030, val_mae: 0.0613, val_mse: 0.0059, val_r2: -41.7011, val_cc: 0.2609
Epoch 27, trian_loss: 0.0030, trian_mae: 0.0611, trian_mse:0.0059, trian_r2: -41.2273, trian_cc: 0.2660
Epoch 27, val_loss: 0.0029, val_mae: 0.0612, val_mse: 0.0059, val_r2: -32.2472, val_cc: 0.2725
Epoch 28, trian_loss: 0.0029, trian_mae: 0.0608, trian_mse:0.0059, trian_r2: -36.1889, trian_cc: 0.2773
Epoch 28, val_loss: 0.0029, val_mae: 0.0607, val_mse: 0.0058, val_r2: -36.1374, val_cc: 0.2823
Epoch 29, trian_loss: 0.0029, trian_mae: 0.0605, trian_mse:0.0058, trian_r2: -33.4883, trian_cc: 0.2887
Epoch 29, val_loss: 0.0029, val_mae: 0.0606, val_mse: 0.0058, val_r2: -28.3071, val_cc: 0.2903
Epoch 30, trian_loss: 0.0029, trian_mae: 0.0602, trian_mse:0.0058, trian_r2: -30.9943, trian_cc: 0.2963
Epoch 30, val_loss: 0.0029, val_mae: 0.0598, val_mse: 0.0058, val_r2: -25.1649, val_cc: 0.3043
Epoch 31, trian_loss: 0.0029, trian_mae: 0.0601, trian_mse:0.0058, trian_r2: -27.0730, trian_cc: 0.3047
Epoch 31, val_loss: 0.0029, val_mae: 0.0598, val_mse: 0.0057, val_r2: -20.7448, val_cc: 0.3191
Epoch 32, trian_loss: 0.0029, trian_mae: 0.0596, trian_mse:0.0057, trian_r2: -24.7218, trian_cc: 0.3200
Epoch 32, val_loss: 0.0028, val_mae: 0.0593, val_mse: 0.0057, val_r2: -22.5678, val_cc: 0.3334
Epoch 33, trian_loss: 0.0028, trian_mae: 0.0590, trian_mse:0.0057, trian_r2: -22.7010, trian_cc: 0.3356
Epoch 33, val_loss: 0.0028, val_mae: 0.0595, val_mse: 0.0057, val_r2: -20.1316, val_cc: 0.3405
Epoch 34, trian_loss: 0.0028, trian_mae: 0.0590, trian_mse:0.0057, trian_r2: -20.9857, trian_cc: 0.3416
Epoch 34, val_loss: 0.0028, val_mae: 0.0592, val_mse: 0.0056, val_r2: -20.4751, val_cc: 0.3498
Epoch 35, trian_loss: 0.0028, trian_mae: 0.0585, trian_mse:0.0056, trian_r2: -18.8661, trian_cc: 0.3588
Epoch 35, val_loss: 0.0028, val_mae: 0.0583, val_mse: 0.0055, val_r2: -18.8578, val_cc: 0.3615
Epoch 36, trian_loss: 0.0028, trian_mae: 0.0577, trian_mse:0.0055, trian_r2: -16.5471, trian_cc: 0.3753
Epoch 36, val_loss: 0.0027, val_mae: 0.0578, val_mse: 0.0055, val_r2: -16.6590, val_cc: 0.3777
Epoch 37, trian_loss: 0.0027, trian_mae: 0.0576, trian_mse:0.0055, trian_r2: -16.3410, trian_cc: 0.3804
Epoch 37, val_loss: 0.0027, val_mae: 0.0573, val_mse: 0.0055, val_r2: -16.3413, val_cc: 0.3831
Epoch 38, trian_loss: 0.0027, trian_mae: 0.0569, trian_mse:0.0054, trian_r2: -13.9443, trian_cc: 0.4004
Epoch 38, val_loss: 0.0027, val_mae: 0.0574, val_mse: 0.0054, val_r2: -16.8562, val_cc: 0.3936
Epoch 39, trian_loss: 0.0027, trian_mae: 0.0565, trian_mse:0.0053, trian_r2: -12.5772, trian_cc: 0.4115
Epoch 39, val_loss: 0.0027, val_mae: 0.0562, val_mse: 0.0053, val_r2: -14.5205, val_cc: 0.4046
Epoch 40, trian_loss: 0.0026, trian_mae: 0.0561, trian_mse:0.0053, trian_r2: -11.7033, trian_cc: 0.4207
Epoch 40, val_loss: 0.0026, val_mae: 0.0562, val_mse: 0.0053, val_r2: -12.3683, val_cc: 0.4191
Epoch 41, trian_loss: 0.0026, trian_mae: 0.0561, trian_mse:0.0052, trian_r2: -11.2977, trian_cc: 0.4252
Epoch 41, val_loss: 0.0026, val_mae: 0.0565, val_mse: 0.0053, val_r2: -9.7362, val_cc: 0.4193
Epoch 42, trian_loss: 0.0026, trian_mae: 0.0555, trian_mse:0.0052, trian_r2: -9.5896, trian_cc: 0.4395
Epoch 42, val_loss: 0.0026, val_mae: 0.0552, val_mse: 0.0052, val_r2: -9.9820, val_cc: 0.4342
Epoch 43, trian_loss: 0.0025, trian_mae: 0.0551, trian_mse:0.0051, trian_r2: -8.3344, trian_cc: 0.4501
Epoch 43, val_loss: 0.0026, val_mae: 0.0558, val_mse: 0.0053, val_r2: -15.6731, val_cc: 0.4238
Epoch 44, trian_loss: 0.0025, trian_mae: 0.0547, trian_mse:0.0050, trian_r2: -7.8790, trian_cc: 0.4586
Epoch 44, val_loss: 0.0026, val_mae: 0.0557, val_mse: 0.0053, val_r2: -15.9851, val_cc: 0.4293
Epoch 45, trian_loss: 0.0025, trian_mae: 0.0544, trian_mse:0.0050, trian_r2: -7.0492, trian_cc: 0.4706
Epoch 45, val_loss: 0.0027, val_mae: 0.0553, val_mse: 0.0053, val_r2: -16.3308, val_cc: 0.4321
Epoch 46, trian_loss: 0.0025, trian_mae: 0.0537, trian_mse:0.0049, trian_r2: -6.2673, trian_cc: 0.4834
Epoch 46, val_loss: 0.0026, val_mae: 0.0544, val_mse: 0.0052, val_r2: -14.7092, val_cc: 0.4546
Epoch 47, trian_loss: 0.0024, trian_mae: 0.0529, trian_mse:0.0048, trian_r2: -5.2265, trian_cc: 0.5005
Epoch 47, val_loss: 0.0026, val_mae: 0.0542, val_mse: 0.0052, val_r2: -14.1092, val_cc: 0.4642
Epoch 48, trian_loss: 0.0024, trian_mae: 0.0525, trian_mse:0.0047, trian_r2: -5.0878, trian_cc: 0.5088
Epoch 48, val_loss: 0.0024, val_mae: 0.0518, val_mse: 0.0047, val_r2: -5.1711, val_cc: 0.5074
Epoch 49, trian_loss: 0.0023, trian_mae: 0.0519, trian_mse:0.0047, trian_r2: -4.2421, trian_cc: 0.5199
Epoch 49, val_loss: 0.0024, val_mae: 0.0519, val_mse: 0.0049, val_r2: -7.8163, val_cc: 0.5075
Epoch 50, trian_loss: 0.0023, trian_mae: 0.0512, trian_mse:0.0046, trian_r2: -3.7789, trian_cc: 0.5345
Epoch 50, val_loss: 0.0025, val_mae: 0.0524, val_mse: 0.0050, val_r2: -8.3223, val_cc: 0.4824
Epoch 51, trian_loss: 0.0022, trian_mae: 0.0507, trian_mse:0.0045, trian_r2: -3.4206, trian_cc: 0.5444
Epoch 51, val_loss: 0.0025, val_mae: 0.0526, val_mse: 0.0050, val_r2: -10.9469, val_cc: 0.4968
Epoch 52, trian_loss: 0.0022, trian_mae: 0.0504, trian_mse:0.0044, trian_r2: -3.5511, trian_cc: 0.5509
Epoch 52, val_loss: 0.0023, val_mae: 0.0505, val_mse: 0.0047, val_r2: -5.1472, val_cc: 0.5312
Epoch 53, trian_loss: 0.0022, trian_mae: 0.0504, trian_mse:0.0044, trian_r2: -3.2394, trian_cc: 0.5559
Epoch 53, val_loss: 0.0022, val_mae: 0.0500, val_mse: 0.0044, val_r2: -2.0916, val_cc: 0.5481
Epoch 54, trian_loss: 0.0022, trian_mae: 0.0500, trian_mse:0.0044, trian_r2: -3.3270, trian_cc: 0.5654
Epoch 54, val_loss: 0.0023, val_mae: 0.0499, val_mse: 0.0045, val_r2: -4.6454, val_cc: 0.5517
Epoch 55, trian_loss: 0.0021, trian_mae: 0.0490, trian_mse:0.0043, trian_r2: -2.5279, trian_cc: 0.5789
Epoch 55, val_loss: 0.0021, val_mae: 0.0479, val_mse: 0.0043, val_r2: -2.5208, val_cc: 0.5718
Epoch 56, trian_loss: 0.0021, trian_mae: 0.0483, trian_mse:0.0042, trian_r2: -2.3624, trian_cc: 0.5879
Epoch 56, val_loss: 0.0021, val_mae: 0.0471, val_mse: 0.0042, val_r2: -1.7664, val_cc: 0.5830
Epoch 57, trian_loss: 0.0021, trian_mae: 0.0479, trian_mse:0.0041, trian_r2: -2.2263, trian_cc: 0.5979
Epoch 57, val_loss: 0.0022, val_mae: 0.0483, val_mse: 0.0044, val_r2: -4.5312, val_cc: 0.5731
Epoch 58, trian_loss: 0.0020, trian_mae: 0.0473, trian_mse:0.0040, trian_r2: -2.0397, trian_cc: 0.6090
Epoch 58, val_loss: 0.0021, val_mae: 0.0473, val_mse: 0.0041, val_r2: -2.8114, val_cc: 0.5961
Epoch 59, trian_loss: 0.0020, trian_mae: 0.0471, trian_mse:0.0040, trian_r2: -2.1952, trian_cc: 0.6141
Epoch 59, val_loss: 0.0021, val_mae: 0.0489, val_mse: 0.0042, val_r2: -0.6503, val_cc: 0.6006
Epoch 60, trian_loss: 0.0020, trian_mae: 0.0469, trian_mse:0.0040, trian_r2: -1.9906, trian_cc: 0.6178
Epoch 60, val_loss: 0.0020, val_mae: 0.0478, val_mse: 0.0040, val_r2: -0.6232, val_cc: 0.6120
Epoch 61, trian_loss: 0.0019, trian_mae: 0.0460, trian_mse:0.0039, trian_r2: -1.7356, trian_cc: 0.6280
Epoch 61, val_loss: 0.0019, val_mae: 0.0454, val_mse: 0.0038, val_r2: -1.3502, val_cc: 0.6202
Epoch 62, trian_loss: 0.0019, trian_mae: 0.0452, trian_mse:0.0038, trian_r2: -1.2169, trian_cc: 0.6365
Epoch 62, val_loss: 0.0019, val_mae: 0.0451, val_mse: 0.0039, val_r2: -0.6066, val_cc: 0.6227
Epoch 63, trian_loss: 0.0019, trian_mae: 0.0448, trian_mse:0.0037, trian_r2: -1.1439, trian_cc: 0.6419
Epoch 63, val_loss: 0.0020, val_mae: 0.0464, val_mse: 0.0039, val_r2: -0.5179, val_cc: 0.6268
Epoch 64, trian_loss: 0.0018, trian_mae: 0.0444, trian_mse:0.0037, trian_r2: -1.0623, trian_cc: 0.6480
Epoch 64, val_loss: 0.0018, val_mae: 0.0442, val_mse: 0.0037, val_r2: -0.7866, val_cc: 0.6395
Epoch 65, trian_loss: 0.0018, trian_mae: 0.0441, trian_mse:0.0036, trian_r2: -0.9949, trian_cc: 0.6546
Epoch 65, val_loss: 0.0018, val_mae: 0.0424, val_mse: 0.0036, val_r2: -0.5609, val_cc: 0.6500
Epoch 66, trian_loss: 0.0018, trian_mae: 0.0431, trian_mse:0.0035, trian_r2: -0.8738, trian_cc: 0.6664
Epoch 66, val_loss: 0.0018, val_mae: 0.0423, val_mse: 0.0035, val_r2: -0.7839, val_cc: 0.6560
Epoch 67, trian_loss: 0.0017, trian_mae: 0.0425, trian_mse:0.0034, trian_r2: -0.7320, trian_cc: 0.6720
Epoch 67, val_loss: 0.0018, val_mae: 0.0433, val_mse: 0.0036, val_r2: -0.4969, val_cc: 0.6548
Epoch 68, trian_loss: 0.0018, trian_mae: 0.0429, trian_mse:0.0035, trian_r2: -0.8226, trian_cc: 0.6683
Epoch 68, val_loss: 0.0018, val_mae: 0.0425, val_mse: 0.0035, val_r2: -0.5137, val_cc: 0.6593
Epoch 69, trian_loss: 0.0017, trian_mae: 0.0427, trian_mse:0.0035, trian_r2: -0.8264, trian_cc: 0.6762
Epoch 69, val_loss: 0.0019, val_mae: 0.0448, val_mse: 0.0038, val_r2: -0.1417, val_cc: 0.6622
Epoch 70, trian_loss: 0.0017, trian_mae: 0.0418, trian_mse:0.0034, trian_r2: -0.7490, trian_cc: 0.6853
Epoch 70, val_loss: 0.0020, val_mae: 0.0465, val_mse: 0.0039, val_r2: -0.1258, val_cc: 0.6603
Epoch 71, trian_loss: 0.0016, trian_mae: 0.0412, trian_mse:0.0033, trian_r2: -0.5613, trian_cc: 0.6932
Epoch 71, val_loss: 0.0018, val_mae: 0.0446, val_mse: 0.0036, val_r2: -0.2227, val_cc: 0.6689
Epoch 72, trian_loss: 0.0016, trian_mae: 0.0412, trian_mse:0.0033, trian_r2: -0.5431, trian_cc: 0.6937
Epoch 72, val_loss: 0.0017, val_mae: 0.0423, val_mse: 0.0033, val_r2: -0.5472, val_cc: 0.6789
Epoch 73, trian_loss: 0.0016, trian_mae: 0.0406, trian_mse:0.0032, trian_r2: -0.5576, trian_cc: 0.7002
Epoch 73, val_loss: 0.0017, val_mae: 0.0424, val_mse: 0.0035, val_r2: -0.9608, val_cc: 0.6681
Epoch 74, trian_loss: 0.0016, trian_mae: 0.0407, trian_mse:0.0032, trian_r2: -0.4915, trian_cc: 0.7007
Epoch 74, val_loss: 0.0017, val_mae: 0.0407, val_mse: 0.0034, val_r2: -0.7996, val_cc: 0.6786
Epoch 75, trian_loss: 0.0016, trian_mae: 0.0401, trian_mse:0.0032, trian_r2: -0.4841, trian_cc: 0.7071
Epoch 75, val_loss: 0.0018, val_mae: 0.0417, val_mse: 0.0037, val_r2: -1.9705, val_cc: 0.6693
Epoch 76, trian_loss: 0.0016, trian_mae: 0.0398, trian_mse:0.0031, trian_r2: -0.4351, trian_cc: 0.7103
Epoch 76, val_loss: 0.0018, val_mae: 0.0421, val_mse: 0.0037, val_r2: -2.1412, val_cc: 0.6763
Epoch 77, trian_loss: 0.0016, trian_mae: 0.0402, trian_mse:0.0032, trian_r2: -0.5138, trian_cc: 0.7033
Epoch 77, val_loss: 0.0016, val_mae: 0.0392, val_mse: 0.0033, val_r2: -0.3167, val_cc: 0.6924
Epoch 78, trian_loss: 0.0015, trian_mae: 0.0393, trian_mse:0.0031, trian_r2: -0.3721, trian_cc: 0.7145
Epoch 78, val_loss: 0.0015, val_mae: 0.0391, val_mse: 0.0031, val_r2: -0.5285, val_cc: 0.7045
Epoch 79, trian_loss: 0.0015, trian_mae: 0.0387, trian_mse:0.0030, trian_r2: -0.4326, trian_cc: 0.7232
Epoch 79, val_loss: 0.0016, val_mae: 0.0385, val_mse: 0.0032, val_r2: -0.4817, val_cc: 0.6994
Epoch 80, trian_loss: 0.0015, trian_mae: 0.0383, trian_mse:0.0030, trian_r2: -0.2808, trian_cc: 0.7269
Epoch 80, val_loss: 0.0016, val_mae: 0.0401, val_mse: 0.0032, val_r2: -0.0372, val_cc: 0.7089
Epoch 81, trian_loss: 0.0015, trian_mae: 0.0386, trian_mse:0.0030, trian_r2: -0.3324, trian_cc: 0.7245
Epoch 81, val_loss: 0.0017, val_mae: 0.0406, val_mse: 0.0034, val_r2: 0.0504, val_cc: 0.7034
Epoch 82, trian_loss: 0.0015, trian_mae: 0.0382, trian_mse:0.0030, trian_r2: -0.2723, trian_cc: 0.7294
Epoch 82, val_loss: 0.0017, val_mae: 0.0411, val_mse: 0.0034, val_r2: 0.1256, val_cc: 0.7125
Epoch 83, trian_loss: 0.0015, trian_mae: 0.0382, trian_mse:0.0030, trian_r2: -0.3831, trian_cc: 0.7344
Epoch 83, val_loss: 0.0015, val_mae: 0.0385, val_mse: 0.0030, val_r2: -0.6971, val_cc: 0.7123
Epoch 84, trian_loss: 0.0015, trian_mae: 0.0380, trian_mse:0.0029, trian_r2: -0.2324, trian_cc: 0.7364
Epoch 84, val_loss: 0.0016, val_mae: 0.0378, val_mse: 0.0031, val_r2: -0.2313, val_cc: 0.7073
Epoch 85, trian_loss: 0.0014, trian_mae: 0.0371, trian_mse:0.0028, trian_r2: -0.1628, trian_cc: 0.7424
Epoch 85, val_loss: 0.0015, val_mae: 0.0371, val_mse: 0.0030, val_r2: -0.2477, val_cc: 0.7172
Epoch 86, trian_loss: 0.0014, trian_mae: 0.0364, trian_mse:0.0028, trian_r2: -0.1339, trian_cc: 0.7466
Epoch 86, val_loss: 0.0015, val_mae: 0.0369, val_mse: 0.0030, val_r2: -0.1645, val_cc: 0.7189
Epoch 87, trian_loss: 0.0014, trian_mae: 0.0365, trian_mse:0.0028, trian_r2: -0.1060, trian_cc: 0.7451
Epoch 87, val_loss: 0.0015, val_mae: 0.0367, val_mse: 0.0031, val_r2: -0.3245, val_cc: 0.7144
Epoch 88, trian_loss: 0.0014, trian_mae: 0.0365, trian_mse:0.0028, trian_r2: -0.1519, trian_cc: 0.7455
Epoch 88, val_loss: 0.0015, val_mae: 0.0369, val_mse: 0.0029, val_r2: -0.1723, val_cc: 0.7263
Epoch 89, trian_loss: 0.0013, trian_mae: 0.0358, trian_mse:0.0027, trian_r2: -0.0835, trian_cc: 0.7531
Epoch 89, val_loss: 0.0014, val_mae: 0.0370, val_mse: 0.0029, val_r2: 0.0426, val_cc: 0.7364
Epoch 90, trian_loss: 0.0013, trian_mae: 0.0348, trian_mse:0.0026, trian_r2: 0.0221, trian_cc: 0.7608
Epoch 90, val_loss: 0.0014, val_mae: 0.0356, val_mse: 0.0028, val_r2: 0.0900, val_cc: 0.7391
Epoch 91, trian_loss: 0.0013, trian_mae: 0.0353, trian_mse:0.0027, trian_r2: 0.0055, trian_cc: 0.7578
Epoch 91, val_loss: 0.0014, val_mae: 0.0353, val_mse: 0.0028, val_r2: 0.0800, val_cc: 0.7404
Epoch 92, trian_loss: 0.0013, trian_mae: 0.0352, trian_mse:0.0026, trian_r2: -0.0924, trian_cc: 0.7605
Epoch 92, val_loss: 0.0014, val_mae: 0.0356, val_mse: 0.0028, val_r2: 0.0789, val_cc: 0.7475
Epoch 93, trian_loss: 0.0013, trian_mae: 0.0345, trian_mse:0.0026, trian_r2: 0.0373, trian_cc: 0.7692
Epoch 93, val_loss: 0.0014, val_mae: 0.0350, val_mse: 0.0027, val_r2: 0.1574, val_cc: 0.7512
Epoch 94, trian_loss: 0.0013, trian_mae: 0.0343, trian_mse:0.0025, trian_r2: 0.0507, trian_cc: 0.7724
Epoch 94, val_loss: 0.0014, val_mae: 0.0349, val_mse: 0.0028, val_r2: -0.1712, val_cc: 0.7360
Epoch 95, trian_loss: 0.0013, trian_mae: 0.0347, trian_mse:0.0026, trian_r2: 0.0049, trian_cc: 0.7653
Epoch 95, val_loss: 0.0014, val_mae: 0.0353, val_mse: 0.0028, val_r2: -0.0932, val_cc: 0.7353
Epoch 96, trian_loss: 0.0013, trian_mae: 0.0353, trian_mse:0.0026, trian_r2: -0.0972, trian_cc: 0.7624
Epoch 96, val_loss: 0.0015, val_mae: 0.0370, val_mse: 0.0030, val_r2: 0.1288, val_cc: 0.7343
Epoch 97, trian_loss: 0.0013, trian_mae: 0.0345, trian_mse:0.0026, trian_r2: -0.0422, trian_cc: 0.7700
Epoch 97, val_loss: 0.0014, val_mae: 0.0360, val_mse: 0.0027, val_r2: 0.2413, val_cc: 0.7559
Epoch 98, trian_loss: 0.0012, trian_mae: 0.0325, trian_mse:0.0024, trian_r2: 0.1342, trian_cc: 0.7868
Epoch 98, val_loss: 0.0015, val_mae: 0.0380, val_mse: 0.0029, val_r2: 0.2799, val_cc: 0.7610
Epoch 99, trian_loss: 0.0012, trian_mae: 0.0323, trian_mse:0.0023, trian_r2: 0.1356, trian_cc: 0.7892
Epoch 99, val_loss: 0.0016, val_mae: 0.0397, val_mse: 0.0032, val_r2: 0.2864, val_cc: 0.7541
