Trian Data: 515   Validation Data: 172  Test Data: 172
model ResNet_2D(
  (conv1): Sequential(
    (0): Conv2d(400, 64, kernel_size=(3, 3), stride=(1, 1), padding=(1, 1), bias=False)
    (1): BatchNorm2d(64, eps=1e-05, momentum=0.1, affine=True, track_running_stats=True)
  )
  (layer1): Sequential(
    (0): BasicBlock(
      (conv1): Conv2d(64, 64, kernel_size=(3, 3), stride=(1, 1), padding=(1, 1), bias=False)
      (bn1): BatchNorm2d(64, eps=1e-05, momentum=0.1, affine=True, track_running_stats=True)
      (conv2): Conv2d(64, 64, kernel_size=(3, 3), stride=(1, 1), padding=(1, 1), bias=False)
      (bn2): BatchNorm2d(64, eps=1e-05, momentum=0.1, affine=True, track_running_stats=True)
      (shortcut): Sequential()
    )
    (1): BasicBlock(
      (conv1): Conv2d(64, 64, kernel_size=(3, 3), stride=(1, 1), padding=(1, 1), bias=False)
      (bn1): BatchNorm2d(64, eps=1e-05, momentum=0.1, affine=True, track_running_stats=True)
      (conv2): Conv2d(64, 64, kernel_size=(3, 3), stride=(1, 1), padding=(1, 1), bias=False)
      (bn2): BatchNorm2d(64, eps=1e-05, momentum=0.1, affine=True, track_running_stats=True)
      (shortcut): Sequential()
    )
  )
  (layer2): Sequential(
    (0): BasicBlock(
      (conv1): Conv2d(64, 64, kernel_size=(3, 3), stride=(1, 1), padding=(1, 1), bias=False)
      (bn1): BatchNorm2d(64, eps=1e-05, momentum=0.1, affine=True, track_running_stats=True)
      (conv2): Conv2d(64, 64, kernel_size=(3, 3), stride=(1, 1), padding=(1, 1), bias=False)
      (bn2): BatchNorm2d(64, eps=1e-05, momentum=0.1, affine=True, track_running_stats=True)
      (shortcut): Sequential()
    )
    (1): BasicBlock(
      (conv1): Conv2d(64, 64, kernel_size=(3, 3), stride=(1, 1), padding=(1, 1), bias=False)
      (bn1): BatchNorm2d(64, eps=1e-05, momentum=0.1, affine=True, track_running_stats=True)
      (conv2): Conv2d(64, 64, kernel_size=(3, 3), stride=(1, 1), padding=(1, 1), bias=False)
      (bn2): BatchNorm2d(64, eps=1e-05, momentum=0.1, affine=True, track_running_stats=True)
      (shortcut): Sequential()
    )
  )
  (layer3): Sequential(
    (0): BasicBlock(
      (conv1): Conv2d(64, 64, kernel_size=(3, 3), stride=(1, 1), padding=(1, 1), bias=False)
      (bn1): BatchNorm2d(64, eps=1e-05, momentum=0.1, affine=True, track_running_stats=True)
      (conv2): Conv2d(64, 64, kernel_size=(3, 3), stride=(1, 1), padding=(1, 1), bias=False)
      (bn2): BatchNorm2d(64, eps=1e-05, momentum=0.1, affine=True, track_running_stats=True)
      (shortcut): Sequential()
    )
    (1): BasicBlock(
      (conv1): Conv2d(64, 64, kernel_size=(3, 3), stride=(1, 1), padding=(1, 1), bias=False)
      (bn1): BatchNorm2d(64, eps=1e-05, momentum=0.1, affine=True, track_running_stats=True)
      (conv2): Conv2d(64, 64, kernel_size=(3, 3), stride=(1, 1), padding=(1, 1), bias=False)
      (bn2): BatchNorm2d(64, eps=1e-05, momentum=0.1, affine=True, track_running_stats=True)
      (shortcut): Sequential()
    )
  )
  (layer4): Sequential(
    (0): BasicBlock(
      (conv1): Conv2d(64, 64, kernel_size=(3, 3), stride=(1, 1), padding=(1, 1), bias=False)
      (bn1): BatchNorm2d(64, eps=1e-05, momentum=0.1, affine=True, track_running_stats=True)
      (conv2): Conv2d(64, 64, kernel_size=(3, 3), stride=(1, 1), padding=(1, 1), bias=False)
      (bn2): BatchNorm2d(64, eps=1e-05, momentum=0.1, affine=True, track_running_stats=True)
      (shortcut): Sequential()
    )
    (1): BasicBlock(
      (conv1): Conv2d(64, 64, kernel_size=(3, 3), stride=(1, 1), padding=(1, 1), bias=False)
      (bn1): BatchNorm2d(64, eps=1e-05, momentum=0.1, affine=True, track_running_stats=True)
      (conv2): Conv2d(64, 64, kernel_size=(3, 3), stride=(1, 1), padding=(1, 1), bias=False)
      (bn2): BatchNorm2d(64, eps=1e-05, momentum=0.1, affine=True, track_running_stats=True)
      (shortcut): Sequential()
    )
  )
  (conv2): Sequential(
    (0): Conv2d(64, 32, kernel_size=(3, 3), stride=(1, 1), padding=(1, 1))
    (1): BatchNorm2d(32, eps=1e-05, momentum=0.1, affine=True, track_running_stats=True)
  )
  (conv3): Sequential(
    (0): Conv2d(32, 16, kernel_size=(3, 3), stride=(1, 1), padding=(1, 1))
    (1): BatchNorm2d(16, eps=1e-05, momentum=0.1, affine=True, track_running_stats=True)
  )
  (conv4): Sequential(
    (0): Conv2d(16, 1, kernel_size=(3, 3), stride=(1, 1), padding=(1, 1))
    (1): BatchNorm2d(1, eps=1e-05, momentum=0.1, affine=True, track_running_stats=True)
  )
)
Epoch  0, trian_loss: 0.0141, trian_mae: 0.0951, trian_mse:0.0286, trian_r2: -1.4165, trian_cc: 0.0008
Epoch  0, val_loss: 0.0071, val_mae: 0.0766, val_mse: 0.0142, val_r2: -3.1086, val_cc: 0.0019
Epoch  1, trian_loss: 0.0036, trian_mae: 0.0667, trian_mse:0.0072, trian_r2: -30.5184, trian_cc: 0.0051
Epoch  1, val_loss: 0.0033, val_mae: 0.0651, val_mse: 0.0066, val_r2: -35.0887, val_cc: 0.0090
Epoch  2, trian_loss: 0.0033, trian_mae: 0.0649, trian_mse:0.0066, trian_r2: -59.5904, trian_cc: 0.0132
Epoch  2, val_loss: 0.0033, val_mae: 0.0660, val_mse: 0.0065, val_r2: -69.5932, val_cc: 0.0189
Epoch  3, trian_loss: 0.0032, trian_mae: 0.0650, trian_mse:0.0065, trian_r2: -108.9864, trian_cc: 0.0244
Epoch  3, val_loss: 0.0032, val_mae: 0.0643, val_mse: 0.0064, val_r2: -166.0180, val_cc: 0.0314
Epoch  4, trian_loss: 0.0032, trian_mae: 0.0646, trian_mse:0.0064, trian_r2: -209.7816, trian_cc: 0.0454
Epoch  4, val_loss: 0.0032, val_mae: 0.0648, val_mse: 0.0063, val_r2: -290.8217, val_cc: 0.0607
Epoch  5, trian_loss: 0.0032, trian_mae: 0.0644, trian_mse:0.0063, trian_r2: -332.6620, trian_cc: 0.0761
Epoch  5, val_loss: 0.0031, val_mae: 0.0644, val_mse: 0.0063, val_r2: -372.7345, val_cc: 0.0922
Epoch  6, trian_loss: 0.0032, trian_mae: 0.0642, trian_mse:0.0063, trian_r2: -303.8163, trian_cc: 0.1033
Epoch  6, val_loss: 0.0032, val_mae: 0.0653, val_mse: 0.0063, val_r2: -233.7019, val_cc: 0.1136
Epoch  7, trian_loss: 0.0032, trian_mae: 0.0640, trian_mse:0.0063, trian_r2: -210.6292, trian_cc: 0.1196
Epoch  7, val_loss: 0.0032, val_mae: 0.0626, val_mse: 0.0063, val_r2: -197.9297, val_cc: 0.1256
Epoch  8, trian_loss: 0.0031, trian_mae: 0.0638, trian_mse:0.0063, trian_r2: -158.8315, trian_cc: 0.1299
Epoch  8, val_loss: 0.0031, val_mae: 0.0635, val_mse: 0.0062, val_r2: -167.9968, val_cc: 0.1335
Epoch  9, trian_loss: 0.0031, trian_mae: 0.0638, trian_mse:0.0063, trian_r2: -153.2550, trian_cc: 0.1354
Epoch  9, val_loss: 0.0031, val_mae: 0.0636, val_mse: 0.0062, val_r2: -123.6564, val_cc: 0.1384
Epoch 10, trian_loss: 0.0031, trian_mae: 0.0637, trian_mse:0.0063, trian_r2: -129.1588, trian_cc: 0.1361
Epoch 10, val_loss: 0.0032, val_mae: 0.0617, val_mse: 0.0063, val_r2: -146.7425, val_cc: 0.1219
Epoch 11, trian_loss: 0.0031, trian_mae: 0.0637, trian_mse:0.0063, trian_r2: -131.3356, trian_cc: 0.1394
Epoch 11, val_loss: 0.0031, val_mae: 0.0637, val_mse: 0.0062, val_r2: -123.7951, val_cc: 0.1401
Epoch 12, trian_loss: 0.0031, trian_mae: 0.0636, trian_mse:0.0063, trian_r2: -118.3014, trian_cc: 0.1418
Epoch 12, val_loss: 0.0031, val_mae: 0.0639, val_mse: 0.0062, val_r2: -116.4754, val_cc: 0.1432
Epoch 13, trian_loss: 0.0031, trian_mae: 0.0636, trian_mse:0.0063, trian_r2: -121.9329, trian_cc: 0.1436
Epoch 13, val_loss: 0.0031, val_mae: 0.0636, val_mse: 0.0062, val_r2: -116.8965, val_cc: 0.1437
Epoch 14, trian_loss: 0.0031, trian_mae: 0.0635, trian_mse:0.0063, trian_r2: -113.0782, trian_cc: 0.1438
Epoch 14, val_loss: 0.0031, val_mae: 0.0633, val_mse: 0.0062, val_r2: -128.3038, val_cc: 0.1441
Epoch 15, trian_loss: 0.0031, trian_mae: 0.0636, trian_mse:0.0063, trian_r2: -108.9316, trian_cc: 0.1442
Epoch 15, val_loss: 0.0031, val_mae: 0.0636, val_mse: 0.0062, val_r2: -102.0709, val_cc: 0.1455
Epoch 16, trian_loss: 0.0031, trian_mae: 0.0636, trian_mse:0.0062, trian_r2: -109.8840, trian_cc: 0.1449
Epoch 16, val_loss: 0.0031, val_mae: 0.0635, val_mse: 0.0062, val_r2: -115.2593, val_cc: 0.1469
Epoch 17, trian_loss: 0.0031, trian_mae: 0.0635, trian_mse:0.0062, trian_r2: -103.6436, trian_cc: 0.1471
Epoch 17, val_loss: 0.0031, val_mae: 0.0636, val_mse: 0.0062, val_r2: -93.7467, val_cc: 0.1541
Epoch 18, trian_loss: 0.0031, trian_mae: 0.0633, trian_mse:0.0062, trian_r2: -95.3615, trian_cc: 0.1556
Epoch 18, val_loss: 0.0031, val_mae: 0.0632, val_mse: 0.0062, val_r2: -83.7148, val_cc: 0.1674
Epoch 19, trian_loss: 0.0031, trian_mae: 0.0631, trian_mse:0.0062, trian_r2: -83.0540, trian_cc: 0.1699
Epoch 19, val_loss: 0.0031, val_mae: 0.0630, val_mse: 0.0061, val_r2: -65.5036, val_cc: 0.1852
Epoch 20, trian_loss: 0.0031, trian_mae: 0.0628, trian_mse:0.0062, trian_r2: -74.2883, trian_cc: 0.1849
Epoch 20, val_loss: 0.0030, val_mae: 0.0627, val_mse: 0.0061, val_r2: -62.5797, val_cc: 0.1987
Epoch 21, trian_loss: 0.0031, trian_mae: 0.0625, trian_mse:0.0061, trian_r2: -64.9182, trian_cc: 0.1999
Epoch 21, val_loss: 0.0030, val_mae: 0.0621, val_mse: 0.0061, val_r2: -60.2312, val_cc: 0.2078
Epoch 22, trian_loss: 0.0030, trian_mae: 0.0620, trian_mse:0.0061, trian_r2: -56.9871, trian_cc: 0.2202
Epoch 22, val_loss: 0.0030, val_mae: 0.0621, val_mse: 0.0060, val_r2: -68.3890, val_cc: 0.2231
Epoch 23, trian_loss: 0.0030, trian_mae: 0.0619, trian_mse:0.0060, trian_r2: -55.3821, trian_cc: 0.2305
Epoch 23, val_loss: 0.0030, val_mae: 0.0619, val_mse: 0.0060, val_r2: -55.7462, val_cc: 0.2393
Epoch 24, trian_loss: 0.0030, trian_mae: 0.0615, trian_mse:0.0060, trian_r2: -51.5738, trian_cc: 0.2460
Epoch 24, val_loss: 0.0030, val_mae: 0.0615, val_mse: 0.0059, val_r2: -42.7805, val_cc: 0.2548
Epoch 25, trian_loss: 0.0030, trian_mae: 0.0613, trian_mse:0.0060, trian_r2: -46.6637, trian_cc: 0.2573
Epoch 25, val_loss: 0.0030, val_mae: 0.0613, val_mse: 0.0059, val_r2: -34.9960, val_cc: 0.2670
Epoch 26, trian_loss: 0.0030, trian_mae: 0.0610, trian_mse:0.0059, trian_r2: -42.8321, trian_cc: 0.2716
Epoch 26, val_loss: 0.0029, val_mae: 0.0610, val_mse: 0.0059, val_r2: -36.1589, val_cc: 0.2762
Epoch 27, trian_loss: 0.0029, trian_mae: 0.0607, trian_mse:0.0059, trian_r2: -37.9090, trian_cc: 0.2839
Epoch 27, val_loss: 0.0029, val_mae: 0.0609, val_mse: 0.0059, val_r2: -36.5695, val_cc: 0.2718
Epoch 28, trian_loss: 0.0029, trian_mae: 0.0605, trian_mse:0.0058, trian_r2: -34.9261, trian_cc: 0.2937
Epoch 28, val_loss: 0.0029, val_mae: 0.0603, val_mse: 0.0058, val_r2: -28.8018, val_cc: 0.2997
Epoch 29, trian_loss: 0.0029, trian_mae: 0.0602, trian_mse:0.0058, trian_r2: -31.5500, trian_cc: 0.3050
Epoch 29, val_loss: 0.0029, val_mae: 0.0600, val_mse: 0.0058, val_r2: -29.0132, val_cc: 0.3103
Epoch 30, trian_loss: 0.0029, trian_mae: 0.0600, trian_mse:0.0058, trian_r2: -28.3665, trian_cc: 0.3109
Epoch 30, val_loss: 0.0029, val_mae: 0.0598, val_mse: 0.0057, val_r2: -20.9141, val_cc: 0.3196
Epoch 31, trian_loss: 0.0029, trian_mae: 0.0597, trian_mse:0.0057, trian_r2: -28.8001, trian_cc: 0.3227
Epoch 31, val_loss: 0.0028, val_mae: 0.0591, val_mse: 0.0057, val_r2: -19.0571, val_cc: 0.3293
Epoch 32, trian_loss: 0.0028, trian_mae: 0.0590, trian_mse:0.0057, trian_r2: -22.2643, trian_cc: 0.3399
Epoch 32, val_loss: 0.0028, val_mae: 0.0586, val_mse: 0.0056, val_r2: -18.7545, val_cc: 0.3620
Epoch 33, trian_loss: 0.0028, trian_mae: 0.0584, trian_mse:0.0056, trian_r2: -18.9495, trian_cc: 0.3633
Epoch 33, val_loss: 0.0027, val_mae: 0.0569, val_mse: 0.0055, val_r2: -12.0725, val_cc: 0.3890
Epoch 34, trian_loss: 0.0027, trian_mae: 0.0574, trian_mse:0.0055, trian_r2: -17.2275, trian_cc: 0.3905
Epoch 34, val_loss: 0.0027, val_mae: 0.0559, val_mse: 0.0054, val_r2: -8.3526, val_cc: 0.4218
Epoch 35, trian_loss: 0.0027, trian_mae: 0.0566, trian_mse:0.0054, trian_r2: -14.1428, trian_cc: 0.4143
Epoch 35, val_loss: 0.0027, val_mae: 0.0566, val_mse: 0.0054, val_r2: -15.9850, val_cc: 0.4155
Epoch 36, trian_loss: 0.0026, trian_mae: 0.0548, trian_mse:0.0052, trian_r2: -12.3404, trian_cc: 0.4559
Epoch 36, val_loss: 0.0026, val_mae: 0.0546, val_mse: 0.0052, val_r2: -12.1592, val_cc: 0.4592
Epoch 37, trian_loss: 0.0025, trian_mae: 0.0533, trian_mse:0.0050, trian_r2: -8.9564, trian_cc: 0.4911
Epoch 37, val_loss: 0.0025, val_mae: 0.0513, val_mse: 0.0049, val_r2: -5.8471, val_cc: 0.5053
Epoch 38, trian_loss: 0.0024, trian_mae: 0.0519, trian_mse:0.0049, trian_r2: -7.4921, trian_cc: 0.5211
Epoch 38, val_loss: 0.0024, val_mae: 0.0501, val_mse: 0.0047, val_r2: -2.8218, val_cc: 0.5455
Epoch 39, trian_loss: 0.0023, trian_mae: 0.0502, trian_mse:0.0046, trian_r2: -5.3724, trian_cc: 0.5592
Epoch 39, val_loss: 0.0023, val_mae: 0.0488, val_mse: 0.0046, val_r2: -2.9464, val_cc: 0.5666
Epoch 40, trian_loss: 0.0022, trian_mae: 0.0490, trian_mse:0.0045, trian_r2: -4.3866, trian_cc: 0.5814
Epoch 40, val_loss: 0.0022, val_mae: 0.0489, val_mse: 0.0045, val_r2: -4.1756, val_cc: 0.5788
Epoch 41, trian_loss: 0.0022, trian_mae: 0.0487, trian_mse:0.0044, trian_r2: -4.7803, trian_cc: 0.5899
Epoch 41, val_loss: 0.0022, val_mae: 0.0487, val_mse: 0.0044, val_r2: -2.0199, val_cc: 0.5937
Epoch 42, trian_loss: 0.0021, trian_mae: 0.0474, trian_mse:0.0043, trian_r2: -3.5025, trian_cc: 0.6167
Epoch 42, val_loss: 0.0021, val_mae: 0.0474, val_mse: 0.0042, val_r2: -1.4277, val_cc: 0.6180
Epoch 43, trian_loss: 0.0021, trian_mae: 0.0467, trian_mse:0.0042, trian_r2: -2.7325, trian_cc: 0.6311
Epoch 43, val_loss: 0.0020, val_mae: 0.0457, val_mse: 0.0041, val_r2: -1.2752, val_cc: 0.6371
Epoch 44, trian_loss: 0.0020, trian_mae: 0.0446, trian_mse:0.0039, trian_r2: -2.0407, trian_cc: 0.6556
Epoch 44, val_loss: 0.0020, val_mae: 0.0449, val_mse: 0.0040, val_r2: -0.8924, val_cc: 0.6498
Epoch 45, trian_loss: 0.0019, trian_mae: 0.0438, trian_mse:0.0038, trian_r2: -1.9522, trian_cc: 0.6671
Epoch 45, val_loss: 0.0019, val_mae: 0.0443, val_mse: 0.0039, val_r2: -2.5799, val_cc: 0.6562
Epoch 46, trian_loss: 0.0019, trian_mae: 0.0445, trian_mse:0.0038, trian_r2: -1.9094, trian_cc: 0.6643
Epoch 46, val_loss: 0.0019, val_mae: 0.0433, val_mse: 0.0037, val_r2: -1.4779, val_cc: 0.6660
Epoch 47, trian_loss: 0.0018, trian_mae: 0.0429, trian_mse:0.0037, trian_r2: -1.3972, trian_cc: 0.6809
Epoch 47, val_loss: 0.0021, val_mae: 0.0472, val_mse: 0.0041, val_r2: -0.4039, val_cc: 0.6640
Epoch 48, trian_loss: 0.0018, trian_mae: 0.0422, trian_mse:0.0036, trian_r2: -1.4587, trian_cc: 0.6915
Epoch 48, val_loss: 0.0018, val_mae: 0.0424, val_mse: 0.0036, val_r2: -1.0128, val_cc: 0.6834
Epoch 49, trian_loss: 0.0018, trian_mae: 0.0418, trian_mse:0.0035, trian_r2: -1.5852, trian_cc: 0.6964
Epoch 49, val_loss: 0.0018, val_mae: 0.0419, val_mse: 0.0036, val_r2: -0.9512, val_cc: 0.6842
Epoch 50, trian_loss: 0.0018, trian_mae: 0.0420, trian_mse:0.0035, trian_r2: -1.1315, trian_cc: 0.6980
Epoch 50, val_loss: 0.0018, val_mae: 0.0432, val_mse: 0.0035, val_r2: -0.3968, val_cc: 0.6976
Epoch 51, trian_loss: 0.0017, trian_mae: 0.0411, trian_mse:0.0034, trian_r2: -0.8847, trian_cc: 0.7073
Epoch 51, val_loss: 0.0017, val_mae: 0.0419, val_mse: 0.0034, val_r2: -0.5915, val_cc: 0.6992
Epoch 52, trian_loss: 0.0017, trian_mae: 0.0406, trian_mse:0.0033, trian_r2: -0.8107, trian_cc: 0.7137
Epoch 52, val_loss: 0.0017, val_mae: 0.0409, val_mse: 0.0033, val_r2: -0.7144, val_cc: 0.7074
Epoch 53, trian_loss: 0.0016, trian_mae: 0.0399, trian_mse:0.0032, trian_r2: -0.7994, trian_cc: 0.7227
Epoch 53, val_loss: 0.0017, val_mae: 0.0406, val_mse: 0.0034, val_r2: -0.0490, val_cc: 0.7109
Epoch 54, trian_loss: 0.0016, trian_mae: 0.0400, trian_mse:0.0033, trian_r2: -0.6574, trian_cc: 0.7231
Epoch 54, val_loss: 0.0017, val_mae: 0.0419, val_mse: 0.0034, val_r2: -0.1178, val_cc: 0.7087
Epoch 55, trian_loss: 0.0016, trian_mae: 0.0398, trian_mse:0.0032, trian_r2: -0.6359, trian_cc: 0.7232
Epoch 55, val_loss: 0.0018, val_mae: 0.0425, val_mse: 0.0036, val_r2: -0.0029, val_cc: 0.7108
Epoch 56, trian_loss: 0.0016, trian_mae: 0.0389, trian_mse:0.0031, trian_r2: -0.4380, trian_cc: 0.7325
Epoch 56, val_loss: 0.0018, val_mae: 0.0421, val_mse: 0.0035, val_r2: 0.0580, val_cc: 0.7202
Epoch 57, trian_loss: 0.0015, trian_mae: 0.0385, trian_mse:0.0031, trian_r2: -0.5490, trian_cc: 0.7360
Epoch 57, val_loss: 0.0016, val_mae: 0.0403, val_mse: 0.0032, val_r2: -0.0792, val_cc: 0.7292
Epoch 58, trian_loss: 0.0015, trian_mae: 0.0383, trian_mse:0.0030, trian_r2: -0.4265, trian_cc: 0.7429
Epoch 58, val_loss: 0.0016, val_mae: 0.0380, val_mse: 0.0032, val_r2: -0.5443, val_cc: 0.7276
Epoch 59, trian_loss: 0.0015, trian_mae: 0.0387, trian_mse:0.0031, trian_r2: -0.4234, trian_cc: 0.7402
Epoch 59, val_loss: 0.0016, val_mae: 0.0390, val_mse: 0.0031, val_r2: -0.2114, val_cc: 0.7276
Epoch 60, trian_loss: 0.0015, trian_mae: 0.0379, trian_mse:0.0030, trian_r2: -0.3216, trian_cc: 0.7447
Epoch 60, val_loss: 0.0016, val_mae: 0.0376, val_mse: 0.0031, val_r2: -0.1687, val_cc: 0.7333
Epoch 61, trian_loss: 0.0015, trian_mae: 0.0374, trian_mse:0.0029, trian_r2: -0.3306, trian_cc: 0.7488
Epoch 61, val_loss: 0.0015, val_mae: 0.0377, val_mse: 0.0030, val_r2: -0.3345, val_cc: 0.7374
Epoch 62, trian_loss: 0.0015, trian_mae: 0.0380, trian_mse:0.0030, trian_r2: -0.5643, trian_cc: 0.7496
Epoch 62, val_loss: 0.0015, val_mae: 0.0402, val_mse: 0.0031, val_r2: -0.0105, val_cc: 0.7427
Epoch 63, trian_loss: 0.0014, trian_mae: 0.0363, trian_mse:0.0028, trian_r2: -0.2066, trian_cc: 0.7644
Epoch 63, val_loss: 0.0015, val_mae: 0.0371, val_mse: 0.0029, val_r2: -0.1494, val_cc: 0.7497
Epoch 64, trian_loss: 0.0014, trian_mae: 0.0365, trian_mse:0.0028, trian_r2: -0.2182, trian_cc: 0.7634
Epoch 64, val_loss: 0.0016, val_mae: 0.0390, val_mse: 0.0032, val_r2: -1.3362, val_cc: 0.7386
Epoch 65, trian_loss: 0.0014, trian_mae: 0.0360, trian_mse:0.0028, trian_r2: -0.1350, trian_cc: 0.7670
Epoch 65, val_loss: 0.0015, val_mae: 0.0363, val_mse: 0.0030, val_r2: -0.0733, val_cc: 0.7440
Epoch 66, trian_loss: 0.0014, trian_mae: 0.0360, trian_mse:0.0028, trian_r2: -0.1212, trian_cc: 0.7665
Epoch 66, val_loss: 0.0015, val_mae: 0.0362, val_mse: 0.0029, val_r2: -0.0194, val_cc: 0.7508
Epoch 67, trian_loss: 0.0014, trian_mae: 0.0357, trian_mse:0.0028, trian_r2: -0.0748, trian_cc: 0.7659
Epoch 67, val_loss: 0.0015, val_mae: 0.0359, val_mse: 0.0029, val_r2: -0.1901, val_cc: 0.7442
Epoch 68, trian_loss: 0.0014, trian_mae: 0.0357, trian_mse:0.0027, trian_r2: -0.0628, trian_cc: 0.7691
Epoch 68, val_loss: 0.0015, val_mae: 0.0354, val_mse: 0.0029, val_r2: -0.3034, val_cc: 0.7503
Epoch 69, trian_loss: 0.0013, trian_mae: 0.0351, trian_mse:0.0027, trian_r2: -0.0249, trian_cc: 0.7721
Epoch 69, val_loss: 0.0014, val_mae: 0.0360, val_mse: 0.0028, val_r2: -0.0969, val_cc: 0.7579
Epoch 70, trian_loss: 0.0013, trian_mae: 0.0354, trian_mse:0.0027, trian_r2: -0.0262, trian_cc: 0.7720
Epoch 70, val_loss: 0.0015, val_mae: 0.0344, val_mse: 0.0029, val_r2: 0.0429, val_cc: 0.7534
Epoch 71, trian_loss: 0.0013, trian_mae: 0.0347, trian_mse:0.0026, trian_r2: -0.0326, trian_cc: 0.7778
Epoch 71, val_loss: 0.0015, val_mae: 0.0354, val_mse: 0.0031, val_r2: -0.7260, val_cc: 0.7546
Epoch 72, trian_loss: 0.0013, trian_mae: 0.0336, trian_mse:0.0025, trian_r2: 0.0630, trian_cc: 0.7880
Epoch 72, val_loss: 0.0015, val_mae: 0.0339, val_mse: 0.0029, val_r2: -0.3007, val_cc: 0.7575
Epoch 73, trian_loss: 0.0013, trian_mae: 0.0342, trian_mse:0.0026, trian_r2: 0.0779, trian_cc: 0.7824
Epoch 73, val_loss: 0.0017, val_mae: 0.0386, val_mse: 0.0034, val_r2: -1.7407, val_cc: 0.7348
Epoch 74, trian_loss: 0.0013, trian_mae: 0.0347, trian_mse:0.0026, trian_r2: 0.0445, trian_cc: 0.7767
Epoch 74, val_loss: 0.0018, val_mae: 0.0391, val_mse: 0.0036, val_r2: -2.0348, val_cc: 0.7291
Epoch 75, trian_loss: 0.0013, trian_mae: 0.0341, trian_mse:0.0025, trian_r2: 0.0798, trian_cc: 0.7847
Epoch 75, val_loss: 0.0014, val_mae: 0.0352, val_mse: 0.0027, val_r2: 0.1137, val_cc: 0.7633
Epoch 76, trian_loss: 0.0013, trian_mae: 0.0340, trian_mse:0.0025, trian_r2: 0.0701, trian_cc: 0.7837
Epoch 76, val_loss: 0.0016, val_mae: 0.0379, val_mse: 0.0033, val_r2: -0.9930, val_cc: 0.7303
Epoch 77, trian_loss: 0.0013, trian_mae: 0.0343, trian_mse:0.0026, trian_r2: 0.0648, trian_cc: 0.7821
Epoch 77, val_loss: 0.0016, val_mae: 0.0356, val_mse: 0.0031, val_r2: -0.7836, val_cc: 0.7504
Epoch 78, trian_loss: 0.0013, trian_mae: 0.0340, trian_mse:0.0025, trian_r2: -0.0179, trian_cc: 0.7869
Epoch 78, val_loss: 0.0013, val_mae: 0.0328, val_mse: 0.0027, val_r2: 0.0449, val_cc: 0.7723
Epoch 79, trian_loss: 0.0012, trian_mae: 0.0330, trian_mse:0.0024, trian_r2: 0.1584, trian_cc: 0.7966
Epoch 79, val_loss: 0.0013, val_mae: 0.0332, val_mse: 0.0025, val_r2: 0.0168, val_cc: 0.7753
Epoch 80, trian_loss: 0.0012, trian_mae: 0.0334, trian_mse:0.0024, trian_r2: 0.1185, trian_cc: 0.7947
Epoch 80, val_loss: 0.0014, val_mae: 0.0351, val_mse: 0.0028, val_r2: 0.3423, val_cc: 0.7766
Epoch 81, trian_loss: 0.0013, trian_mae: 0.0340, trian_mse:0.0025, trian_r2: 0.0629, trian_cc: 0.7883
Epoch 81, val_loss: 0.0013, val_mae: 0.0343, val_mse: 0.0026, val_r2: 0.2833, val_cc: 0.7802
Epoch 82, trian_loss: 0.0012, trian_mae: 0.0333, trian_mse:0.0025, trian_r2: 0.1004, trian_cc: 0.7936
Epoch 82, val_loss: 0.0013, val_mae: 0.0342, val_mse: 0.0025, val_r2: 0.1485, val_cc: 0.7781
Epoch 83, trian_loss: 0.0012, trian_mae: 0.0327, trian_mse:0.0024, trian_r2: 0.1365, trian_cc: 0.7983
Epoch 83, val_loss: 0.0012, val_mae: 0.0334, val_mse: 0.0024, val_r2: 0.2596, val_cc: 0.7924
Epoch 84, trian_loss: 0.0011, trian_mae: 0.0313, trian_mse:0.0022, trian_r2: 0.2703, trian_cc: 0.8120
Epoch 84, val_loss: 0.0012, val_mae: 0.0332, val_mse: 0.0024, val_r2: 0.4002, val_cc: 0.8037
Epoch 85, trian_loss: 0.0011, trian_mae: 0.0303, trian_mse:0.0021, trian_r2: 0.2847, trian_cc: 0.8205
Epoch 85, val_loss: 0.0012, val_mae: 0.0320, val_mse: 0.0025, val_r2: 0.4444, val_cc: 0.7987
Epoch 86, trian_loss: 0.0011, trian_mae: 0.0312, trian_mse:0.0022, trian_r2: 0.2712, trian_cc: 0.8150
Epoch 86, val_loss: 0.0012, val_mae: 0.0320, val_mse: 0.0024, val_r2: 0.1678, val_cc: 0.7911
Epoch 87, trian_loss: 0.0012, trian_mae: 0.0325, trian_mse:0.0023, trian_r2: 0.1799, trian_cc: 0.8016
Epoch 87, val_loss: 0.0014, val_mae: 0.0376, val_mse: 0.0027, val_r2: 0.2385, val_cc: 0.7797
Epoch 88, trian_loss: 0.0012, trian_mae: 0.0322, trian_mse:0.0023, trian_r2: 0.1908, trian_cc: 0.7999
Epoch 88, val_loss: 0.0012, val_mae: 0.0336, val_mse: 0.0025, val_r2: 0.0707, val_cc: 0.7848
Epoch 89, trian_loss: 0.0011, trian_mae: 0.0311, trian_mse:0.0022, trian_r2: 0.2631, trian_cc: 0.8111
Epoch 89, val_loss: 0.0011, val_mae: 0.0309, val_mse: 0.0023, val_r2: 0.2792, val_cc: 0.8015
Epoch 90, trian_loss: 0.0011, trian_mae: 0.0308, trian_mse:0.0022, trian_r2: 0.2784, trian_cc: 0.8159
Epoch 90, val_loss: 0.0011, val_mae: 0.0317, val_mse: 0.0023, val_r2: 0.2690, val_cc: 0.8001
Epoch 91, trian_loss: 0.0011, trian_mae: 0.0308, trian_mse:0.0022, trian_r2: 0.2624, trian_cc: 0.8177
Epoch 91, val_loss: 0.0012, val_mae: 0.0322, val_mse: 0.0023, val_r2: 0.1585, val_cc: 0.7963
Epoch 92, trian_loss: 0.0011, trian_mae: 0.0312, trian_mse:0.0022, trian_r2: 0.2658, trian_cc: 0.8113
Epoch 92, val_loss: 0.0014, val_mae: 0.0330, val_mse: 0.0027, val_r2: -0.3930, val_cc: 0.7811
Epoch 93, trian_loss: 0.0012, trian_mae: 0.0322, trian_mse:0.0023, trian_r2: 0.1710, trian_cc: 0.8048
Epoch 93, val_loss: 0.0012, val_mae: 0.0314, val_mse: 0.0024, val_r2: 0.1611, val_cc: 0.7927
Epoch 94, trian_loss: 0.0011, trian_mae: 0.0314, trian_mse:0.0023, trian_r2: 0.2122, trian_cc: 0.8125
Epoch 94, val_loss: 0.0011, val_mae: 0.0311, val_mse: 0.0022, val_r2: 0.2100, val_cc: 0.8020
Epoch 95, trian_loss: 0.0011, trian_mae: 0.0308, trian_mse:0.0022, trian_r2: 0.2503, trian_cc: 0.8177
Epoch 95, val_loss: 0.0012, val_mae: 0.0324, val_mse: 0.0024, val_r2: 0.4201, val_cc: 0.7995
Epoch 96, trian_loss: 0.0011, trian_mae: 0.0313, trian_mse:0.0022, trian_r2: 0.2332, trian_cc: 0.8165
Epoch 96, val_loss: 0.0015, val_mae: 0.0361, val_mse: 0.0031, val_r2: 0.4473, val_cc: 0.7938
Epoch 97, trian_loss: 0.0011, trian_mae: 0.0314, trian_mse:0.0022, trian_r2: 0.2179, trian_cc: 0.8109
Epoch 97, val_loss: 0.0012, val_mae: 0.0314, val_mse: 0.0025, val_r2: 0.0947, val_cc: 0.7866
Epoch 98, trian_loss: 0.0011, trian_mae: 0.0315, trian_mse:0.0023, trian_r2: 0.2084, trian_cc: 0.8105
Epoch 98, val_loss: 0.0011, val_mae: 0.0306, val_mse: 0.0023, val_r2: 0.2716, val_cc: 0.7974
Epoch 99, trian_loss: 0.0011, trian_mae: 0.0306, trian_mse:0.0022, trian_r2: 0.3063, trian_cc: 0.8159
Epoch 99, val_loss: 0.0012, val_mae: 0.0330, val_mse: 0.0025, val_r2: 0.3944, val_cc: 0.8038
