Trian Data: 532   Validation Data: 177  Test Data: 178
[1, 1, 1, 1]
[1, 1, 1, 1]
[1, 1, 1, 1]
[1, 1, 1, 1]
model SENet(
  (conv1): Conv2d(101, 64, kernel_size=(3, 3), stride=(1, 1), padding=(1, 1), bias=False)
  (bn1): BatchNorm2d(64, eps=1e-05, momentum=0.1, affine=True, track_running_stats=True)
  (layer1): Sequential(
    (0): BasicBlock(
      (conv1): Conv2d(64, 64, kernel_size=(3, 3), stride=(1, 1), padding=(1, 1), bias=False)
      (bn1): BatchNorm2d(64, eps=1e-05, momentum=0.1, affine=True, track_running_stats=True)
      (conv2): Conv2d(64, 64, kernel_size=(3, 3), stride=(1, 1), padding=(1, 1), bias=False)
      (bn2): BatchNorm2d(64, eps=1e-05, momentum=0.1, affine=True, track_running_stats=True)
      (shortcut): Sequential()
      (fc1): Conv2d(64, 4, kernel_size=(1, 1), stride=(1, 1))
      (fc2): Conv2d(4, 64, kernel_size=(1, 1), stride=(1, 1))
    )
    (1): BasicBlock(
      (conv1): Conv2d(64, 64, kernel_size=(3, 3), stride=(1, 1), padding=(1, 1), bias=False)
      (bn1): BatchNorm2d(64, eps=1e-05, momentum=0.1, affine=True, track_running_stats=True)
      (conv2): Conv2d(64, 64, kernel_size=(3, 3), stride=(1, 1), padding=(1, 1), bias=False)
      (bn2): BatchNorm2d(64, eps=1e-05, momentum=0.1, affine=True, track_running_stats=True)
      (shortcut): Sequential()
      (fc1): Conv2d(64, 4, kernel_size=(1, 1), stride=(1, 1))
      (fc2): Conv2d(4, 64, kernel_size=(1, 1), stride=(1, 1))
    )
    (2): BasicBlock(
      (conv1): Conv2d(64, 64, kernel_size=(3, 3), stride=(1, 1), padding=(1, 1), bias=False)
      (bn1): BatchNorm2d(64, eps=1e-05, momentum=0.1, affine=True, track_running_stats=True)
      (conv2): Conv2d(64, 64, kernel_size=(3, 3), stride=(1, 1), padding=(1, 1), bias=False)
      (bn2): BatchNorm2d(64, eps=1e-05, momentum=0.1, affine=True, track_running_stats=True)
      (shortcut): Sequential()
      (fc1): Conv2d(64, 4, kernel_size=(1, 1), stride=(1, 1))
      (fc2): Conv2d(4, 64, kernel_size=(1, 1), stride=(1, 1))
    )
    (3): BasicBlock(
      (conv1): Conv2d(64, 64, kernel_size=(3, 3), stride=(1, 1), padding=(1, 1), bias=False)
      (bn1): BatchNorm2d(64, eps=1e-05, momentum=0.1, affine=True, track_running_stats=True)
      (conv2): Conv2d(64, 64, kernel_size=(3, 3), stride=(1, 1), padding=(1, 1), bias=False)
      (bn2): BatchNorm2d(64, eps=1e-05, momentum=0.1, affine=True, track_running_stats=True)
      (shortcut): Sequential()
      (fc1): Conv2d(64, 4, kernel_size=(1, 1), stride=(1, 1))
      (fc2): Conv2d(4, 64, kernel_size=(1, 1), stride=(1, 1))
    )
  )
  (layer2): Sequential(
    (0): BasicBlock(
      (conv1): Conv2d(64, 64, kernel_size=(3, 3), stride=(1, 1), padding=(1, 1), bias=False)
      (bn1): BatchNorm2d(64, eps=1e-05, momentum=0.1, affine=True, track_running_stats=True)
      (conv2): Conv2d(64, 64, kernel_size=(3, 3), stride=(1, 1), padding=(1, 1), bias=False)
      (bn2): BatchNorm2d(64, eps=1e-05, momentum=0.1, affine=True, track_running_stats=True)
      (shortcut): Sequential()
      (fc1): Conv2d(64, 4, kernel_size=(1, 1), stride=(1, 1))
      (fc2): Conv2d(4, 64, kernel_size=(1, 1), stride=(1, 1))
    )
    (1): BasicBlock(
      (conv1): Conv2d(64, 64, kernel_size=(3, 3), stride=(1, 1), padding=(1, 1), bias=False)
      (bn1): BatchNorm2d(64, eps=1e-05, momentum=0.1, affine=True, track_running_stats=True)
      (conv2): Conv2d(64, 64, kernel_size=(3, 3), stride=(1, 1), padding=(1, 1), bias=False)
      (bn2): BatchNorm2d(64, eps=1e-05, momentum=0.1, affine=True, track_running_stats=True)
      (shortcut): Sequential()
      (fc1): Conv2d(64, 4, kernel_size=(1, 1), stride=(1, 1))
      (fc2): Conv2d(4, 64, kernel_size=(1, 1), stride=(1, 1))
    )
    (2): BasicBlock(
      (conv1): Conv2d(64, 64, kernel_size=(3, 3), stride=(1, 1), padding=(1, 1), bias=False)
      (bn1): BatchNorm2d(64, eps=1e-05, momentum=0.1, affine=True, track_running_stats=True)
      (conv2): Conv2d(64, 64, kernel_size=(3, 3), stride=(1, 1), padding=(1, 1), bias=False)
      (bn2): BatchNorm2d(64, eps=1e-05, momentum=0.1, affine=True, track_running_stats=True)
      (shortcut): Sequential()
      (fc1): Conv2d(64, 4, kernel_size=(1, 1), stride=(1, 1))
      (fc2): Conv2d(4, 64, kernel_size=(1, 1), stride=(1, 1))
    )
    (3): BasicBlock(
      (conv1): Conv2d(64, 64, kernel_size=(3, 3), stride=(1, 1), padding=(1, 1), bias=False)
      (bn1): BatchNorm2d(64, eps=1e-05, momentum=0.1, affine=True, track_running_stats=True)
      (conv2): Conv2d(64, 64, kernel_size=(3, 3), stride=(1, 1), padding=(1, 1), bias=False)
      (bn2): BatchNorm2d(64, eps=1e-05, momentum=0.1, affine=True, track_running_stats=True)
      (shortcut): Sequential()
      (fc1): Conv2d(64, 4, kernel_size=(1, 1), stride=(1, 1))
      (fc2): Conv2d(4, 64, kernel_size=(1, 1), stride=(1, 1))
    )
  )
  (layer3): Sequential(
    (0): BasicBlock(
      (conv1): Conv2d(64, 64, kernel_size=(3, 3), stride=(1, 1), padding=(1, 1), bias=False)
      (bn1): BatchNorm2d(64, eps=1e-05, momentum=0.1, affine=True, track_running_stats=True)
      (conv2): Conv2d(64, 64, kernel_size=(3, 3), stride=(1, 1), padding=(1, 1), bias=False)
      (bn2): BatchNorm2d(64, eps=1e-05, momentum=0.1, affine=True, track_running_stats=True)
      (shortcut): Sequential()
      (fc1): Conv2d(64, 4, kernel_size=(1, 1), stride=(1, 1))
      (fc2): Conv2d(4, 64, kernel_size=(1, 1), stride=(1, 1))
    )
    (1): BasicBlock(
      (conv1): Conv2d(64, 64, kernel_size=(3, 3), stride=(1, 1), padding=(1, 1), bias=False)
      (bn1): BatchNorm2d(64, eps=1e-05, momentum=0.1, affine=True, track_running_stats=True)
      (conv2): Conv2d(64, 64, kernel_size=(3, 3), stride=(1, 1), padding=(1, 1), bias=False)
      (bn2): BatchNorm2d(64, eps=1e-05, momentum=0.1, affine=True, track_running_stats=True)
      (shortcut): Sequential()
      (fc1): Conv2d(64, 4, kernel_size=(1, 1), stride=(1, 1))
      (fc2): Conv2d(4, 64, kernel_size=(1, 1), stride=(1, 1))
    )
    (2): BasicBlock(
      (conv1): Conv2d(64, 64, kernel_size=(3, 3), stride=(1, 1), padding=(1, 1), bias=False)
      (bn1): BatchNorm2d(64, eps=1e-05, momentum=0.1, affine=True, track_running_stats=True)
      (conv2): Conv2d(64, 64, kernel_size=(3, 3), stride=(1, 1), padding=(1, 1), bias=False)
      (bn2): BatchNorm2d(64, eps=1e-05, momentum=0.1, affine=True, track_running_stats=True)
      (shortcut): Sequential()
      (fc1): Conv2d(64, 4, kernel_size=(1, 1), stride=(1, 1))
      (fc2): Conv2d(4, 64, kernel_size=(1, 1), stride=(1, 1))
    )
    (3): BasicBlock(
      (conv1): Conv2d(64, 64, kernel_size=(3, 3), stride=(1, 1), padding=(1, 1), bias=False)
      (bn1): BatchNorm2d(64, eps=1e-05, momentum=0.1, affine=True, track_running_stats=True)
      (conv2): Conv2d(64, 64, kernel_size=(3, 3), stride=(1, 1), padding=(1, 1), bias=False)
      (bn2): BatchNorm2d(64, eps=1e-05, momentum=0.1, affine=True, track_running_stats=True)
      (shortcut): Sequential()
      (fc1): Conv2d(64, 4, kernel_size=(1, 1), stride=(1, 1))
      (fc2): Conv2d(4, 64, kernel_size=(1, 1), stride=(1, 1))
    )
  )
  (layer4): Sequential(
    (0): BasicBlock(
      (conv1): Conv2d(64, 64, kernel_size=(3, 3), stride=(1, 1), padding=(1, 1), bias=False)
      (bn1): BatchNorm2d(64, eps=1e-05, momentum=0.1, affine=True, track_running_stats=True)
      (conv2): Conv2d(64, 64, kernel_size=(3, 3), stride=(1, 1), padding=(1, 1), bias=False)
      (bn2): BatchNorm2d(64, eps=1e-05, momentum=0.1, affine=True, track_running_stats=True)
      (shortcut): Sequential()
      (fc1): Conv2d(64, 4, kernel_size=(1, 1), stride=(1, 1))
      (fc2): Conv2d(4, 64, kernel_size=(1, 1), stride=(1, 1))
    )
    (1): BasicBlock(
      (conv1): Conv2d(64, 64, kernel_size=(3, 3), stride=(1, 1), padding=(1, 1), bias=False)
      (bn1): BatchNorm2d(64, eps=1e-05, momentum=0.1, affine=True, track_running_stats=True)
      (conv2): Conv2d(64, 64, kernel_size=(3, 3), stride=(1, 1), padding=(1, 1), bias=False)
      (bn2): BatchNorm2d(64, eps=1e-05, momentum=0.1, affine=True, track_running_stats=True)
      (shortcut): Sequential()
      (fc1): Conv2d(64, 4, kernel_size=(1, 1), stride=(1, 1))
      (fc2): Conv2d(4, 64, kernel_size=(1, 1), stride=(1, 1))
    )
    (2): BasicBlock(
      (conv1): Conv2d(64, 64, kernel_size=(3, 3), stride=(1, 1), padding=(1, 1), bias=False)
      (bn1): BatchNorm2d(64, eps=1e-05, momentum=0.1, affine=True, track_running_stats=True)
      (conv2): Conv2d(64, 64, kernel_size=(3, 3), stride=(1, 1), padding=(1, 1), bias=False)
      (bn2): BatchNorm2d(64, eps=1e-05, momentum=0.1, affine=True, track_running_stats=True)
      (shortcut): Sequential()
      (fc1): Conv2d(64, 4, kernel_size=(1, 1), stride=(1, 1))
      (fc2): Conv2d(4, 64, kernel_size=(1, 1), stride=(1, 1))
    )
    (3): BasicBlock(
      (conv1): Conv2d(64, 64, kernel_size=(3, 3), stride=(1, 1), padding=(1, 1), bias=False)
      (bn1): BatchNorm2d(64, eps=1e-05, momentum=0.1, affine=True, track_running_stats=True)
      (conv2): Conv2d(64, 64, kernel_size=(3, 3), stride=(1, 1), padding=(1, 1), bias=False)
      (bn2): BatchNorm2d(64, eps=1e-05, momentum=0.1, affine=True, track_running_stats=True)
      (shortcut): Sequential()
      (fc1): Conv2d(64, 4, kernel_size=(1, 1), stride=(1, 1))
      (fc2): Conv2d(4, 64, kernel_size=(1, 1), stride=(1, 1))
    )
  )
  (cnn): CNNnet(
    (conv1): Sequential(
      (0): Conv2d(64, 32, kernel_size=(3, 3), stride=(1, 1), padding=(1, 1))
      (1): BatchNorm2d(32, eps=1e-05, momentum=0.1, affine=True, track_running_stats=True)
      (2): ReLU()
    )
    (conv2): Sequential(
      (0): Conv2d(32, 16, kernel_size=(3, 3), stride=(1, 1), padding=(1, 1))
      (1): BatchNorm2d(16, eps=1e-05, momentum=0.1, affine=True, track_running_stats=True)
      (2): ReLU()
    )
    (conv3): Sequential(
      (0): Conv2d(16, 1, kernel_size=(3, 3), stride=(1, 1), padding=(1, 1))
      (1): BatchNorm2d(1, eps=1e-05, momentum=0.1, affine=True, track_running_stats=True)
      (2): ReLU()
    )
  )
)
Epoch  0, trian_loss: 0.0071, trian_mae: 0.0900, trian_mse:0.0143, trian_r2: -52.6369, trian_cc: 0.1411
Epoch  0, val_loss: 0.0064, val_mae: 0.0912, val_mse: 0.0128, val_r2: -29.5863, val_cc: 0.1325
Epoch  1, trian_loss: 0.0060, trian_mae: 0.0881, trian_mse:0.0120, trian_r2: -1390.9464, trian_cc: 0.1197
Epoch  1, val_loss: 0.0059, val_mae: 0.0872, val_mse: 0.0118, val_r2: -197.2332, val_cc: 0.1640
Epoch  2, trian_loss: 0.0059, trian_mae: 0.0875, trian_mse:0.0118, trian_r2: -167.8481, trian_cc: 0.1696
Epoch  2, val_loss: 0.0059, val_mae: 0.0870, val_mse: 0.0118, val_r2: -180.4061, val_cc: 0.1791
Epoch  3, trian_loss: 0.0059, trian_mae: 0.0874, trian_mse:0.0118, trian_r2: -162.1439, trian_cc: 0.1739
Epoch  3, val_loss: 0.0059, val_mae: 0.0870, val_mse: 0.0118, val_r2: -180.1927, val_cc: 0.1794
Epoch  4, trian_loss: 0.0059, trian_mae: 0.0874, trian_mse:0.0118, trian_r2: -154.2543, trian_cc: 0.1754
Epoch  4, val_loss: 0.0059, val_mae: 0.0868, val_mse: 0.0118, val_r2: -163.9519, val_cc: 0.1817
Epoch  5, trian_loss: 0.0059, trian_mae: 0.0872, trian_mse:0.0118, trian_r2: -117.5431, trian_cc: 0.1851
Epoch  5, val_loss: 0.0059, val_mae: 0.0866, val_mse: 0.0118, val_r2: -146.3003, val_cc: 0.1874
Epoch  6, trian_loss: 0.0059, trian_mae: 0.0872, trian_mse:0.0118, trian_r2: -177.0115, trian_cc: 0.1820
Epoch  6, val_loss: 0.0059, val_mae: 0.0866, val_mse: 0.0117, val_r2: -101.3030, val_cc: 0.1940
Epoch  7, trian_loss: 0.0059, trian_mae: 0.0870, trian_mse:0.0118, trian_r2: -121.2307, trian_cc: 0.1916
Epoch  7, val_loss: 0.0059, val_mae: 0.0863, val_mse: 0.0117, val_r2: -84.5800, val_cc: 0.2047
Epoch  8, trian_loss: 0.0059, trian_mae: 0.0867, trian_mse:0.0117, trian_r2: -80.8733, trian_cc: 0.2023
Epoch  8, val_loss: 0.0059, val_mae: 0.0862, val_mse: 0.0117, val_r2: -99.0133, val_cc: 0.2075
Epoch  9, trian_loss: 0.0059, trian_mae: 0.0866, trian_mse:0.0117, trian_r2: -72.5976, trian_cc: 0.2057
Epoch  9, val_loss: 0.0058, val_mae: 0.0860, val_mse: 0.0117, val_r2: -103.7377, val_cc: 0.2089
Epoch 10, trian_loss: 0.0058, trian_mae: 0.0864, trian_mse:0.0117, trian_r2: -71.0437, trian_cc: 0.2092
Epoch 10, val_loss: 0.0058, val_mae: 0.0854, val_mse: 0.0116, val_r2: -66.0810, val_cc: 0.2170
Epoch 11, trian_loss: 0.0058, trian_mae: 0.0861, trian_mse:0.0116, trian_r2: -63.6148, trian_cc: 0.2155
Epoch 11, val_loss: 0.0059, val_mae: 0.0845, val_mse: 0.0117, val_r2: -56.1845, val_cc: 0.2224
Epoch 12, trian_loss: 0.0058, trian_mae: 0.0861, trian_mse:0.0116, trian_r2: -66.2078, trian_cc: 0.2146
Epoch 12, val_loss: 0.0058, val_mae: 0.0850, val_mse: 0.0116, val_r2: -74.7459, val_cc: 0.2270
Epoch 13, trian_loss: 0.0058, trian_mae: 0.0858, trian_mse:0.0116, trian_r2: -60.3294, trian_cc: 0.2212
Epoch 13, val_loss: 0.0058, val_mae: 0.0844, val_mse: 0.0116, val_r2: -53.7443, val_cc: 0.2312
Epoch 14, trian_loss: 0.0058, trian_mae: 0.0857, trian_mse:0.0116, trian_r2: -60.2413, trian_cc: 0.2243
Epoch 14, val_loss: 0.0058, val_mae: 0.0856, val_mse: 0.0115, val_r2: -71.7112, val_cc: 0.2275
Epoch 15, trian_loss: 0.0058, trian_mae: 0.0854, trian_mse:0.0116, trian_r2: -53.3672, trian_cc: 0.2314
Epoch 15, val_loss: 0.0058, val_mae: 0.0856, val_mse: 0.0115, val_r2: -73.3641, val_cc: 0.2322
Epoch 16, trian_loss: 0.0058, trian_mae: 0.0851, trian_mse:0.0115, trian_r2: -50.3504, trian_cc: 0.2348
Epoch 16, val_loss: 0.0058, val_mae: 0.0847, val_mse: 0.0115, val_r2: -54.0478, val_cc: 0.2373
Epoch 17, trian_loss: 0.0057, trian_mae: 0.0852, trian_mse:0.0115, trian_r2: -47.4374, trian_cc: 0.2357
Epoch 17, val_loss: 0.0057, val_mae: 0.0854, val_mse: 0.0114, val_r2: -56.4750, val_cc: 0.2372
Epoch 18, trian_loss: 0.0057, trian_mae: 0.0850, trian_mse:0.0115, trian_r2: -44.4458, trian_cc: 0.2397
Epoch 18, val_loss: 0.0057, val_mae: 0.0860, val_mse: 0.0115, val_r2: -70.3765, val_cc: 0.2346
Epoch 19, trian_loss: 0.0057, trian_mae: 0.0850, trian_mse:0.0115, trian_r2: -44.4545, trian_cc: 0.2391
Epoch 19, val_loss: 0.0057, val_mae: 0.0846, val_mse: 0.0114, val_r2: -45.5325, val_cc: 0.2485
Epoch 20, trian_loss: 0.0057, trian_mae: 0.0848, trian_mse:0.0114, trian_r2: -42.2264, trian_cc: 0.2438
Epoch 20, val_loss: 0.0057, val_mae: 0.0850, val_mse: 0.0113, val_r2: -46.6016, val_cc: 0.2481
Epoch 21, trian_loss: 0.0057, trian_mae: 0.0848, trian_mse:0.0114, trian_r2: -41.5328, trian_cc: 0.2437
Epoch 21, val_loss: 0.0057, val_mae: 0.0847, val_mse: 0.0113, val_r2: -47.6690, val_cc: 0.2547
Epoch 22, trian_loss: 0.0057, trian_mae: 0.0845, trian_mse:0.0114, trian_r2: -49.7726, trian_cc: 0.2524
Epoch 22, val_loss: 0.0057, val_mae: 0.0834, val_mse: 0.0114, val_r2: -39.1186, val_cc: 0.2821
Epoch 23, trian_loss: 0.0057, trian_mae: 0.0841, trian_mse:0.0113, trian_r2: -38.5341, trian_cc: 0.2640
Epoch 23, val_loss: 0.0057, val_mae: 0.0829, val_mse: 0.0114, val_r2: -32.4353, val_cc: 0.2849
Epoch 24, trian_loss: 0.0056, trian_mae: 0.0834, trian_mse:0.0112, trian_r2: -23.2201, trian_cc: 0.2969
Epoch 24, val_loss: 0.0055, val_mae: 0.0831, val_mse: 0.0110, val_r2: -16.4418, val_cc: 0.3136
Epoch 25, trian_loss: 0.0055, trian_mae: 0.0831, trian_mse:0.0111, trian_r2: -18.0575, trian_cc: 0.3115
Epoch 25, val_loss: 0.0055, val_mae: 0.0829, val_mse: 0.0109, val_r2: -17.4744, val_cc: 0.3219
Epoch 26, trian_loss: 0.0055, trian_mae: 0.0828, trian_mse:0.0110, trian_r2: -17.1763, trian_cc: 0.3194
Epoch 26, val_loss: 0.0054, val_mae: 0.0827, val_mse: 0.0108, val_r2: -15.7810, val_cc: 0.3243
Epoch 27, trian_loss: 0.0055, trian_mae: 0.0826, trian_mse:0.0110, trian_r2: -14.3503, trian_cc: 0.3259
Epoch 27, val_loss: 0.0054, val_mae: 0.0828, val_mse: 0.0107, val_r2: -13.4966, val_cc: 0.3334
Epoch 28, trian_loss: 0.0055, trian_mae: 0.0829, trian_mse:0.0110, trian_r2: -18.1986, trian_cc: 0.3142
Epoch 28, val_loss: 0.0054, val_mae: 0.0827, val_mse: 0.0108, val_r2: -16.1993, val_cc: 0.3339
Epoch 29, trian_loss: 0.0055, trian_mae: 0.0827, trian_mse:0.0109, trian_r2: -16.0999, trian_cc: 0.3265
Epoch 29, val_loss: 0.0054, val_mae: 0.0829, val_mse: 0.0109, val_r2: -19.5004, val_cc: 0.3249
Epoch 30, trian_loss: 0.0054, trian_mae: 0.0825, trian_mse:0.0109, trian_r2: -14.5120, trian_cc: 0.3286
Epoch 30, val_loss: 0.0059, val_mae: 0.0832, val_mse: 0.0118, val_r2: -55.5129, val_cc: 0.2588
Epoch 31, trian_loss: 0.0054, trian_mae: 0.0825, trian_mse:0.0109, trian_r2: -14.5593, trian_cc: 0.3295
Epoch 31, val_loss: 0.0054, val_mae: 0.0825, val_mse: 0.0108, val_r2: -15.5370, val_cc: 0.3373
Epoch 32, trian_loss: 0.0054, trian_mae: 0.0824, trian_mse:0.0109, trian_r2: -12.1681, trian_cc: 0.3350
Epoch 32, val_loss: 0.0054, val_mae: 0.0830, val_mse: 0.0107, val_r2: -16.7215, val_cc: 0.3419
Epoch 33, trian_loss: 0.0054, trian_mae: 0.0822, trian_mse:0.0108, trian_r2: -11.9236, trian_cc: 0.3360
Epoch 33, val_loss: 0.0053, val_mae: 0.0823, val_mse: 0.0106, val_r2: -13.0743, val_cc: 0.3395
Epoch 34, trian_loss: 0.0054, trian_mae: 0.0823, trian_mse:0.0108, trian_r2: -14.7888, trian_cc: 0.3329
Epoch 34, val_loss: 0.0055, val_mae: 0.0841, val_mse: 0.0110, val_r2: -26.0517, val_cc: 0.2945
Epoch 35, trian_loss: 0.0054, trian_mae: 0.0820, trian_mse:0.0107, trian_r2: -12.2365, trian_cc: 0.3356
Epoch 35, val_loss: 0.0053, val_mae: 0.0819, val_mse: 0.0106, val_r2: -13.7379, val_cc: 0.3473
Epoch 36, trian_loss: 0.0053, trian_mae: 0.0820, trian_mse:0.0107, trian_r2: -13.9118, trian_cc: 0.3343
Epoch 36, val_loss: 0.0054, val_mae: 0.0826, val_mse: 0.0108, val_r2: -15.1080, val_cc: 0.3328
Epoch 37, trian_loss: 0.0053, trian_mae: 0.0815, trian_mse:0.0106, trian_r2: -10.5086, trian_cc: 0.3464
Epoch 37, val_loss: 0.0053, val_mae: 0.0821, val_mse: 0.0105, val_r2: -10.2357, val_cc: 0.3454
Epoch 38, trian_loss: 0.0053, trian_mae: 0.0821, trian_mse:0.0107, trian_r2: -14.7895, trian_cc: 0.3352
Epoch 38, val_loss: 0.0053, val_mae: 0.0817, val_mse: 0.0106, val_r2: -13.2170, val_cc: 0.3527
Epoch 39, trian_loss: 0.0053, trian_mae: 0.0815, trian_mse:0.0106, trian_r2: -11.0628, trian_cc: 0.3469
Epoch 39, val_loss: 0.0053, val_mae: 0.0820, val_mse: 0.0106, val_r2: -16.6205, val_cc: 0.3487
Epoch 40, trian_loss: 0.0053, trian_mae: 0.0814, trian_mse:0.0106, trian_r2: -10.2376, trian_cc: 0.3486
Epoch 40, val_loss: 0.0053, val_mae: 0.0819, val_mse: 0.0106, val_r2: -13.5149, val_cc: 0.3513
Epoch 41, trian_loss: 0.0052, trian_mae: 0.0811, trian_mse:0.0105, trian_r2: -8.9898, trian_cc: 0.3548
Epoch 41, val_loss: 0.0052, val_mae: 0.0814, val_mse: 0.0105, val_r2: -11.0762, val_cc: 0.3570
Epoch 42, trian_loss: 0.0052, trian_mae: 0.0809, trian_mse:0.0104, trian_r2: -8.8500, trian_cc: 0.3546
Epoch 42, val_loss: 0.0053, val_mae: 0.0814, val_mse: 0.0106, val_r2: -13.5996, val_cc: 0.3498
Epoch 43, trian_loss: 0.0053, trian_mae: 0.0813, trian_mse:0.0105, trian_r2: -10.4342, trian_cc: 0.3488
Epoch 43, val_loss: 0.0052, val_mae: 0.0816, val_mse: 0.0105, val_r2: -11.3894, val_cc: 0.3527
Epoch 44, trian_loss: 0.0052, trian_mae: 0.0809, trian_mse:0.0104, trian_r2: -9.2425, trian_cc: 0.3567
Epoch 44, val_loss: 0.0052, val_mae: 0.0815, val_mse: 0.0104, val_r2: -12.7211, val_cc: 0.3586
Epoch 45, trian_loss: 0.0053, trian_mae: 0.0814, trian_mse:0.0105, trian_r2: -10.6740, trian_cc: 0.3439
Epoch 45, val_loss: 0.0054, val_mae: 0.0835, val_mse: 0.0109, val_r2: -23.6366, val_cc: 0.3088
Epoch 46, trian_loss: 0.0054, trian_mae: 0.0824, trian_mse:0.0108, trian_r2: -24.5926, trian_cc: 0.3204
Epoch 46, val_loss: 0.0052, val_mae: 0.0812, val_mse: 0.0104, val_r2: -11.5388, val_cc: 0.3614
Epoch 47, trian_loss: 0.0052, trian_mae: 0.0807, trian_mse:0.0103, trian_r2: -8.4112, trian_cc: 0.3621
Epoch 47, val_loss: 0.0053, val_mae: 0.0811, val_mse: 0.0105, val_r2: -13.9727, val_cc: 0.3608
Epoch 48, trian_loss: 0.0052, trian_mae: 0.0807, trian_mse:0.0103, trian_r2: -8.6089, trian_cc: 0.3612
Epoch 48, val_loss: 0.0052, val_mae: 0.0810, val_mse: 0.0104, val_r2: -12.1943, val_cc: 0.3609
Epoch 49, trian_loss: 0.0052, trian_mae: 0.0807, trian_mse:0.0104, trian_r2: -8.6993, trian_cc: 0.3618
Epoch 49, val_loss: 0.0052, val_mae: 0.0809, val_mse: 0.0105, val_r2: -9.2068, val_cc: 0.3669
Epoch 50, trian_loss: 0.0052, trian_mae: 0.0811, trian_mse:0.0104, trian_r2: -14.7517, trian_cc: 0.3519
Epoch 50, val_loss: 0.0055, val_mae: 0.0823, val_mse: 0.0110, val_r2: -26.7396, val_cc: 0.3130
Epoch 51, trian_loss: 0.0052, trian_mae: 0.0806, trian_mse:0.0104, trian_r2: -11.2172, trian_cc: 0.3626
Epoch 51, val_loss: 0.0052, val_mae: 0.0810, val_mse: 0.0104, val_r2: -8.8688, val_cc: 0.3626
Epoch 52, trian_loss: 0.0052, trian_mae: 0.0807, trian_mse:0.0103, trian_r2: -9.1132, trian_cc: 0.3616
Epoch 52, val_loss: 0.0052, val_mae: 0.0812, val_mse: 0.0105, val_r2: -14.2772, val_cc: 0.3661
Epoch 53, trian_loss: 0.0052, trian_mae: 0.0807, trian_mse:0.0104, trian_r2: -8.7020, trian_cc: 0.3644
Epoch 53, val_loss: 0.0052, val_mae: 0.0814, val_mse: 0.0104, val_r2: -10.7309, val_cc: 0.3608
Epoch 54, trian_loss: 0.0051, trian_mae: 0.0801, trian_mse:0.0102, trian_r2: -7.8104, trian_cc: 0.3740
Epoch 54, val_loss: 0.0052, val_mae: 0.0810, val_mse: 0.0104, val_r2: -11.6691, val_cc: 0.3693
Epoch 55, trian_loss: 0.0051, trian_mae: 0.0805, trian_mse:0.0103, trian_r2: -9.6352, trian_cc: 0.3650
Epoch 55, val_loss: 0.0055, val_mae: 0.0834, val_mse: 0.0111, val_r2: -44.8380, val_cc: 0.2860
Epoch 56, trian_loss: 0.0052, trian_mae: 0.0808, trian_mse:0.0104, trian_r2: -16.9652, trian_cc: 0.3580
Epoch 56, val_loss: 0.0053, val_mae: 0.0812, val_mse: 0.0106, val_r2: -14.5240, val_cc: 0.3572
Epoch 57, trian_loss: 0.0051, trian_mae: 0.0801, trian_mse:0.0102, trian_r2: -7.8698, trian_cc: 0.3745
Epoch 57, val_loss: 0.0052, val_mae: 0.0809, val_mse: 0.0104, val_r2: -10.0635, val_cc: 0.3708
Epoch 58, trian_loss: 0.0051, trian_mae: 0.0799, trian_mse:0.0102, trian_r2: -7.4877, trian_cc: 0.3780
Epoch 58, val_loss: 0.0051, val_mae: 0.0808, val_mse: 0.0103, val_r2: -9.7811, val_cc: 0.3734
Epoch 59, trian_loss: 0.0051, trian_mae: 0.0798, trian_mse:0.0101, trian_r2: -7.6249, trian_cc: 0.3798
Epoch 59, val_loss: 0.0052, val_mae: 0.0808, val_mse: 0.0103, val_r2: -10.1471, val_cc: 0.3743
Epoch 60, trian_loss: 0.0050, trian_mae: 0.0797, trian_mse:0.0101, trian_r2: -7.4602, trian_cc: 0.3803
Epoch 60, val_loss: 0.0054, val_mae: 0.0808, val_mse: 0.0107, val_r2: -15.5246, val_cc: 0.3602
Epoch 61, trian_loss: 0.0051, trian_mae: 0.0798, trian_mse:0.0101, trian_r2: -8.1317, trian_cc: 0.3758
Epoch 61, val_loss: 0.0052, val_mae: 0.0807, val_mse: 0.0103, val_r2: -8.6085, val_cc: 0.3741
Epoch 62, trian_loss: 0.0050, trian_mae: 0.0797, trian_mse:0.0101, trian_r2: -7.9945, trian_cc: 0.3816
Epoch 62, val_loss: 0.0051, val_mae: 0.0807, val_mse: 0.0103, val_r2: -9.3208, val_cc: 0.3749
Epoch 63, trian_loss: 0.0050, trian_mae: 0.0795, trian_mse:0.0100, trian_r2: -7.5359, trian_cc: 0.3824
Epoch 63, val_loss: 0.0052, val_mae: 0.0804, val_mse: 0.0103, val_r2: -10.2792, val_cc: 0.3753
Epoch 64, trian_loss: 0.0050, trian_mae: 0.0794, trian_mse:0.0100, trian_r2: -7.3445, trian_cc: 0.3824
Epoch 64, val_loss: 0.0051, val_mae: 0.0805, val_mse: 0.0102, val_r2: -9.1523, val_cc: 0.3772
Epoch 65, trian_loss: 0.0050, trian_mae: 0.0794, trian_mse:0.0100, trian_r2: -7.2377, trian_cc: 0.3825
Epoch 65, val_loss: 0.0052, val_mae: 0.0807, val_mse: 0.0105, val_r2: -11.7473, val_cc: 0.3629
Epoch 66, trian_loss: 0.0050, trian_mae: 0.0795, trian_mse:0.0100, trian_r2: -7.5377, trian_cc: 0.3826
Epoch 66, val_loss: 0.0051, val_mae: 0.0804, val_mse: 0.0103, val_r2: -10.2795, val_cc: 0.3762
Epoch 67, trian_loss: 0.0050, trian_mae: 0.0792, trian_mse:0.0099, trian_r2: -7.1250, trian_cc: 0.3849
Epoch 67, val_loss: 0.0052, val_mae: 0.0805, val_mse: 0.0104, val_r2: -9.9347, val_cc: 0.3746
Epoch 68, trian_loss: 0.0050, trian_mae: 0.0793, trian_mse:0.0099, trian_r2: -7.4562, trian_cc: 0.3832
Epoch 68, val_loss: 0.0052, val_mae: 0.0806, val_mse: 0.0103, val_r2: -9.2560, val_cc: 0.3739
Epoch 69, trian_loss: 0.0050, trian_mae: 0.0792, trian_mse:0.0099, trian_r2: -7.2648, trian_cc: 0.3856
Epoch 69, val_loss: 0.0052, val_mae: 0.0807, val_mse: 0.0104, val_r2: -10.6813, val_cc: 0.3726
Epoch 70, trian_loss: 0.0049, trian_mae: 0.0790, trian_mse:0.0099, trian_r2: -7.3803, trian_cc: 0.3858
Epoch 70, val_loss: 0.0052, val_mae: 0.0805, val_mse: 0.0104, val_r2: -10.6196, val_cc: 0.3722
Epoch 71, trian_loss: 0.0050, trian_mae: 0.0793, trian_mse:0.0100, trian_r2: -7.5645, trian_cc: 0.3847
Epoch 71, val_loss: 0.0051, val_mae: 0.0805, val_mse: 0.0103, val_r2: -8.3659, val_cc: 0.3747
Epoch 72, trian_loss: 0.0050, trian_mae: 0.0793, trian_mse:0.0100, trian_r2: -7.3998, trian_cc: 0.3852
Epoch 72, val_loss: 0.0052, val_mae: 0.0805, val_mse: 0.0104, val_r2: -11.3560, val_cc: 0.3711
Epoch 73, trian_loss: 0.0049, trian_mae: 0.0790, trian_mse:0.0099, trian_r2: -7.4739, trian_cc: 0.3863
Epoch 73, val_loss: 0.0053, val_mae: 0.0808, val_mse: 0.0106, val_r2: -12.2881, val_cc: 0.3653
Epoch 74, trian_loss: 0.0049, trian_mae: 0.0790, trian_mse:0.0099, trian_r2: -7.1942, trian_cc: 0.3875
Epoch 74, val_loss: 0.0052, val_mae: 0.0807, val_mse: 0.0105, val_r2: -11.1213, val_cc: 0.3712
Epoch 75, trian_loss: 0.0050, trian_mae: 0.0791, trian_mse:0.0099, trian_r2: -7.2609, trian_cc: 0.3851
Epoch 75, val_loss: 0.0053, val_mae: 0.0808, val_mse: 0.0105, val_r2: -7.8410, val_cc: 0.3771
Epoch 76, trian_loss: 0.0049, trian_mae: 0.0788, trian_mse:0.0099, trian_r2: -6.9549, trian_cc: 0.3872
Epoch 76, val_loss: 0.0052, val_mae: 0.0807, val_mse: 0.0105, val_r2: -7.7147, val_cc: 0.3755
Epoch 77, trian_loss: 0.0048, trian_mae: 0.0783, trian_mse:0.0097, trian_r2: -6.7079, trian_cc: 0.3939
Epoch 77, val_loss: 0.0052, val_mae: 0.0802, val_mse: 0.0104, val_r2: -8.0365, val_cc: 0.3773
Epoch 78, trian_loss: 0.0048, trian_mae: 0.0782, trian_mse:0.0097, trian_r2: -6.5847, trian_cc: 0.3953
Epoch 78, val_loss: 0.0052, val_mae: 0.0803, val_mse: 0.0104, val_r2: -8.2765, val_cc: 0.3771
Epoch 79, trian_loss: 0.0048, trian_mae: 0.0782, trian_mse:0.0097, trian_r2: -6.4999, trian_cc: 0.3955
Epoch 79, val_loss: 0.0052, val_mae: 0.0803, val_mse: 0.0104, val_r2: -8.8778, val_cc: 0.3770
Epoch 80, trian_loss: 0.0048, trian_mae: 0.0780, trian_mse:0.0096, trian_r2: -6.4152, trian_cc: 0.3971
Epoch 80, val_loss: 0.0052, val_mae: 0.0802, val_mse: 0.0104, val_r2: -8.7474, val_cc: 0.3781
Epoch 81, trian_loss: 0.0048, trian_mae: 0.0779, trian_mse:0.0096, trian_r2: -6.4743, trian_cc: 0.3978
Epoch 81, val_loss: 0.0052, val_mae: 0.0805, val_mse: 0.0104, val_r2: -8.0941, val_cc: 0.3789
Epoch 82, trian_loss: 0.0048, trian_mae: 0.0781, trian_mse:0.0096, trian_r2: -6.4908, trian_cc: 0.3980
Epoch 82, val_loss: 0.0052, val_mae: 0.0802, val_mse: 0.0104, val_r2: -8.4810, val_cc: 0.3769
Epoch 83, trian_loss: 0.0048, trian_mae: 0.0778, trian_mse:0.0096, trian_r2: -6.2162, trian_cc: 0.4003
Epoch 83, val_loss: 0.0052, val_mae: 0.0803, val_mse: 0.0103, val_r2: -7.3130, val_cc: 0.3808
Epoch 84, trian_loss: 0.0048, trian_mae: 0.0778, trian_mse:0.0096, trian_r2: -6.2646, trian_cc: 0.4009
Epoch 84, val_loss: 0.0052, val_mae: 0.0802, val_mse: 0.0104, val_r2: -7.8996, val_cc: 0.3777
Epoch 85, trian_loss: 0.0048, trian_mae: 0.0777, trian_mse:0.0096, trian_r2: -6.3675, trian_cc: 0.4021
Epoch 85, val_loss: 0.0052, val_mae: 0.0801, val_mse: 0.0104, val_r2: -8.0492, val_cc: 0.3769
Epoch 86, trian_loss: 0.0048, trian_mae: 0.0775, trian_mse:0.0095, trian_r2: -6.0669, trian_cc: 0.4028
Epoch 86, val_loss: 0.0052, val_mae: 0.0801, val_mse: 0.0104, val_r2: -8.0189, val_cc: 0.3777
Epoch 87, trian_loss: 0.0048, trian_mae: 0.0777, trian_mse:0.0096, trian_r2: -6.2839, trian_cc: 0.4022
Epoch 87, val_loss: 0.0052, val_mae: 0.0802, val_mse: 0.0104, val_r2: -7.2485, val_cc: 0.3797
Epoch 88, trian_loss: 0.0048, trian_mae: 0.0775, trian_mse:0.0095, trian_r2: -6.1225, trian_cc: 0.4038
Epoch 88, val_loss: 0.0052, val_mae: 0.0802, val_mse: 0.0104, val_r2: -7.6189, val_cc: 0.3791
Epoch 89, trian_loss: 0.0047, trian_mae: 0.0773, trian_mse:0.0095, trian_r2: -6.0863, trian_cc: 0.4050
Epoch 89, val_loss: 0.0052, val_mae: 0.0801, val_mse: 0.0104, val_r2: -8.6393, val_cc: 0.3772
Epoch 90, trian_loss: 0.0047, trian_mae: 0.0774, trian_mse:0.0095, trian_r2: -6.0815, trian_cc: 0.4039
Epoch 90, val_loss: 0.0053, val_mae: 0.0803, val_mse: 0.0105, val_r2: -9.4725, val_cc: 0.3766
Epoch 91, trian_loss: 0.0048, trian_mae: 0.0775, trian_mse:0.0095, trian_r2: -6.1268, trian_cc: 0.4046
Epoch 91, val_loss: 0.0052, val_mae: 0.0800, val_mse: 0.0103, val_r2: -7.0637, val_cc: 0.3798
Epoch 92, trian_loss: 0.0048, trian_mae: 0.0774, trian_mse:0.0096, trian_r2: -6.1271, trian_cc: 0.4060
Epoch 92, val_loss: 0.0052, val_mae: 0.0800, val_mse: 0.0104, val_r2: -7.0956, val_cc: 0.3786
Epoch 93, trian_loss: 0.0047, trian_mae: 0.0772, trian_mse:0.0095, trian_r2: -6.0533, trian_cc: 0.4073
Epoch 93, val_loss: 0.0052, val_mae: 0.0801, val_mse: 0.0104, val_r2: -7.2358, val_cc: 0.3806
Epoch 94, trian_loss: 0.0047, trian_mae: 0.0770, trian_mse:0.0094, trian_r2: -5.9477, trian_cc: 0.4083
Epoch 94, val_loss: 0.0052, val_mae: 0.0800, val_mse: 0.0104, val_r2: -7.4480, val_cc: 0.3784
Epoch 95, trian_loss: 0.0047, trian_mae: 0.0769, trian_mse:0.0094, trian_r2: -5.9045, trian_cc: 0.4097
Epoch 95, val_loss: 0.0052, val_mae: 0.0802, val_mse: 0.0105, val_r2: -7.9989, val_cc: 0.3787
Epoch 96, trian_loss: 0.0047, trian_mae: 0.0769, trian_mse:0.0094, trian_r2: -6.0677, trian_cc: 0.4096
Epoch 96, val_loss: 0.0053, val_mae: 0.0801, val_mse: 0.0105, val_r2: -8.1395, val_cc: 0.3774
Epoch 97, trian_loss: 0.0047, trian_mae: 0.0770, trian_mse:0.0094, trian_r2: -6.0882, trian_cc: 0.4085
Epoch 97, val_loss: 0.0052, val_mae: 0.0802, val_mse: 0.0104, val_r2: -7.7095, val_cc: 0.3775
Epoch 98, trian_loss: 0.0047, trian_mae: 0.0770, trian_mse:0.0094, trian_r2: -5.9441, trian_cc: 0.4092
Epoch 98, val_loss: 0.0052, val_mae: 0.0801, val_mse: 0.0104, val_r2: -7.7455, val_cc: 0.3781
Epoch 99, trian_loss: 0.0047, trian_mae: 0.0771, trian_mse:0.0095, trian_r2: -5.9939, trian_cc: 0.4081
Epoch 99, val_loss: 0.0053, val_mae: 0.0804, val_mse: 0.0105, val_r2: -7.3161, val_cc: 0.3770
