Trian Data: 532   Validation Data: 177  Test Data: 178
[1, 1, 1]
[1, 1, 1]
[1, 1, 1]
[1, 1, 1]
model SENet(
  (conv1): Conv2d(101, 64, kernel_size=(3, 3), stride=(1, 1), padding=(1, 1), bias=False)
  (bn1): BatchNorm2d(64, eps=1e-05, momentum=0.1, affine=True, track_running_stats=True)
  (layer1): Sequential(
    (0): BasicBlock(
      (conv1): Conv2d(64, 64, kernel_size=(3, 3), stride=(1, 1), padding=(1, 1), bias=False)
      (bn1): BatchNorm2d(64, eps=1e-05, momentum=0.1, affine=True, track_running_stats=True)
      (conv2): Conv2d(64, 64, kernel_size=(3, 3), stride=(1, 1), padding=(1, 1), bias=False)
      (bn2): BatchNorm2d(64, eps=1e-05, momentum=0.1, affine=True, track_running_stats=True)
      (shortcut): Sequential()
      (fc1): Conv2d(64, 4, kernel_size=(1, 1), stride=(1, 1))
      (fc2): Conv2d(4, 64, kernel_size=(1, 1), stride=(1, 1))
    )
    (1): BasicBlock(
      (conv1): Conv2d(64, 64, kernel_size=(3, 3), stride=(1, 1), padding=(1, 1), bias=False)
      (bn1): BatchNorm2d(64, eps=1e-05, momentum=0.1, affine=True, track_running_stats=True)
      (conv2): Conv2d(64, 64, kernel_size=(3, 3), stride=(1, 1), padding=(1, 1), bias=False)
      (bn2): BatchNorm2d(64, eps=1e-05, momentum=0.1, affine=True, track_running_stats=True)
      (shortcut): Sequential()
      (fc1): Conv2d(64, 4, kernel_size=(1, 1), stride=(1, 1))
      (fc2): Conv2d(4, 64, kernel_size=(1, 1), stride=(1, 1))
    )
    (2): BasicBlock(
      (conv1): Conv2d(64, 64, kernel_size=(3, 3), stride=(1, 1), padding=(1, 1), bias=False)
      (bn1): BatchNorm2d(64, eps=1e-05, momentum=0.1, affine=True, track_running_stats=True)
      (conv2): Conv2d(64, 64, kernel_size=(3, 3), stride=(1, 1), padding=(1, 1), bias=False)
      (bn2): BatchNorm2d(64, eps=1e-05, momentum=0.1, affine=True, track_running_stats=True)
      (shortcut): Sequential()
      (fc1): Conv2d(64, 4, kernel_size=(1, 1), stride=(1, 1))
      (fc2): Conv2d(4, 64, kernel_size=(1, 1), stride=(1, 1))
    )
  )
  (layer2): Sequential(
    (0): BasicBlock(
      (conv1): Conv2d(64, 64, kernel_size=(3, 3), stride=(1, 1), padding=(1, 1), bias=False)
      (bn1): BatchNorm2d(64, eps=1e-05, momentum=0.1, affine=True, track_running_stats=True)
      (conv2): Conv2d(64, 64, kernel_size=(3, 3), stride=(1, 1), padding=(1, 1), bias=False)
      (bn2): BatchNorm2d(64, eps=1e-05, momentum=0.1, affine=True, track_running_stats=True)
      (shortcut): Sequential()
      (fc1): Conv2d(64, 4, kernel_size=(1, 1), stride=(1, 1))
      (fc2): Conv2d(4, 64, kernel_size=(1, 1), stride=(1, 1))
    )
    (1): BasicBlock(
      (conv1): Conv2d(64, 64, kernel_size=(3, 3), stride=(1, 1), padding=(1, 1), bias=False)
      (bn1): BatchNorm2d(64, eps=1e-05, momentum=0.1, affine=True, track_running_stats=True)
      (conv2): Conv2d(64, 64, kernel_size=(3, 3), stride=(1, 1), padding=(1, 1), bias=False)
      (bn2): BatchNorm2d(64, eps=1e-05, momentum=0.1, affine=True, track_running_stats=True)
      (shortcut): Sequential()
      (fc1): Conv2d(64, 4, kernel_size=(1, 1), stride=(1, 1))
      (fc2): Conv2d(4, 64, kernel_size=(1, 1), stride=(1, 1))
    )
    (2): BasicBlock(
      (conv1): Conv2d(64, 64, kernel_size=(3, 3), stride=(1, 1), padding=(1, 1), bias=False)
      (bn1): BatchNorm2d(64, eps=1e-05, momentum=0.1, affine=True, track_running_stats=True)
      (conv2): Conv2d(64, 64, kernel_size=(3, 3), stride=(1, 1), padding=(1, 1), bias=False)
      (bn2): BatchNorm2d(64, eps=1e-05, momentum=0.1, affine=True, track_running_stats=True)
      (shortcut): Sequential()
      (fc1): Conv2d(64, 4, kernel_size=(1, 1), stride=(1, 1))
      (fc2): Conv2d(4, 64, kernel_size=(1, 1), stride=(1, 1))
    )
  )
  (layer3): Sequential(
    (0): BasicBlock(
      (conv1): Conv2d(64, 64, kernel_size=(3, 3), stride=(1, 1), padding=(1, 1), bias=False)
      (bn1): BatchNorm2d(64, eps=1e-05, momentum=0.1, affine=True, track_running_stats=True)
      (conv2): Conv2d(64, 64, kernel_size=(3, 3), stride=(1, 1), padding=(1, 1), bias=False)
      (bn2): BatchNorm2d(64, eps=1e-05, momentum=0.1, affine=True, track_running_stats=True)
      (shortcut): Sequential()
      (fc1): Conv2d(64, 4, kernel_size=(1, 1), stride=(1, 1))
      (fc2): Conv2d(4, 64, kernel_size=(1, 1), stride=(1, 1))
    )
    (1): BasicBlock(
      (conv1): Conv2d(64, 64, kernel_size=(3, 3), stride=(1, 1), padding=(1, 1), bias=False)
      (bn1): BatchNorm2d(64, eps=1e-05, momentum=0.1, affine=True, track_running_stats=True)
      (conv2): Conv2d(64, 64, kernel_size=(3, 3), stride=(1, 1), padding=(1, 1), bias=False)
      (bn2): BatchNorm2d(64, eps=1e-05, momentum=0.1, affine=True, track_running_stats=True)
      (shortcut): Sequential()
      (fc1): Conv2d(64, 4, kernel_size=(1, 1), stride=(1, 1))
      (fc2): Conv2d(4, 64, kernel_size=(1, 1), stride=(1, 1))
    )
    (2): BasicBlock(
      (conv1): Conv2d(64, 64, kernel_size=(3, 3), stride=(1, 1), padding=(1, 1), bias=False)
      (bn1): BatchNorm2d(64, eps=1e-05, momentum=0.1, affine=True, track_running_stats=True)
      (conv2): Conv2d(64, 64, kernel_size=(3, 3), stride=(1, 1), padding=(1, 1), bias=False)
      (bn2): BatchNorm2d(64, eps=1e-05, momentum=0.1, affine=True, track_running_stats=True)
      (shortcut): Sequential()
      (fc1): Conv2d(64, 4, kernel_size=(1, 1), stride=(1, 1))
      (fc2): Conv2d(4, 64, kernel_size=(1, 1), stride=(1, 1))
    )
  )
  (layer4): Sequential(
    (0): BasicBlock(
      (conv1): Conv2d(64, 64, kernel_size=(3, 3), stride=(1, 1), padding=(1, 1), bias=False)
      (bn1): BatchNorm2d(64, eps=1e-05, momentum=0.1, affine=True, track_running_stats=True)
      (conv2): Conv2d(64, 64, kernel_size=(3, 3), stride=(1, 1), padding=(1, 1), bias=False)
      (bn2): BatchNorm2d(64, eps=1e-05, momentum=0.1, affine=True, track_running_stats=True)
      (shortcut): Sequential()
      (fc1): Conv2d(64, 4, kernel_size=(1, 1), stride=(1, 1))
      (fc2): Conv2d(4, 64, kernel_size=(1, 1), stride=(1, 1))
    )
    (1): BasicBlock(
      (conv1): Conv2d(64, 64, kernel_size=(3, 3), stride=(1, 1), padding=(1, 1), bias=False)
      (bn1): BatchNorm2d(64, eps=1e-05, momentum=0.1, affine=True, track_running_stats=True)
      (conv2): Conv2d(64, 64, kernel_size=(3, 3), stride=(1, 1), padding=(1, 1), bias=False)
      (bn2): BatchNorm2d(64, eps=1e-05, momentum=0.1, affine=True, track_running_stats=True)
      (shortcut): Sequential()
      (fc1): Conv2d(64, 4, kernel_size=(1, 1), stride=(1, 1))
      (fc2): Conv2d(4, 64, kernel_size=(1, 1), stride=(1, 1))
    )
    (2): BasicBlock(
      (conv1): Conv2d(64, 64, kernel_size=(3, 3), stride=(1, 1), padding=(1, 1), bias=False)
      (bn1): BatchNorm2d(64, eps=1e-05, momentum=0.1, affine=True, track_running_stats=True)
      (conv2): Conv2d(64, 64, kernel_size=(3, 3), stride=(1, 1), padding=(1, 1), bias=False)
      (bn2): BatchNorm2d(64, eps=1e-05, momentum=0.1, affine=True, track_running_stats=True)
      (shortcut): Sequential()
      (fc1): Conv2d(64, 4, kernel_size=(1, 1), stride=(1, 1))
      (fc2): Conv2d(4, 64, kernel_size=(1, 1), stride=(1, 1))
    )
  )
  (cnn): CNNnet(
    (conv1): Sequential(
      (0): Conv2d(64, 64, kernel_size=(3, 3), stride=(1, 1), padding=(1, 1))
      (1): BatchNorm2d(64, eps=1e-05, momentum=0.1, affine=True, track_running_stats=True)
      (2): ReLU()
    )
    (conv2): Sequential(
      (0): Conv2d(64, 32, kernel_size=(3, 3), stride=(1, 1), padding=(1, 1))
      (1): BatchNorm2d(32, eps=1e-05, momentum=0.1, affine=True, track_running_stats=True)
      (2): ReLU()
    )
    (conv3): Sequential(
      (0): Conv2d(32, 16, kernel_size=(3, 3), stride=(1, 1), padding=(1, 1))
      (1): BatchNorm2d(16, eps=1e-05, momentum=0.1, affine=True, track_running_stats=True)
      (2): ReLU()
    )
    (conv4): Sequential(
      (0): Conv2d(16, 1, kernel_size=(3, 3), stride=(1, 1), padding=(1, 1))
      (1): BatchNorm2d(1, eps=1e-05, momentum=0.1, affine=True, track_running_stats=True)
      (2): ReLU()
    )
  )
)
Epoch  0, trian_loss: 0.0079, trian_mae: 0.0912, trian_mse:0.0158, trian_r2: -58.3503, trian_cc: 0.0039
Epoch  0, val_loss: 0.0082, val_mae: 0.0997, val_mse: 0.0164, val_r2: -7.6270, val_cc: 0.0063
Epoch  1, trian_loss: 0.0050, trian_mae: 0.0750, trian_mse:0.0100, trian_r2: -53665.7375, trian_cc: 0.0217
Epoch  1, val_loss: 0.0049, val_mae: 0.0743, val_mse: 0.0098, val_r2: -30322.6846, val_cc: 0.0227
Epoch  2, trian_loss: 0.0049, trian_mae: 0.0742, trian_mse:0.0099, trian_r2: -42212508988.8443, trian_cc: nan
Epoch  2, val_loss: 0.0049, val_mae: 0.0743, val_mse: 0.0098, val_r2: -19208.7662, val_cc: 0.0250
Epoch  3, trian_loss: 0.0049, trian_mae: 0.0742, trian_mse:0.0099, trian_r2: -inf, trian_cc: nan
Epoch  3, val_loss: 0.0049, val_mae: 0.0743, val_mse: 0.0098, val_r2: -15551.0103, val_cc: 0.0286
Epoch  4, trian_loss: 0.0049, trian_mae: 0.0742, trian_mse:0.0099, trian_r2: -inf, trian_cc: nan
Epoch  4, val_loss: 0.0049, val_mae: 0.0743, val_mse: 0.0098, val_r2: -12810.4485, val_cc: 0.0290
Epoch  5, trian_loss: 0.0049, trian_mae: 0.0741, trian_mse:0.0099, trian_r2: -inf, trian_cc: nan
Epoch  5, val_loss: 0.0049, val_mae: 0.0742, val_mse: 0.0098, val_r2: -3122.7237, val_cc: 0.0483
Epoch  6, trian_loss: 0.0049, trian_mae: 0.0741, trian_mse:0.0099, trian_r2: -inf, trian_cc: nan
Epoch  6, val_loss: 0.0049, val_mae: 0.0741, val_mse: 0.0097, val_r2: -1995.2085, val_cc: 0.0607
Epoch  7, trian_loss: 0.0049, trian_mae: 0.0739, trian_mse:0.0098, trian_r2: -inf, trian_cc: nan
Epoch  7, val_loss: 0.0048, val_mae: 0.0738, val_mse: 0.0097, val_r2: -822.2007, val_cc: 0.0879
Epoch  8, trian_loss: 0.0049, trian_mae: 0.0736, trian_mse:0.0098, trian_r2: -inf, trian_cc: nan
Epoch  8, val_loss: 0.0048, val_mae: 0.0734, val_mse: 0.0096, val_r2: -307.4207, val_cc: 0.1180
Epoch  9, trian_loss: 0.0049, trian_mae: 0.0734, trian_mse:0.0097, trian_r2: -inf, trian_cc: nan
Epoch  9, val_loss: 0.0048, val_mae: 0.0731, val_mse: 0.0096, val_r2: -282.2006, val_cc: 0.1330
Epoch 10, trian_loss: 0.0048, trian_mae: 0.0728, trian_mse:0.0096, trian_r2: -inf, trian_cc: nan
Epoch 10, val_loss: 0.0047, val_mae: 0.0726, val_mse: 0.0094, val_r2: -103.5611, val_cc: 0.1758
Epoch 11, trian_loss: 0.0048, trian_mae: 0.0724, trian_mse:0.0095, trian_r2: -inf, trian_cc: nan
Epoch 11, val_loss: 0.0047, val_mae: 0.0720, val_mse: 0.0094, val_r2: -157.2115, val_cc: 0.1795
Epoch 12, trian_loss: 0.0047, trian_mae: 0.0717, trian_mse:0.0094, trian_r2: -inf, trian_cc: nan
Epoch 12, val_loss: 0.0046, val_mae: 0.0713, val_mse: 0.0093, val_r2: -121.6906, val_cc: 0.2022
Epoch 13, trian_loss: 0.0047, trian_mae: 0.0713, trian_mse:0.0094, trian_r2: -inf, trian_cc: nan
Epoch 13, val_loss: 0.0046, val_mae: 0.0712, val_mse: 0.0093, val_r2: -78.0214, val_cc: 0.2073
Epoch 14, trian_loss: 0.0047, trian_mae: 0.0707, trian_mse:0.0093, trian_r2: -inf, trian_cc: nan
Epoch 14, val_loss: 0.0046, val_mae: 0.0709, val_mse: 0.0092, val_r2: -71.7686, val_cc: 0.2278
Epoch 15, trian_loss: 0.0046, trian_mae: 0.0705, trian_mse:0.0093, trian_r2: -inf, trian_cc: nan
Epoch 15, val_loss: 0.0046, val_mae: 0.0705, val_mse: 0.0091, val_r2: -69.1880, val_cc: 0.2326
Epoch 16, trian_loss: 0.0047, trian_mae: 0.0708, trian_mse:0.0093, trian_r2: -inf, trian_cc: nan
Epoch 16, val_loss: 0.0046, val_mae: 0.0705, val_mse: 0.0092, val_r2: -76.2959, val_cc: 0.2221
Epoch 17, trian_loss: 0.0047, trian_mae: 0.0711, trian_mse:0.0094, trian_r2: -inf, trian_cc: nan
Epoch 17, val_loss: 0.0047, val_mae: 0.0723, val_mse: 0.0095, val_r2: -174.9909, val_cc: 0.1810
Epoch 18, trian_loss: 0.0046, trian_mae: 0.0709, trian_mse:0.0092, trian_r2: -inf, trian_cc: nan
Epoch 18, val_loss: 0.0047, val_mae: 0.0690, val_mse: 0.0094, val_r2: -60.2214, val_cc: 0.2476
Epoch 19, trian_loss: 0.0047, trian_mae: 0.0717, trian_mse:0.0094, trian_r2: -inf, trian_cc: nan
Epoch 19, val_loss: 0.0048, val_mae: 0.0734, val_mse: 0.0095, val_r2: -89.9201, val_cc: 0.1049
Epoch 20, trian_loss: 0.0049, trian_mae: 0.0734, trian_mse:0.0097, trian_r2: -inf, trian_cc: nan
Epoch 20, val_loss: 0.0047, val_mae: 0.0734, val_mse: 0.0094, val_r2: -294.5293, val_cc: 0.1521
Epoch 21, trian_loss: 0.0046, trian_mae: 0.0709, trian_mse:0.0092, trian_r2: -inf, trian_cc: nan
Epoch 21, val_loss: 0.0044, val_mae: 0.0683, val_mse: 0.0089, val_r2: -88.4543, val_cc: 0.2371
Epoch 22, trian_loss: 0.0045, trian_mae: 0.0696, trian_mse:0.0089, trian_r2: -inf, trian_cc: nan
Epoch 22, val_loss: 0.0048, val_mae: 0.0755, val_mse: 0.0097, val_r2: -75.6883, val_cc: 0.1025
Epoch 23, trian_loss: 0.0045, trian_mae: 0.0702, trian_mse:0.0090, trian_r2: -inf, trian_cc: nan
Epoch 23, val_loss: 0.0045, val_mae: 0.0685, val_mse: 0.0090, val_r2: -51.2544, val_cc: 0.2593
Epoch 24, trian_loss: 0.0044, trian_mae: 0.0689, trian_mse:0.0088, trian_r2: -inf, trian_cc: nan
Epoch 24, val_loss: 0.0043, val_mae: 0.0673, val_mse: 0.0086, val_r2: -39.0448, val_cc: 0.2788
Epoch 25, trian_loss: 0.0043, trian_mae: 0.0682, trian_mse:0.0086, trian_r2: -inf, trian_cc: nan
Epoch 25, val_loss: 0.0044, val_mae: 0.0673, val_mse: 0.0088, val_r2: -36.2587, val_cc: 0.2871
Epoch 26, trian_loss: 0.0043, trian_mae: 0.0674, trian_mse:0.0085, trian_r2: -inf, trian_cc: nan
Epoch 26, val_loss: 0.0044, val_mae: 0.0678, val_mse: 0.0089, val_r2: -44.7367, val_cc: 0.2933
Epoch 27, trian_loss: 0.0042, trian_mae: 0.0675, trian_mse:0.0085, trian_r2: -inf, trian_cc: nan
Epoch 27, val_loss: 0.0044, val_mae: 0.0670, val_mse: 0.0088, val_r2: -30.9469, val_cc: 0.3107
Epoch 28, trian_loss: 0.0042, trian_mae: 0.0674, trian_mse:0.0085, trian_r2: -inf, trian_cc: nan
Epoch 28, val_loss: 0.0043, val_mae: 0.0664, val_mse: 0.0085, val_r2: -27.5261, val_cc: 0.3156
Epoch 29, trian_loss: 0.0042, trian_mae: 0.0666, trian_mse:0.0083, trian_r2: -inf, trian_cc: nan
Epoch 29, val_loss: 0.0043, val_mae: 0.0667, val_mse: 0.0086, val_r2: -26.5921, val_cc: 0.3249
Epoch 30, trian_loss: 0.0042, trian_mae: 0.0664, trian_mse:0.0083, trian_r2: -inf, trian_cc: nan
Epoch 30, val_loss: 0.0042, val_mae: 0.0660, val_mse: 0.0084, val_r2: -27.9783, val_cc: 0.3305
Epoch 31, trian_loss: 0.0041, trian_mae: 0.0660, trian_mse:0.0083, trian_r2: -inf, trian_cc: nan
Epoch 31, val_loss: 0.0041, val_mae: 0.0659, val_mse: 0.0082, val_r2: -29.4590, val_cc: 0.3310
Epoch 32, trian_loss: 0.0041, trian_mae: 0.0660, trian_mse:0.0082, trian_r2: -inf, trian_cc: nan
Epoch 32, val_loss: 0.0042, val_mae: 0.0659, val_mse: 0.0085, val_r2: -27.0895, val_cc: 0.3375
Epoch 33, trian_loss: 0.0041, trian_mae: 0.0655, trian_mse:0.0081, trian_r2: -inf, trian_cc: nan
Epoch 33, val_loss: 0.0042, val_mae: 0.0653, val_mse: 0.0084, val_r2: -22.6305, val_cc: 0.3459
Epoch 34, trian_loss: 0.0041, trian_mae: 0.0655, trian_mse:0.0082, trian_r2: -inf, trian_cc: nan
Epoch 34, val_loss: 0.0042, val_mae: 0.0653, val_mse: 0.0084, val_r2: -21.7350, val_cc: 0.3467
Epoch 35, trian_loss: 0.0041, trian_mae: 0.0654, trian_mse:0.0081, trian_r2: -inf, trian_cc: nan
Epoch 35, val_loss: 0.0042, val_mae: 0.0648, val_mse: 0.0083, val_r2: -23.1059, val_cc: 0.3511
Epoch 36, trian_loss: 0.0040, trian_mae: 0.0650, trian_mse:0.0081, trian_r2: -inf, trian_cc: nan
Epoch 36, val_loss: 0.0041, val_mae: 0.0648, val_mse: 0.0082, val_r2: -22.7286, val_cc: 0.3500
Epoch 37, trian_loss: 0.0040, trian_mae: 0.0646, trian_mse:0.0080, trian_r2: -inf, trian_cc: nan
Epoch 37, val_loss: 0.0041, val_mae: 0.0646, val_mse: 0.0082, val_r2: -21.9140, val_cc: 0.3507
Epoch 38, trian_loss: 0.0040, trian_mae: 0.0647, trian_mse:0.0080, trian_r2: -inf, trian_cc: nan
Epoch 38, val_loss: 0.0041, val_mae: 0.0649, val_mse: 0.0083, val_r2: -21.5726, val_cc: 0.3513
Epoch 39, trian_loss: 0.0040, trian_mae: 0.0645, trian_mse:0.0080, trian_r2: -inf, trian_cc: nan
Epoch 39, val_loss: 0.0041, val_mae: 0.0645, val_mse: 0.0082, val_r2: -20.6930, val_cc: 0.3551
Epoch 40, trian_loss: 0.0040, trian_mae: 0.0642, trian_mse:0.0080, trian_r2: -inf, trian_cc: nan
Epoch 40, val_loss: 0.0040, val_mae: 0.0642, val_mse: 0.0081, val_r2: -17.7654, val_cc: 0.3585
Epoch 41, trian_loss: 0.0039, trian_mae: 0.0638, trian_mse:0.0079, trian_r2: -inf, trian_cc: nan
Epoch 41, val_loss: 0.0041, val_mae: 0.0643, val_mse: 0.0082, val_r2: -21.0329, val_cc: 0.3569
Epoch 42, trian_loss: 0.0039, trian_mae: 0.0636, trian_mse:0.0078, trian_r2: -inf, trian_cc: nan
Epoch 42, val_loss: 0.0040, val_mae: 0.0643, val_mse: 0.0080, val_r2: -14.8672, val_cc: 0.3569
Epoch 43, trian_loss: 0.0039, trian_mae: 0.0639, trian_mse:0.0078, trian_r2: -inf, trian_cc: nan
Epoch 43, val_loss: 0.0040, val_mae: 0.0643, val_mse: 0.0081, val_r2: -19.9528, val_cc: 0.3613
Epoch 44, trian_loss: 0.0038, trian_mae: 0.0630, trian_mse:0.0076, trian_r2: -inf, trian_cc: nan
Epoch 44, val_loss: 0.0040, val_mae: 0.0633, val_mse: 0.0080, val_r2: -21.1125, val_cc: 0.3963
Epoch 45, trian_loss: 0.0037, trian_mae: 0.0624, trian_mse:0.0074, trian_r2: -inf, trian_cc: nan
Epoch 45, val_loss: 0.0039, val_mae: 0.0605, val_mse: 0.0077, val_r2: -10.8325, val_cc: 0.5121
Epoch 46, trian_loss: 0.0035, trian_mae: 0.0597, trian_mse:0.0070, trian_r2: -inf, trian_cc: nan
Epoch 46, val_loss: 0.0035, val_mae: 0.0576, val_mse: 0.0070, val_r2: -6.0031, val_cc: 0.5590
Epoch 47, trian_loss: 0.0033, trian_mae: 0.0579, trian_mse:0.0066, trian_r2: -inf, trian_cc: nan
Epoch 47, val_loss: 0.0037, val_mae: 0.0625, val_mse: 0.0074, val_r2: -15.4717, val_cc: 0.5306
Epoch 48, trian_loss: 0.0033, trian_mae: 0.0579, trian_mse:0.0066, trian_r2: -inf, trian_cc: nan
Epoch 48, val_loss: 0.0034, val_mae: 0.0569, val_mse: 0.0068, val_r2: -4.7713, val_cc: 0.5791
Epoch 49, trian_loss: 0.0031, trian_mae: 0.0555, trian_mse:0.0062, trian_r2: -inf, trian_cc: nan
Epoch 49, val_loss: 0.0034, val_mae: 0.0573, val_mse: 0.0068, val_r2: -3.8270, val_cc: 0.5922
Epoch 50, trian_loss: 0.0029, trian_mae: 0.0543, trian_mse:0.0059, trian_r2: -inf, trian_cc: nan
Epoch 50, val_loss: 0.0033, val_mae: 0.0560, val_mse: 0.0067, val_r2: -5.4812, val_cc: 0.6002
Epoch 51, trian_loss: 0.0029, trian_mae: 0.0546, trian_mse:0.0059, trian_r2: -inf, trian_cc: nan
Epoch 51, val_loss: 0.0032, val_mae: 0.0550, val_mse: 0.0065, val_r2: -2.9101, val_cc: 0.6138
Epoch 52, trian_loss: 0.0029, trian_mae: 0.0534, trian_mse:0.0057, trian_r2: -inf, trian_cc: nan
Epoch 52, val_loss: 0.0032, val_mae: 0.0549, val_mse: 0.0065, val_r2: -2.8036, val_cc: 0.6149
Epoch 53, trian_loss: 0.0029, trian_mae: 0.0538, trian_mse:0.0058, trian_r2: -inf, trian_cc: nan
Epoch 53, val_loss: 0.0033, val_mae: 0.0553, val_mse: 0.0066, val_r2: -3.5514, val_cc: 0.6085
Epoch 54, trian_loss: 0.0027, trian_mae: 0.0522, trian_mse:0.0055, trian_r2: -inf, trian_cc: nan
Epoch 54, val_loss: 0.0032, val_mae: 0.0542, val_mse: 0.0064, val_r2: -4.1112, val_cc: 0.6220
Epoch 55, trian_loss: 0.0029, trian_mae: 0.0537, trian_mse:0.0058, trian_r2: -inf, trian_cc: nan
Epoch 55, val_loss: 0.0032, val_mae: 0.0544, val_mse: 0.0064, val_r2: -3.1534, val_cc: 0.6244
Epoch 56, trian_loss: 0.0028, trian_mae: 0.0521, trian_mse:0.0055, trian_r2: -inf, trian_cc: nan
Epoch 56, val_loss: 0.0033, val_mae: 0.0554, val_mse: 0.0065, val_r2: -2.9158, val_cc: 0.6142
Epoch 57, trian_loss: 0.0028, trian_mae: 0.0528, trian_mse:0.0056, trian_r2: -inf, trian_cc: nan
Epoch 57, val_loss: 0.0032, val_mae: 0.0550, val_mse: 0.0064, val_r2: -5.1625, val_cc: 0.6154
Epoch 58, trian_loss: 0.0027, trian_mae: 0.0514, trian_mse:0.0053, trian_r2: -inf, trian_cc: nan
Epoch 58, val_loss: 0.0032, val_mae: 0.0532, val_mse: 0.0064, val_r2: -2.6972, val_cc: 0.6382
Epoch 59, trian_loss: 0.0026, trian_mae: 0.0510, trian_mse:0.0052, trian_r2: -inf, trian_cc: nan
Epoch 59, val_loss: 0.0032, val_mae: 0.0549, val_mse: 0.0063, val_r2: -2.4246, val_cc: 0.6212
Epoch 60, trian_loss: 0.0026, trian_mae: 0.0511, trian_mse:0.0053, trian_r2: -inf, trian_cc: nan
Epoch 60, val_loss: 0.0032, val_mae: 0.0555, val_mse: 0.0064, val_r2: -4.4938, val_cc: 0.6063
Epoch 61, trian_loss: 0.0027, trian_mae: 0.0521, trian_mse:0.0054, trian_r2: -inf, trian_cc: nan
Epoch 61, val_loss: 0.0031, val_mae: 0.0545, val_mse: 0.0063, val_r2: -3.0955, val_cc: 0.6332
Epoch 62, trian_loss: 0.0027, trian_mae: 0.0512, trian_mse:0.0053, trian_r2: -inf, trian_cc: nan
Epoch 62, val_loss: 0.0032, val_mae: 0.0540, val_mse: 0.0064, val_r2: -2.6856, val_cc: 0.6345
Epoch 63, trian_loss: 0.0026, trian_mae: 0.0515, trian_mse:0.0053, trian_r2: -inf, trian_cc: nan
Epoch 63, val_loss: 0.0031, val_mae: 0.0544, val_mse: 0.0063, val_r2: -3.6628, val_cc: 0.6366
Epoch 64, trian_loss: 0.0026, trian_mae: 0.0506, trian_mse:0.0052, trian_r2: -inf, trian_cc: nan
Epoch 64, val_loss: 0.0033, val_mae: 0.0569, val_mse: 0.0066, val_r2: -8.8344, val_cc: 0.6318
Epoch 65, trian_loss: 0.0027, trian_mae: 0.0516, trian_mse:0.0054, trian_r2: -inf, trian_cc: nan
Epoch 65, val_loss: 0.0032, val_mae: 0.0553, val_mse: 0.0063, val_r2: -4.3233, val_cc: 0.6404
Epoch 66, trian_loss: 0.0025, trian_mae: 0.0500, trian_mse:0.0050, trian_r2: -inf, trian_cc: nan
Epoch 66, val_loss: 0.0031, val_mae: 0.0524, val_mse: 0.0062, val_r2: -2.6865, val_cc: 0.6525
Epoch 67, trian_loss: 0.0025, trian_mae: 0.0499, trian_mse:0.0051, trian_r2: -inf, trian_cc: nan
Epoch 67, val_loss: 0.0031, val_mae: 0.0534, val_mse: 0.0061, val_r2: -3.1476, val_cc: 0.6406
Epoch 68, trian_loss: 0.0025, trian_mae: 0.0495, trian_mse:0.0050, trian_r2: -inf, trian_cc: nan
Epoch 68, val_loss: 0.0031, val_mae: 0.0527, val_mse: 0.0061, val_r2: -2.7448, val_cc: 0.6558
Epoch 69, trian_loss: 0.0025, trian_mae: 0.0493, trian_mse:0.0049, trian_r2: -inf, trian_cc: nan
Epoch 69, val_loss: 0.0031, val_mae: 0.0527, val_mse: 0.0062, val_r2: -2.3664, val_cc: 0.6577
Epoch 70, trian_loss: 0.0025, trian_mae: 0.0491, trian_mse:0.0049, trian_r2: -inf, trian_cc: nan
Epoch 70, val_loss: 0.0032, val_mae: 0.0536, val_mse: 0.0063, val_r2: -4.7207, val_cc: 0.6542
Epoch 71, trian_loss: 0.0025, trian_mae: 0.0498, trian_mse:0.0050, trian_r2: -inf, trian_cc: nan
Epoch 71, val_loss: 0.0033, val_mae: 0.0560, val_mse: 0.0066, val_r2: -7.1938, val_cc: 0.6471
Epoch 72, trian_loss: 0.0025, trian_mae: 0.0498, trian_mse:0.0050, trian_r2: -inf, trian_cc: nan
Epoch 72, val_loss: 0.0031, val_mae: 0.0535, val_mse: 0.0061, val_r2: -2.6699, val_cc: 0.6571
Epoch 73, trian_loss: 0.0024, trian_mae: 0.0488, trian_mse:0.0049, trian_r2: -inf, trian_cc: nan
Epoch 73, val_loss: 0.0031, val_mae: 0.0533, val_mse: 0.0062, val_r2: -2.1953, val_cc: 0.6612
Epoch 74, trian_loss: 0.0024, trian_mae: 0.0488, trian_mse:0.0049, trian_r2: -inf, trian_cc: nan
Epoch 74, val_loss: 0.0030, val_mae: 0.0525, val_mse: 0.0060, val_r2: -2.1225, val_cc: 0.6623
Epoch 75, trian_loss: 0.0024, trian_mae: 0.0478, trian_mse:0.0047, trian_r2: -inf, trian_cc: nan
Epoch 75, val_loss: 0.0030, val_mae: 0.0516, val_mse: 0.0059, val_r2: -1.8561, val_cc: 0.6674
Epoch 76, trian_loss: 0.0023, trian_mae: 0.0478, trian_mse:0.0047, trian_r2: -inf, trian_cc: nan
Epoch 76, val_loss: 0.0031, val_mae: 0.0545, val_mse: 0.0063, val_r2: -4.8265, val_cc: 0.6528
Epoch 77, trian_loss: 0.0024, trian_mae: 0.0484, trian_mse:0.0047, trian_r2: -inf, trian_cc: nan
Epoch 77, val_loss: 0.0030, val_mae: 0.0517, val_mse: 0.0060, val_r2: -2.2277, val_cc: 0.6674
Epoch 78, trian_loss: 0.0024, trian_mae: 0.0481, trian_mse:0.0047, trian_r2: -inf, trian_cc: nan
Epoch 78, val_loss: 0.0032, val_mae: 0.0537, val_mse: 0.0064, val_r2: -3.4287, val_cc: 0.6479
Epoch 79, trian_loss: 0.0023, trian_mae: 0.0478, trian_mse:0.0047, trian_r2: -inf, trian_cc: nan
Epoch 79, val_loss: 0.0030, val_mae: 0.0518, val_mse: 0.0060, val_r2: -2.5984, val_cc: 0.6693
Epoch 80, trian_loss: 0.0023, trian_mae: 0.0476, trian_mse:0.0046, trian_r2: -inf, trian_cc: nan
Epoch 80, val_loss: 0.0030, val_mae: 0.0540, val_mse: 0.0061, val_r2: -3.3656, val_cc: 0.6726
Epoch 81, trian_loss: 0.0023, trian_mae: 0.0476, trian_mse:0.0046, trian_r2: -inf, trian_cc: nan
Epoch 81, val_loss: 0.0030, val_mae: 0.0530, val_mse: 0.0061, val_r2: -3.0467, val_cc: 0.6632
Epoch 82, trian_loss: 0.0023, trian_mae: 0.0470, trian_mse:0.0045, trian_r2: -inf, trian_cc: nan
Epoch 82, val_loss: 0.0029, val_mae: 0.0500, val_mse: 0.0058, val_r2: -1.6814, val_cc: 0.6750
Epoch 83, trian_loss: 0.0022, trian_mae: 0.0468, trian_mse:0.0045, trian_r2: -inf, trian_cc: nan
Epoch 83, val_loss: 0.0030, val_mae: 0.0515, val_mse: 0.0061, val_r2: -2.4348, val_cc: 0.6707
Epoch 84, trian_loss: 0.0023, trian_mae: 0.0470, trian_mse:0.0045, trian_r2: -inf, trian_cc: nan
Epoch 84, val_loss: 0.0030, val_mae: 0.0506, val_mse: 0.0059, val_r2: -1.7655, val_cc: 0.6764
Epoch 85, trian_loss: 0.0022, trian_mae: 0.0467, trian_mse:0.0045, trian_r2: -inf, trian_cc: nan
Epoch 85, val_loss: 0.0031, val_mae: 0.0536, val_mse: 0.0062, val_r2: -2.8466, val_cc: 0.6758
Epoch 86, trian_loss: 0.0022, trian_mae: 0.0467, trian_mse:0.0045, trian_r2: -inf, trian_cc: nan
Epoch 86, val_loss: 0.0030, val_mae: 0.0527, val_mse: 0.0060, val_r2: -2.4225, val_cc: 0.6745
Epoch 87, trian_loss: 0.0022, trian_mae: 0.0467, trian_mse:0.0045, trian_r2: -inf, trian_cc: nan
Epoch 87, val_loss: 0.0030, val_mae: 0.0520, val_mse: 0.0060, val_r2: -2.1066, val_cc: 0.6768
Epoch 88, trian_loss: 0.0022, trian_mae: 0.0458, trian_mse:0.0043, trian_r2: -inf, trian_cc: nan
Epoch 88, val_loss: 0.0030, val_mae: 0.0516, val_mse: 0.0060, val_r2: -2.0755, val_cc: 0.6810
Epoch 89, trian_loss: 0.0022, trian_mae: 0.0457, trian_mse:0.0043, trian_r2: -inf, trian_cc: nan
Epoch 89, val_loss: 0.0031, val_mae: 0.0518, val_mse: 0.0062, val_r2: -1.6946, val_cc: 0.6780
Epoch 90, trian_loss: 0.0022, trian_mae: 0.0457, trian_mse:0.0043, trian_r2: -inf, trian_cc: nan
Epoch 90, val_loss: 0.0031, val_mae: 0.0519, val_mse: 0.0061, val_r2: -2.1297, val_cc: 0.6775
Epoch 91, trian_loss: 0.0021, trian_mae: 0.0459, trian_mse:0.0043, trian_r2: -inf, trian_cc: nan
Epoch 91, val_loss: 0.0031, val_mae: 0.0517, val_mse: 0.0062, val_r2: -2.2111, val_cc: 0.6771
Epoch 92, trian_loss: 0.0021, trian_mae: 0.0454, trian_mse:0.0042, trian_r2: -inf, trian_cc: nan
Epoch 92, val_loss: 0.0031, val_mae: 0.0513, val_mse: 0.0062, val_r2: -1.9598, val_cc: 0.6782
Epoch 93, trian_loss: 0.0021, trian_mae: 0.0450, trian_mse:0.0041, trian_r2: -inf, trian_cc: nan
Epoch 93, val_loss: 0.0030, val_mae: 0.0513, val_mse: 0.0060, val_r2: -2.5111, val_cc: 0.6815
Epoch 94, trian_loss: 0.0021, trian_mae: 0.0452, trian_mse:0.0042, trian_r2: -inf, trian_cc: nan
Epoch 94, val_loss: 0.0031, val_mae: 0.0513, val_mse: 0.0062, val_r2: -1.9595, val_cc: 0.6778
Epoch 95, trian_loss: 0.0021, trian_mae: 0.0452, trian_mse:0.0042, trian_r2: -inf, trian_cc: nan
Epoch 95, val_loss: 0.0031, val_mae: 0.0520, val_mse: 0.0062, val_r2: -1.3769, val_cc: 0.6803
Epoch 96, trian_loss: 0.0020, trian_mae: 0.0446, trian_mse:0.0041, trian_r2: -inf, trian_cc: nan
Epoch 96, val_loss: 0.0031, val_mae: 0.0516, val_mse: 0.0063, val_r2: -1.8992, val_cc: 0.6758
Epoch 97, trian_loss: 0.0021, trian_mae: 0.0448, trian_mse:0.0041, trian_r2: -inf, trian_cc: nan
Epoch 97, val_loss: 0.0032, val_mae: 0.0520, val_mse: 0.0064, val_r2: -1.8678, val_cc: 0.6819
Epoch 98, trian_loss: 0.0021, trian_mae: 0.0449, trian_mse:0.0042, trian_r2: -inf, trian_cc: nan
Epoch 98, val_loss: 0.0031, val_mae: 0.0520, val_mse: 0.0062, val_r2: -2.0919, val_cc: 0.6800
Epoch 99, trian_loss: 0.0020, trian_mae: 0.0445, trian_mse:0.0041, trian_r2: -inf, trian_cc: nan
Epoch 99, val_loss: 0.0032, val_mae: 0.0514, val_mse: 0.0064, val_r2: -2.3121, val_cc: 0.6802
