Trian Data: 532   Validation Data: 177  Test Data: 178
[1, 1]
[1, 1]
[1, 1]
[1, 1]
model SENet(
  (conv1): Conv2d(101, 64, kernel_size=(3, 3), stride=(1, 1), padding=(1, 1), bias=False)
  (bn1): BatchNorm2d(64, eps=1e-05, momentum=0.1, affine=True, track_running_stats=True)
  (layer1): Sequential(
    (0): BasicBlock(
      (conv1): Conv2d(64, 64, kernel_size=(3, 3), stride=(1, 1), padding=(1, 1), bias=False)
      (bn1): BatchNorm2d(64, eps=1e-05, momentum=0.1, affine=True, track_running_stats=True)
      (conv2): Conv2d(64, 64, kernel_size=(3, 3), stride=(1, 1), padding=(1, 1), bias=False)
      (bn2): BatchNorm2d(64, eps=1e-05, momentum=0.1, affine=True, track_running_stats=True)
      (shortcut): Sequential()
      (fc1): Conv2d(64, 4, kernel_size=(1, 1), stride=(1, 1))
      (fc2): Conv2d(4, 64, kernel_size=(1, 1), stride=(1, 1))
    )
    (1): BasicBlock(
      (conv1): Conv2d(64, 64, kernel_size=(3, 3), stride=(1, 1), padding=(1, 1), bias=False)
      (bn1): BatchNorm2d(64, eps=1e-05, momentum=0.1, affine=True, track_running_stats=True)
      (conv2): Conv2d(64, 64, kernel_size=(3, 3), stride=(1, 1), padding=(1, 1), bias=False)
      (bn2): BatchNorm2d(64, eps=1e-05, momentum=0.1, affine=True, track_running_stats=True)
      (shortcut): Sequential()
      (fc1): Conv2d(64, 4, kernel_size=(1, 1), stride=(1, 1))
      (fc2): Conv2d(4, 64, kernel_size=(1, 1), stride=(1, 1))
    )
  )
  (layer2): Sequential(
    (0): BasicBlock(
      (conv1): Conv2d(64, 64, kernel_size=(3, 3), stride=(1, 1), padding=(1, 1), bias=False)
      (bn1): BatchNorm2d(64, eps=1e-05, momentum=0.1, affine=True, track_running_stats=True)
      (conv2): Conv2d(64, 64, kernel_size=(3, 3), stride=(1, 1), padding=(1, 1), bias=False)
      (bn2): BatchNorm2d(64, eps=1e-05, momentum=0.1, affine=True, track_running_stats=True)
      (shortcut): Sequential()
      (fc1): Conv2d(64, 4, kernel_size=(1, 1), stride=(1, 1))
      (fc2): Conv2d(4, 64, kernel_size=(1, 1), stride=(1, 1))
    )
    (1): BasicBlock(
      (conv1): Conv2d(64, 64, kernel_size=(3, 3), stride=(1, 1), padding=(1, 1), bias=False)
      (bn1): BatchNorm2d(64, eps=1e-05, momentum=0.1, affine=True, track_running_stats=True)
      (conv2): Conv2d(64, 64, kernel_size=(3, 3), stride=(1, 1), padding=(1, 1), bias=False)
      (bn2): BatchNorm2d(64, eps=1e-05, momentum=0.1, affine=True, track_running_stats=True)
      (shortcut): Sequential()
      (fc1): Conv2d(64, 4, kernel_size=(1, 1), stride=(1, 1))
      (fc2): Conv2d(4, 64, kernel_size=(1, 1), stride=(1, 1))
    )
  )
  (layer3): Sequential(
    (0): BasicBlock(
      (conv1): Conv2d(64, 64, kernel_size=(3, 3), stride=(1, 1), padding=(1, 1), bias=False)
      (bn1): BatchNorm2d(64, eps=1e-05, momentum=0.1, affine=True, track_running_stats=True)
      (conv2): Conv2d(64, 64, kernel_size=(3, 3), stride=(1, 1), padding=(1, 1), bias=False)
      (bn2): BatchNorm2d(64, eps=1e-05, momentum=0.1, affine=True, track_running_stats=True)
      (shortcut): Sequential()
      (fc1): Conv2d(64, 4, kernel_size=(1, 1), stride=(1, 1))
      (fc2): Conv2d(4, 64, kernel_size=(1, 1), stride=(1, 1))
    )
    (1): BasicBlock(
      (conv1): Conv2d(64, 64, kernel_size=(3, 3), stride=(1, 1), padding=(1, 1), bias=False)
      (bn1): BatchNorm2d(64, eps=1e-05, momentum=0.1, affine=True, track_running_stats=True)
      (conv2): Conv2d(64, 64, kernel_size=(3, 3), stride=(1, 1), padding=(1, 1), bias=False)
      (bn2): BatchNorm2d(64, eps=1e-05, momentum=0.1, affine=True, track_running_stats=True)
      (shortcut): Sequential()
      (fc1): Conv2d(64, 4, kernel_size=(1, 1), stride=(1, 1))
      (fc2): Conv2d(4, 64, kernel_size=(1, 1), stride=(1, 1))
    )
  )
  (layer4): Sequential(
    (0): BasicBlock(
      (conv1): Conv2d(64, 64, kernel_size=(3, 3), stride=(1, 1), padding=(1, 1), bias=False)
      (bn1): BatchNorm2d(64, eps=1e-05, momentum=0.1, affine=True, track_running_stats=True)
      (conv2): Conv2d(64, 64, kernel_size=(3, 3), stride=(1, 1), padding=(1, 1), bias=False)
      (bn2): BatchNorm2d(64, eps=1e-05, momentum=0.1, affine=True, track_running_stats=True)
      (shortcut): Sequential()
      (fc1): Conv2d(64, 4, kernel_size=(1, 1), stride=(1, 1))
      (fc2): Conv2d(4, 64, kernel_size=(1, 1), stride=(1, 1))
    )
    (1): BasicBlock(
      (conv1): Conv2d(64, 64, kernel_size=(3, 3), stride=(1, 1), padding=(1, 1), bias=False)
      (bn1): BatchNorm2d(64, eps=1e-05, momentum=0.1, affine=True, track_running_stats=True)
      (conv2): Conv2d(64, 64, kernel_size=(3, 3), stride=(1, 1), padding=(1, 1), bias=False)
      (bn2): BatchNorm2d(64, eps=1e-05, momentum=0.1, affine=True, track_running_stats=True)
      (shortcut): Sequential()
      (fc1): Conv2d(64, 4, kernel_size=(1, 1), stride=(1, 1))
      (fc2): Conv2d(4, 64, kernel_size=(1, 1), stride=(1, 1))
    )
  )
  (cnn): CNNnet(
    (conv1): Sequential(
      (0): Conv2d(64, 32, kernel_size=(3, 3), stride=(1, 1), padding=(1, 1))
      (1): BatchNorm2d(32, eps=1e-05, momentum=0.1, affine=True, track_running_stats=True)
      (2): ReLU()
    )
    (conv2): Sequential(
      (0): Conv2d(32, 16, kernel_size=(3, 3), stride=(1, 1), padding=(1, 1))
      (1): BatchNorm2d(16, eps=1e-05, momentum=0.1, affine=True, track_running_stats=True)
      (2): ReLU()
    )
    (conv3): Sequential(
      (0): Conv2d(16, 1, kernel_size=(3, 3), stride=(1, 1), padding=(1, 1))
      (1): BatchNorm2d(1, eps=1e-05, momentum=0.1, affine=True, track_running_stats=True)
      (2): ReLU()
    )
  )
)
Epoch  0, trian_loss: 0.0082, trian_mae: 0.0912, trian_mse:0.0167, trian_r2: -15.8561, trian_cc: 0.0689
Epoch  0, val_loss: 0.0062, val_mae: 0.0849, val_mse: 0.0124, val_r2: -9.8066, val_cc: 0.2267
Epoch  1, trian_loss: 0.0051, trian_mae: 0.0755, trian_mse:0.0102, trian_r2: -859.1706, trian_cc: -0.0246
Epoch  1, val_loss: 0.0049, val_mae: 0.0744, val_mse: 0.0098, val_r2: -1447.2890, val_cc: -0.0354
Epoch  2, trian_loss: 0.0050, trian_mae: 0.0747, trian_mse:0.0100, trian_r2: -2296.0270, trian_cc: 0.0072
Epoch  2, val_loss: 0.0049, val_mae: 0.0742, val_mse: 0.0098, val_r2: -3298.0175, val_cc: 0.0746
Epoch  3, trian_loss: 0.0050, trian_mae: 0.0745, trian_mse:0.0100, trian_r2: -2780.6148, trian_cc: 0.0804
Epoch  3, val_loss: 0.0048, val_mae: 0.0738, val_mse: 0.0097, val_r2: -2042.5332, val_cc: 0.1949
Epoch  4, trian_loss: 0.0050, trian_mae: 0.0745, trian_mse:0.0099, trian_r2: -3215.9694, trian_cc: 0.0751
Epoch  4, val_loss: 0.0049, val_mae: 0.0742, val_mse: 0.0098, val_r2: -3946.3266, val_cc: 0.0355
Epoch  5, trian_loss: 0.0050, trian_mae: 0.0744, trian_mse:0.0100, trian_r2: -2941.7272, trian_cc: 0.0858
Epoch  5, val_loss: 0.0049, val_mae: 0.0742, val_mse: 0.0098, val_r2: -3382.5781, val_cc: 0.0933
Epoch  6, trian_loss: 0.0050, trian_mae: 0.0742, trian_mse:0.0099, trian_r2: -2315.1151, trian_cc: 0.1190
Epoch  6, val_loss: 0.0049, val_mae: 0.0741, val_mse: 0.0098, val_r2: -787.8812, val_cc: 0.1255
Epoch  7, trian_loss: 0.0049, trian_mae: 0.0740, trian_mse:0.0099, trian_r2: -1674.7776, trian_cc: 0.1389
Epoch  7, val_loss: 0.0049, val_mae: 0.0742, val_mse: 0.0098, val_r2: -835.3732, val_cc: 0.1479
Epoch  8, trian_loss: 0.0049, trian_mae: 0.0741, trian_mse:0.0099, trian_r2: -1587.5258, trian_cc: 0.1457
Epoch  8, val_loss: 0.0049, val_mae: 0.0741, val_mse: 0.0097, val_r2: -513.2195, val_cc: 0.1414
Epoch  9, trian_loss: 0.0049, trian_mae: 0.0739, trian_mse:0.0098, trian_r2: -474.9277, trian_cc: 0.1420
Epoch  9, val_loss: 0.0049, val_mae: 0.0737, val_mse: 0.0098, val_r2: -165.9571, val_cc: 0.1565
Epoch 10, trian_loss: 0.0049, trian_mae: 0.0737, trian_mse:0.0098, trian_r2: -2081.2440, trian_cc: 0.1368
Epoch 10, val_loss: 0.0048, val_mae: 0.0739, val_mse: 0.0097, val_r2: -169.9147, val_cc: 0.1620
Epoch 11, trian_loss: 0.0049, trian_mae: 0.0742, trian_mse:0.0099, trian_r2: -1473.6554, trian_cc: 0.1180
Epoch 11, val_loss: 0.0049, val_mae: 0.0740, val_mse: 0.0098, val_r2: -708.9701, val_cc: 0.1272
Epoch 12, trian_loss: 0.0049, trian_mae: 0.0740, trian_mse:0.0099, trian_r2: -534.0471, trian_cc: 0.1335
Epoch 12, val_loss: 0.0047, val_mae: 0.0717, val_mse: 0.0094, val_r2: -64.0709, val_cc: 0.1785
Epoch 13, trian_loss: 0.0047, trian_mae: 0.0722, trian_mse:0.0094, trian_r2: -380.2086, trian_cc: 0.1865
Epoch 13, val_loss: 0.0045, val_mae: 0.0700, val_mse: 0.0090, val_r2: -98.0086, val_cc: 0.1954
Epoch 14, trian_loss: 0.0045, trian_mae: 0.0705, trian_mse:0.0090, trian_r2: -199.5082, trian_cc: 0.2025
Epoch 14, val_loss: 0.0046, val_mae: 0.0696, val_mse: 0.0092, val_r2: -96.7691, val_cc: 0.2107
Epoch 15, trian_loss: 0.0045, trian_mae: 0.0704, trian_mse:0.0090, trian_r2: -135.6610, trian_cc: 0.2069
Epoch 15, val_loss: 0.0048, val_mae: 0.0716, val_mse: 0.0097, val_r2: -95.7027, val_cc: 0.1992
Epoch 16, trian_loss: 0.0044, trian_mae: 0.0694, trian_mse:0.0088, trian_r2: -117.0587, trian_cc: 0.2355
Epoch 16, val_loss: 0.0043, val_mae: 0.0685, val_mse: 0.0087, val_r2: -65.1982, val_cc: 0.2473
Epoch 17, trian_loss: 0.0043, trian_mae: 0.0688, trian_mse:0.0087, trian_r2: -78.4086, trian_cc: 0.2580
Epoch 17, val_loss: 0.0043, val_mae: 0.0682, val_mse: 0.0086, val_r2: -52.8135, val_cc: 0.2778
Epoch 18, trian_loss: 0.0043, trian_mae: 0.0682, trian_mse:0.0086, trian_r2: -57.9835, trian_cc: 0.2803
Epoch 18, val_loss: 0.0043, val_mae: 0.0675, val_mse: 0.0086, val_r2: -42.9567, val_cc: 0.2868
Epoch 19, trian_loss: 0.0042, trian_mae: 0.0677, trian_mse:0.0085, trian_r2: -49.3381, trian_cc: 0.2920
Epoch 19, val_loss: 0.0043, val_mae: 0.0670, val_mse: 0.0087, val_r2: -30.9779, val_cc: 0.2938
Epoch 20, trian_loss: 0.0042, trian_mae: 0.0672, trian_mse:0.0084, trian_r2: -45.3421, trian_cc: 0.2980
Epoch 20, val_loss: 0.0043, val_mae: 0.0669, val_mse: 0.0086, val_r2: -39.3110, val_cc: 0.2997
Epoch 21, trian_loss: 0.0042, trian_mae: 0.0670, trian_mse:0.0084, trian_r2: -42.1310, trian_cc: 0.3055
Epoch 21, val_loss: 0.0042, val_mae: 0.0666, val_mse: 0.0084, val_r2: -25.6798, val_cc: 0.3081
Epoch 22, trian_loss: 0.0041, trian_mae: 0.0667, trian_mse:0.0083, trian_r2: -38.2477, trian_cc: 0.3120
Epoch 22, val_loss: 0.0043, val_mae: 0.0666, val_mse: 0.0085, val_r2: -23.3200, val_cc: 0.3133
Epoch 23, trian_loss: 0.0041, trian_mae: 0.0667, trian_mse:0.0083, trian_r2: -34.7799, trian_cc: 0.3118
Epoch 23, val_loss: 0.0042, val_mae: 0.0665, val_mse: 0.0085, val_r2: -26.4341, val_cc: 0.3153
Epoch 24, trian_loss: 0.0042, trian_mae: 0.0667, trian_mse:0.0083, trian_r2: -41.0495, trian_cc: 0.3103
Epoch 24, val_loss: 0.0042, val_mae: 0.0661, val_mse: 0.0084, val_r2: -27.2923, val_cc: 0.3174
Epoch 25, trian_loss: 0.0041, trian_mae: 0.0660, trian_mse:0.0082, trian_r2: -34.4166, trian_cc: 0.3211
Epoch 25, val_loss: 0.0042, val_mae: 0.0660, val_mse: 0.0084, val_r2: -27.4931, val_cc: 0.3193
Epoch 26, trian_loss: 0.0041, trian_mae: 0.0660, trian_mse:0.0082, trian_r2: -33.7954, trian_cc: 0.3201
Epoch 26, val_loss: 0.0042, val_mae: 0.0662, val_mse: 0.0085, val_r2: -25.6991, val_cc: 0.3186
Epoch 27, trian_loss: 0.0041, trian_mae: 0.0659, trian_mse:0.0082, trian_r2: -33.0719, trian_cc: 0.3209
Epoch 27, val_loss: 0.0042, val_mae: 0.0660, val_mse: 0.0084, val_r2: -25.8060, val_cc: 0.3191
Epoch 28, trian_loss: 0.0041, trian_mae: 0.0664, trian_mse:0.0082, trian_r2: -38.0929, trian_cc: 0.3181
Epoch 28, val_loss: 0.0042, val_mae: 0.0663, val_mse: 0.0085, val_r2: -30.3397, val_cc: 0.3248
Epoch 29, trian_loss: 0.0040, trian_mae: 0.0656, trian_mse:0.0081, trian_r2: -29.4273, trian_cc: 0.3307
Epoch 29, val_loss: 0.0042, val_mae: 0.0654, val_mse: 0.0083, val_r2: -28.7640, val_cc: 0.3646
Epoch 30, trian_loss: 0.0040, trian_mae: 0.0648, trian_mse:0.0079, trian_r2: -29.3381, trian_cc: 0.3745
Epoch 30, val_loss: 0.0038, val_mae: 0.0616, val_mse: 0.0076, val_r2: -23.4352, val_cc: 0.4753
Epoch 31, trian_loss: 0.0036, trian_mae: 0.0611, trian_mse:0.0072, trian_r2: -10.4715, trian_cc: 0.5172
Epoch 31, val_loss: 0.0035, val_mae: 0.0579, val_mse: 0.0071, val_r2: -2.9074, val_cc: 0.5622
Epoch 32, trian_loss: 0.0035, trian_mae: 0.0598, trian_mse:0.0069, trian_r2: -6.5682, trian_cc: 0.5516
Epoch 32, val_loss: 0.0036, val_mae: 0.0616, val_mse: 0.0072, val_r2: -10.1478, val_cc: 0.5373
Epoch 33, trian_loss: 0.0033, trian_mae: 0.0585, trian_mse:0.0067, trian_r2: -3.8873, trian_cc: 0.5762
Epoch 33, val_loss: 0.0034, val_mae: 0.0572, val_mse: 0.0067, val_r2: -4.2414, val_cc: 0.5887
Epoch 34, trian_loss: 0.0032, trian_mae: 0.0568, trian_mse:0.0064, trian_r2: -2.9369, trian_cc: 0.5946
Epoch 34, val_loss: 0.0034, val_mae: 0.0600, val_mse: 0.0068, val_r2: -6.8368, val_cc: 0.5795
Epoch 35, trian_loss: 0.0032, trian_mae: 0.0567, trian_mse:0.0064, trian_r2: -3.4156, trian_cc: 0.5940
Epoch 35, val_loss: 0.0033, val_mae: 0.0558, val_mse: 0.0065, val_r2: -3.4564, val_cc: 0.6035
Epoch 36, trian_loss: 0.0031, trian_mae: 0.0557, trian_mse:0.0062, trian_r2: -3.3568, trian_cc: 0.5993
Epoch 36, val_loss: 0.0032, val_mae: 0.0569, val_mse: 0.0064, val_r2: -3.5136, val_cc: 0.6063
Epoch 37, trian_loss: 0.0030, trian_mae: 0.0549, trian_mse:0.0060, trian_r2: -2.7439, trian_cc: 0.6126
Epoch 37, val_loss: 0.0032, val_mae: 0.0568, val_mse: 0.0065, val_r2: -4.0874, val_cc: 0.6128
Epoch 38, trian_loss: 0.0030, trian_mae: 0.0548, trian_mse:0.0060, trian_r2: -2.7208, trian_cc: 0.6158
Epoch 38, val_loss: 0.0032, val_mae: 0.0556, val_mse: 0.0064, val_r2: -2.8910, val_cc: 0.6259
Epoch 39, trian_loss: 0.0029, trian_mae: 0.0543, trian_mse:0.0059, trian_r2: -2.0156, trian_cc: 0.6200
Epoch 39, val_loss: 0.0032, val_mae: 0.0561, val_mse: 0.0063, val_r2: -3.6854, val_cc: 0.6228
Epoch 40, trian_loss: 0.0029, trian_mae: 0.0540, trian_mse:0.0058, trian_r2: -2.0019, trian_cc: 0.6227
Epoch 40, val_loss: 0.0031, val_mae: 0.0554, val_mse: 0.0062, val_r2: -2.6914, val_cc: 0.6300
Epoch 41, trian_loss: 0.0028, trian_mae: 0.0529, trian_mse:0.0057, trian_r2: -1.9563, trian_cc: 0.6312
Epoch 41, val_loss: 0.0031, val_mae: 0.0541, val_mse: 0.0062, val_r2: -2.6707, val_cc: 0.6405
Epoch 42, trian_loss: 0.0028, trian_mae: 0.0529, trian_mse:0.0057, trian_r2: -1.7539, trian_cc: 0.6317
Epoch 42, val_loss: 0.0031, val_mae: 0.0548, val_mse: 0.0063, val_r2: -4.3867, val_cc: 0.6326
Epoch 43, trian_loss: 0.0028, trian_mae: 0.0526, trian_mse:0.0056, trian_r2: -1.6436, trian_cc: 0.6323
Epoch 43, val_loss: 0.0029, val_mae: 0.0535, val_mse: 0.0059, val_r2: -2.0338, val_cc: 0.6440
Epoch 44, trian_loss: 0.0030, trian_mae: 0.0537, trian_mse:0.0059, trian_r2: -5.0585, trian_cc: 0.6268
Epoch 44, val_loss: 0.0030, val_mae: 0.0538, val_mse: 0.0060, val_r2: -2.1837, val_cc: 0.6443
Epoch 45, trian_loss: 0.0028, trian_mae: 0.0524, trian_mse:0.0056, trian_r2: -1.7273, trian_cc: 0.6352
Epoch 45, val_loss: 0.0032, val_mae: 0.0541, val_mse: 0.0063, val_r2: -2.1752, val_cc: 0.6377
Epoch 46, trian_loss: 0.0027, trian_mae: 0.0521, trian_mse:0.0055, trian_r2: -3.2241, trian_cc: 0.6346
Epoch 46, val_loss: 0.0031, val_mae: 0.0542, val_mse: 0.0063, val_r2: -3.3084, val_cc: 0.6342
Epoch 47, trian_loss: 0.0027, trian_mae: 0.0520, trian_mse:0.0055, trian_r2: -1.6585, trian_cc: 0.6469
Epoch 47, val_loss: 0.0031, val_mae: 0.0540, val_mse: 0.0063, val_r2: -4.5399, val_cc: 0.6423
Epoch 48, trian_loss: 0.0029, trian_mae: 0.0532, trian_mse:0.0058, trian_r2: -14.0302, trian_cc: 0.6014
Epoch 48, val_loss: 0.0032, val_mae: 0.0538, val_mse: 0.0063, val_r2: -4.6389, val_cc: 0.6438
Epoch 49, trian_loss: 0.0027, trian_mae: 0.0514, trian_mse:0.0053, trian_r2: -2.5717, trian_cc: 0.6414
Epoch 49, val_loss: 0.0034, val_mae: 0.0561, val_mse: 0.0068, val_r2: -4.6714, val_cc: 0.6146
Epoch 50, trian_loss: 0.0026, trian_mae: 0.0511, trian_mse:0.0053, trian_r2: -1.4885, trian_cc: 0.6528
Epoch 50, val_loss: 0.0029, val_mae: 0.0520, val_mse: 0.0058, val_r2: -2.2366, val_cc: 0.6554
Epoch 51, trian_loss: 0.0027, trian_mae: 0.0510, trian_mse:0.0053, trian_r2: -1.1763, trian_cc: 0.6560
Epoch 51, val_loss: 0.0030, val_mae: 0.0529, val_mse: 0.0061, val_r2: -2.7796, val_cc: 0.6565
Epoch 52, trian_loss: 0.0025, trian_mae: 0.0496, trian_mse:0.0050, trian_r2: -1.1981, trian_cc: 0.6622
Epoch 52, val_loss: 0.0029, val_mae: 0.0510, val_mse: 0.0059, val_r2: -2.2223, val_cc: 0.6653
Epoch 53, trian_loss: 0.0025, trian_mae: 0.0498, trian_mse:0.0051, trian_r2: -1.1533, trian_cc: 0.6642
Epoch 53, val_loss: 0.0029, val_mae: 0.0515, val_mse: 0.0058, val_r2: -2.6129, val_cc: 0.6639
Epoch 54, trian_loss: 0.0024, trian_mae: 0.0489, trian_mse:0.0049, trian_r2: -0.9467, trian_cc: 0.6702
Epoch 54, val_loss: 0.0029, val_mae: 0.0513, val_mse: 0.0059, val_r2: -2.6160, val_cc: 0.6648
Epoch 55, trian_loss: 0.0026, trian_mae: 0.0505, trian_mse:0.0053, trian_r2: -1.8889, trian_cc: 0.6578
Epoch 55, val_loss: 0.0035, val_mae: 0.0552, val_mse: 0.0070, val_r2: -6.7303, val_cc: 0.6433
Epoch 56, trian_loss: 0.0024, trian_mae: 0.0489, trian_mse:0.0049, trian_r2: -0.9754, trian_cc: 0.6713
Epoch 56, val_loss: 0.0031, val_mae: 0.0531, val_mse: 0.0062, val_r2: -3.7168, val_cc: 0.6603
Epoch 57, trian_loss: 0.0024, trian_mae: 0.0489, trian_mse:0.0049, trian_r2: -1.1359, trian_cc: 0.6692
Epoch 57, val_loss: 0.0031, val_mae: 0.0530, val_mse: 0.0062, val_r2: -4.2676, val_cc: 0.6602
Epoch 58, trian_loss: 0.0024, trian_mae: 0.0483, trian_mse:0.0048, trian_r2: -0.8804, trian_cc: 0.6759
Epoch 58, val_loss: 0.0029, val_mae: 0.0527, val_mse: 0.0059, val_r2: -1.9504, val_cc: 0.6629
Epoch 59, trian_loss: 0.0024, trian_mae: 0.0480, trian_mse:0.0047, trian_r2: -0.8429, trian_cc: 0.6767
Epoch 59, val_loss: 0.0029, val_mae: 0.0506, val_mse: 0.0057, val_r2: -1.6971, val_cc: 0.6721
Epoch 60, trian_loss: 0.0024, trian_mae: 0.0483, trian_mse:0.0048, trian_r2: -0.9086, trian_cc: 0.6787
Epoch 60, val_loss: 0.0029, val_mae: 0.0515, val_mse: 0.0059, val_r2: -2.4666, val_cc: 0.6730
Epoch 61, trian_loss: 0.0024, trian_mae: 0.0479, trian_mse:0.0047, trian_r2: -0.9898, trian_cc: 0.6795
Epoch 61, val_loss: 0.0030, val_mae: 0.0518, val_mse: 0.0059, val_r2: -3.3504, val_cc: 0.6696
Epoch 62, trian_loss: 0.0023, trian_mae: 0.0476, trian_mse:0.0047, trian_r2: -0.8298, trian_cc: 0.6814
Epoch 62, val_loss: 0.0030, val_mae: 0.0514, val_mse: 0.0061, val_r2: -2.5686, val_cc: 0.6733
Epoch 63, trian_loss: 0.0023, trian_mae: 0.0479, trian_mse:0.0047, trian_r2: -0.9970, trian_cc: 0.6818
Epoch 63, val_loss: 0.0030, val_mae: 0.0508, val_mse: 0.0059, val_r2: -2.3144, val_cc: 0.6749
Epoch 64, trian_loss: 0.0023, trian_mae: 0.0478, trian_mse:0.0046, trian_r2: -0.7836, trian_cc: 0.6836
Epoch 64, val_loss: 0.0031, val_mae: 0.0529, val_mse: 0.0062, val_r2: -3.4281, val_cc: 0.6662
Epoch 65, trian_loss: 0.0023, trian_mae: 0.0470, trian_mse:0.0045, trian_r2: -0.7559, trian_cc: 0.6864
Epoch 65, val_loss: 0.0031, val_mae: 0.0513, val_mse: 0.0061, val_r2: -3.0975, val_cc: 0.6771
Epoch 66, trian_loss: 0.0023, trian_mae: 0.0472, trian_mse:0.0046, trian_r2: -0.7593, trian_cc: 0.6877
Epoch 66, val_loss: 0.0029, val_mae: 0.0502, val_mse: 0.0057, val_r2: -2.0446, val_cc: 0.6810
Epoch 67, trian_loss: 0.0023, trian_mae: 0.0473, trian_mse:0.0046, trian_r2: -0.7680, trian_cc: 0.6879
Epoch 67, val_loss: 0.0030, val_mae: 0.0513, val_mse: 0.0060, val_r2: -2.7110, val_cc: 0.6776
Epoch 68, trian_loss: 0.0022, trian_mae: 0.0465, trian_mse:0.0044, trian_r2: -0.6991, trian_cc: 0.6948
Epoch 68, val_loss: 0.0031, val_mae: 0.0517, val_mse: 0.0062, val_r2: -3.0307, val_cc: 0.6794
Epoch 69, trian_loss: 0.0022, trian_mae: 0.0464, trian_mse:0.0044, trian_r2: -0.7893, trian_cc: 0.6944
Epoch 69, val_loss: 0.0029, val_mae: 0.0507, val_mse: 0.0059, val_r2: -2.4592, val_cc: 0.6800
Epoch 70, trian_loss: 0.0022, trian_mae: 0.0467, trian_mse:0.0045, trian_r2: -0.7228, trian_cc: 0.6925
Epoch 70, val_loss: 0.0031, val_mae: 0.0511, val_mse: 0.0061, val_r2: -2.6764, val_cc: 0.6783
Epoch 71, trian_loss: 0.0023, trian_mae: 0.0470, trian_mse:0.0046, trian_r2: -0.7152, trian_cc: 0.6881
Epoch 71, val_loss: 0.0029, val_mae: 0.0502, val_mse: 0.0058, val_r2: -1.4730, val_cc: 0.6806
Epoch 72, trian_loss: 0.0022, trian_mae: 0.0459, trian_mse:0.0044, trian_r2: -0.6286, trian_cc: 0.6978
Epoch 72, val_loss: 0.0031, val_mae: 0.0515, val_mse: 0.0063, val_r2: -2.1490, val_cc: 0.6775
Epoch 73, trian_loss: 0.0021, trian_mae: 0.0456, trian_mse:0.0043, trian_r2: -0.6000, trian_cc: 0.6999
Epoch 73, val_loss: 0.0031, val_mae: 0.0508, val_mse: 0.0062, val_r2: -2.1792, val_cc: 0.6824
Epoch 74, trian_loss: 0.0022, trian_mae: 0.0459, trian_mse:0.0043, trian_r2: -0.5950, trian_cc: 0.6989
Epoch 74, val_loss: 0.0028, val_mae: 0.0494, val_mse: 0.0056, val_r2: -1.3669, val_cc: 0.6852
Epoch 75, trian_loss: 0.0022, trian_mae: 0.0461, trian_mse:0.0044, trian_r2: -0.7358, trian_cc: 0.6962
Epoch 75, val_loss: 0.0030, val_mae: 0.0507, val_mse: 0.0059, val_r2: -1.9561, val_cc: 0.6829
Epoch 76, trian_loss: 0.0023, trian_mae: 0.0469, trian_mse:0.0046, trian_r2: -1.0504, trian_cc: 0.6908
Epoch 76, val_loss: 0.0029, val_mae: 0.0503, val_mse: 0.0058, val_r2: -1.4206, val_cc: 0.6832
Epoch 77, trian_loss: 0.0022, trian_mae: 0.0459, trian_mse:0.0045, trian_r2: -0.6087, trian_cc: 0.6971
Epoch 77, val_loss: 0.0030, val_mae: 0.0508, val_mse: 0.0060, val_r2: -1.9341, val_cc: 0.6811
Epoch 78, trian_loss: 0.0021, trian_mae: 0.0455, trian_mse:0.0043, trian_r2: -0.5673, trian_cc: 0.6994
Epoch 78, val_loss: 0.0030, val_mae: 0.0506, val_mse: 0.0059, val_r2: -2.0728, val_cc: 0.6829
Epoch 79, trian_loss: 0.0021, trian_mae: 0.0455, trian_mse:0.0043, trian_r2: -0.5714, trian_cc: 0.7031
Epoch 79, val_loss: 0.0031, val_mae: 0.0511, val_mse: 0.0063, val_r2: -1.9197, val_cc: 0.6816
Epoch 80, trian_loss: 0.0020, trian_mae: 0.0438, trian_mse:0.0041, trian_r2: -0.3707, trian_cc: 0.7106
Epoch 80, val_loss: 0.0030, val_mae: 0.0500, val_mse: 0.0059, val_r2: -1.5001, val_cc: 0.6874
Epoch 81, trian_loss: 0.0020, trian_mae: 0.0437, trian_mse:0.0040, trian_r2: -0.3430, trian_cc: 0.7116
Epoch 81, val_loss: 0.0029, val_mae: 0.0499, val_mse: 0.0059, val_r2: -1.2477, val_cc: 0.6871
Epoch 82, trian_loss: 0.0020, trian_mae: 0.0437, trian_mse:0.0040, trian_r2: -0.4100, trian_cc: 0.7129
Epoch 82, val_loss: 0.0030, val_mae: 0.0500, val_mse: 0.0060, val_r2: -1.6814, val_cc: 0.6869
Epoch 83, trian_loss: 0.0020, trian_mae: 0.0435, trian_mse:0.0040, trian_r2: -0.3665, trian_cc: 0.7138
Epoch 83, val_loss: 0.0030, val_mae: 0.0498, val_mse: 0.0059, val_r2: -1.5508, val_cc: 0.6883
Epoch 84, trian_loss: 0.0020, trian_mae: 0.0431, trian_mse:0.0039, trian_r2: -0.3170, trian_cc: 0.7156
Epoch 84, val_loss: 0.0030, val_mae: 0.0500, val_mse: 0.0059, val_r2: -1.2667, val_cc: 0.6866
Epoch 85, trian_loss: 0.0020, trian_mae: 0.0432, trian_mse:0.0039, trian_r2: -0.3228, trian_cc: 0.7156
Epoch 85, val_loss: 0.0030, val_mae: 0.0504, val_mse: 0.0060, val_r2: -1.4242, val_cc: 0.6865
Epoch 86, trian_loss: 0.0020, trian_mae: 0.0434, trian_mse:0.0040, trian_r2: -0.3611, trian_cc: 0.7161
Epoch 86, val_loss: 0.0030, val_mae: 0.0500, val_mse: 0.0060, val_r2: -1.6586, val_cc: 0.6877
Epoch 87, trian_loss: 0.0019, trian_mae: 0.0429, trian_mse:0.0039, trian_r2: -0.2843, trian_cc: 0.7183
Epoch 87, val_loss: 0.0029, val_mae: 0.0497, val_mse: 0.0058, val_r2: -0.9665, val_cc: 0.6890
Epoch 88, trian_loss: 0.0019, trian_mae: 0.0428, trian_mse:0.0039, trian_r2: -0.2580, trian_cc: 0.7188
Epoch 88, val_loss: 0.0029, val_mae: 0.0497, val_mse: 0.0058, val_r2: -0.8497, val_cc: 0.6891
Epoch 89, trian_loss: 0.0019, trian_mae: 0.0427, trian_mse:0.0038, trian_r2: -0.2985, trian_cc: 0.7193
Epoch 89, val_loss: 0.0031, val_mae: 0.0505, val_mse: 0.0062, val_r2: -2.2814, val_cc: 0.6827
Epoch 90, trian_loss: 0.0019, trian_mae: 0.0427, trian_mse:0.0039, trian_r2: -0.2549, trian_cc: 0.7193
Epoch 90, val_loss: 0.0029, val_mae: 0.0499, val_mse: 0.0058, val_r2: -1.2006, val_cc: 0.6903
Epoch 91, trian_loss: 0.0019, trian_mae: 0.0425, trian_mse:0.0038, trian_r2: -0.2551, trian_cc: 0.7220
Epoch 91, val_loss: 0.0029, val_mae: 0.0500, val_mse: 0.0059, val_r2: -1.1373, val_cc: 0.6889
Epoch 92, trian_loss: 0.0019, trian_mae: 0.0426, trian_mse:0.0038, trian_r2: -0.2838, trian_cc: 0.7209
Epoch 92, val_loss: 0.0029, val_mae: 0.0503, val_mse: 0.0059, val_r2: -1.2668, val_cc: 0.6893
Epoch 93, trian_loss: 0.0019, trian_mae: 0.0422, trian_mse:0.0038, trian_r2: -0.2428, trian_cc: 0.7238
Epoch 93, val_loss: 0.0030, val_mae: 0.0502, val_mse: 0.0060, val_r2: -1.9676, val_cc: 0.6877
Epoch 94, trian_loss: 0.0019, trian_mae: 0.0422, trian_mse:0.0038, trian_r2: -0.2604, trian_cc: 0.7248
Epoch 94, val_loss: 0.0031, val_mae: 0.0507, val_mse: 0.0061, val_r2: -1.9692, val_cc: 0.6873
Epoch 95, trian_loss: 0.0019, trian_mae: 0.0424, trian_mse:0.0038, trian_r2: -0.2590, trian_cc: 0.7237
Epoch 95, val_loss: 0.0029, val_mae: 0.0505, val_mse: 0.0059, val_r2: -0.9352, val_cc: 0.6906
Epoch 96, trian_loss: 0.0019, trian_mae: 0.0422, trian_mse:0.0038, trian_r2: -0.2435, trian_cc: 0.7250
Epoch 96, val_loss: 0.0030, val_mae: 0.0504, val_mse: 0.0060, val_r2: -1.4982, val_cc: 0.6896
Epoch 97, trian_loss: 0.0019, trian_mae: 0.0420, trian_mse:0.0037, trian_r2: -0.2469, trian_cc: 0.7263
Epoch 97, val_loss: 0.0031, val_mae: 0.0505, val_mse: 0.0061, val_r2: -2.3889, val_cc: 0.6875
Epoch 98, trian_loss: 0.0019, trian_mae: 0.0421, trian_mse:0.0038, trian_r2: -0.2677, trian_cc: 0.7254
Epoch 98, val_loss: 0.0029, val_mae: 0.0501, val_mse: 0.0058, val_r2: -1.2090, val_cc: 0.6901
Epoch 99, trian_loss: 0.0019, trian_mae: 0.0422, trian_mse:0.0038, trian_r2: -0.2450, trian_cc: 0.7253
Epoch 99, val_loss: 0.0030, val_mae: 0.0504, val_mse: 0.0059, val_r2: -1.8733, val_cc: 0.6864
