Trian Data: 515   Validation Data: 172  Test Data: 172
model ResNet_2D(
  (conv1): Sequential(
    (0): Conv2d(40, 64, kernel_size=(3, 3), stride=(1, 1), padding=(1, 1), bias=False)
    (1): BatchNorm2d(64, eps=1e-05, momentum=0.1, affine=True, track_running_stats=True)
  )
  (layer1): Sequential(
    (0): BasicBlock(
      (conv1): Conv2d(64, 64, kernel_size=(3, 3), stride=(1, 1), padding=(1, 1), bias=False)
      (bn1): BatchNorm2d(64, eps=1e-05, momentum=0.1, affine=True, track_running_stats=True)
      (conv2): Conv2d(64, 64, kernel_size=(3, 3), stride=(1, 1), padding=(1, 1), bias=False)
      (bn2): BatchNorm2d(64, eps=1e-05, momentum=0.1, affine=True, track_running_stats=True)
      (shortcut): Sequential()
    )
    (1): BasicBlock(
      (conv1): Conv2d(64, 64, kernel_size=(3, 3), stride=(1, 1), padding=(1, 1), bias=False)
      (bn1): BatchNorm2d(64, eps=1e-05, momentum=0.1, affine=True, track_running_stats=True)
      (conv2): Conv2d(64, 64, kernel_size=(3, 3), stride=(1, 1), padding=(1, 1), bias=False)
      (bn2): BatchNorm2d(64, eps=1e-05, momentum=0.1, affine=True, track_running_stats=True)
      (shortcut): Sequential()
    )
  )
  (layer2): Sequential(
    (0): BasicBlock(
      (conv1): Conv2d(64, 64, kernel_size=(3, 3), stride=(1, 1), padding=(1, 1), bias=False)
      (bn1): BatchNorm2d(64, eps=1e-05, momentum=0.1, affine=True, track_running_stats=True)
      (conv2): Conv2d(64, 64, kernel_size=(3, 3), stride=(1, 1), padding=(1, 1), bias=False)
      (bn2): BatchNorm2d(64, eps=1e-05, momentum=0.1, affine=True, track_running_stats=True)
      (shortcut): Sequential()
    )
    (1): BasicBlock(
      (conv1): Conv2d(64, 64, kernel_size=(3, 3), stride=(1, 1), padding=(1, 1), bias=False)
      (bn1): BatchNorm2d(64, eps=1e-05, momentum=0.1, affine=True, track_running_stats=True)
      (conv2): Conv2d(64, 64, kernel_size=(3, 3), stride=(1, 1), padding=(1, 1), bias=False)
      (bn2): BatchNorm2d(64, eps=1e-05, momentum=0.1, affine=True, track_running_stats=True)
      (shortcut): Sequential()
    )
  )
  (layer3): Sequential(
    (0): BasicBlock(
      (conv1): Conv2d(64, 64, kernel_size=(3, 3), stride=(1, 1), padding=(1, 1), bias=False)
      (bn1): BatchNorm2d(64, eps=1e-05, momentum=0.1, affine=True, track_running_stats=True)
      (conv2): Conv2d(64, 64, kernel_size=(3, 3), stride=(1, 1), padding=(1, 1), bias=False)
      (bn2): BatchNorm2d(64, eps=1e-05, momentum=0.1, affine=True, track_running_stats=True)
      (shortcut): Sequential()
    )
    (1): BasicBlock(
      (conv1): Conv2d(64, 64, kernel_size=(3, 3), stride=(1, 1), padding=(1, 1), bias=False)
      (bn1): BatchNorm2d(64, eps=1e-05, momentum=0.1, affine=True, track_running_stats=True)
      (conv2): Conv2d(64, 64, kernel_size=(3, 3), stride=(1, 1), padding=(1, 1), bias=False)
      (bn2): BatchNorm2d(64, eps=1e-05, momentum=0.1, affine=True, track_running_stats=True)
      (shortcut): Sequential()
    )
  )
  (layer4): Sequential(
    (0): BasicBlock(
      (conv1): Conv2d(64, 64, kernel_size=(3, 3), stride=(1, 1), padding=(1, 1), bias=False)
      (bn1): BatchNorm2d(64, eps=1e-05, momentum=0.1, affine=True, track_running_stats=True)
      (conv2): Conv2d(64, 64, kernel_size=(3, 3), stride=(1, 1), padding=(1, 1), bias=False)
      (bn2): BatchNorm2d(64, eps=1e-05, momentum=0.1, affine=True, track_running_stats=True)
      (shortcut): Sequential()
    )
    (1): BasicBlock(
      (conv1): Conv2d(64, 64, kernel_size=(3, 3), stride=(1, 1), padding=(1, 1), bias=False)
      (bn1): BatchNorm2d(64, eps=1e-05, momentum=0.1, affine=True, track_running_stats=True)
      (conv2): Conv2d(64, 64, kernel_size=(3, 3), stride=(1, 1), padding=(1, 1), bias=False)
      (bn2): BatchNorm2d(64, eps=1e-05, momentum=0.1, affine=True, track_running_stats=True)
      (shortcut): Sequential()
    )
    (2): BasicBlock(
      (conv1): Conv2d(64, 64, kernel_size=(3, 3), stride=(1, 1), padding=(1, 1), bias=False)
      (bn1): BatchNorm2d(64, eps=1e-05, momentum=0.1, affine=True, track_running_stats=True)
      (conv2): Conv2d(64, 64, kernel_size=(3, 3), stride=(1, 1), padding=(1, 1), bias=False)
      (bn2): BatchNorm2d(64, eps=1e-05, momentum=0.1, affine=True, track_running_stats=True)
      (shortcut): Sequential()
    )
  )
  (conv2): Sequential(
    (0): Conv2d(64, 32, kernel_size=(3, 3), stride=(1, 1), padding=(1, 1))
    (1): BatchNorm2d(32, eps=1e-05, momentum=0.1, affine=True, track_running_stats=True)
  )
  (conv3): Sequential(
    (0): Conv2d(32, 16, kernel_size=(3, 3), stride=(1, 1), padding=(1, 1))
    (1): BatchNorm2d(16, eps=1e-05, momentum=0.1, affine=True, track_running_stats=True)
  )
  (conv4): Sequential(
    (0): Conv2d(16, 1, kernel_size=(3, 3), stride=(1, 1), padding=(1, 1))
    (1): BatchNorm2d(1, eps=1e-05, momentum=0.1, affine=True, track_running_stats=True)
  )
)
Epoch  0, trian_loss: 0.0414, trian_mae: 0.1845, trian_mse:0.0847, trian_r2: -5.1892, trian_cc: 0.0029
Epoch  0, val_loss: 0.0583, val_mae: 0.1996, val_mse: 0.1212, val_r2: -38.7731, val_cc: 0.0008
Epoch  1, trian_loss: 0.0183, trian_mae: 0.1366, trian_mse:0.0367, trian_r2: -837.8919, trian_cc: -0.0266
Epoch  1, val_loss: 0.0193, val_mae: 0.1438, val_mse: 0.0386, val_r2: -1433.5020, val_cc: -0.0328
Epoch  2, trian_loss: 0.0174, trian_mae: 0.1338, trian_mse:0.0348, trian_r2: -1085.2105, trian_cc: -0.0177
Epoch  2, val_loss: 0.0194, val_mae: 0.1421, val_mse: 0.0390, val_r2: -1753.5681, val_cc: -0.0165
Epoch  3, trian_loss: 0.0173, trian_mae: 0.1330, trian_mse:0.0346, trian_r2: -1010.9500, trian_cc: -0.0098
Epoch  3, val_loss: 0.0193, val_mae: 0.1430, val_mse: 0.0387, val_r2: -1432.7157, val_cc: -0.0160
Epoch  4, trian_loss: 0.0172, trian_mae: 0.1332, trian_mse:0.0344, trian_r2: -1494.1594, trian_cc: 0.0015
Epoch  4, val_loss: 0.0193, val_mae: 0.1427, val_mse: 0.0386, val_r2: -1935.2956, val_cc: -0.0193
Epoch  5, trian_loss: 0.0171, trian_mae: 0.1329, trian_mse:0.0343, trian_r2: -1873.7037, trian_cc: -0.0041
Epoch  5, val_loss: 0.0192, val_mae: 0.1414, val_mse: 0.0385, val_r2: -1286.5349, val_cc: 0.0092
Epoch  6, trian_loss: 0.0172, trian_mae: 0.1328, trian_mse:0.0344, trian_r2: -1680.1253, trian_cc: 0.0086
Epoch  6, val_loss: 0.0192, val_mae: 0.1413, val_mse: 0.0385, val_r2: -2510.3877, val_cc: 0.0072
Epoch  7, trian_loss: 0.0171, trian_mae: 0.1327, trian_mse:0.0342, trian_r2: -2311.4878, trian_cc: 0.0103
Epoch  7, val_loss: 0.0192, val_mae: 0.1420, val_mse: 0.0384, val_r2: -3788.5384, val_cc: 0.0036
Epoch  8, trian_loss: 0.0170, trian_mae: 0.1325, trian_mse:0.0341, trian_r2: -3373.1639, trian_cc: 0.0087
Epoch  8, val_loss: 0.0193, val_mae: 0.1441, val_mse: 0.0387, val_r2: -5743.5294, val_cc: -0.0145
Epoch  9, trian_loss: 0.0170, trian_mae: 0.1327, trian_mse:0.0341, trian_r2: -6169.7306, trian_cc: 0.0214
Epoch  9, val_loss: 0.0192, val_mae: 0.1411, val_mse: 0.0385, val_r2: -4678.4043, val_cc: 0.0128
Epoch 10, trian_loss: 0.0171, trian_mae: 0.1325, trian_mse:0.0342, trian_r2: -5110.5260, trian_cc: 0.0241
Epoch 10, val_loss: 0.0193, val_mae: 0.1413, val_mse: 0.0387, val_r2: -6514.6167, val_cc: 0.0221
Epoch 11, trian_loss: 0.0171, trian_mae: 0.1327, trian_mse:0.0342, trian_r2: -3919.3474, trian_cc: 0.0292
Epoch 11, val_loss: 0.0193, val_mae: 0.1413, val_mse: 0.0387, val_r2: -2945.5954, val_cc: 0.0293
Epoch 12, trian_loss: 0.0170, trian_mae: 0.1324, trian_mse:0.0341, trian_r2: -3646.6556, trian_cc: 0.0346
Epoch 12, val_loss: 0.0193, val_mae: 0.1407, val_mse: 0.0387, val_r2: -5593.3643, val_cc: 0.0412
Epoch 13, trian_loss: 0.0170, trian_mae: 0.1325, trian_mse:0.0341, trian_r2: -3612.9699, trian_cc: 0.0381
Epoch 13, val_loss: 0.0193, val_mae: 0.1402, val_mse: 0.0387, val_r2: -3644.7360, val_cc: 0.0341
Epoch 14, trian_loss: 0.0170, trian_mae: 0.1324, trian_mse:0.0341, trian_r2: -2939.5828, trian_cc: 0.0410
Epoch 14, val_loss: 0.0192, val_mae: 0.1405, val_mse: 0.0385, val_r2: -3930.7067, val_cc: 0.0318
Epoch 15, trian_loss: 0.0169, trian_mae: 0.1324, trian_mse:0.0339, trian_r2: -3684.6864, trian_cc: 0.0378
Epoch 15, val_loss: 0.0193, val_mae: 0.1398, val_mse: 0.0388, val_r2: -4975.6628, val_cc: 0.0384
Epoch 16, trian_loss: 0.0169, trian_mae: 0.1323, trian_mse:0.0339, trian_r2: -3518.8427, trian_cc: 0.0423
Epoch 16, val_loss: 0.0194, val_mae: 0.1398, val_mse: 0.0388, val_r2: -3680.2740, val_cc: 0.0397
Epoch 17, trian_loss: 0.0170, trian_mae: 0.1321, trian_mse:0.0340, trian_r2: -3615.9998, trian_cc: 0.0393
Epoch 17, val_loss: 0.0193, val_mae: 0.1398, val_mse: 0.0387, val_r2: -4509.8775, val_cc: 0.0409
Epoch 18, trian_loss: 0.0170, trian_mae: 0.1322, trian_mse:0.0340, trian_r2: -3527.4420, trian_cc: 0.0496
Epoch 18, val_loss: 0.0194, val_mae: 0.1397, val_mse: 0.0388, val_r2: -4416.9852, val_cc: 0.0535
Epoch 19, trian_loss: 0.0169, trian_mae: 0.1320, trian_mse:0.0339, trian_r2: -3301.7380, trian_cc: 0.0545
Epoch 19, val_loss: 0.0193, val_mae: 0.1396, val_mse: 0.0387, val_r2: -3728.5462, val_cc: 0.0600
Epoch 20, trian_loss: 0.0170, trian_mae: 0.1323, trian_mse:0.0340, trian_r2: -2622.7891, trian_cc: 0.0560
Epoch 20, val_loss: 0.0193, val_mae: 0.1399, val_mse: 0.0387, val_r2: -3335.5583, val_cc: 0.0589
Epoch 21, trian_loss: 0.0170, trian_mae: 0.1319, trian_mse:0.0340, trian_r2: -2345.9319, trian_cc: 0.0631
Epoch 21, val_loss: 0.0193, val_mae: 0.1401, val_mse: 0.0387, val_r2: -2573.2772, val_cc: 0.0609
Epoch 22, trian_loss: 0.0169, trian_mae: 0.1322, trian_mse:0.0339, trian_r2: -1961.7942, trian_cc: 0.0616
Epoch 22, val_loss: 0.0193, val_mae: 0.1396, val_mse: 0.0387, val_r2: -1749.9807, val_cc: 0.0573
Epoch 23, trian_loss: 0.0169, trian_mae: 0.1320, trian_mse:0.0339, trian_r2: -1504.2018, trian_cc: 0.0650
Epoch 23, val_loss: 0.0193, val_mae: 0.1401, val_mse: 0.0386, val_r2: -1520.5724, val_cc: 0.0571
Epoch 24, trian_loss: 0.0169, trian_mae: 0.1320, trian_mse:0.0339, trian_r2: -968.7198, trian_cc: 0.0616
Epoch 24, val_loss: 0.0193, val_mae: 0.1397, val_mse: 0.0387, val_r2: -1361.2143, val_cc: 0.0586
Epoch 25, trian_loss: 0.0169, trian_mae: 0.1317, trian_mse:0.0338, trian_r2: -632.8076, trian_cc: 0.0675
Epoch 25, val_loss: 0.0192, val_mae: 0.1397, val_mse: 0.0385, val_r2: -787.6432, val_cc: 0.0641
Epoch 26, trian_loss: 0.0169, trian_mae: 0.1319, trian_mse:0.0337, trian_r2: -509.2297, trian_cc: 0.0698
Epoch 26, val_loss: 0.0191, val_mae: 0.1396, val_mse: 0.0383, val_r2: -807.9830, val_cc: 0.0623
Epoch 27, trian_loss: 0.0167, trian_mae: 0.1314, trian_mse:0.0335, trian_r2: -359.9784, trian_cc: 0.0701
Epoch 27, val_loss: 0.0191, val_mae: 0.1394, val_mse: 0.0382, val_r2: -471.5048, val_cc: 0.0663
Epoch 28, trian_loss: 0.0166, trian_mae: 0.1314, trian_mse:0.0333, trian_r2: -268.4606, trian_cc: 0.0690
Epoch 28, val_loss: 0.0192, val_mae: 0.1401, val_mse: 0.0385, val_r2: -422.0117, val_cc: 0.0640
Epoch 29, trian_loss: 0.0165, trian_mae: 0.1308, trian_mse:0.0331, trian_r2: -187.3493, trian_cc: 0.0730
Epoch 29, val_loss: 0.0191, val_mae: 0.1421, val_mse: 0.0382, val_r2: -261.1610, val_cc: 0.0555
Epoch 30, trian_loss: 0.0162, trian_mae: 0.1298, trian_mse:0.0323, trian_r2: -116.6361, trian_cc: 0.0784
Epoch 30, val_loss: 0.0192, val_mae: 0.1421, val_mse: 0.0384, val_r2: -89.0223, val_cc: 0.0531
Epoch 31, trian_loss: 0.0156, trian_mae: 0.1284, trian_mse:0.0313, trian_r2: -72.1295, trian_cc: 0.0851
Epoch 31, val_loss: 0.0200, val_mae: 0.1526, val_mse: 0.0401, val_r2: -39.0679, val_cc: 0.0367
Epoch 32, trian_loss: 0.0152, trian_mae: 0.1277, trian_mse:0.0304, trian_r2: -67.9428, trian_cc: 0.0963
Epoch 32, val_loss: 0.0205, val_mae: 0.1512, val_mse: 0.0411, val_r2: -34.6801, val_cc: 0.0465
Epoch 33, trian_loss: 0.0143, trian_mae: 0.1244, trian_mse:0.0287, trian_r2: -48.2387, trian_cc: 0.1063
Epoch 33, val_loss: 0.0224, val_mae: 0.1584, val_mse: 0.0449, val_r2: -15.8927, val_cc: 0.0404
Epoch 34, trian_loss: 0.0144, trian_mae: 0.1247, trian_mse:0.0287, trian_r2: -74.3059, trian_cc: 0.1111
Epoch 34, val_loss: 0.0210, val_mae: 0.1467, val_mse: 0.0421, val_r2: -39.0662, val_cc: 0.0440
Epoch 35, trian_loss: 0.0137, trian_mae: 0.1221, trian_mse:0.0274, trian_r2: -53.8330, trian_cc: 0.1198
Epoch 35, val_loss: 0.0205, val_mae: 0.1489, val_mse: 0.0410, val_r2: -21.9034, val_cc: 0.0504
Epoch 36, trian_loss: 0.0132, trian_mae: 0.1208, trian_mse:0.0264, trian_r2: -39.7304, trian_cc: 0.1224
Epoch 36, val_loss: 0.0200, val_mae: 0.1391, val_mse: 0.0401, val_r2: -77.6880, val_cc: 0.0751
Epoch 37, trian_loss: 0.0134, trian_mae: 0.1208, trian_mse:0.0269, trian_r2: -49.8518, trian_cc: 0.1366
Epoch 37, val_loss: 0.0204, val_mae: 0.1416, val_mse: 0.0408, val_r2: -53.1815, val_cc: 0.0655
Epoch 38, trian_loss: 0.0133, trian_mae: 0.1208, trian_mse:0.0267, trian_r2: -45.6876, trian_cc: 0.1410
Epoch 38, val_loss: 0.0201, val_mae: 0.1434, val_mse: 0.0402, val_r2: -43.8755, val_cc: 0.0631
Epoch 39, trian_loss: 0.0130, trian_mae: 0.1192, trian_mse:0.0261, trian_r2: -58.1172, trian_cc: 0.1482
Epoch 39, val_loss: 0.0192, val_mae: 0.1420, val_mse: 0.0385, val_r2: -30.6341, val_cc: 0.0695
Epoch 40, trian_loss: 0.0128, trian_mae: 0.1186, trian_mse:0.0256, trian_r2: -29.3468, trian_cc: 0.1460
Epoch 40, val_loss: 0.0198, val_mae: 0.1409, val_mse: 0.0397, val_r2: -62.3213, val_cc: 0.0691
Epoch 41, trian_loss: 0.0125, trian_mae: 0.1173, trian_mse:0.0249, trian_r2: -28.1784, trian_cc: 0.1627
Epoch 41, val_loss: 0.0202, val_mae: 0.1456, val_mse: 0.0404, val_r2: -32.1240, val_cc: 0.0592
Epoch 42, trian_loss: 0.0124, trian_mae: 0.1171, trian_mse:0.0247, trian_r2: -29.7202, trian_cc: 0.1645
Epoch 42, val_loss: 0.0192, val_mae: 0.1408, val_mse: 0.0384, val_r2: -44.0436, val_cc: 0.0674
Epoch 43, trian_loss: 0.0125, trian_mae: 0.1179, trian_mse:0.0251, trian_r2: -32.0148, trian_cc: 0.1615
Epoch 43, val_loss: 0.0201, val_mae: 0.1423, val_mse: 0.0402, val_r2: -35.6785, val_cc: 0.0710
Epoch 44, trian_loss: 0.0123, trian_mae: 0.1165, trian_mse:0.0246, trian_r2: -31.5671, trian_cc: 0.1740
Epoch 44, val_loss: 0.0200, val_mae: 0.1397, val_mse: 0.0402, val_r2: -58.2288, val_cc: 0.0755
Epoch 45, trian_loss: 0.0124, trian_mae: 0.1169, trian_mse:0.0247, trian_r2: -35.0172, trian_cc: 0.1771
Epoch 45, val_loss: 0.0195, val_mae: 0.1443, val_mse: 0.0391, val_r2: -28.6694, val_cc: 0.0570
Epoch 46, trian_loss: 0.0116, trian_mae: 0.1141, trian_mse:0.0232, trian_r2: -20.9254, trian_cc: 0.1848
Epoch 46, val_loss: 0.0199, val_mae: 0.1389, val_mse: 0.0398, val_r2: -55.3063, val_cc: 0.0752
Epoch 47, trian_loss: 0.0118, trian_mae: 0.1144, trian_mse:0.0235, trian_r2: -31.0931, trian_cc: 0.1906
Epoch 47, val_loss: 0.0192, val_mae: 0.1383, val_mse: 0.0384, val_r2: -204.6953, val_cc: 0.0802
Epoch 48, trian_loss: 0.0116, trian_mae: 0.1143, trian_mse:0.0233, trian_r2: -21.8252, trian_cc: 0.1972
Epoch 48, val_loss: 0.0211, val_mae: 0.1392, val_mse: 0.0423, val_r2: -222.8621, val_cc: 0.0984
Epoch 49, trian_loss: 0.0114, trian_mae: 0.1131, trian_mse:0.0229, trian_r2: -25.7108, trian_cc: 0.2059
Epoch 49, val_loss: 0.0203, val_mae: 0.1384, val_mse: 0.0407, val_r2: -87.2873, val_cc: 0.0869
Epoch 50, trian_loss: 0.0115, trian_mae: 0.1136, trian_mse:0.0230, trian_r2: -26.1837, trian_cc: 0.2070
Epoch 50, val_loss: 0.0202, val_mae: 0.1399, val_mse: 0.0404, val_r2: -49.9647, val_cc: 0.0758
Epoch 51, trian_loss: 0.0112, trian_mae: 0.1128, trian_mse:0.0223, trian_r2: -25.1663, trian_cc: 0.2142
Epoch 51, val_loss: 0.0205, val_mae: 0.1394, val_mse: 0.0410, val_r2: -84.1765, val_cc: 0.0785
Epoch 52, trian_loss: 0.0114, trian_mae: 0.1123, trian_mse:0.0227, trian_r2: -21.8937, trian_cc: 0.2213
Epoch 52, val_loss: 0.0201, val_mae: 0.1472, val_mse: 0.0403, val_r2: -23.8804, val_cc: 0.0524
Epoch 53, trian_loss: 0.0113, trian_mae: 0.1122, trian_mse:0.0226, trian_r2: -23.2277, trian_cc: 0.2290
Epoch 53, val_loss: 0.0200, val_mae: 0.1410, val_mse: 0.0400, val_r2: -33.3757, val_cc: 0.0674
Epoch 54, trian_loss: 0.0106, trian_mae: 0.1094, trian_mse:0.0213, trian_r2: -17.8692, trian_cc: 0.2372
Epoch 54, val_loss: 0.0203, val_mae: 0.1399, val_mse: 0.0407, val_r2: -46.7873, val_cc: 0.0705
Epoch 55, trian_loss: 0.0110, trian_mae: 0.1109, trian_mse:0.0219, trian_r2: -20.5305, trian_cc: 0.2376
Epoch 55, val_loss: 0.0200, val_mae: 0.1449, val_mse: 0.0400, val_r2: -24.0421, val_cc: 0.0602
Epoch 56, trian_loss: 0.0109, trian_mae: 0.1107, trian_mse:0.0218, trian_r2: -19.1699, trian_cc: 0.2425
Epoch 56, val_loss: 0.0196, val_mae: 0.1424, val_mse: 0.0392, val_r2: -26.8562, val_cc: 0.0657
Epoch 57, trian_loss: 0.0102, trian_mae: 0.1073, trian_mse:0.0204, trian_r2: -15.8769, trian_cc: 0.2607
Epoch 57, val_loss: 0.0209, val_mae: 0.1557, val_mse: 0.0417, val_r2: -18.6346, val_cc: 0.0493
Epoch 58, trian_loss: 0.0103, trian_mae: 0.1080, trian_mse:0.0206, trian_r2: -22.6953, trian_cc: 0.2603
Epoch 58, val_loss: 0.0204, val_mae: 0.1400, val_mse: 0.0409, val_r2: -46.7866, val_cc: 0.0809
Epoch 59, trian_loss: 0.0107, trian_mae: 0.1092, trian_mse:0.0214, trian_r2: -25.5601, trian_cc: 0.2614
Epoch 59, val_loss: 0.0197, val_mae: 0.1393, val_mse: 0.0394, val_r2: -43.9402, val_cc: 0.0770
Epoch 60, trian_loss: 0.0107, trian_mae: 0.1093, trian_mse:0.0213, trian_r2: -22.6253, trian_cc: 0.2658
Epoch 60, val_loss: 0.0209, val_mae: 0.1394, val_mse: 0.0420, val_r2: -117.0321, val_cc: 0.0821
Epoch 61, trian_loss: 0.0108, trian_mae: 0.1098, trian_mse:0.0217, trian_r2: -26.5259, trian_cc: 0.2653
Epoch 61, val_loss: 0.0197, val_mae: 0.1502, val_mse: 0.0394, val_r2: -32.4625, val_cc: 0.0522
Epoch 62, trian_loss: 0.0104, trian_mae: 0.1083, trian_mse:0.0207, trian_r2: -17.6680, trian_cc: 0.2772
Epoch 62, val_loss: 0.0208, val_mae: 0.1406, val_mse: 0.0416, val_r2: -50.4225, val_cc: 0.0740
Epoch 63, trian_loss: 0.0104, trian_mae: 0.1080, trian_mse:0.0208, trian_r2: -23.2893, trian_cc: 0.2815
Epoch 63, val_loss: 0.0197, val_mae: 0.1431, val_mse: 0.0395, val_r2: -20.4236, val_cc: 0.0628
Epoch 64, trian_loss: 0.0101, trian_mae: 0.1070, trian_mse:0.0203, trian_r2: -15.7170, trian_cc: 0.2901
Epoch 64, val_loss: 0.0202, val_mae: 0.1432, val_mse: 0.0404, val_r2: -24.8344, val_cc: 0.0567
Epoch 65, trian_loss: 0.0100, trian_mae: 0.1058, trian_mse:0.0199, trian_r2: -17.8932, trian_cc: 0.2996
Epoch 65, val_loss: 0.0196, val_mae: 0.1385, val_mse: 0.0393, val_r2: -61.4339, val_cc: 0.0780
Epoch 66, trian_loss: 0.0099, trian_mae: 0.1062, trian_mse:0.0199, trian_r2: -16.4958, trian_cc: 0.3022
Epoch 66, val_loss: 0.0204, val_mae: 0.1484, val_mse: 0.0408, val_r2: -16.6987, val_cc: 0.0508
Epoch 67, trian_loss: 0.0101, trian_mae: 0.1067, trian_mse:0.0202, trian_r2: -24.3446, trian_cc: 0.3036
Epoch 67, val_loss: 0.0199, val_mae: 0.1392, val_mse: 0.0398, val_r2: -38.7138, val_cc: 0.0715
Epoch 68, trian_loss: 0.0102, trian_mae: 0.1065, trian_mse:0.0204, trian_r2: -15.0734, trian_cc: 0.3082
Epoch 68, val_loss: 0.0196, val_mae: 0.1453, val_mse: 0.0392, val_r2: -18.2550, val_cc: 0.0556
Epoch 69, trian_loss: 0.0096, trian_mae: 0.1040, trian_mse:0.0191, trian_r2: -14.2123, trian_cc: 0.3270
Epoch 69, val_loss: 0.0198, val_mae: 0.1510, val_mse: 0.0396, val_r2: -20.7951, val_cc: 0.0494
Epoch 70, trian_loss: 0.0094, trian_mae: 0.1034, trian_mse:0.0188, trian_r2: -11.9232, trian_cc: 0.3307
Epoch 70, val_loss: 0.0230, val_mae: 0.1455, val_mse: 0.0461, val_r2: -57.5864, val_cc: 0.0721
Epoch 71, trian_loss: 0.0095, trian_mae: 0.1036, trian_mse:0.0190, trian_r2: -14.8466, trian_cc: 0.3288
Epoch 71, val_loss: 0.0200, val_mae: 0.1393, val_mse: 0.0400, val_r2: -37.1770, val_cc: 0.0745
Epoch 72, trian_loss: 0.0096, trian_mae: 0.1043, trian_mse:0.0193, trian_r2: -13.1357, trian_cc: 0.3338
Epoch 72, val_loss: 0.0218, val_mae: 0.1421, val_mse: 0.0437, val_r2: -57.7926, val_cc: 0.0684
Epoch 73, trian_loss: 0.0092, trian_mae: 0.1024, trian_mse:0.0184, trian_r2: -14.0328, trian_cc: 0.3450
Epoch 73, val_loss: 0.0219, val_mae: 0.1653, val_mse: 0.0438, val_r2: -11.2851, val_cc: 0.0506
Epoch 74, trian_loss: 0.0094, trian_mae: 0.1032, trian_mse:0.0188, trian_r2: -12.3879, trian_cc: 0.3451
Epoch 74, val_loss: 0.0209, val_mae: 0.1399, val_mse: 0.0419, val_r2: -62.4115, val_cc: 0.0800
Epoch 75, trian_loss: 0.0098, trian_mae: 0.1048, trian_mse:0.0196, trian_r2: -18.0423, trian_cc: 0.3470
Epoch 75, val_loss: 0.0202, val_mae: 0.1536, val_mse: 0.0405, val_r2: -18.6774, val_cc: 0.0487
Epoch 76, trian_loss: 0.0095, trian_mae: 0.1039, trian_mse:0.0189, trian_r2: -15.5873, trian_cc: 0.3523
Epoch 76, val_loss: 0.0228, val_mae: 0.1440, val_mse: 0.0457, val_r2: -145.6153, val_cc: 0.0902
Epoch 77, trian_loss: 0.0093, trian_mae: 0.1025, trian_mse:0.0185, trian_r2: -12.3155, trian_cc: 0.3605
Epoch 77, val_loss: 0.0203, val_mae: 0.1465, val_mse: 0.0406, val_r2: -11.7481, val_cc: 0.0516
Epoch 78, trian_loss: 0.0091, trian_mae: 0.1014, trian_mse:0.0181, trian_r2: -12.0260, trian_cc: 0.3696
Epoch 78, val_loss: 0.0198, val_mae: 0.1426, val_mse: 0.0397, val_r2: -21.1067, val_cc: 0.0569
Epoch 79, trian_loss: 0.0088, trian_mae: 0.1000, trian_mse:0.0176, trian_r2: -9.3516, trian_cc: 0.3828
Epoch 79, val_loss: 0.0207, val_mae: 0.1436, val_mse: 0.0414, val_r2: -19.7636, val_cc: 0.0551
Epoch 80, trian_loss: 0.0085, trian_mae: 0.0987, trian_mse:0.0170, trian_r2: -10.8705, trian_cc: 0.3873
Epoch 80, val_loss: 0.0205, val_mae: 0.1415, val_mse: 0.0410, val_r2: -21.1987, val_cc: 0.0764
Epoch 81, trian_loss: 0.0087, trian_mae: 0.0997, trian_mse:0.0174, trian_r2: -10.7385, trian_cc: 0.3868
Epoch 81, val_loss: 0.0211, val_mae: 0.1457, val_mse: 0.0423, val_r2: -14.3649, val_cc: 0.0525
Epoch 82, trian_loss: 0.0093, trian_mae: 0.1021, trian_mse:0.0187, trian_r2: -11.8180, trian_cc: 0.3874
Epoch 82, val_loss: 0.0193, val_mae: 0.1445, val_mse: 0.0387, val_r2: -23.5608, val_cc: 0.0565
Epoch 83, trian_loss: 0.0091, trian_mae: 0.1011, trian_mse:0.0181, trian_r2: -9.9028, trian_cc: 0.3917
Epoch 83, val_loss: 0.0211, val_mae: 0.1431, val_mse: 0.0424, val_r2: -21.3642, val_cc: 0.0507
Epoch 84, trian_loss: 0.0085, trian_mae: 0.0981, trian_mse:0.0169, trian_r2: -9.7773, trian_cc: 0.4082
Epoch 84, val_loss: 0.0204, val_mae: 0.1477, val_mse: 0.0408, val_r2: -12.7305, val_cc: 0.0476
Epoch 85, trian_loss: 0.0087, trian_mae: 0.0999, trian_mse:0.0173, trian_r2: -15.8957, trian_cc: 0.4007
Epoch 85, val_loss: 0.0217, val_mae: 0.1423, val_mse: 0.0434, val_r2: -36.0042, val_cc: 0.0799
Epoch 86, trian_loss: 0.0086, trian_mae: 0.0988, trian_mse:0.0172, trian_r2: -9.4635, trian_cc: 0.4127
Epoch 86, val_loss: 0.0201, val_mae: 0.1495, val_mse: 0.0403, val_r2: -11.4598, val_cc: 0.0464
Epoch 87, trian_loss: 0.0083, trian_mae: 0.0973, trian_mse:0.0167, trian_r2: -8.0872, trian_cc: 0.4213
Epoch 87, val_loss: 0.0197, val_mae: 0.1448, val_mse: 0.0395, val_r2: -16.3529, val_cc: 0.0502
Epoch 88, trian_loss: 0.0079, trian_mae: 0.0960, trian_mse:0.0158, trian_r2: -9.1921, trian_cc: 0.4302
Epoch 88, val_loss: 0.0211, val_mae: 0.1421, val_mse: 0.0422, val_r2: -27.0342, val_cc: 0.0661
Epoch 89, trian_loss: 0.0081, trian_mae: 0.0964, trian_mse:0.0162, trian_r2: -8.4751, trian_cc: 0.4275
Epoch 89, val_loss: 0.0205, val_mae: 0.1434, val_mse: 0.0411, val_r2: -18.7784, val_cc: 0.0584
Epoch 90, trian_loss: 0.0087, trian_mae: 0.0998, trian_mse:0.0175, trian_r2: -12.5850, trian_cc: 0.4156
Epoch 90, val_loss: 0.0196, val_mae: 0.1478, val_mse: 0.0393, val_r2: -18.5084, val_cc: 0.0473
Epoch 91, trian_loss: 0.0079, trian_mae: 0.0953, trian_mse:0.0158, trian_r2: -7.3424, trian_cc: 0.4401
Epoch 91, val_loss: 0.0219, val_mae: 0.1423, val_mse: 0.0439, val_r2: -58.5514, val_cc: 0.0659
Epoch 92, trian_loss: 0.0082, trian_mae: 0.0966, trian_mse:0.0164, trian_r2: -7.9453, trian_cc: 0.4424
Epoch 92, val_loss: 0.0247, val_mae: 0.1762, val_mse: 0.0494, val_r2: -6.8758, val_cc: 0.0317
Epoch 93, trian_loss: 0.0077, trian_mae: 0.0944, trian_mse:0.0153, trian_r2: -7.3999, trian_cc: 0.4481
Epoch 93, val_loss: 0.0225, val_mae: 0.1451, val_mse: 0.0450, val_r2: -35.2077, val_cc: 0.0612
Epoch 94, trian_loss: 0.0085, trian_mae: 0.0983, trian_mse:0.0169, trian_r2: -11.1519, trian_cc: 0.4374
Epoch 94, val_loss: 0.0200, val_mae: 0.1415, val_mse: 0.0400, val_r2: -18.8720, val_cc: 0.0590
Epoch 95, trian_loss: 0.0081, trian_mae: 0.0961, trian_mse:0.0162, trian_r2: -8.1952, trian_cc: 0.4537
Epoch 95, val_loss: 0.0204, val_mae: 0.1499, val_mse: 0.0408, val_r2: -9.7847, val_cc: 0.0407
Epoch 96, trian_loss: 0.0078, trian_mae: 0.0947, trian_mse:0.0155, trian_r2: -9.4752, trian_cc: 0.4613
Epoch 96, val_loss: 0.0200, val_mae: 0.1404, val_mse: 0.0401, val_r2: -34.8396, val_cc: 0.0665
Epoch 97, trian_loss: 0.0078, trian_mae: 0.0950, trian_mse:0.0157, trian_r2: -6.4486, trian_cc: 0.4653
Epoch 97, val_loss: 0.0205, val_mae: 0.1416, val_mse: 0.0411, val_r2: -21.0701, val_cc: 0.0510
Epoch 98, trian_loss: 0.0075, trian_mae: 0.0930, trian_mse:0.0150, trian_r2: -6.2414, trian_cc: 0.4786
Epoch 98, val_loss: 0.0254, val_mae: 0.1785, val_mse: 0.0508, val_r2: -5.9643, val_cc: 0.0306
Epoch 99, trian_loss: 0.0073, trian_mae: 0.0920, trian_mse:0.0145, trian_r2: -6.6290, trian_cc: 0.4815
Epoch 99, val_loss: 0.0228, val_mae: 0.1619, val_mse: 0.0457, val_r2: -6.4738, val_cc: 0.0358
