Trian Data: 515   Validation Data: 172  Test Data: 172
model ResNet_2D(
  (conv1): Sequential(
    (0): Conv2d(38, 64, kernel_size=(3, 3), stride=(1, 1), padding=(1, 1), bias=False)
    (1): BatchNorm2d(64, eps=1e-05, momentum=0.1, affine=True, track_running_stats=True)
  )
  (layer1): Sequential(
    (0): BasicBlock(
      (conv1): Conv2d(64, 64, kernel_size=(3, 3), stride=(1, 1), padding=(1, 1), bias=False)
      (bn1): BatchNorm2d(64, eps=1e-05, momentum=0.1, affine=True, track_running_stats=True)
      (conv2): Conv2d(64, 64, kernel_size=(3, 3), stride=(1, 1), padding=(1, 1), bias=False)
      (bn2): BatchNorm2d(64, eps=1e-05, momentum=0.1, affine=True, track_running_stats=True)
      (shortcut): Sequential()
    )
    (1): BasicBlock(
      (conv1): Conv2d(64, 64, kernel_size=(3, 3), stride=(1, 1), padding=(1, 1), bias=False)
      (bn1): BatchNorm2d(64, eps=1e-05, momentum=0.1, affine=True, track_running_stats=True)
      (conv2): Conv2d(64, 64, kernel_size=(3, 3), stride=(1, 1), padding=(1, 1), bias=False)
      (bn2): BatchNorm2d(64, eps=1e-05, momentum=0.1, affine=True, track_running_stats=True)
      (shortcut): Sequential()
    )
  )
  (layer2): Sequential(
    (0): BasicBlock(
      (conv1): Conv2d(64, 64, kernel_size=(3, 3), stride=(1, 1), padding=(1, 1), bias=False)
      (bn1): BatchNorm2d(64, eps=1e-05, momentum=0.1, affine=True, track_running_stats=True)
      (conv2): Conv2d(64, 64, kernel_size=(3, 3), stride=(1, 1), padding=(1, 1), bias=False)
      (bn2): BatchNorm2d(64, eps=1e-05, momentum=0.1, affine=True, track_running_stats=True)
      (shortcut): Sequential()
    )
    (1): BasicBlock(
      (conv1): Conv2d(64, 64, kernel_size=(3, 3), stride=(1, 1), padding=(1, 1), bias=False)
      (bn1): BatchNorm2d(64, eps=1e-05, momentum=0.1, affine=True, track_running_stats=True)
      (conv2): Conv2d(64, 64, kernel_size=(3, 3), stride=(1, 1), padding=(1, 1), bias=False)
      (bn2): BatchNorm2d(64, eps=1e-05, momentum=0.1, affine=True, track_running_stats=True)
      (shortcut): Sequential()
    )
  )
  (layer3): Sequential(
    (0): BasicBlock(
      (conv1): Conv2d(64, 64, kernel_size=(3, 3), stride=(1, 1), padding=(1, 1), bias=False)
      (bn1): BatchNorm2d(64, eps=1e-05, momentum=0.1, affine=True, track_running_stats=True)
      (conv2): Conv2d(64, 64, kernel_size=(3, 3), stride=(1, 1), padding=(1, 1), bias=False)
      (bn2): BatchNorm2d(64, eps=1e-05, momentum=0.1, affine=True, track_running_stats=True)
      (shortcut): Sequential()
    )
    (1): BasicBlock(
      (conv1): Conv2d(64, 64, kernel_size=(3, 3), stride=(1, 1), padding=(1, 1), bias=False)
      (bn1): BatchNorm2d(64, eps=1e-05, momentum=0.1, affine=True, track_running_stats=True)
      (conv2): Conv2d(64, 64, kernel_size=(3, 3), stride=(1, 1), padding=(1, 1), bias=False)
      (bn2): BatchNorm2d(64, eps=1e-05, momentum=0.1, affine=True, track_running_stats=True)
      (shortcut): Sequential()
    )
  )
  (layer4): Sequential(
    (0): BasicBlock(
      (conv1): Conv2d(64, 64, kernel_size=(3, 3), stride=(1, 1), padding=(1, 1), bias=False)
      (bn1): BatchNorm2d(64, eps=1e-05, momentum=0.1, affine=True, track_running_stats=True)
      (conv2): Conv2d(64, 64, kernel_size=(3, 3), stride=(1, 1), padding=(1, 1), bias=False)
      (bn2): BatchNorm2d(64, eps=1e-05, momentum=0.1, affine=True, track_running_stats=True)
      (shortcut): Sequential()
    )
    (1): BasicBlock(
      (conv1): Conv2d(64, 64, kernel_size=(3, 3), stride=(1, 1), padding=(1, 1), bias=False)
      (bn1): BatchNorm2d(64, eps=1e-05, momentum=0.1, affine=True, track_running_stats=True)
      (conv2): Conv2d(64, 64, kernel_size=(3, 3), stride=(1, 1), padding=(1, 1), bias=False)
      (bn2): BatchNorm2d(64, eps=1e-05, momentum=0.1, affine=True, track_running_stats=True)
      (shortcut): Sequential()
    )
  )
  (conv2): Sequential(
    (0): Conv2d(64, 32, kernel_size=(3, 3), stride=(1, 1), padding=(1, 1))
    (1): BatchNorm2d(32, eps=1e-05, momentum=0.1, affine=True, track_running_stats=True)
  )
  (conv3): Sequential(
    (0): Conv2d(32, 16, kernel_size=(3, 3), stride=(1, 1), padding=(1, 1))
    (1): BatchNorm2d(16, eps=1e-05, momentum=0.1, affine=True, track_running_stats=True)
  )
  (conv4): Sequential(
    (0): Conv2d(16, 1, kernel_size=(3, 3), stride=(1, 1), padding=(1, 1))
    (1): BatchNorm2d(1, eps=1e-05, momentum=0.1, affine=True, track_running_stats=True)
  )
)
Epoch  0, trian_loss: 0.0137, trian_mae: 0.1010, trian_mse:0.0284, trian_r2: -1.4769, trian_cc: 0.4460
Epoch  0, val_loss: 0.0080, val_mae: 0.1021, val_mse: 0.0161, val_r2: -381218.9540, val_cc: 0.1416
Epoch  1, trian_loss: 0.0049, trian_mae: 0.0731, trian_mse:0.0098, trian_r2: -6255.9273, trian_cc: 0.1971
Epoch  1, val_loss: 0.0048, val_mae: 0.0721, val_mse: 0.0097, val_r2: -119.0878, val_cc: 0.2611
Epoch  2, trian_loss: 0.0043, trian_mae: 0.0664, trian_mse:0.0085, trian_r2: -142.7471, trian_cc: 0.2717
Epoch  2, val_loss: 0.0049, val_mae: 0.0736, val_mse: 0.0098, val_r2: -99.0721, val_cc: 0.3590
Epoch  3, trian_loss: 0.0041, trian_mae: 0.0654, trian_mse:0.0082, trian_r2: -149.9845, trian_cc: 0.2559
Epoch  3, val_loss: 0.0051, val_mae: 0.0789, val_mse: 0.0102, val_r2: -106.3241, val_cc: 0.3346
Epoch  4, trian_loss: 0.0040, trian_mae: 0.0645, trian_mse:0.0079, trian_r2: -130.6814, trian_cc: 0.2644
Epoch  4, val_loss: 0.0059, val_mae: 0.0838, val_mse: 0.0117, val_r2: -77.7425, val_cc: 0.3354
Epoch  5, trian_loss: 0.0038, trian_mae: 0.0631, trian_mse:0.0077, trian_r2: -129.5431, trian_cc: 0.3286
Epoch  5, val_loss: 0.0044, val_mae: 0.0698, val_mse: 0.0087, val_r2: -66.7076, val_cc: 0.3626
Epoch  6, trian_loss: 0.0037, trian_mae: 0.0619, trian_mse:0.0073, trian_r2: -112.9006, trian_cc: 0.3475
Epoch  6, val_loss: 0.0050, val_mae: 0.0752, val_mse: 0.0100, val_r2: -49.5643, val_cc: 0.3861
Epoch  7, trian_loss: 0.0037, trian_mae: 0.0624, trian_mse:0.0074, trian_r2: -132.4690, trian_cc: 0.3452
Epoch  7, val_loss: 0.0047, val_mae: 0.0734, val_mse: 0.0094, val_r2: -64.0031, val_cc: 0.3695
Epoch  8, trian_loss: 0.0037, trian_mae: 0.0616, trian_mse:0.0073, trian_r2: -130.2568, trian_cc: 0.3720
Epoch  8, val_loss: 0.0042, val_mae: 0.0668, val_mse: 0.0085, val_r2: -60.0870, val_cc: 0.4017
Epoch  9, trian_loss: 0.0036, trian_mae: 0.0611, trian_mse:0.0071, trian_r2: -127.7409, trian_cc: 0.3943
Epoch  9, val_loss: 0.0052, val_mae: 0.0756, val_mse: 0.0104, val_r2: -57.0263, val_cc: 0.3899
Epoch 10, trian_loss: 0.0036, trian_mae: 0.0609, trian_mse:0.0072, trian_r2: -138.5043, trian_cc: 0.3943
Epoch 10, val_loss: 0.0046, val_mae: 0.0709, val_mse: 0.0092, val_r2: -85.8239, val_cc: 0.3887
Epoch 11, trian_loss: 0.0035, trian_mae: 0.0601, trian_mse:0.0069, trian_r2: -130.7223, trian_cc: 0.4178
Epoch 11, val_loss: 0.0042, val_mae: 0.0659, val_mse: 0.0084, val_r2: -108.7210, val_cc: 0.4036
Epoch 12, trian_loss: 0.0034, trian_mae: 0.0596, trian_mse:0.0068, trian_r2: -124.9628, trian_cc: 0.4187
Epoch 12, val_loss: 0.0051, val_mae: 0.0739, val_mse: 0.0102, val_r2: -72.8562, val_cc: 0.4020
Epoch 13, trian_loss: 0.0034, trian_mae: 0.0599, trian_mse:0.0068, trian_r2: -121.7510, trian_cc: 0.4229
Epoch 13, val_loss: 0.0048, val_mae: 0.0723, val_mse: 0.0096, val_r2: -53.5079, val_cc: 0.4041
Epoch 14, trian_loss: 0.0035, trian_mae: 0.0601, trian_mse:0.0069, trian_r2: -141.7801, trian_cc: 0.4276
Epoch 14, val_loss: 0.0042, val_mae: 0.0672, val_mse: 0.0084, val_r2: -73.6351, val_cc: 0.4066
Epoch 15, trian_loss: 0.0035, trian_mae: 0.0601, trian_mse:0.0069, trian_r2: -150.7171, trian_cc: 0.4308
Epoch 15, val_loss: 0.0039, val_mae: 0.0645, val_mse: 0.0079, val_r2: -83.1921, val_cc: 0.3966
Epoch 16, trian_loss: 0.0034, trian_mae: 0.0595, trian_mse:0.0068, trian_r2: -127.6443, trian_cc: 0.4306
Epoch 16, val_loss: 0.0042, val_mae: 0.0679, val_mse: 0.0084, val_r2: -124.2583, val_cc: 0.3736
Epoch 17, trian_loss: 0.0034, trian_mae: 0.0593, trian_mse:0.0067, trian_r2: -110.2715, trian_cc: 0.4229
Epoch 17, val_loss: 0.0045, val_mae: 0.0693, val_mse: 0.0089, val_r2: -72.1601, val_cc: 0.4098
Epoch 18, trian_loss: 0.0033, trian_mae: 0.0589, trian_mse:0.0066, trian_r2: -98.3177, trian_cc: 0.4249
Epoch 18, val_loss: 0.0045, val_mae: 0.0715, val_mse: 0.0089, val_r2: -76.4114, val_cc: 0.3822
Epoch 19, trian_loss: 0.0033, trian_mae: 0.0591, trian_mse:0.0067, trian_r2: -105.2677, trian_cc: 0.4264
Epoch 19, val_loss: 0.0043, val_mae: 0.0681, val_mse: 0.0087, val_r2: -71.3278, val_cc: 0.3865
Epoch 20, trian_loss: 0.0033, trian_mae: 0.0589, trian_mse:0.0066, trian_r2: -93.1830, trian_cc: 0.4039
Epoch 20, val_loss: 0.0043, val_mae: 0.0694, val_mse: 0.0086, val_r2: -94.1640, val_cc: 0.3738
Epoch 21, trian_loss: 0.0033, trian_mae: 0.0591, trian_mse:0.0067, trian_r2: -99.2281, trian_cc: 0.4152
Epoch 21, val_loss: 0.0041, val_mae: 0.0653, val_mse: 0.0081, val_r2: -90.2292, val_cc: 0.3378
Epoch 22, trian_loss: 0.0032, trian_mae: 0.0582, trian_mse:0.0064, trian_r2: -89.7748, trian_cc: 0.4113
Epoch 22, val_loss: 0.0043, val_mae: 0.0660, val_mse: 0.0085, val_r2: -60.0097, val_cc: 0.3792
Epoch 23, trian_loss: 0.0033, trian_mae: 0.0587, trian_mse:0.0065, trian_r2: -91.4670, trian_cc: 0.4016
Epoch 23, val_loss: 0.0043, val_mae: 0.0686, val_mse: 0.0086, val_r2: -78.5080, val_cc: 0.3646
Epoch 24, trian_loss: 0.0033, trian_mae: 0.0587, trian_mse:0.0065, trian_r2: -89.1548, trian_cc: 0.3981
Epoch 24, val_loss: 0.0041, val_mae: 0.0658, val_mse: 0.0081, val_r2: -88.6336, val_cc: 0.3649
Epoch 25, trian_loss: 0.0032, trian_mae: 0.0580, trian_mse:0.0064, trian_r2: -78.6203, trian_cc: 0.4088
Epoch 25, val_loss: 0.0042, val_mae: 0.0653, val_mse: 0.0085, val_r2: -81.5882, val_cc: 0.3729
Epoch 26, trian_loss: 0.0032, trian_mae: 0.0577, trian_mse:0.0064, trian_r2: -74.3812, trian_cc: 0.4130
Epoch 26, val_loss: 0.0042, val_mae: 0.0661, val_mse: 0.0085, val_r2: -77.4695, val_cc: 0.4028
Epoch 27, trian_loss: 0.0032, trian_mae: 0.0579, trian_mse:0.0064, trian_r2: -76.0365, trian_cc: 0.3968
Epoch 27, val_loss: 0.0042, val_mae: 0.0680, val_mse: 0.0085, val_r2: -89.4332, val_cc: 0.3743
Epoch 28, trian_loss: 0.0032, trian_mae: 0.0581, trian_mse:0.0064, trian_r2: -69.6947, trian_cc: 0.4042
Epoch 28, val_loss: 0.0041, val_mae: 0.0654, val_mse: 0.0082, val_r2: -79.6719, val_cc: 0.3511
Epoch 29, trian_loss: 0.0032, trian_mae: 0.0584, trian_mse:0.0064, trian_r2: -74.7115, trian_cc: 0.3955
Epoch 29, val_loss: 0.0043, val_mae: 0.0664, val_mse: 0.0086, val_r2: -91.1350, val_cc: 0.3875
Epoch 30, trian_loss: 0.0031, trian_mae: 0.0577, trian_mse:0.0063, trian_r2: -67.3355, trian_cc: 0.4029
Epoch 30, val_loss: 0.0043, val_mae: 0.0663, val_mse: 0.0086, val_r2: -46.6008, val_cc: 0.3487
Epoch 31, trian_loss: 0.0031, trian_mae: 0.0577, trian_mse:0.0063, trian_r2: -79.4432, trian_cc: 0.4072
Epoch 31, val_loss: 0.0046, val_mae: 0.0694, val_mse: 0.0091, val_r2: -45.1163, val_cc: 0.3315
Epoch 32, trian_loss: 0.0032, trian_mae: 0.0578, trian_mse:0.0063, trian_r2: -84.5124, trian_cc: 0.4010
Epoch 32, val_loss: 0.0042, val_mae: 0.0641, val_mse: 0.0085, val_r2: -80.3420, val_cc: 0.3418
Epoch 33, trian_loss: 0.0031, trian_mae: 0.0572, trian_mse:0.0062, trian_r2: -77.6989, trian_cc: 0.4129
Epoch 33, val_loss: 0.0042, val_mae: 0.0648, val_mse: 0.0084, val_r2: -68.0018, val_cc: 0.3757
Epoch 34, trian_loss: 0.0031, trian_mae: 0.0569, trian_mse:0.0062, trian_r2: -63.9814, trian_cc: 0.4089
Epoch 34, val_loss: 0.0042, val_mae: 0.0648, val_mse: 0.0084, val_r2: -142.9962, val_cc: 0.3541
Epoch 35, trian_loss: 0.0031, trian_mae: 0.0562, trian_mse:0.0061, trian_r2: -50.1170, trian_cc: 0.4317
Epoch 35, val_loss: 0.0042, val_mae: 0.0630, val_mse: 0.0083, val_r2: -72.3104, val_cc: 0.4058
Epoch 36, trian_loss: 0.0030, trian_mae: 0.0562, trian_mse:0.0060, trian_r2: -48.5466, trian_cc: 0.4343
Epoch 36, val_loss: 0.0043, val_mae: 0.0649, val_mse: 0.0087, val_r2: -49.9044, val_cc: 0.4007
Epoch 37, trian_loss: 0.0031, trian_mae: 0.0565, trian_mse:0.0061, trian_r2: -48.8007, trian_cc: 0.4415
Epoch 37, val_loss: 0.0039, val_mae: 0.0621, val_mse: 0.0078, val_r2: -39.1915, val_cc: 0.4143
Epoch 38, trian_loss: 0.0030, trian_mae: 0.0555, trian_mse:0.0059, trian_r2: -34.9752, trian_cc: 0.4544
Epoch 38, val_loss: 0.0040, val_mae: 0.0626, val_mse: 0.0081, val_r2: -55.4751, val_cc: 0.4108
Epoch 39, trian_loss: 0.0029, trian_mae: 0.0548, trian_mse:0.0058, trian_r2: -31.6059, trian_cc: 0.4670
Epoch 39, val_loss: 0.0043, val_mae: 0.0666, val_mse: 0.0086, val_r2: -45.9931, val_cc: 0.4215
Epoch 40, trian_loss: 0.0029, trian_mae: 0.0542, trian_mse:0.0057, trian_r2: -42.4189, trian_cc: 0.4792
Epoch 40, val_loss: 0.0042, val_mae: 0.0632, val_mse: 0.0084, val_r2: -42.8412, val_cc: 0.4405
Epoch 41, trian_loss: 0.0029, trian_mae: 0.0539, trian_mse:0.0057, trian_r2: -25.7933, trian_cc: 0.4962
Epoch 41, val_loss: 0.0040, val_mae: 0.0606, val_mse: 0.0080, val_r2: -35.6604, val_cc: 0.4399
Epoch 42, trian_loss: 0.0028, trian_mae: 0.0536, trian_mse:0.0057, trian_r2: -27.7382, trian_cc: 0.5061
Epoch 42, val_loss: 0.0040, val_mae: 0.0610, val_mse: 0.0079, val_r2: -25.1590, val_cc: 0.4619
Epoch 43, trian_loss: 0.0027, trian_mae: 0.0529, trian_mse:0.0055, trian_r2: -23.3784, trian_cc: 0.5110
Epoch 43, val_loss: 0.0040, val_mae: 0.0620, val_mse: 0.0080, val_r2: -30.6279, val_cc: 0.4799
Epoch 44, trian_loss: 0.0029, trian_mae: 0.0536, trian_mse:0.0058, trian_r2: -27.1031, trian_cc: 0.5170
Epoch 44, val_loss: 0.0039, val_mae: 0.0617, val_mse: 0.0078, val_r2: -38.8602, val_cc: 0.4739
Epoch 45, trian_loss: 0.0027, trian_mae: 0.0523, trian_mse:0.0055, trian_r2: -28.3034, trian_cc: 0.5293
Epoch 45, val_loss: 0.0040, val_mae: 0.0609, val_mse: 0.0080, val_r2: -22.9446, val_cc: 0.5019
Epoch 46, trian_loss: 0.0027, trian_mae: 0.0521, trian_mse:0.0054, trian_r2: -17.0559, trian_cc: 0.5395
Epoch 46, val_loss: 0.0038, val_mae: 0.0614, val_mse: 0.0077, val_r2: -29.7367, val_cc: 0.4869
Epoch 47, trian_loss: 0.0027, trian_mae: 0.0515, trian_mse:0.0054, trian_r2: -18.6803, trian_cc: 0.5552
Epoch 47, val_loss: 0.0041, val_mae: 0.0632, val_mse: 0.0082, val_r2: -21.1780, val_cc: 0.5077
Epoch 48, trian_loss: 0.0026, trian_mae: 0.0507, trian_mse:0.0052, trian_r2: -17.1262, trian_cc: 0.5642
Epoch 48, val_loss: 0.0038, val_mae: 0.0592, val_mse: 0.0076, val_r2: -22.5990, val_cc: 0.5240
Epoch 49, trian_loss: 0.0026, trian_mae: 0.0509, trian_mse:0.0053, trian_r2: -16.7643, trian_cc: 0.5685
Epoch 49, val_loss: 0.0040, val_mae: 0.0608, val_mse: 0.0079, val_r2: -22.8583, val_cc: 0.5305
Epoch 50, trian_loss: 0.0026, trian_mae: 0.0502, trian_mse:0.0051, trian_r2: -17.5024, trian_cc: 0.5743
Epoch 50, val_loss: 0.0044, val_mae: 0.0649, val_mse: 0.0087, val_r2: -27.8049, val_cc: 0.5442
Epoch 51, trian_loss: 0.0026, trian_mae: 0.0501, trian_mse:0.0052, trian_r2: -19.7099, trian_cc: 0.5839
Epoch 51, val_loss: 0.0039, val_mae: 0.0617, val_mse: 0.0078, val_r2: -17.1297, val_cc: 0.5350
Epoch 52, trian_loss: 0.0025, trian_mae: 0.0490, trian_mse:0.0050, trian_r2: -16.3704, trian_cc: 0.5972
Epoch 52, val_loss: 0.0040, val_mae: 0.0588, val_mse: 0.0080, val_r2: -20.8774, val_cc: 0.5527
Epoch 53, trian_loss: 0.0025, trian_mae: 0.0489, trian_mse:0.0049, trian_r2: -22.1334, trian_cc: 0.6029
Epoch 53, val_loss: 0.0048, val_mae: 0.0688, val_mse: 0.0095, val_r2: -16.5706, val_cc: 0.5557
Epoch 54, trian_loss: 0.0025, trian_mae: 0.0496, trian_mse:0.0051, trian_r2: -18.2232, trian_cc: 0.5978
Epoch 54, val_loss: 0.0041, val_mae: 0.0626, val_mse: 0.0083, val_r2: -17.1939, val_cc: 0.5638
Epoch 55, trian_loss: 0.0025, trian_mae: 0.0488, trian_mse:0.0049, trian_r2: -21.9807, trian_cc: 0.6092
Epoch 55, val_loss: 0.0047, val_mae: 0.0629, val_mse: 0.0094, val_r2: -22.0370, val_cc: 0.5627
Epoch 56, trian_loss: 0.0024, trian_mae: 0.0480, trian_mse:0.0049, trian_r2: -12.7173, trian_cc: 0.6144
Epoch 56, val_loss: 0.0040, val_mae: 0.0605, val_mse: 0.0079, val_r2: -23.4911, val_cc: 0.5565
Epoch 57, trian_loss: 0.0025, trian_mae: 0.0487, trian_mse:0.0049, trian_r2: -11.4622, trian_cc: 0.6132
Epoch 57, val_loss: 0.0045, val_mae: 0.0638, val_mse: 0.0090, val_r2: -11.4210, val_cc: 0.5769
Epoch 58, trian_loss: 0.0024, trian_mae: 0.0476, trian_mse:0.0048, trian_r2: -11.4758, trian_cc: 0.6231
Epoch 58, val_loss: 0.0043, val_mae: 0.0603, val_mse: 0.0086, val_r2: -15.0769, val_cc: 0.5753
Epoch 59, trian_loss: 0.0024, trian_mae: 0.0480, trian_mse:0.0048, trian_r2: -15.5003, trian_cc: 0.6229
Epoch 59, val_loss: 0.0035, val_mae: 0.0567, val_mse: 0.0071, val_r2: -18.4831, val_cc: 0.5788
Epoch 60, trian_loss: 0.0024, trian_mae: 0.0478, trian_mse:0.0047, trian_r2: -16.8672, trian_cc: 0.6276
Epoch 60, val_loss: 0.0051, val_mae: 0.0652, val_mse: 0.0101, val_r2: -12.4172, val_cc: 0.5781
Epoch 61, trian_loss: 0.0023, trian_mae: 0.0473, trian_mse:0.0047, trian_r2: -9.4647, trian_cc: 0.6318
Epoch 61, val_loss: 0.0050, val_mae: 0.0643, val_mse: 0.0099, val_r2: -18.1703, val_cc: 0.5884
Epoch 62, trian_loss: 0.0023, trian_mae: 0.0466, trian_mse:0.0046, trian_r2: -9.8477, trian_cc: 0.6363
Epoch 62, val_loss: 0.0043, val_mae: 0.0614, val_mse: 0.0086, val_r2: -9.0160, val_cc: 0.5852
Epoch 63, trian_loss: 0.0023, trian_mae: 0.0469, trian_mse:0.0047, trian_r2: -10.6080, trian_cc: 0.6362
Epoch 63, val_loss: 0.0042, val_mae: 0.0608, val_mse: 0.0084, val_r2: -12.4766, val_cc: 0.5865
Epoch 64, trian_loss: 0.0022, trian_mae: 0.0457, trian_mse:0.0044, trian_r2: -9.1706, trian_cc: 0.6417
Epoch 64, val_loss: 0.0053, val_mae: 0.0647, val_mse: 0.0106, val_r2: -14.5195, val_cc: 0.5837
Epoch 65, trian_loss: 0.0022, trian_mae: 0.0458, trian_mse:0.0044, trian_r2: -7.9977, trian_cc: 0.6466
Epoch 65, val_loss: 0.0042, val_mae: 0.0597, val_mse: 0.0084, val_r2: -8.4730, val_cc: 0.6001
Epoch 66, trian_loss: 0.0023, trian_mae: 0.0466, trian_mse:0.0047, trian_r2: -8.8387, trian_cc: 0.6488
Epoch 66, val_loss: 0.0043, val_mae: 0.0596, val_mse: 0.0085, val_r2: -11.9684, val_cc: 0.6017
Epoch 67, trian_loss: 0.0022, trian_mae: 0.0452, trian_mse:0.0044, trian_r2: -5.8283, trian_cc: 0.6505
Epoch 67, val_loss: 0.0037, val_mae: 0.0582, val_mse: 0.0074, val_r2: -10.9662, val_cc: 0.5952
Epoch 68, trian_loss: 0.0023, trian_mae: 0.0462, trian_mse:0.0046, trian_r2: -4.8417, trian_cc: 0.6490
Epoch 68, val_loss: 0.0034, val_mae: 0.0540, val_mse: 0.0067, val_r2: -11.0192, val_cc: 0.6102
Epoch 69, trian_loss: 0.0021, trian_mae: 0.0450, trian_mse:0.0043, trian_r2: -4.2471, trian_cc: 0.6577
Epoch 69, val_loss: 0.0048, val_mae: 0.0609, val_mse: 0.0096, val_r2: -8.5753, val_cc: 0.5983
Epoch 70, trian_loss: 0.0022, trian_mae: 0.0449, trian_mse:0.0043, trian_r2: -5.3785, trian_cc: 0.6581
Epoch 70, val_loss: 0.0037, val_mae: 0.0603, val_mse: 0.0075, val_r2: -9.2522, val_cc: 0.6044
Epoch 71, trian_loss: 0.0022, trian_mae: 0.0455, trian_mse:0.0044, trian_r2: -4.8437, trian_cc: 0.6583
Epoch 71, val_loss: 0.0037, val_mae: 0.0560, val_mse: 0.0073, val_r2: -12.6158, val_cc: 0.6067
Epoch 72, trian_loss: 0.0021, trian_mae: 0.0446, trian_mse:0.0042, trian_r2: -4.6384, trian_cc: 0.6618
Epoch 72, val_loss: 0.0062, val_mae: 0.0680, val_mse: 0.0123, val_r2: -8.2267, val_cc: 0.5926
Epoch 73, trian_loss: 0.0022, trian_mae: 0.0447, trian_mse:0.0045, trian_r2: -3.7801, trian_cc: 0.6642
Epoch 73, val_loss: 0.0040, val_mae: 0.0573, val_mse: 0.0080, val_r2: -6.8004, val_cc: 0.6128
Epoch 74, trian_loss: 0.0021, trian_mae: 0.0443, trian_mse:0.0043, trian_r2: -4.6241, trian_cc: 0.6636
Epoch 74, val_loss: 0.0039, val_mae: 0.0556, val_mse: 0.0078, val_r2: -9.4888, val_cc: 0.6119
Epoch 75, trian_loss: 0.0021, trian_mae: 0.0435, trian_mse:0.0041, trian_r2: -4.0124, trian_cc: 0.6687
Epoch 75, val_loss: 0.0049, val_mae: 0.0617, val_mse: 0.0097, val_r2: -7.4716, val_cc: 0.6041
Epoch 76, trian_loss: 0.0021, trian_mae: 0.0439, trian_mse:0.0042, trian_r2: -3.6300, trian_cc: 0.6691
Epoch 76, val_loss: 0.0037, val_mae: 0.0548, val_mse: 0.0073, val_r2: -7.0521, val_cc: 0.6163
Epoch 77, trian_loss: 0.0022, trian_mae: 0.0445, trian_mse:0.0044, trian_r2: -4.2530, trian_cc: 0.6681
Epoch 77, val_loss: 0.0039, val_mae: 0.0567, val_mse: 0.0079, val_r2: -9.8276, val_cc: 0.5999
Epoch 78, trian_loss: 0.0021, trian_mae: 0.0442, trian_mse:0.0042, trian_r2: -5.0566, trian_cc: 0.6662
Epoch 78, val_loss: 0.0040, val_mae: 0.0576, val_mse: 0.0079, val_r2: -6.5839, val_cc: 0.6138
Epoch 79, trian_loss: 0.0021, trian_mae: 0.0440, trian_mse:0.0042, trian_r2: -3.5327, trian_cc: 0.6695
Epoch 79, val_loss: 0.0042, val_mae: 0.0571, val_mse: 0.0083, val_r2: -8.4061, val_cc: 0.6006
Epoch 80, trian_loss: 0.0021, trian_mae: 0.0439, trian_mse:0.0041, trian_r2: -4.2526, trian_cc: 0.6722
Epoch 80, val_loss: 0.0042, val_mae: 0.0571, val_mse: 0.0085, val_r2: -6.7410, val_cc: 0.6073
Epoch 81, trian_loss: 0.0020, trian_mae: 0.0430, trian_mse:0.0039, trian_r2: -3.8544, trian_cc: 0.6704
Epoch 81, val_loss: 0.0039, val_mae: 0.0570, val_mse: 0.0079, val_r2: -8.2473, val_cc: 0.6088
Epoch 82, trian_loss: 0.0020, trian_mae: 0.0433, trian_mse:0.0040, trian_r2: -2.5705, trian_cc: 0.6721
Epoch 82, val_loss: 0.0064, val_mae: 0.0677, val_mse: 0.0127, val_r2: -6.1366, val_cc: 0.6169
Epoch 83, trian_loss: 0.0020, trian_mae: 0.0433, trian_mse:0.0041, trian_r2: -3.1140, trian_cc: 0.6755
Epoch 83, val_loss: 0.0037, val_mae: 0.0555, val_mse: 0.0075, val_r2: -8.2853, val_cc: 0.6182
Epoch 84, trian_loss: 0.0020, trian_mae: 0.0433, trian_mse:0.0041, trian_r2: -3.5512, trian_cc: 0.6744
Epoch 84, val_loss: 0.0039, val_mae: 0.0560, val_mse: 0.0077, val_r2: -6.5837, val_cc: 0.6220
Epoch 85, trian_loss: 0.0020, trian_mae: 0.0428, trian_mse:0.0040, trian_r2: -2.7512, trian_cc: 0.6736
Epoch 85, val_loss: 0.0060, val_mae: 0.0629, val_mse: 0.0119, val_r2: -7.6358, val_cc: 0.5994
Epoch 86, trian_loss: 0.0021, trian_mae: 0.0431, trian_mse:0.0042, trian_r2: -3.8819, trian_cc: 0.6820
Epoch 86, val_loss: 0.0045, val_mae: 0.0583, val_mse: 0.0090, val_r2: -8.4117, val_cc: 0.6050
Epoch 87, trian_loss: 0.0019, trian_mae: 0.0425, trian_mse:0.0039, trian_r2: -2.5803, trian_cc: 0.6765
Epoch 87, val_loss: 0.0050, val_mae: 0.0617, val_mse: 0.0099, val_r2: -6.1970, val_cc: 0.6146
Epoch 88, trian_loss: 0.0020, trian_mae: 0.0426, trian_mse:0.0039, trian_r2: -2.2505, trian_cc: 0.6812
Epoch 88, val_loss: 0.0036, val_mae: 0.0538, val_mse: 0.0071, val_r2: -6.9436, val_cc: 0.6246
Epoch 89, trian_loss: 0.0019, trian_mae: 0.0424, trian_mse:0.0039, trian_r2: -2.6837, trian_cc: 0.6787
Epoch 89, val_loss: 0.0036, val_mae: 0.0547, val_mse: 0.0071, val_r2: -10.3137, val_cc: 0.6222
Epoch 90, trian_loss: 0.0019, trian_mae: 0.0427, trian_mse:0.0039, trian_r2: -2.7004, trian_cc: 0.6816
Epoch 90, val_loss: 0.0047, val_mae: 0.0584, val_mse: 0.0094, val_r2: -6.8863, val_cc: 0.6115
Epoch 91, trian_loss: 0.0019, trian_mae: 0.0425, trian_mse:0.0039, trian_r2: -2.9509, trian_cc: 0.6813
Epoch 91, val_loss: 0.0051, val_mae: 0.0611, val_mse: 0.0102, val_r2: -4.3677, val_cc: 0.6137
Epoch 92, trian_loss: 0.0019, trian_mae: 0.0419, trian_mse:0.0039, trian_r2: -2.6245, trian_cc: 0.6868
Epoch 92, val_loss: 0.0041, val_mae: 0.0567, val_mse: 0.0083, val_r2: -6.2028, val_cc: 0.6228
Epoch 93, trian_loss: 0.0019, trian_mae: 0.0414, trian_mse:0.0037, trian_r2: -2.0867, trian_cc: 0.6861
Epoch 93, val_loss: 0.0044, val_mae: 0.0599, val_mse: 0.0089, val_r2: -3.9985, val_cc: 0.6204
Epoch 94, trian_loss: 0.0019, trian_mae: 0.0413, trian_mse:0.0037, trian_r2: -1.9369, trian_cc: 0.6870
Epoch 94, val_loss: 0.0040, val_mae: 0.0560, val_mse: 0.0081, val_r2: -8.4319, val_cc: 0.6148
Epoch 95, trian_loss: 0.0018, trian_mae: 0.0412, trian_mse:0.0036, trian_r2: -2.8031, trian_cc: 0.6881
Epoch 95, val_loss: 0.0048, val_mae: 0.0589, val_mse: 0.0097, val_r2: -6.9904, val_cc: 0.6139
Epoch 96, trian_loss: 0.0020, trian_mae: 0.0424, trian_mse:0.0040, trian_r2: -2.6167, trian_cc: 0.6877
Epoch 96, val_loss: 0.0042, val_mae: 0.0564, val_mse: 0.0084, val_r2: -6.7097, val_cc: 0.6161
Epoch 97, trian_loss: 0.0019, trian_mae: 0.0418, trian_mse:0.0037, trian_r2: -2.4205, trian_cc: 0.6861
Epoch 97, val_loss: 0.0048, val_mae: 0.0614, val_mse: 0.0097, val_r2: -4.7684, val_cc: 0.6193
Epoch 98, trian_loss: 0.0019, trian_mae: 0.0420, trian_mse:0.0038, trian_r2: -2.1824, trian_cc: 0.6832
Epoch 98, val_loss: 0.0048, val_mae: 0.0595, val_mse: 0.0096, val_r2: -7.7115, val_cc: 0.6209
Epoch 99, trian_loss: 0.0019, trian_mae: 0.0411, trian_mse:0.0037, trian_r2: -2.2730, trian_cc: 0.6914
Epoch 99, val_loss: 0.0037, val_mae: 0.0541, val_mse: 0.0074, val_r2: -7.8499, val_cc: 0.6236
