Trian Data: 515   Validation Data: 172  Test Data: 172
model ResNet_2D(
  (conv1): Sequential(
    (0): Conv2d(98, 64, kernel_size=(3, 3), stride=(1, 1), padding=(1, 1), bias=False)
    (1): BatchNorm2d(64, eps=1e-05, momentum=0.1, affine=True, track_running_stats=True)
  )
  (layer1): Sequential(
    (0): BasicBlock(
      (conv1): Conv2d(64, 64, kernel_size=(3, 3), stride=(1, 1), padding=(1, 1), bias=False)
      (bn1): BatchNorm2d(64, eps=1e-05, momentum=0.1, affine=True, track_running_stats=True)
      (conv2): Conv2d(64, 64, kernel_size=(3, 3), stride=(1, 1), padding=(1, 1), bias=False)
      (bn2): BatchNorm2d(64, eps=1e-05, momentum=0.1, affine=True, track_running_stats=True)
      (shortcut): Sequential()
    )
    (1): BasicBlock(
      (conv1): Conv2d(64, 64, kernel_size=(3, 3), stride=(1, 1), padding=(1, 1), bias=False)
      (bn1): BatchNorm2d(64, eps=1e-05, momentum=0.1, affine=True, track_running_stats=True)
      (conv2): Conv2d(64, 64, kernel_size=(3, 3), stride=(1, 1), padding=(1, 1), bias=False)
      (bn2): BatchNorm2d(64, eps=1e-05, momentum=0.1, affine=True, track_running_stats=True)
      (shortcut): Sequential()
    )
  )
  (layer2): Sequential(
    (0): BasicBlock(
      (conv1): Conv2d(64, 64, kernel_size=(3, 3), stride=(1, 1), padding=(1, 1), bias=False)
      (bn1): BatchNorm2d(64, eps=1e-05, momentum=0.1, affine=True, track_running_stats=True)
      (conv2): Conv2d(64, 64, kernel_size=(3, 3), stride=(1, 1), padding=(1, 1), bias=False)
      (bn2): BatchNorm2d(64, eps=1e-05, momentum=0.1, affine=True, track_running_stats=True)
      (shortcut): Sequential()
    )
    (1): BasicBlock(
      (conv1): Conv2d(64, 64, kernel_size=(3, 3), stride=(1, 1), padding=(1, 1), bias=False)
      (bn1): BatchNorm2d(64, eps=1e-05, momentum=0.1, affine=True, track_running_stats=True)
      (conv2): Conv2d(64, 64, kernel_size=(3, 3), stride=(1, 1), padding=(1, 1), bias=False)
      (bn2): BatchNorm2d(64, eps=1e-05, momentum=0.1, affine=True, track_running_stats=True)
      (shortcut): Sequential()
    )
  )
  (layer3): Sequential(
    (0): BasicBlock(
      (conv1): Conv2d(64, 64, kernel_size=(3, 3), stride=(1, 1), padding=(1, 1), bias=False)
      (bn1): BatchNorm2d(64, eps=1e-05, momentum=0.1, affine=True, track_running_stats=True)
      (conv2): Conv2d(64, 64, kernel_size=(3, 3), stride=(1, 1), padding=(1, 1), bias=False)
      (bn2): BatchNorm2d(64, eps=1e-05, momentum=0.1, affine=True, track_running_stats=True)
      (shortcut): Sequential()
    )
    (1): BasicBlock(
      (conv1): Conv2d(64, 64, kernel_size=(3, 3), stride=(1, 1), padding=(1, 1), bias=False)
      (bn1): BatchNorm2d(64, eps=1e-05, momentum=0.1, affine=True, track_running_stats=True)
      (conv2): Conv2d(64, 64, kernel_size=(3, 3), stride=(1, 1), padding=(1, 1), bias=False)
      (bn2): BatchNorm2d(64, eps=1e-05, momentum=0.1, affine=True, track_running_stats=True)
      (shortcut): Sequential()
    )
  )
  (layer4): Sequential(
    (0): BasicBlock(
      (conv1): Conv2d(64, 64, kernel_size=(3, 3), stride=(1, 1), padding=(1, 1), bias=False)
      (bn1): BatchNorm2d(64, eps=1e-05, momentum=0.1, affine=True, track_running_stats=True)
      (conv2): Conv2d(64, 64, kernel_size=(3, 3), stride=(1, 1), padding=(1, 1), bias=False)
      (bn2): BatchNorm2d(64, eps=1e-05, momentum=0.1, affine=True, track_running_stats=True)
      (shortcut): Sequential()
    )
    (1): BasicBlock(
      (conv1): Conv2d(64, 64, kernel_size=(3, 3), stride=(1, 1), padding=(1, 1), bias=False)
      (bn1): BatchNorm2d(64, eps=1e-05, momentum=0.1, affine=True, track_running_stats=True)
      (conv2): Conv2d(64, 64, kernel_size=(3, 3), stride=(1, 1), padding=(1, 1), bias=False)
      (bn2): BatchNorm2d(64, eps=1e-05, momentum=0.1, affine=True, track_running_stats=True)
      (shortcut): Sequential()
    )
  )
  (conv2): Sequential(
    (0): Conv2d(64, 32, kernel_size=(3, 3), stride=(1, 1), padding=(1, 1))
    (1): BatchNorm2d(32, eps=1e-05, momentum=0.1, affine=True, track_running_stats=True)
  )
  (conv3): Sequential(
    (0): Conv2d(32, 16, kernel_size=(3, 3), stride=(1, 1), padding=(1, 1))
    (1): BatchNorm2d(16, eps=1e-05, momentum=0.1, affine=True, track_running_stats=True)
  )
  (conv4): Sequential(
    (0): Conv2d(16, 1, kernel_size=(3, 3), stride=(1, 1), padding=(1, 1))
    (1): BatchNorm2d(1, eps=1e-05, momentum=0.1, affine=True, track_running_stats=True)
  )
)
Epoch  0, trian_loss: 0.0116, trian_mae: 0.0990, trian_mse:0.0243, trian_r2: -2.7785, trian_cc: 0.3558
Epoch  0, val_loss: 0.0096, val_mae: 0.1120, val_mse: 0.0192, val_r2: -23969.2961, val_cc: 0.1786
Epoch  1, trian_loss: 0.0152, trian_mae: 0.1468, trian_mse:0.0305, trian_r2: -0.5482, trian_cc: 0.0022
Epoch  1, val_loss: 0.0164, val_mae: 0.1525, val_mse: 0.0329, val_r2: 0.0000, val_cc: 0.0000
Epoch  2, trian_loss: 0.0149, trian_mae: 0.1461, trian_mse:0.0298, trian_r2: -0.1291, trian_cc: 0.0002
Epoch  2, val_loss: 0.0164, val_mae: 0.1525, val_mse: 0.0329, val_r2: 0.0000, val_cc: 0.0000
Epoch  3, trian_loss: 0.0149, trian_mae: 0.1461, trian_mse:0.0298, trian_r2: -0.0003, trian_cc: 0.0000
Epoch  3, val_loss: 0.0164, val_mae: 0.1525, val_mse: 0.0329, val_r2: 0.0000, val_cc: 0.0000
Epoch  4, trian_loss: 0.0149, trian_mae: 0.1461, trian_mse:0.0298, trian_r2: -17.7001, trian_cc: 0.0000
Epoch  4, val_loss: 0.0164, val_mae: 0.1525, val_mse: 0.0329, val_r2: -1717.9602, val_cc: -0.0000
Epoch  5, trian_loss: 0.0149, trian_mae: 0.1461, trian_mse:0.0298, trian_r2: -0.0368, trian_cc: 0.0001
Epoch  5, val_loss: 0.0164, val_mae: 0.1525, val_mse: 0.0329, val_r2: 0.0000, val_cc: 0.0000
Epoch  6, trian_loss: 0.0149, trian_mae: 0.1461, trian_mse:0.0298, trian_r2: -0.0001, trian_cc: 0.0000
Epoch  6, val_loss: 0.0164, val_mae: 0.1525, val_mse: 0.0329, val_r2: 0.0000, val_cc: 0.0000
Epoch  7, trian_loss: 0.0149, trian_mae: 0.1461, trian_mse:0.0298, trian_r2: -0.0000, trian_cc: 0.0000
Epoch  7, val_loss: 0.0164, val_mae: 0.1525, val_mse: 0.0329, val_r2: 0.0000, val_cc: 0.0000
Epoch  8, trian_loss: 0.0149, trian_mae: 0.1461, trian_mse:0.0298, trian_r2: -0.0000, trian_cc: 0.0000
Epoch  8, val_loss: 0.0164, val_mae: 0.1525, val_mse: 0.0329, val_r2: 0.0000, val_cc: 0.0000
Epoch  9, trian_loss: 0.0149, trian_mae: 0.1461, trian_mse:0.0298, trian_r2: -0.0000, trian_cc: 0.0000
Epoch  9, val_loss: 0.0164, val_mae: 0.1525, val_mse: 0.0329, val_r2: 0.0000, val_cc: 0.0000
Epoch 10, trian_loss: 0.0149, trian_mae: 0.1461, trian_mse:0.0298, trian_r2: -0.0000, trian_cc: 0.0000
Epoch 10, val_loss: 0.0164, val_mae: 0.1525, val_mse: 0.0329, val_r2: 0.0000, val_cc: 0.0000
Epoch 11, trian_loss: 0.0149, trian_mae: 0.1461, trian_mse:0.0298, trian_r2: -0.0000, trian_cc: 0.0000
Epoch 11, val_loss: 0.0164, val_mae: 0.1525, val_mse: 0.0329, val_r2: 0.0000, val_cc: 0.0000
Epoch 12, trian_loss: 0.0149, trian_mae: 0.1461, trian_mse:0.0298, trian_r2: -0.0000, trian_cc: 0.0000
Epoch 12, val_loss: 0.0164, val_mae: 0.1525, val_mse: 0.0329, val_r2: 0.0000, val_cc: 0.0000
Epoch 13, trian_loss: 0.0149, trian_mae: 0.1461, trian_mse:0.0298, trian_r2: -0.0000, trian_cc: 0.0000
Epoch 13, val_loss: 0.0164, val_mae: 0.1525, val_mse: 0.0329, val_r2: 0.0000, val_cc: 0.0000
Epoch 14, trian_loss: 0.0149, trian_mae: 0.1461, trian_mse:0.0298, trian_r2: -0.0000, trian_cc: 0.0000
Epoch 14, val_loss: 0.0164, val_mae: 0.1525, val_mse: 0.0329, val_r2: 0.0000, val_cc: 0.0000
Epoch 15, trian_loss: 0.0149, trian_mae: 0.1461, trian_mse:0.0298, trian_r2: -0.0000, trian_cc: 0.0000
Epoch 15, val_loss: 0.0164, val_mae: 0.1525, val_mse: 0.0329, val_r2: 0.0000, val_cc: 0.0000
Epoch 16, trian_loss: 0.0149, trian_mae: 0.1461, trian_mse:0.0298, trian_r2: -0.0000, trian_cc: 0.0000
Epoch 16, val_loss: 0.0164, val_mae: 0.1525, val_mse: 0.0329, val_r2: 0.0000, val_cc: 0.0000
Epoch 17, trian_loss: 0.0149, trian_mae: 0.1461, trian_mse:0.0298, trian_r2: -0.0000, trian_cc: 0.0000
Epoch 17, val_loss: 0.0164, val_mae: 0.1525, val_mse: 0.0329, val_r2: 0.0000, val_cc: 0.0000
Epoch 18, trian_loss: 0.0149, trian_mae: 0.1461, trian_mse:0.0298, trian_r2: -0.0000, trian_cc: 0.0000
Epoch 18, val_loss: 0.0164, val_mae: 0.1525, val_mse: 0.0329, val_r2: 0.0000, val_cc: 0.0000
Epoch 19, trian_loss: 0.0149, trian_mae: 0.1461, trian_mse:0.0298, trian_r2: -0.0000, trian_cc: 0.0000
Epoch 19, val_loss: 0.0164, val_mae: 0.1525, val_mse: 0.0329, val_r2: 0.0000, val_cc: 0.0000
Epoch 20, trian_loss: 0.0149, trian_mae: 0.1461, trian_mse:0.0298, trian_r2: -0.0000, trian_cc: 0.0000
Epoch 20, val_loss: 0.0164, val_mae: 0.1525, val_mse: 0.0329, val_r2: -305.2772, val_cc: 0.0006
Epoch 21, trian_loss: 0.0149, trian_mae: 0.1461, trian_mse:0.0298, trian_r2: -0.0000, trian_cc: 0.0000
Epoch 21, val_loss: 0.0164, val_mae: 0.1525, val_mse: 0.0329, val_r2: 0.0000, val_cc: 0.0000
Epoch 22, trian_loss: 0.0149, trian_mae: 0.1461, trian_mse:0.0298, trian_r2: -0.0000, trian_cc: 0.0000
Epoch 22, val_loss: 0.0164, val_mae: 0.1525, val_mse: 0.0329, val_r2: 0.0000, val_cc: 0.0000
Epoch 23, trian_loss: 0.0149, trian_mae: 0.1461, trian_mse:0.0298, trian_r2: -0.0000, trian_cc: 0.0000
Epoch 23, val_loss: 0.0164, val_mae: 0.1525, val_mse: 0.0329, val_r2: 0.0000, val_cc: 0.0000
Epoch 24, trian_loss: 0.0149, trian_mae: 0.1461, trian_mse:0.0298, trian_r2: -0.0000, trian_cc: 0.0000
Epoch 24, val_loss: 0.0164, val_mae: 0.1525, val_mse: 0.0329, val_r2: 0.0000, val_cc: 0.0000
Epoch 25, trian_loss: 0.0149, trian_mae: 0.1461, trian_mse:0.0298, trian_r2: -0.0000, trian_cc: 0.0000
Epoch 25, val_loss: 0.0164, val_mae: 0.1525, val_mse: 0.0329, val_r2: 0.0000, val_cc: 0.0000
Epoch 26, trian_loss: 0.0149, trian_mae: 0.1461, trian_mse:0.0298, trian_r2: -0.0000, trian_cc: 0.0000
Epoch 26, val_loss: 0.0164, val_mae: 0.1525, val_mse: 0.0329, val_r2: 0.0000, val_cc: 0.0000
Epoch 27, trian_loss: 0.0149, trian_mae: 0.1461, trian_mse:0.0298, trian_r2: -0.0000, trian_cc: 0.0000
Epoch 27, val_loss: 0.0164, val_mae: 0.1525, val_mse: 0.0329, val_r2: 0.0000, val_cc: 0.0000
Epoch 28, trian_loss: 0.0149, trian_mae: 0.1461, trian_mse:0.0298, trian_r2: -0.0000, trian_cc: 0.0000
Epoch 28, val_loss: 0.0164, val_mae: 0.1525, val_mse: 0.0329, val_r2: 0.0000, val_cc: 0.0000
Epoch 29, trian_loss: 0.0149, trian_mae: 0.1461, trian_mse:0.0298, trian_r2: -0.0000, trian_cc: 0.0000
Epoch 29, val_loss: 0.0164, val_mae: 0.1525, val_mse: 0.0329, val_r2: 0.0000, val_cc: 0.0000
Epoch 30, trian_loss: 0.0149, trian_mae: 0.1461, trian_mse:0.0298, trian_r2: -0.0000, trian_cc: 0.0000
Epoch 30, val_loss: 0.0164, val_mae: 0.1525, val_mse: 0.0329, val_r2: 0.0000, val_cc: 0.0000
Epoch 31, trian_loss: 0.0149, trian_mae: 0.1461, trian_mse:0.0298, trian_r2: -0.0000, trian_cc: 0.0000
Epoch 31, val_loss: 0.0164, val_mae: 0.1525, val_mse: 0.0329, val_r2: 0.0000, val_cc: 0.0000
Epoch 32, trian_loss: 0.0149, trian_mae: 0.1461, trian_mse:0.0298, trian_r2: -0.0000, trian_cc: 0.0000
Epoch 32, val_loss: 0.0164, val_mae: 0.1525, val_mse: 0.0329, val_r2: 0.0000, val_cc: 0.0000
Epoch 33, trian_loss: 0.0149, trian_mae: 0.1461, trian_mse:0.0298, trian_r2: -0.0000, trian_cc: 0.0000
Epoch 33, val_loss: 0.0164, val_mae: 0.1525, val_mse: 0.0329, val_r2: 0.0000, val_cc: 0.0000
Epoch 34, trian_loss: 0.0149, trian_mae: 0.1461, trian_mse:0.0298, trian_r2: -0.0000, trian_cc: 0.0000
Epoch 34, val_loss: 0.0164, val_mae: 0.1525, val_mse: 0.0329, val_r2: 0.0000, val_cc: 0.0000
Epoch 35, trian_loss: 0.0149, trian_mae: 0.1461, trian_mse:0.0298, trian_r2: -0.0000, trian_cc: 0.0000
Epoch 35, val_loss: 0.0164, val_mae: 0.1525, val_mse: 0.0329, val_r2: 0.0000, val_cc: 0.0000
Epoch 36, trian_loss: 0.0149, trian_mae: 0.1461, trian_mse:0.0298, trian_r2: -0.0000, trian_cc: 0.0000
Epoch 36, val_loss: 0.0164, val_mae: 0.1525, val_mse: 0.0329, val_r2: 0.0000, val_cc: 0.0000
Epoch 37, trian_loss: 0.0149, trian_mae: 0.1461, trian_mse:0.0298, trian_r2: -0.0000, trian_cc: 0.0000
Epoch 37, val_loss: 0.0164, val_mae: 0.1525, val_mse: 0.0329, val_r2: 0.0000, val_cc: 0.0000
Epoch 38, trian_loss: 0.0149, trian_mae: 0.1461, trian_mse:0.0298, trian_r2: -0.0000, trian_cc: 0.0000
Epoch 38, val_loss: 0.0164, val_mae: 0.1525, val_mse: 0.0329, val_r2: 0.0000, val_cc: 0.0000
Epoch 39, trian_loss: 0.0149, trian_mae: 0.1461, trian_mse:0.0298, trian_r2: -0.0000, trian_cc: 0.0000
Epoch 39, val_loss: 0.0164, val_mae: 0.1525, val_mse: 0.0329, val_r2: 0.0000, val_cc: 0.0000
Epoch 40, trian_loss: 0.0149, trian_mae: 0.1461, trian_mse:0.0298, trian_r2: -0.0000, trian_cc: 0.0000
Epoch 40, val_loss: 0.0164, val_mae: 0.1525, val_mse: 0.0329, val_r2: 0.0000, val_cc: 0.0000
Epoch 41, trian_loss: 0.0149, trian_mae: 0.1461, trian_mse:0.0298, trian_r2: -0.0000, trian_cc: 0.0000
Epoch 41, val_loss: 0.0164, val_mae: 0.1525, val_mse: 0.0329, val_r2: 0.0000, val_cc: 0.0000
Epoch 42, trian_loss: 0.0149, trian_mae: 0.1461, trian_mse:0.0298, trian_r2: -0.0000, trian_cc: 0.0000
Epoch 42, val_loss: 0.0164, val_mae: 0.1525, val_mse: 0.0329, val_r2: 0.0000, val_cc: 0.0000
Epoch 43, trian_loss: 0.0149, trian_mae: 0.1461, trian_mse:0.0298, trian_r2: -0.0000, trian_cc: 0.0000
Epoch 43, val_loss: 0.0164, val_mae: 0.1525, val_mse: 0.0329, val_r2: 0.0000, val_cc: 0.0000
Epoch 44, trian_loss: 0.0149, trian_mae: 0.1461, trian_mse:0.0298, trian_r2: -0.0000, trian_cc: 0.0000
Epoch 44, val_loss: 0.0164, val_mae: 0.1525, val_mse: 0.0329, val_r2: 0.0000, val_cc: 0.0000
Epoch 45, trian_loss: 0.0149, trian_mae: 0.1461, trian_mse:0.0298, trian_r2: -0.0000, trian_cc: 0.0000
Epoch 45, val_loss: 0.0164, val_mae: 0.1525, val_mse: 0.0329, val_r2: 0.0000, val_cc: 0.0000
Epoch 46, trian_loss: 0.0149, trian_mae: 0.1461, trian_mse:0.0298, trian_r2: -0.0000, trian_cc: 0.0000
Epoch 46, val_loss: 0.0164, val_mae: 0.1525, val_mse: 0.0329, val_r2: 0.0000, val_cc: 0.0000
Epoch 47, trian_loss: 0.0149, trian_mae: 0.1461, trian_mse:0.0298, trian_r2: -0.0000, trian_cc: 0.0000
Epoch 47, val_loss: 0.0164, val_mae: 0.1525, val_mse: 0.0329, val_r2: 0.0000, val_cc: 0.0000
Epoch 48, trian_loss: 0.0149, trian_mae: 0.1461, trian_mse:0.0298, trian_r2: -152.4214, trian_cc: 0.0002
Epoch 48, val_loss: 0.0164, val_mae: 0.1525, val_mse: 0.0329, val_r2: 0.0000, val_cc: 0.0000
Epoch 49, trian_loss: 0.0149, trian_mae: 0.1461, trian_mse:0.0298, trian_r2: -0.3028, trian_cc: 0.0001
Epoch 49, val_loss: 0.0164, val_mae: 0.1525, val_mse: 0.0329, val_r2: 0.0000, val_cc: 0.0000
Epoch 50, trian_loss: 0.0149, trian_mae: 0.1461, trian_mse:0.0298, trian_r2: -60426.1337, trian_cc: 0.0022
Epoch 50, val_loss: 0.0164, val_mae: 0.1525, val_mse: 0.0329, val_r2: -159.9084, val_cc: -0.0002
Epoch 51, trian_loss: 0.0141, trian_mae: 0.1411, trian_mse:0.0283, trian_r2: -389375.9529, trian_cc: 0.0030
Epoch 51, val_loss: 0.0070, val_mae: 0.0852, val_mse: 0.0141, val_r2: -4739738.5074, val_cc: -0.0760
Epoch 52, trian_loss: 0.0050, trian_mae: 0.0717, trian_mse:0.0099, trian_r2: -1323.8228, trian_cc: -0.0601
Epoch 52, val_loss: 0.0052, val_mae: 0.0752, val_mse: 0.0103, val_r2: -635.7732, val_cc: -0.0738
Epoch 53, trian_loss: 0.0046, trian_mae: 0.0689, trian_mse:0.0092, trian_r2: -1197.1398, trian_cc: -0.0492
Epoch 53, val_loss: 0.0050, val_mae: 0.0742, val_mse: 0.0100, val_r2: -1197.9482, val_cc: -0.0603
Epoch 54, trian_loss: 0.0045, trian_mae: 0.0679, trian_mse:0.0089, trian_r2: -1824.9028, trian_cc: -0.0151
Epoch 54, val_loss: 0.0049, val_mae: 0.0734, val_mse: 0.0099, val_r2: -2297.3044, val_cc: -0.0408
Epoch 55, trian_loss: 0.0044, trian_mae: 0.0671, trian_mse:0.0088, trian_r2: -1805.4184, trian_cc: 0.0549
Epoch 55, val_loss: 0.0048, val_mae: 0.0715, val_mse: 0.0095, val_r2: -1396.0083, val_cc: 0.1074
Epoch 56, trian_loss: 0.0043, trian_mae: 0.0663, trian_mse:0.0086, trian_r2: -1264.3740, trian_cc: 0.1041
Epoch 56, val_loss: 0.0052, val_mae: 0.0803, val_mse: 0.0103, val_r2: -1363.8463, val_cc: 0.1376
Epoch 57, trian_loss: 0.0043, trian_mae: 0.0666, trian_mse:0.0086, trian_r2: -955.3716, trian_cc: 0.1655
Epoch 57, val_loss: 0.0049, val_mae: 0.0714, val_mse: 0.0098, val_r2: -638.2289, val_cc: 0.1892
Epoch 58, trian_loss: 0.0041, trian_mae: 0.0651, trian_mse:0.0083, trian_r2: -792.9977, trian_cc: 0.3080
Epoch 58, val_loss: 0.0047, val_mae: 0.0705, val_mse: 0.0094, val_r2: -1318.8289, val_cc: 0.2883
Epoch 59, trian_loss: 0.0041, trian_mae: 0.0652, trian_mse:0.0083, trian_r2: -975.3956, trian_cc: 0.3069
Epoch 59, val_loss: 0.0047, val_mae: 0.0691, val_mse: 0.0094, val_r2: -1136.8641, val_cc: 0.2452
Epoch 60, trian_loss: 0.0041, trian_mae: 0.0651, trian_mse:0.0083, trian_r2: -618.3468, trian_cc: 0.3161
Epoch 60, val_loss: 0.0045, val_mae: 0.0690, val_mse: 0.0091, val_r2: -958.6371, val_cc: 0.3442
Epoch 61, trian_loss: 0.0041, trian_mae: 0.0653, trian_mse:0.0083, trian_r2: -835.4391, trian_cc: 0.3198
Epoch 61, val_loss: 0.0047, val_mae: 0.0727, val_mse: 0.0093, val_r2: -1005.7202, val_cc: 0.3021
Epoch 62, trian_loss: 0.0040, trian_mae: 0.0646, trian_mse:0.0081, trian_r2: -568.3243, trian_cc: 0.3598
Epoch 62, val_loss: 0.0045, val_mae: 0.0703, val_mse: 0.0090, val_r2: -702.7290, val_cc: 0.3889
Epoch 63, trian_loss: 0.0040, trian_mae: 0.0648, trian_mse:0.0081, trian_r2: -540.7756, trian_cc: 0.3379
Epoch 63, val_loss: 0.0046, val_mae: 0.0660, val_mse: 0.0091, val_r2: -383.3512, val_cc: 0.3651
Epoch 64, trian_loss: 0.0040, trian_mae: 0.0637, trian_mse:0.0080, trian_r2: -652.6796, trian_cc: 0.3840
Epoch 64, val_loss: 0.0046, val_mae: 0.0662, val_mse: 0.0091, val_r2: -221.7033, val_cc: 0.4205
Epoch 65, trian_loss: 0.0039, trian_mae: 0.0636, trian_mse:0.0078, trian_r2: -464.9334, trian_cc: 0.3984
Epoch 65, val_loss: 0.0047, val_mae: 0.0737, val_mse: 0.0093, val_r2: -600.6595, val_cc: 0.4156
Epoch 66, trian_loss: 0.0040, trian_mae: 0.0639, trian_mse:0.0079, trian_r2: -482.1789, trian_cc: 0.3974
Epoch 66, val_loss: 0.0044, val_mae: 0.0671, val_mse: 0.0088, val_r2: -378.5474, val_cc: 0.4014
Epoch 67, trian_loss: 0.0040, trian_mae: 0.0637, trian_mse:0.0079, trian_r2: -536.6296, trian_cc: 0.4149
Epoch 67, val_loss: 0.0045, val_mae: 0.0695, val_mse: 0.0090, val_r2: -767.5266, val_cc: 0.4138
Epoch 68, trian_loss: 0.0040, trian_mae: 0.0639, trian_mse:0.0079, trian_r2: -503.0276, trian_cc: 0.4064
Epoch 68, val_loss: 0.0046, val_mae: 0.0670, val_mse: 0.0092, val_r2: -266.1603, val_cc: 0.4383
Epoch 69, trian_loss: 0.0039, trian_mae: 0.0634, trian_mse:0.0078, trian_r2: -511.8635, trian_cc: 0.4186
Epoch 69, val_loss: 0.0044, val_mae: 0.0679, val_mse: 0.0087, val_r2: -550.9146, val_cc: 0.4411
Epoch 70, trian_loss: 0.0039, trian_mae: 0.0637, trian_mse:0.0078, trian_r2: -579.4770, trian_cc: 0.4159
Epoch 70, val_loss: 0.0043, val_mae: 0.0669, val_mse: 0.0086, val_r2: -647.8590, val_cc: 0.4371
Epoch 71, trian_loss: 0.0039, trian_mae: 0.0630, trian_mse:0.0077, trian_r2: -591.3013, trian_cc: 0.4454
Epoch 71, val_loss: 0.0045, val_mae: 0.0700, val_mse: 0.0089, val_r2: -760.5443, val_cc: 0.4462
Epoch 72, trian_loss: 0.0039, trian_mae: 0.0634, trian_mse:0.0078, trian_r2: -596.6673, trian_cc: 0.4321
Epoch 72, val_loss: 0.0044, val_mae: 0.0676, val_mse: 0.0088, val_r2: -843.8755, val_cc: 0.4360
Epoch 73, trian_loss: 0.0039, trian_mae: 0.0634, trian_mse:0.0078, trian_r2: -564.9173, trian_cc: 0.4328
Epoch 73, val_loss: 0.0044, val_mae: 0.0693, val_mse: 0.0087, val_r2: -689.7987, val_cc: 0.4334
Epoch 74, trian_loss: 0.0039, trian_mae: 0.0637, trian_mse:0.0079, trian_r2: -589.3833, trian_cc: 0.4298
Epoch 74, val_loss: 0.0045, val_mae: 0.0679, val_mse: 0.0089, val_r2: -867.8709, val_cc: 0.4266
Epoch 75, trian_loss: 0.0039, trian_mae: 0.0634, trian_mse:0.0078, trian_r2: -494.6544, trian_cc: 0.4410
Epoch 75, val_loss: 0.0044, val_mae: 0.0701, val_mse: 0.0088, val_r2: -729.9886, val_cc: 0.4487
Epoch 76, trian_loss: 0.0039, trian_mae: 0.0632, trian_mse:0.0078, trian_r2: -524.7232, trian_cc: 0.4440
Epoch 76, val_loss: 0.0044, val_mae: 0.0673, val_mse: 0.0088, val_r2: -733.2821, val_cc: 0.4418
Epoch 77, trian_loss: 0.0039, trian_mae: 0.0627, trian_mse:0.0077, trian_r2: -570.6946, trian_cc: 0.4465
Epoch 77, val_loss: 0.0044, val_mae: 0.0690, val_mse: 0.0089, val_r2: -778.2040, val_cc: 0.4584
Epoch 78, trian_loss: 0.0038, trian_mae: 0.0628, trian_mse:0.0077, trian_r2: -477.5480, trian_cc: 0.4546
Epoch 78, val_loss: 0.0045, val_mae: 0.0717, val_mse: 0.0091, val_r2: -992.8161, val_cc: 0.4505
Epoch 79, trian_loss: 0.0039, trian_mae: 0.0634, trian_mse:0.0078, trian_r2: -585.6769, trian_cc: 0.4342
Epoch 79, val_loss: 0.0053, val_mae: 0.0757, val_mse: 0.0107, val_r2: -455.2684, val_cc: 0.4502
Epoch 80, trian_loss: 0.0039, trian_mae: 0.0637, trian_mse:0.0079, trian_r2: -477.1706, trian_cc: 0.4213
Epoch 80, val_loss: 0.0043, val_mae: 0.0663, val_mse: 0.0086, val_r2: -691.1272, val_cc: 0.4460
Epoch 81, trian_loss: 0.0039, trian_mae: 0.0633, trian_mse:0.0078, trian_r2: -669.0123, trian_cc: 0.4360
Epoch 81, val_loss: 0.0044, val_mae: 0.0663, val_mse: 0.0087, val_r2: -684.4771, val_cc: 0.4551
Epoch 82, trian_loss: 0.0039, trian_mae: 0.0630, trian_mse:0.0078, trian_r2: -564.2775, trian_cc: 0.4344
Epoch 82, val_loss: 0.0044, val_mae: 0.0689, val_mse: 0.0088, val_r2: -1076.7647, val_cc: 0.4433
Epoch 83, trian_loss: 0.0039, trian_mae: 0.0636, trian_mse:0.0078, trian_r2: -805.2561, trian_cc: 0.4270
Epoch 83, val_loss: 0.0043, val_mae: 0.0673, val_mse: 0.0087, val_r2: -842.1823, val_cc: 0.4581
Epoch 84, trian_loss: 0.0038, trian_mae: 0.0625, trian_mse:0.0076, trian_r2: -538.4862, trian_cc: 0.4595
Epoch 84, val_loss: 0.0044, val_mae: 0.0674, val_mse: 0.0088, val_r2: -922.9636, val_cc: 0.4574
Epoch 85, trian_loss: 0.0038, trian_mae: 0.0626, trian_mse:0.0076, trian_r2: -564.0801, trian_cc: 0.4539
Epoch 85, val_loss: 0.0044, val_mae: 0.0675, val_mse: 0.0088, val_r2: -820.0987, val_cc: 0.4486
Epoch 86, trian_loss: 0.0038, trian_mae: 0.0629, trian_mse:0.0077, trian_r2: -595.7776, trian_cc: 0.4518
Epoch 86, val_loss: 0.0044, val_mae: 0.0660, val_mse: 0.0088, val_r2: -496.7608, val_cc: 0.4395
Epoch 87, trian_loss: 0.0038, trian_mae: 0.0628, trian_mse:0.0077, trian_r2: -672.3380, trian_cc: 0.4534
Epoch 87, val_loss: 0.0044, val_mae: 0.0674, val_mse: 0.0088, val_r2: -918.8563, val_cc: 0.4462
Epoch 88, trian_loss: 0.0038, trian_mae: 0.0629, trian_mse:0.0077, trian_r2: -581.6289, trian_cc: 0.4593
Epoch 88, val_loss: 0.0044, val_mae: 0.0675, val_mse: 0.0087, val_r2: -1009.0564, val_cc: 0.4476
Epoch 89, trian_loss: 0.0038, trian_mae: 0.0625, trian_mse:0.0076, trian_r2: -651.6371, trian_cc: 0.4649
Epoch 89, val_loss: 0.0044, val_mae: 0.0671, val_mse: 0.0087, val_r2: -798.2623, val_cc: 0.4437
Epoch 90, trian_loss: 0.0038, trian_mae: 0.0623, trian_mse:0.0076, trian_r2: -514.7483, trian_cc: 0.4650
Epoch 90, val_loss: 0.0044, val_mae: 0.0684, val_mse: 0.0088, val_r2: -890.6570, val_cc: 0.4523
Epoch 91, trian_loss: 0.0038, trian_mae: 0.0627, trian_mse:0.0077, trian_r2: -513.2457, trian_cc: 0.4637
Epoch 91, val_loss: 0.0044, val_mae: 0.0677, val_mse: 0.0087, val_r2: -627.9326, val_cc: 0.4449
Epoch 92, trian_loss: 0.0038, trian_mae: 0.0625, trian_mse:0.0076, trian_r2: -504.3961, trian_cc: 0.4669
Epoch 92, val_loss: 0.0045, val_mae: 0.0665, val_mse: 0.0090, val_r2: -680.8600, val_cc: 0.4628
Epoch 93, trian_loss: 0.0038, trian_mae: 0.0625, trian_mse:0.0076, trian_r2: -581.5670, trian_cc: 0.4625
Epoch 93, val_loss: 0.0044, val_mae: 0.0664, val_mse: 0.0088, val_r2: -486.8016, val_cc: 0.4581
Epoch 94, trian_loss: 0.0038, trian_mae: 0.0630, trian_mse:0.0077, trian_r2: -480.7479, trian_cc: 0.4403
Epoch 94, val_loss: 0.0044, val_mae: 0.0660, val_mse: 0.0089, val_r2: -485.1351, val_cc: 0.4354
Epoch 95, trian_loss: 0.0038, trian_mae: 0.0624, trian_mse:0.0076, trian_r2: -500.9788, trian_cc: 0.4495
Epoch 95, val_loss: 0.0043, val_mae: 0.0670, val_mse: 0.0087, val_r2: -693.4787, val_cc: 0.4301
Epoch 96, trian_loss: 0.0038, trian_mae: 0.0626, trian_mse:0.0076, trian_r2: -492.2640, trian_cc: 0.4575
Epoch 96, val_loss: 0.0044, val_mae: 0.0670, val_mse: 0.0087, val_r2: -725.7989, val_cc: 0.4476
Epoch 97, trian_loss: 0.0038, trian_mae: 0.0624, trian_mse:0.0076, trian_r2: -411.5195, trian_cc: 0.4603
Epoch 97, val_loss: 0.0044, val_mae: 0.0678, val_mse: 0.0088, val_r2: -682.2061, val_cc: 0.4583
Epoch 98, trian_loss: 0.0038, trian_mae: 0.0623, trian_mse:0.0076, trian_r2: -414.0371, trian_cc: 0.4709
Epoch 98, val_loss: 0.0044, val_mae: 0.0669, val_mse: 0.0087, val_r2: -720.4520, val_cc: 0.4494
Epoch 99, trian_loss: 0.0038, trian_mae: 0.0626, trian_mse:0.0076, trian_r2: -427.2809, trian_cc: 0.4608
Epoch 99, val_loss: 0.0043, val_mae: 0.0674, val_mse: 0.0086, val_r2: -529.8055, val_cc: 0.4287
