Trian Data: 515   Validation Data: 172  Test Data: 172
model ResNet_2D(
  (conv1): Sequential(
    (0): Conv2d(41, 64, kernel_size=(3, 3), stride=(1, 1), padding=(1, 1), bias=False)
    (1): BatchNorm2d(64, eps=1e-05, momentum=0.1, affine=True, track_running_stats=True)
  )
  (layer1): Sequential(
    (0): BasicBlock(
      (conv1): Conv2d(64, 64, kernel_size=(3, 3), stride=(1, 1), padding=(1, 1), bias=False)
      (bn1): BatchNorm2d(64, eps=1e-05, momentum=0.1, affine=True, track_running_stats=True)
      (conv2): Conv2d(64, 64, kernel_size=(3, 3), stride=(1, 1), padding=(1, 1), bias=False)
      (bn2): BatchNorm2d(64, eps=1e-05, momentum=0.1, affine=True, track_running_stats=True)
      (shortcut): Sequential()
    )
    (1): BasicBlock(
      (conv1): Conv2d(64, 64, kernel_size=(3, 3), stride=(1, 1), padding=(1, 1), bias=False)
      (bn1): BatchNorm2d(64, eps=1e-05, momentum=0.1, affine=True, track_running_stats=True)
      (conv2): Conv2d(64, 64, kernel_size=(3, 3), stride=(1, 1), padding=(1, 1), bias=False)
      (bn2): BatchNorm2d(64, eps=1e-05, momentum=0.1, affine=True, track_running_stats=True)
      (shortcut): Sequential()
    )
  )
  (layer2): Sequential(
    (0): BasicBlock(
      (conv1): Conv2d(64, 64, kernel_size=(3, 3), stride=(1, 1), padding=(1, 1), bias=False)
      (bn1): BatchNorm2d(64, eps=1e-05, momentum=0.1, affine=True, track_running_stats=True)
      (conv2): Conv2d(64, 64, kernel_size=(3, 3), stride=(1, 1), padding=(1, 1), bias=False)
      (bn2): BatchNorm2d(64, eps=1e-05, momentum=0.1, affine=True, track_running_stats=True)
      (shortcut): Sequential()
    )
    (1): BasicBlock(
      (conv1): Conv2d(64, 64, kernel_size=(3, 3), stride=(1, 1), padding=(1, 1), bias=False)
      (bn1): BatchNorm2d(64, eps=1e-05, momentum=0.1, affine=True, track_running_stats=True)
      (conv2): Conv2d(64, 64, kernel_size=(3, 3), stride=(1, 1), padding=(1, 1), bias=False)
      (bn2): BatchNorm2d(64, eps=1e-05, momentum=0.1, affine=True, track_running_stats=True)
      (shortcut): Sequential()
    )
  )
  (layer3): Sequential(
    (0): BasicBlock(
      (conv1): Conv2d(64, 64, kernel_size=(3, 3), stride=(1, 1), padding=(1, 1), bias=False)
      (bn1): BatchNorm2d(64, eps=1e-05, momentum=0.1, affine=True, track_running_stats=True)
      (conv2): Conv2d(64, 64, kernel_size=(3, 3), stride=(1, 1), padding=(1, 1), bias=False)
      (bn2): BatchNorm2d(64, eps=1e-05, momentum=0.1, affine=True, track_running_stats=True)
      (shortcut): Sequential()
    )
    (1): BasicBlock(
      (conv1): Conv2d(64, 64, kernel_size=(3, 3), stride=(1, 1), padding=(1, 1), bias=False)
      (bn1): BatchNorm2d(64, eps=1e-05, momentum=0.1, affine=True, track_running_stats=True)
      (conv2): Conv2d(64, 64, kernel_size=(3, 3), stride=(1, 1), padding=(1, 1), bias=False)
      (bn2): BatchNorm2d(64, eps=1e-05, momentum=0.1, affine=True, track_running_stats=True)
      (shortcut): Sequential()
    )
  )
  (layer4): Sequential(
    (0): BasicBlock(
      (conv1): Conv2d(64, 64, kernel_size=(3, 3), stride=(1, 1), padding=(1, 1), bias=False)
      (bn1): BatchNorm2d(64, eps=1e-05, momentum=0.1, affine=True, track_running_stats=True)
      (conv2): Conv2d(64, 64, kernel_size=(3, 3), stride=(1, 1), padding=(1, 1), bias=False)
      (bn2): BatchNorm2d(64, eps=1e-05, momentum=0.1, affine=True, track_running_stats=True)
      (shortcut): Sequential()
    )
    (1): BasicBlock(
      (conv1): Conv2d(64, 64, kernel_size=(3, 3), stride=(1, 1), padding=(1, 1), bias=False)
      (bn1): BatchNorm2d(64, eps=1e-05, momentum=0.1, affine=True, track_running_stats=True)
      (conv2): Conv2d(64, 64, kernel_size=(3, 3), stride=(1, 1), padding=(1, 1), bias=False)
      (bn2): BatchNorm2d(64, eps=1e-05, momentum=0.1, affine=True, track_running_stats=True)
      (shortcut): Sequential()
    )
  )
  (conv2): Sequential(
    (0): Conv2d(64, 32, kernel_size=(3, 3), stride=(1, 1), padding=(1, 1))
    (1): BatchNorm2d(32, eps=1e-05, momentum=0.1, affine=True, track_running_stats=True)
  )
  (conv3): Sequential(
    (0): Conv2d(32, 16, kernel_size=(3, 3), stride=(1, 1), padding=(1, 1))
    (1): BatchNorm2d(16, eps=1e-05, momentum=0.1, affine=True, track_running_stats=True)
  )
  (conv4): Sequential(
    (0): Conv2d(16, 1, kernel_size=(3, 3), stride=(1, 1), padding=(1, 1))
    (1): BatchNorm2d(1, eps=1e-05, momentum=0.1, affine=True, track_running_stats=True)
  )
)
Epoch  0, trian_loss: 0.0101, trian_mae: 0.0913, trian_mse:0.0206, trian_r2: -1.2570, trian_cc: 0.3876
Epoch  0, val_loss: 0.0084, val_mae: 0.1067, val_mse: 0.0167, val_r2: -inf, val_cc: nan
Epoch  1, trian_loss: 0.0049, trian_mae: 0.0732, trian_mse:0.0099, trian_r2: -inf, trian_cc: nan
Epoch  1, val_loss: 0.0052, val_mae: 0.0766, val_mse: 0.0103, val_r2: -122.8618, val_cc: 0.2452
Epoch  2, trian_loss: 0.0043, trian_mae: 0.0674, trian_mse:0.0085, trian_r2: -inf, trian_cc: nan
Epoch  2, val_loss: 0.0049, val_mae: 0.0759, val_mse: 0.0097, val_r2: -103.8401, val_cc: 0.3042
Epoch  3, trian_loss: 0.0041, trian_mae: 0.0655, trian_mse:0.0082, trian_r2: -inf, trian_cc: nan
Epoch  3, val_loss: 0.0051, val_mae: 0.0759, val_mse: 0.0101, val_r2: -107.0603, val_cc: 0.3529
Epoch  4, trian_loss: 0.0041, trian_mae: 0.0642, trian_mse:0.0081, trian_r2: -inf, trian_cc: nan
Epoch  4, val_loss: 0.0045, val_mae: 0.0710, val_mse: 0.0090, val_r2: -52.5323, val_cc: 0.3886
Epoch  5, trian_loss: 0.0038, trian_mae: 0.0621, trian_mse:0.0076, trian_r2: -inf, trian_cc: nan
Epoch  5, val_loss: 0.0047, val_mae: 0.0718, val_mse: 0.0094, val_r2: -36.7026, val_cc: 0.4590
Epoch  6, trian_loss: 0.0037, trian_mae: 0.0613, trian_mse:0.0074, trian_r2: -inf, trian_cc: nan
Epoch  6, val_loss: 0.0045, val_mae: 0.0704, val_mse: 0.0090, val_r2: -36.8724, val_cc: 0.4576
Epoch  7, trian_loss: 0.0037, trian_mae: 0.0613, trian_mse:0.0075, trian_r2: -inf, trian_cc: nan
Epoch  7, val_loss: 0.0044, val_mae: 0.0692, val_mse: 0.0087, val_r2: -30.2763, val_cc: 0.4470
Epoch  8, trian_loss: 0.0036, trian_mae: 0.0606, trian_mse:0.0073, trian_r2: -inf, trian_cc: nan
Epoch  8, val_loss: 0.0042, val_mae: 0.0665, val_mse: 0.0083, val_r2: -34.4987, val_cc: 0.4723
Epoch  9, trian_loss: 0.0035, trian_mae: 0.0598, trian_mse:0.0071, trian_r2: -inf, trian_cc: nan
Epoch  9, val_loss: 0.0041, val_mae: 0.0663, val_mse: 0.0082, val_r2: -47.0514, val_cc: 0.4742
Epoch 10, trian_loss: 0.0035, trian_mae: 0.0595, trian_mse:0.0071, trian_r2: -inf, trian_cc: nan
Epoch 10, val_loss: 0.0040, val_mae: 0.0653, val_mse: 0.0081, val_r2: -26.2353, val_cc: 0.4815
Epoch 11, trian_loss: 0.0034, trian_mae: 0.0585, trian_mse:0.0068, trian_r2: -inf, trian_cc: nan
Epoch 11, val_loss: 0.0040, val_mae: 0.0650, val_mse: 0.0081, val_r2: -30.6870, val_cc: 0.4936
Epoch 12, trian_loss: 0.0034, trian_mae: 0.0583, trian_mse:0.0068, trian_r2: -inf, trian_cc: nan
Epoch 12, val_loss: 0.0039, val_mae: 0.0643, val_mse: 0.0079, val_r2: -17.7505, val_cc: 0.5006
Epoch 13, trian_loss: 0.0034, trian_mae: 0.0581, trian_mse:0.0068, trian_r2: -inf, trian_cc: nan
Epoch 13, val_loss: 0.0040, val_mae: 0.0633, val_mse: 0.0079, val_r2: -21.2637, val_cc: 0.5003
Epoch 14, trian_loss: 0.0033, trian_mae: 0.0574, trian_mse:0.0067, trian_r2: -inf, trian_cc: nan
Epoch 14, val_loss: 0.0040, val_mae: 0.0622, val_mse: 0.0079, val_r2: -21.7509, val_cc: 0.4984
Epoch 15, trian_loss: 0.0033, trian_mae: 0.0570, trian_mse:0.0065, trian_r2: -inf, trian_cc: nan
Epoch 15, val_loss: 0.0039, val_mae: 0.0634, val_mse: 0.0078, val_r2: -19.8111, val_cc: 0.5153
Epoch 16, trian_loss: 0.0032, trian_mae: 0.0562, trian_mse:0.0065, trian_r2: -inf, trian_cc: nan
Epoch 16, val_loss: 0.0039, val_mae: 0.0618, val_mse: 0.0078, val_r2: -17.0843, val_cc: 0.5184
Epoch 17, trian_loss: 0.0032, trian_mae: 0.0562, trian_mse:0.0064, trian_r2: -inf, trian_cc: nan
Epoch 17, val_loss: 0.0038, val_mae: 0.0609, val_mse: 0.0077, val_r2: -14.9407, val_cc: 0.5145
Epoch 18, trian_loss: 0.0032, trian_mae: 0.0559, trian_mse:0.0063, trian_r2: -inf, trian_cc: nan
Epoch 18, val_loss: 0.0040, val_mae: 0.0638, val_mse: 0.0081, val_r2: -11.1213, val_cc: 0.5200
Epoch 19, trian_loss: 0.0031, trian_mae: 0.0547, trian_mse:0.0061, trian_r2: -inf, trian_cc: nan
Epoch 19, val_loss: 0.0041, val_mae: 0.0639, val_mse: 0.0081, val_r2: -4.6180, val_cc: 0.5016
Epoch 20, trian_loss: 0.0030, trian_mae: 0.0551, trian_mse:0.0061, trian_r2: -inf, trian_cc: nan
Epoch 20, val_loss: 0.0042, val_mae: 0.0647, val_mse: 0.0084, val_r2: -6.7164, val_cc: 0.5092
Epoch 21, trian_loss: 0.0030, trian_mae: 0.0547, trian_mse:0.0060, trian_r2: -inf, trian_cc: nan
Epoch 21, val_loss: 0.0042, val_mae: 0.0635, val_mse: 0.0083, val_r2: -5.2394, val_cc: 0.5067
Epoch 22, trian_loss: 0.0030, trian_mae: 0.0546, trian_mse:0.0060, trian_r2: -inf, trian_cc: nan
Epoch 22, val_loss: 0.0045, val_mae: 0.0662, val_mse: 0.0091, val_r2: -4.5624, val_cc: 0.4921
Epoch 23, trian_loss: 0.0029, trian_mae: 0.0544, trian_mse:0.0058, trian_r2: -inf, trian_cc: nan
Epoch 23, val_loss: 0.0042, val_mae: 0.0626, val_mse: 0.0084, val_r2: -8.6004, val_cc: 0.4817
Epoch 24, trian_loss: 0.0029, trian_mae: 0.0538, trian_mse:0.0057, trian_r2: -inf, trian_cc: nan
Epoch 24, val_loss: 0.0045, val_mae: 0.0654, val_mse: 0.0091, val_r2: -4.6506, val_cc: 0.4807
Epoch 25, trian_loss: 0.0028, trian_mae: 0.0532, trian_mse:0.0056, trian_r2: -inf, trian_cc: nan
Epoch 25, val_loss: 0.0048, val_mae: 0.0680, val_mse: 0.0097, val_r2: -4.3806, val_cc: 0.4893
Epoch 26, trian_loss: 0.0029, trian_mae: 0.0543, trian_mse:0.0058, trian_r2: -inf, trian_cc: nan
Epoch 26, val_loss: 0.0043, val_mae: 0.0637, val_mse: 0.0086, val_r2: -5.1437, val_cc: 0.4980
Epoch 27, trian_loss: 0.0026, trian_mae: 0.0520, trian_mse:0.0052, trian_r2: -inf, trian_cc: nan
Epoch 27, val_loss: 0.0042, val_mae: 0.0616, val_mse: 0.0083, val_r2: -5.7362, val_cc: 0.4963
Epoch 28, trian_loss: 0.0027, trian_mae: 0.0524, trian_mse:0.0054, trian_r2: -inf, trian_cc: nan
Epoch 28, val_loss: 0.0043, val_mae: 0.0622, val_mse: 0.0086, val_r2: -6.1787, val_cc: 0.4998
Epoch 29, trian_loss: 0.0026, trian_mae: 0.0512, trian_mse:0.0051, trian_r2: -inf, trian_cc: nan
Epoch 29, val_loss: 0.0039, val_mae: 0.0619, val_mse: 0.0077, val_r2: -12.8266, val_cc: 0.5044
Epoch 30, trian_loss: 0.0026, trian_mae: 0.0514, trian_mse:0.0051, trian_r2: -inf, trian_cc: nan
Epoch 30, val_loss: 0.0044, val_mae: 0.0623, val_mse: 0.0087, val_r2: -5.5971, val_cc: 0.4851
Epoch 31, trian_loss: 0.0024, trian_mae: 0.0499, trian_mse:0.0049, trian_r2: -inf, trian_cc: nan
Epoch 31, val_loss: 0.0040, val_mae: 0.0605, val_mse: 0.0080, val_r2: -5.3443, val_cc: 0.5100
Epoch 32, trian_loss: 0.0026, trian_mae: 0.0509, trian_mse:0.0052, trian_r2: -inf, trian_cc: nan
Epoch 32, val_loss: 0.0043, val_mae: 0.0644, val_mse: 0.0085, val_r2: -3.4676, val_cc: 0.4982
Epoch 33, trian_loss: 0.0023, trian_mae: 0.0493, trian_mse:0.0046, trian_r2: -inf, trian_cc: nan
Epoch 33, val_loss: 0.0041, val_mae: 0.0599, val_mse: 0.0081, val_r2: -7.5701, val_cc: 0.5070
Epoch 34, trian_loss: 0.0023, trian_mae: 0.0492, trian_mse:0.0047, trian_r2: -inf, trian_cc: nan
Epoch 34, val_loss: 0.0041, val_mae: 0.0603, val_mse: 0.0082, val_r2: -5.0989, val_cc: 0.4981
Epoch 35, trian_loss: 0.0024, trian_mae: 0.0495, trian_mse:0.0048, trian_r2: -inf, trian_cc: nan
Epoch 35, val_loss: 0.0039, val_mae: 0.0632, val_mse: 0.0078, val_r2: -11.1138, val_cc: 0.4983
Epoch 36, trian_loss: 0.0024, trian_mae: 0.0496, trian_mse:0.0047, trian_r2: -inf, trian_cc: nan
Epoch 36, val_loss: 0.0040, val_mae: 0.0614, val_mse: 0.0080, val_r2: -5.3166, val_cc: 0.5133
Epoch 37, trian_loss: 0.0023, trian_mae: 0.0491, trian_mse:0.0047, trian_r2: -inf, trian_cc: nan
Epoch 37, val_loss: 0.0042, val_mae: 0.0617, val_mse: 0.0084, val_r2: -4.0950, val_cc: 0.5133
Epoch 38, trian_loss: 0.0022, trian_mae: 0.0481, trian_mse:0.0045, trian_r2: -inf, trian_cc: nan
Epoch 38, val_loss: 0.0040, val_mae: 0.0606, val_mse: 0.0081, val_r2: -4.3989, val_cc: 0.5175
Epoch 39, trian_loss: 0.0022, trian_mae: 0.0476, trian_mse:0.0043, trian_r2: -inf, trian_cc: nan
Epoch 39, val_loss: 0.0042, val_mae: 0.0592, val_mse: 0.0084, val_r2: -7.8221, val_cc: 0.4952
Epoch 40, trian_loss: 0.0023, trian_mae: 0.0477, trian_mse:0.0046, trian_r2: -inf, trian_cc: nan
Epoch 40, val_loss: 0.0047, val_mae: 0.0616, val_mse: 0.0095, val_r2: -12.2604, val_cc: 0.4895
Epoch 41, trian_loss: 0.0022, trian_mae: 0.0469, trian_mse:0.0044, trian_r2: -inf, trian_cc: nan
Epoch 41, val_loss: 0.0046, val_mae: 0.0680, val_mse: 0.0092, val_r2: -2.4568, val_cc: 0.5369
Epoch 42, trian_loss: 0.0021, trian_mae: 0.0463, trian_mse:0.0042, trian_r2: -inf, trian_cc: nan
Epoch 42, val_loss: 0.0037, val_mae: 0.0602, val_mse: 0.0074, val_r2: -4.9694, val_cc: 0.5255
Epoch 43, trian_loss: 0.0021, trian_mae: 0.0463, trian_mse:0.0042, trian_r2: -inf, trian_cc: nan
Epoch 43, val_loss: 0.0042, val_mae: 0.0601, val_mse: 0.0085, val_r2: -5.6232, val_cc: 0.5122
Epoch 44, trian_loss: 0.0022, trian_mae: 0.0473, trian_mse:0.0044, trian_r2: -inf, trian_cc: nan
Epoch 44, val_loss: 0.0039, val_mae: 0.0576, val_mse: 0.0077, val_r2: -7.4296, val_cc: 0.5269
Epoch 45, trian_loss: 0.0021, trian_mae: 0.0462, trian_mse:0.0043, trian_r2: -inf, trian_cc: nan
Epoch 45, val_loss: 0.0043, val_mae: 0.0613, val_mse: 0.0085, val_r2: -4.3909, val_cc: 0.5073
Epoch 46, trian_loss: 0.0020, trian_mae: 0.0452, trian_mse:0.0041, trian_r2: -inf, trian_cc: nan
Epoch 46, val_loss: 0.0044, val_mae: 0.0597, val_mse: 0.0087, val_r2: -9.4954, val_cc: 0.5026
Epoch 47, trian_loss: 0.0020, trian_mae: 0.0453, trian_mse:0.0040, trian_r2: -inf, trian_cc: nan
Epoch 47, val_loss: 0.0048, val_mae: 0.0681, val_mse: 0.0096, val_r2: -2.0796, val_cc: 0.5364
Epoch 48, trian_loss: 0.0020, trian_mae: 0.0455, trian_mse:0.0040, trian_r2: -inf, trian_cc: nan
Epoch 48, val_loss: 0.0043, val_mae: 0.0600, val_mse: 0.0086, val_r2: -6.3090, val_cc: 0.5121
Epoch 49, trian_loss: 0.0020, trian_mae: 0.0452, trian_mse:0.0039, trian_r2: -inf, trian_cc: nan
Epoch 49, val_loss: 0.0046, val_mae: 0.0611, val_mse: 0.0092, val_r2: -8.7385, val_cc: 0.4994
Epoch 50, trian_loss: 0.0021, trian_mae: 0.0458, trian_mse:0.0041, trian_r2: -inf, trian_cc: nan
Epoch 50, val_loss: 0.0044, val_mae: 0.0645, val_mse: 0.0088, val_r2: -1.9839, val_cc: 0.5317
Epoch 51, trian_loss: 0.0020, trian_mae: 0.0454, trian_mse:0.0041, trian_r2: -inf, trian_cc: nan
Epoch 51, val_loss: 0.0041, val_mae: 0.0618, val_mse: 0.0082, val_r2: -3.0592, val_cc: 0.5323
Epoch 52, trian_loss: 0.0020, trian_mae: 0.0456, trian_mse:0.0041, trian_r2: -inf, trian_cc: nan
Epoch 52, val_loss: 0.0045, val_mae: 0.0605, val_mse: 0.0090, val_r2: -7.9248, val_cc: 0.4929
Epoch 53, trian_loss: 0.0018, trian_mae: 0.0439, trian_mse:0.0037, trian_r2: -inf, trian_cc: nan
Epoch 53, val_loss: 0.0044, val_mae: 0.0591, val_mse: 0.0088, val_r2: -9.3226, val_cc: 0.5050
Epoch 54, trian_loss: 0.0020, trian_mae: 0.0452, trian_mse:0.0040, trian_r2: -inf, trian_cc: nan
Epoch 54, val_loss: 0.0038, val_mae: 0.0583, val_mse: 0.0076, val_r2: -5.0032, val_cc: 0.5358
Epoch 55, trian_loss: 0.0021, trian_mae: 0.0449, trian_mse:0.0041, trian_r2: -inf, trian_cc: nan
Epoch 55, val_loss: 0.0042, val_mae: 0.0577, val_mse: 0.0083, val_r2: -11.9682, val_cc: 0.5213
Epoch 56, trian_loss: 0.0020, trian_mae: 0.0450, trian_mse:0.0040, trian_r2: -inf, trian_cc: nan
Epoch 56, val_loss: 0.0045, val_mae: 0.0664, val_mse: 0.0089, val_r2: -2.2186, val_cc: 0.5460
Epoch 57, trian_loss: 0.0018, trian_mae: 0.0432, trian_mse:0.0037, trian_r2: -inf, trian_cc: nan
Epoch 57, val_loss: 0.0040, val_mae: 0.0599, val_mse: 0.0080, val_r2: -3.2127, val_cc: 0.5395
Epoch 58, trian_loss: 0.0017, trian_mae: 0.0422, trian_mse:0.0035, trian_r2: -inf, trian_cc: nan
Epoch 58, val_loss: 0.0043, val_mae: 0.0639, val_mse: 0.0086, val_r2: -1.7841, val_cc: 0.5343
Epoch 59, trian_loss: 0.0017, trian_mae: 0.0418, trian_mse:0.0034, trian_r2: -inf, trian_cc: nan
Epoch 59, val_loss: 0.0038, val_mae: 0.0572, val_mse: 0.0076, val_r2: -4.5210, val_cc: 0.5439
Epoch 60, trian_loss: 0.0018, trian_mae: 0.0426, trian_mse:0.0036, trian_r2: -inf, trian_cc: nan
Epoch 60, val_loss: 0.0043, val_mae: 0.0640, val_mse: 0.0086, val_r2: -2.0009, val_cc: 0.5452
Epoch 61, trian_loss: 0.0018, trian_mae: 0.0433, trian_mse:0.0037, trian_r2: -inf, trian_cc: nan
Epoch 61, val_loss: 0.0046, val_mae: 0.0597, val_mse: 0.0091, val_r2: -11.5106, val_cc: 0.5082
Epoch 62, trian_loss: 0.0020, trian_mae: 0.0444, trian_mse:0.0041, trian_r2: -inf, trian_cc: nan
Epoch 62, val_loss: 0.0041, val_mae: 0.0616, val_mse: 0.0082, val_r2: -2.6482, val_cc: 0.5329
Epoch 63, trian_loss: 0.0016, trian_mae: 0.0416, trian_mse:0.0033, trian_r2: -inf, trian_cc: nan
Epoch 63, val_loss: 0.0042, val_mae: 0.0583, val_mse: 0.0084, val_r2: -6.0305, val_cc: 0.5205
Epoch 64, trian_loss: 0.0017, trian_mae: 0.0415, trian_mse:0.0033, trian_r2: -inf, trian_cc: nan
Epoch 64, val_loss: 0.0038, val_mae: 0.0604, val_mse: 0.0076, val_r2: -2.1428, val_cc: 0.5471
Epoch 65, trian_loss: 0.0017, trian_mae: 0.0422, trian_mse:0.0034, trian_r2: -inf, trian_cc: nan
Epoch 65, val_loss: 0.0044, val_mae: 0.0616, val_mse: 0.0088, val_r2: -4.2826, val_cc: 0.5286
Epoch 66, trian_loss: 0.0017, trian_mae: 0.0411, trian_mse:0.0033, trian_r2: -inf, trian_cc: nan
Epoch 66, val_loss: 0.0039, val_mae: 0.0587, val_mse: 0.0078, val_r2: -3.2751, val_cc: 0.5462
Epoch 67, trian_loss: 0.0016, trian_mae: 0.0403, trian_mse:0.0031, trian_r2: -inf, trian_cc: nan
Epoch 67, val_loss: 0.0038, val_mae: 0.0562, val_mse: 0.0077, val_r2: -5.7170, val_cc: 0.5400
Epoch 68, trian_loss: 0.0015, trian_mae: 0.0393, trian_mse:0.0030, trian_r2: -inf, trian_cc: nan
Epoch 68, val_loss: 0.0042, val_mae: 0.0627, val_mse: 0.0084, val_r2: -1.9420, val_cc: 0.5315
Epoch 69, trian_loss: 0.0015, trian_mae: 0.0395, trian_mse:0.0031, trian_r2: -inf, trian_cc: nan
Epoch 69, val_loss: 0.0041, val_mae: 0.0573, val_mse: 0.0083, val_r2: -6.0188, val_cc: 0.5295
Epoch 70, trian_loss: 0.0016, trian_mae: 0.0407, trian_mse:0.0032, trian_r2: -inf, trian_cc: nan
Epoch 70, val_loss: 0.0040, val_mae: 0.0598, val_mse: 0.0081, val_r2: -2.6458, val_cc: 0.5458
Epoch 71, trian_loss: 0.0016, trian_mae: 0.0407, trian_mse:0.0033, trian_r2: -inf, trian_cc: nan
Epoch 71, val_loss: 0.0046, val_mae: 0.0597, val_mse: 0.0092, val_r2: -10.8593, val_cc: 0.5350
Epoch 72, trian_loss: 0.0016, trian_mae: 0.0401, trian_mse:0.0032, trian_r2: -inf, trian_cc: nan
Epoch 72, val_loss: 0.0037, val_mae: 0.0587, val_mse: 0.0074, val_r2: -2.9952, val_cc: 0.5506
Epoch 73, trian_loss: 0.0015, trian_mae: 0.0397, trian_mse:0.0031, trian_r2: -inf, trian_cc: nan
Epoch 73, val_loss: 0.0040, val_mae: 0.0577, val_mse: 0.0080, val_r2: -4.6638, val_cc: 0.5290
Epoch 74, trian_loss: 0.0015, trian_mae: 0.0392, trian_mse:0.0030, trian_r2: -inf, trian_cc: nan
Epoch 74, val_loss: 0.0039, val_mae: 0.0583, val_mse: 0.0078, val_r2: -3.2647, val_cc: 0.5350
Epoch 75, trian_loss: 0.0013, trian_mae: 0.0367, trian_mse:0.0026, trian_r2: -inf, trian_cc: nan
Epoch 75, val_loss: 0.0039, val_mae: 0.0568, val_mse: 0.0078, val_r2: -3.7675, val_cc: 0.5375
Epoch 76, trian_loss: 0.0013, trian_mae: 0.0364, trian_mse:0.0026, trian_r2: -inf, trian_cc: nan
Epoch 76, val_loss: 0.0038, val_mae: 0.0565, val_mse: 0.0076, val_r2: -3.4778, val_cc: 0.5364
Epoch 77, trian_loss: 0.0013, trian_mae: 0.0362, trian_mse:0.0025, trian_r2: -inf, trian_cc: nan
Epoch 77, val_loss: 0.0041, val_mae: 0.0566, val_mse: 0.0081, val_r2: -6.6042, val_cc: 0.5336
Epoch 78, trian_loss: 0.0012, trian_mae: 0.0357, trian_mse:0.0024, trian_r2: -inf, trian_cc: nan
Epoch 78, val_loss: 0.0037, val_mae: 0.0567, val_mse: 0.0075, val_r2: -3.4082, val_cc: 0.5415
Epoch 79, trian_loss: 0.0012, trian_mae: 0.0350, trian_mse:0.0023, trian_r2: -inf, trian_cc: nan
Epoch 79, val_loss: 0.0040, val_mae: 0.0571, val_mse: 0.0080, val_r2: -4.0563, val_cc: 0.5310
Epoch 80, trian_loss: 0.0012, trian_mae: 0.0353, trian_mse:0.0024, trian_r2: -inf, trian_cc: nan
Epoch 80, val_loss: 0.0041, val_mae: 0.0566, val_mse: 0.0082, val_r2: -5.5460, val_cc: 0.5255
Epoch 81, trian_loss: 0.0012, trian_mae: 0.0350, trian_mse:0.0024, trian_r2: -inf, trian_cc: nan
Epoch 81, val_loss: 0.0040, val_mae: 0.0569, val_mse: 0.0080, val_r2: -3.9702, val_cc: 0.5356
Epoch 82, trian_loss: 0.0012, trian_mae: 0.0350, trian_mse:0.0024, trian_r2: -inf, trian_cc: nan
Epoch 82, val_loss: 0.0039, val_mae: 0.0582, val_mse: 0.0078, val_r2: -2.7574, val_cc: 0.5404
Epoch 83, trian_loss: 0.0012, trian_mae: 0.0348, trian_mse:0.0023, trian_r2: -inf, trian_cc: nan
Epoch 83, val_loss: 0.0040, val_mae: 0.0580, val_mse: 0.0080, val_r2: -2.6108, val_cc: 0.5307
Epoch 84, trian_loss: 0.0011, trian_mae: 0.0346, trian_mse:0.0023, trian_r2: -inf, trian_cc: nan
Epoch 84, val_loss: 0.0037, val_mae: 0.0567, val_mse: 0.0075, val_r2: -3.3388, val_cc: 0.5385
Epoch 85, trian_loss: 0.0011, trian_mae: 0.0339, trian_mse:0.0022, trian_r2: -inf, trian_cc: nan
Epoch 85, val_loss: 0.0041, val_mae: 0.0564, val_mse: 0.0083, val_r2: -7.3111, val_cc: 0.5260
Epoch 86, trian_loss: 0.0010, trian_mae: 0.0334, trian_mse:0.0021, trian_r2: -inf, trian_cc: nan
Epoch 86, val_loss: 0.0040, val_mae: 0.0561, val_mse: 0.0079, val_r2: -5.0249, val_cc: 0.5374
Epoch 87, trian_loss: 0.0011, trian_mae: 0.0340, trian_mse:0.0022, trian_r2: -inf, trian_cc: nan
Epoch 87, val_loss: 0.0039, val_mae: 0.0558, val_mse: 0.0077, val_r2: -3.7837, val_cc: 0.5356
Epoch 88, trian_loss: 0.0011, trian_mae: 0.0333, trian_mse:0.0021, trian_r2: -inf, trian_cc: nan
Epoch 88, val_loss: 0.0039, val_mae: 0.0561, val_mse: 0.0078, val_r2: -4.1231, val_cc: 0.5298
Epoch 89, trian_loss: 0.0010, trian_mae: 0.0330, trian_mse:0.0020, trian_r2: -inf, trian_cc: nan
Epoch 89, val_loss: 0.0039, val_mae: 0.0556, val_mse: 0.0079, val_r2: -4.8807, val_cc: 0.5352
Epoch 90, trian_loss: 0.0010, trian_mae: 0.0329, trian_mse:0.0020, trian_r2: -inf, trian_cc: nan
Epoch 90, val_loss: 0.0041, val_mae: 0.0566, val_mse: 0.0082, val_r2: -4.9705, val_cc: 0.5322
Epoch 91, trian_loss: 0.0011, trian_mae: 0.0334, trian_mse:0.0021, trian_r2: -inf, trian_cc: nan
Epoch 91, val_loss: 0.0039, val_mae: 0.0565, val_mse: 0.0078, val_r2: -3.6882, val_cc: 0.5383
Epoch 92, trian_loss: 0.0010, trian_mae: 0.0327, trian_mse:0.0020, trian_r2: -inf, trian_cc: nan
Epoch 92, val_loss: 0.0040, val_mae: 0.0561, val_mse: 0.0080, val_r2: -5.7393, val_cc: 0.5315
Epoch 93, trian_loss: 0.0010, trian_mae: 0.0318, trian_mse:0.0019, trian_r2: -inf, trian_cc: nan
Epoch 93, val_loss: 0.0041, val_mae: 0.0606, val_mse: 0.0083, val_r2: -1.9489, val_cc: 0.5351
Epoch 94, trian_loss: 0.0010, trian_mae: 0.0319, trian_mse:0.0019, trian_r2: -inf, trian_cc: nan
Epoch 94, val_loss: 0.0041, val_mae: 0.0580, val_mse: 0.0081, val_r2: -2.5367, val_cc: 0.5300
Epoch 95, trian_loss: 0.0010, trian_mae: 0.0326, trian_mse:0.0020, trian_r2: -inf, trian_cc: nan
Epoch 95, val_loss: 0.0040, val_mae: 0.0572, val_mse: 0.0080, val_r2: -2.8585, val_cc: 0.5281
Epoch 96, trian_loss: 0.0009, trian_mae: 0.0317, trian_mse:0.0019, trian_r2: -inf, trian_cc: nan
Epoch 96, val_loss: 0.0039, val_mae: 0.0562, val_mse: 0.0079, val_r2: -3.2637, val_cc: 0.5344
Epoch 97, trian_loss: 0.0010, trian_mae: 0.0321, trian_mse:0.0019, trian_r2: -inf, trian_cc: nan
Epoch 97, val_loss: 0.0040, val_mae: 0.0564, val_mse: 0.0080, val_r2: -3.5335, val_cc: 0.5272
Epoch 98, trian_loss: 0.0009, trian_mae: 0.0313, trian_mse:0.0018, trian_r2: -inf, trian_cc: nan
Epoch 98, val_loss: 0.0043, val_mae: 0.0573, val_mse: 0.0086, val_r2: -6.3805, val_cc: 0.5166
Epoch 99, trian_loss: 0.0009, trian_mae: 0.0312, trian_mse:0.0018, trian_r2: -inf, trian_cc: nan
Epoch 99, val_loss: 0.0039, val_mae: 0.0567, val_mse: 0.0079, val_r2: -3.4181, val_cc: 0.5288
