Trian Data: 532   Validation Data: 177  Test Data: 178
[1, 1, 1]
[1, 1, 1]
[1, 1, 1]
[1, 1, 1]
model SENet(
  (conv1): Conv2d(61, 64, kernel_size=(3, 3), stride=(1, 1), padding=(1, 1), bias=False)
  (bn1): BatchNorm2d(64, eps=1e-05, momentum=0.1, affine=True, track_running_stats=True)
  (layer1): Sequential(
    (0): BasicBlock(
      (conv1): Conv2d(64, 64, kernel_size=(3, 3), stride=(1, 1), padding=(1, 1), bias=False)
      (bn1): BatchNorm2d(64, eps=1e-05, momentum=0.1, affine=True, track_running_stats=True)
      (conv2): Conv2d(64, 64, kernel_size=(3, 3), stride=(1, 1), padding=(1, 1), bias=False)
      (bn2): BatchNorm2d(64, eps=1e-05, momentum=0.1, affine=True, track_running_stats=True)
      (shortcut): Sequential()
      (fc1): Conv2d(64, 4, kernel_size=(1, 1), stride=(1, 1))
      (fc2): Conv2d(4, 64, kernel_size=(1, 1), stride=(1, 1))
    )
    (1): BasicBlock(
      (conv1): Conv2d(64, 64, kernel_size=(3, 3), stride=(1, 1), padding=(1, 1), bias=False)
      (bn1): BatchNorm2d(64, eps=1e-05, momentum=0.1, affine=True, track_running_stats=True)
      (conv2): Conv2d(64, 64, kernel_size=(3, 3), stride=(1, 1), padding=(1, 1), bias=False)
      (bn2): BatchNorm2d(64, eps=1e-05, momentum=0.1, affine=True, track_running_stats=True)
      (shortcut): Sequential()
      (fc1): Conv2d(64, 4, kernel_size=(1, 1), stride=(1, 1))
      (fc2): Conv2d(4, 64, kernel_size=(1, 1), stride=(1, 1))
    )
    (2): BasicBlock(
      (conv1): Conv2d(64, 64, kernel_size=(3, 3), stride=(1, 1), padding=(1, 1), bias=False)
      (bn1): BatchNorm2d(64, eps=1e-05, momentum=0.1, affine=True, track_running_stats=True)
      (conv2): Conv2d(64, 64, kernel_size=(3, 3), stride=(1, 1), padding=(1, 1), bias=False)
      (bn2): BatchNorm2d(64, eps=1e-05, momentum=0.1, affine=True, track_running_stats=True)
      (shortcut): Sequential()
      (fc1): Conv2d(64, 4, kernel_size=(1, 1), stride=(1, 1))
      (fc2): Conv2d(4, 64, kernel_size=(1, 1), stride=(1, 1))
    )
  )
  (layer2): Sequential(
    (0): BasicBlock(
      (conv1): Conv2d(64, 64, kernel_size=(3, 3), stride=(1, 1), padding=(1, 1), bias=False)
      (bn1): BatchNorm2d(64, eps=1e-05, momentum=0.1, affine=True, track_running_stats=True)
      (conv2): Conv2d(64, 64, kernel_size=(3, 3), stride=(1, 1), padding=(1, 1), bias=False)
      (bn2): BatchNorm2d(64, eps=1e-05, momentum=0.1, affine=True, track_running_stats=True)
      (shortcut): Sequential()
      (fc1): Conv2d(64, 4, kernel_size=(1, 1), stride=(1, 1))
      (fc2): Conv2d(4, 64, kernel_size=(1, 1), stride=(1, 1))
    )
    (1): BasicBlock(
      (conv1): Conv2d(64, 64, kernel_size=(3, 3), stride=(1, 1), padding=(1, 1), bias=False)
      (bn1): BatchNorm2d(64, eps=1e-05, momentum=0.1, affine=True, track_running_stats=True)
      (conv2): Conv2d(64, 64, kernel_size=(3, 3), stride=(1, 1), padding=(1, 1), bias=False)
      (bn2): BatchNorm2d(64, eps=1e-05, momentum=0.1, affine=True, track_running_stats=True)
      (shortcut): Sequential()
      (fc1): Conv2d(64, 4, kernel_size=(1, 1), stride=(1, 1))
      (fc2): Conv2d(4, 64, kernel_size=(1, 1), stride=(1, 1))
    )
    (2): BasicBlock(
      (conv1): Conv2d(64, 64, kernel_size=(3, 3), stride=(1, 1), padding=(1, 1), bias=False)
      (bn1): BatchNorm2d(64, eps=1e-05, momentum=0.1, affine=True, track_running_stats=True)
      (conv2): Conv2d(64, 64, kernel_size=(3, 3), stride=(1, 1), padding=(1, 1), bias=False)
      (bn2): BatchNorm2d(64, eps=1e-05, momentum=0.1, affine=True, track_running_stats=True)
      (shortcut): Sequential()
      (fc1): Conv2d(64, 4, kernel_size=(1, 1), stride=(1, 1))
      (fc2): Conv2d(4, 64, kernel_size=(1, 1), stride=(1, 1))
    )
  )
  (layer3): Sequential(
    (0): BasicBlock(
      (conv1): Conv2d(64, 64, kernel_size=(3, 3), stride=(1, 1), padding=(1, 1), bias=False)
      (bn1): BatchNorm2d(64, eps=1e-05, momentum=0.1, affine=True, track_running_stats=True)
      (conv2): Conv2d(64, 64, kernel_size=(3, 3), stride=(1, 1), padding=(1, 1), bias=False)
      (bn2): BatchNorm2d(64, eps=1e-05, momentum=0.1, affine=True, track_running_stats=True)
      (shortcut): Sequential()
      (fc1): Conv2d(64, 4, kernel_size=(1, 1), stride=(1, 1))
      (fc2): Conv2d(4, 64, kernel_size=(1, 1), stride=(1, 1))
    )
    (1): BasicBlock(
      (conv1): Conv2d(64, 64, kernel_size=(3, 3), stride=(1, 1), padding=(1, 1), bias=False)
      (bn1): BatchNorm2d(64, eps=1e-05, momentum=0.1, affine=True, track_running_stats=True)
      (conv2): Conv2d(64, 64, kernel_size=(3, 3), stride=(1, 1), padding=(1, 1), bias=False)
      (bn2): BatchNorm2d(64, eps=1e-05, momentum=0.1, affine=True, track_running_stats=True)
      (shortcut): Sequential()
      (fc1): Conv2d(64, 4, kernel_size=(1, 1), stride=(1, 1))
      (fc2): Conv2d(4, 64, kernel_size=(1, 1), stride=(1, 1))
    )
    (2): BasicBlock(
      (conv1): Conv2d(64, 64, kernel_size=(3, 3), stride=(1, 1), padding=(1, 1), bias=False)
      (bn1): BatchNorm2d(64, eps=1e-05, momentum=0.1, affine=True, track_running_stats=True)
      (conv2): Conv2d(64, 64, kernel_size=(3, 3), stride=(1, 1), padding=(1, 1), bias=False)
      (bn2): BatchNorm2d(64, eps=1e-05, momentum=0.1, affine=True, track_running_stats=True)
      (shortcut): Sequential()
      (fc1): Conv2d(64, 4, kernel_size=(1, 1), stride=(1, 1))
      (fc2): Conv2d(4, 64, kernel_size=(1, 1), stride=(1, 1))
    )
  )
  (layer4): Sequential(
    (0): BasicBlock(
      (conv1): Conv2d(64, 64, kernel_size=(3, 3), stride=(1, 1), padding=(1, 1), bias=False)
      (bn1): BatchNorm2d(64, eps=1e-05, momentum=0.1, affine=True, track_running_stats=True)
      (conv2): Conv2d(64, 64, kernel_size=(3, 3), stride=(1, 1), padding=(1, 1), bias=False)
      (bn2): BatchNorm2d(64, eps=1e-05, momentum=0.1, affine=True, track_running_stats=True)
      (shortcut): Sequential()
      (fc1): Conv2d(64, 4, kernel_size=(1, 1), stride=(1, 1))
      (fc2): Conv2d(4, 64, kernel_size=(1, 1), stride=(1, 1))
    )
    (1): BasicBlock(
      (conv1): Conv2d(64, 64, kernel_size=(3, 3), stride=(1, 1), padding=(1, 1), bias=False)
      (bn1): BatchNorm2d(64, eps=1e-05, momentum=0.1, affine=True, track_running_stats=True)
      (conv2): Conv2d(64, 64, kernel_size=(3, 3), stride=(1, 1), padding=(1, 1), bias=False)
      (bn2): BatchNorm2d(64, eps=1e-05, momentum=0.1, affine=True, track_running_stats=True)
      (shortcut): Sequential()
      (fc1): Conv2d(64, 4, kernel_size=(1, 1), stride=(1, 1))
      (fc2): Conv2d(4, 64, kernel_size=(1, 1), stride=(1, 1))
    )
    (2): BasicBlock(
      (conv1): Conv2d(64, 64, kernel_size=(3, 3), stride=(1, 1), padding=(1, 1), bias=False)
      (bn1): BatchNorm2d(64, eps=1e-05, momentum=0.1, affine=True, track_running_stats=True)
      (conv2): Conv2d(64, 64, kernel_size=(3, 3), stride=(1, 1), padding=(1, 1), bias=False)
      (bn2): BatchNorm2d(64, eps=1e-05, momentum=0.1, affine=True, track_running_stats=True)
      (shortcut): Sequential()
      (fc1): Conv2d(64, 4, kernel_size=(1, 1), stride=(1, 1))
      (fc2): Conv2d(4, 64, kernel_size=(1, 1), stride=(1, 1))
    )
  )
  (cnn): CNNnet(
    (conv1): Sequential(
      (0): Conv2d(64, 32, kernel_size=(3, 3), stride=(1, 1), padding=(1, 1))
      (1): BatchNorm2d(32, eps=1e-05, momentum=0.1, affine=True, track_running_stats=True)
      (2): ReLU()
    )
    (conv2): Sequential(
      (0): Conv2d(32, 1, kernel_size=(3, 3), stride=(1, 1), padding=(1, 1))
      (1): BatchNorm2d(1, eps=1e-05, momentum=0.1, affine=True, track_running_stats=True)
      (2): ReLU()
    )
  )
)
Epoch  0, trian_loss: 0.0076, trian_mae: 0.0894, trian_mse:0.0153, trian_r2: -10.2743, trian_cc: 0.2600
Epoch  0, val_loss: 0.0062, val_mae: 0.0885, val_mse: 0.0124, val_r2: -20.4672, val_cc: 0.2084
Epoch  1, trian_loss: 0.0051, trian_mae: 0.0748, trian_mse:0.0101, trian_r2: -652.3086, trian_cc: 0.0890
Epoch  1, val_loss: 0.0049, val_mae: 0.0741, val_mse: 0.0098, val_r2: -781.8955, val_cc: 0.1084
Epoch  2, trian_loss: 0.0050, trian_mae: 0.0741, trian_mse:0.0099, trian_r2: -1232.6293, trian_cc: 0.1146
Epoch  2, val_loss: 0.0049, val_mae: 0.0741, val_mse: 0.0098, val_r2: -980.2556, val_cc: 0.1202
Epoch  3, trian_loss: 0.0049, trian_mae: 0.0741, trian_mse:0.0099, trian_r2: -1951.2542, trian_cc: 0.1220
Epoch  3, val_loss: 0.0049, val_mae: 0.0742, val_mse: 0.0098, val_r2: -1151.0881, val_cc: 0.1237
Epoch  4, trian_loss: 0.0049, trian_mae: 0.0742, trian_mse:0.0099, trian_r2: -1713.3873, trian_cc: 0.1252
Epoch  4, val_loss: 0.0049, val_mae: 0.0742, val_mse: 0.0098, val_r2: -904.3312, val_cc: 0.1304
Epoch  5, trian_loss: 0.0051, trian_mae: 0.0757, trian_mse:0.0103, trian_r2: -1685.7819, trian_cc: 0.1283
Epoch  5, val_loss: 0.0049, val_mae: 0.0742, val_mse: 0.0098, val_r2: -1038.6676, val_cc: 0.1325
Epoch  6, trian_loss: 0.0049, trian_mae: 0.0740, trian_mse:0.0099, trian_r2: -1380.4519, trian_cc: 0.1292
Epoch  6, val_loss: 0.0049, val_mae: 0.0741, val_mse: 0.0097, val_r2: -675.3683, val_cc: 0.1343
Epoch  7, trian_loss: 0.0049, trian_mae: 0.0739, trian_mse:0.0098, trian_r2: -903.3876, trian_cc: 0.1477
Epoch  7, val_loss: 0.0048, val_mae: 0.0743, val_mse: 0.0096, val_r2: -627.5212, val_cc: 0.1816
Epoch  8, trian_loss: 0.0049, trian_mae: 0.0734, trian_mse:0.0097, trian_r2: -856.4608, trian_cc: 0.1706
Epoch  8, val_loss: 0.0047, val_mae: 0.0741, val_mse: 0.0095, val_r2: -520.6491, val_cc: 0.2081
Epoch  9, trian_loss: 0.0049, trian_mae: 0.0736, trian_mse:0.0097, trian_r2: -1076.6341, trian_cc: 0.1349
Epoch  9, val_loss: 0.0048, val_mae: 0.0736, val_mse: 0.0096, val_r2: -279.9606, val_cc: 0.1414
Epoch 10, trian_loss: 0.0048, trian_mae: 0.0731, trian_mse:0.0096, trian_r2: -162.8970, trian_cc: 0.1619
Epoch 10, val_loss: 0.0047, val_mae: 0.0729, val_mse: 0.0095, val_r2: -86.4025, val_cc: 0.1815
Epoch 11, trian_loss: 0.0047, trian_mae: 0.0720, trian_mse:0.0094, trian_r2: -83.1980, trian_cc: 0.1948
Epoch 11, val_loss: 0.0044, val_mae: 0.0689, val_mse: 0.0088, val_r2: -63.5942, val_cc: 0.2159
Epoch 12, trian_loss: 0.0045, trian_mae: 0.0703, trian_mse:0.0090, trian_r2: -81.6664, trian_cc: 0.2181
Epoch 12, val_loss: 0.0044, val_mae: 0.0689, val_mse: 0.0088, val_r2: -63.7356, val_cc: 0.2354
Epoch 13, trian_loss: 0.0044, trian_mae: 0.0694, trian_mse:0.0088, trian_r2: -77.7926, trian_cc: 0.2441
Epoch 13, val_loss: 0.0043, val_mae: 0.0689, val_mse: 0.0087, val_r2: -57.6596, val_cc: 0.2503
Epoch 14, trian_loss: 0.0044, trian_mae: 0.0696, trian_mse:0.0088, trian_r2: -62.3035, trian_cc: 0.2501
Epoch 14, val_loss: 0.0043, val_mae: 0.0676, val_mse: 0.0087, val_r2: -43.6637, val_cc: 0.2725
Epoch 15, trian_loss: 0.0043, trian_mae: 0.0685, trian_mse:0.0086, trian_r2: -51.3309, trian_cc: 0.2731
Epoch 15, val_loss: 0.0042, val_mae: 0.0670, val_mse: 0.0085, val_r2: -37.7873, val_cc: 0.2988
Epoch 16, trian_loss: 0.0042, trian_mae: 0.0677, trian_mse:0.0085, trian_r2: -43.0415, trian_cc: 0.3006
Epoch 16, val_loss: 0.0042, val_mae: 0.0667, val_mse: 0.0084, val_r2: -28.5215, val_cc: 0.3114
Epoch 17, trian_loss: 0.0042, trian_mae: 0.0673, trian_mse:0.0084, trian_r2: -37.4142, trian_cc: 0.3097
Epoch 17, val_loss: 0.0042, val_mae: 0.0666, val_mse: 0.0084, val_r2: -34.3186, val_cc: 0.3132
Epoch 18, trian_loss: 0.0042, trian_mae: 0.0670, trian_mse:0.0083, trian_r2: -36.5844, trian_cc: 0.3166
Epoch 18, val_loss: 0.0043, val_mae: 0.0666, val_mse: 0.0086, val_r2: -33.1558, val_cc: 0.3234
Epoch 19, trian_loss: 0.0042, trian_mae: 0.0669, trian_mse:0.0083, trian_r2: -36.3710, trian_cc: 0.3173
Epoch 19, val_loss: 0.0042, val_mae: 0.0663, val_mse: 0.0084, val_r2: -30.5027, val_cc: 0.3209
Epoch 20, trian_loss: 0.0042, trian_mae: 0.0668, trian_mse:0.0083, trian_r2: -34.4290, trian_cc: 0.3198
Epoch 20, val_loss: 0.0042, val_mae: 0.0662, val_mse: 0.0083, val_r2: -26.1051, val_cc: 0.3255
Epoch 21, trian_loss: 0.0041, trian_mae: 0.0664, trian_mse:0.0083, trian_r2: -32.6350, trian_cc: 0.3248
Epoch 21, val_loss: 0.0042, val_mae: 0.0660, val_mse: 0.0084, val_r2: -25.5634, val_cc: 0.3309
Epoch 22, trian_loss: 0.0041, trian_mae: 0.0662, trian_mse:0.0082, trian_r2: -30.8306, trian_cc: 0.3289
Epoch 22, val_loss: 0.0042, val_mae: 0.0660, val_mse: 0.0084, val_r2: -23.9980, val_cc: 0.3350
Epoch 23, trian_loss: 0.0042, trian_mae: 0.0668, trian_mse:0.0084, trian_r2: -34.1519, trian_cc: 0.3182
Epoch 23, val_loss: 0.0043, val_mae: 0.0658, val_mse: 0.0085, val_r2: -22.9060, val_cc: 0.3366
Epoch 24, trian_loss: 0.0041, trian_mae: 0.0657, trian_mse:0.0082, trian_r2: -27.9730, trian_cc: 0.3345
Epoch 24, val_loss: 0.0042, val_mae: 0.0656, val_mse: 0.0084, val_r2: -23.8916, val_cc: 0.3416
Epoch 25, trian_loss: 0.0041, trian_mae: 0.0656, trian_mse:0.0081, trian_r2: -26.9849, trian_cc: 0.3420
Epoch 25, val_loss: 0.0042, val_mae: 0.0655, val_mse: 0.0084, val_r2: -21.9805, val_cc: 0.3407
Epoch 26, trian_loss: 0.0041, trian_mae: 0.0654, trian_mse:0.0081, trian_r2: -28.9671, trian_cc: 0.3376
Epoch 26, val_loss: 0.0042, val_mae: 0.0655, val_mse: 0.0085, val_r2: -21.9240, val_cc: 0.3445
Epoch 27, trian_loss: 0.0041, trian_mae: 0.0654, trian_mse:0.0081, trian_r2: -26.8331, trian_cc: 0.3406
Epoch 27, val_loss: 0.0041, val_mae: 0.0652, val_mse: 0.0083, val_r2: -19.7328, val_cc: 0.3423
Epoch 28, trian_loss: 0.0041, trian_mae: 0.0658, trian_mse:0.0082, trian_r2: -26.5835, trian_cc: 0.3457
Epoch 28, val_loss: 0.0042, val_mae: 0.0652, val_mse: 0.0083, val_r2: -19.9832, val_cc: 0.3415
Epoch 29, trian_loss: 0.0040, trian_mae: 0.0651, trian_mse:0.0081, trian_r2: -25.9468, trian_cc: 0.3405
Epoch 29, val_loss: 0.0041, val_mae: 0.0648, val_mse: 0.0082, val_r2: -19.7556, val_cc: 0.3450
Epoch 30, trian_loss: 0.0041, trian_mae: 0.0655, trian_mse:0.0081, trian_r2: -25.8803, trian_cc: 0.3382
Epoch 30, val_loss: 0.0041, val_mae: 0.0649, val_mse: 0.0082, val_r2: -18.5178, val_cc: 0.3467
Epoch 31, trian_loss: 0.0040, trian_mae: 0.0649, trian_mse:0.0081, trian_r2: -26.8803, trian_cc: 0.3475
Epoch 31, val_loss: 0.0041, val_mae: 0.0649, val_mse: 0.0083, val_r2: -24.5008, val_cc: 0.3580
Epoch 32, trian_loss: 0.0040, trian_mae: 0.0649, trian_mse:0.0081, trian_r2: -23.7322, trian_cc: 0.3508
Epoch 32, val_loss: 0.0040, val_mae: 0.0641, val_mse: 0.0080, val_r2: -23.9850, val_cc: 0.3686
Epoch 33, trian_loss: 0.0040, trian_mae: 0.0648, trian_mse:0.0080, trian_r2: -25.5329, trian_cc: 0.3526
Epoch 33, val_loss: 0.0040, val_mae: 0.0642, val_mse: 0.0081, val_r2: -20.8685, val_cc: 0.3693
Epoch 34, trian_loss: 0.0039, trian_mae: 0.0637, trian_mse:0.0078, trian_r2: -21.3639, trian_cc: 0.4405
Epoch 34, val_loss: 0.0040, val_mae: 0.0635, val_mse: 0.0080, val_r2: -20.5281, val_cc: 0.4075
Epoch 35, trian_loss: 0.0038, trian_mae: 0.0622, trian_mse:0.0076, trian_r2: -18.4089, trian_cc: 0.4757
Epoch 35, val_loss: 0.0035, val_mae: 0.0572, val_mse: 0.0071, val_r2: -4.6029, val_cc: 0.5786
Epoch 36, trian_loss: 0.0037, trian_mae: 0.0619, trian_mse:0.0075, trian_r2: -16.1214, trian_cc: 0.4961
Epoch 36, val_loss: 0.0047, val_mae: 0.0740, val_mse: 0.0094, val_r2: -98.2662, val_cc: 0.1875
Epoch 37, trian_loss: 0.0040, trian_mae: 0.0647, trian_mse:0.0080, trian_r2: -37.8415, trian_cc: 0.4085
Epoch 37, val_loss: 0.0036, val_mae: 0.0597, val_mse: 0.0072, val_r2: -8.5127, val_cc: 0.5515
Epoch 38, trian_loss: 0.0037, trian_mae: 0.0620, trian_mse:0.0075, trian_r2: -12.5111, trian_cc: 0.4997
Epoch 38, val_loss: 0.0034, val_mae: 0.0597, val_mse: 0.0068, val_r2: -4.2693, val_cc: 0.5588
Epoch 39, trian_loss: 0.0040, trian_mae: 0.0656, trian_mse:0.0081, trian_r2: -20.2385, trian_cc: 0.3831
Epoch 39, val_loss: 0.0041, val_mae: 0.0645, val_mse: 0.0082, val_r2: -19.6134, val_cc: 0.3527
Epoch 40, trian_loss: 0.0036, trian_mae: 0.0605, trian_mse:0.0072, trian_r2: -9.0995, trian_cc: 0.5132
Epoch 40, val_loss: 0.0035, val_mae: 0.0572, val_mse: 0.0069, val_r2: -6.2775, val_cc: 0.5835
Epoch 41, trian_loss: 0.0035, trian_mae: 0.0596, trian_mse:0.0070, trian_r2: -8.7484, trian_cc: 0.5583
Epoch 41, val_loss: 0.0036, val_mae: 0.0616, val_mse: 0.0072, val_r2: -17.3616, val_cc: 0.5023
Epoch 42, trian_loss: 0.0040, trian_mae: 0.0652, trian_mse:0.0081, trian_r2: -60.7360, trian_cc: 0.4170
Epoch 42, val_loss: 0.0043, val_mae: 0.0678, val_mse: 0.0086, val_r2: -72.9678, val_cc: 0.2802
Epoch 43, trian_loss: 0.0039, trian_mae: 0.0635, trian_mse:0.0077, trian_r2: -44.5063, trian_cc: 0.4373
Epoch 43, val_loss: 0.0045, val_mae: 0.0719, val_mse: 0.0090, val_r2: -67.9274, val_cc: 0.2707
Epoch 44, trian_loss: 0.0040, trian_mae: 0.0651, trian_mse:0.0080, trian_r2: -23.3019, trian_cc: 0.4019
Epoch 44, val_loss: 0.0039, val_mae: 0.0638, val_mse: 0.0077, val_r2: -34.3819, val_cc: 0.4340
Epoch 45, trian_loss: 0.0035, trian_mae: 0.0592, trian_mse:0.0070, trian_r2: -9.2519, trian_cc: 0.5560
Epoch 45, val_loss: 0.0033, val_mae: 0.0558, val_mse: 0.0065, val_r2: -2.6641, val_cc: 0.6062
Epoch 46, trian_loss: 0.0034, trian_mae: 0.0580, trian_mse:0.0067, trian_r2: -4.4199, trian_cc: 0.5852
Epoch 46, val_loss: 0.0033, val_mae: 0.0561, val_mse: 0.0065, val_r2: -5.4327, val_cc: 0.6044
Epoch 47, trian_loss: 0.0033, trian_mae: 0.0567, trian_mse:0.0065, trian_r2: -3.5052, trian_cc: 0.6032
Epoch 47, val_loss: 0.0033, val_mae: 0.0560, val_mse: 0.0065, val_r2: -3.2963, val_cc: 0.5982
Epoch 48, trian_loss: 0.0033, trian_mae: 0.0575, trian_mse:0.0067, trian_r2: -4.5412, trian_cc: 0.5876
Epoch 48, val_loss: 0.0034, val_mae: 0.0577, val_mse: 0.0068, val_r2: -6.5297, val_cc: 0.5877
Epoch 49, trian_loss: 0.0032, trian_mae: 0.0561, trian_mse:0.0064, trian_r2: -2.2507, trian_cc: 0.6099
Epoch 49, val_loss: 0.0034, val_mae: 0.0552, val_mse: 0.0067, val_r2: -2.4659, val_cc: 0.6136
Epoch 50, trian_loss: 0.0033, trian_mae: 0.0578, trian_mse:0.0067, trian_r2: -4.6984, trian_cc: 0.5868
Epoch 50, val_loss: 0.0034, val_mae: 0.0560, val_mse: 0.0067, val_r2: -2.7876, val_cc: 0.6085
Epoch 51, trian_loss: 0.0032, trian_mae: 0.0561, trian_mse:0.0064, trian_r2: -2.7230, trian_cc: 0.6110
Epoch 51, val_loss: 0.0032, val_mae: 0.0548, val_mse: 0.0063, val_r2: -3.1601, val_cc: 0.6204
Epoch 52, trian_loss: 0.0031, trian_mae: 0.0551, trian_mse:0.0062, trian_r2: -2.0705, trian_cc: 0.6228
Epoch 52, val_loss: 0.0032, val_mae: 0.0550, val_mse: 0.0065, val_r2: -4.8828, val_cc: 0.6140
Epoch 53, trian_loss: 0.0032, trian_mae: 0.0563, trian_mse:0.0064, trian_r2: -2.7559, trian_cc: 0.6080
Epoch 53, val_loss: 0.0034, val_mae: 0.0583, val_mse: 0.0068, val_r2: -9.5000, val_cc: 0.5755
Epoch 54, trian_loss: 0.0032, trian_mae: 0.0556, trian_mse:0.0063, trian_r2: -2.9092, trian_cc: 0.6118
Epoch 54, val_loss: 0.0032, val_mae: 0.0564, val_mse: 0.0065, val_r2: -3.2895, val_cc: 0.6168
Epoch 55, trian_loss: 0.0030, trian_mae: 0.0544, trian_mse:0.0061, trian_r2: -1.8079, trian_cc: 0.6276
Epoch 55, val_loss: 0.0031, val_mae: 0.0546, val_mse: 0.0063, val_r2: -3.2530, val_cc: 0.6299
Epoch 56, trian_loss: 0.0031, trian_mae: 0.0545, trian_mse:0.0061, trian_r2: -2.0428, trian_cc: 0.6265
Epoch 56, val_loss: 0.0031, val_mae: 0.0548, val_mse: 0.0062, val_r2: -2.6950, val_cc: 0.6311
Epoch 57, trian_loss: 0.0031, trian_mae: 0.0555, trian_mse:0.0063, trian_r2: -3.7315, trian_cc: 0.6082
Epoch 57, val_loss: 0.0034, val_mae: 0.0589, val_mse: 0.0069, val_r2: -9.1683, val_cc: 0.5774
Epoch 58, trian_loss: 0.0030, trian_mae: 0.0544, trian_mse:0.0061, trian_r2: -1.9125, trian_cc: 0.6250
Epoch 58, val_loss: 0.0032, val_mae: 0.0548, val_mse: 0.0063, val_r2: -2.9134, val_cc: 0.6273
Epoch 59, trian_loss: 0.0030, trian_mae: 0.0538, trian_mse:0.0060, trian_r2: -1.6535, trian_cc: 0.6336
Epoch 59, val_loss: 0.0031, val_mae: 0.0530, val_mse: 0.0061, val_r2: -2.2483, val_cc: 0.6388
Epoch 60, trian_loss: 0.0030, trian_mae: 0.0537, trian_mse:0.0060, trian_r2: -1.8522, trian_cc: 0.6382
Epoch 60, val_loss: 0.0031, val_mae: 0.0541, val_mse: 0.0062, val_r2: -2.6657, val_cc: 0.6305
Epoch 61, trian_loss: 0.0030, trian_mae: 0.0543, trian_mse:0.0061, trian_r2: -6.4597, trian_cc: 0.6221
Epoch 61, val_loss: 0.0032, val_mae: 0.0543, val_mse: 0.0064, val_r2: -4.4479, val_cc: 0.6332
Epoch 62, trian_loss: 0.0030, trian_mae: 0.0536, trian_mse:0.0059, trian_r2: -1.7674, trian_cc: 0.6377
Epoch 62, val_loss: 0.0034, val_mae: 0.0576, val_mse: 0.0069, val_r2: -16.8004, val_cc: 0.5634
Epoch 63, trian_loss: 0.0030, trian_mae: 0.0537, trian_mse:0.0060, trian_r2: -2.4672, trian_cc: 0.6312
Epoch 63, val_loss: 0.0031, val_mae: 0.0558, val_mse: 0.0063, val_r2: -3.0944, val_cc: 0.6295
Epoch 64, trian_loss: 0.0029, trian_mae: 0.0533, trian_mse:0.0059, trian_r2: -1.7293, trian_cc: 0.6349
Epoch 64, val_loss: 0.0032, val_mae: 0.0550, val_mse: 0.0064, val_r2: -2.3057, val_cc: 0.6153
Epoch 65, trian_loss: 0.0029, trian_mae: 0.0529, trian_mse:0.0058, trian_r2: -1.8719, trian_cc: 0.6427
Epoch 65, val_loss: 0.0032, val_mae: 0.0555, val_mse: 0.0065, val_r2: -9.7955, val_cc: 0.6029
Epoch 66, trian_loss: 0.0029, trian_mae: 0.0526, trian_mse:0.0058, trian_r2: -1.4214, trian_cc: 0.6474
Epoch 66, val_loss: 0.0032, val_mae: 0.0555, val_mse: 0.0065, val_r2: -6.0614, val_cc: 0.6254
Epoch 67, trian_loss: 0.0029, trian_mae: 0.0522, trian_mse:0.0057, trian_r2: -1.5423, trian_cc: 0.6506
Epoch 67, val_loss: 0.0032, val_mae: 0.0548, val_mse: 0.0063, val_r2: -4.4883, val_cc: 0.6309
Epoch 68, trian_loss: 0.0028, trian_mae: 0.0520, trian_mse:0.0057, trian_r2: -1.4851, trian_cc: 0.6551
Epoch 68, val_loss: 0.0030, val_mae: 0.0529, val_mse: 0.0061, val_r2: -3.7433, val_cc: 0.6517
Epoch 69, trian_loss: 0.0028, trian_mae: 0.0513, trian_mse:0.0056, trian_r2: -1.2285, trian_cc: 0.6610
Epoch 69, val_loss: 0.0030, val_mae: 0.0533, val_mse: 0.0060, val_r2: -2.9692, val_cc: 0.6567
Epoch 70, trian_loss: 0.0028, trian_mae: 0.0514, trian_mse:0.0056, trian_r2: -1.8191, trian_cc: 0.6582
Epoch 70, val_loss: 0.0030, val_mae: 0.0521, val_mse: 0.0060, val_r2: -2.5303, val_cc: 0.6646
Epoch 71, trian_loss: 0.0028, trian_mae: 0.0509, trian_mse:0.0055, trian_r2: -1.3118, trian_cc: 0.6666
Epoch 71, val_loss: 0.0030, val_mae: 0.0526, val_mse: 0.0060, val_r2: -2.6752, val_cc: 0.6620
Epoch 72, trian_loss: 0.0027, trian_mae: 0.0507, trian_mse:0.0055, trian_r2: -1.5156, trian_cc: 0.6671
Epoch 72, val_loss: 0.0030, val_mae: 0.0520, val_mse: 0.0061, val_r2: -3.4090, val_cc: 0.6606
Epoch 73, trian_loss: 0.0027, trian_mae: 0.0506, trian_mse:0.0054, trian_r2: -1.0095, trian_cc: 0.6730
Epoch 73, val_loss: 0.0030, val_mae: 0.0518, val_mse: 0.0060, val_r2: -3.3602, val_cc: 0.6698
Epoch 74, trian_loss: 0.0028, trian_mae: 0.0507, trian_mse:0.0055, trian_r2: -1.9964, trian_cc: 0.6686
Epoch 74, val_loss: 0.0029, val_mae: 0.0514, val_mse: 0.0058, val_r2: -2.3878, val_cc: 0.6751
Epoch 75, trian_loss: 0.0027, trian_mae: 0.0498, trian_mse:0.0053, trian_r2: -0.9251, trian_cc: 0.6779
Epoch 75, val_loss: 0.0029, val_mae: 0.0516, val_mse: 0.0058, val_r2: -2.4545, val_cc: 0.6729
Epoch 76, trian_loss: 0.0027, trian_mae: 0.0501, trian_mse:0.0054, trian_r2: -1.2555, trian_cc: 0.6774
Epoch 76, val_loss: 0.0030, val_mae: 0.0524, val_mse: 0.0059, val_r2: -2.1666, val_cc: 0.6638
Epoch 77, trian_loss: 0.0027, trian_mae: 0.0498, trian_mse:0.0053, trian_r2: -0.9595, trian_cc: 0.6804
Epoch 77, val_loss: 0.0029, val_mae: 0.0512, val_mse: 0.0058, val_r2: -3.1354, val_cc: 0.6759
Epoch 78, trian_loss: 0.0027, trian_mae: 0.0495, trian_mse:0.0053, trian_r2: -2.4726, trian_cc: 0.6781
Epoch 78, val_loss: 0.0031, val_mae: 0.0543, val_mse: 0.0063, val_r2: -5.6050, val_cc: 0.6288
Epoch 79, trian_loss: 0.0026, trian_mae: 0.0497, trian_mse:0.0053, trian_r2: -1.2870, trian_cc: 0.6760
Epoch 79, val_loss: 0.0029, val_mae: 0.0515, val_mse: 0.0059, val_r2: -3.3219, val_cc: 0.6716
Epoch 80, trian_loss: 0.0026, trian_mae: 0.0493, trian_mse:0.0052, trian_r2: -1.0531, trian_cc: 0.6835
Epoch 80, val_loss: 0.0029, val_mae: 0.0513, val_mse: 0.0058, val_r2: -2.5374, val_cc: 0.6798
Epoch 81, trian_loss: 0.0027, trian_mae: 0.0495, trian_mse:0.0053, trian_r2: -1.3862, trian_cc: 0.6845
Epoch 81, val_loss: 0.0029, val_mae: 0.0498, val_mse: 0.0057, val_r2: -2.0683, val_cc: 0.6855
Epoch 82, trian_loss: 0.0026, trian_mae: 0.0487, trian_mse:0.0051, trian_r2: -1.0075, trian_cc: 0.6901
Epoch 82, val_loss: 0.0029, val_mae: 0.0508, val_mse: 0.0058, val_r2: -2.9992, val_cc: 0.6802
Epoch 83, trian_loss: 0.0026, trian_mae: 0.0487, trian_mse:0.0051, trian_r2: -0.8663, trian_cc: 0.6907
Epoch 83, val_loss: 0.0029, val_mae: 0.0510, val_mse: 0.0058, val_r2: -3.8494, val_cc: 0.6811
Epoch 84, trian_loss: 0.0026, trian_mae: 0.0490, trian_mse:0.0052, trian_r2: -2.0035, trian_cc: 0.6844
Epoch 84, val_loss: 0.0032, val_mae: 0.0546, val_mse: 0.0064, val_r2: -9.2717, val_cc: 0.6342
Epoch 85, trian_loss: 0.0025, trian_mae: 0.0484, trian_mse:0.0050, trian_r2: -0.9014, trian_cc: 0.6897
Epoch 85, val_loss: 0.0028, val_mae: 0.0504, val_mse: 0.0057, val_r2: -2.5354, val_cc: 0.6896
Epoch 86, trian_loss: 0.0025, trian_mae: 0.0481, trian_mse:0.0050, trian_r2: -0.9419, trian_cc: 0.6927
Epoch 86, val_loss: 0.0029, val_mae: 0.0506, val_mse: 0.0057, val_r2: -2.6577, val_cc: 0.6880
Epoch 87, trian_loss: 0.0026, trian_mae: 0.0489, trian_mse:0.0051, trian_r2: -2.6971, trian_cc: 0.6807
Epoch 87, val_loss: 0.0029, val_mae: 0.0505, val_mse: 0.0057, val_r2: -2.1630, val_cc: 0.6891
Epoch 88, trian_loss: 0.0025, trian_mae: 0.0482, trian_mse:0.0050, trian_r2: -0.8621, trian_cc: 0.6927
Epoch 88, val_loss: 0.0029, val_mae: 0.0507, val_mse: 0.0058, val_r2: -2.5131, val_cc: 0.6877
Epoch 89, trian_loss: 0.0025, trian_mae: 0.0480, trian_mse:0.0050, trian_r2: -0.8486, trian_cc: 0.6934
Epoch 89, val_loss: 0.0029, val_mae: 0.0510, val_mse: 0.0058, val_r2: -3.2228, val_cc: 0.6877
Epoch 90, trian_loss: 0.0025, trian_mae: 0.0478, trian_mse:0.0049, trian_r2: -0.7841, trian_cc: 0.6980
Epoch 90, val_loss: 0.0029, val_mae: 0.0507, val_mse: 0.0057, val_r2: -2.5694, val_cc: 0.6891
Epoch 91, trian_loss: 0.0024, trian_mae: 0.0475, trian_mse:0.0048, trian_r2: -0.6988, trian_cc: 0.6989
Epoch 91, val_loss: 0.0028, val_mae: 0.0504, val_mse: 0.0056, val_r2: -2.2417, val_cc: 0.6892
Epoch 92, trian_loss: 0.0024, trian_mae: 0.0473, trian_mse:0.0048, trian_r2: -0.6473, trian_cc: 0.7001
Epoch 92, val_loss: 0.0029, val_mae: 0.0499, val_mse: 0.0057, val_r2: -2.1050, val_cc: 0.6905
Epoch 93, trian_loss: 0.0025, trian_mae: 0.0480, trian_mse:0.0050, trian_r2: -2.9263, trian_cc: 0.6864
Epoch 93, val_loss: 0.0030, val_mae: 0.0509, val_mse: 0.0060, val_r2: -3.0293, val_cc: 0.6850
Epoch 94, trian_loss: 0.0024, trian_mae: 0.0472, trian_mse:0.0048, trian_r2: -0.7227, trian_cc: 0.7013
Epoch 94, val_loss: 0.0029, val_mae: 0.0505, val_mse: 0.0058, val_r2: -2.2262, val_cc: 0.6948
Epoch 95, trian_loss: 0.0024, trian_mae: 0.0470, trian_mse:0.0047, trian_r2: -1.0138, trian_cc: 0.6984
Epoch 95, val_loss: 0.0029, val_mae: 0.0500, val_mse: 0.0058, val_r2: -2.0845, val_cc: 0.6927
Epoch 96, trian_loss: 0.0024, trian_mae: 0.0469, trian_mse:0.0047, trian_r2: -0.7761, trian_cc: 0.7015
Epoch 96, val_loss: 0.0030, val_mae: 0.0513, val_mse: 0.0059, val_r2: -3.5755, val_cc: 0.6876
Epoch 97, trian_loss: 0.0024, trian_mae: 0.0474, trian_mse:0.0049, trian_r2: -0.6582, trian_cc: 0.7007
Epoch 97, val_loss: 0.0029, val_mae: 0.0496, val_mse: 0.0058, val_r2: -2.6275, val_cc: 0.6982
Epoch 98, trian_loss: 0.0024, trian_mae: 0.0467, trian_mse:0.0047, trian_r2: -0.7074, trian_cc: 0.7039
Epoch 98, val_loss: 0.0029, val_mae: 0.0503, val_mse: 0.0058, val_r2: -2.5883, val_cc: 0.6949
Epoch 99, trian_loss: 0.0024, trian_mae: 0.0474, trian_mse:0.0048, trian_r2: -1.3056, trian_cc: 0.6952
Epoch 99, val_loss: 0.0031, val_mae: 0.0509, val_mse: 0.0062, val_r2: -5.1228, val_cc: 0.6726
