Trian Data: 532   Validation Data: 177  Test Data: 178
[1, 1]
[1, 1]
[1, 1]
[1, 1]
model SENet(
  (conv1): Conv2d(61, 64, kernel_size=(3, 3), stride=(1, 1), padding=(1, 1), bias=False)
  (bn1): BatchNorm2d(64, eps=1e-05, momentum=0.1, affine=True, track_running_stats=True)
  (layer1): Sequential(
    (0): BasicBlock(
      (conv1): Conv2d(64, 64, kernel_size=(3, 3), stride=(1, 1), padding=(1, 1), bias=False)
      (bn1): BatchNorm2d(64, eps=1e-05, momentum=0.1, affine=True, track_running_stats=True)
      (conv2): Conv2d(64, 64, kernel_size=(3, 3), stride=(1, 1), padding=(1, 1), bias=False)
      (bn2): BatchNorm2d(64, eps=1e-05, momentum=0.1, affine=True, track_running_stats=True)
      (shortcut): Sequential()
      (fc1): Conv2d(64, 4, kernel_size=(1, 1), stride=(1, 1))
      (fc2): Conv2d(4, 64, kernel_size=(1, 1), stride=(1, 1))
    )
    (1): BasicBlock(
      (conv1): Conv2d(64, 64, kernel_size=(3, 3), stride=(1, 1), padding=(1, 1), bias=False)
      (bn1): BatchNorm2d(64, eps=1e-05, momentum=0.1, affine=True, track_running_stats=True)
      (conv2): Conv2d(64, 64, kernel_size=(3, 3), stride=(1, 1), padding=(1, 1), bias=False)
      (bn2): BatchNorm2d(64, eps=1e-05, momentum=0.1, affine=True, track_running_stats=True)
      (shortcut): Sequential()
      (fc1): Conv2d(64, 4, kernel_size=(1, 1), stride=(1, 1))
      (fc2): Conv2d(4, 64, kernel_size=(1, 1), stride=(1, 1))
    )
  )
  (layer2): Sequential(
    (0): BasicBlock(
      (conv1): Conv2d(64, 64, kernel_size=(3, 3), stride=(1, 1), padding=(1, 1), bias=False)
      (bn1): BatchNorm2d(64, eps=1e-05, momentum=0.1, affine=True, track_running_stats=True)
      (conv2): Conv2d(64, 64, kernel_size=(3, 3), stride=(1, 1), padding=(1, 1), bias=False)
      (bn2): BatchNorm2d(64, eps=1e-05, momentum=0.1, affine=True, track_running_stats=True)
      (shortcut): Sequential()
      (fc1): Conv2d(64, 4, kernel_size=(1, 1), stride=(1, 1))
      (fc2): Conv2d(4, 64, kernel_size=(1, 1), stride=(1, 1))
    )
    (1): BasicBlock(
      (conv1): Conv2d(64, 64, kernel_size=(3, 3), stride=(1, 1), padding=(1, 1), bias=False)
      (bn1): BatchNorm2d(64, eps=1e-05, momentum=0.1, affine=True, track_running_stats=True)
      (conv2): Conv2d(64, 64, kernel_size=(3, 3), stride=(1, 1), padding=(1, 1), bias=False)
      (bn2): BatchNorm2d(64, eps=1e-05, momentum=0.1, affine=True, track_running_stats=True)
      (shortcut): Sequential()
      (fc1): Conv2d(64, 4, kernel_size=(1, 1), stride=(1, 1))
      (fc2): Conv2d(4, 64, kernel_size=(1, 1), stride=(1, 1))
    )
  )
  (layer3): Sequential(
    (0): BasicBlock(
      (conv1): Conv2d(64, 64, kernel_size=(3, 3), stride=(1, 1), padding=(1, 1), bias=False)
      (bn1): BatchNorm2d(64, eps=1e-05, momentum=0.1, affine=True, track_running_stats=True)
      (conv2): Conv2d(64, 64, kernel_size=(3, 3), stride=(1, 1), padding=(1, 1), bias=False)
      (bn2): BatchNorm2d(64, eps=1e-05, momentum=0.1, affine=True, track_running_stats=True)
      (shortcut): Sequential()
      (fc1): Conv2d(64, 4, kernel_size=(1, 1), stride=(1, 1))
      (fc2): Conv2d(4, 64, kernel_size=(1, 1), stride=(1, 1))
    )
    (1): BasicBlock(
      (conv1): Conv2d(64, 64, kernel_size=(3, 3), stride=(1, 1), padding=(1, 1), bias=False)
      (bn1): BatchNorm2d(64, eps=1e-05, momentum=0.1, affine=True, track_running_stats=True)
      (conv2): Conv2d(64, 64, kernel_size=(3, 3), stride=(1, 1), padding=(1, 1), bias=False)
      (bn2): BatchNorm2d(64, eps=1e-05, momentum=0.1, affine=True, track_running_stats=True)
      (shortcut): Sequential()
      (fc1): Conv2d(64, 4, kernel_size=(1, 1), stride=(1, 1))
      (fc2): Conv2d(4, 64, kernel_size=(1, 1), stride=(1, 1))
    )
  )
  (layer4): Sequential(
    (0): BasicBlock(
      (conv1): Conv2d(64, 64, kernel_size=(3, 3), stride=(1, 1), padding=(1, 1), bias=False)
      (bn1): BatchNorm2d(64, eps=1e-05, momentum=0.1, affine=True, track_running_stats=True)
      (conv2): Conv2d(64, 64, kernel_size=(3, 3), stride=(1, 1), padding=(1, 1), bias=False)
      (bn2): BatchNorm2d(64, eps=1e-05, momentum=0.1, affine=True, track_running_stats=True)
      (shortcut): Sequential()
      (fc1): Conv2d(64, 4, kernel_size=(1, 1), stride=(1, 1))
      (fc2): Conv2d(4, 64, kernel_size=(1, 1), stride=(1, 1))
    )
    (1): BasicBlock(
      (conv1): Conv2d(64, 64, kernel_size=(3, 3), stride=(1, 1), padding=(1, 1), bias=False)
      (bn1): BatchNorm2d(64, eps=1e-05, momentum=0.1, affine=True, track_running_stats=True)
      (conv2): Conv2d(64, 64, kernel_size=(3, 3), stride=(1, 1), padding=(1, 1), bias=False)
      (bn2): BatchNorm2d(64, eps=1e-05, momentum=0.1, affine=True, track_running_stats=True)
      (shortcut): Sequential()
      (fc1): Conv2d(64, 4, kernel_size=(1, 1), stride=(1, 1))
      (fc2): Conv2d(4, 64, kernel_size=(1, 1), stride=(1, 1))
    )
  )
  (cnn): CNNnet(
    (conv1): Sequential(
      (0): Conv2d(64, 32, kernel_size=(3, 3), stride=(1, 1), padding=(1, 1))
      (1): BatchNorm2d(32, eps=1e-05, momentum=0.1, affine=True, track_running_stats=True)
      (2): ReLU()
    )
    (conv2): Sequential(
      (0): Conv2d(32, 16, kernel_size=(3, 3), stride=(1, 1), padding=(1, 1))
      (1): BatchNorm2d(16, eps=1e-05, momentum=0.1, affine=True, track_running_stats=True)
      (2): ReLU()
    )
    (conv3): Sequential(
      (0): Conv2d(16, 1, kernel_size=(3, 3), stride=(1, 1), padding=(1, 1))
      (1): BatchNorm2d(1, eps=1e-05, momentum=0.1, affine=True, track_running_stats=True)
      (2): ReLU()
    )
  )
)
Epoch  0, trian_loss: 0.0075, trian_mae: 0.0886, trian_mse:0.0151, trian_r2: -24.4801, trian_cc: 0.1166
Epoch  0, val_loss: 0.0096, val_mae: 0.1033, val_mse: 0.0193, val_r2: -28.4061, val_cc: 0.1629
Epoch  1, trian_loss: 0.0050, trian_mae: 0.0750, trian_mse:0.0101, trian_r2: -1647.1129, trian_cc: 0.1240
Epoch  1, val_loss: 0.0047, val_mae: 0.0726, val_mse: 0.0095, val_r2: -2023.9461, val_cc: 0.2638
Epoch  2, trian_loss: 0.0049, trian_mae: 0.0742, trian_mse:0.0099, trian_r2: -5364.0674, trian_cc: 0.0937
Epoch  2, val_loss: 0.0049, val_mae: 0.0743, val_mse: 0.0098, val_r2: -3558.5485, val_cc: 0.0813
Epoch  3, trian_loss: 0.0049, trian_mae: 0.0742, trian_mse:0.0099, trian_r2: -3040.2617, trian_cc: 0.0984
Epoch  3, val_loss: 0.0049, val_mae: 0.0742, val_mse: 0.0098, val_r2: -2158.7756, val_cc: 0.1108
Epoch  4, trian_loss: 0.0049, trian_mae: 0.0742, trian_mse:0.0099, trian_r2: -6808.8507, trian_cc: 0.0942
Epoch  4, val_loss: 0.0049, val_mae: 0.0743, val_mse: 0.0098, val_r2: -3811.8812, val_cc: 0.0854
Epoch  5, trian_loss: 0.0049, trian_mae: 0.0742, trian_mse:0.0099, trian_r2: -1877.9901, trian_cc: 0.1249
Epoch  5, val_loss: 0.0049, val_mae: 0.0742, val_mse: 0.0098, val_r2: -1000.0653, val_cc: 0.1336
Epoch  6, trian_loss: 0.0049, trian_mae: 0.0739, trian_mse:0.0098, trian_r2: -1100.9061, trian_cc: 0.1426
Epoch  6, val_loss: 0.0049, val_mae: 0.0742, val_mse: 0.0098, val_r2: -585.5062, val_cc: 0.1279
Epoch  7, trian_loss: 0.0049, trian_mae: 0.0740, trian_mse:0.0098, trian_r2: -957.8675, trian_cc: 0.1357
Epoch  7, val_loss: 0.0049, val_mae: 0.0741, val_mse: 0.0097, val_r2: -571.8057, val_cc: 0.1400
Epoch  8, trian_loss: 0.0049, trian_mae: 0.0739, trian_mse:0.0098, trian_r2: -569.3970, trian_cc: 0.1538
Epoch  8, val_loss: 0.0049, val_mae: 0.0739, val_mse: 0.0097, val_r2: -329.7344, val_cc: 0.1124
Epoch  9, trian_loss: 0.0049, trian_mae: 0.0741, trian_mse:0.0099, trian_r2: -334.7814, trian_cc: 0.1331
Epoch  9, val_loss: 0.0048, val_mae: 0.0736, val_mse: 0.0096, val_r2: -292.1497, val_cc: 0.1488
Epoch 10, trian_loss: 0.0048, trian_mae: 0.0730, trian_mse:0.0096, trian_r2: -204.7184, trian_cc: 0.1692
Epoch 10, val_loss: 0.0047, val_mae: 0.0719, val_mse: 0.0094, val_r2: -104.8632, val_cc: 0.1839
Epoch 11, trian_loss: 0.0046, trian_mae: 0.0707, trian_mse:0.0092, trian_r2: -122.6431, trian_cc: 0.2126
Epoch 11, val_loss: 0.0043, val_mae: 0.0693, val_mse: 0.0086, val_r2: -81.3964, val_cc: 0.2630
Epoch 12, trian_loss: 0.0045, trian_mae: 0.0701, trian_mse:0.0089, trian_r2: -92.2875, trian_cc: 0.2419
Epoch 12, val_loss: 0.0043, val_mae: 0.0679, val_mse: 0.0086, val_r2: -64.5956, val_cc: 0.2562
Epoch 13, trian_loss: 0.0044, trian_mae: 0.0696, trian_mse:0.0088, trian_r2: -68.7344, trian_cc: 0.2467
Epoch 13, val_loss: 0.0044, val_mae: 0.0680, val_mse: 0.0088, val_r2: -53.4218, val_cc: 0.2585
Epoch 14, trian_loss: 0.0043, trian_mae: 0.0688, trian_mse:0.0086, trian_r2: -51.6379, trian_cc: 0.2639
Epoch 14, val_loss: 0.0044, val_mae: 0.0679, val_mse: 0.0087, val_r2: -49.8919, val_cc: 0.2609
Epoch 15, trian_loss: 0.0043, trian_mae: 0.0685, trian_mse:0.0086, trian_r2: -44.5757, trian_cc: 0.2745
Epoch 15, val_loss: 0.0044, val_mae: 0.0678, val_mse: 0.0087, val_r2: -48.6353, val_cc: 0.2697
Epoch 16, trian_loss: 0.0043, trian_mae: 0.0681, trian_mse:0.0085, trian_r2: -39.1715, trian_cc: 0.2860
Epoch 16, val_loss: 0.0043, val_mae: 0.0672, val_mse: 0.0085, val_r2: -44.3219, val_cc: 0.2872
Epoch 17, trian_loss: 0.0042, trian_mae: 0.0677, trian_mse:0.0084, trian_r2: -39.7435, trian_cc: 0.3053
Epoch 17, val_loss: 0.0043, val_mae: 0.0670, val_mse: 0.0086, val_r2: -39.7083, val_cc: 0.2937
Epoch 18, trian_loss: 0.0042, trian_mae: 0.0672, trian_mse:0.0084, trian_r2: -37.7874, trian_cc: 0.3351
Epoch 18, val_loss: 0.0041, val_mae: 0.0651, val_mse: 0.0082, val_r2: -37.4550, val_cc: 0.3837
Epoch 19, trian_loss: 0.0040, trian_mae: 0.0657, trian_mse:0.0081, trian_r2: -32.5416, trian_cc: 0.4334
Epoch 19, val_loss: 0.0037, val_mae: 0.0630, val_mse: 0.0075, val_r2: -19.0565, val_cc: 0.4733
Epoch 20, trian_loss: 0.0037, trian_mae: 0.0621, trian_mse:0.0074, trian_r2: -11.8839, trian_cc: 0.5239
Epoch 20, val_loss: 0.0036, val_mae: 0.0599, val_mse: 0.0071, val_r2: -8.1325, val_cc: 0.5461
Epoch 21, trian_loss: 0.0036, trian_mae: 0.0614, trian_mse:0.0073, trian_r2: -8.4333, trian_cc: 0.5426
Epoch 21, val_loss: 0.0036, val_mae: 0.0621, val_mse: 0.0072, val_r2: -15.2820, val_cc: 0.5181
Epoch 22, trian_loss: 0.0035, trian_mae: 0.0603, trian_mse:0.0071, trian_r2: -5.4257, trian_cc: 0.5675
Epoch 22, val_loss: 0.0035, val_mae: 0.0579, val_mse: 0.0070, val_r2: -4.8743, val_cc: 0.5658
Epoch 23, trian_loss: 0.0035, trian_mae: 0.0600, trian_mse:0.0070, trian_r2: -7.1364, trian_cc: 0.5674
Epoch 23, val_loss: 0.0035, val_mae: 0.0592, val_mse: 0.0069, val_r2: -11.1037, val_cc: 0.5592
Epoch 24, trian_loss: 0.0035, trian_mae: 0.0596, trian_mse:0.0070, trian_r2: -5.4625, trian_cc: 0.5768
Epoch 24, val_loss: 0.0034, val_mae: 0.0586, val_mse: 0.0067, val_r2: -7.4282, val_cc: 0.5809
Epoch 25, trian_loss: 0.0035, trian_mae: 0.0590, trian_mse:0.0069, trian_r2: -6.0419, trian_cc: 0.5760
Epoch 25, val_loss: 0.0034, val_mae: 0.0573, val_mse: 0.0068, val_r2: -4.9458, val_cc: 0.5831
Epoch 26, trian_loss: 0.0034, trian_mae: 0.0582, trian_mse:0.0067, trian_r2: -3.6556, trian_cc: 0.5932
Epoch 26, val_loss: 0.0032, val_mae: 0.0567, val_mse: 0.0065, val_r2: -4.1814, val_cc: 0.6020
Epoch 27, trian_loss: 0.0033, trian_mae: 0.0578, trian_mse:0.0067, trian_r2: -4.7121, trian_cc: 0.5950
Epoch 27, val_loss: 0.0032, val_mae: 0.0565, val_mse: 0.0065, val_r2: -3.7079, val_cc: 0.6062
Epoch 28, trian_loss: 0.0034, trian_mae: 0.0581, trian_mse:0.0068, trian_r2: -5.8856, trian_cc: 0.5925
Epoch 28, val_loss: 0.0033, val_mae: 0.0568, val_mse: 0.0066, val_r2: -3.7128, val_cc: 0.5988
Epoch 29, trian_loss: 0.0033, trian_mae: 0.0575, trian_mse:0.0066, trian_r2: -4.6752, trian_cc: 0.6001
Epoch 29, val_loss: 0.0033, val_mae: 0.0573, val_mse: 0.0066, val_r2: -3.0434, val_cc: 0.5964
Epoch 30, trian_loss: 0.0033, trian_mae: 0.0572, trian_mse:0.0066, trian_r2: -3.8847, trian_cc: 0.6078
Epoch 30, val_loss: 0.0036, val_mae: 0.0594, val_mse: 0.0072, val_r2: -27.6195, val_cc: 0.5198
Epoch 31, trian_loss: 0.0033, trian_mae: 0.0575, trian_mse:0.0066, trian_r2: -5.6018, trian_cc: 0.5987
Epoch 31, val_loss: 0.0032, val_mae: 0.0548, val_mse: 0.0063, val_r2: -4.4259, val_cc: 0.6131
Epoch 32, trian_loss: 0.0033, trian_mae: 0.0567, trian_mse:0.0066, trian_r2: -3.4189, trian_cc: 0.6132
Epoch 32, val_loss: 0.0032, val_mae: 0.0570, val_mse: 0.0065, val_r2: -3.3901, val_cc: 0.6026
Epoch 33, trian_loss: 0.0033, trian_mae: 0.0578, trian_mse:0.0067, trian_r2: -5.7376, trian_cc: 0.5869
Epoch 33, val_loss: 0.0041, val_mae: 0.0669, val_mse: 0.0083, val_r2: -45.8745, val_cc: 0.3017
Epoch 34, trian_loss: 0.0034, trian_mae: 0.0581, trian_mse:0.0068, trian_r2: -8.8250, trian_cc: 0.5736
Epoch 34, val_loss: 0.0031, val_mae: 0.0539, val_mse: 0.0062, val_r2: -2.7120, val_cc: 0.6277
Epoch 35, trian_loss: 0.0032, trian_mae: 0.0559, trian_mse:0.0064, trian_r2: -2.7102, trian_cc: 0.6191
Epoch 35, val_loss: 0.0032, val_mae: 0.0570, val_mse: 0.0065, val_r2: -4.3014, val_cc: 0.6012
Epoch 36, trian_loss: 0.0032, trian_mae: 0.0554, trian_mse:0.0063, trian_r2: -2.7184, trian_cc: 0.6238
Epoch 36, val_loss: 0.0032, val_mae: 0.0560, val_mse: 0.0065, val_r2: -4.1450, val_cc: 0.6101
Epoch 37, trian_loss: 0.0033, trian_mae: 0.0571, trian_mse:0.0066, trian_r2: -4.2171, trian_cc: 0.6008
Epoch 37, val_loss: 0.0033, val_mae: 0.0552, val_mse: 0.0066, val_r2: -3.6568, val_cc: 0.6224
Epoch 38, trian_loss: 0.0031, trian_mae: 0.0552, trian_mse:0.0063, trian_r2: -2.3261, trian_cc: 0.6260
Epoch 38, val_loss: 0.0032, val_mae: 0.0549, val_mse: 0.0064, val_r2: -4.2558, val_cc: 0.6201
Epoch 39, trian_loss: 0.0031, trian_mae: 0.0551, trian_mse:0.0063, trian_r2: -2.2512, trian_cc: 0.6281
Epoch 39, val_loss: 0.0031, val_mae: 0.0545, val_mse: 0.0063, val_r2: -3.1557, val_cc: 0.6259
Epoch 40, trian_loss: 0.0031, trian_mae: 0.0549, trian_mse:0.0063, trian_r2: -2.6688, trian_cc: 0.6285
Epoch 40, val_loss: 0.0032, val_mae: 0.0555, val_mse: 0.0064, val_r2: -5.0088, val_cc: 0.6109
Epoch 41, trian_loss: 0.0031, trian_mae: 0.0550, trian_mse:0.0063, trian_r2: -2.9176, trian_cc: 0.6226
Epoch 41, val_loss: 0.0031, val_mae: 0.0535, val_mse: 0.0062, val_r2: -3.2470, val_cc: 0.6298
Epoch 42, trian_loss: 0.0031, trian_mae: 0.0550, trian_mse:0.0063, trian_r2: -2.5485, trian_cc: 0.6265
Epoch 42, val_loss: 0.0032, val_mae: 0.0549, val_mse: 0.0064, val_r2: -4.1117, val_cc: 0.6193
Epoch 43, trian_loss: 0.0031, trian_mae: 0.0544, trian_mse:0.0062, trian_r2: -2.2345, trian_cc: 0.6329
Epoch 43, val_loss: 0.0031, val_mae: 0.0537, val_mse: 0.0062, val_r2: -3.4399, val_cc: 0.6336
Epoch 44, trian_loss: 0.0031, trian_mae: 0.0542, trian_mse:0.0061, trian_r2: -2.0281, trian_cc: 0.6355
Epoch 44, val_loss: 0.0031, val_mae: 0.0538, val_mse: 0.0061, val_r2: -3.9877, val_cc: 0.6338
Epoch 45, trian_loss: 0.0031, trian_mae: 0.0545, trian_mse:0.0062, trian_r2: -2.3425, trian_cc: 0.6342
Epoch 45, val_loss: 0.0031, val_mae: 0.0536, val_mse: 0.0062, val_r2: -3.3978, val_cc: 0.6340
Epoch 46, trian_loss: 0.0031, trian_mae: 0.0546, trian_mse:0.0062, trian_r2: -2.2775, trian_cc: 0.6319
Epoch 46, val_loss: 0.0031, val_mae: 0.0541, val_mse: 0.0062, val_r2: -4.0541, val_cc: 0.6323
Epoch 47, trian_loss: 0.0030, trian_mae: 0.0538, trian_mse:0.0061, trian_r2: -1.9871, trian_cc: 0.6386
Epoch 47, val_loss: 0.0031, val_mae: 0.0544, val_mse: 0.0062, val_r2: -2.8921, val_cc: 0.6332
Epoch 48, trian_loss: 0.0030, trian_mae: 0.0537, trian_mse:0.0061, trian_r2: -2.2848, trian_cc: 0.6412
Epoch 48, val_loss: 0.0031, val_mae: 0.0541, val_mse: 0.0062, val_r2: -3.2746, val_cc: 0.6346
Epoch 49, trian_loss: 0.0031, trian_mae: 0.0542, trian_mse:0.0061, trian_r2: -2.0486, trian_cc: 0.6362
Epoch 49, val_loss: 0.0031, val_mae: 0.0551, val_mse: 0.0063, val_r2: -8.9095, val_cc: 0.6084
Epoch 50, trian_loss: 0.0031, trian_mae: 0.0544, trian_mse:0.0061, trian_r2: -3.7209, trian_cc: 0.6335
Epoch 50, val_loss: 0.0031, val_mae: 0.0544, val_mse: 0.0061, val_r2: -3.4601, val_cc: 0.6461
Epoch 51, trian_loss: 0.0030, trian_mae: 0.0532, trian_mse:0.0060, trian_r2: -1.9039, trian_cc: 0.6445
Epoch 51, val_loss: 0.0032, val_mae: 0.0553, val_mse: 0.0064, val_r2: -7.0736, val_cc: 0.6157
Epoch 52, trian_loss: 0.0030, trian_mae: 0.0535, trian_mse:0.0060, trian_r2: -1.9804, trian_cc: 0.6440
Epoch 52, val_loss: 0.0031, val_mae: 0.0537, val_mse: 0.0061, val_r2: -3.3721, val_cc: 0.6452
Epoch 53, trian_loss: 0.0030, trian_mae: 0.0532, trian_mse:0.0060, trian_r2: -2.2719, trian_cc: 0.6455
Epoch 53, val_loss: 0.0030, val_mae: 0.0526, val_mse: 0.0060, val_r2: -2.7318, val_cc: 0.6545
Epoch 54, trian_loss: 0.0029, trian_mae: 0.0526, trian_mse:0.0059, trian_r2: -1.9238, trian_cc: 0.6544
Epoch 54, val_loss: 0.0030, val_mae: 0.0534, val_mse: 0.0059, val_r2: -2.9734, val_cc: 0.6577
Epoch 55, trian_loss: 0.0030, trian_mae: 0.0528, trian_mse:0.0059, trian_r2: -2.2413, trian_cc: 0.6499
Epoch 55, val_loss: 0.0032, val_mae: 0.0549, val_mse: 0.0064, val_r2: -3.6459, val_cc: 0.6334
Epoch 56, trian_loss: 0.0029, trian_mae: 0.0523, trian_mse:0.0058, trian_r2: -2.1636, trian_cc: 0.6558
Epoch 56, val_loss: 0.0030, val_mae: 0.0525, val_mse: 0.0059, val_r2: -3.4415, val_cc: 0.6575
Epoch 57, trian_loss: 0.0029, trian_mae: 0.0520, trian_mse:0.0058, trian_r2: -1.9215, trian_cc: 0.6584
Epoch 57, val_loss: 0.0032, val_mae: 0.0528, val_mse: 0.0063, val_r2: -5.9824, val_cc: 0.6477
Epoch 58, trian_loss: 0.0029, trian_mae: 0.0522, trian_mse:0.0058, trian_r2: -1.7448, trian_cc: 0.6601
Epoch 58, val_loss: 0.0030, val_mae: 0.0512, val_mse: 0.0060, val_r2: -2.9444, val_cc: 0.6653
Epoch 59, trian_loss: 0.0028, trian_mae: 0.0517, trian_mse:0.0057, trian_r2: -1.8228, trian_cc: 0.6634
Epoch 59, val_loss: 0.0031, val_mae: 0.0540, val_mse: 0.0063, val_r2: -9.0868, val_cc: 0.6140
Epoch 60, trian_loss: 0.0029, trian_mae: 0.0520, trian_mse:0.0057, trian_r2: -3.0108, trian_cc: 0.6563
Epoch 60, val_loss: 0.0031, val_mae: 0.0526, val_mse: 0.0061, val_r2: -3.1866, val_cc: 0.6574
Epoch 61, trian_loss: 0.0028, trian_mae: 0.0513, trian_mse:0.0056, trian_r2: -1.6858, trian_cc: 0.6678
Epoch 61, val_loss: 0.0029, val_mae: 0.0510, val_mse: 0.0058, val_r2: -2.0717, val_cc: 0.6703
Epoch 62, trian_loss: 0.0028, trian_mae: 0.0509, trian_mse:0.0055, trian_r2: -1.5697, trian_cc: 0.6704
Epoch 62, val_loss: 0.0031, val_mae: 0.0510, val_mse: 0.0061, val_r2: -2.6266, val_cc: 0.6692
Epoch 63, trian_loss: 0.0028, trian_mae: 0.0514, trian_mse:0.0057, trian_r2: -5.4382, trian_cc: 0.6577
Epoch 63, val_loss: 0.0029, val_mae: 0.0506, val_mse: 0.0058, val_r2: -2.5422, val_cc: 0.6714
Epoch 64, trian_loss: 0.0027, trian_mae: 0.0505, trian_mse:0.0055, trian_r2: -1.6872, trian_cc: 0.6718
Epoch 64, val_loss: 0.0033, val_mae: 0.0560, val_mse: 0.0066, val_r2: -22.6215, val_cc: 0.5702
Epoch 65, trian_loss: 0.0028, trian_mae: 0.0509, trian_mse:0.0055, trian_r2: -2.3122, trian_cc: 0.6633
Epoch 65, val_loss: 0.0029, val_mae: 0.0521, val_mse: 0.0058, val_r2: -2.8630, val_cc: 0.6717
Epoch 66, trian_loss: 0.0027, trian_mae: 0.0503, trian_mse:0.0054, trian_r2: -1.3129, trian_cc: 0.6762
Epoch 66, val_loss: 0.0029, val_mae: 0.0516, val_mse: 0.0059, val_r2: -2.7722, val_cc: 0.6710
Epoch 67, trian_loss: 0.0027, trian_mae: 0.0503, trian_mse:0.0054, trian_r2: -1.7168, trian_cc: 0.6748
Epoch 67, val_loss: 0.0029, val_mae: 0.0516, val_mse: 0.0059, val_r2: -2.9961, val_cc: 0.6721
Epoch 68, trian_loss: 0.0027, trian_mae: 0.0504, trian_mse:0.0054, trian_r2: -2.8571, trian_cc: 0.6701
Epoch 68, val_loss: 0.0030, val_mae: 0.0507, val_mse: 0.0060, val_r2: -2.3244, val_cc: 0.6769
Epoch 69, trian_loss: 0.0026, trian_mae: 0.0493, trian_mse:0.0052, trian_r2: -1.1043, trian_cc: 0.6809
Epoch 69, val_loss: 0.0031, val_mae: 0.0514, val_mse: 0.0061, val_r2: -2.4019, val_cc: 0.6753
Epoch 70, trian_loss: 0.0027, trian_mae: 0.0497, trian_mse:0.0053, trian_r2: -1.9112, trian_cc: 0.6776
Epoch 70, val_loss: 0.0030, val_mae: 0.0503, val_mse: 0.0060, val_r2: -1.8638, val_cc: 0.6778
Epoch 71, trian_loss: 0.0026, trian_mae: 0.0495, trian_mse:0.0052, trian_r2: -1.1315, trian_cc: 0.6816
Epoch 71, val_loss: 0.0030, val_mae: 0.0505, val_mse: 0.0060, val_r2: -1.9154, val_cc: 0.6774
Epoch 72, trian_loss: 0.0026, trian_mae: 0.0491, trian_mse:0.0051, trian_r2: -1.1187, trian_cc: 0.6825
Epoch 72, val_loss: 0.0029, val_mae: 0.0503, val_mse: 0.0058, val_r2: -1.7180, val_cc: 0.6787
Epoch 73, trian_loss: 0.0025, trian_mae: 0.0491, trian_mse:0.0051, trian_r2: -1.1920, trian_cc: 0.6809
Epoch 73, val_loss: 0.0032, val_mae: 0.0511, val_mse: 0.0064, val_r2: -3.0320, val_cc: 0.6766
Epoch 74, trian_loss: 0.0026, trian_mae: 0.0493, trian_mse:0.0052, trian_r2: -1.3912, trian_cc: 0.6814
Epoch 74, val_loss: 0.0030, val_mae: 0.0508, val_mse: 0.0059, val_r2: -2.7125, val_cc: 0.6777
Epoch 75, trian_loss: 0.0025, trian_mae: 0.0488, trian_mse:0.0051, trian_r2: -0.8781, trian_cc: 0.6855
Epoch 75, val_loss: 0.0030, val_mae: 0.0509, val_mse: 0.0059, val_r2: -2.1110, val_cc: 0.6791
Epoch 76, trian_loss: 0.0026, trian_mae: 0.0492, trian_mse:0.0052, trian_r2: -1.3675, trian_cc: 0.6830
Epoch 76, val_loss: 0.0029, val_mae: 0.0506, val_mse: 0.0058, val_r2: -2.0093, val_cc: 0.6804
Epoch 77, trian_loss: 0.0025, trian_mae: 0.0490, trian_mse:0.0051, trian_r2: -1.2865, trian_cc: 0.6859
Epoch 77, val_loss: 0.0029, val_mae: 0.0510, val_mse: 0.0059, val_r2: -2.4643, val_cc: 0.6778
Epoch 78, trian_loss: 0.0025, trian_mae: 0.0488, trian_mse:0.0050, trian_r2: -1.0899, trian_cc: 0.6857
Epoch 78, val_loss: 0.0029, val_mae: 0.0501, val_mse: 0.0057, val_r2: -2.2386, val_cc: 0.6833
Epoch 79, trian_loss: 0.0025, trian_mae: 0.0485, trian_mse:0.0050, trian_r2: -1.1437, trian_cc: 0.6879
Epoch 79, val_loss: 0.0030, val_mae: 0.0502, val_mse: 0.0060, val_r2: -1.9317, val_cc: 0.6817
Epoch 80, trian_loss: 0.0025, trian_mae: 0.0486, trian_mse:0.0050, trian_r2: -1.4128, trian_cc: 0.6844
Epoch 80, val_loss: 0.0031, val_mae: 0.0509, val_mse: 0.0063, val_r2: -3.1255, val_cc: 0.6798
Epoch 81, trian_loss: 0.0025, trian_mae: 0.0484, trian_mse:0.0050, trian_r2: -0.9473, trian_cc: 0.6886
Epoch 81, val_loss: 0.0030, val_mae: 0.0502, val_mse: 0.0059, val_r2: -1.5598, val_cc: 0.6826
Epoch 82, trian_loss: 0.0025, trian_mae: 0.0483, trian_mse:0.0050, trian_r2: -1.2180, trian_cc: 0.6875
Epoch 82, val_loss: 0.0031, val_mae: 0.0510, val_mse: 0.0062, val_r2: -4.5078, val_cc: 0.6671
Epoch 83, trian_loss: 0.0025, trian_mae: 0.0491, trian_mse:0.0051, trian_r2: -2.0457, trian_cc: 0.6834
Epoch 83, val_loss: 0.0029, val_mae: 0.0504, val_mse: 0.0058, val_r2: -1.9933, val_cc: 0.6821
Epoch 84, trian_loss: 0.0025, trian_mae: 0.0480, trian_mse:0.0049, trian_r2: -0.9310, trian_cc: 0.6902
Epoch 84, val_loss: 0.0030, val_mae: 0.0504, val_mse: 0.0060, val_r2: -1.7655, val_cc: 0.6822
Epoch 85, trian_loss: 0.0024, trian_mae: 0.0480, trian_mse:0.0049, trian_r2: -0.8687, trian_cc: 0.6901
Epoch 85, val_loss: 0.0030, val_mae: 0.0501, val_mse: 0.0060, val_r2: -1.9953, val_cc: 0.6823
Epoch 86, trian_loss: 0.0024, trian_mae: 0.0480, trian_mse:0.0049, trian_r2: -1.3114, trian_cc: 0.6876
Epoch 86, val_loss: 0.0030, val_mae: 0.0502, val_mse: 0.0060, val_r2: -2.4068, val_cc: 0.6816
Epoch 87, trian_loss: 0.0024, trian_mae: 0.0480, trian_mse:0.0049, trian_r2: -1.5200, trian_cc: 0.6875
Epoch 87, val_loss: 0.0029, val_mae: 0.0498, val_mse: 0.0059, val_r2: -2.1821, val_cc: 0.6842
Epoch 88, trian_loss: 0.0024, trian_mae: 0.0479, trian_mse:0.0048, trian_r2: -0.8510, trian_cc: 0.6924
Epoch 88, val_loss: 0.0030, val_mae: 0.0499, val_mse: 0.0060, val_r2: -2.1000, val_cc: 0.6814
Epoch 89, trian_loss: 0.0025, trian_mae: 0.0481, trian_mse:0.0050, trian_r2: -1.1365, trian_cc: 0.6914
Epoch 89, val_loss: 0.0031, val_mae: 0.0501, val_mse: 0.0061, val_r2: -1.6637, val_cc: 0.6836
Epoch 90, trian_loss: 0.0025, trian_mae: 0.0480, trian_mse:0.0049, trian_r2: -0.8707, trian_cc: 0.6906
Epoch 90, val_loss: 0.0029, val_mae: 0.0498, val_mse: 0.0059, val_r2: -1.4834, val_cc: 0.6799
Epoch 91, trian_loss: 0.0024, trian_mae: 0.0475, trian_mse:0.0048, trian_r2: -0.7309, trian_cc: 0.6945
Epoch 91, val_loss: 0.0031, val_mae: 0.0508, val_mse: 0.0063, val_r2: -1.7619, val_cc: 0.6802
Epoch 92, trian_loss: 0.0024, trian_mae: 0.0475, trian_mse:0.0048, trian_r2: -1.2759, trian_cc: 0.6938
Epoch 92, val_loss: 0.0031, val_mae: 0.0503, val_mse: 0.0061, val_r2: -1.4221, val_cc: 0.6817
Epoch 93, trian_loss: 0.0024, trian_mae: 0.0476, trian_mse:0.0049, trian_r2: -0.8334, trian_cc: 0.6941
Epoch 93, val_loss: 0.0031, val_mae: 0.0507, val_mse: 0.0062, val_r2: -1.7854, val_cc: 0.6802
Epoch 94, trian_loss: 0.0024, trian_mae: 0.0471, trian_mse:0.0047, trian_r2: -0.7156, trian_cc: 0.6971
Epoch 94, val_loss: 0.0030, val_mae: 0.0501, val_mse: 0.0060, val_r2: -1.3981, val_cc: 0.6836
Epoch 95, trian_loss: 0.0024, trian_mae: 0.0474, trian_mse:0.0048, trian_r2: -1.0953, trian_cc: 0.6929
Epoch 95, val_loss: 0.0030, val_mae: 0.0497, val_mse: 0.0059, val_r2: -1.6535, val_cc: 0.6848
Epoch 96, trian_loss: 0.0024, trian_mae: 0.0475, trian_mse:0.0048, trian_r2: -0.7781, trian_cc: 0.6959
Epoch 96, val_loss: 0.0031, val_mae: 0.0509, val_mse: 0.0062, val_r2: -1.5931, val_cc: 0.6846
Epoch 97, trian_loss: 0.0023, trian_mae: 0.0470, trian_mse:0.0047, trian_r2: -0.6938, trian_cc: 0.6982
Epoch 97, val_loss: 0.0032, val_mae: 0.0509, val_mse: 0.0063, val_r2: -1.4909, val_cc: 0.6821
Epoch 98, trian_loss: 0.0024, trian_mae: 0.0474, trian_mse:0.0048, trian_r2: -0.8448, trian_cc: 0.6955
Epoch 98, val_loss: 0.0030, val_mae: 0.0504, val_mse: 0.0060, val_r2: -1.6060, val_cc: 0.6854
Epoch 99, trian_loss: 0.0024, trian_mae: 0.0472, trian_mse:0.0048, trian_r2: -0.6880, trian_cc: 0.6983
Epoch 99, val_loss: 0.0031, val_mae: 0.0506, val_mse: 0.0062, val_r2: -1.3696, val_cc: 0.6825
