Trian Data: 515   Validation Data: 172  Test Data: 172
model ResNet_2D(
  (conv1): Sequential(
    (0): Conv2d(61, 64, kernel_size=(3, 3), stride=(1, 1), padding=(1, 1), bias=False)
    (1): BatchNorm2d(64, eps=1e-05, momentum=0.1, affine=True, track_running_stats=True)
  )
  (layer1): Sequential(
    (0): BasicBlock(
      (conv1): Conv2d(64, 64, kernel_size=(3, 3), stride=(1, 1), padding=(1, 1), bias=False)
      (bn1): BatchNorm2d(64, eps=1e-05, momentum=0.1, affine=True, track_running_stats=True)
      (conv2): Conv2d(64, 64, kernel_size=(3, 3), stride=(1, 1), padding=(1, 1), bias=False)
      (bn2): BatchNorm2d(64, eps=1e-05, momentum=0.1, affine=True, track_running_stats=True)
      (shortcut): Sequential()
    )
    (1): BasicBlock(
      (conv1): Conv2d(64, 64, kernel_size=(3, 3), stride=(1, 1), padding=(1, 1), bias=False)
      (bn1): BatchNorm2d(64, eps=1e-05, momentum=0.1, affine=True, track_running_stats=True)
      (conv2): Conv2d(64, 64, kernel_size=(3, 3), stride=(1, 1), padding=(1, 1), bias=False)
      (bn2): BatchNorm2d(64, eps=1e-05, momentum=0.1, affine=True, track_running_stats=True)
      (shortcut): Sequential()
    )
    (2): BasicBlock(
      (conv1): Conv2d(64, 64, kernel_size=(3, 3), stride=(1, 1), padding=(1, 1), bias=False)
      (bn1): BatchNorm2d(64, eps=1e-05, momentum=0.1, affine=True, track_running_stats=True)
      (conv2): Conv2d(64, 64, kernel_size=(3, 3), stride=(1, 1), padding=(1, 1), bias=False)
      (bn2): BatchNorm2d(64, eps=1e-05, momentum=0.1, affine=True, track_running_stats=True)
      (shortcut): Sequential()
    )
  )
  (layer2): Sequential(
    (0): BasicBlock(
      (conv1): Conv2d(64, 64, kernel_size=(3, 3), stride=(1, 1), padding=(1, 1), bias=False)
      (bn1): BatchNorm2d(64, eps=1e-05, momentum=0.1, affine=True, track_running_stats=True)
      (conv2): Conv2d(64, 64, kernel_size=(3, 3), stride=(1, 1), padding=(1, 1), bias=False)
      (bn2): BatchNorm2d(64, eps=1e-05, momentum=0.1, affine=True, track_running_stats=True)
      (shortcut): Sequential()
    )
    (1): BasicBlock(
      (conv1): Conv2d(64, 64, kernel_size=(3, 3), stride=(1, 1), padding=(1, 1), bias=False)
      (bn1): BatchNorm2d(64, eps=1e-05, momentum=0.1, affine=True, track_running_stats=True)
      (conv2): Conv2d(64, 64, kernel_size=(3, 3), stride=(1, 1), padding=(1, 1), bias=False)
      (bn2): BatchNorm2d(64, eps=1e-05, momentum=0.1, affine=True, track_running_stats=True)
      (shortcut): Sequential()
    )
    (2): BasicBlock(
      (conv1): Conv2d(64, 64, kernel_size=(3, 3), stride=(1, 1), padding=(1, 1), bias=False)
      (bn1): BatchNorm2d(64, eps=1e-05, momentum=0.1, affine=True, track_running_stats=True)
      (conv2): Conv2d(64, 64, kernel_size=(3, 3), stride=(1, 1), padding=(1, 1), bias=False)
      (bn2): BatchNorm2d(64, eps=1e-05, momentum=0.1, affine=True, track_running_stats=True)
      (shortcut): Sequential()
    )
  )
  (layer3): Sequential(
    (0): BasicBlock(
      (conv1): Conv2d(64, 64, kernel_size=(3, 3), stride=(1, 1), padding=(1, 1), bias=False)
      (bn1): BatchNorm2d(64, eps=1e-05, momentum=0.1, affine=True, track_running_stats=True)
      (conv2): Conv2d(64, 64, kernel_size=(3, 3), stride=(1, 1), padding=(1, 1), bias=False)
      (bn2): BatchNorm2d(64, eps=1e-05, momentum=0.1, affine=True, track_running_stats=True)
      (shortcut): Sequential()
    )
    (1): BasicBlock(
      (conv1): Conv2d(64, 64, kernel_size=(3, 3), stride=(1, 1), padding=(1, 1), bias=False)
      (bn1): BatchNorm2d(64, eps=1e-05, momentum=0.1, affine=True, track_running_stats=True)
      (conv2): Conv2d(64, 64, kernel_size=(3, 3), stride=(1, 1), padding=(1, 1), bias=False)
      (bn2): BatchNorm2d(64, eps=1e-05, momentum=0.1, affine=True, track_running_stats=True)
      (shortcut): Sequential()
    )
    (2): BasicBlock(
      (conv1): Conv2d(64, 64, kernel_size=(3, 3), stride=(1, 1), padding=(1, 1), bias=False)
      (bn1): BatchNorm2d(64, eps=1e-05, momentum=0.1, affine=True, track_running_stats=True)
      (conv2): Conv2d(64, 64, kernel_size=(3, 3), stride=(1, 1), padding=(1, 1), bias=False)
      (bn2): BatchNorm2d(64, eps=1e-05, momentum=0.1, affine=True, track_running_stats=True)
      (shortcut): Sequential()
    )
  )
  (layer4): Sequential(
    (0): BasicBlock(
      (conv1): Conv2d(64, 64, kernel_size=(3, 3), stride=(1, 1), padding=(1, 1), bias=False)
      (bn1): BatchNorm2d(64, eps=1e-05, momentum=0.1, affine=True, track_running_stats=True)
      (conv2): Conv2d(64, 64, kernel_size=(3, 3), stride=(1, 1), padding=(1, 1), bias=False)
      (bn2): BatchNorm2d(64, eps=1e-05, momentum=0.1, affine=True, track_running_stats=True)
      (shortcut): Sequential()
    )
    (1): BasicBlock(
      (conv1): Conv2d(64, 64, kernel_size=(3, 3), stride=(1, 1), padding=(1, 1), bias=False)
      (bn1): BatchNorm2d(64, eps=1e-05, momentum=0.1, affine=True, track_running_stats=True)
      (conv2): Conv2d(64, 64, kernel_size=(3, 3), stride=(1, 1), padding=(1, 1), bias=False)
      (bn2): BatchNorm2d(64, eps=1e-05, momentum=0.1, affine=True, track_running_stats=True)
      (shortcut): Sequential()
    )
    (2): BasicBlock(
      (conv1): Conv2d(64, 64, kernel_size=(3, 3), stride=(1, 1), padding=(1, 1), bias=False)
      (bn1): BatchNorm2d(64, eps=1e-05, momentum=0.1, affine=True, track_running_stats=True)
      (conv2): Conv2d(64, 64, kernel_size=(3, 3), stride=(1, 1), padding=(1, 1), bias=False)
      (bn2): BatchNorm2d(64, eps=1e-05, momentum=0.1, affine=True, track_running_stats=True)
      (shortcut): Sequential()
    )
  )
  (conv2): Sequential(
    (0): Conv2d(64, 32, kernel_size=(3, 3), stride=(1, 1), padding=(1, 1))
    (1): BatchNorm2d(32, eps=1e-05, momentum=0.1, affine=True, track_running_stats=True)
  )
  (conv3): Sequential(
    (0): Conv2d(32, 16, kernel_size=(3, 3), stride=(1, 1), padding=(1, 1))
    (1): BatchNorm2d(16, eps=1e-05, momentum=0.1, affine=True, track_running_stats=True)
  )
  (conv4): Sequential(
    (0): Conv2d(16, 1, kernel_size=(3, 3), stride=(1, 1), padding=(1, 1))
    (1): BatchNorm2d(1, eps=1e-05, momentum=0.1, affine=True, track_running_stats=True)
  )
)
Epoch  0, trian_loss: 0.0121, trian_mae: 0.1041, trian_mse:0.0245, trian_r2: -4.2060, trian_cc: 0.3085
Epoch  0, val_loss: 0.0083, val_mae: 0.1067, val_mse: 0.0166, val_r2: -2.3651, val_cc: 0.1480
Epoch  1, trian_loss: 0.0156, trian_mae: 0.1522, trian_mse:0.0312, trian_r2: -4.5523, trian_cc: 0.0060
Epoch  1, val_loss: 0.0170, val_mae: 0.1580, val_mse: 0.0341, val_r2: -4.4033, val_cc: 0.0016
Epoch  2, trian_loss: 0.0157, trian_mae: 0.1529, trian_mse:0.0315, trian_r2: -4.5822, trian_cc: 0.0007
Epoch  2, val_loss: 0.0170, val_mae: 0.1580, val_mse: 0.0341, val_r2: -4.4035, val_cc: 0.0000
Epoch  3, trian_loss: 0.0157, trian_mae: 0.1529, trian_mse:0.0315, trian_r2: -4.5819, trian_cc: 0.0000
Epoch  3, val_loss: 0.0170, val_mae: 0.1580, val_mse: 0.0341, val_r2: -4.4035, val_cc: 0.0001
Epoch  4, trian_loss: 0.0157, trian_mae: 0.1529, trian_mse:0.0315, trian_r2: -4.5819, trian_cc: 0.0000
Epoch  4, val_loss: 0.0170, val_mae: 0.1580, val_mse: 0.0341, val_r2: -4.4036, val_cc: -0.0000
Epoch  5, trian_loss: 0.0157, trian_mae: 0.1529, trian_mse:0.0315, trian_r2: -4.5819, trian_cc: -0.0000
Epoch  5, val_loss: 0.0170, val_mae: 0.1580, val_mse: 0.0341, val_r2: -4.4035, val_cc: -0.0000
Epoch  6, trian_loss: 0.0157, trian_mae: 0.1529, trian_mse:0.0315, trian_r2: -4.5819, trian_cc: 0.0000
Epoch  6, val_loss: 0.0170, val_mae: 0.1580, val_mse: 0.0341, val_r2: -4.4035, val_cc: 0.0000
Epoch  7, trian_loss: 0.0157, trian_mae: 0.1529, trian_mse:0.0315, trian_r2: -4.5819, trian_cc: 0.0000
Epoch  7, val_loss: 0.0170, val_mae: 0.1580, val_mse: 0.0341, val_r2: -4.4035, val_cc: 0.0000
Epoch  8, trian_loss: 0.0157, trian_mae: 0.1529, trian_mse:0.0315, trian_r2: -4.5819, trian_cc: 0.0000
Epoch  8, val_loss: 0.0170, val_mae: 0.1580, val_mse: 0.0341, val_r2: -4.4035, val_cc: 0.0002
Epoch  9, trian_loss: 0.0157, trian_mae: 0.1529, trian_mse:0.0315, trian_r2: -4.5819, trian_cc: 0.0001
Epoch  9, val_loss: 0.0170, val_mae: 0.1580, val_mse: 0.0341, val_r2: -4.4035, val_cc: 0.0000
Epoch 10, trian_loss: 0.0157, trian_mae: 0.1529, trian_mse:0.0315, trian_r2: -4.5819, trian_cc: 0.0000
Epoch 10, val_loss: 0.0170, val_mae: 0.1580, val_mse: 0.0341, val_r2: -4.4035, val_cc: 0.0000
Epoch 11, trian_loss: 0.0157, trian_mae: 0.1529, trian_mse:0.0315, trian_r2: -4.5819, trian_cc: 0.0001
Epoch 11, val_loss: 0.0170, val_mae: 0.1580, val_mse: 0.0341, val_r2: -4.4035, val_cc: 0.0000
Epoch 12, trian_loss: 0.0157, trian_mae: 0.1529, trian_mse:0.0315, trian_r2: -4.5819, trian_cc: 0.0001
Epoch 12, val_loss: 0.0170, val_mae: 0.1580, val_mse: 0.0341, val_r2: -4.4035, val_cc: 0.0002
Epoch 13, trian_loss: 0.0157, trian_mae: 0.1529, trian_mse:0.0315, trian_r2: -4.5819, trian_cc: 0.0000
Epoch 13, val_loss: 0.0170, val_mae: 0.1580, val_mse: 0.0341, val_r2: -4.4035, val_cc: 0.0000
Epoch 14, trian_loss: 0.0157, trian_mae: 0.1529, trian_mse:0.0315, trian_r2: -4.5819, trian_cc: 0.0001
Epoch 14, val_loss: 0.0170, val_mae: 0.1580, val_mse: 0.0341, val_r2: -4.4035, val_cc: 0.0005
Epoch 15, trian_loss: 0.0157, trian_mae: 0.1529, trian_mse:0.0315, trian_r2: -4.5819, trian_cc: -0.0000
Epoch 15, val_loss: 0.0170, val_mae: 0.1580, val_mse: 0.0341, val_r2: -4.4035, val_cc: 0.0000
Epoch 16, trian_loss: 0.0157, trian_mae: 0.1529, trian_mse:0.0315, trian_r2: -4.5819, trian_cc: -0.0000
Epoch 16, val_loss: 0.0170, val_mae: 0.1580, val_mse: 0.0341, val_r2: -4.4035, val_cc: 0.0000
Epoch 17, trian_loss: 0.0100, trian_mae: 0.1103, trian_mse:0.0200, trian_r2: -2.3611, trian_cc: -0.0237
Epoch 17, val_loss: 0.0052, val_mae: 0.0757, val_mse: 0.0105, val_r2: -0.5085, val_cc: -0.0411
Epoch 18, trian_loss: 0.0047, trian_mae: 0.0729, trian_mse:0.0094, trian_r2: -0.5689, trian_cc: -0.0289
Epoch 18, val_loss: 0.0049, val_mae: 0.0732, val_mse: 0.0098, val_r2: -0.3846, val_cc: -0.0251
Epoch 19, trian_loss: 0.0043, trian_mae: 0.0697, trian_mse:0.0087, trian_r2: -0.4118, trian_cc: 0.0347
Epoch 19, val_loss: 0.0046, val_mae: 0.0727, val_mse: 0.0093, val_r2: -0.3949, val_cc: 0.1352
Epoch 20, trian_loss: 0.0043, trian_mae: 0.0692, trian_mse:0.0086, trian_r2: -0.3817, trian_cc: 0.0947
Epoch 20, val_loss: 0.0046, val_mae: 0.0728, val_mse: 0.0092, val_r2: -0.3945, val_cc: 0.0600
Epoch 21, trian_loss: 0.0042, trian_mae: 0.0682, trian_mse:0.0084, trian_r2: -0.3267, trian_cc: 0.0804
Epoch 21, val_loss: 0.0047, val_mae: 0.0723, val_mse: 0.0094, val_r2: -0.3503, val_cc: 0.0754
Epoch 22, trian_loss: 0.0042, trian_mae: 0.0687, trian_mse:0.0085, trian_r2: -0.3518, trian_cc: 0.0823
Epoch 22, val_loss: 0.0046, val_mae: 0.0718, val_mse: 0.0092, val_r2: -0.3349, val_cc: 0.0762
Epoch 23, trian_loss: 0.0041, trian_mae: 0.0678, trian_mse:0.0083, trian_r2: -0.3110, trian_cc: 0.0855
Epoch 23, val_loss: 0.0046, val_mae: 0.0716, val_mse: 0.0091, val_r2: -0.3342, val_cc: 0.0721
Epoch 24, trian_loss: 0.0042, trian_mae: 0.0680, trian_mse:0.0083, trian_r2: -0.3213, trian_cc: 0.0928
Epoch 24, val_loss: 0.0046, val_mae: 0.0717, val_mse: 0.0091, val_r2: -0.3356, val_cc: 0.0744
Epoch 25, trian_loss: 0.0041, trian_mae: 0.0679, trian_mse:0.0082, trian_r2: -0.3176, trian_cc: 0.1041
Epoch 25, val_loss: 0.0046, val_mae: 0.0716, val_mse: 0.0091, val_r2: -0.3300, val_cc: 0.0998
Epoch 26, trian_loss: 0.0041, trian_mae: 0.0677, trian_mse:0.0082, trian_r2: -0.3077, trian_cc: 0.1040
Epoch 26, val_loss: 0.0045, val_mae: 0.0717, val_mse: 0.0091, val_r2: -0.3369, val_cc: 0.1120
Epoch 27, trian_loss: 0.0041, trian_mae: 0.0677, trian_mse:0.0082, trian_r2: -0.3068, trian_cc: 0.1122
Epoch 27, val_loss: 0.0045, val_mae: 0.0719, val_mse: 0.0091, val_r2: -0.3469, val_cc: 0.1157
Epoch 28, trian_loss: 0.0041, trian_mae: 0.0678, trian_mse:0.0082, trian_r2: -0.3208, trian_cc: 0.1495
Epoch 28, val_loss: 0.0046, val_mae: 0.0748, val_mse: 0.0093, val_r2: -0.5081, val_cc: 0.1264
Epoch 29, trian_loss: 0.0041, trian_mae: 0.0677, trian_mse:0.0082, trian_r2: -0.3094, trian_cc: 0.1211
Epoch 29, val_loss: 0.0045, val_mae: 0.0719, val_mse: 0.0091, val_r2: -0.3463, val_cc: 0.1242
Epoch 30, trian_loss: 0.0040, trian_mae: 0.0672, trian_mse:0.0081, trian_r2: -0.2916, trian_cc: 0.2231
Epoch 30, val_loss: 0.0046, val_mae: 0.0753, val_mse: 0.0093, val_r2: -0.5244, val_cc: 0.1625
Epoch 31, trian_loss: 0.0041, trian_mae: 0.0673, trian_mse:0.0081, trian_r2: -0.2899, trian_cc: 0.1641
Epoch 31, val_loss: 0.0045, val_mae: 0.0712, val_mse: 0.0089, val_r2: -0.3105, val_cc: 0.1518
Epoch 32, trian_loss: 0.0040, trian_mae: 0.0670, trian_mse:0.0081, trian_r2: -0.2776, trian_cc: 0.2389
Epoch 32, val_loss: 0.0045, val_mae: 0.0712, val_mse: 0.0090, val_r2: -0.3091, val_cc: 0.1331
Epoch 33, trian_loss: 0.0041, trian_mae: 0.0671, trian_mse:0.0081, trian_r2: -0.2821, trian_cc: 0.1807
Epoch 33, val_loss: 0.0043, val_mae: 0.0697, val_mse: 0.0085, val_r2: -0.2536, val_cc: 0.2623
Epoch 34, trian_loss: 0.0039, trian_mae: 0.0662, trian_mse:0.0079, trian_r2: -0.2446, trian_cc: 0.2319
Epoch 34, val_loss: 0.0045, val_mae: 0.0700, val_mse: 0.0090, val_r2: -0.2556, val_cc: 0.1620
Epoch 35, trian_loss: 0.0039, trian_mae: 0.0660, trian_mse:0.0078, trian_r2: -0.2385, trian_cc: 0.2758
Epoch 35, val_loss: 0.0044, val_mae: 0.0711, val_mse: 0.0087, val_r2: -0.3101, val_cc: 0.2307
Epoch 36, trian_loss: 0.0039, trian_mae: 0.0655, trian_mse:0.0077, trian_r2: -0.2205, trian_cc: 0.2975
Epoch 36, val_loss: 0.0046, val_mae: 0.0677, val_mse: 0.0092, val_r2: -0.1692, val_cc: 0.2923
Epoch 37, trian_loss: 0.0038, trian_mae: 0.0654, trian_mse:0.0077, trian_r2: -0.2122, trian_cc: 0.3081
Epoch 37, val_loss: 0.0041, val_mae: 0.0659, val_mse: 0.0082, val_r2: -0.1231, val_cc: 0.3664
Epoch 38, trian_loss: 0.0039, trian_mae: 0.0657, trian_mse:0.0078, trian_r2: -0.2264, trian_cc: 0.2701
Epoch 38, val_loss: 0.0044, val_mae: 0.0667, val_mse: 0.0088, val_r2: -0.1339, val_cc: 0.3117
Epoch 39, trian_loss: 0.0037, trian_mae: 0.0645, trian_mse:0.0075, trian_r2: -0.1819, trian_cc: 0.3318
Epoch 39, val_loss: 0.0043, val_mae: 0.0663, val_mse: 0.0087, val_r2: -0.1301, val_cc: 0.3560
Epoch 40, trian_loss: 0.0038, trian_mae: 0.0650, trian_mse:0.0076, trian_r2: -0.1913, trian_cc: 0.3175
Epoch 40, val_loss: 0.0041, val_mae: 0.0655, val_mse: 0.0082, val_r2: -0.1034, val_cc: 0.3595
Epoch 41, trian_loss: 0.0038, trian_mae: 0.0648, trian_mse:0.0075, trian_r2: -0.2007, trian_cc: 0.3289
Epoch 41, val_loss: 0.0043, val_mae: 0.0691, val_mse: 0.0086, val_r2: -0.2222, val_cc: 0.2281
Epoch 42, trian_loss: 0.0038, trian_mae: 0.0645, trian_mse:0.0076, trian_r2: -0.1798, trian_cc: 0.3261
Epoch 42, val_loss: 0.0041, val_mae: 0.0658, val_mse: 0.0082, val_r2: -0.0909, val_cc: 0.3331
Epoch 43, trian_loss: 0.0039, trian_mae: 0.0655, trian_mse:0.0077, trian_r2: -0.2208, trian_cc: 0.2795
Epoch 43, val_loss: 0.0046, val_mae: 0.0696, val_mse: 0.0091, val_r2: -0.2283, val_cc: 0.1559
Epoch 44, trian_loss: 0.0038, trian_mae: 0.0648, trian_mse:0.0076, trian_r2: -0.1974, trian_cc: 0.3199
Epoch 44, val_loss: 0.0041, val_mae: 0.0656, val_mse: 0.0082, val_r2: -0.1164, val_cc: 0.3816
Epoch 45, trian_loss: 0.0037, trian_mae: 0.0638, trian_mse:0.0074, trian_r2: -0.1727, trian_cc: 0.3674
Epoch 45, val_loss: 0.0040, val_mae: 0.0655, val_mse: 0.0081, val_r2: -0.1185, val_cc: 0.3898
Epoch 46, trian_loss: 0.0037, trian_mae: 0.0637, trian_mse:0.0073, trian_r2: -0.1481, trian_cc: 0.3613
Epoch 46, val_loss: 0.0052, val_mae: 0.0747, val_mse: 0.0104, val_r2: -0.5410, val_cc: 0.3767
Epoch 47, trian_loss: 0.0037, trian_mae: 0.0637, trian_mse:0.0073, trian_r2: -0.1553, trian_cc: 0.3643
Epoch 47, val_loss: 0.0041, val_mae: 0.0658, val_mse: 0.0083, val_r2: -0.1075, val_cc: 0.3490
Epoch 48, trian_loss: 0.0037, trian_mae: 0.0640, trian_mse:0.0074, trian_r2: -0.1566, trian_cc: 0.3513
Epoch 48, val_loss: 0.0041, val_mae: 0.0665, val_mse: 0.0082, val_r2: -0.1215, val_cc: 0.2949
Epoch 49, trian_loss: 0.0038, trian_mae: 0.0648, trian_mse:0.0076, trian_r2: -0.1934, trian_cc: 0.3233
Epoch 49, val_loss: 0.0041, val_mae: 0.0670, val_mse: 0.0083, val_r2: -0.1473, val_cc: 0.2850
Epoch 50, trian_loss: 0.0037, trian_mae: 0.0642, trian_mse:0.0075, trian_r2: -0.1635, trian_cc: 0.3372
Epoch 50, val_loss: 0.0040, val_mae: 0.0666, val_mse: 0.0081, val_r2: -0.1375, val_cc: 0.3256
Epoch 51, trian_loss: 0.0037, trian_mae: 0.0638, trian_mse:0.0074, trian_r2: -0.1484, trian_cc: 0.3432
Epoch 51, val_loss: 0.0041, val_mae: 0.0651, val_mse: 0.0081, val_r2: -0.0795, val_cc: 0.3522
Epoch 52, trian_loss: 0.0037, trian_mae: 0.0637, trian_mse:0.0074, trian_r2: -0.1460, trian_cc: 0.3567
Epoch 52, val_loss: 0.0040, val_mae: 0.0676, val_mse: 0.0081, val_r2: -0.1782, val_cc: 0.3434
Epoch 53, trian_loss: 0.0037, trian_mae: 0.0641, trian_mse:0.0074, trian_r2: -0.1682, trian_cc: 0.3456
Epoch 53, val_loss: 0.0041, val_mae: 0.0654, val_mse: 0.0083, val_r2: -0.0954, val_cc: 0.3627
Epoch 54, trian_loss: 0.0037, trian_mae: 0.0638, trian_mse:0.0074, trian_r2: -0.1558, trian_cc: 0.3499
Epoch 54, val_loss: 0.0044, val_mae: 0.0666, val_mse: 0.0087, val_r2: -0.1453, val_cc: 0.3472
Epoch 55, trian_loss: 0.0037, trian_mae: 0.0640, trian_mse:0.0074, trian_r2: -0.1673, trian_cc: 0.3556
Epoch 55, val_loss: 0.0041, val_mae: 0.0657, val_mse: 0.0082, val_r2: -0.1115, val_cc: 0.3516
Epoch 56, trian_loss: 0.0036, trian_mae: 0.0635, trian_mse:0.0072, trian_r2: -0.1538, trian_cc: 0.3656
Epoch 56, val_loss: 0.0039, val_mae: 0.0656, val_mse: 0.0079, val_r2: -0.1062, val_cc: 0.3637
Epoch 57, trian_loss: 0.0036, trian_mae: 0.0630, trian_mse:0.0072, trian_r2: -0.1264, trian_cc: 0.3718
Epoch 57, val_loss: 0.0040, val_mae: 0.0663, val_mse: 0.0080, val_r2: -0.1615, val_cc: 0.3794
Epoch 58, trian_loss: 0.0036, trian_mae: 0.0629, trian_mse:0.0073, trian_r2: -0.1217, trian_cc: 0.3691
Epoch 58, val_loss: 0.0039, val_mae: 0.0647, val_mse: 0.0079, val_r2: -0.0706, val_cc: 0.3771
Epoch 59, trian_loss: 0.0036, trian_mae: 0.0625, trian_mse:0.0071, trian_r2: -0.1067, trian_cc: 0.3805
Epoch 59, val_loss: 0.0042, val_mae: 0.0655, val_mse: 0.0083, val_r2: -0.1344, val_cc: 0.3917
Epoch 60, trian_loss: 0.0037, trian_mae: 0.0637, trian_mse:0.0073, trian_r2: -0.1560, trian_cc: 0.3491
Epoch 60, val_loss: 0.0040, val_mae: 0.0654, val_mse: 0.0080, val_r2: -0.0897, val_cc: 0.3472
Epoch 61, trian_loss: 0.0036, trian_mae: 0.0633, trian_mse:0.0073, trian_r2: -0.1355, trian_cc: 0.3684
Epoch 61, val_loss: 0.0039, val_mae: 0.0644, val_mse: 0.0079, val_r2: -0.0663, val_cc: 0.3897
Epoch 62, trian_loss: 0.0036, trian_mae: 0.0630, trian_mse:0.0072, trian_r2: -0.1316, trian_cc: 0.3733
Epoch 62, val_loss: 0.0039, val_mae: 0.0649, val_mse: 0.0078, val_r2: -0.0700, val_cc: 0.3632
Epoch 63, trian_loss: 0.0036, trian_mae: 0.0625, trian_mse:0.0071, trian_r2: -0.1102, trian_cc: 0.3811
Epoch 63, val_loss: 0.0041, val_mae: 0.0644, val_mse: 0.0081, val_r2: -0.0433, val_cc: 0.3442
Epoch 64, trian_loss: 0.0036, trian_mae: 0.0623, trian_mse:0.0071, trian_r2: -0.1019, trian_cc: 0.3864
Epoch 64, val_loss: 0.0041, val_mae: 0.0647, val_mse: 0.0082, val_r2: -0.0794, val_cc: 0.3955
Epoch 65, trian_loss: 0.0036, trian_mae: 0.0628, trian_mse:0.0072, trian_r2: -0.1226, trian_cc: 0.3765
Epoch 65, val_loss: 0.0039, val_mae: 0.0652, val_mse: 0.0079, val_r2: -0.0793, val_cc: 0.3498
Epoch 66, trian_loss: 0.0036, trian_mae: 0.0632, trian_mse:0.0072, trian_r2: -0.1371, trian_cc: 0.3583
Epoch 66, val_loss: 0.0040, val_mae: 0.0655, val_mse: 0.0080, val_r2: -0.0863, val_cc: 0.3263
Epoch 67, trian_loss: 0.0036, trian_mae: 0.0624, trian_mse:0.0071, trian_r2: -0.0993, trian_cc: 0.3802
Epoch 67, val_loss: 0.0039, val_mae: 0.0643, val_mse: 0.0079, val_r2: -0.0421, val_cc: 0.3748
Epoch 68, trian_loss: 0.0036, trian_mae: 0.0628, trian_mse:0.0072, trian_r2: -0.1192, trian_cc: 0.3829
Epoch 68, val_loss: 0.0041, val_mae: 0.0646, val_mse: 0.0081, val_r2: -0.1030, val_cc: 0.4262
Epoch 69, trian_loss: 0.0034, trian_mae: 0.0610, trian_mse:0.0068, trian_r2: -0.0607, trian_cc: 0.4381
Epoch 69, val_loss: 0.0038, val_mae: 0.0618, val_mse: 0.0077, val_r2: 0.0234, val_cc: 0.4514
Epoch 70, trian_loss: 0.0033, trian_mae: 0.0595, trian_mse:0.0066, trian_r2: -0.0083, trian_cc: 0.4691
Epoch 70, val_loss: 0.0038, val_mae: 0.0621, val_mse: 0.0076, val_r2: 0.0076, val_cc: 0.4669
Epoch 71, trian_loss: 0.0033, trian_mae: 0.0591, trian_mse:0.0065, trian_r2: 0.0047, trian_cc: 0.4811
Epoch 71, val_loss: 0.0037, val_mae: 0.0619, val_mse: 0.0073, val_r2: 0.0022, val_cc: 0.4798
Epoch 72, trian_loss: 0.0032, trian_mae: 0.0585, trian_mse:0.0064, trian_r2: 0.0215, trian_cc: 0.4930
Epoch 72, val_loss: 0.0037, val_mae: 0.0615, val_mse: 0.0073, val_r2: 0.0095, val_cc: 0.4897
Epoch 73, trian_loss: 0.0031, trian_mae: 0.0578, trian_mse:0.0063, trian_r2: 0.0345, trian_cc: 0.5078
Epoch 73, val_loss: 0.0036, val_mae: 0.0615, val_mse: 0.0073, val_r2: 0.0195, val_cc: 0.5005
Epoch 74, trian_loss: 0.0032, trian_mae: 0.0581, trian_mse:0.0064, trian_r2: 0.0269, trian_cc: 0.5026
Epoch 74, val_loss: 0.0036, val_mae: 0.0608, val_mse: 0.0072, val_r2: 0.0441, val_cc: 0.5015
Epoch 75, trian_loss: 0.0031, trian_mae: 0.0571, trian_mse:0.0062, trian_r2: 0.0479, trian_cc: 0.5214
Epoch 75, val_loss: 0.0035, val_mae: 0.0603, val_mse: 0.0069, val_r2: 0.0420, val_cc: 0.5046
Epoch 76, trian_loss: 0.0031, trian_mae: 0.0567, trian_mse:0.0061, trian_r2: 0.0615, trian_cc: 0.5284
Epoch 76, val_loss: 0.0035, val_mae: 0.0593, val_mse: 0.0071, val_r2: 0.0783, val_cc: 0.5170
Epoch 77, trian_loss: 0.0031, trian_mae: 0.0566, trian_mse:0.0061, trian_r2: 0.0691, trian_cc: 0.5314
Epoch 77, val_loss: 0.0035, val_mae: 0.0592, val_mse: 0.0070, val_r2: 0.0724, val_cc: 0.5153
Epoch 78, trian_loss: 0.0031, trian_mae: 0.0569, trian_mse:0.0062, trian_r2: 0.0638, trian_cc: 0.5220
Epoch 78, val_loss: 0.0038, val_mae: 0.0640, val_mse: 0.0075, val_r2: -0.0786, val_cc: 0.4938
Epoch 79, trian_loss: 0.0030, trian_mae: 0.0562, trian_mse:0.0060, trian_r2: 0.0692, trian_cc: 0.5388
Epoch 79, val_loss: 0.0036, val_mae: 0.0597, val_mse: 0.0071, val_r2: 0.0550, val_cc: 0.5198
Epoch 80, trian_loss: 0.0030, trian_mae: 0.0560, trian_mse:0.0060, trian_r2: 0.0837, trian_cc: 0.5414
Epoch 80, val_loss: 0.0036, val_mae: 0.0600, val_mse: 0.0072, val_r2: 0.0408, val_cc: 0.5213
Epoch 81, trian_loss: 0.0029, trian_mae: 0.0550, trian_mse:0.0059, trian_r2: 0.1110, trian_cc: 0.5514
Epoch 81, val_loss: 0.0035, val_mae: 0.0591, val_mse: 0.0070, val_r2: 0.0624, val_cc: 0.5239
Epoch 82, trian_loss: 0.0029, trian_mae: 0.0549, trian_mse:0.0059, trian_r2: 0.1150, trian_cc: 0.5560
Epoch 82, val_loss: 0.0033, val_mae: 0.0578, val_mse: 0.0067, val_r2: 0.1036, val_cc: 0.5413
Epoch 83, trian_loss: 0.0029, trian_mae: 0.0547, trian_mse:0.0059, trian_r2: 0.1215, trian_cc: 0.5578
Epoch 83, val_loss: 0.0034, val_mae: 0.0581, val_mse: 0.0067, val_r2: 0.0985, val_cc: 0.5424
Epoch 84, trian_loss: 0.0029, trian_mae: 0.0539, trian_mse:0.0057, trian_r2: 0.1398, trian_cc: 0.5698
Epoch 84, val_loss: 0.0033, val_mae: 0.0570, val_mse: 0.0067, val_r2: 0.1379, val_cc: 0.5519
Epoch 85, trian_loss: 0.0029, trian_mae: 0.0542, trian_mse:0.0058, trian_r2: 0.1294, trian_cc: 0.5707
Epoch 85, val_loss: 0.0033, val_mae: 0.0573, val_mse: 0.0067, val_r2: 0.1241, val_cc: 0.5523
Epoch 86, trian_loss: 0.0028, trian_mae: 0.0534, trian_mse:0.0057, trian_r2: 0.1490, trian_cc: 0.5798
Epoch 86, val_loss: 0.0033, val_mae: 0.0564, val_mse: 0.0066, val_r2: 0.1616, val_cc: 0.5571
Epoch 87, trian_loss: 0.0028, trian_mae: 0.0535, trian_mse:0.0057, trian_r2: 0.1516, trian_cc: 0.5767
Epoch 87, val_loss: 0.0032, val_mae: 0.0567, val_mse: 0.0064, val_r2: 0.1259, val_cc: 0.5634
Epoch 88, trian_loss: 0.0029, trian_mae: 0.0538, trian_mse:0.0057, trian_r2: 0.1394, trian_cc: 0.5777
Epoch 88, val_loss: 0.0042, val_mae: 0.0674, val_mse: 0.0083, val_r2: -0.2466, val_cc: 0.3703
Epoch 89, trian_loss: 0.0028, trian_mae: 0.0530, trian_mse:0.0057, trian_r2: 0.1677, trian_cc: 0.5832
Epoch 89, val_loss: 0.0032, val_mae: 0.0567, val_mse: 0.0065, val_r2: 0.1081, val_cc: 0.5740
Epoch 90, trian_loss: 0.0028, trian_mae: 0.0523, trian_mse:0.0055, trian_r2: 0.1843, trian_cc: 0.5980
Epoch 90, val_loss: 0.0033, val_mae: 0.0574, val_mse: 0.0066, val_r2: 0.0716, val_cc: 0.5706
Epoch 91, trian_loss: 0.0027, trian_mae: 0.0519, trian_mse:0.0055, trian_r2: 0.1922, trian_cc: 0.6041
Epoch 91, val_loss: 0.0032, val_mae: 0.0569, val_mse: 0.0065, val_r2: 0.1087, val_cc: 0.5719
Epoch 92, trian_loss: 0.0027, trian_mae: 0.0519, trian_mse:0.0055, trian_r2: 0.1912, trian_cc: 0.6056
Epoch 92, val_loss: 0.0033, val_mae: 0.0565, val_mse: 0.0065, val_r2: 0.1132, val_cc: 0.5717
Epoch 93, trian_loss: 0.0027, trian_mae: 0.0514, trian_mse:0.0054, trian_r2: 0.2079, trian_cc: 0.6114
Epoch 93, val_loss: 0.0032, val_mae: 0.0566, val_mse: 0.0063, val_r2: 0.0919, val_cc: 0.5876
Epoch 94, trian_loss: 0.0027, trian_mae: 0.0517, trian_mse:0.0055, trian_r2: 0.1941, trian_cc: 0.6097
Epoch 94, val_loss: 0.0031, val_mae: 0.0543, val_mse: 0.0062, val_r2: 0.1960, val_cc: 0.5897
Epoch 95, trian_loss: 0.0027, trian_mae: 0.0514, trian_mse:0.0054, trian_r2: 0.2014, trian_cc: 0.6135
Epoch 95, val_loss: 0.0032, val_mae: 0.0549, val_mse: 0.0063, val_r2: 0.1683, val_cc: 0.5885
Epoch 96, trian_loss: 0.0027, trian_mae: 0.0512, trian_mse:0.0054, trian_r2: 0.2007, trian_cc: 0.6164
Epoch 96, val_loss: 0.0031, val_mae: 0.0544, val_mse: 0.0061, val_r2: 0.1765, val_cc: 0.5939
Epoch 97, trian_loss: 0.0026, trian_mae: 0.0504, trian_mse:0.0053, trian_r2: 0.2254, trian_cc: 0.6236
Epoch 97, val_loss: 0.0031, val_mae: 0.0555, val_mse: 0.0063, val_r2: 0.1507, val_cc: 0.5983
Epoch 98, trian_loss: 0.0026, trian_mae: 0.0506, trian_mse:0.0053, trian_r2: 0.2281, trian_cc: 0.6228
Epoch 98, val_loss: 0.0031, val_mae: 0.0543, val_mse: 0.0062, val_r2: 0.1879, val_cc: 0.5943
Epoch 99, trian_loss: 0.0026, trian_mae: 0.0504, trian_mse:0.0053, trian_r2: 0.2301, trian_cc: 0.6266
Epoch 99, val_loss: 0.0031, val_mae: 0.0549, val_mse: 0.0063, val_r2: 0.1603, val_cc: 0.6001
