Trian Data: 532   Validation Data: 177  Test Data: 178
[1, 1]
[1]
[1]
[1]
model SENet(
  (conv1): Conv2d(101, 64, kernel_size=(3, 3), stride=(1, 1), padding=(1, 1), bias=False)
  (bn1): BatchNorm2d(64, eps=1e-05, momentum=0.1, affine=True, track_running_stats=True)
  (layer1): Sequential(
    (0): BasicBlock(
      (conv1): Conv2d(64, 64, kernel_size=(3, 3), stride=(1, 1), padding=(1, 1), bias=False)
      (bn1): BatchNorm2d(64, eps=1e-05, momentum=0.1, affine=True, track_running_stats=True)
      (conv2): Conv2d(64, 64, kernel_size=(3, 3), stride=(1, 1), padding=(1, 1), bias=False)
      (bn2): BatchNorm2d(64, eps=1e-05, momentum=0.1, affine=True, track_running_stats=True)
      (shortcut): Sequential()
      (fc1): Conv2d(64, 4, kernel_size=(1, 1), stride=(1, 1))
      (fc2): Conv2d(4, 64, kernel_size=(1, 1), stride=(1, 1))
    )
    (1): BasicBlock(
      (conv1): Conv2d(64, 64, kernel_size=(3, 3), stride=(1, 1), padding=(1, 1), bias=False)
      (bn1): BatchNorm2d(64, eps=1e-05, momentum=0.1, affine=True, track_running_stats=True)
      (conv2): Conv2d(64, 64, kernel_size=(3, 3), stride=(1, 1), padding=(1, 1), bias=False)
      (bn2): BatchNorm2d(64, eps=1e-05, momentum=0.1, affine=True, track_running_stats=True)
      (shortcut): Sequential()
      (fc1): Conv2d(64, 4, kernel_size=(1, 1), stride=(1, 1))
      (fc2): Conv2d(4, 64, kernel_size=(1, 1), stride=(1, 1))
    )
  )
  (layer2): Sequential(
    (0): BasicBlock(
      (conv1): Conv2d(64, 64, kernel_size=(3, 3), stride=(1, 1), padding=(1, 1), bias=False)
      (bn1): BatchNorm2d(64, eps=1e-05, momentum=0.1, affine=True, track_running_stats=True)
      (conv2): Conv2d(64, 64, kernel_size=(3, 3), stride=(1, 1), padding=(1, 1), bias=False)
      (bn2): BatchNorm2d(64, eps=1e-05, momentum=0.1, affine=True, track_running_stats=True)
      (shortcut): Sequential()
      (fc1): Conv2d(64, 4, kernel_size=(1, 1), stride=(1, 1))
      (fc2): Conv2d(4, 64, kernel_size=(1, 1), stride=(1, 1))
    )
  )
  (layer3): Sequential(
    (0): BasicBlock(
      (conv1): Conv2d(64, 64, kernel_size=(3, 3), stride=(1, 1), padding=(1, 1), bias=False)
      (bn1): BatchNorm2d(64, eps=1e-05, momentum=0.1, affine=True, track_running_stats=True)
      (conv2): Conv2d(64, 64, kernel_size=(3, 3), stride=(1, 1), padding=(1, 1), bias=False)
      (bn2): BatchNorm2d(64, eps=1e-05, momentum=0.1, affine=True, track_running_stats=True)
      (shortcut): Sequential()
      (fc1): Conv2d(64, 4, kernel_size=(1, 1), stride=(1, 1))
      (fc2): Conv2d(4, 64, kernel_size=(1, 1), stride=(1, 1))
    )
  )
  (layer4): Sequential(
    (0): BasicBlock(
      (conv1): Conv2d(64, 64, kernel_size=(3, 3), stride=(1, 1), padding=(1, 1), bias=False)
      (bn1): BatchNorm2d(64, eps=1e-05, momentum=0.1, affine=True, track_running_stats=True)
      (conv2): Conv2d(64, 64, kernel_size=(3, 3), stride=(1, 1), padding=(1, 1), bias=False)
      (bn2): BatchNorm2d(64, eps=1e-05, momentum=0.1, affine=True, track_running_stats=True)
      (shortcut): Sequential()
      (fc1): Conv2d(64, 4, kernel_size=(1, 1), stride=(1, 1))
      (fc2): Conv2d(4, 64, kernel_size=(1, 1), stride=(1, 1))
    )
  )
  (cnn): CNNnet(
    (conv1): Sequential(
      (0): Conv2d(64, 32, kernel_size=(3, 3), stride=(1, 1), padding=(1, 1))
      (1): BatchNorm2d(32, eps=1e-05, momentum=0.1, affine=True, track_running_stats=True)
      (2): ReLU()
    )
    (conv2): Sequential(
      (0): Conv2d(32, 16, kernel_size=(3, 3), stride=(1, 1), padding=(1, 1))
      (1): BatchNorm2d(16, eps=1e-05, momentum=0.1, affine=True, track_running_stats=True)
      (2): ReLU()
    )
    (conv3): Sequential(
      (0): Conv2d(16, 1, kernel_size=(3, 3), stride=(1, 1), padding=(1, 1))
      (1): BatchNorm2d(1, eps=1e-05, momentum=0.1, affine=True, track_running_stats=True)
      (2): ReLU()
    )
  )
)
Epoch  0, trian_loss: 0.0086, trian_mae: 0.0956, trian_mse:0.0175, trian_r2: -14.5377, trian_cc: 0.1160
Epoch  0, val_loss: 0.0069, val_mae: 0.0966, val_mse: 0.0138, val_r2: -7.5590, val_cc: 0.1572
Epoch  1, trian_loss: 0.0052, trian_mae: 0.0759, trian_mse:0.0104, trian_r2: -988.7522, trian_cc: 0.0156
Epoch  1, val_loss: 0.0049, val_mae: 0.0741, val_mse: 0.0098, val_r2: -1717.3779, val_cc: 0.0996
Epoch  2, trian_loss: 0.0050, trian_mae: 0.0743, trian_mse:0.0099, trian_r2: -1644.4440, trian_cc: 0.1241
Epoch  2, val_loss: 0.0049, val_mae: 0.0741, val_mse: 0.0098, val_r2: -1883.1365, val_cc: 0.1144
Epoch  3, trian_loss: 0.0049, trian_mae: 0.0742, trian_mse:0.0099, trian_r2: -1676.9636, trian_cc: 0.1320
Epoch  3, val_loss: 0.0049, val_mae: 0.0740, val_mse: 0.0097, val_r2: -1172.5490, val_cc: 0.1500
Epoch  4, trian_loss: 0.0049, trian_mae: 0.0739, trian_mse:0.0098, trian_r2: -1450.4208, trian_cc: 0.1723
Epoch  4, val_loss: 0.0048, val_mae: 0.0737, val_mse: 0.0096, val_r2: -1279.5070, val_cc: 0.2210
Epoch  5, trian_loss: 0.0049, trian_mae: 0.0741, trian_mse:0.0099, trian_r2: -1651.5242, trian_cc: 0.1479
Epoch  5, val_loss: 0.0048, val_mae: 0.0743, val_mse: 0.0097, val_r2: -1439.7683, val_cc: 0.1702
Epoch  6, trian_loss: 0.0049, trian_mae: 0.0741, trian_mse:0.0099, trian_r2: -1280.4359, trian_cc: 0.1379
Epoch  6, val_loss: 0.0049, val_mae: 0.0741, val_mse: 0.0098, val_r2: -744.3744, val_cc: 0.1305
Epoch  7, trian_loss: 0.0049, trian_mae: 0.0740, trian_mse:0.0098, trian_r2: -1078.3102, trian_cc: 0.1288
Epoch  7, val_loss: 0.0049, val_mae: 0.0740, val_mse: 0.0097, val_r2: -553.9005, val_cc: 0.1320
Epoch  8, trian_loss: 0.0049, trian_mae: 0.0738, trian_mse:0.0098, trian_r2: -533.9745, trian_cc: 0.1396
Epoch  8, val_loss: 0.0048, val_mae: 0.0738, val_mse: 0.0096, val_r2: -365.8547, val_cc: 0.1559
Epoch  9, trian_loss: 0.0049, trian_mae: 0.0735, trian_mse:0.0097, trian_r2: -333.5059, trian_cc: 0.1532
Epoch  9, val_loss: 0.0047, val_mae: 0.0731, val_mse: 0.0095, val_r2: -232.6373, val_cc: 0.2005
Epoch 10, trian_loss: 0.0049, trian_mae: 0.0734, trian_mse:0.0097, trian_r2: -267.9907, trian_cc: 0.1636
Epoch 10, val_loss: 0.0049, val_mae: 0.0742, val_mse: 0.0097, val_r2: -879.8336, val_cc: 0.1425
Epoch 11, trian_loss: 0.0048, trian_mae: 0.0728, trian_mse:0.0096, trian_r2: -205.4034, trian_cc: 0.1798
Epoch 11, val_loss: 0.0046, val_mae: 0.0711, val_mse: 0.0091, val_r2: -126.3160, val_cc: 0.2055
Epoch 12, trian_loss: 0.0046, trian_mae: 0.0711, trian_mse:0.0092, trian_r2: -172.7536, trian_cc: 0.2108
Epoch 12, val_loss: 0.0044, val_mae: 0.0691, val_mse: 0.0088, val_r2: -95.2966, val_cc: 0.2308
Epoch 13, trian_loss: 0.0044, trian_mae: 0.0696, trian_mse:0.0089, trian_r2: -106.9178, trian_cc: 0.2328
Epoch 13, val_loss: 0.0044, val_mae: 0.0688, val_mse: 0.0089, val_r2: -58.9094, val_cc: 0.2337
Epoch 14, trian_loss: 0.0044, trian_mae: 0.0694, trian_mse:0.0088, trian_r2: -108.2617, trian_cc: 0.2377
Epoch 14, val_loss: 0.0044, val_mae: 0.0684, val_mse: 0.0087, val_r2: -60.8499, val_cc: 0.2460
Epoch 15, trian_loss: 0.0045, trian_mae: 0.0700, trian_mse:0.0089, trian_r2: -103.7102, trian_cc: 0.2373
Epoch 15, val_loss: 0.0043, val_mae: 0.0680, val_mse: 0.0087, val_r2: -46.5423, val_cc: 0.2681
Epoch 16, trian_loss: 0.0044, trian_mae: 0.0690, trian_mse:0.0087, trian_r2: -107.6961, trian_cc: 0.2947
Epoch 16, val_loss: 0.0044, val_mae: 0.0676, val_mse: 0.0087, val_r2: -66.2387, val_cc: 0.2892
Epoch 17, trian_loss: 0.0042, trian_mae: 0.0672, trian_mse:0.0084, trian_r2: -83.1579, trian_cc: 0.3788
Epoch 17, val_loss: 0.0039, val_mae: 0.0642, val_mse: 0.0079, val_r2: -35.0314, val_cc: 0.4360
Epoch 18, trian_loss: 0.0041, trian_mae: 0.0662, trian_mse:0.0082, trian_r2: -73.0643, trian_cc: 0.4038
Epoch 18, val_loss: 0.0043, val_mae: 0.0691, val_mse: 0.0087, val_r2: -96.9439, val_cc: 0.3156
Epoch 19, trian_loss: 0.0041, trian_mae: 0.0662, trian_mse:0.0082, trian_r2: -83.5827, trian_cc: 0.4334
Epoch 19, val_loss: 0.0039, val_mae: 0.0641, val_mse: 0.0077, val_r2: -14.1195, val_cc: 0.4639
Epoch 20, trian_loss: 0.0041, trian_mae: 0.0661, trian_mse:0.0082, trian_r2: -74.6524, trian_cc: 0.4202
Epoch 20, val_loss: 0.0038, val_mae: 0.0628, val_mse: 0.0075, val_r2: -9.9934, val_cc: 0.4911
Epoch 21, trian_loss: 0.0040, trian_mae: 0.0649, trian_mse:0.0079, trian_r2: -36.8844, trian_cc: 0.4550
Epoch 21, val_loss: 0.0037, val_mae: 0.0607, val_mse: 0.0074, val_r2: -14.1536, val_cc: 0.5235
Epoch 22, trian_loss: 0.0037, trian_mae: 0.0620, trian_mse:0.0074, trian_r2: -15.3944, trian_cc: 0.5332
Epoch 22, val_loss: 0.0036, val_mae: 0.0624, val_mse: 0.0071, val_r2: -6.8019, val_cc: 0.5586
Epoch 23, trian_loss: 0.0036, trian_mae: 0.0612, trian_mse:0.0073, trian_r2: -10.2596, trian_cc: 0.5424
Epoch 23, val_loss: 0.0037, val_mae: 0.0638, val_mse: 0.0075, val_r2: -29.1893, val_cc: 0.5299
Epoch 24, trian_loss: 0.0040, trian_mae: 0.0652, trian_mse:0.0080, trian_r2: -41.2272, trian_cc: 0.4461
Epoch 24, val_loss: 0.0035, val_mae: 0.0591, val_mse: 0.0070, val_r2: -6.6724, val_cc: 0.5640
Epoch 25, trian_loss: 0.0037, trian_mae: 0.0611, trian_mse:0.0073, trian_r2: -20.2393, trian_cc: 0.5391
Epoch 25, val_loss: 0.0035, val_mae: 0.0592, val_mse: 0.0070, val_r2: -9.6415, val_cc: 0.5649
Epoch 26, trian_loss: 0.0036, trian_mae: 0.0605, trian_mse:0.0072, trian_r2: -8.5661, trian_cc: 0.5477
Epoch 26, val_loss: 0.0041, val_mae: 0.0654, val_mse: 0.0082, val_r2: -37.9498, val_cc: 0.3540
Epoch 27, trian_loss: 0.0037, trian_mae: 0.0623, trian_mse:0.0075, trian_r2: -32.0118, trian_cc: 0.5076
Epoch 27, val_loss: 0.0034, val_mae: 0.0575, val_mse: 0.0068, val_r2: -5.3693, val_cc: 0.5888
Epoch 28, trian_loss: 0.0034, trian_mae: 0.0584, trian_mse:0.0068, trian_r2: -5.0797, trian_cc: 0.5934
Epoch 28, val_loss: 0.0034, val_mae: 0.0584, val_mse: 0.0068, val_r2: -21.3311, val_cc: 0.5664
Epoch 29, trian_loss: 0.0034, trian_mae: 0.0579, trian_mse:0.0067, trian_r2: -4.3440, trian_cc: 0.5992
Epoch 29, val_loss: 0.0033, val_mae: 0.0566, val_mse: 0.0066, val_r2: -4.5034, val_cc: 0.6108
Epoch 30, trian_loss: 0.0034, trian_mae: 0.0578, trian_mse:0.0067, trian_r2: -4.4847, trian_cc: 0.6030
Epoch 30, val_loss: 0.0033, val_mae: 0.0569, val_mse: 0.0065, val_r2: -4.2030, val_cc: 0.6102
Epoch 31, trian_loss: 0.0033, trian_mae: 0.0571, trian_mse:0.0066, trian_r2: -5.9308, trian_cc: 0.6048
Epoch 31, val_loss: 0.0033, val_mae: 0.0574, val_mse: 0.0067, val_r2: -9.6777, val_cc: 0.5967
Epoch 32, trian_loss: 0.0034, trian_mae: 0.0586, trian_mse:0.0069, trian_r2: -11.3643, trian_cc: 0.5934
Epoch 32, val_loss: 0.0032, val_mae: 0.0553, val_mse: 0.0064, val_r2: -3.1111, val_cc: 0.6215
Epoch 33, trian_loss: 0.0032, trian_mae: 0.0564, trian_mse:0.0065, trian_r2: -2.7396, trian_cc: 0.6209
Epoch 33, val_loss: 0.0032, val_mae: 0.0546, val_mse: 0.0064, val_r2: -2.6735, val_cc: 0.6279
Epoch 34, trian_loss: 0.0033, trian_mae: 0.0568, trian_mse:0.0065, trian_r2: -4.2876, trian_cc: 0.6183
Epoch 34, val_loss: 0.0034, val_mae: 0.0580, val_mse: 0.0067, val_r2: -4.0702, val_cc: 0.6065
Epoch 35, trian_loss: 0.0033, trian_mae: 0.0565, trian_mse:0.0065, trian_r2: -4.8134, trian_cc: 0.6147
Epoch 35, val_loss: 0.0035, val_mae: 0.0581, val_mse: 0.0070, val_r2: -10.6176, val_cc: 0.5943
Epoch 36, trian_loss: 0.0032, trian_mae: 0.0555, trian_mse:0.0064, trian_r2: -2.3238, trian_cc: 0.6375
Epoch 36, val_loss: 0.0031, val_mae: 0.0548, val_mse: 0.0062, val_r2: -3.4597, val_cc: 0.6323
Epoch 37, trian_loss: 0.0032, trian_mae: 0.0558, trian_mse:0.0064, trian_r2: -4.6061, trian_cc: 0.6298
Epoch 37, val_loss: 0.0032, val_mae: 0.0574, val_mse: 0.0065, val_r2: -15.0314, val_cc: 0.5975
Epoch 38, trian_loss: 0.0031, trian_mae: 0.0549, trian_mse:0.0063, trian_r2: -2.6006, trian_cc: 0.6407
Epoch 38, val_loss: 0.0031, val_mae: 0.0543, val_mse: 0.0061, val_r2: -3.5905, val_cc: 0.6369
Epoch 39, trian_loss: 0.0030, trian_mae: 0.0538, trian_mse:0.0061, trian_r2: -2.0654, trian_cc: 0.6495
Epoch 39, val_loss: 0.0033, val_mae: 0.0548, val_mse: 0.0066, val_r2: -4.3318, val_cc: 0.6295
Epoch 40, trian_loss: 0.0031, trian_mae: 0.0549, trian_mse:0.0062, trian_r2: -3.2708, trian_cc: 0.6406
Epoch 40, val_loss: 0.0031, val_mae: 0.0551, val_mse: 0.0062, val_r2: -3.7014, val_cc: 0.6380
Epoch 41, trian_loss: 0.0031, trian_mae: 0.0551, trian_mse:0.0063, trian_r2: -4.6719, trian_cc: 0.6293
Epoch 41, val_loss: 0.0031, val_mae: 0.0533, val_mse: 0.0061, val_r2: -2.4578, val_cc: 0.6449
Epoch 42, trian_loss: 0.0030, trian_mae: 0.0540, trian_mse:0.0061, trian_r2: -1.9065, trian_cc: 0.6512
Epoch 42, val_loss: 0.0031, val_mae: 0.0537, val_mse: 0.0062, val_r2: -4.0353, val_cc: 0.6404
Epoch 43, trian_loss: 0.0031, trian_mae: 0.0545, trian_mse:0.0062, trian_r2: -4.2034, trian_cc: 0.6370
Epoch 43, val_loss: 0.0030, val_mae: 0.0525, val_mse: 0.0060, val_r2: -2.2331, val_cc: 0.6539
Epoch 44, trian_loss: 0.0031, trian_mae: 0.0549, trian_mse:0.0062, trian_r2: -4.1807, trian_cc: 0.6386
Epoch 44, val_loss: 0.0032, val_mae: 0.0586, val_mse: 0.0065, val_r2: -6.0635, val_cc: 0.6044
Epoch 45, trian_loss: 0.0031, trian_mae: 0.0545, trian_mse:0.0062, trian_r2: -2.8736, trian_cc: 0.6430
Epoch 45, val_loss: 0.0031, val_mae: 0.0550, val_mse: 0.0062, val_r2: -3.6544, val_cc: 0.6344
Epoch 46, trian_loss: 0.0029, trian_mae: 0.0518, trian_mse:0.0058, trian_r2: -1.2463, trian_cc: 0.6646
Epoch 46, val_loss: 0.0030, val_mae: 0.0522, val_mse: 0.0059, val_r2: -2.2602, val_cc: 0.6551
Epoch 47, trian_loss: 0.0029, trian_mae: 0.0520, trian_mse:0.0058, trian_r2: -3.9903, trian_cc: 0.6568
Epoch 47, val_loss: 0.0029, val_mae: 0.0514, val_mse: 0.0058, val_r2: -1.9020, val_cc: 0.6599
Epoch 48, trian_loss: 0.0029, trian_mae: 0.0516, trian_mse:0.0057, trian_r2: -2.5232, trian_cc: 0.6636
Epoch 48, val_loss: 0.0029, val_mae: 0.0518, val_mse: 0.0058, val_r2: -2.1789, val_cc: 0.6606
Epoch 49, trian_loss: 0.0028, trian_mae: 0.0511, trian_mse:0.0056, trian_r2: -1.4007, trian_cc: 0.6688
Epoch 49, val_loss: 0.0029, val_mae: 0.0510, val_mse: 0.0058, val_r2: -1.7958, val_cc: 0.6636
Epoch 50, trian_loss: 0.0028, trian_mae: 0.0508, trian_mse:0.0055, trian_r2: -1.0903, trian_cc: 0.6714
Epoch 50, val_loss: 0.0030, val_mae: 0.0533, val_mse: 0.0060, val_r2: -7.3336, val_cc: 0.6228
Epoch 51, trian_loss: 0.0028, trian_mae: 0.0512, trian_mse:0.0056, trian_r2: -1.4497, trian_cc: 0.6672
Epoch 51, val_loss: 0.0030, val_mae: 0.0521, val_mse: 0.0059, val_r2: -2.4054, val_cc: 0.6563
Epoch 52, trian_loss: 0.0027, trian_mae: 0.0505, trian_mse:0.0055, trian_r2: -0.9745, trian_cc: 0.6738
Epoch 52, val_loss: 0.0029, val_mae: 0.0515, val_mse: 0.0059, val_r2: -2.3297, val_cc: 0.6586
Epoch 53, trian_loss: 0.0027, trian_mae: 0.0503, trian_mse:0.0054, trian_r2: -0.9943, trian_cc: 0.6747
Epoch 53, val_loss: 0.0029, val_mae: 0.0517, val_mse: 0.0059, val_r2: -2.4836, val_cc: 0.6584
Epoch 54, trian_loss: 0.0027, trian_mae: 0.0502, trian_mse:0.0054, trian_r2: -0.9828, trian_cc: 0.6755
Epoch 54, val_loss: 0.0029, val_mae: 0.0518, val_mse: 0.0059, val_r2: -2.4709, val_cc: 0.6579
Epoch 55, trian_loss: 0.0027, trian_mae: 0.0506, trian_mse:0.0054, trian_r2: -1.0958, trian_cc: 0.6720
Epoch 55, val_loss: 0.0029, val_mae: 0.0514, val_mse: 0.0059, val_r2: -2.2352, val_cc: 0.6585
Epoch 56, trian_loss: 0.0027, trian_mae: 0.0501, trian_mse:0.0054, trian_r2: -0.9671, trian_cc: 0.6758
Epoch 56, val_loss: 0.0029, val_mae: 0.0518, val_mse: 0.0059, val_r2: -2.1846, val_cc: 0.6585
Epoch 57, trian_loss: 0.0027, trian_mae: 0.0501, trian_mse:0.0053, trian_r2: -1.2497, trian_cc: 0.6747
Epoch 57, val_loss: 0.0030, val_mae: 0.0525, val_mse: 0.0060, val_r2: -2.9390, val_cc: 0.6528
Epoch 58, trian_loss: 0.0027, trian_mae: 0.0500, trian_mse:0.0054, trian_r2: -0.9521, trian_cc: 0.6765
Epoch 58, val_loss: 0.0029, val_mae: 0.0512, val_mse: 0.0058, val_r2: -2.0413, val_cc: 0.6611
Epoch 59, trian_loss: 0.0027, trian_mae: 0.0498, trian_mse:0.0053, trian_r2: -1.0261, trian_cc: 0.6763
Epoch 59, val_loss: 0.0029, val_mae: 0.0509, val_mse: 0.0059, val_r2: -2.0023, val_cc: 0.6620
Epoch 60, trian_loss: 0.0026, trian_mae: 0.0498, trian_mse:0.0053, trian_r2: -0.9579, trian_cc: 0.6762
Epoch 60, val_loss: 0.0029, val_mae: 0.0513, val_mse: 0.0058, val_r2: -2.0745, val_cc: 0.6623
Epoch 61, trian_loss: 0.0026, trian_mae: 0.0496, trian_mse:0.0052, trian_r2: -0.8672, trian_cc: 0.6773
Epoch 61, val_loss: 0.0030, val_mae: 0.0517, val_mse: 0.0059, val_r2: -2.1305, val_cc: 0.6596
Epoch 62, trian_loss: 0.0026, trian_mae: 0.0497, trian_mse:0.0053, trian_r2: -0.9517, trian_cc: 0.6767
Epoch 62, val_loss: 0.0030, val_mae: 0.0514, val_mse: 0.0059, val_r2: -2.2481, val_cc: 0.6633
Epoch 63, trian_loss: 0.0026, trian_mae: 0.0496, trian_mse:0.0052, trian_r2: -0.9601, trian_cc: 0.6772
Epoch 63, val_loss: 0.0030, val_mae: 0.0511, val_mse: 0.0060, val_r2: -2.4915, val_cc: 0.6636
Epoch 64, trian_loss: 0.0026, trian_mae: 0.0498, trian_mse:0.0052, trian_r2: -1.0606, trian_cc: 0.6702
Epoch 64, val_loss: 0.0031, val_mae: 0.0537, val_mse: 0.0062, val_r2: -2.9031, val_cc: 0.6409
Epoch 65, trian_loss: 0.0026, trian_mae: 0.0497, trian_mse:0.0052, trian_r2: -1.3061, trian_cc: 0.6750
Epoch 65, val_loss: 0.0030, val_mae: 0.0511, val_mse: 0.0061, val_r2: -2.3378, val_cc: 0.6674
Epoch 66, trian_loss: 0.0026, trian_mae: 0.0492, trian_mse:0.0051, trian_r2: -1.1632, trian_cc: 0.6790
Epoch 66, val_loss: 0.0029, val_mae: 0.0511, val_mse: 0.0058, val_r2: -2.0128, val_cc: 0.6683
Epoch 67, trian_loss: 0.0026, trian_mae: 0.0495, trian_mse:0.0052, trian_r2: -4.4717, trian_cc: 0.6672
Epoch 67, val_loss: 0.0029, val_mae: 0.0507, val_mse: 0.0058, val_r2: -2.1971, val_cc: 0.6683
Epoch 68, trian_loss: 0.0025, trian_mae: 0.0492, trian_mse:0.0051, trian_r2: -1.1965, trian_cc: 0.6765
Epoch 68, val_loss: 0.0030, val_mae: 0.0513, val_mse: 0.0059, val_r2: -1.9025, val_cc: 0.6686
Epoch 69, trian_loss: 0.0025, trian_mae: 0.0490, trian_mse:0.0051, trian_r2: -1.0748, trian_cc: 0.6785
Epoch 69, val_loss: 0.0030, val_mae: 0.0513, val_mse: 0.0060, val_r2: -2.1108, val_cc: 0.6665
Epoch 70, trian_loss: 0.0025, trian_mae: 0.0487, trian_mse:0.0050, trian_r2: -0.8129, trian_cc: 0.6808
Epoch 70, val_loss: 0.0030, val_mae: 0.0510, val_mse: 0.0061, val_r2: -2.1938, val_cc: 0.6673
Epoch 71, trian_loss: 0.0025, trian_mae: 0.0485, trian_mse:0.0049, trian_r2: -0.8877, trian_cc: 0.6822
Epoch 71, val_loss: 0.0030, val_mae: 0.0522, val_mse: 0.0060, val_r2: -1.7862, val_cc: 0.6685
Epoch 72, trian_loss: 0.0025, trian_mae: 0.0484, trian_mse:0.0049, trian_r2: -0.9181, trian_cc: 0.6830
Epoch 72, val_loss: 0.0031, val_mae: 0.0517, val_mse: 0.0062, val_r2: -2.6476, val_cc: 0.6596
Epoch 73, trian_loss: 0.0025, trian_mae: 0.0492, trian_mse:0.0050, trian_r2: -1.0110, trian_cc: 0.6753
Epoch 73, val_loss: 0.0031, val_mae: 0.0517, val_mse: 0.0061, val_r2: -1.7466, val_cc: 0.6625
Epoch 74, trian_loss: 0.0024, trian_mae: 0.0482, trian_mse:0.0049, trian_r2: -0.9026, trian_cc: 0.6835
Epoch 74, val_loss: 0.0030, val_mae: 0.0513, val_mse: 0.0061, val_r2: -1.8588, val_cc: 0.6679
Epoch 75, trian_loss: 0.0024, trian_mae: 0.0483, trian_mse:0.0049, trian_r2: -1.2977, trian_cc: 0.6809
Epoch 75, val_loss: 0.0031, val_mae: 0.0513, val_mse: 0.0061, val_r2: -2.4441, val_cc: 0.6622
Epoch 76, trian_loss: 0.0024, trian_mae: 0.0484, trian_mse:0.0049, trian_r2: -0.8585, trian_cc: 0.6834
Epoch 76, val_loss: 0.0031, val_mae: 0.0514, val_mse: 0.0061, val_r2: -2.0360, val_cc: 0.6675
Epoch 77, trian_loss: 0.0024, trian_mae: 0.0479, trian_mse:0.0048, trian_r2: -0.8709, trian_cc: 0.6845
Epoch 77, val_loss: 0.0030, val_mae: 0.0514, val_mse: 0.0060, val_r2: -2.1915, val_cc: 0.6639
Epoch 78, trian_loss: 0.0024, trian_mae: 0.0478, trian_mse:0.0048, trian_r2: -0.8349, trian_cc: 0.6844
Epoch 78, val_loss: 0.0030, val_mae: 0.0523, val_mse: 0.0060, val_r2: -2.0598, val_cc: 0.6651
Epoch 79, trian_loss: 0.0024, trian_mae: 0.0480, trian_mse:0.0049, trian_r2: -1.2309, trian_cc: 0.6836
Epoch 79, val_loss: 0.0030, val_mae: 0.0515, val_mse: 0.0061, val_r2: -2.0372, val_cc: 0.6644
Epoch 80, trian_loss: 0.0023, trian_mae: 0.0474, trian_mse:0.0047, trian_r2: -0.7224, trian_cc: 0.6855
Epoch 80, val_loss: 0.0030, val_mae: 0.0516, val_mse: 0.0061, val_r2: -2.4050, val_cc: 0.6677
Epoch 81, trian_loss: 0.0024, trian_mae: 0.0479, trian_mse:0.0048, trian_r2: -1.0873, trian_cc: 0.6824
Epoch 81, val_loss: 0.0030, val_mae: 0.0523, val_mse: 0.0059, val_r2: -2.1868, val_cc: 0.6670
Epoch 82, trian_loss: 0.0024, trian_mae: 0.0475, trian_mse:0.0047, trian_r2: -1.3465, trian_cc: 0.6846
Epoch 82, val_loss: 0.0029, val_mae: 0.0511, val_mse: 0.0059, val_r2: -1.5949, val_cc: 0.6701
Epoch 83, trian_loss: 0.0023, trian_mae: 0.0475, trian_mse:0.0047, trian_r2: -1.2115, trian_cc: 0.6864
Epoch 83, val_loss: 0.0030, val_mae: 0.0511, val_mse: 0.0059, val_r2: -2.1404, val_cc: 0.6687
Epoch 84, trian_loss: 0.0024, trian_mae: 0.0479, trian_mse:0.0048, trian_r2: -2.2977, trian_cc: 0.6799
Epoch 84, val_loss: 0.0030, val_mae: 0.0510, val_mse: 0.0061, val_r2: -2.4328, val_cc: 0.6693
Epoch 85, trian_loss: 0.0023, trian_mae: 0.0473, trian_mse:0.0047, trian_r2: -0.6692, trian_cc: 0.6888
Epoch 85, val_loss: 0.0030, val_mae: 0.0511, val_mse: 0.0059, val_r2: -1.3683, val_cc: 0.6709
Epoch 86, trian_loss: 0.0024, trian_mae: 0.0482, trian_mse:0.0048, trian_r2: -0.7805, trian_cc: 0.6829
Epoch 86, val_loss: 0.0031, val_mae: 0.0510, val_mse: 0.0061, val_r2: -1.7476, val_cc: 0.6705
Epoch 87, trian_loss: 0.0023, trian_mae: 0.0470, trian_mse:0.0046, trian_r2: -0.7227, trian_cc: 0.6892
Epoch 87, val_loss: 0.0031, val_mae: 0.0510, val_mse: 0.0062, val_r2: -2.1412, val_cc: 0.6704
Epoch 88, trian_loss: 0.0023, trian_mae: 0.0467, trian_mse:0.0046, trian_r2: -0.9888, trian_cc: 0.6903
Epoch 88, val_loss: 0.0031, val_mae: 0.0515, val_mse: 0.0061, val_r2: -1.6941, val_cc: 0.6706
Epoch 89, trian_loss: 0.0023, trian_mae: 0.0468, trian_mse:0.0046, trian_r2: -0.7795, trian_cc: 0.6901
Epoch 89, val_loss: 0.0030, val_mae: 0.0519, val_mse: 0.0060, val_r2: -1.9865, val_cc: 0.6721
Epoch 90, trian_loss: 0.0023, trian_mae: 0.0464, trian_mse:0.0045, trian_r2: -0.8829, trian_cc: 0.6909
Epoch 90, val_loss: 0.0030, val_mae: 0.0513, val_mse: 0.0060, val_r2: -1.6343, val_cc: 0.6723
Epoch 91, trian_loss: 0.0022, trian_mae: 0.0462, trian_mse:0.0044, trian_r2: -0.5637, trian_cc: 0.6932
Epoch 91, val_loss: 0.0030, val_mae: 0.0507, val_mse: 0.0060, val_r2: -2.0305, val_cc: 0.6715
Epoch 92, trian_loss: 0.0023, trian_mae: 0.0468, trian_mse:0.0046, trian_r2: -0.6981, trian_cc: 0.6926
Epoch 92, val_loss: 0.0030, val_mae: 0.0505, val_mse: 0.0060, val_r2: -2.1446, val_cc: 0.6741
Epoch 93, trian_loss: 0.0023, trian_mae: 0.0465, trian_mse:0.0045, trian_r2: -0.9291, trian_cc: 0.6916
Epoch 93, val_loss: 0.0029, val_mae: 0.0509, val_mse: 0.0059, val_r2: -1.6451, val_cc: 0.6721
Epoch 94, trian_loss: 0.0023, trian_mae: 0.0471, trian_mse:0.0046, trian_r2: -0.8470, trian_cc: 0.6902
Epoch 94, val_loss: 0.0031, val_mae: 0.0514, val_mse: 0.0062, val_r2: -1.6448, val_cc: 0.6739
Epoch 95, trian_loss: 0.0022, trian_mae: 0.0458, trian_mse:0.0044, trian_r2: -0.5625, trian_cc: 0.6952
Epoch 95, val_loss: 0.0030, val_mae: 0.0509, val_mse: 0.0060, val_r2: -2.1878, val_cc: 0.6721
Epoch 96, trian_loss: 0.0023, trian_mae: 0.0465, trian_mse:0.0045, trian_r2: -1.2939, trian_cc: 0.6888
Epoch 96, val_loss: 0.0030, val_mae: 0.0515, val_mse: 0.0061, val_r2: -1.4638, val_cc: 0.6708
Epoch 97, trian_loss: 0.0022, trian_mae: 0.0460, trian_mse:0.0044, trian_r2: -0.6363, trian_cc: 0.6944
Epoch 97, val_loss: 0.0031, val_mae: 0.0514, val_mse: 0.0062, val_r2: -2.2552, val_cc: 0.6716
Epoch 98, trian_loss: 0.0023, trian_mae: 0.0465, trian_mse:0.0045, trian_r2: -1.0061, trian_cc: 0.6919
Epoch 98, val_loss: 0.0030, val_mae: 0.0514, val_mse: 0.0061, val_r2: -1.9805, val_cc: 0.6704
Epoch 99, trian_loss: 0.0022, trian_mae: 0.0461, trian_mse:0.0045, trian_r2: -0.5947, trian_cc: 0.6960
Epoch 99, val_loss: 0.0031, val_mae: 0.0517, val_mse: 0.0062, val_r2: -1.7215, val_cc: 0.6737
