Trian Data: 515   Validation Data: 172  Test Data: 172
model ResNet_2D(
  (conv1): Sequential(
    (0): Conv2d(41, 64, kernel_size=(3, 3), stride=(1, 1), padding=(1, 1), bias=False)
    (1): BatchNorm2d(64, eps=1e-05, momentum=0.1, affine=True, track_running_stats=True)
  )
  (layer1): Sequential(
    (0): BasicBlock(
      (conv1): Conv2d(64, 64, kernel_size=(3, 3), stride=(1, 1), padding=(1, 1), bias=False)
      (bn1): BatchNorm2d(64, eps=1e-05, momentum=0.1, affine=True, track_running_stats=True)
      (conv2): Conv2d(64, 64, kernel_size=(3, 3), stride=(1, 1), padding=(1, 1), bias=False)
      (bn2): BatchNorm2d(64, eps=1e-05, momentum=0.1, affine=True, track_running_stats=True)
      (shortcut): Sequential()
    )
    (1): BasicBlock(
      (conv1): Conv2d(64, 64, kernel_size=(3, 3), stride=(1, 1), padding=(1, 1), bias=False)
      (bn1): BatchNorm2d(64, eps=1e-05, momentum=0.1, affine=True, track_running_stats=True)
      (conv2): Conv2d(64, 64, kernel_size=(3, 3), stride=(1, 1), padding=(1, 1), bias=False)
      (bn2): BatchNorm2d(64, eps=1e-05, momentum=0.1, affine=True, track_running_stats=True)
      (shortcut): Sequential()
    )
  )
  (layer2): Sequential(
    (0): BasicBlock(
      (conv1): Conv2d(64, 64, kernel_size=(3, 3), stride=(1, 1), padding=(1, 1), bias=False)
      (bn1): BatchNorm2d(64, eps=1e-05, momentum=0.1, affine=True, track_running_stats=True)
      (conv2): Conv2d(64, 64, kernel_size=(3, 3), stride=(1, 1), padding=(1, 1), bias=False)
      (bn2): BatchNorm2d(64, eps=1e-05, momentum=0.1, affine=True, track_running_stats=True)
      (shortcut): Sequential()
    )
    (1): BasicBlock(
      (conv1): Conv2d(64, 64, kernel_size=(3, 3), stride=(1, 1), padding=(1, 1), bias=False)
      (bn1): BatchNorm2d(64, eps=1e-05, momentum=0.1, affine=True, track_running_stats=True)
      (conv2): Conv2d(64, 64, kernel_size=(3, 3), stride=(1, 1), padding=(1, 1), bias=False)
      (bn2): BatchNorm2d(64, eps=1e-05, momentum=0.1, affine=True, track_running_stats=True)
      (shortcut): Sequential()
    )
  )
  (layer3): Sequential(
    (0): BasicBlock(
      (conv1): Conv2d(64, 64, kernel_size=(3, 3), stride=(1, 1), padding=(1, 1), bias=False)
      (bn1): BatchNorm2d(64, eps=1e-05, momentum=0.1, affine=True, track_running_stats=True)
      (conv2): Conv2d(64, 64, kernel_size=(3, 3), stride=(1, 1), padding=(1, 1), bias=False)
      (bn2): BatchNorm2d(64, eps=1e-05, momentum=0.1, affine=True, track_running_stats=True)
      (shortcut): Sequential()
    )
    (1): BasicBlock(
      (conv1): Conv2d(64, 64, kernel_size=(3, 3), stride=(1, 1), padding=(1, 1), bias=False)
      (bn1): BatchNorm2d(64, eps=1e-05, momentum=0.1, affine=True, track_running_stats=True)
      (conv2): Conv2d(64, 64, kernel_size=(3, 3), stride=(1, 1), padding=(1, 1), bias=False)
      (bn2): BatchNorm2d(64, eps=1e-05, momentum=0.1, affine=True, track_running_stats=True)
      (shortcut): Sequential()
    )
  )
  (layer4): Sequential(
    (0): BasicBlock(
      (conv1): Conv2d(64, 64, kernel_size=(3, 3), stride=(1, 1), padding=(1, 1), bias=False)
      (bn1): BatchNorm2d(64, eps=1e-05, momentum=0.1, affine=True, track_running_stats=True)
      (conv2): Conv2d(64, 64, kernel_size=(3, 3), stride=(1, 1), padding=(1, 1), bias=False)
      (bn2): BatchNorm2d(64, eps=1e-05, momentum=0.1, affine=True, track_running_stats=True)
      (shortcut): Sequential()
    )
    (1): BasicBlock(
      (conv1): Conv2d(64, 64, kernel_size=(3, 3), stride=(1, 1), padding=(1, 1), bias=False)
      (bn1): BatchNorm2d(64, eps=1e-05, momentum=0.1, affine=True, track_running_stats=True)
      (conv2): Conv2d(64, 64, kernel_size=(3, 3), stride=(1, 1), padding=(1, 1), bias=False)
      (bn2): BatchNorm2d(64, eps=1e-05, momentum=0.1, affine=True, track_running_stats=True)
      (shortcut): Sequential()
    )
    (2): BasicBlock(
      (conv1): Conv2d(64, 64, kernel_size=(3, 3), stride=(1, 1), padding=(1, 1), bias=False)
      (bn1): BatchNorm2d(64, eps=1e-05, momentum=0.1, affine=True, track_running_stats=True)
      (conv2): Conv2d(64, 64, kernel_size=(3, 3), stride=(1, 1), padding=(1, 1), bias=False)
      (bn2): BatchNorm2d(64, eps=1e-05, momentum=0.1, affine=True, track_running_stats=True)
      (shortcut): Sequential()
    )
  )
  (conv2): Sequential(
    (0): Conv2d(64, 32, kernel_size=(3, 3), stride=(1, 1), padding=(1, 1))
    (1): BatchNorm2d(32, eps=1e-05, momentum=0.1, affine=True, track_running_stats=True)
  )
  (conv3): Sequential(
    (0): Conv2d(32, 16, kernel_size=(3, 3), stride=(1, 1), padding=(1, 1))
    (1): BatchNorm2d(16, eps=1e-05, momentum=0.1, affine=True, track_running_stats=True)
  )
  (conv4): Sequential(
    (0): Conv2d(16, 1, kernel_size=(3, 3), stride=(1, 1), padding=(1, 1))
    (1): BatchNorm2d(1, eps=1e-05, momentum=0.1, affine=True, track_running_stats=True)
  )
)
Epoch  0, trian_loss: 0.0153, trian_mae: 0.0991, trian_mse:0.0310, trian_r2: -1.4312, trian_cc: 0.2537
Epoch  0, val_loss: 0.0767, val_mae: 0.2168, val_mse: 0.1545, val_r2: -762.8012, val_cc: 0.2526
Epoch  1, trian_loss: 0.0056, trian_mae: 0.0698, trian_mse:0.0112, trian_r2: -80.1662, trian_cc: 0.2142
Epoch  1, val_loss: 0.0047, val_mae: 0.0715, val_mse: 0.0093, val_r2: -90.7560, val_cc: 0.2525
Epoch  2, trian_loss: 0.0040, trian_mae: 0.0645, trian_mse:0.0080, trian_r2: -79.1861, trian_cc: 0.2717
Epoch  2, val_loss: 0.0049, val_mae: 0.0755, val_mse: 0.0098, val_r2: -59.5993, val_cc: 0.3555
Epoch  3, trian_loss: 0.0039, trian_mae: 0.0635, trian_mse:0.0078, trian_r2: -87.0666, trian_cc: 0.3147
Epoch  3, val_loss: 0.0046, val_mae: 0.0718, val_mse: 0.0091, val_r2: -78.1204, val_cc: 0.3624
Epoch  4, trian_loss: 0.0039, trian_mae: 0.0636, trian_mse:0.0079, trian_r2: -111.9801, trian_cc: 0.3355
Epoch  4, val_loss: 0.0046, val_mae: 0.0699, val_mse: 0.0092, val_r2: -87.6062, val_cc: 0.3823
Epoch  5, trian_loss: 0.0040, trian_mae: 0.0638, trian_mse:0.0079, trian_r2: -142.9840, trian_cc: 0.3428
Epoch  5, val_loss: 0.0048, val_mae: 0.0725, val_mse: 0.0096, val_r2: -96.7723, val_cc: 0.3846
Epoch  6, trian_loss: 0.0039, trian_mae: 0.0637, trian_mse:0.0078, trian_r2: -183.0358, trian_cc: 0.3784
Epoch  6, val_loss: 0.0044, val_mae: 0.0697, val_mse: 0.0088, val_r2: -127.7747, val_cc: 0.3885
Epoch  7, trian_loss: 0.0038, trian_mae: 0.0628, trian_mse:0.0076, trian_r2: -175.0521, trian_cc: 0.4133
Epoch  7, val_loss: 0.0047, val_mae: 0.0716, val_mse: 0.0095, val_r2: -143.7086, val_cc: 0.4091
Epoch  8, trian_loss: 0.0039, trian_mae: 0.0630, trian_mse:0.0077, trian_r2: -213.3399, trian_cc: 0.4325
Epoch  8, val_loss: 0.0043, val_mae: 0.0669, val_mse: 0.0087, val_r2: -241.6620, val_cc: 0.3909
Epoch  9, trian_loss: 0.0039, trian_mae: 0.0635, trian_mse:0.0078, trian_r2: -301.2220, trian_cc: 0.4235
Epoch  9, val_loss: 0.0046, val_mae: 0.0699, val_mse: 0.0093, val_r2: -130.1235, val_cc: 0.4330
Epoch 10, trian_loss: 0.0039, trian_mae: 0.0635, trian_mse:0.0078, trian_r2: -288.4974, trian_cc: 0.4356
Epoch 10, val_loss: 0.0043, val_mae: 0.0668, val_mse: 0.0086, val_r2: -180.9223, val_cc: 0.4268
Epoch 11, trian_loss: 0.0039, trian_mae: 0.0636, trian_mse:0.0077, trian_r2: -405.2103, trian_cc: 0.4316
Epoch 11, val_loss: 0.0045, val_mae: 0.0685, val_mse: 0.0090, val_r2: -215.1975, val_cc: 0.4367
Epoch 12, trian_loss: 0.0038, trian_mae: 0.0627, trian_mse:0.0076, trian_r2: -349.7397, trian_cc: 0.4506
Epoch 12, val_loss: 0.0045, val_mae: 0.0682, val_mse: 0.0089, val_r2: -497.5375, val_cc: 0.4234
Epoch 13, trian_loss: 0.0038, trian_mae: 0.0624, trian_mse:0.0076, trian_r2: -311.2217, trian_cc: 0.4723
Epoch 13, val_loss: 0.0043, val_mae: 0.0668, val_mse: 0.0087, val_r2: -297.7591, val_cc: 0.4518
Epoch 14, trian_loss: 0.0038, trian_mae: 0.0627, trian_mse:0.0076, trian_r2: -388.9665, trian_cc: 0.4553
Epoch 14, val_loss: 0.0044, val_mae: 0.0673, val_mse: 0.0088, val_r2: -370.2329, val_cc: 0.3919
Epoch 15, trian_loss: 0.0038, trian_mae: 0.0624, trian_mse:0.0076, trian_r2: -308.1251, trian_cc: 0.4664
Epoch 15, val_loss: 0.0044, val_mae: 0.0670, val_mse: 0.0088, val_r2: -338.7751, val_cc: 0.4081
Epoch 16, trian_loss: 0.0038, trian_mae: 0.0623, trian_mse:0.0076, trian_r2: -321.8875, trian_cc: 0.4717
Epoch 16, val_loss: 0.0044, val_mae: 0.0667, val_mse: 0.0087, val_r2: -345.2560, val_cc: 0.4320
Epoch 17, trian_loss: 0.0037, trian_mae: 0.0621, trian_mse:0.0075, trian_r2: -307.9149, trian_cc: 0.4694
Epoch 17, val_loss: 0.0045, val_mae: 0.0674, val_mse: 0.0089, val_r2: -214.6754, val_cc: 0.4481
Epoch 18, trian_loss: 0.0038, trian_mae: 0.0624, trian_mse:0.0075, trian_r2: -337.4535, trian_cc: 0.4598
Epoch 18, val_loss: 0.0044, val_mae: 0.0668, val_mse: 0.0087, val_r2: -339.6904, val_cc: 0.4481
Epoch 19, trian_loss: 0.0038, trian_mae: 0.0627, trian_mse:0.0075, trian_r2: -322.6413, trian_cc: 0.4670
Epoch 19, val_loss: 0.0044, val_mae: 0.0684, val_mse: 0.0089, val_r2: -238.0060, val_cc: 0.4626
Epoch 20, trian_loss: 0.0037, trian_mae: 0.0621, trian_mse:0.0075, trian_r2: -331.9143, trian_cc: 0.4661
Epoch 20, val_loss: 0.0046, val_mae: 0.0679, val_mse: 0.0092, val_r2: -163.9823, val_cc: 0.4676
Epoch 21, trian_loss: 0.0037, trian_mae: 0.0623, trian_mse:0.0075, trian_r2: -260.6091, trian_cc: 0.4752
Epoch 21, val_loss: 0.0043, val_mae: 0.0664, val_mse: 0.0086, val_r2: -292.3053, val_cc: 0.4578
Epoch 22, trian_loss: 0.0037, trian_mae: 0.0624, trian_mse:0.0075, trian_r2: -253.0845, trian_cc: 0.4831
Epoch 22, val_loss: 0.0044, val_mae: 0.0662, val_mse: 0.0087, val_r2: -219.3941, val_cc: 0.4661
Epoch 23, trian_loss: 0.0037, trian_mae: 0.0620, trian_mse:0.0074, trian_r2: -217.9958, trian_cc: 0.4773
Epoch 23, val_loss: 0.0045, val_mae: 0.0686, val_mse: 0.0090, val_r2: -155.5494, val_cc: 0.4413
Epoch 24, trian_loss: 0.0037, trian_mae: 0.0617, trian_mse:0.0074, trian_r2: -190.8516, trian_cc: 0.4792
Epoch 24, val_loss: 0.0044, val_mae: 0.0652, val_mse: 0.0088, val_r2: -190.8287, val_cc: 0.4532
Epoch 25, trian_loss: 0.0037, trian_mae: 0.0622, trian_mse:0.0075, trian_r2: -175.8878, trian_cc: 0.4748
Epoch 25, val_loss: 0.0042, val_mae: 0.0654, val_mse: 0.0085, val_r2: -152.7292, val_cc: 0.4566
Epoch 26, trian_loss: 0.0037, trian_mae: 0.0620, trian_mse:0.0074, trian_r2: -171.2021, trian_cc: 0.4614
Epoch 26, val_loss: 0.0044, val_mae: 0.0662, val_mse: 0.0087, val_r2: -117.2603, val_cc: 0.4621
Epoch 27, trian_loss: 0.0037, trian_mae: 0.0619, trian_mse:0.0074, trian_r2: -162.9162, trian_cc: 0.4560
Epoch 27, val_loss: 0.0043, val_mae: 0.0660, val_mse: 0.0086, val_r2: -159.9232, val_cc: 0.4163
Epoch 28, trian_loss: 0.0037, trian_mae: 0.0617, trian_mse:0.0073, trian_r2: -127.0943, trian_cc: 0.4708
Epoch 28, val_loss: 0.0044, val_mae: 0.0666, val_mse: 0.0088, val_r2: -77.1462, val_cc: 0.4564
Epoch 29, trian_loss: 0.0037, trian_mae: 0.0620, trian_mse:0.0074, trian_r2: -130.4403, trian_cc: 0.4665
Epoch 29, val_loss: 0.0044, val_mae: 0.0661, val_mse: 0.0087, val_r2: -104.5865, val_cc: 0.4404
Epoch 30, trian_loss: 0.0036, trian_mae: 0.0614, trian_mse:0.0073, trian_r2: -119.5801, trian_cc: 0.4671
Epoch 30, val_loss: 0.0045, val_mae: 0.0673, val_mse: 0.0090, val_r2: -65.8386, val_cc: 0.4435
Epoch 31, trian_loss: 0.0036, trian_mae: 0.0615, trian_mse:0.0073, trian_r2: -131.8197, trian_cc: 0.4635
Epoch 31, val_loss: 0.0043, val_mae: 0.0666, val_mse: 0.0087, val_r2: -107.9750, val_cc: 0.4437
Epoch 32, trian_loss: 0.0037, trian_mae: 0.0619, trian_mse:0.0074, trian_r2: -111.7646, trian_cc: 0.4554
Epoch 32, val_loss: 0.0044, val_mae: 0.0661, val_mse: 0.0087, val_r2: -63.1431, val_cc: 0.4270
Epoch 33, trian_loss: 0.0036, trian_mae: 0.0608, trian_mse:0.0071, trian_r2: -88.9882, trian_cc: 0.4545
Epoch 33, val_loss: 0.0044, val_mae: 0.0656, val_mse: 0.0087, val_r2: -63.0366, val_cc: 0.4146
Epoch 34, trian_loss: 0.0036, trian_mae: 0.0607, trian_mse:0.0071, trian_r2: -87.8838, trian_cc: 0.4565
Epoch 34, val_loss: 0.0045, val_mae: 0.0678, val_mse: 0.0090, val_r2: -56.5963, val_cc: 0.4345
Epoch 35, trian_loss: 0.0035, trian_mae: 0.0606, trian_mse:0.0071, trian_r2: -74.2729, trian_cc: 0.4531
Epoch 35, val_loss: 0.0044, val_mae: 0.0661, val_mse: 0.0087, val_r2: -64.1850, val_cc: 0.4131
Epoch 36, trian_loss: 0.0035, trian_mae: 0.0602, trian_mse:0.0070, trian_r2: -71.4505, trian_cc: 0.4405
Epoch 36, val_loss: 0.0044, val_mae: 0.0671, val_mse: 0.0088, val_r2: -68.0689, val_cc: 0.4071
Epoch 37, trian_loss: 0.0034, trian_mae: 0.0598, trian_mse:0.0069, trian_r2: -54.8415, trian_cc: 0.4389
Epoch 37, val_loss: 0.0046, val_mae: 0.0676, val_mse: 0.0091, val_r2: -40.7282, val_cc: 0.4039
Epoch 38, trian_loss: 0.0034, trian_mae: 0.0602, trian_mse:0.0069, trian_r2: -47.8400, trian_cc: 0.4178
Epoch 38, val_loss: 0.0045, val_mae: 0.0683, val_mse: 0.0090, val_r2: -68.1067, val_cc: 0.3795
Epoch 39, trian_loss: 0.0034, trian_mae: 0.0594, trian_mse:0.0068, trian_r2: -48.3480, trian_cc: 0.4325
Epoch 39, val_loss: 0.0049, val_mae: 0.0726, val_mse: 0.0098, val_r2: -33.0881, val_cc: 0.3765
Epoch 40, trian_loss: 0.0032, trian_mae: 0.0585, trian_mse:0.0065, trian_r2: -36.8764, trian_cc: 0.4181
Epoch 40, val_loss: 0.0047, val_mae: 0.0695, val_mse: 0.0094, val_r2: -39.3801, val_cc: 0.3853
Epoch 41, trian_loss: 0.0031, trian_mae: 0.0577, trian_mse:0.0062, trian_r2: -33.9801, trian_cc: 0.4144
Epoch 41, val_loss: 0.0048, val_mae: 0.0708, val_mse: 0.0096, val_r2: -32.5650, val_cc: 0.3764
Epoch 42, trian_loss: 0.0032, trian_mae: 0.0583, trian_mse:0.0064, trian_r2: -37.1717, trian_cc: 0.4221
Epoch 42, val_loss: 0.0051, val_mae: 0.0715, val_mse: 0.0101, val_r2: -28.3757, val_cc: 0.3800
Epoch 43, trian_loss: 0.0031, trian_mae: 0.0577, trian_mse:0.0061, trian_r2: -38.7448, trian_cc: 0.4203
Epoch 43, val_loss: 0.0049, val_mae: 0.0710, val_mse: 0.0098, val_r2: -25.1848, val_cc: 0.3756
Epoch 44, trian_loss: 0.0030, trian_mae: 0.0569, trian_mse:0.0059, trian_r2: -31.8811, trian_cc: 0.4188
Epoch 44, val_loss: 0.0046, val_mae: 0.0675, val_mse: 0.0092, val_r2: -43.1460, val_cc: 0.3682
Epoch 45, trian_loss: 0.0031, trian_mae: 0.0575, trian_mse:0.0062, trian_r2: -33.7501, trian_cc: 0.4217
Epoch 45, val_loss: 0.0047, val_mae: 0.0718, val_mse: 0.0094, val_r2: -26.2775, val_cc: 0.3739
Epoch 46, trian_loss: 0.0030, trian_mae: 0.0568, trian_mse:0.0060, trian_r2: -33.0615, trian_cc: 0.4266
Epoch 46, val_loss: 0.0050, val_mae: 0.0710, val_mse: 0.0099, val_r2: -40.9178, val_cc: 0.3737
Epoch 47, trian_loss: 0.0030, trian_mae: 0.0569, trian_mse:0.0060, trian_r2: -30.1296, trian_cc: 0.4105
Epoch 47, val_loss: 0.0045, val_mae: 0.0686, val_mse: 0.0090, val_r2: -28.5110, val_cc: 0.3657
Epoch 48, trian_loss: 0.0029, trian_mae: 0.0560, trian_mse:0.0057, trian_r2: -29.7554, trian_cc: 0.4206
Epoch 48, val_loss: 0.0046, val_mae: 0.0686, val_mse: 0.0091, val_r2: -32.1687, val_cc: 0.3771
Epoch 49, trian_loss: 0.0029, trian_mae: 0.0565, trian_mse:0.0058, trian_r2: -30.1982, trian_cc: 0.4290
Epoch 49, val_loss: 0.0045, val_mae: 0.0666, val_mse: 0.0090, val_r2: -49.6537, val_cc: 0.3638
Epoch 50, trian_loss: 0.0028, trian_mae: 0.0557, trian_mse:0.0056, trian_r2: -27.3870, trian_cc: 0.4124
Epoch 50, val_loss: 0.0045, val_mae: 0.0662, val_mse: 0.0091, val_r2: -65.0273, val_cc: 0.3498
Epoch 51, trian_loss: 0.0028, trian_mae: 0.0555, trian_mse:0.0056, trian_r2: -28.6921, trian_cc: 0.4184
Epoch 51, val_loss: 0.0046, val_mae: 0.0676, val_mse: 0.0092, val_r2: -41.1783, val_cc: 0.3441
Epoch 52, trian_loss: 0.0028, trian_mae: 0.0554, trian_mse:0.0056, trian_r2: -27.9611, trian_cc: 0.4192
Epoch 52, val_loss: 0.0053, val_mae: 0.0744, val_mse: 0.0105, val_r2: -19.9641, val_cc: 0.3525
Epoch 53, trian_loss: 0.0028, trian_mae: 0.0556, trian_mse:0.0056, trian_r2: -30.3625, trian_cc: 0.4287
Epoch 53, val_loss: 0.0047, val_mae: 0.0698, val_mse: 0.0095, val_r2: -34.2993, val_cc: 0.3663
Epoch 54, trian_loss: 0.0027, trian_mae: 0.0551, trian_mse:0.0054, trian_r2: -24.9361, trian_cc: 0.4284
Epoch 54, val_loss: 0.0050, val_mae: 0.0705, val_mse: 0.0100, val_r2: -27.7606, val_cc: 0.3518
Epoch 55, trian_loss: 0.0029, trian_mae: 0.0558, trian_mse:0.0057, trian_r2: -26.3444, trian_cc: 0.4228
Epoch 55, val_loss: 0.0045, val_mae: 0.0677, val_mse: 0.0089, val_r2: -29.5567, val_cc: 0.3504
Epoch 56, trian_loss: 0.0028, trian_mae: 0.0554, trian_mse:0.0056, trian_r2: -25.5489, trian_cc: 0.4295
Epoch 56, val_loss: 0.0046, val_mae: 0.0672, val_mse: 0.0092, val_r2: -50.6911, val_cc: 0.3292
Epoch 57, trian_loss: 0.0027, trian_mae: 0.0544, trian_mse:0.0054, trian_r2: -24.0017, trian_cc: 0.4272
Epoch 57, val_loss: 0.0045, val_mae: 0.0660, val_mse: 0.0090, val_r2: -61.0604, val_cc: 0.3602
Epoch 58, trian_loss: 0.0027, trian_mae: 0.0545, trian_mse:0.0054, trian_r2: -28.0284, trian_cc: 0.4376
Epoch 58, val_loss: 0.0052, val_mae: 0.0723, val_mse: 0.0105, val_r2: -29.1828, val_cc: 0.3621
Epoch 59, trian_loss: 0.0027, trian_mae: 0.0543, trian_mse:0.0053, trian_r2: -29.9035, trian_cc: 0.4324
Epoch 59, val_loss: 0.0047, val_mae: 0.0683, val_mse: 0.0093, val_r2: -28.1299, val_cc: 0.3283
Epoch 60, trian_loss: 0.0026, trian_mae: 0.0539, trian_mse:0.0052, trian_r2: -20.5768, trian_cc: 0.4198
Epoch 60, val_loss: 0.0046, val_mae: 0.0684, val_mse: 0.0092, val_r2: -36.0675, val_cc: 0.3586
Epoch 61, trian_loss: 0.0026, trian_mae: 0.0537, trian_mse:0.0052, trian_r2: -23.8382, trian_cc: 0.4330
Epoch 61, val_loss: 0.0047, val_mae: 0.0681, val_mse: 0.0095, val_r2: -27.1121, val_cc: 0.3547
Epoch 62, trian_loss: 0.0027, trian_mae: 0.0548, trian_mse:0.0055, trian_r2: -25.1455, trian_cc: 0.4375
Epoch 62, val_loss: 0.0046, val_mae: 0.0681, val_mse: 0.0092, val_r2: -29.6368, val_cc: 0.3225
Epoch 63, trian_loss: 0.0026, trian_mae: 0.0537, trian_mse:0.0052, trian_r2: -20.3022, trian_cc: 0.4363
Epoch 63, val_loss: 0.0045, val_mae: 0.0656, val_mse: 0.0090, val_r2: -58.2084, val_cc: 0.3310
Epoch 64, trian_loss: 0.0026, trian_mae: 0.0537, trian_mse:0.0052, trian_r2: -19.6312, trian_cc: 0.4446
Epoch 64, val_loss: 0.0049, val_mae: 0.0676, val_mse: 0.0097, val_r2: -44.2463, val_cc: 0.3368
Epoch 65, trian_loss: 0.0025, trian_mae: 0.0531, trian_mse:0.0051, trian_r2: -19.2089, trian_cc: 0.4410
Epoch 65, val_loss: 0.0047, val_mae: 0.0674, val_mse: 0.0094, val_r2: -30.9381, val_cc: 0.3610
Epoch 66, trian_loss: 0.0026, trian_mae: 0.0534, trian_mse:0.0052, trian_r2: -17.8685, trian_cc: 0.4590
Epoch 66, val_loss: 0.0052, val_mae: 0.0721, val_mse: 0.0103, val_r2: -16.3258, val_cc: 0.3599
Epoch 67, trian_loss: 0.0025, trian_mae: 0.0526, trian_mse:0.0050, trian_r2: -15.8541, trian_cc: 0.4840
Epoch 67, val_loss: 0.0046, val_mae: 0.0707, val_mse: 0.0091, val_r2: -20.4400, val_cc: 0.3677
Epoch 68, trian_loss: 0.0026, trian_mae: 0.0528, trian_mse:0.0051, trian_r2: -17.6041, trian_cc: 0.4837
Epoch 68, val_loss: 0.0049, val_mae: 0.0676, val_mse: 0.0099, val_r2: -22.8770, val_cc: 0.3747
Epoch 69, trian_loss: 0.0025, trian_mae: 0.0521, trian_mse:0.0050, trian_r2: -10.6870, trian_cc: 0.4966
Epoch 69, val_loss: 0.0048, val_mae: 0.0666, val_mse: 0.0095, val_r2: -21.6046, val_cc: 0.4173
Epoch 70, trian_loss: 0.0025, trian_mae: 0.0516, trian_mse:0.0050, trian_r2: -10.6861, trian_cc: 0.5347
Epoch 70, val_loss: 0.0053, val_mae: 0.0728, val_mse: 0.0106, val_r2: -7.5196, val_cc: 0.4076
Epoch 71, trian_loss: 0.0023, trian_mae: 0.0498, trian_mse:0.0046, trian_r2: -7.4568, trian_cc: 0.5313
Epoch 71, val_loss: 0.0046, val_mae: 0.0654, val_mse: 0.0093, val_r2: -12.9163, val_cc: 0.4192
Epoch 72, trian_loss: 0.0023, trian_mae: 0.0493, trian_mse:0.0046, trian_r2: -7.5283, trian_cc: 0.5443
Epoch 72, val_loss: 0.0042, val_mae: 0.0651, val_mse: 0.0084, val_r2: -20.2743, val_cc: 0.4109
Epoch 73, trian_loss: 0.0022, trian_mae: 0.0487, trian_mse:0.0044, trian_r2: -5.7935, trian_cc: 0.5605
Epoch 73, val_loss: 0.0047, val_mae: 0.0624, val_mse: 0.0093, val_r2: -29.1815, val_cc: 0.4379
Epoch 74, trian_loss: 0.0022, trian_mae: 0.0482, trian_mse:0.0044, trian_r2: -7.0777, trian_cc: 0.5705
Epoch 74, val_loss: 0.0046, val_mae: 0.0646, val_mse: 0.0092, val_r2: -11.9430, val_cc: 0.4523
Epoch 75, trian_loss: 0.0021, trian_mae: 0.0476, trian_mse:0.0043, trian_r2: -5.8965, trian_cc: 0.5773
Epoch 75, val_loss: 0.0050, val_mae: 0.0661, val_mse: 0.0099, val_r2: -8.7065, val_cc: 0.4573
Epoch 76, trian_loss: 0.0021, trian_mae: 0.0473, trian_mse:0.0043, trian_r2: -5.0501, trian_cc: 0.5875
Epoch 76, val_loss: 0.0044, val_mae: 0.0621, val_mse: 0.0089, val_r2: -10.5442, val_cc: 0.4522
Epoch 77, trian_loss: 0.0021, trian_mae: 0.0467, trian_mse:0.0042, trian_r2: -4.8322, trian_cc: 0.5967
Epoch 77, val_loss: 0.0046, val_mae: 0.0639, val_mse: 0.0092, val_r2: -8.5938, val_cc: 0.4573
Epoch 78, trian_loss: 0.0021, trian_mae: 0.0460, trian_mse:0.0041, trian_r2: -5.1196, trian_cc: 0.6069
Epoch 78, val_loss: 0.0045, val_mae: 0.0633, val_mse: 0.0090, val_r2: -8.0808, val_cc: 0.4709
Epoch 79, trian_loss: 0.0020, trian_mae: 0.0455, trian_mse:0.0040, trian_r2: -3.9722, trian_cc: 0.6137
Epoch 79, val_loss: 0.0049, val_mae: 0.0641, val_mse: 0.0098, val_r2: -18.7324, val_cc: 0.4590
Epoch 80, trian_loss: 0.0021, trian_mae: 0.0460, trian_mse:0.0041, trian_r2: -4.5437, trian_cc: 0.6216
Epoch 80, val_loss: 0.0043, val_mae: 0.0698, val_mse: 0.0086, val_r2: -14.3337, val_cc: 0.4717
Epoch 81, trian_loss: 0.0020, trian_mae: 0.0459, trian_mse:0.0040, trian_r2: -4.5198, trian_cc: 0.6235
Epoch 81, val_loss: 0.0042, val_mae: 0.0598, val_mse: 0.0085, val_r2: -18.0738, val_cc: 0.4831
Epoch 82, trian_loss: 0.0020, trian_mae: 0.0449, trian_mse:0.0039, trian_r2: -3.3216, trian_cc: 0.6265
Epoch 82, val_loss: 0.0043, val_mae: 0.0608, val_mse: 0.0086, val_r2: -10.4468, val_cc: 0.4847
Epoch 83, trian_loss: 0.0020, trian_mae: 0.0455, trian_mse:0.0040, trian_r2: -3.9898, trian_cc: 0.6358
Epoch 83, val_loss: 0.0044, val_mae: 0.0643, val_mse: 0.0088, val_r2: -5.8002, val_cc: 0.5005
Epoch 84, trian_loss: 0.0019, trian_mae: 0.0441, trian_mse:0.0038, trian_r2: -2.8942, trian_cc: 0.6401
Epoch 84, val_loss: 0.0045, val_mae: 0.0605, val_mse: 0.0091, val_r2: -33.7526, val_cc: 0.4822
Epoch 85, trian_loss: 0.0020, trian_mae: 0.0443, trian_mse:0.0039, trian_r2: -3.4648, trian_cc: 0.6473
Epoch 85, val_loss: 0.0038, val_mae: 0.0595, val_mse: 0.0075, val_r2: -15.0962, val_cc: 0.5117
Epoch 86, trian_loss: 0.0020, trian_mae: 0.0448, trian_mse:0.0040, trian_r2: -3.1478, trian_cc: 0.6498
Epoch 86, val_loss: 0.0044, val_mae: 0.0596, val_mse: 0.0088, val_r2: -16.8454, val_cc: 0.4904
Epoch 87, trian_loss: 0.0019, trian_mae: 0.0434, trian_mse:0.0037, trian_r2: -3.0855, trian_cc: 0.6585
Epoch 87, val_loss: 0.0047, val_mae: 0.0640, val_mse: 0.0093, val_r2: -6.1658, val_cc: 0.4896
Epoch 88, trian_loss: 0.0018, trian_mae: 0.0432, trian_mse:0.0036, trian_r2: -3.0400, trian_cc: 0.6605
Epoch 88, val_loss: 0.0047, val_mae: 0.0623, val_mse: 0.0094, val_r2: -11.8320, val_cc: 0.4917
Epoch 89, trian_loss: 0.0019, trian_mae: 0.0444, trian_mse:0.0039, trian_r2: -3.3205, trian_cc: 0.6570
Epoch 89, val_loss: 0.0044, val_mae: 0.0678, val_mse: 0.0089, val_r2: -6.0093, val_cc: 0.5226
Epoch 90, trian_loss: 0.0018, trian_mae: 0.0432, trian_mse:0.0037, trian_r2: -3.0684, trian_cc: 0.6622
Epoch 90, val_loss: 0.0044, val_mae: 0.0624, val_mse: 0.0088, val_r2: -6.8543, val_cc: 0.4963
Epoch 91, trian_loss: 0.0018, trian_mae: 0.0427, trian_mse:0.0036, trian_r2: -2.1811, trian_cc: 0.6691
Epoch 91, val_loss: 0.0043, val_mae: 0.0604, val_mse: 0.0086, val_r2: -6.0412, val_cc: 0.5087
Epoch 92, trian_loss: 0.0017, trian_mae: 0.0419, trian_mse:0.0034, trian_r2: -2.3274, trian_cc: 0.6782
Epoch 92, val_loss: 0.0044, val_mae: 0.0614, val_mse: 0.0088, val_r2: -6.1385, val_cc: 0.5099
Epoch 93, trian_loss: 0.0019, trian_mae: 0.0436, trian_mse:0.0038, trian_r2: -2.7625, trian_cc: 0.6726
Epoch 93, val_loss: 0.0039, val_mae: 0.0626, val_mse: 0.0078, val_r2: -14.6849, val_cc: 0.5092
Epoch 94, trian_loss: 0.0018, trian_mae: 0.0427, trian_mse:0.0036, trian_r2: -2.7160, trian_cc: 0.6756
Epoch 94, val_loss: 0.0045, val_mae: 0.0598, val_mse: 0.0091, val_r2: -17.8515, val_cc: 0.4946
Epoch 95, trian_loss: 0.0017, trian_mae: 0.0418, trian_mse:0.0034, trian_r2: -2.1148, trian_cc: 0.6854
Epoch 95, val_loss: 0.0044, val_mae: 0.0598, val_mse: 0.0088, val_r2: -10.9771, val_cc: 0.4841
Epoch 96, trian_loss: 0.0017, trian_mae: 0.0419, trian_mse:0.0035, trian_r2: -2.5934, trian_cc: 0.6838
Epoch 96, val_loss: 0.0052, val_mae: 0.0691, val_mse: 0.0104, val_r2: -3.0257, val_cc: 0.5133
Epoch 97, trian_loss: 0.0017, trian_mae: 0.0412, trian_mse:0.0034, trian_r2: -1.7917, trian_cc: 0.6916
Epoch 97, val_loss: 0.0042, val_mae: 0.0621, val_mse: 0.0084, val_r2: -4.4380, val_cc: 0.5145
Epoch 98, trian_loss: 0.0016, trian_mae: 0.0405, trian_mse:0.0032, trian_r2: -1.7810, trian_cc: 0.6949
Epoch 98, val_loss: 0.0045, val_mae: 0.0617, val_mse: 0.0090, val_r2: -5.4822, val_cc: 0.5060
Epoch 99, trian_loss: 0.0016, trian_mae: 0.0402, trian_mse:0.0032, trian_r2: -1.5847, trian_cc: 0.7014
Epoch 99, val_loss: 0.0044, val_mae: 0.0599, val_mse: 0.0089, val_r2: -8.3181, val_cc: 0.5007
