Trian Data: 515   Validation Data: 172  Test Data: 172
model ResNet_2D(
  (conv1): Sequential(
    (0): Conv2d(78, 64, kernel_size=(3, 3), stride=(1, 1), padding=(1, 1), bias=False)
    (1): BatchNorm2d(64, eps=1e-05, momentum=0.1, affine=True, track_running_stats=True)
  )
  (layer1): Sequential(
    (0): BasicBlock(
      (conv1): Conv2d(64, 64, kernel_size=(3, 3), stride=(1, 1), padding=(1, 1), bias=False)
      (bn1): BatchNorm2d(64, eps=1e-05, momentum=0.1, affine=True, track_running_stats=True)
      (conv2): Conv2d(64, 64, kernel_size=(3, 3), stride=(1, 1), padding=(1, 1), bias=False)
      (bn2): BatchNorm2d(64, eps=1e-05, momentum=0.1, affine=True, track_running_stats=True)
      (shortcut): Sequential()
    )
    (1): BasicBlock(
      (conv1): Conv2d(64, 64, kernel_size=(3, 3), stride=(1, 1), padding=(1, 1), bias=False)
      (bn1): BatchNorm2d(64, eps=1e-05, momentum=0.1, affine=True, track_running_stats=True)
      (conv2): Conv2d(64, 64, kernel_size=(3, 3), stride=(1, 1), padding=(1, 1), bias=False)
      (bn2): BatchNorm2d(64, eps=1e-05, momentum=0.1, affine=True, track_running_stats=True)
      (shortcut): Sequential()
    )
  )
  (layer2): Sequential(
    (0): BasicBlock(
      (conv1): Conv2d(64, 64, kernel_size=(3, 3), stride=(1, 1), padding=(1, 1), bias=False)
      (bn1): BatchNorm2d(64, eps=1e-05, momentum=0.1, affine=True, track_running_stats=True)
      (conv2): Conv2d(64, 64, kernel_size=(3, 3), stride=(1, 1), padding=(1, 1), bias=False)
      (bn2): BatchNorm2d(64, eps=1e-05, momentum=0.1, affine=True, track_running_stats=True)
      (shortcut): Sequential()
    )
    (1): BasicBlock(
      (conv1): Conv2d(64, 64, kernel_size=(3, 3), stride=(1, 1), padding=(1, 1), bias=False)
      (bn1): BatchNorm2d(64, eps=1e-05, momentum=0.1, affine=True, track_running_stats=True)
      (conv2): Conv2d(64, 64, kernel_size=(3, 3), stride=(1, 1), padding=(1, 1), bias=False)
      (bn2): BatchNorm2d(64, eps=1e-05, momentum=0.1, affine=True, track_running_stats=True)
      (shortcut): Sequential()
    )
  )
  (layer3): Sequential(
    (0): BasicBlock(
      (conv1): Conv2d(64, 64, kernel_size=(3, 3), stride=(1, 1), padding=(1, 1), bias=False)
      (bn1): BatchNorm2d(64, eps=1e-05, momentum=0.1, affine=True, track_running_stats=True)
      (conv2): Conv2d(64, 64, kernel_size=(3, 3), stride=(1, 1), padding=(1, 1), bias=False)
      (bn2): BatchNorm2d(64, eps=1e-05, momentum=0.1, affine=True, track_running_stats=True)
      (shortcut): Sequential()
    )
    (1): BasicBlock(
      (conv1): Conv2d(64, 64, kernel_size=(3, 3), stride=(1, 1), padding=(1, 1), bias=False)
      (bn1): BatchNorm2d(64, eps=1e-05, momentum=0.1, affine=True, track_running_stats=True)
      (conv2): Conv2d(64, 64, kernel_size=(3, 3), stride=(1, 1), padding=(1, 1), bias=False)
      (bn2): BatchNorm2d(64, eps=1e-05, momentum=0.1, affine=True, track_running_stats=True)
      (shortcut): Sequential()
    )
  )
  (layer4): Sequential(
    (0): BasicBlock(
      (conv1): Conv2d(64, 64, kernel_size=(3, 3), stride=(1, 1), padding=(1, 1), bias=False)
      (bn1): BatchNorm2d(64, eps=1e-05, momentum=0.1, affine=True, track_running_stats=True)
      (conv2): Conv2d(64, 64, kernel_size=(3, 3), stride=(1, 1), padding=(1, 1), bias=False)
      (bn2): BatchNorm2d(64, eps=1e-05, momentum=0.1, affine=True, track_running_stats=True)
      (shortcut): Sequential()
    )
    (1): BasicBlock(
      (conv1): Conv2d(64, 64, kernel_size=(3, 3), stride=(1, 1), padding=(1, 1), bias=False)
      (bn1): BatchNorm2d(64, eps=1e-05, momentum=0.1, affine=True, track_running_stats=True)
      (conv2): Conv2d(64, 64, kernel_size=(3, 3), stride=(1, 1), padding=(1, 1), bias=False)
      (bn2): BatchNorm2d(64, eps=1e-05, momentum=0.1, affine=True, track_running_stats=True)
      (shortcut): Sequential()
    )
    (2): BasicBlock(
      (conv1): Conv2d(64, 64, kernel_size=(3, 3), stride=(1, 1), padding=(1, 1), bias=False)
      (bn1): BatchNorm2d(64, eps=1e-05, momentum=0.1, affine=True, track_running_stats=True)
      (conv2): Conv2d(64, 64, kernel_size=(3, 3), stride=(1, 1), padding=(1, 1), bias=False)
      (bn2): BatchNorm2d(64, eps=1e-05, momentum=0.1, affine=True, track_running_stats=True)
      (shortcut): Sequential()
    )
  )
  (conv2): Sequential(
    (0): Conv2d(64, 32, kernel_size=(3, 3), stride=(1, 1), padding=(1, 1))
    (1): BatchNorm2d(32, eps=1e-05, momentum=0.1, affine=True, track_running_stats=True)
  )
  (conv3): Sequential(
    (0): Conv2d(32, 16, kernel_size=(3, 3), stride=(1, 1), padding=(1, 1))
    (1): BatchNorm2d(16, eps=1e-05, momentum=0.1, affine=True, track_running_stats=True)
  )
  (conv4): Sequential(
    (0): Conv2d(16, 1, kernel_size=(3, 3), stride=(1, 1), padding=(1, 1))
    (1): BatchNorm2d(1, eps=1e-05, momentum=0.1, affine=True, track_running_stats=True)
  )
)
Epoch  0, trian_loss: 0.0168, trian_mae: 0.1022, trian_mse:0.0341, trian_r2: -1.2930, trian_cc: 0.2280
Epoch  0, val_loss: 0.0663, val_mae: 0.1936, val_mse: 0.1338, val_r2: -23.3220, val_cc: 0.2617
Epoch  1, trian_loss: 0.0058, trian_mae: 0.0713, trian_mse:0.0116, trian_r2: -165.2161, trian_cc: 0.2328
Epoch  1, val_loss: 0.0046, val_mae: 0.0711, val_mse: 0.0091, val_r2: -110.9051, val_cc: 0.3022
Epoch  2, trian_loss: 0.0041, trian_mae: 0.0649, trian_mse:0.0082, trian_r2: -165.2064, trian_cc: 0.2678
Epoch  2, val_loss: 0.0047, val_mae: 0.0694, val_mse: 0.0094, val_r2: -79.3696, val_cc: 0.3453
Epoch  3, trian_loss: 0.0040, trian_mae: 0.0636, trian_mse:0.0079, trian_r2: -144.1390, trian_cc: 0.3051
Epoch  3, val_loss: 0.0045, val_mae: 0.0690, val_mse: 0.0090, val_r2: -93.8806, val_cc: 0.3339
Epoch  4, trian_loss: 0.0040, trian_mae: 0.0641, trian_mse:0.0080, trian_r2: -181.6577, trian_cc: 0.3133
Epoch  4, val_loss: 0.0046, val_mae: 0.0681, val_mse: 0.0092, val_r2: -102.1664, val_cc: 0.3512
Epoch  5, trian_loss: 0.0040, trian_mae: 0.0645, trian_mse:0.0080, trian_r2: -299.0311, trian_cc: 0.3186
Epoch  5, val_loss: 0.0048, val_mae: 0.0732, val_mse: 0.0096, val_r2: -72.5264, val_cc: 0.3720
Epoch  6, trian_loss: 0.0039, trian_mae: 0.0634, trian_mse:0.0078, trian_r2: -180.2217, trian_cc: 0.3948
Epoch  6, val_loss: 0.0045, val_mae: 0.0691, val_mse: 0.0091, val_r2: -103.9208, val_cc: 0.3808
Epoch  7, trian_loss: 0.0039, trian_mae: 0.0631, trian_mse:0.0078, trian_r2: -199.3137, trian_cc: 0.4104
Epoch  7, val_loss: 0.0045, val_mae: 0.0666, val_mse: 0.0089, val_r2: -126.6612, val_cc: 0.3971
Epoch  8, trian_loss: 0.0040, trian_mae: 0.0640, trian_mse:0.0079, trian_r2: -490.4600, trian_cc: 0.3789
Epoch  8, val_loss: 0.0046, val_mae: 0.0689, val_mse: 0.0092, val_r2: -239.3567, val_cc: 0.4163
Epoch  9, trian_loss: 0.0039, trian_mae: 0.0633, trian_mse:0.0078, trian_r2: -417.8904, trian_cc: 0.4150
Epoch  9, val_loss: 0.0046, val_mae: 0.0684, val_mse: 0.0092, val_r2: -216.4581, val_cc: 0.4212
Epoch 10, trian_loss: 0.0039, trian_mae: 0.0639, trian_mse:0.0079, trian_r2: -417.3844, trian_cc: 0.3951
Epoch 10, val_loss: 0.0046, val_mae: 0.0689, val_mse: 0.0091, val_r2: -211.5809, val_cc: 0.4161
Epoch 11, trian_loss: 0.0039, trian_mae: 0.0629, trian_mse:0.0077, trian_r2: -532.5074, trian_cc: 0.4381
Epoch 11, val_loss: 0.0044, val_mae: 0.0669, val_mse: 0.0089, val_r2: -169.0622, val_cc: 0.3992
Epoch 12, trian_loss: 0.0038, trian_mae: 0.0625, trian_mse:0.0076, trian_r2: -285.4850, trian_cc: 0.4531
Epoch 12, val_loss: 0.0046, val_mae: 0.0683, val_mse: 0.0092, val_r2: -233.7752, val_cc: 0.4378
Epoch 13, trian_loss: 0.0038, trian_mae: 0.0623, trian_mse:0.0076, trian_r2: -411.0588, trian_cc: 0.4472
Epoch 13, val_loss: 0.0046, val_mae: 0.0707, val_mse: 0.0093, val_r2: -133.0720, val_cc: 0.4215
Epoch 14, trian_loss: 0.0039, trian_mae: 0.0624, trian_mse:0.0077, trian_r2: -221.1131, trian_cc: 0.4660
Epoch 14, val_loss: 0.0044, val_mae: 0.0668, val_mse: 0.0089, val_r2: -366.4343, val_cc: 0.4026
Epoch 15, trian_loss: 0.0037, trian_mae: 0.0615, trian_mse:0.0073, trian_r2: -251.4469, trian_cc: 0.4613
Epoch 15, val_loss: 0.0043, val_mae: 0.0656, val_mse: 0.0087, val_r2: -225.8508, val_cc: 0.4164
Epoch 16, trian_loss: 0.0037, trian_mae: 0.0616, trian_mse:0.0073, trian_r2: -261.0601, trian_cc: 0.4578
Epoch 16, val_loss: 0.0044, val_mae: 0.0670, val_mse: 0.0088, val_r2: -281.8430, val_cc: 0.4184
Epoch 17, trian_loss: 0.0038, trian_mae: 0.0623, trian_mse:0.0076, trian_r2: -310.0031, trian_cc: 0.4535
Epoch 17, val_loss: 0.0044, val_mae: 0.0663, val_mse: 0.0089, val_r2: -163.9529, val_cc: 0.4493
Epoch 18, trian_loss: 0.0037, trian_mae: 0.0621, trian_mse:0.0074, trian_r2: -252.5418, trian_cc: 0.4584
Epoch 18, val_loss: 0.0044, val_mae: 0.0669, val_mse: 0.0088, val_r2: -198.4023, val_cc: 0.4440
Epoch 19, trian_loss: 0.0037, trian_mae: 0.0623, trian_mse:0.0075, trian_r2: -214.1814, trian_cc: 0.4501
Epoch 19, val_loss: 0.0042, val_mae: 0.0663, val_mse: 0.0085, val_r2: -142.0571, val_cc: 0.4601
Epoch 20, trian_loss: 0.0037, trian_mae: 0.0615, trian_mse:0.0073, trian_r2: -189.1255, trian_cc: 0.4638
Epoch 20, val_loss: 0.0045, val_mae: 0.0686, val_mse: 0.0091, val_r2: -83.5176, val_cc: 0.4645
Epoch 21, trian_loss: 0.0037, trian_mae: 0.0622, trian_mse:0.0074, trian_r2: -204.6839, trian_cc: 0.4614
Epoch 21, val_loss: 0.0044, val_mae: 0.0675, val_mse: 0.0087, val_r2: -198.9922, val_cc: 0.4501
Epoch 22, trian_loss: 0.0036, trian_mae: 0.0611, trian_mse:0.0071, trian_r2: -243.8375, trian_cc: 0.4621
Epoch 22, val_loss: 0.0045, val_mae: 0.0697, val_mse: 0.0090, val_r2: -162.1657, val_cc: 0.4281
Epoch 23, trian_loss: 0.0036, trian_mae: 0.0616, trian_mse:0.0073, trian_r2: -190.3743, trian_cc: 0.4303
Epoch 23, val_loss: 0.0042, val_mae: 0.0665, val_mse: 0.0084, val_r2: -145.4520, val_cc: 0.4183
Epoch 24, trian_loss: 0.0035, trian_mae: 0.0612, trian_mse:0.0071, trian_r2: -137.9924, trian_cc: 0.4376
Epoch 24, val_loss: 0.0043, val_mae: 0.0665, val_mse: 0.0085, val_r2: -102.6582, val_cc: 0.3987
Epoch 25, trian_loss: 0.0035, trian_mae: 0.0604, trian_mse:0.0069, trian_r2: -97.0804, trian_cc: 0.4382
Epoch 25, val_loss: 0.0045, val_mae: 0.0726, val_mse: 0.0090, val_r2: -151.0832, val_cc: 0.3990
Epoch 26, trian_loss: 0.0035, trian_mae: 0.0607, trian_mse:0.0069, trian_r2: -120.1249, trian_cc: 0.4312
Epoch 26, val_loss: 0.0048, val_mae: 0.0705, val_mse: 0.0096, val_r2: -82.5087, val_cc: 0.3794
Epoch 27, trian_loss: 0.0035, trian_mae: 0.0606, trian_mse:0.0070, trian_r2: -131.2995, trian_cc: 0.4367
Epoch 27, val_loss: 0.0046, val_mae: 0.0698, val_mse: 0.0091, val_r2: -71.9051, val_cc: 0.4293
Epoch 28, trian_loss: 0.0035, trian_mae: 0.0605, trian_mse:0.0070, trian_r2: -97.1701, trian_cc: 0.4435
Epoch 28, val_loss: 0.0042, val_mae: 0.0675, val_mse: 0.0085, val_r2: -108.6228, val_cc: 0.4261
Epoch 29, trian_loss: 0.0034, trian_mae: 0.0601, trian_mse:0.0069, trian_r2: -102.4089, trian_cc: 0.4400
Epoch 29, val_loss: 0.0045, val_mae: 0.0680, val_mse: 0.0089, val_r2: -72.9120, val_cc: 0.4269
Epoch 30, trian_loss: 0.0035, trian_mae: 0.0601, trian_mse:0.0069, trian_r2: -149.5535, trian_cc: 0.4489
Epoch 30, val_loss: 0.0042, val_mae: 0.0666, val_mse: 0.0085, val_r2: -117.8209, val_cc: 0.4286
Epoch 31, trian_loss: 0.0034, trian_mae: 0.0598, trian_mse:0.0068, trian_r2: -112.7515, trian_cc: 0.4425
Epoch 31, val_loss: 0.0044, val_mae: 0.0681, val_mse: 0.0088, val_r2: -58.1523, val_cc: 0.4304
Epoch 32, trian_loss: 0.0034, trian_mae: 0.0598, trian_mse:0.0068, trian_r2: -92.3249, trian_cc: 0.4313
Epoch 32, val_loss: 0.0046, val_mae: 0.0699, val_mse: 0.0092, val_r2: -49.1843, val_cc: 0.4216
Epoch 33, trian_loss: 0.0034, trian_mae: 0.0600, trian_mse:0.0068, trian_r2: -92.9437, trian_cc: 0.4290
Epoch 33, val_loss: 0.0045, val_mae: 0.0685, val_mse: 0.0089, val_r2: -72.1114, val_cc: 0.3935
Epoch 34, trian_loss: 0.0034, trian_mae: 0.0598, trian_mse:0.0068, trian_r2: -83.7166, trian_cc: 0.4244
Epoch 34, val_loss: 0.0043, val_mae: 0.0678, val_mse: 0.0087, val_r2: -79.7943, val_cc: 0.4010
Epoch 35, trian_loss: 0.0034, trian_mae: 0.0595, trian_mse:0.0067, trian_r2: -88.5897, trian_cc: 0.4202
Epoch 35, val_loss: 0.0049, val_mae: 0.0714, val_mse: 0.0098, val_r2: -39.3076, val_cc: 0.4021
Epoch 36, trian_loss: 0.0041, trian_mae: 0.0601, trian_mse:0.0083, trian_r2: -66.0945, trian_cc: 0.4433
Epoch 36, val_loss: 0.0043, val_mae: 0.0669, val_mse: 0.0085, val_r2: -76.2436, val_cc: 0.3835
Epoch 37, trian_loss: 0.0032, trian_mae: 0.0579, trian_mse:0.0063, trian_r2: -63.7373, trian_cc: 0.4330
Epoch 37, val_loss: 0.0043, val_mae: 0.0680, val_mse: 0.0086, val_r2: -69.2234, val_cc: 0.4029
Epoch 38, trian_loss: 0.0032, trian_mae: 0.0580, trian_mse:0.0064, trian_r2: -72.0182, trian_cc: 0.4308
Epoch 38, val_loss: 0.0044, val_mae: 0.0669, val_mse: 0.0087, val_r2: -84.2850, val_cc: 0.3886
Epoch 39, trian_loss: 0.0032, trian_mae: 0.0582, trian_mse:0.0064, trian_r2: -62.1311, trian_cc: 0.4354
Epoch 39, val_loss: 0.0043, val_mae: 0.0663, val_mse: 0.0087, val_r2: -78.0253, val_cc: 0.3519
Epoch 40, trian_loss: 0.0032, trian_mae: 0.0583, trian_mse:0.0064, trian_r2: -68.7299, trian_cc: 0.4285
Epoch 40, val_loss: 0.0045, val_mae: 0.0675, val_mse: 0.0090, val_r2: -50.3331, val_cc: 0.3655
Epoch 41, trian_loss: 0.0032, trian_mae: 0.0585, trian_mse:0.0064, trian_r2: -64.0488, trian_cc: 0.4250
Epoch 41, val_loss: 0.0043, val_mae: 0.0670, val_mse: 0.0085, val_r2: -78.6584, val_cc: 0.3516
Epoch 42, trian_loss: 0.0032, trian_mae: 0.0580, trian_mse:0.0064, trian_r2: -66.2174, trian_cc: 0.4211
Epoch 42, val_loss: 0.0045, val_mae: 0.0690, val_mse: 0.0091, val_r2: -47.6308, val_cc: 0.3774
Epoch 43, trian_loss: 0.0032, trian_mae: 0.0584, trian_mse:0.0065, trian_r2: -54.2001, trian_cc: 0.4166
Epoch 43, val_loss: 0.0043, val_mae: 0.0674, val_mse: 0.0087, val_r2: -51.0663, val_cc: 0.3736
Epoch 44, trian_loss: 0.0030, trian_mae: 0.0571, trian_mse:0.0061, trian_r2: -49.5391, trian_cc: 0.4219
Epoch 44, val_loss: 0.0047, val_mae: 0.0697, val_mse: 0.0094, val_r2: -45.1812, val_cc: 0.3695
Epoch 45, trian_loss: 0.0031, trian_mae: 0.0572, trian_mse:0.0061, trian_r2: -43.2785, trian_cc: 0.4255
Epoch 45, val_loss: 0.0046, val_mae: 0.0690, val_mse: 0.0092, val_r2: -38.8644, val_cc: 0.3591
Epoch 46, trian_loss: 0.0031, trian_mae: 0.0571, trian_mse:0.0061, trian_r2: -42.7764, trian_cc: 0.4148
Epoch 46, val_loss: 0.0046, val_mae: 0.0692, val_mse: 0.0091, val_r2: -31.5507, val_cc: 0.3688
Epoch 47, trian_loss: 0.0030, trian_mae: 0.0571, trian_mse:0.0061, trian_r2: -38.7063, trian_cc: 0.4166
Epoch 47, val_loss: 0.0050, val_mae: 0.0731, val_mse: 0.0101, val_r2: -28.4710, val_cc: 0.3583
Epoch 48, trian_loss: 0.0030, trian_mae: 0.0566, trian_mse:0.0060, trian_r2: -44.0678, trian_cc: 0.4223
Epoch 48, val_loss: 0.0044, val_mae: 0.0685, val_mse: 0.0087, val_r2: -43.0496, val_cc: 0.3787
Epoch 49, trian_loss: 0.0030, trian_mae: 0.0566, trian_mse:0.0060, trian_r2: -39.7092, trian_cc: 0.4133
Epoch 49, val_loss: 0.0046, val_mae: 0.0687, val_mse: 0.0092, val_r2: -42.3112, val_cc: 0.3618
Epoch 50, trian_loss: 0.0030, trian_mae: 0.0565, trian_mse:0.0059, trian_r2: -35.6229, trian_cc: 0.4179
Epoch 50, val_loss: 0.0046, val_mae: 0.0696, val_mse: 0.0093, val_r2: -31.3440, val_cc: 0.3604
Epoch 51, trian_loss: 0.0029, trian_mae: 0.0558, trian_mse:0.0058, trian_r2: -34.3131, trian_cc: 0.4120
Epoch 51, val_loss: 0.0053, val_mae: 0.0724, val_mse: 0.0106, val_r2: -32.0036, val_cc: 0.3645
Epoch 52, trian_loss: 0.0029, trian_mae: 0.0558, trian_mse:0.0057, trian_r2: -31.6101, trian_cc: 0.4181
Epoch 52, val_loss: 0.0049, val_mae: 0.0703, val_mse: 0.0098, val_r2: -36.0370, val_cc: 0.3463
Epoch 53, trian_loss: 0.0028, trian_mae: 0.0559, trian_mse:0.0057, trian_r2: -33.1615, trian_cc: 0.4134
Epoch 53, val_loss: 0.0050, val_mae: 0.0705, val_mse: 0.0101, val_r2: -33.3538, val_cc: 0.3360
Epoch 54, trian_loss: 0.0030, trian_mae: 0.0556, trian_mse:0.0059, trian_r2: -31.0669, trian_cc: 0.4181
Epoch 54, val_loss: 0.0043, val_mae: 0.0657, val_mse: 0.0086, val_r2: -43.6409, val_cc: 0.3464
Epoch 55, trian_loss: 0.0028, trian_mae: 0.0554, trian_mse:0.0056, trian_r2: -32.0126, trian_cc: 0.4136
Epoch 55, val_loss: 0.0045, val_mae: 0.0673, val_mse: 0.0090, val_r2: -42.6418, val_cc: 0.3407
Epoch 56, trian_loss: 0.0028, trian_mae: 0.0552, trian_mse:0.0056, trian_r2: -28.6184, trian_cc: 0.4156
Epoch 56, val_loss: 0.0044, val_mae: 0.0668, val_mse: 0.0088, val_r2: -35.3399, val_cc: 0.3415
Epoch 57, trian_loss: 0.0028, trian_mae: 0.0550, trian_mse:0.0055, trian_r2: -30.7217, trian_cc: 0.4076
Epoch 57, val_loss: 0.0045, val_mae: 0.0680, val_mse: 0.0090, val_r2: -29.4657, val_cc: 0.3464
Epoch 58, trian_loss: 0.0028, trian_mae: 0.0551, trian_mse:0.0056, trian_r2: -30.3482, trian_cc: 0.4062
Epoch 58, val_loss: 0.0043, val_mae: 0.0651, val_mse: 0.0085, val_r2: -44.0528, val_cc: 0.3349
Epoch 59, trian_loss: 0.0028, trian_mae: 0.0555, trian_mse:0.0056, trian_r2: -33.0243, trian_cc: 0.4138
Epoch 59, val_loss: 0.0049, val_mae: 0.0701, val_mse: 0.0097, val_r2: -29.2279, val_cc: 0.3271
Epoch 60, trian_loss: 0.0028, trian_mae: 0.0552, trian_mse:0.0056, trian_r2: -32.9282, trian_cc: 0.4061
Epoch 60, val_loss: 0.0045, val_mae: 0.0679, val_mse: 0.0090, val_r2: -23.2854, val_cc: 0.3238
Epoch 61, trian_loss: 0.0027, trian_mae: 0.0547, trian_mse:0.0054, trian_r2: -31.3294, trian_cc: 0.4057
Epoch 61, val_loss: 0.0048, val_mae: 0.0710, val_mse: 0.0096, val_r2: -19.1691, val_cc: 0.3230
Epoch 62, trian_loss: 0.0028, trian_mae: 0.0552, trian_mse:0.0056, trian_r2: -30.4399, trian_cc: 0.4041
Epoch 62, val_loss: 0.0046, val_mae: 0.0678, val_mse: 0.0092, val_r2: -37.8361, val_cc: 0.3606
Epoch 63, trian_loss: 0.0028, trian_mae: 0.0548, trian_mse:0.0055, trian_r2: -29.7108, trian_cc: 0.4098
Epoch 63, val_loss: 0.0046, val_mae: 0.0673, val_mse: 0.0091, val_r2: -38.1929, val_cc: 0.3403
Epoch 64, trian_loss: 0.0026, trian_mae: 0.0544, trian_mse:0.0053, trian_r2: -30.4876, trian_cc: 0.4049
Epoch 64, val_loss: 0.0043, val_mae: 0.0663, val_mse: 0.0086, val_r2: -34.6634, val_cc: 0.3500
Epoch 65, trian_loss: 0.0027, trian_mae: 0.0548, trian_mse:0.0055, trian_r2: -30.2059, trian_cc: 0.4095
Epoch 65, val_loss: 0.0044, val_mae: 0.0641, val_mse: 0.0088, val_r2: -84.9011, val_cc: 0.3014
Epoch 66, trian_loss: 0.0027, trian_mae: 0.0540, trian_mse:0.0053, trian_r2: -25.4300, trian_cc: 0.4144
Epoch 66, val_loss: 0.0045, val_mae: 0.0677, val_mse: 0.0091, val_r2: -28.8335, val_cc: 0.3471
Epoch 67, trian_loss: 0.0027, trian_mae: 0.0545, trian_mse:0.0054, trian_r2: -26.7264, trian_cc: 0.4088
Epoch 67, val_loss: 0.0043, val_mae: 0.0654, val_mse: 0.0087, val_r2: -38.8122, val_cc: 0.3419
Epoch 68, trian_loss: 0.0026, trian_mae: 0.0543, trian_mse:0.0053, trian_r2: -28.6140, trian_cc: 0.4136
Epoch 68, val_loss: 0.0050, val_mae: 0.0706, val_mse: 0.0099, val_r2: -24.3489, val_cc: 0.3431
Epoch 69, trian_loss: 0.0026, trian_mae: 0.0540, trian_mse:0.0053, trian_r2: -26.3836, trian_cc: 0.4079
Epoch 69, val_loss: 0.0042, val_mae: 0.0646, val_mse: 0.0084, val_r2: -50.4003, val_cc: 0.3579
Epoch 70, trian_loss: 0.0027, trian_mae: 0.0542, trian_mse:0.0053, trian_r2: -25.3539, trian_cc: 0.4250
Epoch 70, val_loss: 0.0045, val_mae: 0.0650, val_mse: 0.0090, val_r2: -57.7120, val_cc: 0.3308
Epoch 71, trian_loss: 0.0026, trian_mae: 0.0538, trian_mse:0.0052, trian_r2: -28.0594, trian_cc: 0.4131
Epoch 71, val_loss: 0.0044, val_mae: 0.0643, val_mse: 0.0087, val_r2: -45.3120, val_cc: 0.3275
Epoch 72, trian_loss: 0.0027, trian_mae: 0.0543, trian_mse:0.0054, trian_r2: -31.4740, trian_cc: 0.4137
Epoch 72, val_loss: 0.0045, val_mae: 0.0697, val_mse: 0.0091, val_r2: -20.9035, val_cc: 0.3633
Epoch 73, trian_loss: 0.0026, trian_mae: 0.0536, trian_mse:0.0052, trian_r2: -22.0104, trian_cc: 0.4064
Epoch 73, val_loss: 0.0045, val_mae: 0.0676, val_mse: 0.0091, val_r2: -32.8736, val_cc: 0.3360
Epoch 74, trian_loss: 0.0025, trian_mae: 0.0532, trian_mse:0.0051, trian_r2: -23.4903, trian_cc: 0.4175
Epoch 74, val_loss: 0.0043, val_mae: 0.0639, val_mse: 0.0086, val_r2: -60.5338, val_cc: 0.3393
Epoch 75, trian_loss: 0.0025, trian_mae: 0.0531, trian_mse:0.0050, trian_r2: -25.5252, trian_cc: 0.4180
Epoch 75, val_loss: 0.0048, val_mae: 0.0681, val_mse: 0.0097, val_r2: -39.4283, val_cc: 0.3631
Epoch 76, trian_loss: 0.0027, trian_mae: 0.0540, trian_mse:0.0053, trian_r2: -29.0148, trian_cc: 0.4206
Epoch 76, val_loss: 0.0045, val_mae: 0.0682, val_mse: 0.0091, val_r2: -24.0170, val_cc: 0.3586
Epoch 77, trian_loss: 0.0025, trian_mae: 0.0532, trian_mse:0.0050, trian_r2: -23.4735, trian_cc: 0.4164
Epoch 77, val_loss: 0.0048, val_mae: 0.0688, val_mse: 0.0096, val_r2: -38.3667, val_cc: 0.3571
Epoch 78, trian_loss: 0.0025, trian_mae: 0.0533, trian_mse:0.0051, trian_r2: -21.9412, trian_cc: 0.4145
Epoch 78, val_loss: 0.0045, val_mae: 0.0660, val_mse: 0.0090, val_r2: -37.1290, val_cc: 0.3281
Epoch 79, trian_loss: 0.0024, trian_mae: 0.0520, trian_mse:0.0048, trian_r2: -21.9885, trian_cc: 0.4222
Epoch 79, val_loss: 0.0046, val_mae: 0.0676, val_mse: 0.0092, val_r2: -20.1296, val_cc: 0.3494
Epoch 80, trian_loss: 0.0025, trian_mae: 0.0530, trian_mse:0.0050, trian_r2: -24.5706, trian_cc: 0.4279
Epoch 80, val_loss: 0.0048, val_mae: 0.0676, val_mse: 0.0096, val_r2: -40.3579, val_cc: 0.3521
Epoch 81, trian_loss: 0.0025, trian_mae: 0.0528, trian_mse:0.0050, trian_r2: -24.2357, trian_cc: 0.4265
Epoch 81, val_loss: 0.0045, val_mae: 0.0667, val_mse: 0.0090, val_r2: -33.7874, val_cc: 0.3311
Epoch 82, trian_loss: 0.0025, trian_mae: 0.0524, trian_mse:0.0049, trian_r2: -20.6995, trian_cc: 0.4338
Epoch 82, val_loss: 0.0044, val_mae: 0.0655, val_mse: 0.0089, val_r2: -23.4664, val_cc: 0.3374
Epoch 83, trian_loss: 0.0024, trian_mae: 0.0525, trian_mse:0.0049, trian_r2: -19.2636, trian_cc: 0.4346
Epoch 83, val_loss: 0.0045, val_mae: 0.0657, val_mse: 0.0091, val_r2: -25.0329, val_cc: 0.3439
Epoch 84, trian_loss: 0.0024, trian_mae: 0.0521, trian_mse:0.0049, trian_r2: -18.9774, trian_cc: 0.4416
Epoch 84, val_loss: 0.0045, val_mae: 0.0655, val_mse: 0.0090, val_r2: -23.0422, val_cc: 0.3472
Epoch 85, trian_loss: 0.0024, trian_mae: 0.0518, trian_mse:0.0048, trian_r2: -18.1650, trian_cc: 0.4430
Epoch 85, val_loss: 0.0044, val_mae: 0.0647, val_mse: 0.0088, val_r2: -22.7655, val_cc: 0.3461
Epoch 86, trian_loss: 0.0024, trian_mae: 0.0517, trian_mse:0.0048, trian_r2: -16.5085, trian_cc: 0.4571
Epoch 86, val_loss: 0.0043, val_mae: 0.0652, val_mse: 0.0087, val_r2: -23.3959, val_cc: 0.3695
Epoch 87, trian_loss: 0.0024, trian_mae: 0.0513, trian_mse:0.0048, trian_r2: -16.2284, trian_cc: 0.4617
Epoch 87, val_loss: 0.0041, val_mae: 0.0646, val_mse: 0.0082, val_r2: -20.8926, val_cc: 0.3750
Epoch 88, trian_loss: 0.0024, trian_mae: 0.0514, trian_mse:0.0048, trian_r2: -15.4558, trian_cc: 0.4668
Epoch 88, val_loss: 0.0042, val_mae: 0.0628, val_mse: 0.0084, val_r2: -28.7257, val_cc: 0.3857
Epoch 89, trian_loss: 0.0024, trian_mae: 0.0513, trian_mse:0.0048, trian_r2: -14.5875, trian_cc: 0.4810
Epoch 89, val_loss: 0.0042, val_mae: 0.0622, val_mse: 0.0085, val_r2: -28.8660, val_cc: 0.4039
Epoch 90, trian_loss: 0.0024, trian_mae: 0.0508, trian_mse:0.0047, trian_r2: -12.3624, trian_cc: 0.4880
Epoch 90, val_loss: 0.0045, val_mae: 0.0657, val_mse: 0.0089, val_r2: -22.2658, val_cc: 0.4067
Epoch 91, trian_loss: 0.0023, trian_mae: 0.0494, trian_mse:0.0045, trian_r2: -9.1743, trian_cc: 0.5084
Epoch 91, val_loss: 0.0043, val_mae: 0.0618, val_mse: 0.0086, val_r2: -23.8723, val_cc: 0.4106
Epoch 92, trian_loss: 0.0023, trian_mae: 0.0501, trian_mse:0.0046, trian_r2: -10.6113, trian_cc: 0.5088
Epoch 92, val_loss: 0.0045, val_mae: 0.0648, val_mse: 0.0091, val_r2: -14.3134, val_cc: 0.4186
Epoch 93, trian_loss: 0.0022, trian_mae: 0.0487, trian_mse:0.0044, trian_r2: -8.1515, trian_cc: 0.5202
Epoch 93, val_loss: 0.0041, val_mae: 0.0620, val_mse: 0.0081, val_r2: -17.3922, val_cc: 0.4343
Epoch 94, trian_loss: 0.0023, trian_mae: 0.0497, trian_mse:0.0046, trian_r2: -8.4304, trian_cc: 0.5221
Epoch 94, val_loss: 0.0042, val_mae: 0.0614, val_mse: 0.0084, val_r2: -17.8759, val_cc: 0.4373
Epoch 95, trian_loss: 0.0022, trian_mae: 0.0486, trian_mse:0.0044, trian_r2: -7.5540, trian_cc: 0.5344
Epoch 95, val_loss: 0.0038, val_mae: 0.0609, val_mse: 0.0077, val_r2: -15.7654, val_cc: 0.4513
Epoch 96, trian_loss: 0.0021, trian_mae: 0.0477, trian_mse:0.0042, trian_r2: -6.4091, trian_cc: 0.5469
Epoch 96, val_loss: 0.0042, val_mae: 0.0601, val_mse: 0.0084, val_r2: -23.2293, val_cc: 0.4590
Epoch 97, trian_loss: 0.0021, trian_mae: 0.0478, trian_mse:0.0043, trian_r2: -7.9061, trian_cc: 0.5483
Epoch 97, val_loss: 0.0042, val_mae: 0.0613, val_mse: 0.0083, val_r2: -14.8760, val_cc: 0.4712
Epoch 98, trian_loss: 0.0022, trian_mae: 0.0481, trian_mse:0.0043, trian_r2: -6.3926, trian_cc: 0.5619
Epoch 98, val_loss: 0.0041, val_mae: 0.0605, val_mse: 0.0082, val_r2: -16.0482, val_cc: 0.4641
Epoch 99, trian_loss: 0.0020, trian_mae: 0.0467, trian_mse:0.0041, trian_r2: -5.9664, trian_cc: 0.5656
Epoch 99, val_loss: 0.0045, val_mae: 0.0611, val_mse: 0.0090, val_r2: -14.6591, val_cc: 0.4675
