Trian Data: 515   Validation Data: 172  Test Data: 172
model ResNet_2D(
  (conv1): Sequential(
    (0): Conv2d(498, 64, kernel_size=(3, 3), stride=(1, 1), padding=(1, 1), bias=False)
    (1): BatchNorm2d(64, eps=1e-05, momentum=0.1, affine=True, track_running_stats=True)
  )
  (layer1): Sequential(
    (0): BasicBlock(
      (conv1): Conv2d(64, 64, kernel_size=(3, 3), stride=(1, 1), padding=(1, 1), bias=False)
      (bn1): BatchNorm2d(64, eps=1e-05, momentum=0.1, affine=True, track_running_stats=True)
      (conv2): Conv2d(64, 64, kernel_size=(3, 3), stride=(1, 1), padding=(1, 1), bias=False)
      (bn2): BatchNorm2d(64, eps=1e-05, momentum=0.1, affine=True, track_running_stats=True)
      (shortcut): Sequential()
    )
    (1): BasicBlock(
      (conv1): Conv2d(64, 64, kernel_size=(3, 3), stride=(1, 1), padding=(1, 1), bias=False)
      (bn1): BatchNorm2d(64, eps=1e-05, momentum=0.1, affine=True, track_running_stats=True)
      (conv2): Conv2d(64, 64, kernel_size=(3, 3), stride=(1, 1), padding=(1, 1), bias=False)
      (bn2): BatchNorm2d(64, eps=1e-05, momentum=0.1, affine=True, track_running_stats=True)
      (shortcut): Sequential()
    )
  )
  (layer2): Sequential(
    (0): BasicBlock(
      (conv1): Conv2d(64, 64, kernel_size=(3, 3), stride=(1, 1), padding=(1, 1), bias=False)
      (bn1): BatchNorm2d(64, eps=1e-05, momentum=0.1, affine=True, track_running_stats=True)
      (conv2): Conv2d(64, 64, kernel_size=(3, 3), stride=(1, 1), padding=(1, 1), bias=False)
      (bn2): BatchNorm2d(64, eps=1e-05, momentum=0.1, affine=True, track_running_stats=True)
      (shortcut): Sequential()
    )
    (1): BasicBlock(
      (conv1): Conv2d(64, 64, kernel_size=(3, 3), stride=(1, 1), padding=(1, 1), bias=False)
      (bn1): BatchNorm2d(64, eps=1e-05, momentum=0.1, affine=True, track_running_stats=True)
      (conv2): Conv2d(64, 64, kernel_size=(3, 3), stride=(1, 1), padding=(1, 1), bias=False)
      (bn2): BatchNorm2d(64, eps=1e-05, momentum=0.1, affine=True, track_running_stats=True)
      (shortcut): Sequential()
    )
  )
  (layer3): Sequential(
    (0): BasicBlock(
      (conv1): Conv2d(64, 64, kernel_size=(3, 3), stride=(1, 1), padding=(1, 1), bias=False)
      (bn1): BatchNorm2d(64, eps=1e-05, momentum=0.1, affine=True, track_running_stats=True)
      (conv2): Conv2d(64, 64, kernel_size=(3, 3), stride=(1, 1), padding=(1, 1), bias=False)
      (bn2): BatchNorm2d(64, eps=1e-05, momentum=0.1, affine=True, track_running_stats=True)
      (shortcut): Sequential()
    )
    (1): BasicBlock(
      (conv1): Conv2d(64, 64, kernel_size=(3, 3), stride=(1, 1), padding=(1, 1), bias=False)
      (bn1): BatchNorm2d(64, eps=1e-05, momentum=0.1, affine=True, track_running_stats=True)
      (conv2): Conv2d(64, 64, kernel_size=(3, 3), stride=(1, 1), padding=(1, 1), bias=False)
      (bn2): BatchNorm2d(64, eps=1e-05, momentum=0.1, affine=True, track_running_stats=True)
      (shortcut): Sequential()
    )
  )
  (layer4): Sequential(
    (0): BasicBlock(
      (conv1): Conv2d(64, 64, kernel_size=(3, 3), stride=(1, 1), padding=(1, 1), bias=False)
      (bn1): BatchNorm2d(64, eps=1e-05, momentum=0.1, affine=True, track_running_stats=True)
      (conv2): Conv2d(64, 64, kernel_size=(3, 3), stride=(1, 1), padding=(1, 1), bias=False)
      (bn2): BatchNorm2d(64, eps=1e-05, momentum=0.1, affine=True, track_running_stats=True)
      (shortcut): Sequential()
    )
    (1): BasicBlock(
      (conv1): Conv2d(64, 64, kernel_size=(3, 3), stride=(1, 1), padding=(1, 1), bias=False)
      (bn1): BatchNorm2d(64, eps=1e-05, momentum=0.1, affine=True, track_running_stats=True)
      (conv2): Conv2d(64, 64, kernel_size=(3, 3), stride=(1, 1), padding=(1, 1), bias=False)
      (bn2): BatchNorm2d(64, eps=1e-05, momentum=0.1, affine=True, track_running_stats=True)
      (shortcut): Sequential()
    )
    (2): BasicBlock(
      (conv1): Conv2d(64, 64, kernel_size=(3, 3), stride=(1, 1), padding=(1, 1), bias=False)
      (bn1): BatchNorm2d(64, eps=1e-05, momentum=0.1, affine=True, track_running_stats=True)
      (conv2): Conv2d(64, 64, kernel_size=(3, 3), stride=(1, 1), padding=(1, 1), bias=False)
      (bn2): BatchNorm2d(64, eps=1e-05, momentum=0.1, affine=True, track_running_stats=True)
      (shortcut): Sequential()
    )
  )
  (conv2): Sequential(
    (0): Conv2d(64, 32, kernel_size=(3, 3), stride=(1, 1), padding=(1, 1))
    (1): BatchNorm2d(32, eps=1e-05, momentum=0.1, affine=True, track_running_stats=True)
  )
  (conv3): Sequential(
    (0): Conv2d(32, 16, kernel_size=(3, 3), stride=(1, 1), padding=(1, 1))
    (1): BatchNorm2d(16, eps=1e-05, momentum=0.1, affine=True, track_running_stats=True)
  )
  (conv4): Sequential(
    (0): Conv2d(16, 1, kernel_size=(3, 3), stride=(1, 1), padding=(1, 1))
    (1): BatchNorm2d(1, eps=1e-05, momentum=0.1, affine=True, track_running_stats=True)
  )
)
Epoch  0, trian_loss: 0.0221, trian_mae: 0.1339, trian_mse:0.0450, trian_r2: -7.3734, trian_cc: 0.2192
Epoch  0, val_loss: 0.0093, val_mae: 0.0996, val_mse: 0.0185, val_r2: -22.6100, val_cc: 0.3074
Epoch  1, trian_loss: 0.0076, trian_mae: 0.0885, trian_mse:0.0151, trian_r2: -866.9844, trian_cc: -0.0152
Epoch  1, val_loss: 0.0077, val_mae: 0.0919, val_mse: 0.0153, val_r2: -894.2378, val_cc: -0.0483
Epoch  2, trian_loss: 0.0068, trian_mae: 0.0841, trian_mse:0.0137, trian_r2: -1934.6981, trian_cc: -0.0214
Epoch  2, val_loss: 0.0077, val_mae: 0.0906, val_mse: 0.0154, val_r2: -2226.7257, val_cc: -0.0363
Epoch  3, trian_loss: 0.0068, trian_mae: 0.0834, trian_mse:0.0135, trian_r2: -2436.3384, trian_cc: 0.0080
Epoch  3, val_loss: 0.0076, val_mae: 0.0895, val_mse: 0.0152, val_r2: -2278.5409, val_cc: -0.0095
Epoch  4, trian_loss: 0.0068, trian_mae: 0.0834, trian_mse:0.0135, trian_r2: -2877.3992, trian_cc: 0.0075
Epoch  4, val_loss: 0.0075, val_mae: 0.0894, val_mse: 0.0151, val_r2: -4136.2872, val_cc: -0.0263
Epoch  5, trian_loss: 0.0067, trian_mae: 0.0833, trian_mse:0.0134, trian_r2: -4539.6059, trian_cc: 0.0086
Epoch  5, val_loss: 0.0076, val_mae: 0.0890, val_mse: 0.0152, val_r2: -6693.5335, val_cc: 0.0040
Epoch  6, trian_loss: 0.0067, trian_mae: 0.0830, trian_mse:0.0134, trian_r2: -4377.6140, trian_cc: 0.0339
Epoch  6, val_loss: 0.0076, val_mae: 0.0890, val_mse: 0.0152, val_r2: -3220.7006, val_cc: 0.0312
Epoch  7, trian_loss: 0.0067, trian_mae: 0.0830, trian_mse:0.0134, trian_r2: -2292.9520, trian_cc: 0.0646
Epoch  7, val_loss: 0.0075, val_mae: 0.0902, val_mse: 0.0150, val_r2: -2269.1665, val_cc: 0.0406
Epoch  8, trian_loss: 0.0067, trian_mae: 0.0831, trian_mse:0.0134, trian_r2: -2568.2031, trian_cc: 0.0757
Epoch  8, val_loss: 0.0075, val_mae: 0.0888, val_mse: 0.0150, val_r2: -2699.0012, val_cc: 0.0615
Epoch  9, trian_loss: 0.0067, trian_mae: 0.0829, trian_mse:0.0133, trian_r2: -2731.6289, trian_cc: 0.0830
Epoch  9, val_loss: 0.0075, val_mae: 0.0893, val_mse: 0.0150, val_r2: -3568.3765, val_cc: 0.0681
Epoch 10, trian_loss: 0.0067, trian_mae: 0.0831, trian_mse:0.0134, trian_r2: -2823.6074, trian_cc: 0.0815
Epoch 10, val_loss: 0.0076, val_mae: 0.0881, val_mse: 0.0152, val_r2: -2604.8661, val_cc: 0.0760
Epoch 11, trian_loss: 0.0067, trian_mae: 0.0832, trian_mse:0.0134, trian_r2: -2260.4884, trian_cc: 0.0871
Epoch 11, val_loss: 0.0075, val_mae: 0.0880, val_mse: 0.0151, val_r2: -1478.3984, val_cc: 0.0764
Epoch 12, trian_loss: 0.0067, trian_mae: 0.0831, trian_mse:0.0134, trian_r2: -2040.2530, trian_cc: 0.0900
Epoch 12, val_loss: 0.0076, val_mae: 0.0882, val_mse: 0.0151, val_r2: -1523.4311, val_cc: 0.0988
Epoch 13, trian_loss: 0.0066, trian_mae: 0.0828, trian_mse:0.0133, trian_r2: -1598.8206, trian_cc: 0.0964
Epoch 13, val_loss: 0.0075, val_mae: 0.0878, val_mse: 0.0150, val_r2: -1048.4172, val_cc: 0.0991
Epoch 14, trian_loss: 0.0067, trian_mae: 0.0829, trian_mse:0.0133, trian_r2: -1551.6586, trian_cc: 0.0951
Epoch 14, val_loss: 0.0075, val_mae: 0.0879, val_mse: 0.0151, val_r2: -1665.6667, val_cc: 0.1018
Epoch 15, trian_loss: 0.0067, trian_mae: 0.0828, trian_mse:0.0133, trian_r2: -1972.0819, trian_cc: 0.0953
Epoch 15, val_loss: 0.0075, val_mae: 0.0879, val_mse: 0.0151, val_r2: -1622.9972, val_cc: 0.1033
Epoch 16, trian_loss: 0.0067, trian_mae: 0.0828, trian_mse:0.0133, trian_r2: -2292.7532, trian_cc: 0.1017
Epoch 16, val_loss: 0.0075, val_mae: 0.0879, val_mse: 0.0150, val_r2: -1527.9985, val_cc: 0.1010
Epoch 17, trian_loss: 0.0067, trian_mae: 0.0829, trian_mse:0.0134, trian_r2: -1417.9763, trian_cc: 0.0989
Epoch 17, val_loss: 0.0075, val_mae: 0.0890, val_mse: 0.0149, val_r2: -1090.9047, val_cc: 0.1081
Epoch 18, trian_loss: 0.0066, trian_mae: 0.0829, trian_mse:0.0133, trian_r2: -1746.3533, trian_cc: 0.0994
Epoch 18, val_loss: 0.0075, val_mae: 0.0883, val_mse: 0.0151, val_r2: -1745.6259, val_cc: 0.1022
Epoch 19, trian_loss: 0.0067, trian_mae: 0.0828, trian_mse:0.0133, trian_r2: -1861.1082, trian_cc: 0.1045
Epoch 19, val_loss: 0.0075, val_mae: 0.0880, val_mse: 0.0151, val_r2: -2051.3990, val_cc: 0.1044
Epoch 20, trian_loss: 0.0066, trian_mae: 0.0828, trian_mse:0.0133, trian_r2: -2564.3546, trian_cc: 0.1062
Epoch 20, val_loss: 0.0075, val_mae: 0.0878, val_mse: 0.0150, val_r2: -1146.1913, val_cc: 0.1090
Epoch 21, trian_loss: 0.0066, trian_mae: 0.0827, trian_mse:0.0133, trian_r2: -1769.4387, trian_cc: 0.1081
Epoch 21, val_loss: 0.0075, val_mae: 0.0881, val_mse: 0.0150, val_r2: -1590.9634, val_cc: 0.1021
Epoch 22, trian_loss: 0.0067, trian_mae: 0.0832, trian_mse:0.0134, trian_r2: -1364.0331, trian_cc: 0.0957
Epoch 22, val_loss: 0.0076, val_mae: 0.0877, val_mse: 0.0151, val_r2: -1875.4543, val_cc: 0.1015
Epoch 23, trian_loss: 0.0066, trian_mae: 0.0824, trian_mse:0.0133, trian_r2: -1867.7763, trian_cc: 0.1077
Epoch 23, val_loss: 0.0075, val_mae: 0.0885, val_mse: 0.0150, val_r2: -1714.5539, val_cc: 0.1119
Epoch 24, trian_loss: 0.0067, trian_mae: 0.0829, trian_mse:0.0134, trian_r2: -1315.7557, trian_cc: 0.1056
Epoch 24, val_loss: 0.0075, val_mae: 0.0875, val_mse: 0.0151, val_r2: -1371.3881, val_cc: 0.1105
Epoch 25, trian_loss: 0.0066, trian_mae: 0.0828, trian_mse:0.0133, trian_r2: -1553.4689, trian_cc: 0.1048
Epoch 25, val_loss: 0.0076, val_mae: 0.0883, val_mse: 0.0151, val_r2: -1627.6237, val_cc: 0.1093
Epoch 26, trian_loss: 0.0067, trian_mae: 0.0827, trian_mse:0.0133, trian_r2: -2111.3947, trian_cc: 0.1097
Epoch 26, val_loss: 0.0076, val_mae: 0.0875, val_mse: 0.0152, val_r2: -1942.2499, val_cc: 0.1044
Epoch 27, trian_loss: 0.0066, trian_mae: 0.0827, trian_mse:0.0133, trian_r2: -1719.0748, trian_cc: 0.1075
Epoch 27, val_loss: 0.0075, val_mae: 0.0874, val_mse: 0.0151, val_r2: -1505.1808, val_cc: 0.1063
Epoch 28, trian_loss: 0.0067, trian_mae: 0.0827, trian_mse:0.0133, trian_r2: -1209.1677, trian_cc: 0.1102
Epoch 28, val_loss: 0.0075, val_mae: 0.0880, val_mse: 0.0151, val_r2: -813.1780, val_cc: 0.1122
Epoch 29, trian_loss: 0.0067, trian_mae: 0.0827, trian_mse:0.0133, trian_r2: -921.5665, trian_cc: 0.1067
Epoch 29, val_loss: 0.0075, val_mae: 0.0877, val_mse: 0.0151, val_r2: -674.9409, val_cc: 0.1165
Epoch 30, trian_loss: 0.0067, trian_mae: 0.0827, trian_mse:0.0133, trian_r2: -1094.6538, trian_cc: 0.1152
Epoch 30, val_loss: 0.0075, val_mae: 0.0881, val_mse: 0.0151, val_r2: -873.9858, val_cc: 0.1173
Epoch 31, trian_loss: 0.0066, trian_mae: 0.0827, trian_mse:0.0133, trian_r2: -1030.1186, trian_cc: 0.1168
Epoch 31, val_loss: 0.0075, val_mae: 0.0880, val_mse: 0.0150, val_r2: -776.2833, val_cc: 0.1215
Epoch 32, trian_loss: 0.0066, trian_mae: 0.0825, trian_mse:0.0132, trian_r2: -1218.6869, trian_cc: 0.1298
Epoch 32, val_loss: 0.0075, val_mae: 0.0877, val_mse: 0.0150, val_r2: -1721.3049, val_cc: 0.0893
Epoch 33, trian_loss: 0.0067, trian_mae: 0.0825, trian_mse:0.0133, trian_r2: -944.3405, trian_cc: 0.1189
Epoch 33, val_loss: 0.0075, val_mae: 0.0875, val_mse: 0.0151, val_r2: -1293.8194, val_cc: 0.0760
Epoch 34, trian_loss: 0.0066, trian_mae: 0.0827, trian_mse:0.0133, trian_r2: -786.0663, trian_cc: 0.1379
Epoch 34, val_loss: 0.0076, val_mae: 0.0919, val_mse: 0.0152, val_r2: -1085.1562, val_cc: 0.1545
Epoch 35, trian_loss: 0.0066, trian_mae: 0.0824, trian_mse:0.0132, trian_r2: -875.6275, trian_cc: 0.1377
Epoch 35, val_loss: 0.0075, val_mae: 0.0880, val_mse: 0.0149, val_r2: -1067.5894, val_cc: 0.1207
Epoch 36, trian_loss: 0.0066, trian_mae: 0.0826, trian_mse:0.0132, trian_r2: -717.7017, trian_cc: 0.1352
Epoch 36, val_loss: 0.0076, val_mae: 0.0901, val_mse: 0.0152, val_r2: -1126.9534, val_cc: 0.0856
Epoch 37, trian_loss: 0.0066, trian_mae: 0.0822, trian_mse:0.0131, trian_r2: -489.2398, trian_cc: 0.1954
Epoch 37, val_loss: 0.0074, val_mae: 0.0895, val_mse: 0.0149, val_r2: -752.7712, val_cc: 0.1738
Epoch 38, trian_loss: 0.0065, trian_mae: 0.0817, trian_mse:0.0129, trian_r2: -553.6706, trian_cc: 0.2205
Epoch 38, val_loss: 0.0073, val_mae: 0.0880, val_mse: 0.0146, val_r2: -753.8951, val_cc: 0.2650
Epoch 39, trian_loss: 0.0064, trian_mae: 0.0809, trian_mse:0.0127, trian_r2: -631.6875, trian_cc: 0.3121
Epoch 39, val_loss: 0.0071, val_mae: 0.0830, val_mse: 0.0143, val_r2: -884.5570, val_cc: 0.3643
Epoch 40, trian_loss: 0.0063, trian_mae: 0.0807, trian_mse:0.0126, trian_r2: -519.9693, trian_cc: 0.2980
Epoch 40, val_loss: 0.0073, val_mae: 0.0839, val_mse: 0.0146, val_r2: -276.4597, val_cc: 0.2966
Epoch 41, trian_loss: 0.0063, trian_mae: 0.0807, trian_mse:0.0126, trian_r2: -397.3386, trian_cc: 0.3174
Epoch 41, val_loss: 0.0073, val_mae: 0.0882, val_mse: 0.0146, val_r2: -439.6878, val_cc: 0.2286
Epoch 42, trian_loss: 0.0065, trian_mae: 0.0817, trian_mse:0.0129, trian_r2: -562.8425, trian_cc: 0.2450
Epoch 42, val_loss: 0.0072, val_mae: 0.0876, val_mse: 0.0145, val_r2: -514.3429, val_cc: 0.2636
Epoch 43, trian_loss: 0.0064, trian_mae: 0.0816, trian_mse:0.0128, trian_r2: -633.7414, trian_cc: 0.2617
Epoch 43, val_loss: 0.0080, val_mae: 0.0868, val_mse: 0.0160, val_r2: -124.3825, val_cc: 0.3498
Epoch 44, trian_loss: 0.0065, trian_mae: 0.0822, trian_mse:0.0130, trian_r2: -506.3271, trian_cc: 0.2223
Epoch 44, val_loss: 0.0073, val_mae: 0.0872, val_mse: 0.0146, val_r2: -486.1696, val_cc: 0.2520
Epoch 45, trian_loss: 0.0065, trian_mae: 0.0817, trian_mse:0.0130, trian_r2: -515.8232, trian_cc: 0.2671
Epoch 45, val_loss: 0.0074, val_mae: 0.0879, val_mse: 0.0148, val_r2: -473.3832, val_cc: 0.1876
Epoch 46, trian_loss: 0.0064, trian_mae: 0.0813, trian_mse:0.0128, trian_r2: -481.0689, trian_cc: 0.2805
Epoch 46, val_loss: 0.0074, val_mae: 0.0893, val_mse: 0.0148, val_r2: -526.0262, val_cc: 0.2274
Epoch 47, trian_loss: 0.0064, trian_mae: 0.0808, trian_mse:0.0127, trian_r2: -451.4912, trian_cc: 0.3132
Epoch 47, val_loss: 0.0071, val_mae: 0.0840, val_mse: 0.0141, val_r2: -279.1712, val_cc: 0.3980
Epoch 48, trian_loss: 0.0062, trian_mae: 0.0797, trian_mse:0.0125, trian_r2: -412.9914, trian_cc: 0.3440
Epoch 48, val_loss: 0.0073, val_mae: 0.0879, val_mse: 0.0147, val_r2: -1090.9295, val_cc: 0.2275
Epoch 49, trian_loss: 0.0065, trian_mae: 0.0817, trian_mse:0.0129, trian_r2: -573.0780, trian_cc: 0.2308
Epoch 49, val_loss: 0.0073, val_mae: 0.0885, val_mse: 0.0146, val_r2: -354.6342, val_cc: 0.2008
Epoch 50, trian_loss: 0.0064, trian_mae: 0.0808, trian_mse:0.0128, trian_r2: -368.7153, trian_cc: 0.2695
Epoch 50, val_loss: 0.0070, val_mae: 0.0832, val_mse: 0.0140, val_r2: -266.1381, val_cc: 0.3497
Epoch 51, trian_loss: 0.0063, trian_mae: 0.0806, trian_mse:0.0127, trian_r2: -375.4368, trian_cc: 0.2952
Epoch 51, val_loss: 0.0071, val_mae: 0.0860, val_mse: 0.0143, val_r2: -346.9227, val_cc: 0.2797
Epoch 52, trian_loss: 0.0061, trian_mae: 0.0795, trian_mse:0.0123, trian_r2: -300.1745, trian_cc: 0.3702
Epoch 52, val_loss: 0.0073, val_mae: 0.0864, val_mse: 0.0146, val_r2: -396.6112, val_cc: 0.2062
Epoch 53, trian_loss: 0.0065, trian_mae: 0.0819, trian_mse:0.0131, trian_r2: -570.4735, trian_cc: 0.1761
Epoch 53, val_loss: 0.0074, val_mae: 0.0885, val_mse: 0.0148, val_r2: -325.3552, val_cc: 0.1526
Epoch 54, trian_loss: 0.0066, trian_mae: 0.0826, trian_mse:0.0131, trian_r2: -652.4529, trian_cc: 0.1261
Epoch 54, val_loss: 0.0075, val_mae: 0.0883, val_mse: 0.0151, val_r2: -312.9178, val_cc: 0.1070
Epoch 55, trian_loss: 0.0066, trian_mae: 0.0826, trian_mse:0.0132, trian_r2: -963.6662, trian_cc: 0.1001
Epoch 55, val_loss: 0.0075, val_mae: 0.0880, val_mse: 0.0151, val_r2: -427.2127, val_cc: 0.1069
Epoch 56, trian_loss: 0.0066, trian_mae: 0.0826, trian_mse:0.0132, trian_r2: -705.4068, trian_cc: 0.1199
Epoch 56, val_loss: 0.0075, val_mae: 0.0878, val_mse: 0.0151, val_r2: -393.3697, val_cc: 0.1096
Epoch 57, trian_loss: 0.0066, trian_mae: 0.0824, trian_mse:0.0132, trian_r2: -548.2670, trian_cc: 0.1238
Epoch 57, val_loss: 0.0075, val_mae: 0.0878, val_mse: 0.0151, val_r2: -297.9570, val_cc: 0.1162
Epoch 58, trian_loss: 0.0066, trian_mae: 0.0820, trian_mse:0.0131, trian_r2: -466.2818, trian_cc: 0.1824
Epoch 58, val_loss: 0.0075, val_mae: 0.0872, val_mse: 0.0149, val_r2: -585.9229, val_cc: 0.1347
Epoch 59, trian_loss: 0.0066, trian_mae: 0.0823, trian_mse:0.0131, trian_r2: -693.8919, trian_cc: 0.1291
Epoch 59, val_loss: 0.0075, val_mae: 0.0874, val_mse: 0.0151, val_r2: -271.6991, val_cc: 0.1072
Epoch 60, trian_loss: 0.0066, trian_mae: 0.0824, trian_mse:0.0132, trian_r2: -863.2604, trian_cc: 0.0981
Epoch 60, val_loss: 0.0075, val_mae: 0.0875, val_mse: 0.0150, val_r2: -570.3594, val_cc: 0.0944
Epoch 61, trian_loss: 0.0066, trian_mae: 0.0824, trian_mse:0.0132, trian_r2: -476.1295, trian_cc: 0.1169
Epoch 61, val_loss: 0.0075, val_mae: 0.0876, val_mse: 0.0150, val_r2: -414.3814, val_cc: 0.0901
Epoch 62, trian_loss: 0.0066, trian_mae: 0.0825, trian_mse:0.0132, trian_r2: -411.9778, trian_cc: 0.1147
Epoch 62, val_loss: 0.0075, val_mae: 0.0880, val_mse: 0.0151, val_r2: -168.8509, val_cc: 0.1142
Epoch 63, trian_loss: 0.0066, trian_mae: 0.0825, trian_mse:0.0132, trian_r2: -719.9881, trian_cc: 0.1121
Epoch 63, val_loss: 0.0075, val_mae: 0.0884, val_mse: 0.0150, val_r2: -172.9513, val_cc: 0.1273
Epoch 64, trian_loss: 0.0064, trian_mae: 0.0815, trian_mse:0.0129, trian_r2: -246.7591, trian_cc: 0.2361
Epoch 64, val_loss: 0.0070, val_mae: 0.0850, val_mse: 0.0140, val_r2: -226.5605, val_cc: 0.3117
Epoch 65, trian_loss: 0.0065, trian_mae: 0.0820, trian_mse:0.0130, trian_r2: -358.1925, trian_cc: 0.1677
Epoch 65, val_loss: 0.0075, val_mae: 0.0882, val_mse: 0.0150, val_r2: -120.6041, val_cc: 0.1423
Epoch 66, trian_loss: 0.0064, trian_mae: 0.0811, trian_mse:0.0128, trian_r2: -292.9199, trian_cc: 0.2407
Epoch 66, val_loss: 0.0073, val_mae: 0.0866, val_mse: 0.0146, val_r2: -297.1323, val_cc: 0.1928
Epoch 67, trian_loss: 0.0062, trian_mae: 0.0798, trian_mse:0.0124, trian_r2: -262.9068, trian_cc: 0.3120
Epoch 67, val_loss: 0.0071, val_mae: 0.0858, val_mse: 0.0143, val_r2: -181.5123, val_cc: 0.2713
Epoch 68, trian_loss: 0.0061, trian_mae: 0.0790, trian_mse:0.0121, trian_r2: -202.2121, trian_cc: 0.3656
Epoch 68, val_loss: 0.0074, val_mae: 0.0850, val_mse: 0.0148, val_r2: -139.5936, val_cc: 0.3524
Epoch 69, trian_loss: 0.0062, trian_mae: 0.0798, trian_mse:0.0124, trian_r2: -271.3729, trian_cc: 0.3274
Epoch 69, val_loss: 0.0073, val_mae: 0.0834, val_mse: 0.0145, val_r2: -184.7224, val_cc: 0.3337
Epoch 70, trian_loss: 0.0063, trian_mae: 0.0807, trian_mse:0.0127, trian_r2: -237.5562, trian_cc: 0.2471
Epoch 70, val_loss: 0.0074, val_mae: 0.0886, val_mse: 0.0148, val_r2: -188.2756, val_cc: 0.1444
Epoch 71, trian_loss: 0.0064, trian_mae: 0.0810, trian_mse:0.0127, trian_r2: -238.2745, trian_cc: 0.2415
Epoch 71, val_loss: 0.0070, val_mae: 0.0832, val_mse: 0.0140, val_r2: -140.9220, val_cc: 0.3132
Epoch 72, trian_loss: 0.0061, trian_mae: 0.0790, trian_mse:0.0122, trian_r2: -197.7818, trian_cc: 0.3492
Epoch 72, val_loss: 0.0072, val_mae: 0.0841, val_mse: 0.0144, val_r2: -131.2259, val_cc: 0.3382
Epoch 73, trian_loss: 0.0061, trian_mae: 0.0799, trian_mse:0.0123, trian_r2: -217.2427, trian_cc: 0.3606
Epoch 73, val_loss: 0.0071, val_mae: 0.0834, val_mse: 0.0142, val_r2: -93.5574, val_cc: 0.2777
Epoch 74, trian_loss: 0.0064, trian_mae: 0.0814, trian_mse:0.0127, trian_r2: -193.8612, trian_cc: 0.2192
Epoch 74, val_loss: 0.0071, val_mae: 0.0890, val_mse: 0.0142, val_r2: -242.8167, val_cc: 0.2811
Epoch 75, trian_loss: 0.0065, trian_mae: 0.0820, trian_mse:0.0129, trian_r2: -235.8513, trian_cc: 0.1749
Epoch 75, val_loss: 0.0071, val_mae: 0.0847, val_mse: 0.0142, val_r2: -170.7137, val_cc: 0.2377
Epoch 76, trian_loss: 0.0063, trian_mae: 0.0810, trian_mse:0.0127, trian_r2: -181.7577, trian_cc: 0.2433
Epoch 76, val_loss: 0.0074, val_mae: 0.0840, val_mse: 0.0147, val_r2: -67.5536, val_cc: 0.2517
Epoch 77, trian_loss: 0.0062, trian_mae: 0.0793, trian_mse:0.0123, trian_r2: -154.5226, trian_cc: 0.3125
Epoch 77, val_loss: 0.0071, val_mae: 0.0882, val_mse: 0.0142, val_r2: -136.4982, val_cc: 0.2635
Epoch 78, trian_loss: 0.0060, trian_mae: 0.0786, trian_mse:0.0120, trian_r2: -117.8662, trian_cc: 0.3516
Epoch 78, val_loss: 0.0068, val_mae: 0.0843, val_mse: 0.0136, val_r2: -113.2808, val_cc: 0.3320
Epoch 79, trian_loss: 0.0062, trian_mae: 0.0799, trian_mse:0.0124, trian_r2: -147.8954, trian_cc: 0.2751
Epoch 79, val_loss: 0.0070, val_mae: 0.0835, val_mse: 0.0140, val_r2: -202.3088, val_cc: 0.3062
Epoch 80, trian_loss: 0.0062, trian_mae: 0.0807, trian_mse:0.0124, trian_r2: -181.8059, trian_cc: 0.3120
Epoch 80, val_loss: 0.0070, val_mae: 0.0834, val_mse: 0.0140, val_r2: -95.1085, val_cc: 0.3034
Epoch 81, trian_loss: 0.0062, trian_mae: 0.0797, trian_mse:0.0123, trian_r2: -118.1291, trian_cc: 0.3142
Epoch 81, val_loss: 0.0070, val_mae: 0.0834, val_mse: 0.0140, val_r2: -56.1855, val_cc: 0.2991
Epoch 82, trian_loss: 0.0060, trian_mae: 0.0787, trian_mse:0.0120, trian_r2: -220.3143, trian_cc: 0.3627
Epoch 82, val_loss: 0.0071, val_mae: 0.0887, val_mse: 0.0141, val_r2: -299.5293, val_cc: 0.2841
Epoch 83, trian_loss: 0.0061, trian_mae: 0.0800, trian_mse:0.0122, trian_r2: -180.2883, trian_cc: 0.3286
Epoch 83, val_loss: 0.0071, val_mae: 0.0861, val_mse: 0.0141, val_r2: -105.1777, val_cc: 0.2677
Epoch 84, trian_loss: 0.0062, trian_mae: 0.0799, trian_mse:0.0124, trian_r2: -223.2511, trian_cc: 0.2955
Epoch 84, val_loss: 0.0075, val_mae: 0.0847, val_mse: 0.0150, val_r2: -69.2693, val_cc: 0.2698
Epoch 85, trian_loss: 0.0059, trian_mae: 0.0773, trian_mse:0.0117, trian_r2: -112.1073, trian_cc: 0.3933
Epoch 85, val_loss: 0.0072, val_mae: 0.0846, val_mse: 0.0144, val_r2: -94.6863, val_cc: 0.3671
Epoch 86, trian_loss: 0.0060, trian_mae: 0.0782, trian_mse:0.0119, trian_r2: -123.9878, trian_cc: 0.3657
Epoch 86, val_loss: 0.0069, val_mae: 0.0830, val_mse: 0.0138, val_r2: -97.2674, val_cc: 0.3301
Epoch 87, trian_loss: 0.0059, trian_mae: 0.0781, trian_mse:0.0118, trian_r2: -111.2015, trian_cc: 0.3870
Epoch 87, val_loss: 0.0075, val_mae: 0.0857, val_mse: 0.0149, val_r2: -57.3534, val_cc: 0.3353
Epoch 88, trian_loss: 0.0059, trian_mae: 0.0777, trian_mse:0.0118, trian_r2: -168.8721, trian_cc: 0.3922
Epoch 88, val_loss: 0.0070, val_mae: 0.0848, val_mse: 0.0140, val_r2: -273.6773, val_cc: 0.3239
Epoch 89, trian_loss: 0.0058, trian_mae: 0.0775, trian_mse:0.0117, trian_r2: -128.9382, trian_cc: 0.3970
Epoch 89, val_loss: 0.0069, val_mae: 0.0831, val_mse: 0.0138, val_r2: -86.8092, val_cc: 0.3520
Epoch 90, trian_loss: 0.0058, trian_mae: 0.0773, trian_mse:0.0117, trian_r2: -115.6792, trian_cc: 0.4034
Epoch 90, val_loss: 0.0069, val_mae: 0.0832, val_mse: 0.0139, val_r2: -87.1393, val_cc: 0.3597
Epoch 91, trian_loss: 0.0060, trian_mae: 0.0785, trian_mse:0.0120, trian_r2: -98.6364, trian_cc: 0.3450
Epoch 91, val_loss: 0.0069, val_mae: 0.0843, val_mse: 0.0138, val_r2: -50.8180, val_cc: 0.2931
Epoch 92, trian_loss: 0.0060, trian_mae: 0.0789, trian_mse:0.0121, trian_r2: -101.4597, trian_cc: 0.3258
Epoch 92, val_loss: 0.0069, val_mae: 0.0852, val_mse: 0.0138, val_r2: -51.5157, val_cc: 0.3049
Epoch 93, trian_loss: 0.0060, trian_mae: 0.0790, trian_mse:0.0120, trian_r2: -100.0469, trian_cc: 0.3415
Epoch 93, val_loss: 0.0069, val_mae: 0.0834, val_mse: 0.0138, val_r2: -63.2502, val_cc: 0.3171
Epoch 94, trian_loss: 0.0059, trian_mae: 0.0781, trian_mse:0.0117, trian_r2: -71.0149, trian_cc: 0.3750
Epoch 94, val_loss: 0.0069, val_mae: 0.0837, val_mse: 0.0139, val_r2: -43.7347, val_cc: 0.3033
Epoch 95, trian_loss: 0.0058, trian_mae: 0.0773, trian_mse:0.0116, trian_r2: -95.8547, trian_cc: 0.3892
Epoch 95, val_loss: 0.0069, val_mae: 0.0832, val_mse: 0.0138, val_r2: -79.8945, val_cc: 0.3472
Epoch 96, trian_loss: 0.0059, trian_mae: 0.0775, trian_mse:0.0117, trian_r2: -104.3346, trian_cc: 0.3891
Epoch 96, val_loss: 0.0069, val_mae: 0.0838, val_mse: 0.0137, val_r2: -57.6009, val_cc: 0.3208
Epoch 97, trian_loss: 0.0062, trian_mae: 0.0798, trian_mse:0.0124, trian_r2: -97.1035, trian_cc: 0.2781
Epoch 97, val_loss: 0.0069, val_mae: 0.0844, val_mse: 0.0138, val_r2: -108.2271, val_cc: 0.3247
Epoch 98, trian_loss: 0.0058, trian_mae: 0.0771, trian_mse:0.0116, trian_r2: -70.0859, trian_cc: 0.3845
Epoch 98, val_loss: 0.0071, val_mae: 0.0837, val_mse: 0.0141, val_r2: -32.5841, val_cc: 0.3079
Epoch 99, trian_loss: 0.0058, trian_mae: 0.0768, trian_mse:0.0115, trian_r2: -67.9100, trian_cc: 0.3913
Epoch 99, val_loss: 0.0069, val_mae: 0.0824, val_mse: 0.0138, val_r2: -38.4794, val_cc: 0.3285
