Trian Data: 532   Validation Data: 177  Test Data: 178
[1, 1]
[1, 1]
[1]
[1]
model SENet(
  (conv1): Conv2d(101, 64, kernel_size=(3, 3), stride=(1, 1), padding=(1, 1), bias=False)
  (bn1): BatchNorm2d(64, eps=1e-05, momentum=0.1, affine=True, track_running_stats=True)
  (layer1): Sequential(
    (0): BasicBlock(
      (conv1): Conv2d(64, 64, kernel_size=(3, 3), stride=(1, 1), padding=(1, 1), bias=False)
      (bn1): BatchNorm2d(64, eps=1e-05, momentum=0.1, affine=True, track_running_stats=True)
      (conv2): Conv2d(64, 64, kernel_size=(3, 3), stride=(1, 1), padding=(1, 1), bias=False)
      (bn2): BatchNorm2d(64, eps=1e-05, momentum=0.1, affine=True, track_running_stats=True)
      (shortcut): Sequential()
      (fc1): Conv2d(64, 4, kernel_size=(1, 1), stride=(1, 1))
      (fc2): Conv2d(4, 64, kernel_size=(1, 1), stride=(1, 1))
    )
    (1): BasicBlock(
      (conv1): Conv2d(64, 64, kernel_size=(3, 3), stride=(1, 1), padding=(1, 1), bias=False)
      (bn1): BatchNorm2d(64, eps=1e-05, momentum=0.1, affine=True, track_running_stats=True)
      (conv2): Conv2d(64, 64, kernel_size=(3, 3), stride=(1, 1), padding=(1, 1), bias=False)
      (bn2): BatchNorm2d(64, eps=1e-05, momentum=0.1, affine=True, track_running_stats=True)
      (shortcut): Sequential()
      (fc1): Conv2d(64, 4, kernel_size=(1, 1), stride=(1, 1))
      (fc2): Conv2d(4, 64, kernel_size=(1, 1), stride=(1, 1))
    )
  )
  (layer2): Sequential(
    (0): BasicBlock(
      (conv1): Conv2d(64, 64, kernel_size=(3, 3), stride=(1, 1), padding=(1, 1), bias=False)
      (bn1): BatchNorm2d(64, eps=1e-05, momentum=0.1, affine=True, track_running_stats=True)
      (conv2): Conv2d(64, 64, kernel_size=(3, 3), stride=(1, 1), padding=(1, 1), bias=False)
      (bn2): BatchNorm2d(64, eps=1e-05, momentum=0.1, affine=True, track_running_stats=True)
      (shortcut): Sequential()
      (fc1): Conv2d(64, 4, kernel_size=(1, 1), stride=(1, 1))
      (fc2): Conv2d(4, 64, kernel_size=(1, 1), stride=(1, 1))
    )
    (1): BasicBlock(
      (conv1): Conv2d(64, 64, kernel_size=(3, 3), stride=(1, 1), padding=(1, 1), bias=False)
      (bn1): BatchNorm2d(64, eps=1e-05, momentum=0.1, affine=True, track_running_stats=True)
      (conv2): Conv2d(64, 64, kernel_size=(3, 3), stride=(1, 1), padding=(1, 1), bias=False)
      (bn2): BatchNorm2d(64, eps=1e-05, momentum=0.1, affine=True, track_running_stats=True)
      (shortcut): Sequential()
      (fc1): Conv2d(64, 4, kernel_size=(1, 1), stride=(1, 1))
      (fc2): Conv2d(4, 64, kernel_size=(1, 1), stride=(1, 1))
    )
  )
  (layer3): Sequential(
    (0): BasicBlock(
      (conv1): Conv2d(64, 64, kernel_size=(3, 3), stride=(1, 1), padding=(1, 1), bias=False)
      (bn1): BatchNorm2d(64, eps=1e-05, momentum=0.1, affine=True, track_running_stats=True)
      (conv2): Conv2d(64, 64, kernel_size=(3, 3), stride=(1, 1), padding=(1, 1), bias=False)
      (bn2): BatchNorm2d(64, eps=1e-05, momentum=0.1, affine=True, track_running_stats=True)
      (shortcut): Sequential()
      (fc1): Conv2d(64, 4, kernel_size=(1, 1), stride=(1, 1))
      (fc2): Conv2d(4, 64, kernel_size=(1, 1), stride=(1, 1))
    )
  )
  (layer4): Sequential(
    (0): BasicBlock(
      (conv1): Conv2d(64, 64, kernel_size=(3, 3), stride=(1, 1), padding=(1, 1), bias=False)
      (bn1): BatchNorm2d(64, eps=1e-05, momentum=0.1, affine=True, track_running_stats=True)
      (conv2): Conv2d(64, 64, kernel_size=(3, 3), stride=(1, 1), padding=(1, 1), bias=False)
      (bn2): BatchNorm2d(64, eps=1e-05, momentum=0.1, affine=True, track_running_stats=True)
      (shortcut): Sequential()
      (fc1): Conv2d(64, 4, kernel_size=(1, 1), stride=(1, 1))
      (fc2): Conv2d(4, 64, kernel_size=(1, 1), stride=(1, 1))
    )
  )
  (cnn): CNNnet(
    (conv1): Sequential(
      (0): Conv2d(64, 32, kernel_size=(3, 3), stride=(1, 1), padding=(1, 1))
      (1): BatchNorm2d(32, eps=1e-05, momentum=0.1, affine=True, track_running_stats=True)
      (2): ReLU()
    )
    (conv2): Sequential(
      (0): Conv2d(32, 16, kernel_size=(3, 3), stride=(1, 1), padding=(1, 1))
      (1): BatchNorm2d(16, eps=1e-05, momentum=0.1, affine=True, track_running_stats=True)
      (2): ReLU()
    )
    (conv3): Sequential(
      (0): Conv2d(16, 1, kernel_size=(3, 3), stride=(1, 1), padding=(1, 1))
      (1): BatchNorm2d(1, eps=1e-05, momentum=0.1, affine=True, track_running_stats=True)
      (2): ReLU()
    )
  )
)
Epoch  0, trian_loss: 0.0084, trian_mae: 0.0929, trian_mse:0.0170, trian_r2: -20.4829, trian_cc: -0.0132
Epoch  0, val_loss: 0.0057, val_mae: 0.0853, val_mse: 0.0115, val_r2: -7.1128, val_cc: 0.0583
Epoch  1, trian_loss: 0.0051, trian_mae: 0.0750, trian_mse:0.0101, trian_r2: -1790.0945, trian_cc: 0.0345
Epoch  1, val_loss: 0.0049, val_mae: 0.0742, val_mse: 0.0098, val_r2: -2349.2467, val_cc: 0.0836
Epoch  2, trian_loss: 0.0050, trian_mae: 0.0742, trian_mse:0.0099, trian_r2: -1846.8796, trian_cc: 0.1076
Epoch  2, val_loss: 0.0049, val_mae: 0.0742, val_mse: 0.0098, val_r2: -1162.5953, val_cc: 0.1216
Epoch  3, trian_loss: 0.0050, trian_mae: 0.0742, trian_mse:0.0099, trian_r2: -1349.2323, trian_cc: 0.1279
Epoch  3, val_loss: 0.0049, val_mae: 0.0741, val_mse: 0.0098, val_r2: -911.1397, val_cc: 0.1311
Epoch  4, trian_loss: 0.0049, trian_mae: 0.0741, trian_mse:0.0099, trian_r2: -878.2381, trian_cc: 0.1268
Epoch  4, val_loss: 0.0049, val_mae: 0.0741, val_mse: 0.0097, val_r2: -610.2776, val_cc: 0.1409
Epoch  5, trian_loss: 0.0049, trian_mae: 0.0738, trian_mse:0.0099, trian_r2: -448.8066, trian_cc: 0.1337
Epoch  5, val_loss: 0.0048, val_mae: 0.0739, val_mse: 0.0096, val_r2: -251.7436, val_cc: 0.1558
Epoch  6, trian_loss: 0.0049, trian_mae: 0.0736, trian_mse:0.0098, trian_r2: -286.6512, trian_cc: 0.1442
Epoch  6, val_loss: 0.0048, val_mae: 0.0736, val_mse: 0.0097, val_r2: -258.8483, val_cc: 0.1436
Epoch  7, trian_loss: 0.0049, trian_mae: 0.0734, trian_mse:0.0097, trian_r2: -346.5093, trian_cc: 0.1393
Epoch  7, val_loss: 0.0048, val_mae: 0.0737, val_mse: 0.0097, val_r2: -325.8116, val_cc: 0.1393
Epoch  8, trian_loss: 0.0047, trian_mae: 0.0721, trian_mse:0.0094, trian_r2: -296.9483, trian_cc: 0.1661
Epoch  8, val_loss: 0.0045, val_mae: 0.0695, val_mse: 0.0091, val_r2: -95.8761, val_cc: 0.1988
Epoch  9, trian_loss: 0.0046, trian_mae: 0.0708, trian_mse:0.0091, trian_r2: -178.6945, trian_cc: 0.2024
Epoch  9, val_loss: 0.0044, val_mae: 0.0687, val_mse: 0.0088, val_r2: -93.9644, val_cc: 0.2234
Epoch 10, trian_loss: 0.0045, trian_mae: 0.0702, trian_mse:0.0090, trian_r2: -168.8667, trian_cc: 0.2222
Epoch 10, val_loss: 0.0044, val_mae: 0.0689, val_mse: 0.0088, val_r2: -87.5691, val_cc: 0.2317
Epoch 11, trian_loss: 0.0044, trian_mae: 0.0698, trian_mse:0.0089, trian_r2: -133.0120, trian_cc: 0.2377
Epoch 11, val_loss: 0.0043, val_mae: 0.0689, val_mse: 0.0087, val_r2: -84.7799, val_cc: 0.2715
Epoch 12, trian_loss: 0.0044, trian_mae: 0.0690, trian_mse:0.0087, trian_r2: -122.8771, trian_cc: 0.2799
Epoch 12, val_loss: 0.0041, val_mae: 0.0664, val_mse: 0.0082, val_r2: -39.2079, val_cc: 0.3960
Epoch 13, trian_loss: 0.0043, trian_mae: 0.0682, trian_mse:0.0085, trian_r2: -141.1621, trian_cc: 0.3329
Epoch 13, val_loss: 0.0042, val_mae: 0.0669, val_mse: 0.0084, val_r2: -114.5145, val_cc: 0.3637
Epoch 14, trian_loss: 0.0039, trian_mae: 0.0645, trian_mse:0.0079, trian_r2: -36.4509, trian_cc: 0.4668
Epoch 14, val_loss: 0.0037, val_mae: 0.0625, val_mse: 0.0075, val_r2: -23.0340, val_cc: 0.5058
Epoch 15, trian_loss: 0.0038, trian_mae: 0.0625, trian_mse:0.0075, trian_r2: -18.1924, trian_cc: 0.5141
Epoch 15, val_loss: 0.0036, val_mae: 0.0616, val_mse: 0.0072, val_r2: -10.2390, val_cc: 0.5413
Epoch 16, trian_loss: 0.0036, trian_mae: 0.0614, trian_mse:0.0073, trian_r2: -8.7980, trian_cc: 0.5414
Epoch 16, val_loss: 0.0036, val_mae: 0.0623, val_mse: 0.0072, val_r2: -7.7917, val_cc: 0.5402
Epoch 17, trian_loss: 0.0036, trian_mae: 0.0607, trian_mse:0.0072, trian_r2: -6.3220, trian_cc: 0.5526
Epoch 17, val_loss: 0.0035, val_mae: 0.0603, val_mse: 0.0071, val_r2: -10.3765, val_cc: 0.5310
Epoch 18, trian_loss: 0.0040, trian_mae: 0.0652, trian_mse:0.0079, trian_r2: -38.5247, trian_cc: 0.4068
Epoch 18, val_loss: 0.0043, val_mae: 0.0674, val_mse: 0.0086, val_r2: -33.4859, val_cc: 0.2755
Epoch 19, trian_loss: 0.0042, trian_mae: 0.0675, trian_mse:0.0084, trian_r2: -57.2900, trian_cc: 0.2806
Epoch 19, val_loss: 0.0044, val_mae: 0.0679, val_mse: 0.0089, val_r2: -35.3453, val_cc: 0.2819
Epoch 20, trian_loss: 0.0037, trian_mae: 0.0624, trian_mse:0.0074, trian_r2: -18.3841, trian_cc: 0.5049
Epoch 20, val_loss: 0.0038, val_mae: 0.0629, val_mse: 0.0076, val_r2: -14.4146, val_cc: 0.4943
Epoch 21, trian_loss: 0.0035, trian_mae: 0.0600, trian_mse:0.0070, trian_r2: -7.2986, trian_cc: 0.5626
Epoch 21, val_loss: 0.0036, val_mae: 0.0593, val_mse: 0.0072, val_r2: -8.4595, val_cc: 0.5539
Epoch 22, trian_loss: 0.0035, trian_mae: 0.0592, trian_mse:0.0069, trian_r2: -7.4627, trian_cc: 0.5726
Epoch 22, val_loss: 0.0034, val_mae: 0.0605, val_mse: 0.0069, val_r2: -7.6824, val_cc: 0.5687
Epoch 23, trian_loss: 0.0038, trian_mae: 0.0638, trian_mse:0.0076, trian_r2: -35.2780, trian_cc: 0.4126
Epoch 23, val_loss: 0.0043, val_mae: 0.0669, val_mse: 0.0086, val_r2: -18.5227, val_cc: 0.2820
Epoch 24, trian_loss: 0.0041, trian_mae: 0.0671, trian_mse:0.0083, trian_r2: -35.5652, trian_cc: 0.3526
Epoch 24, val_loss: 0.0043, val_mae: 0.0707, val_mse: 0.0085, val_r2: -58.9675, val_cc: 0.2476
Epoch 25, trian_loss: 0.0037, trian_mae: 0.0626, trian_mse:0.0075, trian_r2: -15.1486, trian_cc: 0.4865
Epoch 25, val_loss: 0.0038, val_mae: 0.0623, val_mse: 0.0077, val_r2: -15.3434, val_cc: 0.4911
Epoch 26, trian_loss: 0.0035, trian_mae: 0.0603, trian_mse:0.0071, trian_r2: -6.6115, trian_cc: 0.5418
Epoch 26, val_loss: 0.0036, val_mae: 0.0611, val_mse: 0.0072, val_r2: -11.3500, val_cc: 0.5311
Epoch 27, trian_loss: 0.0033, trian_mae: 0.0583, trian_mse:0.0067, trian_r2: -4.3992, trian_cc: 0.5739
Epoch 27, val_loss: 0.0034, val_mae: 0.0578, val_mse: 0.0068, val_r2: -8.6848, val_cc: 0.5868
Epoch 28, trian_loss: 0.0033, trian_mae: 0.0575, trian_mse:0.0065, trian_r2: -3.0342, trian_cc: 0.5904
Epoch 28, val_loss: 0.0035, val_mae: 0.0584, val_mse: 0.0070, val_r2: -7.4269, val_cc: 0.5948
Epoch 29, trian_loss: 0.0033, trian_mae: 0.0573, trian_mse:0.0065, trian_r2: -3.0300, trian_cc: 0.5958
Epoch 29, val_loss: 0.0034, val_mae: 0.0572, val_mse: 0.0067, val_r2: -4.6337, val_cc: 0.6027
Epoch 30, trian_loss: 0.0032, trian_mae: 0.0566, trian_mse:0.0063, trian_r2: -2.4502, trian_cc: 0.6015
Epoch 30, val_loss: 0.0033, val_mae: 0.0561, val_mse: 0.0066, val_r2: -4.9611, val_cc: 0.6121
Epoch 31, trian_loss: 0.0037, trian_mae: 0.0629, trian_mse:0.0075, trian_r2: -20.7611, trian_cc: 0.4553
Epoch 31, val_loss: 0.0034, val_mae: 0.0592, val_mse: 0.0068, val_r2: -7.1978, val_cc: 0.5691
Epoch 32, trian_loss: 0.0032, trian_mae: 0.0571, trian_mse:0.0064, trian_r2: -5.6699, trian_cc: 0.5802
Epoch 32, val_loss: 0.0033, val_mae: 0.0569, val_mse: 0.0066, val_r2: -3.8153, val_cc: 0.6017
Epoch 33, trian_loss: 0.0032, trian_mae: 0.0568, trian_mse:0.0063, trian_r2: -3.4268, trian_cc: 0.5909
Epoch 33, val_loss: 0.0035, val_mae: 0.0598, val_mse: 0.0070, val_r2: -6.5754, val_cc: 0.5652
Epoch 34, trian_loss: 0.0032, trian_mae: 0.0564, trian_mse:0.0063, trian_r2: -3.7304, trian_cc: 0.5966
Epoch 34, val_loss: 0.0033, val_mae: 0.0582, val_mse: 0.0066, val_r2: -8.7682, val_cc: 0.6008
Epoch 35, trian_loss: 0.0031, trian_mae: 0.0553, trian_mse:0.0061, trian_r2: -2.2288, trian_cc: 0.6116
Epoch 35, val_loss: 0.0032, val_mae: 0.0559, val_mse: 0.0063, val_r2: -3.0065, val_cc: 0.6245
Epoch 36, trian_loss: 0.0032, trian_mae: 0.0568, trian_mse:0.0063, trian_r2: -6.6763, trian_cc: 0.5868
Epoch 36, val_loss: 0.0032, val_mae: 0.0570, val_mse: 0.0064, val_r2: -3.6023, val_cc: 0.6187
Epoch 37, trian_loss: 0.0030, trian_mae: 0.0548, trian_mse:0.0060, trian_r2: -2.4754, trian_cc: 0.6139
Epoch 37, val_loss: 0.0032, val_mae: 0.0566, val_mse: 0.0064, val_r2: -4.0860, val_cc: 0.6214
Epoch 38, trian_loss: 0.0029, trian_mae: 0.0543, trian_mse:0.0059, trian_r2: -1.9951, trian_cc: 0.6208
Epoch 38, val_loss: 0.0032, val_mae: 0.0567, val_mse: 0.0063, val_r2: -3.5966, val_cc: 0.6246
Epoch 39, trian_loss: 0.0029, trian_mae: 0.0542, trian_mse:0.0059, trian_r2: -1.7186, trian_cc: 0.6254
Epoch 39, val_loss: 0.0032, val_mae: 0.0559, val_mse: 0.0063, val_r2: -3.6042, val_cc: 0.6223
Epoch 40, trian_loss: 0.0030, trian_mae: 0.0547, trian_mse:0.0059, trian_r2: -2.0583, trian_cc: 0.6225
Epoch 40, val_loss: 0.0033, val_mae: 0.0568, val_mse: 0.0066, val_r2: -9.5587, val_cc: 0.5852
Epoch 41, trian_loss: 0.0029, trian_mae: 0.0541, trian_mse:0.0059, trian_r2: -1.7324, trian_cc: 0.6259
Epoch 41, val_loss: 0.0031, val_mae: 0.0553, val_mse: 0.0063, val_r2: -3.1570, val_cc: 0.6263
Epoch 42, trian_loss: 0.0028, trian_mae: 0.0533, trian_mse:0.0056, trian_r2: -1.9708, trian_cc: 0.6279
Epoch 42, val_loss: 0.0032, val_mae: 0.0551, val_mse: 0.0064, val_r2: -3.4702, val_cc: 0.6365
Epoch 43, trian_loss: 0.0029, trian_mae: 0.0538, trian_mse:0.0058, trian_r2: -2.0985, trian_cc: 0.6327
Epoch 43, val_loss: 0.0031, val_mae: 0.0559, val_mse: 0.0063, val_r2: -6.3971, val_cc: 0.6149
Epoch 44, trian_loss: 0.0028, trian_mae: 0.0526, trian_mse:0.0055, trian_r2: -1.4864, trian_cc: 0.6396
Epoch 44, val_loss: 0.0032, val_mae: 0.0555, val_mse: 0.0063, val_r2: -3.7531, val_cc: 0.6366
Epoch 45, trian_loss: 0.0027, trian_mae: 0.0523, trian_mse:0.0055, trian_r2: -1.4035, trian_cc: 0.6396
Epoch 45, val_loss: 0.0032, val_mae: 0.0548, val_mse: 0.0064, val_r2: -3.4287, val_cc: 0.6377
Epoch 46, trian_loss: 0.0030, trian_mae: 0.0552, trian_mse:0.0060, trian_r2: -10.2782, trian_cc: 0.6007
Epoch 46, val_loss: 0.0031, val_mae: 0.0554, val_mse: 0.0063, val_r2: -2.8388, val_cc: 0.6414
Epoch 47, trian_loss: 0.0029, trian_mae: 0.0536, trian_mse:0.0057, trian_r2: -4.0805, trian_cc: 0.6251
Epoch 47, val_loss: 0.0032, val_mae: 0.0557, val_mse: 0.0064, val_r2: -6.4331, val_cc: 0.6313
Epoch 48, trian_loss: 0.0027, trian_mae: 0.0520, trian_mse:0.0055, trian_r2: -1.5627, trian_cc: 0.6441
Epoch 48, val_loss: 0.0032, val_mae: 0.0556, val_mse: 0.0063, val_r2: -6.8497, val_cc: 0.6291
Epoch 49, trian_loss: 0.0027, trian_mae: 0.0516, trian_mse:0.0053, trian_r2: -1.9804, trian_cc: 0.6447
Epoch 49, val_loss: 0.0031, val_mae: 0.0535, val_mse: 0.0062, val_r2: -2.4446, val_cc: 0.6413
Epoch 50, trian_loss: 0.0027, trian_mae: 0.0520, trian_mse:0.0054, trian_r2: -3.7315, trian_cc: 0.6395
Epoch 50, val_loss: 0.0031, val_mae: 0.0537, val_mse: 0.0062, val_r2: -2.8231, val_cc: 0.6446
Epoch 51, trian_loss: 0.0026, trian_mae: 0.0512, trian_mse:0.0052, trian_r2: -1.3220, trian_cc: 0.6471
Epoch 51, val_loss: 0.0031, val_mae: 0.0538, val_mse: 0.0062, val_r2: -2.6333, val_cc: 0.6459
Epoch 52, trian_loss: 0.0027, trian_mae: 0.0522, trian_mse:0.0054, trian_r2: -1.7655, trian_cc: 0.6445
Epoch 52, val_loss: 0.0031, val_mae: 0.0541, val_mse: 0.0063, val_r2: -4.9349, val_cc: 0.6426
Epoch 53, trian_loss: 0.0026, trian_mae: 0.0508, trian_mse:0.0052, trian_r2: -1.1948, trian_cc: 0.6545
Epoch 53, val_loss: 0.0031, val_mae: 0.0525, val_mse: 0.0061, val_r2: -2.8544, val_cc: 0.6546
Epoch 54, trian_loss: 0.0025, trian_mae: 0.0503, trian_mse:0.0050, trian_r2: -1.2574, trian_cc: 0.6569
Epoch 54, val_loss: 0.0031, val_mae: 0.0538, val_mse: 0.0062, val_r2: -7.6959, val_cc: 0.6294
Epoch 55, trian_loss: 0.0026, trian_mae: 0.0508, trian_mse:0.0051, trian_r2: -1.4486, trian_cc: 0.6561
Epoch 55, val_loss: 0.0032, val_mae: 0.0546, val_mse: 0.0064, val_r2: -4.6925, val_cc: 0.6472
Epoch 56, trian_loss: 0.0026, trian_mae: 0.0514, trian_mse:0.0053, trian_r2: -1.7805, trian_cc: 0.6475
Epoch 56, val_loss: 0.0033, val_mae: 0.0541, val_mse: 0.0066, val_r2: -11.1767, val_cc: 0.6266
Epoch 57, trian_loss: 0.0025, trian_mae: 0.0500, trian_mse:0.0050, trian_r2: -1.2956, trian_cc: 0.6587
Epoch 57, val_loss: 0.0032, val_mae: 0.0554, val_mse: 0.0064, val_r2: -8.7254, val_cc: 0.6366
Epoch 58, trian_loss: 0.0026, trian_mae: 0.0506, trian_mse:0.0052, trian_r2: -1.6897, trian_cc: 0.6579
Epoch 58, val_loss: 0.0030, val_mae: 0.0533, val_mse: 0.0061, val_r2: -3.2173, val_cc: 0.6573
Epoch 59, trian_loss: 0.0025, trian_mae: 0.0501, trian_mse:0.0050, trian_r2: -1.1009, trian_cc: 0.6637
Epoch 59, val_loss: 0.0030, val_mae: 0.0523, val_mse: 0.0060, val_r2: -3.0369, val_cc: 0.6626
Epoch 60, trian_loss: 0.0025, trian_mae: 0.0502, trian_mse:0.0051, trian_r2: -1.8604, trian_cc: 0.6547
Epoch 60, val_loss: 0.0031, val_mae: 0.0533, val_mse: 0.0062, val_r2: -3.1963, val_cc: 0.6585
Epoch 61, trian_loss: 0.0024, trian_mae: 0.0494, trian_mse:0.0048, trian_r2: -1.0686, trian_cc: 0.6675
Epoch 61, val_loss: 0.0031, val_mae: 0.0531, val_mse: 0.0061, val_r2: -2.7773, val_cc: 0.6607
Epoch 62, trian_loss: 0.0024, trian_mae: 0.0492, trian_mse:0.0048, trian_r2: -1.0527, trian_cc: 0.6679
Epoch 62, val_loss: 0.0031, val_mae: 0.0526, val_mse: 0.0062, val_r2: -3.1800, val_cc: 0.6623
Epoch 63, trian_loss: 0.0024, trian_mae: 0.0492, trian_mse:0.0048, trian_r2: -1.0014, trian_cc: 0.6676
Epoch 63, val_loss: 0.0033, val_mae: 0.0537, val_mse: 0.0065, val_r2: -4.0294, val_cc: 0.6619
Epoch 64, trian_loss: 0.0025, trian_mae: 0.0496, trian_mse:0.0050, trian_r2: -1.1174, trian_cc: 0.6676
Epoch 64, val_loss: 0.0030, val_mae: 0.0528, val_mse: 0.0061, val_r2: -2.7273, val_cc: 0.6623
Epoch 65, trian_loss: 0.0024, trian_mae: 0.0487, trian_mse:0.0048, trian_r2: -1.3480, trian_cc: 0.6719
Epoch 65, val_loss: 0.0030, val_mae: 0.0527, val_mse: 0.0061, val_r2: -2.1683, val_cc: 0.6634
Epoch 66, trian_loss: 0.0025, trian_mae: 0.0495, trian_mse:0.0050, trian_r2: -1.6953, trian_cc: 0.6679
Epoch 66, val_loss: 0.0030, val_mae: 0.0523, val_mse: 0.0060, val_r2: -3.7068, val_cc: 0.6649
Epoch 67, trian_loss: 0.0024, trian_mae: 0.0485, trian_mse:0.0047, trian_r2: -0.9629, trian_cc: 0.6759
Epoch 67, val_loss: 0.0031, val_mae: 0.0528, val_mse: 0.0062, val_r2: -3.2710, val_cc: 0.6653
Epoch 68, trian_loss: 0.0024, trian_mae: 0.0485, trian_mse:0.0047, trian_r2: -1.4531, trian_cc: 0.6715
Epoch 68, val_loss: 0.0031, val_mae: 0.0523, val_mse: 0.0063, val_r2: -2.3882, val_cc: 0.6672
Epoch 69, trian_loss: 0.0025, trian_mae: 0.0499, trian_mse:0.0051, trian_r2: -1.6863, trian_cc: 0.6682
Epoch 69, val_loss: 0.0031, val_mae: 0.0528, val_mse: 0.0062, val_r2: -3.1524, val_cc: 0.6683
Epoch 70, trian_loss: 0.0024, trian_mae: 0.0480, trian_mse:0.0047, trian_r2: -1.0863, trian_cc: 0.6768
Epoch 70, val_loss: 0.0031, val_mae: 0.0516, val_mse: 0.0061, val_r2: -2.7725, val_cc: 0.6724
Epoch 71, trian_loss: 0.0023, trian_mae: 0.0475, trian_mse:0.0046, trian_r2: -0.8807, trian_cc: 0.6827
Epoch 71, val_loss: 0.0031, val_mae: 0.0522, val_mse: 0.0063, val_r2: -2.2063, val_cc: 0.6727
Epoch 72, trian_loss: 0.0023, trian_mae: 0.0472, trian_mse:0.0045, trian_r2: -0.8707, trian_cc: 0.6843
Epoch 72, val_loss: 0.0030, val_mae: 0.0515, val_mse: 0.0060, val_r2: -1.7275, val_cc: 0.6726
Epoch 73, trian_loss: 0.0024, trian_mae: 0.0485, trian_mse:0.0048, trian_r2: -1.0818, trian_cc: 0.6778
Epoch 73, val_loss: 0.0031, val_mae: 0.0523, val_mse: 0.0062, val_r2: -2.1763, val_cc: 0.6702
Epoch 74, trian_loss: 0.0023, trian_mae: 0.0471, trian_mse:0.0045, trian_r2: -0.7202, trian_cc: 0.6859
Epoch 74, val_loss: 0.0030, val_mae: 0.0524, val_mse: 0.0060, val_r2: -3.2619, val_cc: 0.6714
Epoch 75, trian_loss: 0.0022, trian_mae: 0.0468, trian_mse:0.0044, trian_r2: -0.7016, trian_cc: 0.6880
Epoch 75, val_loss: 0.0031, val_mae: 0.0520, val_mse: 0.0061, val_r2: -2.8896, val_cc: 0.6754
Epoch 76, trian_loss: 0.0022, trian_mae: 0.0468, trian_mse:0.0044, trian_r2: -0.8434, trian_cc: 0.6877
Epoch 76, val_loss: 0.0030, val_mae: 0.0533, val_mse: 0.0061, val_r2: -2.1278, val_cc: 0.6709
Epoch 77, trian_loss: 0.0023, trian_mae: 0.0474, trian_mse:0.0046, trian_r2: -0.8782, trian_cc: 0.6858
Epoch 77, val_loss: 0.0031, val_mae: 0.0521, val_mse: 0.0063, val_r2: -2.0655, val_cc: 0.6766
Epoch 78, trian_loss: 0.0022, trian_mae: 0.0469, trian_mse:0.0045, trian_r2: -0.8470, trian_cc: 0.6890
Epoch 78, val_loss: 0.0030, val_mae: 0.0523, val_mse: 0.0061, val_r2: -2.3187, val_cc: 0.6730
Epoch 79, trian_loss: 0.0022, trian_mae: 0.0466, trian_mse:0.0044, trian_r2: -0.7673, trian_cc: 0.6889
Epoch 79, val_loss: 0.0030, val_mae: 0.0514, val_mse: 0.0060, val_r2: -2.4957, val_cc: 0.6751
Epoch 80, trian_loss: 0.0022, trian_mae: 0.0469, trian_mse:0.0045, trian_r2: -0.9355, trian_cc: 0.6881
Epoch 80, val_loss: 0.0031, val_mae: 0.0518, val_mse: 0.0061, val_r2: -2.6374, val_cc: 0.6739
Epoch 81, trian_loss: 0.0022, trian_mae: 0.0470, trian_mse:0.0045, trian_r2: -0.9914, trian_cc: 0.6873
Epoch 81, val_loss: 0.0030, val_mae: 0.0509, val_mse: 0.0060, val_r2: -2.7305, val_cc: 0.6779
Epoch 82, trian_loss: 0.0021, trian_mae: 0.0455, trian_mse:0.0043, trian_r2: -0.5953, trian_cc: 0.6984
Epoch 82, val_loss: 0.0030, val_mae: 0.0512, val_mse: 0.0061, val_r2: -2.2753, val_cc: 0.6814
Epoch 83, trian_loss: 0.0021, trian_mae: 0.0450, trian_mse:0.0042, trian_r2: -0.5187, trian_cc: 0.7018
Epoch 83, val_loss: 0.0031, val_mae: 0.0514, val_mse: 0.0061, val_r2: -2.1589, val_cc: 0.6813
Epoch 84, trian_loss: 0.0021, trian_mae: 0.0448, trian_mse:0.0041, trian_r2: -0.4912, trian_cc: 0.7020
Epoch 84, val_loss: 0.0030, val_mae: 0.0516, val_mse: 0.0061, val_r2: -1.7698, val_cc: 0.6814
Epoch 85, trian_loss: 0.0020, trian_mae: 0.0445, trian_mse:0.0041, trian_r2: -0.4420, trian_cc: 0.7046
Epoch 85, val_loss: 0.0031, val_mae: 0.0516, val_mse: 0.0061, val_r2: -1.7429, val_cc: 0.6820
Epoch 86, trian_loss: 0.0021, trian_mae: 0.0447, trian_mse:0.0042, trian_r2: -0.4657, trian_cc: 0.7029
Epoch 86, val_loss: 0.0030, val_mae: 0.0513, val_mse: 0.0061, val_r2: -2.5265, val_cc: 0.6808
Epoch 87, trian_loss: 0.0021, trian_mae: 0.0444, trian_mse:0.0041, trian_r2: -0.4515, trian_cc: 0.7058
Epoch 87, val_loss: 0.0031, val_mae: 0.0517, val_mse: 0.0061, val_r2: -1.7057, val_cc: 0.6835
Epoch 88, trian_loss: 0.0020, trian_mae: 0.0440, trian_mse:0.0040, trian_r2: -0.4295, trian_cc: 0.7064
Epoch 88, val_loss: 0.0031, val_mae: 0.0516, val_mse: 0.0062, val_r2: -1.7250, val_cc: 0.6832
Epoch 89, trian_loss: 0.0020, trian_mae: 0.0439, trian_mse:0.0040, trian_r2: -0.4106, trian_cc: 0.7074
Epoch 89, val_loss: 0.0031, val_mae: 0.0519, val_mse: 0.0063, val_r2: -1.8941, val_cc: 0.6824
Epoch 90, trian_loss: 0.0020, trian_mae: 0.0441, trian_mse:0.0040, trian_r2: -0.4534, trian_cc: 0.7066
Epoch 90, val_loss: 0.0031, val_mae: 0.0523, val_mse: 0.0062, val_r2: -1.5827, val_cc: 0.6818
Epoch 91, trian_loss: 0.0020, trian_mae: 0.0438, trian_mse:0.0040, trian_r2: -0.4185, trian_cc: 0.7082
Epoch 91, val_loss: 0.0031, val_mae: 0.0516, val_mse: 0.0062, val_r2: -2.3061, val_cc: 0.6824
Epoch 92, trian_loss: 0.0020, trian_mae: 0.0437, trian_mse:0.0040, trian_r2: -0.3771, trian_cc: 0.7101
Epoch 92, val_loss: 0.0031, val_mae: 0.0517, val_mse: 0.0062, val_r2: -1.8506, val_cc: 0.6837
Epoch 93, trian_loss: 0.0020, trian_mae: 0.0436, trian_mse:0.0040, trian_r2: -0.3604, trian_cc: 0.7110
Epoch 93, val_loss: 0.0031, val_mae: 0.0525, val_mse: 0.0063, val_r2: -2.1060, val_cc: 0.6802
