Trian Data: 515   Validation Data: 172  Test Data: 172
model ResNet_2D(
  (conv1): Sequential(
    (0): Conv2d(40, 64, kernel_size=(3, 3), stride=(1, 1), padding=(1, 1), bias=False)
    (1): BatchNorm2d(64, eps=1e-05, momentum=0.1, affine=True, track_running_stats=True)
  )
  (layer1): Sequential(
    (0): BasicBlock(
      (conv1): Conv2d(64, 64, kernel_size=(3, 3), stride=(1, 1), padding=(1, 1), bias=False)
      (bn1): BatchNorm2d(64, eps=1e-05, momentum=0.1, affine=True, track_running_stats=True)
      (conv2): Conv2d(64, 64, kernel_size=(3, 3), stride=(1, 1), padding=(1, 1), bias=False)
      (bn2): BatchNorm2d(64, eps=1e-05, momentum=0.1, affine=True, track_running_stats=True)
      (shortcut): Sequential()
    )
    (1): BasicBlock(
      (conv1): Conv2d(64, 64, kernel_size=(3, 3), stride=(1, 1), padding=(1, 1), bias=False)
      (bn1): BatchNorm2d(64, eps=1e-05, momentum=0.1, affine=True, track_running_stats=True)
      (conv2): Conv2d(64, 64, kernel_size=(3, 3), stride=(1, 1), padding=(1, 1), bias=False)
      (bn2): BatchNorm2d(64, eps=1e-05, momentum=0.1, affine=True, track_running_stats=True)
      (shortcut): Sequential()
    )
  )
  (layer2): Sequential(
    (0): BasicBlock(
      (conv1): Conv2d(64, 64, kernel_size=(3, 3), stride=(1, 1), padding=(1, 1), bias=False)
      (bn1): BatchNorm2d(64, eps=1e-05, momentum=0.1, affine=True, track_running_stats=True)
      (conv2): Conv2d(64, 64, kernel_size=(3, 3), stride=(1, 1), padding=(1, 1), bias=False)
      (bn2): BatchNorm2d(64, eps=1e-05, momentum=0.1, affine=True, track_running_stats=True)
      (shortcut): Sequential()
    )
    (1): BasicBlock(
      (conv1): Conv2d(64, 64, kernel_size=(3, 3), stride=(1, 1), padding=(1, 1), bias=False)
      (bn1): BatchNorm2d(64, eps=1e-05, momentum=0.1, affine=True, track_running_stats=True)
      (conv2): Conv2d(64, 64, kernel_size=(3, 3), stride=(1, 1), padding=(1, 1), bias=False)
      (bn2): BatchNorm2d(64, eps=1e-05, momentum=0.1, affine=True, track_running_stats=True)
      (shortcut): Sequential()
    )
  )
  (layer3): Sequential(
    (0): BasicBlock(
      (conv1): Conv2d(64, 64, kernel_size=(3, 3), stride=(1, 1), padding=(1, 1), bias=False)
      (bn1): BatchNorm2d(64, eps=1e-05, momentum=0.1, affine=True, track_running_stats=True)
      (conv2): Conv2d(64, 64, kernel_size=(3, 3), stride=(1, 1), padding=(1, 1), bias=False)
      (bn2): BatchNorm2d(64, eps=1e-05, momentum=0.1, affine=True, track_running_stats=True)
      (shortcut): Sequential()
    )
    (1): BasicBlock(
      (conv1): Conv2d(64, 64, kernel_size=(3, 3), stride=(1, 1), padding=(1, 1), bias=False)
      (bn1): BatchNorm2d(64, eps=1e-05, momentum=0.1, affine=True, track_running_stats=True)
      (conv2): Conv2d(64, 64, kernel_size=(3, 3), stride=(1, 1), padding=(1, 1), bias=False)
      (bn2): BatchNorm2d(64, eps=1e-05, momentum=0.1, affine=True, track_running_stats=True)
      (shortcut): Sequential()
    )
  )
  (layer4): Sequential(
    (0): BasicBlock(
      (conv1): Conv2d(64, 64, kernel_size=(3, 3), stride=(1, 1), padding=(1, 1), bias=False)
      (bn1): BatchNorm2d(64, eps=1e-05, momentum=0.1, affine=True, track_running_stats=True)
      (conv2): Conv2d(64, 64, kernel_size=(3, 3), stride=(1, 1), padding=(1, 1), bias=False)
      (bn2): BatchNorm2d(64, eps=1e-05, momentum=0.1, affine=True, track_running_stats=True)
      (shortcut): Sequential()
    )
    (1): BasicBlock(
      (conv1): Conv2d(64, 64, kernel_size=(3, 3), stride=(1, 1), padding=(1, 1), bias=False)
      (bn1): BatchNorm2d(64, eps=1e-05, momentum=0.1, affine=True, track_running_stats=True)
      (conv2): Conv2d(64, 64, kernel_size=(3, 3), stride=(1, 1), padding=(1, 1), bias=False)
      (bn2): BatchNorm2d(64, eps=1e-05, momentum=0.1, affine=True, track_running_stats=True)
      (shortcut): Sequential()
    )
  )
  (conv2): Sequential(
    (0): Conv2d(64, 32, kernel_size=(3, 3), stride=(1, 1), padding=(1, 1))
    (1): BatchNorm2d(32, eps=1e-05, momentum=0.1, affine=True, track_running_stats=True)
  )
  (conv3): Sequential(
    (0): Conv2d(32, 16, kernel_size=(3, 3), stride=(1, 1), padding=(1, 1))
    (1): BatchNorm2d(16, eps=1e-05, momentum=0.1, affine=True, track_running_stats=True)
  )
  (conv4): Sequential(
    (0): Conv2d(16, 1, kernel_size=(3, 3), stride=(1, 1), padding=(1, 1))
    (1): BatchNorm2d(1, eps=1e-05, momentum=0.1, affine=True, track_running_stats=True)
  )
)
Epoch  0, trian_loss: 0.0468, trian_mae: 0.1957, trian_mse:0.0961, trian_r2: -2.7296, trian_cc: 0.0034
Epoch  0, val_loss: 0.0770, val_mae: 0.2239, val_mse: 0.2883, val_r2: -12.0482, val_cc: 0.0012
Epoch  1, trian_loss: 0.0187, trian_mae: 0.1380, trian_mse:0.0375, trian_r2: -262.2903, trian_cc: -0.0120
Epoch  1, val_loss: 0.0197, val_mae: 0.1484, val_mse: 0.0395, val_r2: -479.1617, val_cc: -0.0314
Epoch  2, trian_loss: 0.0175, trian_mae: 0.1346, trian_mse:0.0351, trian_r2: -372.1421, trian_cc: -0.0101
Epoch  2, val_loss: 0.0195, val_mae: 0.1417, val_mse: 0.0391, val_r2: -503.2731, val_cc: -0.0105
Epoch  3, trian_loss: 0.0173, trian_mae: 0.1334, trian_mse:0.0347, trian_r2: -464.0630, trian_cc: -0.0044
Epoch  3, val_loss: 0.0193, val_mae: 0.1431, val_mse: 0.0386, val_r2: -511.0353, val_cc: -0.0033
Epoch  4, trian_loss: 0.0173, trian_mae: 0.1335, trian_mse:0.0346, trian_r2: -554.3424, trian_cc: 0.0000
Epoch  4, val_loss: 0.0196, val_mae: 0.1460, val_mse: 0.0392, val_r2: -845.3686, val_cc: -0.0041
Epoch  5, trian_loss: 0.0172, trian_mae: 0.1334, trian_mse:0.0344, trian_r2: -715.2770, trian_cc: 0.0027
Epoch  5, val_loss: 0.0199, val_mae: 0.1495, val_mse: 0.0398, val_r2: -1212.7942, val_cc: -0.0201
Epoch  6, trian_loss: 0.0173, trian_mae: 0.1334, trian_mse:0.0347, trian_r2: -757.2956, trian_cc: 0.0085
Epoch  6, val_loss: 0.0195, val_mae: 0.1437, val_mse: 0.0390, val_r2: -1076.1048, val_cc: -0.0004
Epoch  7, trian_loss: 0.0171, trian_mae: 0.1329, trian_mse:0.0343, trian_r2: -1115.7382, trian_cc: 0.0171
Epoch  7, val_loss: 0.0194, val_mae: 0.1445, val_mse: 0.0388, val_r2: -1614.4071, val_cc: 0.0080
Epoch  8, trian_loss: 0.0170, trian_mae: 0.1322, trian_mse:0.0340, trian_r2: -1436.4283, trian_cc: 0.0145
Epoch  8, val_loss: 0.0195, val_mae: 0.1477, val_mse: 0.0391, val_r2: -2144.2238, val_cc: -0.0060
Epoch  9, trian_loss: 0.0171, trian_mae: 0.1330, trian_mse:0.0343, trian_r2: -1619.4920, trian_cc: 0.0292
Epoch  9, val_loss: 0.0193, val_mae: 0.1425, val_mse: 0.0387, val_r2: -2546.9513, val_cc: 0.0358
Epoch 10, trian_loss: 0.0171, trian_mae: 0.1329, trian_mse:0.0342, trian_r2: -1441.5299, trian_cc: 0.0376
Epoch 10, val_loss: 0.0194, val_mae: 0.1424, val_mse: 0.0389, val_r2: -1478.6149, val_cc: 0.0297
Epoch 11, trian_loss: 0.0172, trian_mae: 0.1331, trian_mse:0.0345, trian_r2: -1147.1663, trian_cc: 0.0385
Epoch 11, val_loss: 0.0193, val_mae: 0.1425, val_mse: 0.0387, val_r2: -2079.3017, val_cc: 0.0355
Epoch 12, trian_loss: 0.0171, trian_mae: 0.1324, trian_mse:0.0342, trian_r2: -1488.6548, trian_cc: 0.0419
Epoch 12, val_loss: 0.0193, val_mae: 0.1416, val_mse: 0.0387, val_r2: -1910.8062, val_cc: 0.0438
Epoch 13, trian_loss: 0.0171, trian_mae: 0.1326, trian_mse:0.0342, trian_r2: -1614.8701, trian_cc: 0.0504
Epoch 13, val_loss: 0.0193, val_mae: 0.1407, val_mse: 0.0386, val_r2: -2033.5566, val_cc: 0.0489
Epoch 14, trian_loss: 0.0170, trian_mae: 0.1323, trian_mse:0.0341, trian_r2: -1808.7432, trian_cc: 0.0531
Epoch 14, val_loss: 0.0192, val_mae: 0.1411, val_mse: 0.0385, val_r2: -2976.9049, val_cc: 0.0434
Epoch 15, trian_loss: 0.0169, trian_mae: 0.1323, trian_mse:0.0339, trian_r2: -3161.7445, trian_cc: 0.0628
Epoch 15, val_loss: 0.0192, val_mae: 0.1401, val_mse: 0.0385, val_r2: -4829.7150, val_cc: 0.0676
Epoch 16, trian_loss: 0.0169, trian_mae: 0.1325, trian_mse:0.0339, trian_r2: -3256.5006, trian_cc: 0.0634
Epoch 16, val_loss: 0.0193, val_mae: 0.1399, val_mse: 0.0388, val_r2: -2571.6890, val_cc: 0.0632
Epoch 17, trian_loss: 0.0170, trian_mae: 0.1322, trian_mse:0.0340, trian_r2: -2329.7623, trian_cc: 0.0669
Epoch 17, val_loss: 0.0193, val_mae: 0.1398, val_mse: 0.0386, val_r2: -1990.3666, val_cc: 0.0648
Epoch 18, trian_loss: 0.0170, trian_mae: 0.1321, trian_mse:0.0341, trian_r2: -1708.2084, trian_cc: 0.0732
Epoch 18, val_loss: 0.0193, val_mae: 0.1402, val_mse: 0.0387, val_r2: -2306.7699, val_cc: 0.0724
Epoch 19, trian_loss: 0.0170, trian_mae: 0.1321, trian_mse:0.0340, trian_r2: -1633.0128, trian_cc: 0.0743
Epoch 19, val_loss: 0.0193, val_mae: 0.1402, val_mse: 0.0387, val_r2: -1426.2054, val_cc: 0.0707
Epoch 20, trian_loss: 0.0170, trian_mae: 0.1326, trian_mse:0.0341, trian_r2: -1280.5962, trian_cc: 0.0759
Epoch 20, val_loss: 0.0193, val_mae: 0.1400, val_mse: 0.0387, val_r2: -1471.3260, val_cc: 0.0747
Epoch 21, trian_loss: 0.0169, trian_mae: 0.1323, trian_mse:0.0339, trian_r2: -1326.4069, trian_cc: 0.0789
Epoch 21, val_loss: 0.0193, val_mae: 0.1398, val_mse: 0.0387, val_r2: -1609.1269, val_cc: 0.0765
Epoch 22, trian_loss: 0.0169, trian_mae: 0.1318, trian_mse:0.0339, trian_r2: -1543.6091, trian_cc: 0.0878
Epoch 22, val_loss: 0.0193, val_mae: 0.1400, val_mse: 0.0386, val_r2: -1640.0265, val_cc: 0.0816
Epoch 23, trian_loss: 0.0169, trian_mae: 0.1320, trian_mse:0.0339, trian_r2: -1629.7181, trian_cc: 0.0840
Epoch 23, val_loss: 0.0192, val_mae: 0.1399, val_mse: 0.0385, val_r2: -1813.0775, val_cc: 0.0830
Epoch 24, trian_loss: 0.0170, trian_mae: 0.1321, trian_mse:0.0340, trian_r2: -1816.5231, trian_cc: 0.0816
Epoch 24, val_loss: 0.0194, val_mae: 0.1398, val_mse: 0.0389, val_r2: -1807.7882, val_cc: 0.0800
Epoch 25, trian_loss: 0.0170, trian_mae: 0.1321, trian_mse:0.0340, trian_r2: -1273.6228, trian_cc: 0.0843
Epoch 25, val_loss: 0.0194, val_mae: 0.1397, val_mse: 0.0388, val_r2: -1771.6417, val_cc: 0.0806
Epoch 26, trian_loss: 0.0169, trian_mae: 0.1319, trian_mse:0.0339, trian_r2: -1109.4471, trian_cc: 0.0878
Epoch 26, val_loss: 0.0194, val_mae: 0.1401, val_mse: 0.0388, val_r2: -1326.2627, val_cc: 0.0859
Epoch 27, trian_loss: 0.0169, trian_mae: 0.1321, trian_mse:0.0339, trian_r2: -1117.9849, trian_cc: 0.0874
Epoch 27, val_loss: 0.0194, val_mae: 0.1395, val_mse: 0.0388, val_r2: -1545.7833, val_cc: 0.0880
Epoch 28, trian_loss: 0.0169, trian_mae: 0.1317, trian_mse:0.0339, trian_r2: -1136.7384, trian_cc: 0.0964
Epoch 28, val_loss: 0.0193, val_mae: 0.1398, val_mse: 0.0387, val_r2: -1553.2922, val_cc: 0.0895
Epoch 29, trian_loss: 0.0169, trian_mae: 0.1322, trian_mse:0.0338, trian_r2: -1114.7188, trian_cc: 0.0956
Epoch 29, val_loss: 0.0193, val_mae: 0.1395, val_mse: 0.0387, val_r2: -1807.3233, val_cc: 0.0843
Epoch 30, trian_loss: 0.0169, trian_mae: 0.1318, trian_mse:0.0338, trian_r2: -937.5912, trian_cc: 0.0979
Epoch 30, val_loss: 0.0193, val_mae: 0.1395, val_mse: 0.0387, val_r2: -1282.3996, val_cc: 0.0857
Epoch 31, trian_loss: 0.0169, trian_mae: 0.1317, trian_mse:0.0338, trian_r2: -908.6840, trian_cc: 0.1021
Epoch 31, val_loss: 0.0193, val_mae: 0.1399, val_mse: 0.0387, val_r2: -1055.2479, val_cc: 0.0833
Epoch 32, trian_loss: 0.0168, trian_mae: 0.1316, trian_mse:0.0337, trian_r2: -678.2756, trian_cc: 0.1038
Epoch 32, val_loss: 0.0192, val_mae: 0.1400, val_mse: 0.0385, val_r2: -1130.4279, val_cc: 0.0723
Epoch 33, trian_loss: 0.0168, trian_mae: 0.1316, trian_mse:0.0337, trian_r2: -472.9635, trian_cc: 0.1063
Epoch 33, val_loss: 0.0192, val_mae: 0.1395, val_mse: 0.0385, val_r2: -581.5048, val_cc: 0.0721
Epoch 34, trian_loss: 0.0167, trian_mae: 0.1313, trian_mse:0.0335, trian_r2: -312.1238, trian_cc: 0.1099
Epoch 34, val_loss: 0.0193, val_mae: 0.1397, val_mse: 0.0387, val_r2: -411.0412, val_cc: 0.0710
Epoch 35, trian_loss: 0.0166, trian_mae: 0.1308, trian_mse:0.0333, trian_r2: -292.9967, trian_cc: 0.1109
Epoch 35, val_loss: 0.0192, val_mae: 0.1393, val_mse: 0.0385, val_r2: -400.9007, val_cc: 0.0768
Epoch 36, trian_loss: 0.0164, trian_mae: 0.1298, trian_mse:0.0329, trian_r2: -219.7470, trian_cc: 0.1138
Epoch 36, val_loss: 0.0191, val_mae: 0.1393, val_mse: 0.0384, val_r2: -274.2317, val_cc: 0.0706
Epoch 37, trian_loss: 0.0165, trian_mae: 0.1298, trian_mse:0.0330, trian_r2: -138.9436, trian_cc: 0.1155
Epoch 37, val_loss: 0.0192, val_mae: 0.1397, val_mse: 0.0384, val_r2: -154.2843, val_cc: 0.0665
Epoch 38, trian_loss: 0.0163, trian_mae: 0.1294, trian_mse:0.0325, trian_r2: -113.1420, trian_cc: 0.1167
Epoch 38, val_loss: 0.0191, val_mae: 0.1404, val_mse: 0.0382, val_r2: -186.0146, val_cc: 0.0621
Epoch 39, trian_loss: 0.0159, trian_mae: 0.1280, trian_mse:0.0318, trian_r2: -83.1423, trian_cc: 0.1166
Epoch 39, val_loss: 0.0190, val_mae: 0.1422, val_mse: 0.0381, val_r2: -140.8223, val_cc: 0.0482
Epoch 40, trian_loss: 0.0158, trian_mae: 0.1282, trian_mse:0.0317, trian_r2: -82.7467, trian_cc: 0.1214
Epoch 40, val_loss: 0.0190, val_mae: 0.1417, val_mse: 0.0381, val_r2: -138.0302, val_cc: 0.0479
Epoch 41, trian_loss: 0.0156, trian_mae: 0.1275, trian_mse:0.0312, trian_r2: -60.9780, trian_cc: 0.1196
Epoch 41, val_loss: 0.0196, val_mae: 0.1462, val_mse: 0.0393, val_r2: -55.8038, val_cc: 0.0375
Epoch 42, trian_loss: 0.0151, trian_mae: 0.1262, trian_mse:0.0302, trian_r2: -56.2352, trian_cc: 0.1223
Epoch 42, val_loss: 0.0204, val_mae: 0.1502, val_mse: 0.0409, val_r2: -27.7509, val_cc: 0.0365
Epoch 43, trian_loss: 0.0149, trian_mae: 0.1252, trian_mse:0.0298, trian_r2: -41.7643, trian_cc: 0.1265
Epoch 43, val_loss: 0.0204, val_mae: 0.1501, val_mse: 0.0409, val_r2: -28.8636, val_cc: 0.0401
Epoch 44, trian_loss: 0.0141, trian_mae: 0.1234, trian_mse:0.0282, trian_r2: -47.5768, trian_cc: 0.1396
Epoch 44, val_loss: 0.0208, val_mae: 0.1502, val_mse: 0.0417, val_r2: -30.7184, val_cc: 0.0442
Epoch 45, trian_loss: 0.0136, trian_mae: 0.1220, trian_mse:0.0273, trian_r2: -46.0694, trian_cc: 0.1457
Epoch 45, val_loss: 0.0207, val_mae: 0.1481, val_mse: 0.0414, val_r2: -35.1517, val_cc: 0.0472
Epoch 46, trian_loss: 0.0139, trian_mae: 0.1223, trian_mse:0.0278, trian_r2: -47.1719, trian_cc: 0.1500
Epoch 46, val_loss: 0.0219, val_mae: 0.1590, val_mse: 0.0438, val_r2: -13.2010, val_cc: 0.0330
Epoch 47, trian_loss: 0.0136, trian_mae: 0.1213, trian_mse:0.0272, trian_r2: -45.4403, trian_cc: 0.1507
Epoch 47, val_loss: 0.0201, val_mae: 0.1457, val_mse: 0.0402, val_r2: -26.5385, val_cc: 0.0492
Epoch 48, trian_loss: 0.0135, trian_mae: 0.1208, trian_mse:0.0269, trian_r2: -76.8638, trian_cc: 0.1548
Epoch 48, val_loss: 0.0200, val_mae: 0.1482, val_mse: 0.0401, val_r2: -41.0310, val_cc: 0.0509
Epoch 49, trian_loss: 0.0149, trian_mae: 0.1257, trian_mse:0.0298, trian_r2: -185.2733, trian_cc: 0.1453
Epoch 49, val_loss: 0.0204, val_mae: 0.1479, val_mse: 0.0409, val_r2: -26.7614, val_cc: 0.0495
Epoch 50, trian_loss: 0.0133, trian_mae: 0.1207, trian_mse:0.0267, trian_r2: -39.7010, trian_cc: 0.1613
Epoch 50, val_loss: 0.0199, val_mae: 0.1398, val_mse: 0.0399, val_r2: -62.7285, val_cc: 0.0687
Epoch 51, trian_loss: 0.0129, trian_mae: 0.1188, trian_mse:0.0257, trian_r2: -26.3710, trian_cc: 0.1669
Epoch 51, val_loss: 0.0203, val_mae: 0.1468, val_mse: 0.0406, val_r2: -26.1786, val_cc: 0.0486
Epoch 52, trian_loss: 0.0127, trian_mae: 0.1183, trian_mse:0.0254, trian_r2: -36.2195, trian_cc: 0.1701
Epoch 52, val_loss: 0.0214, val_mae: 0.1525, val_mse: 0.0428, val_r2: -17.1438, val_cc: 0.0435
Epoch 53, trian_loss: 0.0127, trian_mae: 0.1178, trian_mse:0.0255, trian_r2: -26.4153, trian_cc: 0.1756
Epoch 53, val_loss: 0.0198, val_mae: 0.1396, val_mse: 0.0397, val_r2: -76.0953, val_cc: 0.0698
Epoch 54, trian_loss: 0.0127, trian_mae: 0.1179, trian_mse:0.0254, trian_r2: -29.7542, trian_cc: 0.1794
Epoch 54, val_loss: 0.0262, val_mae: 0.1784, val_mse: 0.0524, val_r2: -8.8269, val_cc: 0.0264
Epoch 55, trian_loss: 0.0129, trian_mae: 0.1179, trian_mse:0.0259, trian_r2: -56.5467, trian_cc: 0.1818
Epoch 55, val_loss: 0.0190, val_mae: 0.1418, val_mse: 0.0382, val_r2: -57.5737, val_cc: 0.0592
Epoch 56, trian_loss: 0.0122, trian_mae: 0.1154, trian_mse:0.0245, trian_r2: -24.1018, trian_cc: 0.1908
Epoch 56, val_loss: 0.0195, val_mae: 0.1405, val_mse: 0.0391, val_r2: -69.1391, val_cc: 0.0691
Epoch 57, trian_loss: 0.0123, trian_mae: 0.1165, trian_mse:0.0246, trian_r2: -24.5194, trian_cc: 0.1969
Epoch 57, val_loss: 0.0197, val_mae: 0.1428, val_mse: 0.0395, val_r2: -33.6746, val_cc: 0.0594
Epoch 58, trian_loss: 0.0121, trian_mae: 0.1157, trian_mse:0.0242, trian_r2: -36.5993, trian_cc: 0.2010
Epoch 58, val_loss: 0.0204, val_mae: 0.1433, val_mse: 0.0408, val_r2: -35.1001, val_cc: 0.0612
Epoch 59, trian_loss: 0.0121, trian_mae: 0.1154, trian_mse:0.0243, trian_r2: -28.5718, trian_cc: 0.2026
Epoch 59, val_loss: 0.0198, val_mae: 0.1381, val_mse: 0.0396, val_r2: -90.0466, val_cc: 0.0735
Epoch 60, trian_loss: 0.0117, trian_mae: 0.1135, trian_mse:0.0233, trian_r2: -19.3355, trian_cc: 0.2107
Epoch 60, val_loss: 0.0203, val_mae: 0.1386, val_mse: 0.0408, val_r2: -86.4629, val_cc: 0.0769
Epoch 61, trian_loss: 0.0121, trian_mae: 0.1153, trian_mse:0.0241, trian_r2: -41.9169, trian_cc: 0.2109
Epoch 61, val_loss: 0.0216, val_mae: 0.1569, val_mse: 0.0434, val_r2: -15.5841, val_cc: 0.0342
Epoch 62, trian_loss: 0.0112, trian_mae: 0.1117, trian_mse:0.0223, trian_r2: -16.8213, trian_cc: 0.2283
Epoch 62, val_loss: 0.0198, val_mae: 0.1389, val_mse: 0.0397, val_r2: -87.2095, val_cc: 0.0650
Epoch 63, trian_loss: 0.0115, trian_mae: 0.1131, trian_mse:0.0230, trian_r2: -24.6152, trian_cc: 0.2252
Epoch 63, val_loss: 0.0203, val_mae: 0.1452, val_mse: 0.0407, val_r2: -20.4499, val_cc: 0.0437
Epoch 64, trian_loss: 0.0115, trian_mae: 0.1122, trian_mse:0.0230, trian_r2: -20.8062, trian_cc: 0.2340
Epoch 64, val_loss: 0.0201, val_mae: 0.1410, val_mse: 0.0404, val_r2: -37.1865, val_cc: 0.0579
Epoch 65, trian_loss: 0.0107, trian_mae: 0.1097, trian_mse:0.0213, trian_r2: -17.8282, trian_cc: 0.2446
Epoch 65, val_loss: 0.0207, val_mae: 0.1383, val_mse: 0.0414, val_r2: -143.1196, val_cc: 0.0831
Epoch 66, trian_loss: 0.0114, trian_mae: 0.1121, trian_mse:0.0228, trian_r2: -20.8985, trian_cc: 0.2442
Epoch 66, val_loss: 0.0204, val_mae: 0.1473, val_mse: 0.0409, val_r2: -17.0704, val_cc: 0.0428
Epoch 67, trian_loss: 0.0111, trian_mae: 0.1113, trian_mse:0.0222, trian_r2: -22.8756, trian_cc: 0.2496
Epoch 67, val_loss: 0.0194, val_mae: 0.1394, val_mse: 0.0389, val_r2: -75.2791, val_cc: 0.0660
Epoch 68, trian_loss: 0.0112, trian_mae: 0.1112, trian_mse:0.0223, trian_r2: -20.2497, trian_cc: 0.2566
Epoch 68, val_loss: 0.0206, val_mae: 0.1396, val_mse: 0.0413, val_r2: -52.4502, val_cc: 0.0761
Epoch 69, trian_loss: 0.0110, trian_mae: 0.1094, trian_mse:0.0221, trian_r2: -16.5149, trian_cc: 0.2647
Epoch 69, val_loss: 0.0199, val_mae: 0.1404, val_mse: 0.0399, val_r2: -42.7967, val_cc: 0.0607
Epoch 70, trian_loss: 0.0104, trian_mae: 0.1078, trian_mse:0.0208, trian_r2: -17.2018, trian_cc: 0.2787
Epoch 70, val_loss: 0.0214, val_mae: 0.1399, val_mse: 0.0429, val_r2: -206.9237, val_cc: 0.0925
Epoch 71, trian_loss: 0.0102, trian_mae: 0.1069, trian_mse:0.0204, trian_r2: -18.1819, trian_cc: 0.2797
Epoch 71, val_loss: 0.0200, val_mae: 0.1389, val_mse: 0.0401, val_r2: -67.5868, val_cc: 0.0637
Epoch 72, trian_loss: 0.0104, trian_mae: 0.1075, trian_mse:0.0208, trian_r2: -14.4070, trian_cc: 0.2853
Epoch 72, val_loss: 0.0250, val_mae: 0.1748, val_mse: 0.0501, val_r2: -7.9537, val_cc: 0.0193
Epoch 73, trian_loss: 0.0104, trian_mae: 0.1081, trian_mse:0.0208, trian_r2: -20.3324, trian_cc: 0.2845
Epoch 73, val_loss: 0.0208, val_mae: 0.1471, val_mse: 0.0418, val_r2: -17.0193, val_cc: 0.0453
Epoch 74, trian_loss: 0.0101, trian_mae: 0.1064, trian_mse:0.0201, trian_r2: -13.5668, trian_cc: 0.2917
Epoch 74, val_loss: 0.0212, val_mae: 0.1471, val_mse: 0.0424, val_r2: -17.6242, val_cc: 0.0476
Epoch 75, trian_loss: 0.0101, trian_mae: 0.1065, trian_mse:0.0202, trian_r2: -15.1163, trian_cc: 0.3027
Epoch 75, val_loss: 0.0197, val_mae: 0.1431, val_mse: 0.0395, val_r2: -32.4381, val_cc: 0.0517
Epoch 76, trian_loss: 0.0102, trian_mae: 0.1066, trian_mse:0.0203, trian_r2: -15.8543, trian_cc: 0.3059
Epoch 76, val_loss: 0.0213, val_mae: 0.1410, val_mse: 0.0427, val_r2: -55.3999, val_cc: 0.0692
Epoch 77, trian_loss: 0.0096, trian_mae: 0.1039, trian_mse:0.0193, trian_r2: -11.6587, trian_cc: 0.3199
Epoch 77, val_loss: 0.0209, val_mae: 0.1401, val_mse: 0.0420, val_r2: -74.2948, val_cc: 0.0690
Epoch 78, trian_loss: 0.0096, trian_mae: 0.1042, trian_mse:0.0193, trian_r2: -15.5947, trian_cc: 0.3247
Epoch 78, val_loss: 0.0214, val_mae: 0.1508, val_mse: 0.0428, val_r2: -13.7989, val_cc: 0.0391
Epoch 79, trian_loss: 0.0095, trian_mae: 0.1040, trian_mse:0.0191, trian_r2: -11.7255, trian_cc: 0.3289
Epoch 79, val_loss: 0.0208, val_mae: 0.1426, val_mse: 0.0418, val_r2: -27.4910, val_cc: 0.0540
Epoch 80, trian_loss: 0.0098, trian_mae: 0.1041, trian_mse:0.0197, trian_r2: -11.5353, trian_cc: 0.3388
Epoch 80, val_loss: 0.0207, val_mae: 0.1457, val_mse: 0.0414, val_r2: -16.3393, val_cc: 0.0458
Epoch 81, trian_loss: 0.0089, trian_mae: 0.1004, trian_mse:0.0178, trian_r2: -9.9532, trian_cc: 0.3550
Epoch 81, val_loss: 0.0214, val_mae: 0.1404, val_mse: 0.0430, val_r2: -121.7646, val_cc: 0.0772
Epoch 82, trian_loss: 0.0091, trian_mae: 0.1013, trian_mse:0.0182, trian_r2: -11.7731, trian_cc: 0.3546
Epoch 82, val_loss: 0.0227, val_mae: 0.1608, val_mse: 0.0455, val_r2: -8.6244, val_cc: 0.0277
Epoch 83, trian_loss: 0.0088, trian_mae: 0.1004, trian_mse:0.0176, trian_r2: -10.5633, trian_cc: 0.3605
Epoch 83, val_loss: 0.0223, val_mae: 0.1425, val_mse: 0.0447, val_r2: -76.7309, val_cc: 0.0720
Epoch 84, trian_loss: 0.0092, trian_mae: 0.1022, trian_mse:0.0184, trian_r2: -11.8476, trian_cc: 0.3608
Epoch 84, val_loss: 0.0235, val_mae: 0.1575, val_mse: 0.0470, val_r2: -8.1944, val_cc: 0.0251
Epoch 85, trian_loss: 0.0094, trian_mae: 0.1028, trian_mse:0.0188, trian_r2: -13.0235, trian_cc: 0.3679
Epoch 85, val_loss: 0.0205, val_mae: 0.1423, val_mse: 0.0412, val_r2: -26.8332, val_cc: 0.0574
Epoch 86, trian_loss: 0.0087, trian_mae: 0.0995, trian_mse:0.0173, trian_r2: -9.5479, trian_cc: 0.3816
Epoch 86, val_loss: 0.0213, val_mae: 0.1421, val_mse: 0.0427, val_r2: -32.9065, val_cc: 0.0594
Epoch 87, trian_loss: 0.0087, trian_mae: 0.0999, trian_mse:0.0175, trian_r2: -10.3656, trian_cc: 0.3845
Epoch 87, val_loss: 0.0206, val_mae: 0.1404, val_mse: 0.0413, val_r2: -42.8871, val_cc: 0.0609
Epoch 88, trian_loss: 0.0091, trian_mae: 0.1010, trian_mse:0.0181, trian_r2: -10.5223, trian_cc: 0.3835
Epoch 88, val_loss: 0.0224, val_mae: 0.1551, val_mse: 0.0449, val_r2: -7.4426, val_cc: 0.0350
Epoch 89, trian_loss: 0.0084, trian_mae: 0.0982, trian_mse:0.0168, trian_r2: -9.3118, trian_cc: 0.3998
Epoch 89, val_loss: 0.0215, val_mae: 0.1427, val_mse: 0.0432, val_r2: -39.0341, val_cc: 0.0580
Epoch 90, trian_loss: 0.0085, trian_mae: 0.0983, trian_mse:0.0170, trian_r2: -9.1866, trian_cc: 0.3950
Epoch 90, val_loss: 0.0209, val_mae: 0.1415, val_mse: 0.0418, val_r2: -28.7107, val_cc: 0.0566
Epoch 91, trian_loss: 0.0084, trian_mae: 0.0978, trian_mse:0.0168, trian_r2: -7.3995, trian_cc: 0.4087
Epoch 91, val_loss: 0.0243, val_mae: 0.1686, val_mse: 0.0486, val_r2: -8.1496, val_cc: 0.0304
Epoch 92, trian_loss: 0.0079, trian_mae: 0.0955, trian_mse:0.0158, trian_r2: -7.7452, trian_cc: 0.4218
Epoch 92, val_loss: 0.0208, val_mae: 0.1466, val_mse: 0.0417, val_r2: -16.1501, val_cc: 0.0393
Epoch 93, trian_loss: 0.0081, trian_mae: 0.0970, trian_mse:0.0161, trian_r2: -8.4183, trian_cc: 0.4152
Epoch 93, val_loss: 0.0222, val_mae: 0.1471, val_mse: 0.0446, val_r2: -16.7573, val_cc: 0.0463
Epoch 94, trian_loss: 0.0080, trian_mae: 0.0964, trian_mse:0.0160, trian_r2: -8.5332, trian_cc: 0.4198
Epoch 94, val_loss: 0.0206, val_mae: 0.1445, val_mse: 0.0413, val_r2: -18.6689, val_cc: 0.0389
Epoch 95, trian_loss: 0.0085, trian_mae: 0.0982, trian_mse:0.0169, trian_r2: -9.6240, trian_cc: 0.4181
Epoch 95, val_loss: 0.0211, val_mae: 0.1458, val_mse: 0.0423, val_r2: -15.0021, val_cc: 0.0423
Epoch 96, trian_loss: 0.0078, trian_mae: 0.0944, trian_mse:0.0156, trian_r2: -7.4864, trian_cc: 0.4411
Epoch 96, val_loss: 0.0219, val_mae: 0.1416, val_mse: 0.0439, val_r2: -113.4491, val_cc: 0.0837
Epoch 97, trian_loss: 0.0076, trian_mae: 0.0942, trian_mse:0.0151, trian_r2: -7.0488, trian_cc: 0.4459
Epoch 97, val_loss: 0.0215, val_mae: 0.1491, val_mse: 0.0430, val_r2: -10.7314, val_cc: 0.0433
Epoch 98, trian_loss: 0.0078, trian_mae: 0.0949, trian_mse:0.0157, trian_r2: -6.9859, trian_cc: 0.4500
Epoch 98, val_loss: 0.0217, val_mae: 0.1492, val_mse: 0.0435, val_r2: -13.6118, val_cc: 0.0416
Epoch 99, trian_loss: 0.0073, trian_mae: 0.0920, trian_mse:0.0145, trian_r2: -6.3800, trian_cc: 0.4615
Epoch 99, val_loss: 0.0217, val_mae: 0.1468, val_mse: 0.0434, val_r2: -12.3644, val_cc: 0.0431
